<?xml version="1.0" encoding="UTF-8"?>
<testsuites name="Testing SpotLove" time="694.83" tests="29" failures="4" errors="0">
   <testsuite name="Testing SpotLove" tests="29" failures="4" errors="0" time="694.83" skipped="0" timestamp="2022-04-19 16:25:46" hostname="Dev - DESKTOP-3CP89AN" id="Test Suites/Testing SpotLove">
      <properties>
         <property name="deviceName" value="samsung SM-A025F (Android 11)"/>
         <property name="devicePlatform" value=""/>
         <property name="logFolder" value="C:\\Users\\Dev\\Katalon Studio\\SpotLove_Stagging\\Reports\\20220419_162533\\Testing SpotLove\\20220419_162533"/>
         <property name="logFiles" value="C:\\Users\\Dev\\Katalon Studio\\SpotLove_Stagging\\Reports\\20220419_162533\\Testing SpotLove\\20220419_162533\\appium.log, C:\\Users\\Dev\\Katalon Studio\\SpotLove_Stagging\\Reports\\20220419_162533\\Testing SpotLove\\20220419_162533\\execution0.log"/>
         <property name="attachments" value="C:\\Users\\Dev\\Katalon Studio\\SpotLove_Stagging\\Reports\\20220419_162533\\Testing SpotLove\\20220419_162533\\1650367764654.png, C:\\Users\\Dev\\Katalon Studio\\SpotLove_Stagging\\Reports\\20220419_162533\\Testing SpotLove\\20220419_162533\\1650367795841.png, C:\\Users\\Dev\\Katalon Studio\\SpotLove_Stagging\\Reports\\20220419_162533\\Testing SpotLove\\20220419_162533\\1650367826812.png, C:\\Users\\Dev\\Katalon Studio\\SpotLove_Stagging\\Reports\\20220419_162533\\Testing SpotLove\\20220419_162533\\1650367857957.png, C:\\Users\\Dev\\Katalon Studio\\SpotLove_Stagging\\Reports\\20220419_162533\\Testing SpotLove\\20220419_162533\\1650367934464.png, C:\\Users\\Dev\\Katalon Studio\\SpotLove_Stagging\\Reports\\20220419_162533\\Testing SpotLove\\20220419_162533\\1650367935286.png, C:\\Users\\Dev\\Katalon Studio\\SpotLove_Stagging\\Reports\\20220419_162533\\Testing SpotLove\\20220419_162533\\1650367943326.png, C:\\Users\\Dev\\Katalon Studio\\SpotLove_Stagging\\Reports\\20220419_162533\\Testing SpotLove\\20220419_162533\\1650367944079.png, C:\\Users\\Dev\\Katalon Studio\\SpotLove_Stagging\\Reports\\20220419_162533\\Testing SpotLove\\20220419_162533\\1650367962013.png, C:\\Users\\Dev\\Katalon Studio\\SpotLove_Stagging\\Reports\\20220419_162533\\Testing SpotLove\\20220419_162533\\1650367962814.png, C:\\Users\\Dev\\Katalon Studio\\SpotLove_Stagging\\Reports\\20220419_162533\\Testing SpotLove\\20220419_162533\\1650367970208.png, C:\\Users\\Dev\\Katalon Studio\\SpotLove_Stagging\\Reports\\20220419_162533\\Testing SpotLove\\20220419_162533\\1650367971009.png, C:\\Users\\Dev\\Katalon Studio\\SpotLove_Stagging\\Reports\\20220419_162533\\Testing SpotLove\\20220419_162533\\1650367988447.png, C:\\Users\\Dev\\Katalon Studio\\SpotLove_Stagging\\Reports\\20220419_162533\\Testing SpotLove\\20220419_162533\\1650367989266.png, C:\\Users\\Dev\\Katalon Studio\\SpotLove_Stagging\\Reports\\20220419_162533\\Testing SpotLove\\20220419_162533\\1650367996950.png, C:\\Users\\Dev\\Katalon Studio\\SpotLove_Stagging\\Reports\\20220419_162533\\Testing SpotLove\\20220419_162533\\1650367997735.png, C:\\Users\\Dev\\Katalon Studio\\SpotLove_Stagging\\Reports\\20220419_162533\\Testing SpotLove\\20220419_162533\\1650368000806.png, C:\\Users\\Dev\\Katalon Studio\\SpotLove_Stagging\\Reports\\20220419_162533\\Testing SpotLove\\20220419_162533\\1650368019402.png, C:\\Users\\Dev\\Katalon Studio\\SpotLove_Stagging\\Reports\\20220419_162533\\Testing SpotLove\\20220419_162533\\1650368020221.png, C:\\Users\\Dev\\Katalon Studio\\SpotLove_Stagging\\Reports\\20220419_162533\\Testing SpotLove\\20220419_162533\\1650368211652.png, C:\\Users\\Dev\\Katalon Studio\\SpotLove_Stagging\\Reports\\20220419_162533\\Testing SpotLove\\20220419_162533\\1650368212540.png, C:\\Users\\Dev\\Katalon Studio\\SpotLove_Stagging\\Reports\\20220419_162533\\Testing SpotLove\\20220419_162533\\1650368220459.png, C:\\Users\\Dev\\Katalon Studio\\SpotLove_Stagging\\Reports\\20220419_162533\\Testing SpotLove\\20220419_162533\\1650368221274.png, C:\\Users\\Dev\\Katalon Studio\\SpotLove_Stagging\\Reports\\20220419_162533\\Testing SpotLove\\20220419_162533\\1650368223934.png, C:\\Users\\Dev\\Katalon Studio\\SpotLove_Stagging\\Reports\\20220419_162533\\Testing SpotLove\\20220419_162533\\1650368225359.png"/>
         <property name="hostName" value="Dev - DESKTOP-3CP89AN"/>
         <property name="os" value="Windows 10 64bit"/>
         <property name="appiumServerStatus" value="{&quot;value&quot;:{&quot;build&quot;:{&quot;version&quot;:&quot;1.22.3&quot;}},&quot;sessionId&quot;:null,&quot;status&quot;:0}"/>
         <property name="katalonVersion" value="8.2.5.208"/>
         <property name="deviceOS" value="Android"/>
         <property name="appiumVersion" value="1.22.3"/>
         <property name="deviceModel" value="SM-A025F"/>
         <property name="hostAddress" value="192.168.88.65"/>
         <property name="deviceManufacturer" value="samsung"/>
         <property name="deviceId" value="R9JNC0DKDXJ"/>
         <property name="deviceName" value="samsung SM-A025F (Android 11)"/>
         <property name="deviceOSVersion" value="11"/>
      </properties>
      <testcase name="Test Cases/testing/Use Phone Number screen" time="28.887" classname="Test Cases/testing/Use Phone Number screen" status="PASSED">
         <system-out><![CDATA[2022-04-19 16:25:46 - [TEST_CASE][PASSED] - Test Cases/testing/Use Phone Number screen: Test Cases/testing/Use Phone Number screen

2022-04-19 16:25:47 - [TEST_STEP][PASSED] - startExistingApplication("com.spotlove.releaseproduction", STOP_ON_FAILURE): Starting app with application ID: 'com.spotlove.releaseproduction'

2022-04-19 16:25:49 - [MESSAGE][INFO] - Appium server started on port 65,426

2022-04-19 16:26:04 - [MESSAGE][PASSED] - Starting app with application ID: 'com.spotlove.releaseproduction'

2022-04-19 16:26:04 - [TEST_STEP][PASSED] - checkElement(findTestObject("Use Phone Number Screen/SPOT"), 2): Element 'Object Repository/Use Phone Number Screen/SPOT' is checked

2022-04-19 16:26:12 - [MESSAGE][PASSED] - Element 'Object Repository/Use Phone Number Screen/SPOT' is checked

2022-04-19 16:26:12 - [TEST_STEP][PASSED] - checkElement(findTestObject("Use Phone Number Screen/heart icon"), 2): Element 'Object Repository/Use Phone Number Screen/heart icon' is checked

2022-04-19 16:26:12 - [MESSAGE][PASSED] - Element 'Object Repository/Use Phone Number Screen/heart icon' is checked

2022-04-19 16:26:12 - [TEST_STEP][PASSED] - checkElement(findTestObject("Use Phone Number Screen/LOVE label text"), 2): Element 'Object Repository/Use Phone Number Screen/LOVE label text' is checked

2022-04-19 16:26:13 - [MESSAGE][PASSED] - Element 'Object Repository/Use Phone Number Screen/LOVE label text' is checked

2022-04-19 16:26:13 - [TEST_STEP][PASSED] - checkElement(findTestObject("Use Phone Number Screen/AT FIRST SIGHT label text"), 2): Element 'Object Repository/Use Phone Number Screen/AT FIRST SIGHT label text' is checked

2022-04-19 16:26:13 - [MESSAGE][PASSED] - Element 'Object Repository/Use Phone Number Screen/AT FIRST SIGHT label text' is checked

2022-04-19 16:26:13 - [TEST_STEP][PASSED] - checkElement(findTestObject("Use Phone Number Screen/Privacy Policy label text"), 2): Element 'Object Repository/Use Phone Number Screen/Privacy Policy label text' is checked

2022-04-19 16:26:14 - [MESSAGE][PASSED] - Element 'Object Repository/Use Phone Number Screen/Privacy Policy label text' is checked

2022-04-19 16:26:14 - [TEST_STEP][PASSED] - checkElement(findTestObject("Use Phone Number Screen/MATCHMAKERS label text"), 2): Element 'Object Repository/Use Phone Number Screen/MATCHMAKERS label text' is checked

2022-04-19 16:26:14 - [MESSAGE][PASSED] - Element 'Object Repository/Use Phone Number Screen/MATCHMAKERS label text' is checked

2022-04-19 16:26:14 - [TEST_STEP][PASSED] - tap(findTestObject("Use Phone Number Screen/usePhoneNUmber"), 2): Tapped on element 'Object Repository/Use Phone Number Screen/usePhoneNUmber'

2022-04-19 16:26:15 - [MESSAGE][PASSED] - Tapped on element 'Object Repository/Use Phone Number Screen/usePhoneNUmber']]></system-out>
         <system-err><![CDATA[]]></system-err>
      </testcase>
      <testcase name="Test Cases/testing/Whats Your phone number" time="10.692" classname="Test Cases/testing/Whats Your phone number" status="PASSED">
         <system-out><![CDATA[2022-04-19 16:26:15 - [TEST_CASE][PASSED] - Test Cases/testing/Whats Your phone number: Test Cases/testing/Whats Your phone number

2022-04-19 16:26:16 - [TEST_STEP][PASSED] - checkElement(findTestObject("Whats Your Phone Number/YOUR DEETS label text"), 2): Element 'Object Repository/Whats Your Phone Number/YOUR DEETS label text' is checked

2022-04-19 16:26:17 - [MESSAGE][PASSED] - Element 'Object Repository/Whats Your Phone Number/YOUR DEETS label text' is checked

2022-04-19 16:26:17 - [TEST_STEP][PASSED] - checkElement(findTestObject("Whats Your Phone Number/Whats your  phone number label text"), 2): Element 'Object Repository/Whats Your Phone Number/Whats your  phone number label text' is checked

2022-04-19 16:26:17 - [MESSAGE][PASSED] - Element 'Object Repository/Whats Your Phone Number/Whats your  phone number label text' is checked

2022-04-19 16:26:17 - [TEST_STEP][PASSED] - checkElement(findTestObject("Whats Your Phone Number/We protect label text"), 2): Element 'Object Repository/Whats Your Phone Number/We protect label text' is checked

2022-04-19 16:26:18 - [MESSAGE][PASSED] - Element 'Object Repository/Whats Your Phone Number/We protect label text' is checked

2022-04-19 16:26:18 - [TEST_STEP][PASSED] - checkElement(findTestObject("Whats Your Phone Number/flag"), 2): Element 'Object Repository/Whats Your Phone Number/flag' is checked

2022-04-19 16:26:18 - [MESSAGE][PASSED] - Element 'Object Repository/Whats Your Phone Number/flag' is checked

2022-04-19 16:26:18 - [TEST_STEP][PASSED] - setText(findTestObject("Whats Your Phone Number/Enter country name"), "US", 2): Text 'US' has been set to element 'Object Repository/Whats Your Phone Number/Enter country name'

2022-04-19 16:26:21 - [MESSAGE][PASSED] - Text 'US' has been set to element 'Object Repository/Whats Your Phone Number/Enter country name'

2022-04-19 16:26:21 - [TEST_STEP][PASSED] - tap(findTestObject("Whats Your Phone Number/Selected Country"), 2): Tapped on element 'Object Repository/Whats Your Phone Number/Selected Country'

2022-04-19 16:26:22 - [MESSAGE][PASSED] - Tapped on element 'Object Repository/Whats Your Phone Number/Selected Country'

2022-04-19 16:26:22 - [TEST_STEP][PASSED] - setText(findTestObject("Whats Your Phone Number/Enter Phone Number"), "5074796534", 2): Text '5074796534' has been set to element 'Object Repository/Whats Your Phone Number/Enter Phone Number'

2022-04-19 16:26:24 - [MESSAGE][PASSED] - Text '5074796534' has been set to element 'Object Repository/Whats Your Phone Number/Enter Phone Number'

2022-04-19 16:26:24 - [TEST_STEP][PASSED] - checkElement(findTestObject("Whats Your Phone Number/We never share label text"), 2): Element 'Object Repository/Whats Your Phone Number/We never share label text' is checked

2022-04-19 16:26:25 - [MESSAGE][PASSED] - Element 'Object Repository/Whats Your Phone Number/We never share label text' is checked

2022-04-19 16:26:25 - [TEST_STEP][PASSED] - checkElement(findTestObject("Whats Your Phone Number/black lock icon"), 2): Element 'Object Repository/Whats Your Phone Number/black lock icon' is checked

2022-04-19 16:26:25 - [MESSAGE][PASSED] - Element 'Object Repository/Whats Your Phone Number/black lock icon' is checked

2022-04-19 16:26:25 - [TEST_STEP][PASSED] - tap(findTestObject("Whats Your Phone Number/Whats your phone forward (button)"), 2): Tapped on element 'Object Repository/Whats Your Phone Number/Whats your phone forward (button)'

2022-04-19 16:26:26 - [MESSAGE][PASSED] - Tapped on element 'Object Repository/Whats Your Phone Number/Whats your phone forward (button)']]></system-out>
         <system-err><![CDATA[]]></system-err>
      </testcase>
      <testcase name="Test Cases/testing/Verify phone Number" time="27.348" classname="Test Cases/testing/Verify phone Number" status="PASSED">
         <system-out><![CDATA[2022-04-19 16:26:26 - [TEST_CASE][PASSED] - Test Cases/testing/Verify phone Number: Test Cases/testing/Verify phone Number

2022-04-19 16:26:26 - [TEST_STEP][PASSED] - checkElement(findTestObject("Verify Your Number/YOUR DEETS label text"), 2): Element 'Object Repository/Verify Your Number/YOUR DEETS label text' is checked

2022-04-19 16:26:27 - [MESSAGE][PASSED] - Element 'Object Repository/Verify Your Number/YOUR DEETS label text' is checked

2022-04-19 16:26:27 - [TEST_STEP][PASSED] - checkElement(findTestObject("Verify Your Number/Verify your number label text"), 60): Element 'Object Repository/Verify Your Number/Verify your number label text' is checked

2022-04-19 16:26:53 - [MESSAGE][PASSED] - Element 'Object Repository/Verify Your Number/Verify your number label text' is checked]]></system-out>
         <system-err><![CDATA[]]></system-err>
      </testcase>
      <testcase name="Test Cases/testing/Create spotLove account" time="24.051" classname="Test Cases/testing/Create spotLove account" status="PASSED">
         <system-out><![CDATA[2022-04-19 16:26:53 - [TEST_CASE][PASSED] - Test Cases/testing/Create spotLove account: Test Cases/testing/Create spotLove account

2022-04-19 16:26:54 - [TEST_STEP][PASSED] - checkElement(findTestObject("Account Creation/Youre verified"), 30): Element 'Object Repository/Account Creation/Youre verified' is checked

2022-04-19 16:27:17 - [MESSAGE][PASSED] - Element 'Object Repository/Account Creation/Youre verified' is checked

2022-04-19 16:27:17 - [TEST_STEP][PASSED] - checkElement(findTestObject("Account Creation/create spot lve acc"), 2): Element 'Object Repository/Account Creation/create spot lve acc' is checked

2022-04-19 16:27:17 - [MESSAGE][PASSED] - Element 'Object Repository/Account Creation/create spot lve acc' is checked]]></system-out>
         <system-err><![CDATA[]]></system-err>
      </testcase>
      <testcase name="Test Cases/testing/Email verification" time="4.42" classname="Test Cases/testing/Email verification" status="PASSED">
         <system-out><![CDATA[2022-04-19 16:27:17 - [TEST_CASE][PASSED] - Test Cases/testing/Email verification: Test Cases/testing/Email verification

2022-04-19 16:27:18 - [TEST_STEP][PASSED] - checkElement(findTestObject("Whats Your Email Screen/YOUR DEETS label text"), 5): Element 'Object Repository/Whats Your Email Screen/YOUR DEETS label text' is checked

2022-04-19 16:27:19 - [MESSAGE][PASSED] - Element 'Object Repository/Whats Your Email Screen/YOUR DEETS label text' is checked

2022-04-19 16:27:19 - [TEST_STEP][PASSED] - checkElement(findTestObject("Whats Your Email Screen/Whats your email address label text"), 5): Element 'Object Repository/Whats Your Email Screen/Whats your email address label text' is checked

2022-04-19 16:27:19 - [MESSAGE][PASSED] - Element 'Object Repository/Whats Your Email Screen/Whats your email address label text' is checked

2022-04-19 16:27:19 - [TEST_STEP][PASSED] - checkElement(findTestObject("Whats Your Email Screen/We use this to recover label text"), 5): Element 'Object Repository/Whats Your Email Screen/We use this to recover label text' is checked

2022-04-19 16:27:20 - [MESSAGE][PASSED] - Element 'Object Repository/Whats Your Email Screen/We use this to recover label text' is checked

2022-04-19 16:27:20 - [TEST_STEP][PASSED] - setText(findTestObject("Whats Your Email Screen/Add recovery email (field)"), "Test@testing.com", 5): Text 'Test@testing.com' has been set to element 'Object Repository/Whats Your Email Screen/Add recovery email (field)'

2022-04-19 16:27:21 - [MESSAGE][PASSED] - Text 'Test@testing.com' has been set to element 'Object Repository/Whats Your Email Screen/Add recovery email (field)'

2022-04-19 16:27:21 - [TEST_STEP][PASSED] - tap(findTestObject("Whats Your Email Screen/Email Forword Button"), 5): Tapped on element 'Object Repository/Whats Your Email Screen/Email Forword Button'

2022-04-19 16:27:22 - [MESSAGE][PASSED] - Tapped on element 'Object Repository/Whats Your Email Screen/Email Forword Button']]></system-out>
         <system-err><![CDATA[]]></system-err>
      </testcase>
      <testcase name="Test Cases/testing/First Name Verfication" time="4.932" classname="Test Cases/testing/First Name Verfication" status="PASSED">
         <system-out><![CDATA[2022-04-19 16:27:22 - [TEST_CASE][PASSED] - Test Cases/testing/First Name Verfication: Test Cases/testing/First Name Verfication

2022-04-19 16:27:22 - [TEST_STEP][PASSED] - checkElement(findTestObject("First Name Screen/YOUR DEETS label text"), 5): Element 'Object Repository/First Name Screen/YOUR DEETS label text' is checked

2022-04-19 16:27:23 - [MESSAGE][PASSED] - Element 'Object Repository/First Name Screen/YOUR DEETS label text' is checked

2022-04-19 16:27:23 - [TEST_STEP][PASSED] - checkElement(findTestObject("First Name Screen/Whats your first name label text"), 5): Element 'Object Repository/First Name Screen/Whats your first name label text' is checked

2022-04-19 16:27:24 - [MESSAGE][PASSED] - Element 'Object Repository/First Name Screen/Whats your first name label text' is checked

2022-04-19 16:27:24 - [TEST_STEP][PASSED] - checkElement(findTestObject("First Name Screen/This will be shown on your profile"), 5): Element 'Object Repository/First Name Screen/This will be shown on your profile' is checked

2022-04-19 16:27:24 - [MESSAGE][PASSED] - Element 'Object Repository/First Name Screen/This will be shown on your profile' is checked

2022-04-19 16:27:24 - [TEST_STEP][PASSED] - checkElement(findTestObject("First Name Screen/You wont be able to change this later"), 5): Element 'Object Repository/First Name Screen/You wont be able to change this later' is checked

2022-04-19 16:27:24 - [MESSAGE][PASSED] - Element 'Object Repository/First Name Screen/You wont be able to change this later' is checked

2022-04-19 16:27:24 - [TEST_STEP][PASSED] - setText(findTestObject("First Name Screen/First Name"), "Test", 5): Text 'Test' has been set to element 'Object Repository/First Name Screen/First Name'

2022-04-19 16:27:26 - [MESSAGE][PASSED] - Text 'Test' has been set to element 'Object Repository/First Name Screen/First Name'

2022-04-19 16:27:26 - [TEST_STEP][PASSED] - tap(findTestObject("First Name Screen/First Name Forword Button"), 5): Tapped on element 'Object Repository/First Name Screen/First Name Forword Button'

2022-04-19 16:27:27 - [MESSAGE][PASSED] - Tapped on element 'Object Repository/First Name Screen/First Name Forword Button']]></system-out>
         <system-err><![CDATA[]]></system-err>
      </testcase>
      <testcase name="Test Cases/testing/DOB Verification" time="6.701" classname="Test Cases/testing/DOB Verification" status="PASSED">
         <system-out><![CDATA[2022-04-19 16:27:27 - [TEST_CASE][PASSED] - Test Cases/testing/DOB Verification: Test Cases/testing/DOB Verification

2022-04-19 16:27:27 - [TEST_STEP][PASSED] - checkElement(findTestObject("DOB/YOUR DEETS"), 5): Element 'Object Repository/DOB/YOUR DEETS' is checked

2022-04-19 16:27:28 - [MESSAGE][PASSED] - Element 'Object Repository/DOB/YOUR DEETS' is checked

2022-04-19 16:27:28 - [TEST_STEP][PASSED] - checkElement(findTestObject("DOB/Whens your birthday label text"), 5): Element 'Object Repository/DOB/Whens your birthday label text' is checked

2022-04-19 16:27:29 - [MESSAGE][PASSED] - Element 'Object Repository/DOB/Whens your birthday label text' is checked

2022-04-19 16:27:29 - [TEST_STEP][PASSED] - checkElement(findTestObject("DOB/We only show label text"), 5): Element 'Object Repository/DOB/We only show label text' is checked

2022-04-19 16:27:29 - [MESSAGE][PASSED] - Element 'Object Repository/DOB/We only show label text' is checked

2022-04-19 16:27:29 - [TEST_STEP][PASSED] - setText(findTestObject("DOB/Month"), "05", 5): Text '05' has been set to element 'Object Repository/DOB/Month'

2022-04-19 16:27:30 - [MESSAGE][PASSED] - Text '05' has been set to element 'Object Repository/DOB/Month'

2022-04-19 16:27:30 - [TEST_STEP][PASSED] - setText(findTestObject("DOB/Day"), "25", 5): Text '25' has been set to element 'Object Repository/DOB/Day'

2022-04-19 16:27:31 - [MESSAGE][PASSED] - Text '25' has been set to element 'Object Repository/DOB/Day'

2022-04-19 16:27:31 - [TEST_STEP][PASSED] - setText(findTestObject("DOB/Year"), "1995", 5): Text '1995' has been set to element 'Object Repository/DOB/Year'

2022-04-19 16:27:32 - [MESSAGE][PASSED] - Text '1995' has been set to element 'Object Repository/DOB/Year'

2022-04-19 16:27:32 - [TEST_STEP][PASSED] - tap(findTestObject("DOB/DOB Forword"), 5): Tapped on element 'Object Repository/DOB/DOB Forword'

2022-04-19 16:27:33 - [MESSAGE][PASSED] - Tapped on element 'Object Repository/DOB/DOB Forword']]></system-out>
         <system-err><![CDATA[]]></system-err>
      </testcase>
      <testcase name="Test Cases/testing/About You" time="2.194" classname="Test Cases/testing/About You" status="PASSED">
         <system-out><![CDATA[2022-04-19 16:27:33 - [TEST_CASE][PASSED] - Test Cases/testing/About You: Test Cases/testing/About You

2022-04-19 16:27:34 - [TEST_STEP][PASSED] - checkElement(findTestObject("About YOU/Heart Icon"), 5): Element 'Object Repository/About YOU/Heart Icon' is checked

2022-04-19 16:27:35 - [MESSAGE][PASSED] - Element 'Object Repository/About YOU/Heart Icon' is checked

2022-04-19 16:27:35 - [TEST_STEP][PASSED] - checkElement(findTestObject("About YOU/About You label text"), 5): Element 'Object Repository/About YOU/About You label text' is checked

2022-04-19 16:27:35 - [MESSAGE][PASSED] - Element 'Object Repository/About YOU/About You label text' is checked

2022-04-19 16:27:35 - [TEST_STEP][PASSED] - tap(findTestObject("About YOU/About forword Button"), 5): Tapped on element 'Object Repository/About YOU/About forword Button'

2022-04-19 16:27:36 - [MESSAGE][PASSED] - Tapped on element 'Object Repository/About YOU/About forword Button']]></system-out>
         <system-err><![CDATA[]]></system-err>
      </testcase>
      <testcase name="Test Cases/testing/Location Verification" time="12.405" classname="Test Cases/testing/Location Verification" status="PASSED">
         <system-out><![CDATA[2022-04-19 16:27:36 - [TEST_CASE][PASSED] - Test Cases/testing/Location Verification: Test Cases/testing/Location Verification

2022-04-19 16:27:36 - [TEST_STEP][PASSED] - checkElement(findTestObject("Location screen/ABOUT YOU label text"), 5): Element 'Object Repository/Location screen/ABOUT YOU label text' is checked

2022-04-19 16:27:39 - [MESSAGE][PASSED] - Element 'Object Repository/Location screen/ABOUT YOU label text' is checked

2022-04-19 16:27:39 - [TEST_STEP][PASSED] - checkElement(findTestObject("Location screen/So, do you label text"), 5): Element 'Object Repository/Location screen/So, do you label text' is checked

2022-04-19 16:27:41 - [MESSAGE][PASSED] - Element 'Object Repository/Location screen/So, do you label text' is checked

2022-04-19 16:27:41 - [TEST_STEP][PASSED] - checkElement(findTestObject("Location screen/Tell us where you live label text"), 5): Element 'Object Repository/Location screen/Tell us where you live label text' is checked

2022-04-19 16:27:42 - [MESSAGE][PASSED] - Element 'Object Repository/Location screen/Tell us where you live label text' is checked

2022-04-19 16:27:42 - [TEST_STEP][PASSED] - setText(findTestObject("Location screen/country field"), "US", 5): Text 'US' has been set to element 'Object Repository/Location screen/country field'

2022-04-19 16:27:43 - [MESSAGE][PASSED] - Text 'US' has been set to element 'Object Repository/Location screen/country field'

2022-04-19 16:27:43 - [TEST_STEP][PASSED] - setText(findTestObject("Location screen/State field"), "California", 5): Text 'California' has been set to element 'Object Repository/Location screen/State field'

2022-04-19 16:27:44 - [MESSAGE][PASSED] - Text 'California' has been set to element 'Object Repository/Location screen/State field'

2022-04-19 16:27:44 - [TEST_STEP][PASSED] - setText(findTestObject("Location screen/City Field"), "Los Angless", 5): Text 'Los Angless' has been set to element 'Object Repository/Location screen/City Field'

2022-04-19 16:27:46 - [MESSAGE][PASSED] - Text 'Los Angless' has been set to element 'Object Repository/Location screen/City Field'

2022-04-19 16:27:46 - [TEST_STEP][PASSED] - setText(findTestObject("Location screen/Zip Field"), "90001", 5): Text '90001' has been set to element 'Object Repository/Location screen/Zip Field'

2022-04-19 16:27:47 - [MESSAGE][PASSED] - Text '90001' has been set to element 'Object Repository/Location screen/Zip Field'

2022-04-19 16:27:47 - [TEST_STEP][PASSED] - tap(findTestObject("Location screen/loc Forword"), 5): Tapped on element 'Object Repository/Location screen/loc Forword'

2022-04-19 16:27:48 - [MESSAGE][PASSED] - Tapped on element 'Object Repository/Location screen/loc Forword']]></system-out>
         <system-err><![CDATA[]]></system-err>
      </testcase>
      <testcase name="Test Cases/testing/Brutal Honesty" time="65.194" classname="Test Cases/testing/Brutal Honesty" status="PASSED">
         <system-out><![CDATA[2022-04-19 16:27:48 - [TEST_CASE][PASSED] - Test Cases/testing/Brutal Honesty: Test Cases/testing/Brutal Honesty

2022-04-19 16:27:48 - [TEST_STEP][PASSED] - checkElement(findTestObject("Brutal Honesty/ABOUT YOU label text"), 5): Element 'Object Repository/Brutal Honesty/ABOUT YOU label text' is checked

2022-04-19 16:27:50 - [MESSAGE][PASSED] - Element 'Object Repository/Brutal Honesty/ABOUT YOU label text' is checked

2022-04-19 16:27:50 - [TEST_STEP][PASSED] - checkElement(findTestObject("Brutal Honesty/We want you to find label text"), 5): Element 'Object Repository/Brutal Honesty/We want you to find label text' is checked

2022-04-19 16:27:50 - [MESSAGE][PASSED] - Element 'Object Repository/Brutal Honesty/We want you to find label text' is checked

2022-04-19 16:27:50 - [TEST_STEP][PASSED] - tap(findTestObject("Brutal Honesty/Male Radio Button"), 5): Tapped on element 'Object Repository/Brutal Honesty/Male Radio Button'

2022-04-19 16:27:51 - [MESSAGE][PASSED] - Tapped on element 'Object Repository/Brutal Honesty/Male Radio Button'

2022-04-19 16:27:51 - [TEST_STEP][PASSED] - tapAndHold(findTestObject("Brutal Honesty/Slider Movable"), 30, 60): Tapped and held on element 'Object Repository/Brutal Honesty/Slider Movable' with duration 30

2022-04-19 16:28:23 - [MESSAGE][PASSED] - Tapped and held on element 'Object Repository/Brutal Honesty/Slider Movable' with duration 30

2022-04-19 16:28:23 - [TEST_STEP][PASSED] - delay(30, STOP_ON_FAILURE): Delayed 30 second(s)

2022-04-19 16:28:53 - [MESSAGE][PASSED] - Delayed 30 second(s)]]></system-out>
         <system-err><![CDATA[]]></system-err>
      </testcase>
      <testcase name="Test Cases/testing/Black White Brown" time="31.163" classname="Test Cases/testing/Black White Brown" status="FAILED">
         <failure type="FAILED" message="Test Cases/testing/Black White Brown FAILED.
Reason:
com.kms.katalon.core.exception.StepFailedException: Object Object Repository/Black White Brown/ABOUT YOU not found
	at com.kms.katalon.core.mobile.helper.MobileElementCommonHelper.findElementWithCheck(MobileElementCommonHelper.java:159)
	at com.kms.katalon.core.mobile.helper.MobileElementCommonHelper.checkElement(MobileElementCommonHelper.java:165)
	at com.kms.katalon.core.mobile.keyword.builtin.CheckElementKeyword$_checkElement_closure1.doCall(CheckElementKeyword.groovy:70)
	at com.kms.katalon.core.mobile.keyword.builtin.CheckElementKeyword$_checkElement_closure1.call(CheckElementKeyword.groovy)
	at com.kms.katalon.core.mobile.keyword.internal.MobileKeywordMain.runKeyword(MobileKeywordMain.groovy:21)
	at com.kms.katalon.core.mobile.keyword.builtin.CheckElementKeyword.checkElement(CheckElementKeyword.groovy:71)
	at com.kms.katalon.core.mobile.keyword.builtin.CheckElementKeyword.execute(CheckElementKeyword.groovy:64)
	at com.kms.katalon.core.keyword.internal.KeywordExecutor.executeKeywordForPlatform(KeywordExecutor.groovy:74)
	at com.kms.katalon.core.mobile.keyword.MobileBuiltInKeywords.checkElement(MobileBuiltInKeywords.groovy:2297)
	at com.kms.katalon.core.mobile.keyword.MobileBuiltInKeywords$checkElement$0.call(Unknown Source)
	at Black White Brown.run(Black White Brown:20)
	at com.kms.katalon.core.main.ScriptEngine.run(ScriptEngine.java:194)
	at com.kms.katalon.core.main.ScriptEngine.runScriptAsRawText(ScriptEngine.java:119)
	at com.kms.katalon.core.main.TestCaseExecutor.runScript(TestCaseExecutor.java:442)
	at com.kms.katalon.core.main.TestCaseExecutor.doExecute(TestCaseExecutor.java:433)
	at com.kms.katalon.core.main.TestCaseExecutor.processExecutionPhase(TestCaseExecutor.java:412)
	at com.kms.katalon.core.main.TestCaseExecutor.accessMainPhase(TestCaseExecutor.java:404)
	at com.kms.katalon.core.main.TestCaseExecutor.execute(TestCaseExecutor.java:281)
	at com.kms.katalon.core.main.TestCaseExecutor.execute(TestCaseExecutor.java:363)
	at com.kms.katalon.core.main.TestCaseExecutor.execute(TestCaseExecutor.java:363)
	at com.kms.katalon.core.main.TestCaseExecutor.execute(TestCaseExecutor.java:363)
	at com.kms.katalon.core.main.TestSuiteExecutor.accessTestCaseMainPhase(TestSuiteExecutor.java:202)
	at com.kms.katalon.core.main.TestSuiteExecutor.accessTestSuiteMainPhase(TestSuiteExecutor.java:164)
	at com.kms.katalon.core.main.TestSuiteExecutor.execute(TestSuiteExecutor.java:105)
	at com.kms.katalon.core.main.TestCaseMain.startTestSuite(TestCaseMain.java:185)
	at com.kms.katalon.core.main.TestCaseMain$startTestSuite$0.call(Unknown Source)
	at TempTestSuite1650367533113.run(TempTestSuite1650367533113.groovy:36)
"/>
         <system-out><![CDATA[2022-04-19 16:30:27 - [TEST_CASE][FAILED] - Test Cases/testing/Black White Brown: Test Cases/testing/Black White Brown FAILED.
Reason:
com.kms.katalon.core.exception.StepFailedException: Object Object Repository/Black White Brown/ABOUT YOU not found
	at com.kms.katalon.core.mobile.helper.MobileElementCommonHelper.findElementWithCheck(MobileElementCommonHelper.java:159)
	at com.kms.katalon.core.mobile.helper.MobileElementCommonHelper.checkElement(MobileElementCommonHelper.java:165)
	at com.kms.katalon.core.mobile.keyword.builtin.CheckElementKeyword$_checkElement_closure1.doCall(CheckElementKeyword.groovy:70)
	at com.kms.katalon.core.mobile.keyword.builtin.CheckElementKeyword$_checkElement_closure1.call(CheckElementKeyword.groovy)
	at com.kms.katalon.core.mobile.keyword.internal.MobileKeywordMain.runKeyword(MobileKeywordMain.groovy:21)
	at com.kms.katalon.core.mobile.keyword.builtin.CheckElementKeyword.checkElement(CheckElementKeyword.groovy:71)
	at com.kms.katalon.core.mobile.keyword.builtin.CheckElementKeyword.execute(CheckElementKeyword.groovy:64)
	at com.kms.katalon.core.keyword.internal.KeywordExecutor.executeKeywordForPlatform(KeywordExecutor.groovy:74)
	at com.kms.katalon.core.mobile.keyword.MobileBuiltInKeywords.checkElement(MobileBuiltInKeywords.groovy:2297)
	at com.kms.katalon.core.mobile.keyword.MobileBuiltInKeywords$checkElement$0.call(Unknown Source)
	at Black White Brown.run(Black White Brown:20)
	at com.kms.katalon.core.main.ScriptEngine.run(ScriptEngine.java:194)
	at com.kms.katalon.core.main.ScriptEngine.runScriptAsRawText(ScriptEngine.java:119)
	at com.kms.katalon.core.main.TestCaseExecutor.runScript(TestCaseExecutor.java:442)
	at com.kms.katalon.core.main.TestCaseExecutor.doExecute(TestCaseExecutor.java:433)
	at com.kms.katalon.core.main.TestCaseExecutor.processExecutionPhase(TestCaseExecutor.java:412)
	at com.kms.katalon.core.main.TestCaseExecutor.accessMainPhase(TestCaseExecutor.java:404)
	at com.kms.katalon.core.main.TestCaseExecutor.execute(TestCaseExecutor.java:281)
	at com.kms.katalon.core.main.TestCaseExecutor.execute(TestCaseExecutor.java:363)
	at com.kms.katalon.core.main.TestCaseExecutor.execute(TestCaseExecutor.java:363)
	at com.kms.katalon.core.main.TestCaseExecutor.execute(TestCaseExecutor.java:363)
	at com.kms.katalon.core.main.TestSuiteExecutor.accessTestCaseMainPhase(TestSuiteExecutor.java:202)
	at com.kms.katalon.core.main.TestSuiteExecutor.accessTestSuiteMainPhase(TestSuiteExecutor.java:164)
	at com.kms.katalon.core.main.TestSuiteExecutor.execute(TestSuiteExecutor.java:105)
	at com.kms.katalon.core.main.TestCaseMain.startTestSuite(TestCaseMain.java:185)
	at com.kms.katalon.core.main.TestCaseMain$startTestSuite$0.call(Unknown Source)
	at TempTestSuite1650367533113.run(TempTestSuite1650367533113.groovy:36)


2022-04-19 16:30:27 - [TEST_STEP][FAILED] - checkElement(findTestObject("Black White Brown/ABOUT YOU"), 5): Failed to check element 'Object Repository/Black White Brown/ABOUT YOU' (Root cause: com.kms.katalon.core.exception.StepFailedException: Object Object Repository/Black White Brown/ABOUT YOU not found
	at com.kms.katalon.core.mobile.helper.MobileElementCommonHelper.findElementWithCheck(MobileElementCommonHelper.java:159)
	at com.kms.katalon.core.mobile.helper.MobileElementCommonHelper.checkElement(MobileElementCommonHelper.java:165)
	at com.kms.katalon.core.mobile.keyword.builtin.CheckElementKeyword$_checkElement_closure1.doCall(CheckElementKeyword.groovy:70)
	at com.kms.katalon.core.mobile.keyword.builtin.CheckElementKeyword$_checkElement_closure1.call(CheckElementKeyword.groovy)
	at com.kms.katalon.core.mobile.keyword.internal.MobileKeywordMain.runKeyword(MobileKeywordMain.groovy:21)
	at com.kms.katalon.core.mobile.keyword.builtin.CheckElementKeyword.checkElement(CheckElementKeyword.groovy:71)
	at com.kms.katalon.core.mobile.keyword.builtin.CheckElementKeyword.execute(CheckElementKeyword.groovy:64)
	at com.kms.katalon.core.keyword.internal.KeywordExecutor.executeKeywordForPlatform(KeywordExecutor.groovy:74)
	at com.kms.katalon.core.mobile.keyword.MobileBuiltInKeywords.checkElement(MobileBuiltInKeywords.groovy:2297)
	at com.kms.katalon.core.mobile.keyword.MobileBuiltInKeywords$checkElement$0.call(Unknown Source)
	at Black White Brown.run(Black White Brown:20)
	at com.kms.katalon.core.main.ScriptEngine.run(ScriptEngine.java:194)
	at com.kms.katalon.core.main.ScriptEngine.runScriptAsRawText(ScriptEngine.java:119)
	at com.kms.katalon.core.main.TestCaseExecutor.runScript(TestCaseExecutor.java:442)
	at com.kms.katalon.core.main.TestCaseExecutor.doExecute(TestCaseExecutor.java:433)
	at com.kms.katalon.core.main.TestCaseExecutor.processExecutionPhase(TestCaseExecutor.java:412)
	at com.kms.katalon.core.main.TestCaseExecutor.accessMainPhase(TestCaseExecutor.java:404)
	at com.kms.katalon.core.main.TestCaseExecutor.execute(TestCaseExecutor.java:281)
	at com.kms.katalon.core.main.TestCaseExecutor.execute(TestCaseExecutor.java:363)
	at com.kms.katalon.core.main.TestCaseExecutor.execute(TestCaseExecutor.java:363)
	at com.kms.katalon.core.main.TestCaseExecutor.execute(TestCaseExecutor.java:363)
	at com.kms.katalon.core.main.TestSuiteExecutor.accessTestCaseMainPhase(TestSuiteExecutor.java:202)
	at com.kms.katalon.core.main.TestSuiteExecutor.accessTestSuiteMainPhase(TestSuiteExecutor.java:164)
	at com.kms.katalon.core.main.TestSuiteExecutor.execute(TestSuiteExecutor.java:105)
	at com.kms.katalon.core.main.TestCaseMain.startTestSuite(TestCaseMain.java:185)
	at com.kms.katalon.core.main.TestCaseMain$startTestSuite$0.call(Unknown Source)
	at TempTestSuite1650367533113.run(TempTestSuite1650367533113.groovy:36)
)

2022-04-19 16:30:58 - [MESSAGE][FAILED] - Failed to check element 'Object Repository/Black White Brown/ABOUT YOU' (Root cause: com.kms.katalon.core.exception.StepFailedException: Object Object Repository/Black White Brown/ABOUT YOU not found
	at com.kms.katalon.core.mobile.helper.MobileElementCommonHelper.findElementWithCheck(MobileElementCommonHelper.java:159)
	at com.kms.katalon.core.mobile.helper.MobileElementCommonHelper.checkElement(MobileElementCommonHelper.java:165)
	at com.kms.katalon.core.mobile.keyword.builtin.CheckElementKeyword$_checkElement_closure1.doCall(CheckElementKeyword.groovy:70)
	at com.kms.katalon.core.mobile.keyword.builtin.CheckElementKeyword$_checkElement_closure1.call(CheckElementKeyword.groovy)
	at com.kms.katalon.core.mobile.keyword.internal.MobileKeywordMain.runKeyword(MobileKeywordMain.groovy:21)
	at com.kms.katalon.core.mobile.keyword.builtin.CheckElementKeyword.checkElement(CheckElementKeyword.groovy:71)
	at com.kms.katalon.core.mobile.keyword.builtin.CheckElementKeyword.execute(CheckElementKeyword.groovy:64)
	at com.kms.katalon.core.keyword.internal.KeywordExecutor.executeKeywordForPlatform(KeywordExecutor.groovy:74)
	at com.kms.katalon.core.mobile.keyword.MobileBuiltInKeywords.checkElement(MobileBuiltInKeywords.groovy:2297)
	at com.kms.katalon.core.mobile.keyword.MobileBuiltInKeywords$checkElement$0.call(Unknown Source)
	at Black White Brown.run(Black White Brown:20)
	at com.kms.katalon.core.main.ScriptEngine.run(ScriptEngine.java:194)
	at com.kms.katalon.core.main.ScriptEngine.runScriptAsRawText(ScriptEngine.java:119)
	at com.kms.katalon.core.main.TestCaseExecutor.runScript(TestCaseExecutor.java:442)
	at com.kms.katalon.core.main.TestCaseExecutor.doExecute(TestCaseExecutor.java:433)
	at com.kms.katalon.core.main.TestCaseExecutor.processExecutionPhase(TestCaseExecutor.java:412)
	at com.kms.katalon.core.main.TestCaseExecutor.accessMainPhase(TestCaseExecutor.java:404)
	at com.kms.katalon.core.main.TestCaseExecutor.execute(TestCaseExecutor.java:281)
	at com.kms.katalon.core.main.TestCaseExecutor.execute(TestCaseExecutor.java:363)
	at com.kms.katalon.core.main.TestCaseExecutor.execute(TestCaseExecutor.java:363)
	at com.kms.katalon.core.main.TestCaseExecutor.execute(TestCaseExecutor.java:363)
	at com.kms.katalon.core.main.TestSuiteExecutor.accessTestCaseMainPhase(TestSuiteExecutor.java:202)
	at com.kms.katalon.core.main.TestSuiteExecutor.accessTestSuiteMainPhase(TestSuiteExecutor.java:164)
	at com.kms.katalon.core.main.TestSuiteExecutor.execute(TestSuiteExecutor.java:105)
	at com.kms.katalon.core.main.TestCaseMain.startTestSuite(TestCaseMain.java:185)
	at com.kms.katalon.core.main.TestCaseMain$startTestSuite$0.call(Unknown Source)
	at TempTestSuite1650367533113.run(TempTestSuite1650367533113.groovy:36)
)
[[ATTACHMENT|C:\\Users\\Dev\\Katalon Studio\\SpotLove_Stagging\\Reports\\20220419_162533\\Testing SpotLove\\20220419_162533\\1650367857957.png]]]]></system-out>
         <system-err><![CDATA[2022-04-19 16:30:27 - [TEST_CASE][FAILED] - Test Cases/testing/Black White Brown: Test Cases/testing/Black White Brown FAILED.
Reason:
com.kms.katalon.core.exception.StepFailedException: Object Object Repository/Black White Brown/ABOUT YOU not found
	at com.kms.katalon.core.mobile.helper.MobileElementCommonHelper.findElementWithCheck(MobileElementCommonHelper.java:159)
	at com.kms.katalon.core.mobile.helper.MobileElementCommonHelper.checkElement(MobileElementCommonHelper.java:165)
	at com.kms.katalon.core.mobile.keyword.builtin.CheckElementKeyword$_checkElement_closure1.doCall(CheckElementKeyword.groovy:70)
	at com.kms.katalon.core.mobile.keyword.builtin.CheckElementKeyword$_checkElement_closure1.call(CheckElementKeyword.groovy)
	at com.kms.katalon.core.mobile.keyword.internal.MobileKeywordMain.runKeyword(MobileKeywordMain.groovy:21)
	at com.kms.katalon.core.mobile.keyword.builtin.CheckElementKeyword.checkElement(CheckElementKeyword.groovy:71)
	at com.kms.katalon.core.mobile.keyword.builtin.CheckElementKeyword.execute(CheckElementKeyword.groovy:64)
	at com.kms.katalon.core.keyword.internal.KeywordExecutor.executeKeywordForPlatform(KeywordExecutor.groovy:74)
	at com.kms.katalon.core.mobile.keyword.MobileBuiltInKeywords.checkElement(MobileBuiltInKeywords.groovy:2297)
	at com.kms.katalon.core.mobile.keyword.MobileBuiltInKeywords$checkElement$0.call(Unknown Source)
	at Black White Brown.run(Black White Brown:20)
	at com.kms.katalon.core.main.ScriptEngine.run(ScriptEngine.java:194)
	at com.kms.katalon.core.main.ScriptEngine.runScriptAsRawText(ScriptEngine.java:119)
	at com.kms.katalon.core.main.TestCaseExecutor.runScript(TestCaseExecutor.java:442)
	at com.kms.katalon.core.main.TestCaseExecutor.doExecute(TestCaseExecutor.java:433)
	at com.kms.katalon.core.main.TestCaseExecutor.processExecutionPhase(TestCaseExecutor.java:412)
	at com.kms.katalon.core.main.TestCaseExecutor.accessMainPhase(TestCaseExecutor.java:404)
	at com.kms.katalon.core.main.TestCaseExecutor.execute(TestCaseExecutor.java:281)
	at com.kms.katalon.core.main.TestCaseExecutor.execute(TestCaseExecutor.java:363)
	at com.kms.katalon.core.main.TestCaseExecutor.execute(TestCaseExecutor.java:363)
	at com.kms.katalon.core.main.TestCaseExecutor.execute(TestCaseExecutor.java:363)
	at com.kms.katalon.core.main.TestSuiteExecutor.accessTestCaseMainPhase(TestSuiteExecutor.java:202)
	at com.kms.katalon.core.main.TestSuiteExecutor.accessTestSuiteMainPhase(TestSuiteExecutor.java:164)
	at com.kms.katalon.core.main.TestSuiteExecutor.execute(TestSuiteExecutor.java:105)
	at com.kms.katalon.core.main.TestCaseMain.startTestSuite(TestCaseMain.java:185)
	at com.kms.katalon.core.main.TestCaseMain$startTestSuite$0.call(Unknown Source)
	at TempTestSuite1650367533113.run(TempTestSuite1650367533113.groovy:36)]]></system-err>
      </testcase>
      <testcase name="Test Cases/testing/Religion" time="27.998" classname="Test Cases/testing/Religion" status="PASSED">
         <system-out><![CDATA[2022-04-19 16:30:58 - [TEST_CASE][PASSED] - Test Cases/testing/Religion: Test Cases/testing/Religion

2022-04-19 16:30:59 - [TEST_STEP][PASSED] - checkElement(findTestObject("Religion/ABOUT YOU"), 0): Element 'Object Repository/Religion/ABOUT YOU' is checked

2022-04-19 16:30:59 - [MESSAGE][WARNING] - Timeout '0' is invalid. Using default page load timeout: '30'

2022-04-19 16:31:00 - [MESSAGE][PASSED] - Element 'Object Repository/Religion/ABOUT YOU' is checked

2022-04-19 16:31:00 - [TEST_STEP][PASSED] - checkElement(findTestObject("Religion/Well find Lebel Text"), 0): Element 'Object Repository/Religion/Well find Lebel Text' is checked

2022-04-19 16:31:00 - [MESSAGE][WARNING] - Timeout '0' is invalid. Using default page load timeout: '30'

2022-04-19 16:31:21 - [MESSAGE][PASSED] - Element 'Object Repository/Religion/Well find Lebel Text' is checked

2022-04-19 16:31:21 - [TEST_STEP][PASSED] - tap(findTestObject("Religion/LDS Radio button"), 5): Tapped on element 'Object Repository/Religion/LDS Radio button'

2022-04-19 16:31:21 - [MESSAGE][PASSED] - Tapped on element 'Object Repository/Religion/LDS Radio button'

2022-04-19 16:31:21 - [TEST_STEP][PASSED] - tap(findTestObject("Religion/Christian Radio button"), 5): Tapped on element 'Object Repository/Religion/Christian Radio button'

2022-04-19 16:31:22 - [MESSAGE][PASSED] - Tapped on element 'Object Repository/Religion/Christian Radio button'

2022-04-19 16:31:22 - [TEST_STEP][PASSED] - tap(findTestObject("Religion/Spiritual Radio button"), 5): Tapped on element 'Object Repository/Religion/Spiritual Radio button'

2022-04-19 16:31:23 - [MESSAGE][PASSED] - Tapped on element 'Object Repository/Religion/Spiritual Radio button'

2022-04-19 16:31:23 - [TEST_STEP][PASSED] - tap(findTestObject("Religion/Muslim Radio button"), 5): Tapped on element 'Object Repository/Religion/Muslim Radio button'

2022-04-19 16:31:24 - [MESSAGE][PASSED] - Tapped on element 'Object Repository/Religion/Muslim Radio button'

2022-04-19 16:31:24 - [TEST_STEP][PASSED] - tap(findTestObject("Religion/Buddhist taoist Radio button"), 5): Tapped on element 'Object Repository/Religion/Buddhist taoist Radio button'

2022-04-19 16:31:25 - [MESSAGE][PASSED] - Tapped on element 'Object Repository/Religion/Buddhist taoist Radio button'

2022-04-19 16:31:25 - [TEST_STEP][PASSED] - tap(findTestObject("Religion/forword"), 5): Tapped on element 'Object Repository/Religion/forword'

2022-04-19 16:31:26 - [MESSAGE][PASSED] - Tapped on element 'Object Repository/Religion/forword']]></system-out>
         <system-err><![CDATA[]]></system-err>
      </testcase>
      <testcase name="Test Cases/testing/One Liner" time="4.913" classname="Test Cases/testing/One Liner" status="PASSED">
         <system-out><![CDATA[2022-04-19 16:31:26 - [TEST_CASE][PASSED] - Test Cases/testing/One Liner: Test Cases/testing/One Liner

2022-04-19 16:31:27 - [TEST_STEP][PASSED] - checkElement(findTestObject("One Liner/PROFILE"), 5): Element 'Object Repository/One Liner/PROFILE' is checked

2022-04-19 16:31:28 - [MESSAGE][PASSED] - Element 'Object Repository/One Liner/PROFILE' is checked

2022-04-19 16:31:28 - [TEST_STEP][PASSED] - checkElement(findTestObject("One Liner/Got a personal one-liner or catch phrase"), 5): Element 'Object Repository/One Liner/Got a personal one-liner or catch phrase' is checked

2022-04-19 16:31:29 - [MESSAGE][PASSED] - Element 'Object Repository/One Liner/Got a personal one-liner or catch phrase' is checked

2022-04-19 16:31:29 - [TEST_STEP][PASSED] - checkElement(findTestObject("One Liner/No pressure label text"), 5): Element 'Object Repository/One Liner/No pressure label text' is checked

2022-04-19 16:31:29 - [MESSAGE][PASSED] - Element 'Object Repository/One Liner/No pressure label text' is checked

2022-04-19 16:31:29 - [TEST_STEP][PASSED] - setText(findTestObject("One Liner/My catch phrase"), "This is only for testing purpose one Liner", 5): Text 'This is only for testing purpose one Liner' has been set to element 'Object Repository/One Liner/My catch phrase'

2022-04-19 16:31:30 - [MESSAGE][PASSED] - Text 'This is only for testing purpose one Liner' has been set to element 'Object Repository/One Liner/My catch phrase'

2022-04-19 16:31:30 - [TEST_STEP][PASSED] - tap(findTestObject("One Liner/forword"), 5): Tapped on element 'Object Repository/One Liner/forword'

2022-04-19 16:31:31 - [MESSAGE][PASSED] - Tapped on element 'Object Repository/One Liner/forword']]></system-out>
         <system-err><![CDATA[]]></system-err>
      </testcase>
      <testcase name="Test Cases/testing/Relationship Status" time="6.362" classname="Test Cases/testing/Relationship Status" status="PASSED">
         <system-out><![CDATA[2022-04-19 16:31:31 - [TEST_CASE][PASSED] - Test Cases/testing/Relationship Status: Test Cases/testing/Relationship Status

2022-04-19 16:31:32 - [TEST_STEP][PASSED] - checkElement(findTestObject("Relationship Status/ABOUT YOU"), 5): Element 'Object Repository/Relationship Status/ABOUT YOU' is checked

2022-04-19 16:31:33 - [MESSAGE][PASSED] - Element 'Object Repository/Relationship Status/ABOUT YOU' is checked

2022-04-19 16:31:33 - [TEST_STEP][PASSED] - checkElement(findTestObject("Relationship Status/Check one label Text"), 5): Element 'Object Repository/Relationship Status/Check one label Text' is checked

2022-04-19 16:31:34 - [MESSAGE][PASSED] - Element 'Object Repository/Relationship Status/Check one label Text' is checked

2022-04-19 16:31:34 - [TEST_STEP][PASSED] - tap(findTestObject("Relationship Status/Separated Radio button"), 5): Tapped on element 'Object Repository/Relationship Status/Separated Radio button'

2022-04-19 16:31:35 - [MESSAGE][PASSED] - Tapped on element 'Object Repository/Relationship Status/Separated Radio button'

2022-04-19 16:31:35 - [TEST_STEP][PASSED] - tap(findTestObject("Relationship Status/Divorce in Pogress Radio button"), 5): Tapped on element 'Object Repository/Relationship Status/Divorce in Pogress Radio button'

2022-04-19 16:31:36 - [MESSAGE][PASSED] - Tapped on element 'Object Repository/Relationship Status/Divorce in Pogress Radio button'

2022-04-19 16:31:36 - [TEST_STEP][PASSED] - tap(findTestObject("Relationship Status/Widowed Radio button"), 5): Tapped on element 'Object Repository/Relationship Status/Widowed Radio button'

2022-04-19 16:31:37 - [MESSAGE][PASSED] - Tapped on element 'Object Repository/Relationship Status/Widowed Radio button'

2022-04-19 16:31:37 - [TEST_STEP][PASSED] - tap(findTestObject("Relationship Status/Forword"), 5): Tapped on element 'Object Repository/Relationship Status/Forword'

2022-04-19 16:31:38 - [MESSAGE][PASSED] - Tapped on element 'Object Repository/Relationship Status/Forword']]></system-out>
         <system-err><![CDATA[]]></system-err>
      </testcase>
      <testcase name="Test Cases/testing/Family Plans" time="7.377" classname="Test Cases/testing/Family Plans" status="PASSED">
         <system-out><![CDATA[2022-04-19 16:31:38 - [TEST_CASE][PASSED] - Test Cases/testing/Family Plans: Test Cases/testing/Family Plans

2022-04-19 16:31:38 - [TEST_STEP][PASSED] - checkElement(findTestObject("Family Plain/ABOUT YOU"), 5): Element 'Object Repository/Family Plain/ABOUT YOU' is checked

2022-04-19 16:31:39 - [MESSAGE][PASSED] - Element 'Object Repository/Family Plain/ABOUT YOU' is checked

2022-04-19 16:31:39 - [TEST_STEP][PASSED] - checkElement(findTestObject("Family Plain/As long as label text"), 5): Element 'Object Repository/Family Plain/As long as label text' is checked

2022-04-19 16:31:40 - [MESSAGE][PASSED] - Element 'Object Repository/Family Plain/As long as label text' is checked

2022-04-19 16:31:40 - [TEST_STEP][PASSED] - tap(findTestObject("Family Plain/I dont want children Radio button"), 5): Tapped on element 'Object Repository/Family Plain/I dont want children Radio button'

2022-04-19 16:31:41 - [MESSAGE][PASSED] - Tapped on element 'Object Repository/Family Plain/I dont want children Radio button'

2022-04-19 16:31:41 - [TEST_STEP][PASSED] - tap(findTestObject("Family Plain/I dont have children Radio button"), 5): Tapped on element 'Object Repository/Family Plain/I dont have children Radio button'

2022-04-19 16:31:42 - [MESSAGE][PASSED] - Tapped on element 'Object Repository/Family Plain/I dont have children Radio button'

2022-04-19 16:31:42 - [TEST_STEP][PASSED] - tap(findTestObject("Family Plain/I want children Radio button"), 5): Tapped on element 'Object Repository/Family Plain/I want children Radio button'

2022-04-19 16:31:43 - [MESSAGE][PASSED] - Tapped on element 'Object Repository/Family Plain/I want children Radio button'

2022-04-19 16:31:43 - [TEST_STEP][PASSED] - tap(findTestObject("Family Plain/I m open to children Radio button"), 5): Tapped on element 'Object Repository/Family Plain/I m open to children Radio button'

2022-04-19 16:31:44 - [MESSAGE][PASSED] - Tapped on element 'Object Repository/Family Plain/I m open to children Radio button'

2022-04-19 16:31:44 - [TEST_STEP][PASSED] - tap(findTestObject("Family Plain/forword"), 5): Tapped on element 'Object Repository/Family Plain/forword'

2022-04-19 16:31:45 - [MESSAGE][PASSED] - Tapped on element 'Object Repository/Family Plain/forword']]></system-out>
         <system-err><![CDATA[]]></system-err>
      </testcase>
      <testcase name="Test Cases/testing/Education" time="7.503" classname="Test Cases/testing/Education" status="PASSED">
         <system-out><![CDATA[2022-04-19 16:31:45 - [TEST_CASE][PASSED] - Test Cases/testing/Education: Test Cases/testing/Education

2022-04-19 16:31:46 - [TEST_STEP][PASSED] - checkElement(findTestObject("Education/ABOUT YOU"), 5): Element 'Object Repository/Education/ABOUT YOU' is checked

2022-04-19 16:31:47 - [MESSAGE][PASSED] - Element 'Object Repository/Education/ABOUT YOU' is checked

2022-04-19 16:31:47 - [TEST_STEP][PASSED] - checkElement(findTestObject("Education/All we label text"), 5): Element 'Object Repository/Education/All we label text' is checked

2022-04-19 16:31:47 - [MESSAGE][PASSED] - Element 'Object Repository/Education/All we label text' is checked

2022-04-19 16:31:47 - [TEST_STEP][PASSED] - tap(findTestObject("Education/Graduate Professional Degree Radio button"), 5): Tapped on element 'Object Repository/Education/Graduate Professional Degree Radio button'

2022-04-19 16:31:48 - [MESSAGE][PASSED] - Tapped on element 'Object Repository/Education/Graduate Professional Degree Radio button'

2022-04-19 16:31:48 - [TEST_STEP][PASSED] - tap(findTestObject("Education/Some Collage Radio button"), 5): Tapped on element 'Object Repository/Education/Some Collage Radio button'

2022-04-19 16:31:49 - [MESSAGE][PASSED] - Tapped on element 'Object Repository/Education/Some Collage Radio button'

2022-04-19 16:31:49 - [TEST_STEP][PASSED] - tap(findTestObject("Education/HS Diploma Radio button"), 5): Tapped on element 'Object Repository/Education/HS Diploma Radio button'

2022-04-19 16:31:50 - [MESSAGE][PASSED] - Tapped on element 'Object Repository/Education/HS Diploma Radio button'

2022-04-19 16:31:50 - [TEST_STEP][PASSED] - tap(findTestObject("Education/Phd Doctoral Radio button"), 5): Tapped on element 'Object Repository/Education/Phd Doctoral Radio button'

2022-04-19 16:31:51 - [MESSAGE][PASSED] - Tapped on element 'Object Repository/Education/Phd Doctoral Radio button'

2022-04-19 16:31:51 - [TEST_STEP][PASSED] - tap(findTestObject("Education/Forword"), 5): Tapped on element 'Object Repository/Education/Forword'

2022-04-19 16:31:53 - [MESSAGE][PASSED] - Tapped on element 'Object Repository/Education/Forword']]></system-out>
         <system-err><![CDATA[]]></system-err>
      </testcase>
      <testcase name="Test Cases/testing/Vices" time="13.536" classname="Test Cases/testing/Vices" status="PASSED">
         <system-out><![CDATA[2022-04-19 16:31:53 - [TEST_CASE][PASSED] - Test Cases/testing/Vices: Test Cases/testing/Vices

2022-04-19 16:31:53 - [TEST_STEP][PASSED] - checkElement(findTestObject("VICES/ABOUT YOU"), 5): Element 'Object Repository/VICES/ABOUT YOU' is checked

2022-04-19 16:31:54 - [MESSAGE][PASSED] - Element 'Object Repository/VICES/ABOUT YOU' is checked

2022-04-19 16:31:54 - [TEST_STEP][PASSED] - checkElement(findTestObject("VICES/In our eyes label Text"), 5): Element 'Object Repository/VICES/In our eyes label Text' is checked

2022-04-19 16:31:55 - [MESSAGE][PASSED] - Element 'Object Repository/VICES/In our eyes label Text' is checked

2022-04-19 16:31:55 - [TEST_STEP][PASSED] - tap(findTestObject("VICES/Never AL Radio button"), 5): Tapped on element 'Object Repository/VICES/Never AL Radio button'

2022-04-19 16:31:56 - [MESSAGE][PASSED] - Tapped on element 'Object Repository/VICES/Never AL Radio button'

2022-04-19 16:31:56 - [TEST_STEP][PASSED] - tap(findTestObject("VICES/Socially Radio button"), 5): Tapped on element 'Object Repository/VICES/Socially Radio button'

2022-04-19 16:31:57 - [MESSAGE][PASSED] - Tapped on element 'Object Repository/VICES/Socially Radio button'

2022-04-19 16:31:57 - [TEST_STEP][PASSED] - tap(findTestObject("VICES/Socially AL Radio button"), 5): Tapped on element 'Object Repository/VICES/Socially AL Radio button'

2022-04-19 16:31:57 - [MESSAGE][PASSED] - Tapped on element 'Object Repository/VICES/Socially AL Radio button'

2022-04-19 16:31:57 - [TEST_STEP][PASSED] - tap(findTestObject("VICES/Often Mari Radio button"), 5): Tapped on element 'Object Repository/VICES/Often Mari Radio button'

2022-04-19 16:31:59 - [MESSAGE][PASSED] - Tapped on element 'Object Repository/VICES/Often Mari Radio button'

2022-04-19 16:31:59 - [TEST_STEP][PASSED] - tap(findTestObject("VICES/Socially Mari Radio button"), 5): Tapped on element 'Object Repository/VICES/Socially Mari Radio button'

2022-04-19 16:32:00 - [MESSAGE][PASSED] - Tapped on element 'Object Repository/VICES/Socially Mari Radio button'

2022-04-19 16:32:00 - [TEST_STEP][PASSED] - tap(findTestObject("VICES/Never Radio button"), 5): Tapped on element 'Object Repository/VICES/Never Radio button'

2022-04-19 16:32:01 - [MESSAGE][PASSED] - Tapped on element 'Object Repository/VICES/Never Radio button'

2022-04-19 16:32:01 - [TEST_STEP][PASSED] - tap(findTestObject("VICES/Often Radio button"), 5): Tapped on element 'Object Repository/VICES/Often Radio button'

2022-04-19 16:32:03 - [MESSAGE][PASSED] - Tapped on element 'Object Repository/VICES/Often Radio button'

2022-04-19 16:32:03 - [TEST_STEP][PASSED] - tap(findTestObject("VICES/Never Mari Radio button"), 5): Tapped on element 'Object Repository/VICES/Never Mari Radio button'

2022-04-19 16:32:04 - [MESSAGE][PASSED] - Tapped on element 'Object Repository/VICES/Never Mari Radio button'

2022-04-19 16:32:04 - [TEST_STEP][PASSED] - tap(findTestObject("VICES/Often AL Radio button"), 5): Tapped on element 'Object Repository/VICES/Often AL Radio button'

2022-04-19 16:32:05 - [MESSAGE][PASSED] - Tapped on element 'Object Repository/VICES/Often AL Radio button'

2022-04-19 16:32:05 - [TEST_STEP][PASSED] - tap(findTestObject("VICES/Forword"), 5): Tapped on element 'Object Repository/VICES/Forword'

2022-04-19 16:32:06 - [MESSAGE][PASSED] - Tapped on element 'Object Repository/VICES/Forword']]></system-out>
         <system-err><![CDATA[]]></system-err>
      </testcase>
      <testcase name="Test Cases/testing/politics" time="8.161" classname="Test Cases/testing/politics" status="FAILED">
         <failure type="FAILED" message="Test Cases/testing/politics FAILED.
Reason:
com.kms.katalon.core.exception.StepFailedException: Object Object Repository/politics/Conservative Radio button not found
	at com.kms.katalon.core.keyword.internal.KeywordMain.stepFailed(KeywordMain.groovy:50)
	at com.kms.katalon.core.mobile.keyword.internal.MobileKeywordMain.stepFailed(MobileKeywordMain.groovy:40)
	at com.kms.katalon.core.mobile.keyword.builtin.TapKeyword$_tap_closure1.doCall(TapKeyword.groovy:79)
	at com.kms.katalon.core.mobile.keyword.builtin.TapKeyword$_tap_closure1.call(TapKeyword.groovy)
	at com.kms.katalon.core.mobile.keyword.internal.MobileKeywordMain.runKeyword(MobileKeywordMain.groovy:21)
	at com.kms.katalon.core.mobile.keyword.builtin.TapKeyword.tap(TapKeyword.groovy:86)
	at com.kms.katalon.core.mobile.keyword.builtin.TapKeyword.execute(TapKeyword.groovy:68)
	at com.kms.katalon.core.keyword.internal.KeywordExecutor.executeKeywordForPlatform(KeywordExecutor.groovy:74)
	at com.kms.katalon.core.mobile.keyword.MobileBuiltInKeywords.tap(MobileBuiltInKeywords.groovy:1355)
	at com.kms.katalon.core.mobile.keyword.MobileBuiltInKeywords$tap$1.call(Unknown Source)
	at politics.run(politics:24)
	at com.kms.katalon.core.main.ScriptEngine.run(ScriptEngine.java:194)
	at com.kms.katalon.core.main.ScriptEngine.runScriptAsRawText(ScriptEngine.java:119)
	at com.kms.katalon.core.main.TestCaseExecutor.runScript(TestCaseExecutor.java:442)
	at com.kms.katalon.core.main.TestCaseExecutor.doExecute(TestCaseExecutor.java:433)
	at com.kms.katalon.core.main.TestCaseExecutor.processExecutionPhase(TestCaseExecutor.java:412)
	at com.kms.katalon.core.main.TestCaseExecutor.accessMainPhase(TestCaseExecutor.java:404)
	at com.kms.katalon.core.main.TestCaseExecutor.execute(TestCaseExecutor.java:281)
	at com.kms.katalon.core.main.TestCaseExecutor.execute(TestCaseExecutor.java:363)
	at com.kms.katalon.core.main.TestCaseExecutor.execute(TestCaseExecutor.java:363)
	at com.kms.katalon.core.main.TestCaseExecutor.execute(TestCaseExecutor.java:363)
	at com.kms.katalon.core.main.TestSuiteExecutor.accessTestCaseMainPhase(TestSuiteExecutor.java:202)
	at com.kms.katalon.core.main.TestSuiteExecutor.accessTestSuiteMainPhase(TestSuiteExecutor.java:164)
	at com.kms.katalon.core.main.TestSuiteExecutor.execute(TestSuiteExecutor.java:105)
	at com.kms.katalon.core.main.TestCaseMain.startTestSuite(TestCaseMain.java:185)
	at com.kms.katalon.core.main.TestCaseMain$startTestSuite$0.call(Unknown Source)
	at TempTestSuite1650367533113.run(TempTestSuite1650367533113.groovy:36)
"/>
         <system-out><![CDATA[2022-04-19 16:32:43 - [TEST_CASE][FAILED] - Test Cases/testing/politics: Test Cases/testing/politics FAILED.
Reason:
com.kms.katalon.core.exception.StepFailedException: Object Object Repository/politics/Conservative Radio button not found
	at com.kms.katalon.core.keyword.internal.KeywordMain.stepFailed(KeywordMain.groovy:50)
	at com.kms.katalon.core.mobile.keyword.internal.MobileKeywordMain.stepFailed(MobileKeywordMain.groovy:40)
	at com.kms.katalon.core.mobile.keyword.builtin.TapKeyword$_tap_closure1.doCall(TapKeyword.groovy:79)
	at com.kms.katalon.core.mobile.keyword.builtin.TapKeyword$_tap_closure1.call(TapKeyword.groovy)
	at com.kms.katalon.core.mobile.keyword.internal.MobileKeywordMain.runKeyword(MobileKeywordMain.groovy:21)
	at com.kms.katalon.core.mobile.keyword.builtin.TapKeyword.tap(TapKeyword.groovy:86)
	at com.kms.katalon.core.mobile.keyword.builtin.TapKeyword.execute(TapKeyword.groovy:68)
	at com.kms.katalon.core.keyword.internal.KeywordExecutor.executeKeywordForPlatform(KeywordExecutor.groovy:74)
	at com.kms.katalon.core.mobile.keyword.MobileBuiltInKeywords.tap(MobileBuiltInKeywords.groovy:1355)
	at com.kms.katalon.core.mobile.keyword.MobileBuiltInKeywords$tap$1.call(Unknown Source)
	at politics.run(politics:24)
	at com.kms.katalon.core.main.ScriptEngine.run(ScriptEngine.java:194)
	at com.kms.katalon.core.main.ScriptEngine.runScriptAsRawText(ScriptEngine.java:119)
	at com.kms.katalon.core.main.TestCaseExecutor.runScript(TestCaseExecutor.java:442)
	at com.kms.katalon.core.main.TestCaseExecutor.doExecute(TestCaseExecutor.java:433)
	at com.kms.katalon.core.main.TestCaseExecutor.processExecutionPhase(TestCaseExecutor.java:412)
	at com.kms.katalon.core.main.TestCaseExecutor.accessMainPhase(TestCaseExecutor.java:404)
	at com.kms.katalon.core.main.TestCaseExecutor.execute(TestCaseExecutor.java:281)
	at com.kms.katalon.core.main.TestCaseExecutor.execute(TestCaseExecutor.java:363)
	at com.kms.katalon.core.main.TestCaseExecutor.execute(TestCaseExecutor.java:363)
	at com.kms.katalon.core.main.TestCaseExecutor.execute(TestCaseExecutor.java:363)
	at com.kms.katalon.core.main.TestSuiteExecutor.accessTestCaseMainPhase(TestSuiteExecutor.java:202)
	at com.kms.katalon.core.main.TestSuiteExecutor.accessTestSuiteMainPhase(TestSuiteExecutor.java:164)
	at com.kms.katalon.core.main.TestSuiteExecutor.execute(TestSuiteExecutor.java:105)
	at com.kms.katalon.core.main.TestCaseMain.startTestSuite(TestCaseMain.java:185)
	at com.kms.katalon.core.main.TestCaseMain$startTestSuite$0.call(Unknown Source)
	at TempTestSuite1650367533113.run(TempTestSuite1650367533113.groovy:36)


2022-04-19 16:32:43 - [TEST_STEP][PASSED] - checkElement(findTestObject("politics/ABOUT YOU"), 5): Element 'Object Repository/politics/ABOUT YOU' is checked

2022-04-19 16:32:44 - [MESSAGE][PASSED] - Element 'Object Repository/politics/ABOUT YOU' is checked

2022-04-19 16:32:44 - [TEST_STEP][PASSED] - checkElement(findTestObject("politics/We plead the fifth label text"), 5): Element 'Object Repository/politics/We plead the fifth label text' is checked

2022-04-19 16:32:45 - [MESSAGE][PASSED] - Element 'Object Repository/politics/We plead the fifth label text' is checked

2022-04-19 16:32:45 - [TEST_STEP][FAILED] - tap(findTestObject("politics/Conservative Radio button"), 5): Failed to tap on element 'Object Repository/politics/Conservative Radio button' (Root cause: com.kms.katalon.core.exception.StepFailedException: Object Object Repository/politics/Conservative Radio button not found
	at com.kms.katalon.core.keyword.internal.KeywordMain.stepFailed(KeywordMain.groovy:50)
	at com.kms.katalon.core.mobile.keyword.internal.MobileKeywordMain.stepFailed(MobileKeywordMain.groovy:40)
	at com.kms.katalon.core.mobile.keyword.builtin.TapKeyword$_tap_closure1.doCall(TapKeyword.groovy:79)
	at com.kms.katalon.core.mobile.keyword.builtin.TapKeyword$_tap_closure1.call(TapKeyword.groovy)
	at com.kms.katalon.core.mobile.keyword.internal.MobileKeywordMain.runKeyword(MobileKeywordMain.groovy:21)
	at com.kms.katalon.core.mobile.keyword.builtin.TapKeyword.tap(TapKeyword.groovy:86)
	at com.kms.katalon.core.mobile.keyword.builtin.TapKeyword.execute(TapKeyword.groovy:68)
	at com.kms.katalon.core.keyword.internal.KeywordExecutor.executeKeywordForPlatform(KeywordExecutor.groovy:74)
	at com.kms.katalon.core.mobile.keyword.MobileBuiltInKeywords.tap(MobileBuiltInKeywords.groovy:1355)
	at com.kms.katalon.core.mobile.keyword.MobileBuiltInKeywords$tap$1.call(Unknown Source)
	at politics.run(politics:24)
	at com.kms.katalon.core.main.ScriptEngine.run(ScriptEngine.java:194)
	at com.kms.katalon.core.main.ScriptEngine.runScriptAsRawText(ScriptEngine.java:119)
	at com.kms.katalon.core.main.TestCaseExecutor.runScript(TestCaseExecutor.java:442)
	at com.kms.katalon.core.main.TestCaseExecutor.doExecute(TestCaseExecutor.java:433)
	at com.kms.katalon.core.main.TestCaseExecutor.processExecutionPhase(TestCaseExecutor.java:412)
	at com.kms.katalon.core.main.TestCaseExecutor.accessMainPhase(TestCaseExecutor.java:404)
	at com.kms.katalon.core.main.TestCaseExecutor.execute(TestCaseExecutor.java:281)
	at com.kms.katalon.core.main.TestCaseExecutor.execute(TestCaseExecutor.java:363)
	at com.kms.katalon.core.main.TestCaseExecutor.execute(TestCaseExecutor.java:363)
	at com.kms.katalon.core.main.TestCaseExecutor.execute(TestCaseExecutor.java:363)
	at com.kms.katalon.core.main.TestSuiteExecutor.accessTestCaseMainPhase(TestSuiteExecutor.java:202)
	at com.kms.katalon.core.main.TestSuiteExecutor.accessTestSuiteMainPhase(TestSuiteExecutor.java:164)
	at com.kms.katalon.core.main.TestSuiteExecutor.execute(TestSuiteExecutor.java:105)
	at com.kms.katalon.core.main.TestCaseMain.startTestSuite(TestCaseMain.java:185)
	at com.kms.katalon.core.main.TestCaseMain$startTestSuite$0.call(Unknown Source)
	at TempTestSuite1650367533113.run(TempTestSuite1650367533113.groovy:36)
)

2022-04-19 16:32:51 - [MESSAGE][FAILED] - Object Object Repository/politics/Conservative Radio button not found
[[ATTACHMENT|C:\\Users\\Dev\\Katalon Studio\\SpotLove_Stagging\\Reports\\20220419_162533\\Testing SpotLove\\20220419_162533\\1650367970208.png]]

2022-04-19 16:32:51 - [MESSAGE][FAILED] - Failed to tap on element 'Object Repository/politics/Conservative Radio button' (Root cause: com.kms.katalon.core.exception.StepFailedException: Object Object Repository/politics/Conservative Radio button not found
	at com.kms.katalon.core.keyword.internal.KeywordMain.stepFailed(KeywordMain.groovy:50)
	at com.kms.katalon.core.mobile.keyword.internal.MobileKeywordMain.stepFailed(MobileKeywordMain.groovy:40)
	at com.kms.katalon.core.mobile.keyword.builtin.TapKeyword$_tap_closure1.doCall(TapKeyword.groovy:79)
	at com.kms.katalon.core.mobile.keyword.builtin.TapKeyword$_tap_closure1.call(TapKeyword.groovy)
	at com.kms.katalon.core.mobile.keyword.internal.MobileKeywordMain.runKeyword(MobileKeywordMain.groovy:21)
	at com.kms.katalon.core.mobile.keyword.builtin.TapKeyword.tap(TapKeyword.groovy:86)
	at com.kms.katalon.core.mobile.keyword.builtin.TapKeyword.execute(TapKeyword.groovy:68)
	at com.kms.katalon.core.keyword.internal.KeywordExecutor.executeKeywordForPlatform(KeywordExecutor.groovy:74)
	at com.kms.katalon.core.mobile.keyword.MobileBuiltInKeywords.tap(MobileBuiltInKeywords.groovy:1355)
	at com.kms.katalon.core.mobile.keyword.MobileBuiltInKeywords$tap$1.call(Unknown Source)
	at politics.run(politics:24)
	at com.kms.katalon.core.main.ScriptEngine.run(ScriptEngine.java:194)
	at com.kms.katalon.core.main.ScriptEngine.runScriptAsRawText(ScriptEngine.java:119)
	at com.kms.katalon.core.main.TestCaseExecutor.runScript(TestCaseExecutor.java:442)
	at com.kms.katalon.core.main.TestCaseExecutor.doExecute(TestCaseExecutor.java:433)
	at com.kms.katalon.core.main.TestCaseExecutor.processExecutionPhase(TestCaseExecutor.java:412)
	at com.kms.katalon.core.main.TestCaseExecutor.accessMainPhase(TestCaseExecutor.java:404)
	at com.kms.katalon.core.main.TestCaseExecutor.execute(TestCaseExecutor.java:281)
	at com.kms.katalon.core.main.TestCaseExecutor.execute(TestCaseExecutor.java:363)
	at com.kms.katalon.core.main.TestCaseExecutor.execute(TestCaseExecutor.java:363)
	at com.kms.katalon.core.main.TestCaseExecutor.execute(TestCaseExecutor.java:363)
	at com.kms.katalon.core.main.TestSuiteExecutor.accessTestCaseMainPhase(TestSuiteExecutor.java:202)
	at com.kms.katalon.core.main.TestSuiteExecutor.accessTestSuiteMainPhase(TestSuiteExecutor.java:164)
	at com.kms.katalon.core.main.TestSuiteExecutor.execute(TestSuiteExecutor.java:105)
	at com.kms.katalon.core.main.TestCaseMain.startTestSuite(TestCaseMain.java:185)
	at com.kms.katalon.core.main.TestCaseMain$startTestSuite$0.call(Unknown Source)
	at TempTestSuite1650367533113.run(TempTestSuite1650367533113.groovy:36)
)
[[ATTACHMENT|C:\\Users\\Dev\\Katalon Studio\\SpotLove_Stagging\\Reports\\20220419_162533\\Testing SpotLove\\20220419_162533\\1650367971009.png]]]]></system-out>
         <system-err><![CDATA[2022-04-19 16:32:43 - [TEST_CASE][FAILED] - Test Cases/testing/politics: Test Cases/testing/politics FAILED.
Reason:
com.kms.katalon.core.exception.StepFailedException: Object Object Repository/politics/Conservative Radio button not found
	at com.kms.katalon.core.keyword.internal.KeywordMain.stepFailed(KeywordMain.groovy:50)
	at com.kms.katalon.core.mobile.keyword.internal.MobileKeywordMain.stepFailed(MobileKeywordMain.groovy:40)
	at com.kms.katalon.core.mobile.keyword.builtin.TapKeyword$_tap_closure1.doCall(TapKeyword.groovy:79)
	at com.kms.katalon.core.mobile.keyword.builtin.TapKeyword$_tap_closure1.call(TapKeyword.groovy)
	at com.kms.katalon.core.mobile.keyword.internal.MobileKeywordMain.runKeyword(MobileKeywordMain.groovy:21)
	at com.kms.katalon.core.mobile.keyword.builtin.TapKeyword.tap(TapKeyword.groovy:86)
	at com.kms.katalon.core.mobile.keyword.builtin.TapKeyword.execute(TapKeyword.groovy:68)
	at com.kms.katalon.core.keyword.internal.KeywordExecutor.executeKeywordForPlatform(KeywordExecutor.groovy:74)
	at com.kms.katalon.core.mobile.keyword.MobileBuiltInKeywords.tap(MobileBuiltInKeywords.groovy:1355)
	at com.kms.katalon.core.mobile.keyword.MobileBuiltInKeywords$tap$1.call(Unknown Source)
	at politics.run(politics:24)
	at com.kms.katalon.core.main.ScriptEngine.run(ScriptEngine.java:194)
	at com.kms.katalon.core.main.ScriptEngine.runScriptAsRawText(ScriptEngine.java:119)
	at com.kms.katalon.core.main.TestCaseExecutor.runScript(TestCaseExecutor.java:442)
	at com.kms.katalon.core.main.TestCaseExecutor.doExecute(TestCaseExecutor.java:433)
	at com.kms.katalon.core.main.TestCaseExecutor.processExecutionPhase(TestCaseExecutor.java:412)
	at com.kms.katalon.core.main.TestCaseExecutor.accessMainPhase(TestCaseExecutor.java:404)
	at com.kms.katalon.core.main.TestCaseExecutor.execute(TestCaseExecutor.java:281)
	at com.kms.katalon.core.main.TestCaseExecutor.execute(TestCaseExecutor.java:363)
	at com.kms.katalon.core.main.TestCaseExecutor.execute(TestCaseExecutor.java:363)
	at com.kms.katalon.core.main.TestCaseExecutor.execute(TestCaseExecutor.java:363)
	at com.kms.katalon.core.main.TestSuiteExecutor.accessTestCaseMainPhase(TestSuiteExecutor.java:202)
	at com.kms.katalon.core.main.TestSuiteExecutor.accessTestSuiteMainPhase(TestSuiteExecutor.java:164)
	at com.kms.katalon.core.main.TestSuiteExecutor.execute(TestSuiteExecutor.java:105)
	at com.kms.katalon.core.main.TestCaseMain.startTestSuite(TestCaseMain.java:185)
	at com.kms.katalon.core.main.TestCaseMain$startTestSuite$0.call(Unknown Source)
	at TempTestSuite1650367533113.run(TempTestSuite1650367533113.groovy:36)]]></system-err>
      </testcase>
      <testcase name="Test Cases/testing/Upload Picture" time="19.44" classname="Test Cases/testing/Upload Picture" status="FAILED">
         <failure type="FAILED" message="Test Cases/testing/Upload Picture FAILED.
Reason:
com.kms.katalon.core.exception.StepFailedException: Object Object Repository/Upload Picture/Upload Picture Button not found
	at com.kms.katalon.core.keyword.internal.KeywordMain.stepFailed(KeywordMain.groovy:50)
	at com.kms.katalon.core.mobile.keyword.internal.MobileKeywordMain.stepFailed(MobileKeywordMain.groovy:40)
	at com.kms.katalon.core.mobile.keyword.builtin.TapKeyword$_tap_closure1.doCall(TapKeyword.groovy:79)
	at com.kms.katalon.core.mobile.keyword.builtin.TapKeyword$_tap_closure1.call(TapKeyword.groovy)
	at com.kms.katalon.core.mobile.keyword.internal.MobileKeywordMain.runKeyword(MobileKeywordMain.groovy:21)
	at com.kms.katalon.core.mobile.keyword.builtin.TapKeyword.tap(TapKeyword.groovy:86)
	at com.kms.katalon.core.mobile.keyword.builtin.TapKeyword.execute(TapKeyword.groovy:68)
	at com.kms.katalon.core.keyword.internal.KeywordExecutor.executeKeywordForPlatform(KeywordExecutor.groovy:74)
	at com.kms.katalon.core.mobile.keyword.MobileBuiltInKeywords.tap(MobileBuiltInKeywords.groovy:1355)
	at com.kms.katalon.core.mobile.keyword.MobileBuiltInKeywords$tap$1.call(Unknown Source)
	at Upload Picture.run(Upload Picture:24)
	at com.kms.katalon.core.main.ScriptEngine.run(ScriptEngine.java:194)
	at com.kms.katalon.core.main.ScriptEngine.runScriptAsRawText(ScriptEngine.java:119)
	at com.kms.katalon.core.main.TestCaseExecutor.runScript(TestCaseExecutor.java:442)
	at com.kms.katalon.core.main.TestCaseExecutor.doExecute(TestCaseExecutor.java:433)
	at com.kms.katalon.core.main.TestCaseExecutor.processExecutionPhase(TestCaseExecutor.java:412)
	at com.kms.katalon.core.main.TestCaseExecutor.accessMainPhase(TestCaseExecutor.java:404)
	at com.kms.katalon.core.main.TestCaseExecutor.execute(TestCaseExecutor.java:281)
	at com.kms.katalon.core.main.TestCaseExecutor.execute(TestCaseExecutor.java:363)
	at com.kms.katalon.core.main.TestCaseExecutor.execute(TestCaseExecutor.java:363)
	at com.kms.katalon.core.main.TestCaseExecutor.execute(TestCaseExecutor.java:363)
	at com.kms.katalon.core.main.TestSuiteExecutor.accessTestCaseMainPhase(TestSuiteExecutor.java:202)
	at com.kms.katalon.core.main.TestSuiteExecutor.accessTestSuiteMainPhase(TestSuiteExecutor.java:164)
	at com.kms.katalon.core.main.TestSuiteExecutor.execute(TestSuiteExecutor.java:105)
	at com.kms.katalon.core.main.TestCaseMain.startTestSuite(TestCaseMain.java:185)
	at com.kms.katalon.core.main.TestCaseMain$startTestSuite$0.call(Unknown Source)
	at TempTestSuite1650367533113.run(TempTestSuite1650367533113.groovy:36)
"/>
         <system-out><![CDATA[2022-04-19 16:33:21 - [TEST_CASE][FAILED] - Test Cases/testing/Upload Picture: Test Cases/testing/Upload Picture FAILED.
Reason:
com.kms.katalon.core.exception.StepFailedException: Object Object Repository/Upload Picture/Upload Picture Button not found
	at com.kms.katalon.core.keyword.internal.KeywordMain.stepFailed(KeywordMain.groovy:50)
	at com.kms.katalon.core.mobile.keyword.internal.MobileKeywordMain.stepFailed(MobileKeywordMain.groovy:40)
	at com.kms.katalon.core.mobile.keyword.builtin.TapKeyword$_tap_closure1.doCall(TapKeyword.groovy:79)
	at com.kms.katalon.core.mobile.keyword.builtin.TapKeyword$_tap_closure1.call(TapKeyword.groovy)
	at com.kms.katalon.core.mobile.keyword.internal.MobileKeywordMain.runKeyword(MobileKeywordMain.groovy:21)
	at com.kms.katalon.core.mobile.keyword.builtin.TapKeyword.tap(TapKeyword.groovy:86)
	at com.kms.katalon.core.mobile.keyword.builtin.TapKeyword.execute(TapKeyword.groovy:68)
	at com.kms.katalon.core.keyword.internal.KeywordExecutor.executeKeywordForPlatform(KeywordExecutor.groovy:74)
	at com.kms.katalon.core.mobile.keyword.MobileBuiltInKeywords.tap(MobileBuiltInKeywords.groovy:1355)
	at com.kms.katalon.core.mobile.keyword.MobileBuiltInKeywords$tap$1.call(Unknown Source)
	at Upload Picture.run(Upload Picture:24)
	at com.kms.katalon.core.main.ScriptEngine.run(ScriptEngine.java:194)
	at com.kms.katalon.core.main.ScriptEngine.runScriptAsRawText(ScriptEngine.java:119)
	at com.kms.katalon.core.main.TestCaseExecutor.runScript(TestCaseExecutor.java:442)
	at com.kms.katalon.core.main.TestCaseExecutor.doExecute(TestCaseExecutor.java:433)
	at com.kms.katalon.core.main.TestCaseExecutor.processExecutionPhase(TestCaseExecutor.java:412)
	at com.kms.katalon.core.main.TestCaseExecutor.accessMainPhase(TestCaseExecutor.java:404)
	at com.kms.katalon.core.main.TestCaseExecutor.execute(TestCaseExecutor.java:281)
	at com.kms.katalon.core.main.TestCaseExecutor.execute(TestCaseExecutor.java:363)
	at com.kms.katalon.core.main.TestCaseExecutor.execute(TestCaseExecutor.java:363)
	at com.kms.katalon.core.main.TestCaseExecutor.execute(TestCaseExecutor.java:363)
	at com.kms.katalon.core.main.TestSuiteExecutor.accessTestCaseMainPhase(TestSuiteExecutor.java:202)
	at com.kms.katalon.core.main.TestSuiteExecutor.accessTestSuiteMainPhase(TestSuiteExecutor.java:164)
	at com.kms.katalon.core.main.TestSuiteExecutor.execute(TestSuiteExecutor.java:105)
	at com.kms.katalon.core.main.TestCaseMain.startTestSuite(TestCaseMain.java:185)
	at com.kms.katalon.core.main.TestCaseMain$startTestSuite$0.call(Unknown Source)
	at TempTestSuite1650367533113.run(TempTestSuite1650367533113.groovy:36)


2022-04-19 16:33:21 - [TEST_STEP][PASSED] - checkElement(findTestObject("Upload Picture/ABOUT YOU"), 5): Element 'Object Repository/Upload Picture/ABOUT YOU' is checked

2022-04-19 16:33:33 - [MESSAGE][PASSED] - Element 'Object Repository/Upload Picture/ABOUT YOU' is checked

2022-04-19 16:33:33 - [TEST_STEP][PASSED] - checkElement(findTestObject("Upload Picture/Show us your best side label text"), 5): Element 'Object Repository/Upload Picture/Show us your best side label text' is checked

2022-04-19 16:33:33 - [MESSAGE][PASSED] - Element 'Object Repository/Upload Picture/Show us your best side label text' is checked

2022-04-19 16:33:33 - [TEST_STEP][FAILED] - tap(findTestObject("Upload Picture/Upload Picture Button"), 5): Failed to tap on element 'Object Repository/Upload Picture/Upload Picture Button' (Root cause: com.kms.katalon.core.exception.StepFailedException: Object Object Repository/Upload Picture/Upload Picture Button not found
	at com.kms.katalon.core.keyword.internal.KeywordMain.stepFailed(KeywordMain.groovy:50)
	at com.kms.katalon.core.mobile.keyword.internal.MobileKeywordMain.stepFailed(MobileKeywordMain.groovy:40)
	at com.kms.katalon.core.mobile.keyword.builtin.TapKeyword$_tap_closure1.doCall(TapKeyword.groovy:79)
	at com.kms.katalon.core.mobile.keyword.builtin.TapKeyword$_tap_closure1.call(TapKeyword.groovy)
	at com.kms.katalon.core.mobile.keyword.internal.MobileKeywordMain.runKeyword(MobileKeywordMain.groovy:21)
	at com.kms.katalon.core.mobile.keyword.builtin.TapKeyword.tap(TapKeyword.groovy:86)
	at com.kms.katalon.core.mobile.keyword.builtin.TapKeyword.execute(TapKeyword.groovy:68)
	at com.kms.katalon.core.keyword.internal.KeywordExecutor.executeKeywordForPlatform(KeywordExecutor.groovy:74)
	at com.kms.katalon.core.mobile.keyword.MobileBuiltInKeywords.tap(MobileBuiltInKeywords.groovy:1355)
	at com.kms.katalon.core.mobile.keyword.MobileBuiltInKeywords$tap$1.call(Unknown Source)
	at Upload Picture.run(Upload Picture:24)
	at com.kms.katalon.core.main.ScriptEngine.run(ScriptEngine.java:194)
	at com.kms.katalon.core.main.ScriptEngine.runScriptAsRawText(ScriptEngine.java:119)
	at com.kms.katalon.core.main.TestCaseExecutor.runScript(TestCaseExecutor.java:442)
	at com.kms.katalon.core.main.TestCaseExecutor.doExecute(TestCaseExecutor.java:433)
	at com.kms.katalon.core.main.TestCaseExecutor.processExecutionPhase(TestCaseExecutor.java:412)
	at com.kms.katalon.core.main.TestCaseExecutor.accessMainPhase(TestCaseExecutor.java:404)
	at com.kms.katalon.core.main.TestCaseExecutor.execute(TestCaseExecutor.java:281)
	at com.kms.katalon.core.main.TestCaseExecutor.execute(TestCaseExecutor.java:363)
	at com.kms.katalon.core.main.TestCaseExecutor.execute(TestCaseExecutor.java:363)
	at com.kms.katalon.core.main.TestCaseExecutor.execute(TestCaseExecutor.java:363)
	at com.kms.katalon.core.main.TestSuiteExecutor.accessTestCaseMainPhase(TestSuiteExecutor.java:202)
	at com.kms.katalon.core.main.TestSuiteExecutor.accessTestSuiteMainPhase(TestSuiteExecutor.java:164)
	at com.kms.katalon.core.main.TestSuiteExecutor.execute(TestSuiteExecutor.java:105)
	at com.kms.katalon.core.main.TestCaseMain.startTestSuite(TestCaseMain.java:185)
	at com.kms.katalon.core.main.TestCaseMain$startTestSuite$0.call(Unknown Source)
	at TempTestSuite1650367533113.run(TempTestSuite1650367533113.groovy:36)
)

2022-04-19 16:33:40 - [MESSAGE][FAILED] - Object Object Repository/Upload Picture/Upload Picture Button not found
[[ATTACHMENT|C:\\Users\\Dev\\Katalon Studio\\SpotLove_Stagging\\Reports\\20220419_162533\\Testing SpotLove\\20220419_162533\\1650368019402.png]]

2022-04-19 16:33:41 - [MESSAGE][FAILED] - Failed to tap on element 'Object Repository/Upload Picture/Upload Picture Button' (Root cause: com.kms.katalon.core.exception.StepFailedException: Object Object Repository/Upload Picture/Upload Picture Button not found
	at com.kms.katalon.core.keyword.internal.KeywordMain.stepFailed(KeywordMain.groovy:50)
	at com.kms.katalon.core.mobile.keyword.internal.MobileKeywordMain.stepFailed(MobileKeywordMain.groovy:40)
	at com.kms.katalon.core.mobile.keyword.builtin.TapKeyword$_tap_closure1.doCall(TapKeyword.groovy:79)
	at com.kms.katalon.core.mobile.keyword.builtin.TapKeyword$_tap_closure1.call(TapKeyword.groovy)
	at com.kms.katalon.core.mobile.keyword.internal.MobileKeywordMain.runKeyword(MobileKeywordMain.groovy:21)
	at com.kms.katalon.core.mobile.keyword.builtin.TapKeyword.tap(TapKeyword.groovy:86)
	at com.kms.katalon.core.mobile.keyword.builtin.TapKeyword.execute(TapKeyword.groovy:68)
	at com.kms.katalon.core.keyword.internal.KeywordExecutor.executeKeywordForPlatform(KeywordExecutor.groovy:74)
	at com.kms.katalon.core.mobile.keyword.MobileBuiltInKeywords.tap(MobileBuiltInKeywords.groovy:1355)
	at com.kms.katalon.core.mobile.keyword.MobileBuiltInKeywords$tap$1.call(Unknown Source)
	at Upload Picture.run(Upload Picture:24)
	at com.kms.katalon.core.main.ScriptEngine.run(ScriptEngine.java:194)
	at com.kms.katalon.core.main.ScriptEngine.runScriptAsRawText(ScriptEngine.java:119)
	at com.kms.katalon.core.main.TestCaseExecutor.runScript(TestCaseExecutor.java:442)
	at com.kms.katalon.core.main.TestCaseExecutor.doExecute(TestCaseExecutor.java:433)
	at com.kms.katalon.core.main.TestCaseExecutor.processExecutionPhase(TestCaseExecutor.java:412)
	at com.kms.katalon.core.main.TestCaseExecutor.accessMainPhase(TestCaseExecutor.java:404)
	at com.kms.katalon.core.main.TestCaseExecutor.execute(TestCaseExecutor.java:281)
	at com.kms.katalon.core.main.TestCaseExecutor.execute(TestCaseExecutor.java:363)
	at com.kms.katalon.core.main.TestCaseExecutor.execute(TestCaseExecutor.java:363)
	at com.kms.katalon.core.main.TestCaseExecutor.execute(TestCaseExecutor.java:363)
	at com.kms.katalon.core.main.TestSuiteExecutor.accessTestCaseMainPhase(TestSuiteExecutor.java:202)
	at com.kms.katalon.core.main.TestSuiteExecutor.accessTestSuiteMainPhase(TestSuiteExecutor.java:164)
	at com.kms.katalon.core.main.TestSuiteExecutor.execute(TestSuiteExecutor.java:105)
	at com.kms.katalon.core.main.TestCaseMain.startTestSuite(TestCaseMain.java:185)
	at com.kms.katalon.core.main.TestCaseMain$startTestSuite$0.call(Unknown Source)
	at TempTestSuite1650367533113.run(TempTestSuite1650367533113.groovy:36)
)
[[ATTACHMENT|C:\\Users\\Dev\\Katalon Studio\\SpotLove_Stagging\\Reports\\20220419_162533\\Testing SpotLove\\20220419_162533\\1650368020221.png]]]]></system-out>
         <system-err><![CDATA[2022-04-19 16:33:21 - [TEST_CASE][FAILED] - Test Cases/testing/Upload Picture: Test Cases/testing/Upload Picture FAILED.
Reason:
com.kms.katalon.core.exception.StepFailedException: Object Object Repository/Upload Picture/Upload Picture Button not found
	at com.kms.katalon.core.keyword.internal.KeywordMain.stepFailed(KeywordMain.groovy:50)
	at com.kms.katalon.core.mobile.keyword.internal.MobileKeywordMain.stepFailed(MobileKeywordMain.groovy:40)
	at com.kms.katalon.core.mobile.keyword.builtin.TapKeyword$_tap_closure1.doCall(TapKeyword.groovy:79)
	at com.kms.katalon.core.mobile.keyword.builtin.TapKeyword$_tap_closure1.call(TapKeyword.groovy)
	at com.kms.katalon.core.mobile.keyword.internal.MobileKeywordMain.runKeyword(MobileKeywordMain.groovy:21)
	at com.kms.katalon.core.mobile.keyword.builtin.TapKeyword.tap(TapKeyword.groovy:86)
	at com.kms.katalon.core.mobile.keyword.builtin.TapKeyword.execute(TapKeyword.groovy:68)
	at com.kms.katalon.core.keyword.internal.KeywordExecutor.executeKeywordForPlatform(KeywordExecutor.groovy:74)
	at com.kms.katalon.core.mobile.keyword.MobileBuiltInKeywords.tap(MobileBuiltInKeywords.groovy:1355)
	at com.kms.katalon.core.mobile.keyword.MobileBuiltInKeywords$tap$1.call(Unknown Source)
	at Upload Picture.run(Upload Picture:24)
	at com.kms.katalon.core.main.ScriptEngine.run(ScriptEngine.java:194)
	at com.kms.katalon.core.main.ScriptEngine.runScriptAsRawText(ScriptEngine.java:119)
	at com.kms.katalon.core.main.TestCaseExecutor.runScript(TestCaseExecutor.java:442)
	at com.kms.katalon.core.main.TestCaseExecutor.doExecute(TestCaseExecutor.java:433)
	at com.kms.katalon.core.main.TestCaseExecutor.processExecutionPhase(TestCaseExecutor.java:412)
	at com.kms.katalon.core.main.TestCaseExecutor.accessMainPhase(TestCaseExecutor.java:404)
	at com.kms.katalon.core.main.TestCaseExecutor.execute(TestCaseExecutor.java:281)
	at com.kms.katalon.core.main.TestCaseExecutor.execute(TestCaseExecutor.java:363)
	at com.kms.katalon.core.main.TestCaseExecutor.execute(TestCaseExecutor.java:363)
	at com.kms.katalon.core.main.TestCaseExecutor.execute(TestCaseExecutor.java:363)
	at com.kms.katalon.core.main.TestSuiteExecutor.accessTestCaseMainPhase(TestSuiteExecutor.java:202)
	at com.kms.katalon.core.main.TestSuiteExecutor.accessTestSuiteMainPhase(TestSuiteExecutor.java:164)
	at com.kms.katalon.core.main.TestSuiteExecutor.execute(TestSuiteExecutor.java:105)
	at com.kms.katalon.core.main.TestCaseMain.startTestSuite(TestCaseMain.java:185)
	at com.kms.katalon.core.main.TestCaseMain$startTestSuite$0.call(Unknown Source)
	at TempTestSuite1650367533113.run(TempTestSuite1650367533113.groovy:36)]]></system-err>
      </testcase>
      <testcase name="Test Cases/testing/Partner Start Info" time="29.755" classname="Test Cases/testing/Partner Start Info" status="PASSED">
         <system-out><![CDATA[2022-04-19 16:33:41 - [TEST_CASE][PASSED] - Test Cases/testing/Partner Start Info: Test Cases/testing/Partner Start Info

2022-04-19 16:33:41 - [TEST_STEP][PASSED] - checkElement(findTestObject("Have Fun Time/Now for the fun part  label text"), 5): Element 'Object Repository/Have Fun Time/Now for the fun part  label text' is checked

2022-04-19 16:34:10 - [MESSAGE][PASSED] - Element 'Object Repository/Have Fun Time/Now for the fun part  label text' is checked

2022-04-19 16:34:10 - [TEST_STEP][PASSED] - tap(findTestObject("Have Fun Time/Forword"), 5): Tapped on element 'Object Repository/Have Fun Time/Forword'

2022-04-19 16:34:10 - [MESSAGE][PASSED] - Tapped on element 'Object Repository/Have Fun Time/Forword']]></system-out>
         <system-err><![CDATA[]]></system-err>
      </testcase>
      <testcase name="Test Cases/testing/Partner Gender" time="21.352" classname="Test Cases/testing/Partner Gender" status="PASSED">
         <system-out><![CDATA[2022-04-19 16:34:10 - [TEST_CASE][PASSED] - Test Cases/testing/Partner Gender: Test Cases/testing/Partner Gender

2022-04-19 16:34:11 - [TEST_STEP][PASSED] - startExistingApplication("com.spotlove.releaseproduction", STOP_ON_FAILURE): Starting app with application ID: 'com.spotlove.releaseproduction'

2022-04-19 16:34:22 - [MESSAGE][PASSED] - Starting app with application ID: 'com.spotlove.releaseproduction'

2022-04-19 16:34:22 - [TEST_STEP][PASSED] - checkElement(findTestObject("Partner Gender/YOUR MATCH"), 0): Element 'Object Repository/Partner Gender/YOUR MATCH' is checked

2022-04-19 16:34:22 - [MESSAGE][WARNING] - Timeout '0' is invalid. Using default page load timeout: '30'

2022-04-19 16:34:24 - [MESSAGE][PASSED] - Element 'Object Repository/Partner Gender/YOUR MATCH' is checked

2022-04-19 16:34:24 - [TEST_STEP][PASSED] - checkElement(findTestObject("Partner Gender/Choose on"), 0): Element 'Object Repository/Partner Gender/Choose on' is checked

2022-04-19 16:34:24 - [MESSAGE][WARNING] - Timeout '0' is invalid. Using default page load timeout: '30'

2022-04-19 16:34:25 - [MESSAGE][PASSED] - Element 'Object Repository/Partner Gender/Choose on' is checked

2022-04-19 16:34:25 - [TEST_STEP][PASSED] - tap(findTestObject("Partner Gender/Open to All"), 0): Tapped on element 'Object Repository/Partner Gender/Open to All'

2022-04-19 16:34:25 - [MESSAGE][WARNING] - Timeout '0' is invalid. Using default page load timeout: '30'

2022-04-19 16:34:26 - [MESSAGE][PASSED] - Tapped on element 'Object Repository/Partner Gender/Open to All'

2022-04-19 16:34:26 - [TEST_STEP][PASSED] - tap(findTestObject("Partner Gender/Female Checkbox"), 0): Tapped on element 'Object Repository/Partner Gender/Female Checkbox'

2022-04-19 16:34:26 - [MESSAGE][WARNING] - Timeout '0' is invalid. Using default page load timeout: '30'

2022-04-19 16:34:27 - [MESSAGE][PASSED] - Tapped on element 'Object Repository/Partner Gender/Female Checkbox'

2022-04-19 16:34:27 - [TEST_STEP][PASSED] - tap(findTestObject("Partner Gender/Male CheckBox"), 0): Tapped on element 'Object Repository/Partner Gender/Male CheckBox'

2022-04-19 16:34:27 - [MESSAGE][WARNING] - Timeout '0' is invalid. Using default page load timeout: '30'

2022-04-19 16:34:28 - [MESSAGE][PASSED] - Tapped on element 'Object Repository/Partner Gender/Male CheckBox'

2022-04-19 16:34:28 - [TEST_STEP][PASSED] - tap(findTestObject("Partner Gender/Non-Binary Checkbox"), 0): Tapped on element 'Object Repository/Partner Gender/Non-Binary Checkbox'

2022-04-19 16:34:28 - [MESSAGE][WARNING] - Timeout '0' is invalid. Using default page load timeout: '30'

2022-04-19 16:34:29 - [MESSAGE][PASSED] - Tapped on element 'Object Repository/Partner Gender/Non-Binary Checkbox'

2022-04-19 16:34:29 - [TEST_STEP][PASSED] - tap(findTestObject("Partner Gender/Open to All"), 0): Tapped on element 'Object Repository/Partner Gender/Open to All'

2022-04-19 16:34:29 - [MESSAGE][WARNING] - Timeout '0' is invalid. Using default page load timeout: '30'

2022-04-19 16:34:31 - [MESSAGE][PASSED] - Tapped on element 'Object Repository/Partner Gender/Open to All'

2022-04-19 16:34:31 - [TEST_STEP][PASSED] - tap(findTestObject("Partner Gender/forword"), 0): Tapped on element 'Object Repository/Partner Gender/forword'

2022-04-19 16:34:31 - [MESSAGE][WARNING] - Timeout '0' is invalid. Using default page load timeout: '30'

2022-04-19 16:34:32 - [MESSAGE][PASSED] - Tapped on element 'Object Repository/Partner Gender/forword']]></system-out>
         <system-err><![CDATA[]]></system-err>
      </testcase>
      <testcase name="Test Cases/testing/Partner ethnicity" time="11.229" classname="Test Cases/testing/Partner ethnicity" status="PASSED">
         <system-out><![CDATA[2022-04-19 16:34:32 - [TEST_CASE][PASSED] - Test Cases/testing/Partner ethnicity: Test Cases/testing/Partner ethnicity

2022-04-19 16:34:32 - [TEST_STEP][PASSED] - checkElement(findTestObject("Partner Ethnicity/YOUR MATCH"), 5): Element 'Object Repository/Partner Ethnicity/YOUR MATCH' is checked

2022-04-19 16:34:34 - [MESSAGE][PASSED] - Element 'Object Repository/Partner Ethnicity/YOUR MATCH' is checked

2022-04-19 16:34:34 - [TEST_STEP][PASSED] - checkElement(findTestObject("Partner Ethnicity/ETHNICITY label Text"), 5): Element 'Object Repository/Partner Ethnicity/ETHNICITY label Text' is checked

2022-04-19 16:34:34 - [MESSAGE][PASSED] - Element 'Object Repository/Partner Ethnicity/ETHNICITY label Text' is checked

2022-04-19 16:34:34 - [TEST_STEP][PASSED] - tap(findTestObject("Partner Ethnicity/Open To All"), 5): Tapped on element 'Object Repository/Partner Ethnicity/Open To All'

2022-04-19 16:34:35 - [MESSAGE][PASSED] - Tapped on element 'Object Repository/Partner Ethnicity/Open To All'

2022-04-19 16:34:35 - [TEST_STEP][PASSED] - tap(findTestObject("Partner Ethnicity/East Asian"), 5): Tapped on element 'Object Repository/Partner Ethnicity/East Asian'

2022-04-19 16:34:36 - [MESSAGE][PASSED] - Tapped on element 'Object Repository/Partner Ethnicity/East Asian'

2022-04-19 16:34:36 - [TEST_STEP][PASSED] - tap(findTestObject("Partner Ethnicity/Middle Eastern"), 5): Tapped on element 'Object Repository/Partner Ethnicity/Middle Eastern'

2022-04-19 16:34:37 - [MESSAGE][PASSED] - Tapped on element 'Object Repository/Partner Ethnicity/Middle Eastern'

2022-04-19 16:34:37 - [TEST_STEP][PASSED] - tap(findTestObject("Partner Ethnicity/Hispanic"), 5): Tapped on element 'Object Repository/Partner Ethnicity/Hispanic'

2022-04-19 16:34:38 - [MESSAGE][PASSED] - Tapped on element 'Object Repository/Partner Ethnicity/Hispanic'

2022-04-19 16:34:38 - [TEST_STEP][PASSED] - tap(findTestObject("Partner Ethnicity/Multiracial"), 5): Tapped on element 'Object Repository/Partner Ethnicity/Multiracial'

2022-04-19 16:34:39 - [MESSAGE][PASSED] - Tapped on element 'Object Repository/Partner Ethnicity/Multiracial'

2022-04-19 16:34:39 - [TEST_STEP][PASSED] - tap(findTestObject("Partner Ethnicity/White caucasian"), 5): Tapped on element 'Object Repository/Partner Ethnicity/White caucasian'

2022-04-19 16:34:40 - [MESSAGE][PASSED] - Tapped on element 'Object Repository/Partner Ethnicity/White caucasian'

2022-04-19 16:34:40 - [TEST_STEP][PASSED] - tap(findTestObject("Partner Ethnicity/Pacific Islander"), 5): Tapped on element 'Object Repository/Partner Ethnicity/Pacific Islander'

2022-04-19 16:34:41 - [MESSAGE][PASSED] - Tapped on element 'Object Repository/Partner Ethnicity/Pacific Islander'

2022-04-19 16:34:41 - [TEST_STEP][PASSED] - tap(findTestObject("Partner Ethnicity/South Asian"), 5): Tapped on element 'Object Repository/Partner Ethnicity/South Asian'

2022-04-19 16:34:42 - [MESSAGE][PASSED] - Tapped on element 'Object Repository/Partner Ethnicity/South Asian'

2022-04-19 16:34:42 - [TEST_STEP][PASSED] - tap(findTestObject("Partner Ethnicity/forword"), 5): Tapped on element 'Object Repository/Partner Ethnicity/forword'

2022-04-19 16:34:43 - [MESSAGE][PASSED] - Tapped on element 'Object Repository/Partner Ethnicity/forword']]></system-out>
         <system-err><![CDATA[]]></system-err>
      </testcase>
      <testcase name="Test Cases/testing/Partner Religion" time="30.146" classname="Test Cases/testing/Partner Religion" status="PASSED">
         <system-out><![CDATA[2022-04-19 16:34:43 - [TEST_CASE][PASSED] - Test Cases/testing/Partner Religion: Test Cases/testing/Partner Religion

2022-04-19 16:34:43 - [TEST_STEP][PASSED] - checkElement(findTestObject("Partner Religion/YOUR MATCH"), 5): Element 'Object Repository/Partner Religion/YOUR MATCH' is checked

2022-04-19 16:34:44 - [MESSAGE][PASSED] - Element 'Object Repository/Partner Religion/YOUR MATCH' is checked

2022-04-19 16:34:44 - [TEST_STEP][PASSED] - checkElement(findTestObject("Partner Religion/The answer to"), 5): Element 'Object Repository/Partner Religion/The answer to' is checked

2022-04-19 16:34:45 - [MESSAGE][PASSED] - Element 'Object Repository/Partner Religion/The answer to' is checked

2022-04-19 16:34:45 - [TEST_STEP][PASSED] - checkElement(findTestObject("Partner Religion/RELIGION label Text"), 5): Element 'Object Repository/Partner Religion/RELIGION label Text' is checked

2022-04-19 16:34:46 - [MESSAGE][PASSED] - Element 'Object Repository/Partner Religion/RELIGION label Text' is checked

2022-04-19 16:34:46 - [TEST_STEP][PASSED] - checkElement(findTestObject("Partner Religion/Open To All"), 5): Element 'Object Repository/Partner Religion/Open To All' is checked

2022-04-19 16:34:46 - [MESSAGE][PASSED] - Element 'Object Repository/Partner Religion/Open To All' is checked

2022-04-19 16:34:46 - [TEST_STEP][PASSED] - checkElement(findTestObject("Partner Religion/Hindu"), 5): Element 'Object Repository/Partner Religion/Hindu' is checked

2022-04-19 16:34:47 - [MESSAGE][PASSED] - Element 'Object Repository/Partner Religion/Hindu' is checked

2022-04-19 16:34:47 - [TEST_STEP][PASSED] - checkElement(findTestObject("Partner Religion/Buddhist"), 5): Element 'Object Repository/Partner Religion/Buddhist' is checked

2022-04-19 16:34:48 - [MESSAGE][PASSED] - Element 'Object Repository/Partner Religion/Buddhist' is checked

2022-04-19 16:34:48 - [TEST_STEP][PASSED] - checkElement(findTestObject("Partner Religion/LDS"), 5): Element 'Object Repository/Partner Religion/LDS' is checked

2022-04-19 16:34:49 - [MESSAGE][PASSED] - Element 'Object Repository/Partner Religion/LDS' is checked

2022-04-19 16:34:49 - [TEST_STEP][PASSED] - checkElement(findTestObject("Partner Religion/Muslim"), 5): Element 'Object Repository/Partner Religion/Muslim' is checked

2022-04-19 16:34:50 - [MESSAGE][PASSED] - Element 'Object Repository/Partner Religion/Muslim' is checked

2022-04-19 16:34:50 - [TEST_STEP][PASSED] - checkElement(findTestObject("Partner Religion/Sikh"), 5): Element 'Object Repository/Partner Religion/Sikh' is checked

2022-04-19 16:34:51 - [MESSAGE][PASSED] - Element 'Object Repository/Partner Religion/Sikh' is checked

2022-04-19 16:34:51 - [TEST_STEP][PASSED] - checkElement(findTestObject("Partner Religion/Spiritual"), 5): Element 'Object Repository/Partner Religion/Spiritual' is checked

2022-04-19 16:34:52 - [MESSAGE][PASSED] - Element 'Object Repository/Partner Religion/Spiritual' is checked

2022-04-19 16:34:52 - [TEST_STEP][PASSED] - checkElement(findTestObject("Partner Religion/Open To All"), 5): Element 'Object Repository/Partner Religion/Open To All' is checked

2022-04-19 16:35:12 - [MESSAGE][PASSED] - Element 'Object Repository/Partner Religion/Open To All' is checked

2022-04-19 16:35:12 - [TEST_STEP][PASSED] - checkElement(findTestObject("Partner Religion/Forword"), 5): Element 'Object Repository/Partner Religion/Forword' is checked

2022-04-19 16:35:13 - [MESSAGE][PASSED] - Element 'Object Repository/Partner Religion/Forword' is checked]]></system-out>
         <system-err><![CDATA[]]></system-err>
      </testcase>
      <testcase name="Test Cases/testing/Partner Marital Status" time="36.42" classname="Test Cases/testing/Partner Marital Status" status="PASSED">
         <system-out><![CDATA[2022-04-19 16:35:13 - [TEST_CASE][PASSED] - Test Cases/testing/Partner Marital Status: Test Cases/testing/Partner Marital Status

2022-04-19 16:35:13 - [TEST_STEP][PASSED] - checkElement(findTestObject("Partner Marital Status/YOUR MATCH"), 5): Element 'Object Repository/Partner Marital Status/YOUR MATCH' is checked

2022-04-19 16:35:14 - [MESSAGE][PASSED] - Element 'Object Repository/Partner Marital Status/YOUR MATCH' is checked

2022-04-19 16:35:14 - [TEST_STEP][PASSED] - checkElement(findTestObject("Partner Marital Status/Obviously your"), 5): Element 'Object Repository/Partner Marital Status/Obviously your' is checked

2022-04-19 16:35:41 - [MESSAGE][PASSED] - Element 'Object Repository/Partner Marital Status/Obviously your' is checked

2022-04-19 16:35:41 - [TEST_STEP][PASSED] - checkElement(findTestObject("Partner Marital Status/MARITAL STATUS label Text"), 5): Element 'Object Repository/Partner Marital Status/MARITAL STATUS label Text' is checked

2022-04-19 16:35:42 - [MESSAGE][PASSED] - Element 'Object Repository/Partner Marital Status/MARITAL STATUS label Text' is checked

2022-04-19 16:35:42 - [TEST_STEP][PASSED] - tap(findTestObject("Partner Marital Status/Open To All"), 5): Tapped on element 'Object Repository/Partner Marital Status/Open To All'

2022-04-19 16:35:42 - [MESSAGE][PASSED] - Tapped on element 'Object Repository/Partner Marital Status/Open To All'

2022-04-19 16:35:42 - [TEST_STEP][PASSED] - tap(findTestObject("Partner Marital Status/Never Married"), 5): Tapped on element 'Object Repository/Partner Marital Status/Never Married'

2022-04-19 16:35:43 - [MESSAGE][PASSED] - Tapped on element 'Object Repository/Partner Marital Status/Never Married'

2022-04-19 16:35:43 - [TEST_STEP][PASSED] - tap(findTestObject("Partner Marital Status/Divorced"), 5): Tapped on element 'Object Repository/Partner Marital Status/Divorced'

2022-04-19 16:35:44 - [MESSAGE][PASSED] - Tapped on element 'Object Repository/Partner Marital Status/Divorced'

2022-04-19 16:35:44 - [TEST_STEP][PASSED] - tap(findTestObject("Partner Marital Status/Separated"), 5): Tapped on element 'Object Repository/Partner Marital Status/Separated'

2022-04-19 16:35:45 - [MESSAGE][PASSED] - Tapped on element 'Object Repository/Partner Marital Status/Separated'

2022-04-19 16:35:45 - [TEST_STEP][PASSED] - tap(findTestObject("Partner Marital Status/divorce in Progress"), 5): Tapped on element 'Object Repository/Partner Marital Status/divorce in Progress'

2022-04-19 16:35:46 - [MESSAGE][PASSED] - Tapped on element 'Object Repository/Partner Marital Status/divorce in Progress'

2022-04-19 16:35:46 - [TEST_STEP][PASSED] - tap(findTestObject("Partner Marital Status/Widowed"), 5): Tapped on element 'Object Repository/Partner Marital Status/Widowed'

2022-04-19 16:35:47 - [MESSAGE][PASSED] - Tapped on element 'Object Repository/Partner Marital Status/Widowed'

2022-04-19 16:35:47 - [TEST_STEP][PASSED] - tap(findTestObject("Partner Marital Status/Open To All"), 5): Tapped on element 'Object Repository/Partner Marital Status/Open To All'

2022-04-19 16:35:48 - [MESSAGE][PASSED] - Tapped on element 'Object Repository/Partner Marital Status/Open To All'

2022-04-19 16:35:48 - [TEST_STEP][PASSED] - tap(findTestObject("Partner Marital Status/Forword"), 5): Tapped on element 'Object Repository/Partner Marital Status/Forword'

2022-04-19 16:35:49 - [MESSAGE][PASSED] - Tapped on element 'Object Repository/Partner Marital Status/Forword']]></system-out>
         <system-err><![CDATA[]]></system-err>
      </testcase>
      <testcase name="Test Cases/testing/partner Family Plan" time="23.588" classname="Test Cases/testing/partner Family Plan" status="PASSED">
         <system-out><![CDATA[2022-04-19 16:35:49 - [TEST_CASE][PASSED] - Test Cases/testing/partner Family Plan: Test Cases/testing/partner Family Plan

2022-04-19 16:35:50 - [TEST_STEP][PASSED] - checkElement(findTestObject("partner Family Plans/YOUR MATCH"), 0): Element 'Object Repository/partner Family Plans/YOUR MATCH' is checked

2022-04-19 16:35:50 - [MESSAGE][WARNING] - Timeout '0' is invalid. Using default page load timeout: '30'

2022-04-19 16:35:50 - [MESSAGE][PASSED] - Element 'Object Repository/partner Family Plans/YOUR MATCH' is checked

2022-04-19 16:35:50 - [TEST_STEP][PASSED] - checkElement(findTestObject("partner Family Plans/You can"), 0): Element 'Object Repository/partner Family Plans/You can' is checked

2022-04-19 16:35:51 - [MESSAGE][WARNING] - Timeout '0' is invalid. Using default page load timeout: '30'

2022-04-19 16:36:05 - [MESSAGE][PASSED] - Element 'Object Repository/partner Family Plans/You can' is checked

2022-04-19 16:36:05 - [TEST_STEP][PASSED] - checkElement(findTestObject("partner Family Plans/CHILDREN label Text"), 0): Element 'Object Repository/partner Family Plans/CHILDREN label Text' is checked

2022-04-19 16:36:05 - [MESSAGE][WARNING] - Timeout '0' is invalid. Using default page load timeout: '30'

2022-04-19 16:36:05 - [MESSAGE][PASSED] - Element 'Object Repository/partner Family Plans/CHILDREN label Text' is checked

2022-04-19 16:36:05 - [TEST_STEP][PASSED] - tap(findTestObject("partner Family Plans/Open To All"), 5): Tapped on element 'Object Repository/partner Family Plans/Open To All'

2022-04-19 16:36:06 - [MESSAGE][PASSED] - Tapped on element 'Object Repository/partner Family Plans/Open To All'

2022-04-19 16:36:06 - [TEST_STEP][PASSED] - tap(findTestObject("partner Family Plans/I have Children"), 5): Tapped on element 'Object Repository/partner Family Plans/I have Children'

2022-04-19 16:36:07 - [MESSAGE][PASSED] - Tapped on element 'Object Repository/partner Family Plans/I have Children'

2022-04-19 16:36:07 - [TEST_STEP][PASSED] - tap(findTestObject("partner Family Plans/I dont want Children"), 5): Tapped on element 'Object Repository/partner Family Plans/I dont want Children'

2022-04-19 16:36:08 - [MESSAGE][PASSED] - Tapped on element 'Object Repository/partner Family Plans/I dont want Children'

2022-04-19 16:36:08 - [TEST_STEP][PASSED] - tap(findTestObject("partner Family Plans/I want children"), 5): Tapped on element 'Object Repository/partner Family Plans/I want children'

2022-04-19 16:36:09 - [MESSAGE][PASSED] - Tapped on element 'Object Repository/partner Family Plans/I want children'

2022-04-19 16:36:09 - [TEST_STEP][PASSED] - tap(findTestObject("partner Family Plans/Open To All"), 5): Tapped on element 'Object Repository/partner Family Plans/Open To All'

2022-04-19 16:36:09 - [MESSAGE][PASSED] - Tapped on element 'Object Repository/partner Family Plans/Open To All'

2022-04-19 16:36:09 - [TEST_STEP][PASSED] - tap(findTestObject("partner Family Plans/I dont Have Children"), 5): Tapped on element 'Object Repository/partner Family Plans/I dont Have Children'

2022-04-19 16:36:11 - [MESSAGE][PASSED] - Tapped on element 'Object Repository/partner Family Plans/I dont Have Children'

2022-04-19 16:36:11 - [TEST_STEP][PASSED] - tap(findTestObject("partner Family Plans/I want children"), 5): Tapped on element 'Object Repository/partner Family Plans/I want children'

2022-04-19 16:36:11 - [MESSAGE][PASSED] - Tapped on element 'Object Repository/partner Family Plans/I want children'

2022-04-19 16:36:11 - [TEST_STEP][PASSED] - tap(findTestObject("partner Family Plans/I m open To children"), 5): Tapped on element 'Object Repository/partner Family Plans/I m open To children'

2022-04-19 16:36:13 - [MESSAGE][PASSED] - Tapped on element 'Object Repository/partner Family Plans/I m open To children'

2022-04-19 16:36:13 - [TEST_STEP][PASSED] - tap(findTestObject("partner Family Plans/forword"), 5): Tapped on element 'Object Repository/partner Family Plans/forword'

2022-04-19 16:36:13 - [MESSAGE][PASSED] - Tapped on element 'Object Repository/partner Family Plans/forword']]></system-out>
         <system-err><![CDATA[]]></system-err>
      </testcase>
      <testcase name="Test Cases/testing/Partner Education" time="10.85" classname="Test Cases/testing/Partner Education" status="PASSED">
         <system-out><![CDATA[2022-04-19 16:36:13 - [TEST_CASE][PASSED] - Test Cases/testing/Partner Education: Test Cases/testing/Partner Education

2022-04-19 16:36:13 - [TEST_STEP][PASSED] - checkElement(findTestObject("Partner Education/YOUR MATCH"), 5): Element 'Object Repository/Partner Education/YOUR MATCH' is checked

2022-04-19 16:36:15 - [MESSAGE][PASSED] - Element 'Object Repository/Partner Education/YOUR MATCH' is checked

2022-04-19 16:36:15 - [TEST_STEP][PASSED] - checkElement(findTestObject("Partner Education/Who gets an A in your book label text"), 5): Element 'Object Repository/Partner Education/Who gets an A in your book label text' is checked

2022-04-19 16:36:16 - [MESSAGE][PASSED] - Element 'Object Repository/Partner Education/Who gets an A in your book label text' is checked

2022-04-19 16:36:16 - [TEST_STEP][PASSED] - checkElement(findTestObject("Partner Education/EDUCATION label text"), 5): Element 'Object Repository/Partner Education/EDUCATION label text' is checked

2022-04-19 16:36:17 - [MESSAGE][PASSED] - Element 'Object Repository/Partner Education/EDUCATION label text' is checked

2022-04-19 16:36:17 - [TEST_STEP][PASSED] - checkElement(findTestObject("Partner Education/Open To All"), 5): Element 'Object Repository/Partner Education/Open To All' is checked

2022-04-19 16:36:17 - [MESSAGE][PASSED] - Element 'Object Repository/Partner Education/Open To All' is checked

2022-04-19 16:36:17 - [TEST_STEP][PASSED] - checkElement(findTestObject("Partner Education/PHD Doctor"), 5): Element 'Object Repository/Partner Education/PHD Doctor' is checked

2022-04-19 16:36:19 - [MESSAGE][PASSED] - Element 'Object Repository/Partner Education/PHD Doctor' is checked

2022-04-19 16:36:19 - [TEST_STEP][PASSED] - checkElement(findTestObject("Partner Education/Some College"), 5): Element 'Object Repository/Partner Education/Some College' is checked

2022-04-19 16:36:20 - [MESSAGE][PASSED] - Element 'Object Repository/Partner Education/Some College' is checked

2022-04-19 16:36:20 - [TEST_STEP][PASSED] - checkElement(findTestObject("Partner Education/HS Diploma CheckBox"), 5): Element 'Object Repository/Partner Education/HS Diploma CheckBox' is checked

2022-04-19 16:36:21 - [MESSAGE][PASSED] - Element 'Object Repository/Partner Education/HS Diploma CheckBox' is checked

2022-04-19 16:36:21 - [TEST_STEP][PASSED] - checkElement(findTestObject("Partner Education/PHD Doctor"), 5): Element 'Object Repository/Partner Education/PHD Doctor' is checked

2022-04-19 16:36:22 - [MESSAGE][PASSED] - Element 'Object Repository/Partner Education/PHD Doctor' is checked

2022-04-19 16:36:22 - [TEST_STEP][PASSED] - checkElement(findTestObject("Partner Education/Graduation Professtional Degree"), 5): Element 'Object Repository/Partner Education/Graduation Professtional Degree' is checked

2022-04-19 16:36:23 - [MESSAGE][PASSED] - Element 'Object Repository/Partner Education/Graduation Professtional Degree' is checked

2022-04-19 16:36:23 - [TEST_STEP][PASSED] - checkElement(findTestObject("Partner Education/forword"), 5): Element 'Object Repository/Partner Education/forword' is checked

2022-04-19 16:36:24 - [MESSAGE][PASSED] - Element 'Object Repository/Partner Education/forword' is checked]]></system-out>
         <system-err><![CDATA[]]></system-err>
      </testcase>
      <testcase name="Test Cases/testing/Partner Vices" time="18.118" classname="Test Cases/testing/Partner Vices" status="PASSED">
         <system-out><![CDATA[2022-04-19 16:36:24 - [TEST_CASE][PASSED] - Test Cases/testing/Partner Vices: Test Cases/testing/Partner Vices

2022-04-19 16:36:24 - [TEST_STEP][PASSED] - checkElement(findTestObject("Partner Vices/YOUR MATCH"), 5): Element 'Object Repository/Partner Vices/YOUR MATCH' is checked

2022-04-19 16:36:25 - [MESSAGE][PASSED] - Element 'Object Repository/Partner Vices/YOUR MATCH' is checked

2022-04-19 16:36:25 - [TEST_STEP][PASSED] - checkElement(findTestObject("Partner Vices/No judgement here label text"), 5): Element 'Object Repository/Partner Vices/No judgement here label text' is checked

2022-04-19 16:36:27 - [MESSAGE][PASSED] - Element 'Object Repository/Partner Vices/No judgement here label text' is checked

2022-04-19 16:36:27 - [TEST_STEP][PASSED] - checkElement(findTestObject("Partner Vices/SMOKING Label Text"), 5): Element 'Object Repository/Partner Vices/SMOKING Label Text' is checked

2022-04-19 16:36:27 - [MESSAGE][PASSED] - Element 'Object Repository/Partner Vices/SMOKING Label Text' is checked

2022-04-19 16:36:27 - [TEST_STEP][PASSED] - tap(findTestObject("Partner Vices/Open To All SM"), 5): Tapped on element 'Object Repository/Partner Vices/Open To All SM'

2022-04-19 16:36:28 - [MESSAGE][PASSED] - Tapped on element 'Object Repository/Partner Vices/Open To All SM'

2022-04-19 16:36:28 - [TEST_STEP][PASSED] - tap(findTestObject("Partner Vices/Often Checkbox"), 5): Tapped on element 'Object Repository/Partner Vices/Often Checkbox'

2022-04-19 16:36:29 - [MESSAGE][PASSED] - Tapped on element 'Object Repository/Partner Vices/Often Checkbox'

2022-04-19 16:36:29 - [TEST_STEP][PASSED] - tap(findTestObject("Partner Vices/Never Checkbox"), 5): Tapped on element 'Object Repository/Partner Vices/Never Checkbox'

2022-04-19 16:36:30 - [MESSAGE][PASSED] - Tapped on element 'Object Repository/Partner Vices/Never Checkbox'

2022-04-19 16:36:30 - [TEST_STEP][PASSED] - tap(findTestObject("Partner Vices/socially Checkbox"), 5): Tapped on element 'Object Repository/Partner Vices/socially Checkbox'

2022-04-19 16:36:31 - [MESSAGE][PASSED] - Tapped on element 'Object Repository/Partner Vices/socially Checkbox'

2022-04-19 16:36:31 - [TEST_STEP][PASSED] - checkElement(findTestObject("Partner Vices/ALCOHOL label text"), 5): Element 'Object Repository/Partner Vices/ALCOHOL label text' is checked

2022-04-19 16:36:32 - [MESSAGE][PASSED] - Element 'Object Repository/Partner Vices/ALCOHOL label text' is checked

2022-04-19 16:36:32 - [TEST_STEP][PASSED] - tap(findTestObject("Partner Vices/Open to all AL"), 5): Tapped on element 'Object Repository/Partner Vices/Open to all AL'

2022-04-19 16:36:33 - [MESSAGE][PASSED] - Tapped on element 'Object Repository/Partner Vices/Open to all AL'

2022-04-19 16:36:33 - [TEST_STEP][PASSED] - tap(findTestObject("Partner Vices/Often checkbox AL"), 5): Tapped on element 'Object Repository/Partner Vices/Often checkbox AL'

2022-04-19 16:36:34 - [MESSAGE][PASSED] - Tapped on element 'Object Repository/Partner Vices/Often checkbox AL'

2022-04-19 16:36:34 - [TEST_STEP][PASSED] - tap(findTestObject("Partner Vices/Socially checkbox AL"), 5): Tapped on element 'Object Repository/Partner Vices/Socially checkbox AL'

2022-04-19 16:36:35 - [MESSAGE][PASSED] - Tapped on element 'Object Repository/Partner Vices/Socially checkbox AL'

2022-04-19 16:36:35 - [TEST_STEP][PASSED] - tap(findTestObject("Partner Vices/Never checkbox AL"), 5): Tapped on element 'Object Repository/Partner Vices/Never checkbox AL'

2022-04-19 16:36:36 - [MESSAGE][PASSED] - Tapped on element 'Object Repository/Partner Vices/Never checkbox AL'

2022-04-19 16:36:36 - [TEST_STEP][PASSED] - checkElement(findTestObject("Partner Vices/MARIJUANA"), 5): Element 'Object Repository/Partner Vices/MARIJUANA' is checked

2022-04-19 16:36:37 - [MESSAGE][PASSED] - Element 'Object Repository/Partner Vices/MARIJUANA' is checked

2022-04-19 16:36:37 - [TEST_STEP][PASSED] - tap(findTestObject("Partner Vices/open To All Mari"), 5): Tapped on element 'Object Repository/Partner Vices/open To All Mari'

2022-04-19 16:36:37 - [MESSAGE][PASSED] - Tapped on element 'Object Repository/Partner Vices/open To All Mari'

2022-04-19 16:36:37 - [TEST_STEP][PASSED] - tap(findTestObject("Partner Vices/Socially checkbox Mari"), 5): Tapped on element 'Object Repository/Partner Vices/Socially checkbox Mari'

2022-04-19 16:36:39 - [MESSAGE][PASSED] - Tapped on element 'Object Repository/Partner Vices/Socially checkbox Mari'

2022-04-19 16:36:39 - [TEST_STEP][PASSED] - tap(findTestObject("Partner Vices/Never checkbox Mari"), 5): Tapped on element 'Object Repository/Partner Vices/Never checkbox Mari'

2022-04-19 16:36:40 - [MESSAGE][PASSED] - Tapped on element 'Object Repository/Partner Vices/Never checkbox Mari'

2022-04-19 16:36:40 - [TEST_STEP][PASSED] - tap(findTestObject("Partner Vices/Ofter checkbox Mari"), 5): Tapped on element 'Object Repository/Partner Vices/Ofter checkbox Mari'

2022-04-19 16:36:41 - [MESSAGE][PASSED] - Tapped on element 'Object Repository/Partner Vices/Ofter checkbox Mari'

2022-04-19 16:36:41 - [TEST_STEP][PASSED] - tap(findTestObject("Partner Vices/forword"), 5): Tapped on element 'Object Repository/Partner Vices/forword'

2022-04-19 16:36:42 - [MESSAGE][PASSED] - Tapped on element 'Object Repository/Partner Vices/forword']]></system-out>
         <system-err><![CDATA[]]></system-err>
      </testcase>
      <testcase name="Test Cases/testing/Partner Politics" time="1.385" classname="Test Cases/testing/Partner Politics" status="FAILED">
         <failure type="FAILED" message="Test Cases/testing/Partner Politics FAILED.
Reason:
com.kms.katalon.core.exception.StepFailedException: Failed to check element 'Object Repository/Partner Political/YOUR MATCH' (Root cause: org.openqa.selenium.InvalidElementStateException: Tap at [x=268.0, y=73.0] has failed
Build info: version: '3.141.59', revision: 'e82be7d358', time: '2018-11-14T08:25:53'
System info: host: 'DESKTOP-3CP89AN', ip: '192.168.88.65', os.name: 'Windows 10', os.arch: 'amd64', os.version: '10.0', java.version: '1.8.0_282'
Driver info: com.kms.katalon.core.appium.driver.SwipeableAndroidDriver
Capabilities {appActivity: .Settings, appPackage: com.android.settings, autoGrantPermissions: true, automationName: uiautomator2, chromedriverPort: 65427, databaseEnabled: false, desired: {appActivity: .Settings, appPackage: com.android.settings, autoGrantPermissions: true, automationName: uiautomator2, chromedriverPort: 65427, deviceName: samsung SM-A025F (Android 11), newCommandTimeout: 1800, platform: ANDROID, platformName: android, platformVersion: 11, systemPort: 8245, udid: R9JNC0DKDXJ}, deviceApiLevel: 30, deviceManufacturer: samsung, deviceModel: SM-A025F, deviceName: R9JNC0DKDXJ, deviceScreenDensity: 280, deviceScreenSize: 720x1600, deviceUDID: R9JNC0DKDXJ, javascriptEnabled: true, locationContextEnabled: false, networkConnectionEnabled: true, newCommandTimeout: 1800, pixelRatio: 1.75, platform: ANDROID, platformName: Android, platformVersion: 11, statBarHeight: 45, systemPort: 8245, takesScreenshot: true, udid: R9JNC0DKDXJ, viewportRect: {height: 1426, left: 0, top: 45, width: 720}, warnings: {}, webStorageEnabled: false}
Session ID: a10ff0b7-4c9b-4d79-82aa-6f1920df7bdc
	at org.openqa.selenium.remote.http.W3CHttpResponseCodec.createException(W3CHttpResponseCodec.java:187)
	at org.openqa.selenium.remote.http.W3CHttpResponseCodec.decode(W3CHttpResponseCodec.java:122)
	at org.openqa.selenium.remote.http.W3CHttpResponseCodec.decode(W3CHttpResponseCodec.java:49)
	at org.openqa.selenium.remote.HttpCommandExecutor.execute(HttpCommandExecutor.java:158)
	at io.appium.java_client.remote.AppiumCommandExecutor.execute(AppiumCommandExecutor.java:239)
	at org.openqa.selenium.remote.RemoteWebDriver.execute(RemoteWebDriver.java:552)
	at io.appium.java_client.DefaultGenericMobileDriver.execute(DefaultGenericMobileDriver.java:42)
	at io.appium.java_client.AppiumDriver.execute(AppiumDriver.java:1)
	at io.appium.java_client.android.AndroidDriver.execute(AndroidDriver.java:1)
	at com.kms.katalon.core.appium.driver.SwipeableAndroidDriver.execute(SwipeableAndroidDriver.java:1)
	at io.appium.java_client.PerformsTouchActions.performTouchAction(PerformsTouchActions.java:41)
	at io.appium.java_client.TouchAction.perform(TouchAction.java:187)
	at com.kms.katalon.core.mobile.helper.MobileElementCommonHelper.checkElement(MobileElementCommonHelper.java:169)
	at com.kms.katalon.core.mobile.keyword.builtin.CheckElementKeyword$_checkElement_closure1.doCall(CheckElementKeyword.groovy:70)
	at com.kms.katalon.core.mobile.keyword.builtin.CheckElementKeyword$_checkElement_closure1.call(CheckElementKeyword.groovy)
	at com.kms.katalon.core.mobile.keyword.internal.MobileKeywordMain.runKeyword(MobileKeywordMain.groovy:21)
	at com.kms.katalon.core.mobile.keyword.builtin.CheckElementKeyword.checkElement(CheckElementKeyword.groovy:71)
	at com.kms.katalon.core.mobile.keyword.builtin.CheckElementKeyword.execute(CheckElementKeyword.groovy:64)
	at com.kms.katalon.core.keyword.internal.KeywordExecutor.executeKeywordForPlatform(KeywordExecutor.groovy:74)
	at com.kms.katalon.core.mobile.keyword.MobileBuiltInKeywords.checkElement(MobileBuiltInKeywords.groovy:2297)
	at com.kms.katalon.core.mobile.keyword.MobileBuiltInKeywords$checkElement$0.call(Unknown Source)
	at Partner Politics.run(Partner Politics:20)
	at com.kms.katalon.core.main.ScriptEngine.run(ScriptEngine.java:194)
	at com.kms.katalon.core.main.ScriptEngine.runScriptAsRawText(ScriptEngine.java:119)
	at com.kms.katalon.core.main.TestCaseExecutor.runScript(TestCaseExecutor.java:442)
	at com.kms.katalon.core.main.TestCaseExecutor.doExecute(TestCaseExecutor.java:433)
	at com.kms.katalon.core.main.TestCaseExecutor.processExecutionPhase(TestCaseExecutor.java:412)
	at com.kms.katalon.core.main.TestCaseExecutor.accessMainPhase(TestCaseExecutor.java:404)
	at com.kms.katalon.core.main.TestCaseExecutor.execute(TestCaseExecutor.java:281)
	at com.kms.katalon.core.main.TestCaseExecutor.execute(TestCaseExecutor.java:363)
	at com.kms.katalon.core.main.TestCaseExecutor.execute(TestCaseExecutor.java:363)
	at com.kms.katalon.core.main.TestCaseExecutor.execute(TestCaseExecutor.java:363)
	at com.kms.katalon.core.main.TestSuiteExecutor.accessTestCaseMainPhase(TestSuiteExecutor.java:202)
	at com.kms.katalon.core.main.TestSuiteExecutor.accessTestSuiteMainPhase(TestSuiteExecutor.java:164)
	at com.kms.katalon.core.main.TestSuiteExecutor.execute(TestSuiteExecutor.java:105)
	at com.kms.katalon.core.main.TestCaseMain.startTestSuite(TestCaseMain.java:185)
	at com.kms.katalon.core.main.TestCaseMain$startTestSuite$0.call(Unknown Source)
	at TempTestSuite1650367533113.run(TempTestSuite1650367533113.groovy:36)
)
	at com.kms.katalon.core.keyword.internal.KeywordMain.stepFailed(KeywordMain.groovy:50)
	at com.kms.katalon.core.mobile.keyword.internal.MobileKeywordMain.stepFailed(MobileKeywordMain.groovy:40)
	at com.kms.katalon.core.mobile.keyword.internal.MobileKeywordMain.runKeyword(MobileKeywordMain.groovy:23)
	at com.kms.katalon.core.mobile.keyword.builtin.CheckElementKeyword.checkElement(CheckElementKeyword.groovy:71)
	at com.kms.katalon.core.mobile.keyword.builtin.CheckElementKeyword.execute(CheckElementKeyword.groovy:64)
	at com.kms.katalon.core.keyword.internal.KeywordExecutor.executeKeywordForPlatform(KeywordExecutor.groovy:74)
	at com.kms.katalon.core.mobile.keyword.MobileBuiltInKeywords.checkElement(MobileBuiltInKeywords.groovy:2297)
	at com.kms.katalon.core.mobile.keyword.MobileBuiltInKeywords$checkElement$0.call(Unknown Source)
	at Partner Politics.run(Partner Politics:20)
	at com.kms.katalon.core.main.ScriptEngine.run(ScriptEngine.java:194)
	at com.kms.katalon.core.main.ScriptEngine.runScriptAsRawText(ScriptEngine.java:119)
	at com.kms.katalon.core.main.TestCaseExecutor.runScript(TestCaseExecutor.java:442)
	at com.kms.katalon.core.main.TestCaseExecutor.doExecute(TestCaseExecutor.java:433)
	at com.kms.katalon.core.main.TestCaseExecutor.processExecutionPhase(TestCaseExecutor.java:412)
	at com.kms.katalon.core.main.TestCaseExecutor.accessMainPhase(TestCaseExecutor.java:404)
	at com.kms.katalon.core.main.TestCaseExecutor.execute(TestCaseExecutor.java:281)
	at com.kms.katalon.core.main.TestCaseExecutor.execute(TestCaseExecutor.java:363)
	at com.kms.katalon.core.main.TestCaseExecutor.execute(TestCaseExecutor.java:363)
	at com.kms.katalon.core.main.TestCaseExecutor.execute(TestCaseExecutor.java:363)
	at com.kms.katalon.core.main.TestSuiteExecutor.accessTestCaseMainPhase(TestSuiteExecutor.java:202)
	at com.kms.katalon.core.main.TestSuiteExecutor.accessTestSuiteMainPhase(TestSuiteExecutor.java:164)
	at com.kms.katalon.core.main.TestSuiteExecutor.execute(TestSuiteExecutor.java:105)
	at com.kms.katalon.core.main.TestCaseMain.startTestSuite(TestCaseMain.java:185)
	at com.kms.katalon.core.main.TestCaseMain$startTestSuite$0.call(Unknown Source)
	at TempTestSuite1650367533113.run(TempTestSuite1650367533113.groovy:36)
Caused by: org.openqa.selenium.InvalidElementStateException: Tap at [x=268.0, y=73.0] has failed
Build info: version: '3.141.59', revision: 'e82be7d358', time: '2018-11-14T08:25:53'
System info: host: 'DESKTOP-3CP89AN', ip: '192.168.88.65', os.name: 'Windows 10', os.arch: 'amd64', os.version: '10.0', java.version: '1.8.0_282'
Driver info: com.kms.katalon.core.appium.driver.SwipeableAndroidDriver
Capabilities {appActivity: .Settings, appPackage: com.android.settings, autoGrantPermissions: true, automationName: uiautomator2, chromedriverPort: 65427, databaseEnabled: false, desired: {appActivity: .Settings, appPackage: com.android.settings, autoGrantPermissions: true, automationName: uiautomator2, chromedriverPort: 65427, deviceName: samsung SM-A025F (Android 11), newCommandTimeout: 1800, platform: ANDROID, platformName: android, platformVersion: 11, systemPort: 8245, udid: R9JNC0DKDXJ}, deviceApiLevel: 30, deviceManufacturer: samsung, deviceModel: SM-A025F, deviceName: R9JNC0DKDXJ, deviceScreenDensity: 280, deviceScreenSize: 720x1600, deviceUDID: R9JNC0DKDXJ, javascriptEnabled: true, locationContextEnabled: false, networkConnectionEnabled: true, newCommandTimeout: 1800, pixelRatio: 1.75, platform: ANDROID, platformName: Android, platformVersion: 11, statBarHeight: 45, systemPort: 8245, takesScreenshot: true, udid: R9JNC0DKDXJ, viewportRect: {height: 1426, left: 0, top: 45, width: 720}, warnings: {}, webStorageEnabled: false}
Session ID: a10ff0b7-4c9b-4d79-82aa-6f1920df7bdc
	at org.openqa.selenium.remote.http.W3CHttpResponseCodec.createException(W3CHttpResponseCodec.java:187)
	at org.openqa.selenium.remote.http.W3CHttpResponseCodec.decode(W3CHttpResponseCodec.java:122)
	at org.openqa.selenium.remote.http.W3CHttpResponseCodec.decode(W3CHttpResponseCodec.java:49)
	at org.openqa.selenium.remote.HttpCommandExecutor.execute(HttpCommandExecutor.java:158)
	at io.appium.java_client.remote.AppiumCommandExecutor.execute(AppiumCommandExecutor.java:239)
	at org.openqa.selenium.remote.RemoteWebDriver.execute(RemoteWebDriver.java:552)
	at io.appium.java_client.DefaultGenericMobileDriver.execute(DefaultGenericMobileDriver.java:42)
	at io.appium.java_client.AppiumDriver.execute(AppiumDriver.java:1)
	at io.appium.java_client.android.AndroidDriver.execute(AndroidDriver.java:1)
	at com.kms.katalon.core.appium.driver.SwipeableAndroidDriver.execute(SwipeableAndroidDriver.java:1)
	at io.appium.java_client.PerformsTouchActions.performTouchAction(PerformsTouchActions.java:41)
	at io.appium.java_client.TouchAction.perform(TouchAction.java:187)
	at com.kms.katalon.core.mobile.helper.MobileElementCommonHelper.checkElement(MobileElementCommonHelper.java:169)
	at com.kms.katalon.core.mobile.keyword.builtin.CheckElementKeyword$_checkElement_closure1.doCall(CheckElementKeyword.groovy:70)
	at com.kms.katalon.core.mobile.keyword.builtin.CheckElementKeyword$_checkElement_closure1.call(CheckElementKeyword.groovy)
	at com.kms.katalon.core.mobile.keyword.internal.MobileKeywordMain.runKeyword(MobileKeywordMain.groovy:21)
	... 22 more
"/>
         <system-out><![CDATA[2022-04-19 16:37:04 - [TEST_CASE][FAILED] - Test Cases/testing/Partner Politics: Test Cases/testing/Partner Politics FAILED.
Reason:
com.kms.katalon.core.exception.StepFailedException: Failed to check element 'Object Repository/Partner Political/YOUR MATCH' (Root cause: org.openqa.selenium.InvalidElementStateException: Tap at [x=268.0, y=73.0] has failed
Build info: version: '3.141.59', revision: 'e82be7d358', time: '2018-11-14T08:25:53'
System info: host: 'DESKTOP-3CP89AN', ip: '192.168.88.65', os.name: 'Windows 10', os.arch: 'amd64', os.version: '10.0', java.version: '1.8.0_282'
Driver info: com.kms.katalon.core.appium.driver.SwipeableAndroidDriver
Capabilities {appActivity: .Settings, appPackage: com.android.settings, autoGrantPermissions: true, automationName: uiautomator2, chromedriverPort: 65427, databaseEnabled: false, desired: {appActivity: .Settings, appPackage: com.android.settings, autoGrantPermissions: true, automationName: uiautomator2, chromedriverPort: 65427, deviceName: samsung SM-A025F (Android 11), newCommandTimeout: 1800, platform: ANDROID, platformName: android, platformVersion: 11, systemPort: 8245, udid: R9JNC0DKDXJ}, deviceApiLevel: 30, deviceManufacturer: samsung, deviceModel: SM-A025F, deviceName: R9JNC0DKDXJ, deviceScreenDensity: 280, deviceScreenSize: 720x1600, deviceUDID: R9JNC0DKDXJ, javascriptEnabled: true, locationContextEnabled: false, networkConnectionEnabled: true, newCommandTimeout: 1800, pixelRatio: 1.75, platform: ANDROID, platformName: Android, platformVersion: 11, statBarHeight: 45, systemPort: 8245, takesScreenshot: true, udid: R9JNC0DKDXJ, viewportRect: {height: 1426, left: 0, top: 45, width: 720}, warnings: {}, webStorageEnabled: false}
Session ID: a10ff0b7-4c9b-4d79-82aa-6f1920df7bdc
	at org.openqa.selenium.remote.http.W3CHttpResponseCodec.createException(W3CHttpResponseCodec.java:187)
	at org.openqa.selenium.remote.http.W3CHttpResponseCodec.decode(W3CHttpResponseCodec.java:122)
	at org.openqa.selenium.remote.http.W3CHttpResponseCodec.decode(W3CHttpResponseCodec.java:49)
	at org.openqa.selenium.remote.HttpCommandExecutor.execute(HttpCommandExecutor.java:158)
	at io.appium.java_client.remote.AppiumCommandExecutor.execute(AppiumCommandExecutor.java:239)
	at org.openqa.selenium.remote.RemoteWebDriver.execute(RemoteWebDriver.java:552)
	at io.appium.java_client.DefaultGenericMobileDriver.execute(DefaultGenericMobileDriver.java:42)
	at io.appium.java_client.AppiumDriver.execute(AppiumDriver.java:1)
	at io.appium.java_client.android.AndroidDriver.execute(AndroidDriver.java:1)
	at com.kms.katalon.core.appium.driver.SwipeableAndroidDriver.execute(SwipeableAndroidDriver.java:1)
	at io.appium.java_client.PerformsTouchActions.performTouchAction(PerformsTouchActions.java:41)
	at io.appium.java_client.TouchAction.perform(TouchAction.java:187)
	at com.kms.katalon.core.mobile.helper.MobileElementCommonHelper.checkElement(MobileElementCommonHelper.java:169)
	at com.kms.katalon.core.mobile.keyword.builtin.CheckElementKeyword$_checkElement_closure1.doCall(CheckElementKeyword.groovy:70)
	at com.kms.katalon.core.mobile.keyword.builtin.CheckElementKeyword$_checkElement_closure1.call(CheckElementKeyword.groovy)
	at com.kms.katalon.core.mobile.keyword.internal.MobileKeywordMain.runKeyword(MobileKeywordMain.groovy:21)
	at com.kms.katalon.core.mobile.keyword.builtin.CheckElementKeyword.checkElement(CheckElementKeyword.groovy:71)
	at com.kms.katalon.core.mobile.keyword.builtin.CheckElementKeyword.execute(CheckElementKeyword.groovy:64)
	at com.kms.katalon.core.keyword.internal.KeywordExecutor.executeKeywordForPlatform(KeywordExecutor.groovy:74)
	at com.kms.katalon.core.mobile.keyword.MobileBuiltInKeywords.checkElement(MobileBuiltInKeywords.groovy:2297)
	at com.kms.katalon.core.mobile.keyword.MobileBuiltInKeywords$checkElement$0.call(Unknown Source)
	at Partner Politics.run(Partner Politics:20)
	at com.kms.katalon.core.main.ScriptEngine.run(ScriptEngine.java:194)
	at com.kms.katalon.core.main.ScriptEngine.runScriptAsRawText(ScriptEngine.java:119)
	at com.kms.katalon.core.main.TestCaseExecutor.runScript(TestCaseExecutor.java:442)
	at com.kms.katalon.core.main.TestCaseExecutor.doExecute(TestCaseExecutor.java:433)
	at com.kms.katalon.core.main.TestCaseExecutor.processExecutionPhase(TestCaseExecutor.java:412)
	at com.kms.katalon.core.main.TestCaseExecutor.accessMainPhase(TestCaseExecutor.java:404)
	at com.kms.katalon.core.main.TestCaseExecutor.execute(TestCaseExecutor.java:281)
	at com.kms.katalon.core.main.TestCaseExecutor.execute(TestCaseExecutor.java:363)
	at com.kms.katalon.core.main.TestCaseExecutor.execute(TestCaseExecutor.java:363)
	at com.kms.katalon.core.main.TestCaseExecutor.execute(TestCaseExecutor.java:363)
	at com.kms.katalon.core.main.TestSuiteExecutor.accessTestCaseMainPhase(TestSuiteExecutor.java:202)
	at com.kms.katalon.core.main.TestSuiteExecutor.accessTestSuiteMainPhase(TestSuiteExecutor.java:164)
	at com.kms.katalon.core.main.TestSuiteExecutor.execute(TestSuiteExecutor.java:105)
	at com.kms.katalon.core.main.TestCaseMain.startTestSuite(TestCaseMain.java:185)
	at com.kms.katalon.core.main.TestCaseMain$startTestSuite$0.call(Unknown Source)
	at TempTestSuite1650367533113.run(TempTestSuite1650367533113.groovy:36)
)
	at com.kms.katalon.core.keyword.internal.KeywordMain.stepFailed(KeywordMain.groovy:50)
	at com.kms.katalon.core.mobile.keyword.internal.MobileKeywordMain.stepFailed(MobileKeywordMain.groovy:40)
	at com.kms.katalon.core.mobile.keyword.internal.MobileKeywordMain.runKeyword(MobileKeywordMain.groovy:23)
	at com.kms.katalon.core.mobile.keyword.builtin.CheckElementKeyword.checkElement(CheckElementKeyword.groovy:71)
	at com.kms.katalon.core.mobile.keyword.builtin.CheckElementKeyword.execute(CheckElementKeyword.groovy:64)
	at com.kms.katalon.core.keyword.internal.KeywordExecutor.executeKeywordForPlatform(KeywordExecutor.groovy:74)
	at com.kms.katalon.core.mobile.keyword.MobileBuiltInKeywords.checkElement(MobileBuiltInKeywords.groovy:2297)
	at com.kms.katalon.core.mobile.keyword.MobileBuiltInKeywords$checkElement$0.call(Unknown Source)
	at Partner Politics.run(Partner Politics:20)
	at com.kms.katalon.core.main.ScriptEngine.run(ScriptEngine.java:194)
	at com.kms.katalon.core.main.ScriptEngine.runScriptAsRawText(ScriptEngine.java:119)
	at com.kms.katalon.core.main.TestCaseExecutor.runScript(TestCaseExecutor.java:442)
	at com.kms.katalon.core.main.TestCaseExecutor.doExecute(TestCaseExecutor.java:433)
	at com.kms.katalon.core.main.TestCaseExecutor.processExecutionPhase(TestCaseExecutor.java:412)
	at com.kms.katalon.core.main.TestCaseExecutor.accessMainPhase(TestCaseExecutor.java:404)
	at com.kms.katalon.core.main.TestCaseExecutor.execute(TestCaseExecutor.java:281)
	at com.kms.katalon.core.main.TestCaseExecutor.execute(TestCaseExecutor.java:363)
	at com.kms.katalon.core.main.TestCaseExecutor.execute(TestCaseExecutor.java:363)
	at com.kms.katalon.core.main.TestCaseExecutor.execute(TestCaseExecutor.java:363)
	at com.kms.katalon.core.main.TestSuiteExecutor.accessTestCaseMainPhase(TestSuiteExecutor.java:202)
	at com.kms.katalon.core.main.TestSuiteExecutor.accessTestSuiteMainPhase(TestSuiteExecutor.java:164)
	at com.kms.katalon.core.main.TestSuiteExecutor.execute(TestSuiteExecutor.java:105)
	at com.kms.katalon.core.main.TestCaseMain.startTestSuite(TestCaseMain.java:185)
	at com.kms.katalon.core.main.TestCaseMain$startTestSuite$0.call(Unknown Source)
	at TempTestSuite1650367533113.run(TempTestSuite1650367533113.groovy:36)
Caused by: org.openqa.selenium.InvalidElementStateException: Tap at [x=268.0, y=73.0] has failed
Build info: version: '3.141.59', revision: 'e82be7d358', time: '2018-11-14T08:25:53'
System info: host: 'DESKTOP-3CP89AN', ip: '192.168.88.65', os.name: 'Windows 10', os.arch: 'amd64', os.version: '10.0', java.version: '1.8.0_282'
Driver info: com.kms.katalon.core.appium.driver.SwipeableAndroidDriver
Capabilities {appActivity: .Settings, appPackage: com.android.settings, autoGrantPermissions: true, automationName: uiautomator2, chromedriverPort: 65427, databaseEnabled: false, desired: {appActivity: .Settings, appPackage: com.android.settings, autoGrantPermissions: true, automationName: uiautomator2, chromedriverPort: 65427, deviceName: samsung SM-A025F (Android 11), newCommandTimeout: 1800, platform: ANDROID, platformName: android, platformVersion: 11, systemPort: 8245, udid: R9JNC0DKDXJ}, deviceApiLevel: 30, deviceManufacturer: samsung, deviceModel: SM-A025F, deviceName: R9JNC0DKDXJ, deviceScreenDensity: 280, deviceScreenSize: 720x1600, deviceUDID: R9JNC0DKDXJ, javascriptEnabled: true, locationContextEnabled: false, networkConnectionEnabled: true, newCommandTimeout: 1800, pixelRatio: 1.75, platform: ANDROID, platformName: Android, platformVersion: 11, statBarHeight: 45, systemPort: 8245, takesScreenshot: true, udid: R9JNC0DKDXJ, viewportRect: {height: 1426, left: 0, top: 45, width: 720}, warnings: {}, webStorageEnabled: false}
Session ID: a10ff0b7-4c9b-4d79-82aa-6f1920df7bdc
	at org.openqa.selenium.remote.http.W3CHttpResponseCodec.createException(W3CHttpResponseCodec.java:187)
	at org.openqa.selenium.remote.http.W3CHttpResponseCodec.decode(W3CHttpResponseCodec.java:122)
	at org.openqa.selenium.remote.http.W3CHttpResponseCodec.decode(W3CHttpResponseCodec.java:49)
	at org.openqa.selenium.remote.HttpCommandExecutor.execute(HttpCommandExecutor.java:158)
	at io.appium.java_client.remote.AppiumCommandExecutor.execute(AppiumCommandExecutor.java:239)
	at org.openqa.selenium.remote.RemoteWebDriver.execute(RemoteWebDriver.java:552)
	at io.appium.java_client.DefaultGenericMobileDriver.execute(DefaultGenericMobileDriver.java:42)
	at io.appium.java_client.AppiumDriver.execute(AppiumDriver.java:1)
	at io.appium.java_client.android.AndroidDriver.execute(AndroidDriver.java:1)
	at com.kms.katalon.core.appium.driver.SwipeableAndroidDriver.execute(SwipeableAndroidDriver.java:1)
	at io.appium.java_client.PerformsTouchActions.performTouchAction(PerformsTouchActions.java:41)
	at io.appium.java_client.TouchAction.perform(TouchAction.java:187)
	at com.kms.katalon.core.mobile.helper.MobileElementCommonHelper.checkElement(MobileElementCommonHelper.java:169)
	at com.kms.katalon.core.mobile.keyword.builtin.CheckElementKeyword$_checkElement_closure1.doCall(CheckElementKeyword.groovy:70)
	at com.kms.katalon.core.mobile.keyword.builtin.CheckElementKeyword$_checkElement_closure1.call(CheckElementKeyword.groovy)
	at com.kms.katalon.core.mobile.keyword.internal.MobileKeywordMain.runKeyword(MobileKeywordMain.groovy:21)
	... 22 more


2022-04-19 16:37:04 - [TEST_STEP][FAILED] - checkElement(findTestObject("Partner Political/YOUR MATCH"), 5): Failed to check element 'Object Repository/Partner Political/YOUR MATCH' (Root cause: org.openqa.selenium.InvalidElementStateException: Tap at [x=268.0, y=73.0] has failed
Build info: version: '3.141.59', revision: 'e82be7d358', time: '2018-11-14T08:25:53'
System info: host: 'DESKTOP-3CP89AN', ip: '192.168.88.65', os.name: 'Windows 10', os.arch: 'amd64', os.version: '10.0', java.version: '1.8.0_282'
Driver info: com.kms.katalon.core.appium.driver.SwipeableAndroidDriver
Capabilities {appActivity: .Settings, appPackage: com.android.settings, autoGrantPermissions: true, automationName: uiautomator2, chromedriverPort: 65427, databaseEnabled: false, desired: {appActivity: .Settings, appPackage: com.android.settings, autoGrantPermissions: true, automationName: uiautomator2, chromedriverPort: 65427, deviceName: samsung SM-A025F (Android 11), newCommandTimeout: 1800, platform: ANDROID, platformName: android, platformVersion: 11, systemPort: 8245, udid: R9JNC0DKDXJ}, deviceApiLevel: 30, deviceManufacturer: samsung, deviceModel: SM-A025F, deviceName: R9JNC0DKDXJ, deviceScreenDensity: 280, deviceScreenSize: 720x1600, deviceUDID: R9JNC0DKDXJ, javascriptEnabled: true, locationContextEnabled: false, networkConnectionEnabled: true, newCommandTimeout: 1800, pixelRatio: 1.75, platform: ANDROID, platformName: Android, platformVersion: 11, statBarHeight: 45, systemPort: 8245, takesScreenshot: true, udid: R9JNC0DKDXJ, viewportRect: {height: 1426, left: 0, top: 45, width: 720}, warnings: {}, webStorageEnabled: false}
Session ID: a10ff0b7-4c9b-4d79-82aa-6f1920df7bdc
	at org.openqa.selenium.remote.http.W3CHttpResponseCodec.createException(W3CHttpResponseCodec.java:187)
	at org.openqa.selenium.remote.http.W3CHttpResponseCodec.decode(W3CHttpResponseCodec.java:122)
	at org.openqa.selenium.remote.http.W3CHttpResponseCodec.decode(W3CHttpResponseCodec.java:49)
	at org.openqa.selenium.remote.HttpCommandExecutor.execute(HttpCommandExecutor.java:158)
	at io.appium.java_client.remote.AppiumCommandExecutor.execute(AppiumCommandExecutor.java:239)
	at org.openqa.selenium.remote.RemoteWebDriver.execute(RemoteWebDriver.java:552)
	at io.appium.java_client.DefaultGenericMobileDriver.execute(DefaultGenericMobileDriver.java:42)
	at io.appium.java_client.AppiumDriver.execute(AppiumDriver.java:1)
	at io.appium.java_client.android.AndroidDriver.execute(AndroidDriver.java:1)
	at com.kms.katalon.core.appium.driver.SwipeableAndroidDriver.execute(SwipeableAndroidDriver.java:1)
	at io.appium.java_client.PerformsTouchActions.performTouchAction(PerformsTouchActions.java:41)
	at io.appium.java_client.TouchAction.perform(TouchAction.java:187)
	at com.kms.katalon.core.mobile.helper.MobileElementCommonHelper.checkElement(MobileElementCommonHelper.java:169)
	at com.kms.katalon.core.mobile.keyword.builtin.CheckElementKeyword$_checkElement_closure1.doCall(CheckElementKeyword.groovy:70)
	at com.kms.katalon.core.mobile.keyword.builtin.CheckElementKeyword$_checkElement_closure1.call(CheckElementKeyword.groovy)
	at com.kms.katalon.core.mobile.keyword.internal.MobileKeywordMain.runKeyword(MobileKeywordMain.groovy:21)
	at com.kms.katalon.core.mobile.keyword.builtin.CheckElementKeyword.checkElement(CheckElementKeyword.groovy:71)
	at com.kms.katalon.core.mobile.keyword.builtin.CheckElementKeyword.execute(CheckElementKeyword.groovy:64)
	at com.kms.katalon.core.keyword.internal.KeywordExecutor.executeKeywordForPlatform(KeywordExecutor.groovy:74)
	at com.kms.katalon.core.mobile.keyword.MobileBuiltInKeywords.checkElement(MobileBuiltInKeywords.groovy:2297)
	at com.kms.katalon.core.mobile.keyword.MobileBuiltInKeywords$checkElement$0.call(Unknown Source)
	at Partner Politics.run(Partner Politics:20)
	at com.kms.katalon.core.main.ScriptEngine.run(ScriptEngine.java:194)
	at com.kms.katalon.core.main.ScriptEngine.runScriptAsRawText(ScriptEngine.java:119)
	at com.kms.katalon.core.main.TestCaseExecutor.runScript(TestCaseExecutor.java:442)
	at com.kms.katalon.core.main.TestCaseExecutor.doExecute(TestCaseExecutor.java:433)
	at com.kms.katalon.core.main.TestCaseExecutor.processExecutionPhase(TestCaseExecutor.java:412)
	at com.kms.katalon.core.main.TestCaseExecutor.accessMainPhase(TestCaseExecutor.java:404)
	at com.kms.katalon.core.main.TestCaseExecutor.execute(TestCaseExecutor.java:281)
	at com.kms.katalon.core.main.TestCaseExecutor.execute(TestCaseExecutor.java:363)
	at com.kms.katalon.core.main.TestCaseExecutor.execute(TestCaseExecutor.java:363)
	at com.kms.katalon.core.main.TestCaseExecutor.execute(TestCaseExecutor.java:363)
	at com.kms.katalon.core.main.TestSuiteExecutor.accessTestCaseMainPhase(TestSuiteExecutor.java:202)
	at com.kms.katalon.core.main.TestSuiteExecutor.accessTestSuiteMainPhase(TestSuiteExecutor.java:164)
	at com.kms.katalon.core.main.TestSuiteExecutor.execute(TestSuiteExecutor.java:105)
	at com.kms.katalon.core.main.TestCaseMain.startTestSuite(TestCaseMain.java:185)
	at com.kms.katalon.core.main.TestCaseMain$startTestSuite$0.call(Unknown Source)
	at TempTestSuite1650367533113.run(TempTestSuite1650367533113.groovy:36)
)

2022-04-19 16:37:06 - [MESSAGE][FAILED] - Failed to check element 'Object Repository/Partner Political/YOUR MATCH' (Root cause: org.openqa.selenium.InvalidElementStateException: Tap at [x=268.0, y=73.0] has failed
Build info: version: '3.141.59', revision: 'e82be7d358', time: '2018-11-14T08:25:53'
System info: host: 'DESKTOP-3CP89AN', ip: '192.168.88.65', os.name: 'Windows 10', os.arch: 'amd64', os.version: '10.0', java.version: '1.8.0_282'
Driver info: com.kms.katalon.core.appium.driver.SwipeableAndroidDriver
Capabilities {appActivity: .Settings, appPackage: com.android.settings, autoGrantPermissions: true, automationName: uiautomator2, chromedriverPort: 65427, databaseEnabled: false, desired: {appActivity: .Settings, appPackage: com.android.settings, autoGrantPermissions: true, automationName: uiautomator2, chromedriverPort: 65427, deviceName: samsung SM-A025F (Android 11), newCommandTimeout: 1800, platform: ANDROID, platformName: android, platformVersion: 11, systemPort: 8245, udid: R9JNC0DKDXJ}, deviceApiLevel: 30, deviceManufacturer: samsung, deviceModel: SM-A025F, deviceName: R9JNC0DKDXJ, deviceScreenDensity: 280, deviceScreenSize: 720x1600, deviceUDID: R9JNC0DKDXJ, javascriptEnabled: true, locationContextEnabled: false, networkConnectionEnabled: true, newCommandTimeout: 1800, pixelRatio: 1.75, platform: ANDROID, platformName: Android, platformVersion: 11, statBarHeight: 45, systemPort: 8245, takesScreenshot: true, udid: R9JNC0DKDXJ, viewportRect: {height: 1426, left: 0, top: 45, width: 720}, warnings: {}, webStorageEnabled: false}
Session ID: a10ff0b7-4c9b-4d79-82aa-6f1920df7bdc
	at org.openqa.selenium.remote.http.W3CHttpResponseCodec.createException(W3CHttpResponseCodec.java:187)
	at org.openqa.selenium.remote.http.W3CHttpResponseCodec.decode(W3CHttpResponseCodec.java:122)
	at org.openqa.selenium.remote.http.W3CHttpResponseCodec.decode(W3CHttpResponseCodec.java:49)
	at org.openqa.selenium.remote.HttpCommandExecutor.execute(HttpCommandExecutor.java:158)
	at io.appium.java_client.remote.AppiumCommandExecutor.execute(AppiumCommandExecutor.java:239)
	at org.openqa.selenium.remote.RemoteWebDriver.execute(RemoteWebDriver.java:552)
	at io.appium.java_client.DefaultGenericMobileDriver.execute(DefaultGenericMobileDriver.java:42)
	at io.appium.java_client.AppiumDriver.execute(AppiumDriver.java:1)
	at io.appium.java_client.android.AndroidDriver.execute(AndroidDriver.java:1)
	at com.kms.katalon.core.appium.driver.SwipeableAndroidDriver.execute(SwipeableAndroidDriver.java:1)
	at io.appium.java_client.PerformsTouchActions.performTouchAction(PerformsTouchActions.java:41)
	at io.appium.java_client.TouchAction.perform(TouchAction.java:187)
	at com.kms.katalon.core.mobile.helper.MobileElementCommonHelper.checkElement(MobileElementCommonHelper.java:169)
	at com.kms.katalon.core.mobile.keyword.builtin.CheckElementKeyword$_checkElement_closure1.doCall(CheckElementKeyword.groovy:70)
	at com.kms.katalon.core.mobile.keyword.builtin.CheckElementKeyword$_checkElement_closure1.call(CheckElementKeyword.groovy)
	at com.kms.katalon.core.mobile.keyword.internal.MobileKeywordMain.runKeyword(MobileKeywordMain.groovy:21)
	at com.kms.katalon.core.mobile.keyword.builtin.CheckElementKeyword.checkElement(CheckElementKeyword.groovy:71)
	at com.kms.katalon.core.mobile.keyword.builtin.CheckElementKeyword.execute(CheckElementKeyword.groovy:64)
	at com.kms.katalon.core.keyword.internal.KeywordExecutor.executeKeywordForPlatform(KeywordExecutor.groovy:74)
	at com.kms.katalon.core.mobile.keyword.MobileBuiltInKeywords.checkElement(MobileBuiltInKeywords.groovy:2297)
	at com.kms.katalon.core.mobile.keyword.MobileBuiltInKeywords$checkElement$0.call(Unknown Source)
	at Partner Politics.run(Partner Politics:20)
	at com.kms.katalon.core.main.ScriptEngine.run(ScriptEngine.java:194)
	at com.kms.katalon.core.main.ScriptEngine.runScriptAsRawText(ScriptEngine.java:119)
	at com.kms.katalon.core.main.TestCaseExecutor.runScript(TestCaseExecutor.java:442)
	at com.kms.katalon.core.main.TestCaseExecutor.doExecute(TestCaseExecutor.java:433)
	at com.kms.katalon.core.main.TestCaseExecutor.processExecutionPhase(TestCaseExecutor.java:412)
	at com.kms.katalon.core.main.TestCaseExecutor.accessMainPhase(TestCaseExecutor.java:404)
	at com.kms.katalon.core.main.TestCaseExecutor.execute(TestCaseExecutor.java:281)
	at com.kms.katalon.core.main.TestCaseExecutor.execute(TestCaseExecutor.java:363)
	at com.kms.katalon.core.main.TestCaseExecutor.execute(TestCaseExecutor.java:363)
	at com.kms.katalon.core.main.TestCaseExecutor.execute(TestCaseExecutor.java:363)
	at com.kms.katalon.core.main.TestSuiteExecutor.accessTestCaseMainPhase(TestSuiteExecutor.java:202)
	at com.kms.katalon.core.main.TestSuiteExecutor.accessTestSuiteMainPhase(TestSuiteExecutor.java:164)
	at com.kms.katalon.core.main.TestSuiteExecutor.execute(TestSuiteExecutor.java:105)
	at com.kms.katalon.core.main.TestCaseMain.startTestSuite(TestCaseMain.java:185)
	at com.kms.katalon.core.main.TestCaseMain$startTestSuite$0.call(Unknown Source)
	at TempTestSuite1650367533113.run(TempTestSuite1650367533113.groovy:36)
)
[[ATTACHMENT|C:\\Users\\Dev\\Katalon Studio\\SpotLove_Stagging\\Reports\\20220419_162533\\Testing SpotLove\\20220419_162533\\1650368225359.png]]]]></system-out>
         <system-err><![CDATA[2022-04-19 16:37:04 - [TEST_CASE][FAILED] - Test Cases/testing/Partner Politics: Test Cases/testing/Partner Politics FAILED.
Reason:
com.kms.katalon.core.exception.StepFailedException: Failed to check element 'Object Repository/Partner Political/YOUR MATCH' (Root cause: org.openqa.selenium.InvalidElementStateException: Tap at [x=268.0, y=73.0] has failed
Build info: version: '3.141.59', revision: 'e82be7d358', time: '2018-11-14T08:25:53'
System info: host: 'DESKTOP-3CP89AN', ip: '192.168.88.65', os.name: 'Windows 10', os.arch: 'amd64', os.version: '10.0', java.version: '1.8.0_282'
Driver info: com.kms.katalon.core.appium.driver.SwipeableAndroidDriver
Capabilities {appActivity: .Settings, appPackage: com.android.settings, autoGrantPermissions: true, automationName: uiautomator2, chromedriverPort: 65427, databaseEnabled: false, desired: {appActivity: .Settings, appPackage: com.android.settings, autoGrantPermissions: true, automationName: uiautomator2, chromedriverPort: 65427, deviceName: samsung SM-A025F (Android 11), newCommandTimeout: 1800, platform: ANDROID, platformName: android, platformVersion: 11, systemPort: 8245, udid: R9JNC0DKDXJ}, deviceApiLevel: 30, deviceManufacturer: samsung, deviceModel: SM-A025F, deviceName: R9JNC0DKDXJ, deviceScreenDensity: 280, deviceScreenSize: 720x1600, deviceUDID: R9JNC0DKDXJ, javascriptEnabled: true, locationContextEnabled: false, networkConnectionEnabled: true, newCommandTimeout: 1800, pixelRatio: 1.75, platform: ANDROID, platformName: Android, platformVersion: 11, statBarHeight: 45, systemPort: 8245, takesScreenshot: true, udid: R9JNC0DKDXJ, viewportRect: {height: 1426, left: 0, top: 45, width: 720}, warnings: {}, webStorageEnabled: false}
Session ID: a10ff0b7-4c9b-4d79-82aa-6f1920df7bdc
	at org.openqa.selenium.remote.http.W3CHttpResponseCodec.createException(W3CHttpResponseCodec.java:187)
	at org.openqa.selenium.remote.http.W3CHttpResponseCodec.decode(W3CHttpResponseCodec.java:122)
	at org.openqa.selenium.remote.http.W3CHttpResponseCodec.decode(W3CHttpResponseCodec.java:49)
	at org.openqa.selenium.remote.HttpCommandExecutor.execute(HttpCommandExecutor.java:158)
	at io.appium.java_client.remote.AppiumCommandExecutor.execute(AppiumCommandExecutor.java:239)
	at org.openqa.selenium.remote.RemoteWebDriver.execute(RemoteWebDriver.java:552)
	at io.appium.java_client.DefaultGenericMobileDriver.execute(DefaultGenericMobileDriver.java:42)
	at io.appium.java_client.AppiumDriver.execute(AppiumDriver.java:1)
	at io.appium.java_client.android.AndroidDriver.execute(AndroidDriver.java:1)
	at com.kms.katalon.core.appium.driver.SwipeableAndroidDriver.execute(SwipeableAndroidDriver.java:1)
	at io.appium.java_client.PerformsTouchActions.performTouchAction(PerformsTouchActions.java:41)
	at io.appium.java_client.TouchAction.perform(TouchAction.java:187)
	at com.kms.katalon.core.mobile.helper.MobileElementCommonHelper.checkElement(MobileElementCommonHelper.java:169)
	at com.kms.katalon.core.mobile.keyword.builtin.CheckElementKeyword$_checkElement_closure1.doCall(CheckElementKeyword.groovy:70)
	at com.kms.katalon.core.mobile.keyword.builtin.CheckElementKeyword$_checkElement_closure1.call(CheckElementKeyword.groovy)
	at com.kms.katalon.core.mobile.keyword.internal.MobileKeywordMain.runKeyword(MobileKeywordMain.groovy:21)
	at com.kms.katalon.core.mobile.keyword.builtin.CheckElementKeyword.checkElement(CheckElementKeyword.groovy:71)
	at com.kms.katalon.core.mobile.keyword.builtin.CheckElementKeyword.execute(CheckElementKeyword.groovy:64)
	at com.kms.katalon.core.keyword.internal.KeywordExecutor.executeKeywordForPlatform(KeywordExecutor.groovy:74)
	at com.kms.katalon.core.mobile.keyword.MobileBuiltInKeywords.checkElement(MobileBuiltInKeywords.groovy:2297)
	at com.kms.katalon.core.mobile.keyword.MobileBuiltInKeywords$checkElement$0.call(Unknown Source)
	at Partner Politics.run(Partner Politics:20)
	at com.kms.katalon.core.main.ScriptEngine.run(ScriptEngine.java:194)
	at com.kms.katalon.core.main.ScriptEngine.runScriptAsRawText(ScriptEngine.java:119)
	at com.kms.katalon.core.main.TestCaseExecutor.runScript(TestCaseExecutor.java:442)
	at com.kms.katalon.core.main.TestCaseExecutor.doExecute(TestCaseExecutor.java:433)
	at com.kms.katalon.core.main.TestCaseExecutor.processExecutionPhase(TestCaseExecutor.java:412)
	at com.kms.katalon.core.main.TestCaseExecutor.accessMainPhase(TestCaseExecutor.java:404)
	at com.kms.katalon.core.main.TestCaseExecutor.execute(TestCaseExecutor.java:281)
	at com.kms.katalon.core.main.TestCaseExecutor.execute(TestCaseExecutor.java:363)
	at com.kms.katalon.core.main.TestCaseExecutor.execute(TestCaseExecutor.java:363)
	at com.kms.katalon.core.main.TestCaseExecutor.execute(TestCaseExecutor.java:363)
	at com.kms.katalon.core.main.TestSuiteExecutor.accessTestCaseMainPhase(TestSuiteExecutor.java:202)
	at com.kms.katalon.core.main.TestSuiteExecutor.accessTestSuiteMainPhase(TestSuiteExecutor.java:164)
	at com.kms.katalon.core.main.TestSuiteExecutor.execute(TestSuiteExecutor.java:105)
	at com.kms.katalon.core.main.TestCaseMain.startTestSuite(TestCaseMain.java:185)
	at com.kms.katalon.core.main.TestCaseMain$startTestSuite$0.call(Unknown Source)
	at TempTestSuite1650367533113.run(TempTestSuite1650367533113.groovy:36)
)
	at com.kms.katalon.core.keyword.internal.KeywordMain.stepFailed(KeywordMain.groovy:50)
	at com.kms.katalon.core.mobile.keyword.internal.MobileKeywordMain.stepFailed(MobileKeywordMain.groovy:40)
	at com.kms.katalon.core.mobile.keyword.internal.MobileKeywordMain.runKeyword(MobileKeywordMain.groovy:23)
	at com.kms.katalon.core.mobile.keyword.builtin.CheckElementKeyword.checkElement(CheckElementKeyword.groovy:71)
	at com.kms.katalon.core.mobile.keyword.builtin.CheckElementKeyword.execute(CheckElementKeyword.groovy:64)
	at com.kms.katalon.core.keyword.internal.KeywordExecutor.executeKeywordForPlatform(KeywordExecutor.groovy:74)
	at com.kms.katalon.core.mobile.keyword.MobileBuiltInKeywords.checkElement(MobileBuiltInKeywords.groovy:2297)
	at com.kms.katalon.core.mobile.keyword.MobileBuiltInKeywords$checkElement$0.call(Unknown Source)
	at Partner Politics.run(Partner Politics:20)
	at com.kms.katalon.core.main.ScriptEngine.run(ScriptEngine.java:194)
	at com.kms.katalon.core.main.ScriptEngine.runScriptAsRawText(ScriptEngine.java:119)
	at com.kms.katalon.core.main.TestCaseExecutor.runScript(TestCaseExecutor.java:442)
	at com.kms.katalon.core.main.TestCaseExecutor.doExecute(TestCaseExecutor.java:433)
	at com.kms.katalon.core.main.TestCaseExecutor.processExecutionPhase(TestCaseExecutor.java:412)
	at com.kms.katalon.core.main.TestCaseExecutor.accessMainPhase(TestCaseExecutor.java:404)
	at com.kms.katalon.core.main.TestCaseExecutor.execute(TestCaseExecutor.java:281)
	at com.kms.katalon.core.main.TestCaseExecutor.execute(TestCaseExecutor.java:363)
	at com.kms.katalon.core.main.TestCaseExecutor.execute(TestCaseExecutor.java:363)
	at com.kms.katalon.core.main.TestCaseExecutor.execute(TestCaseExecutor.java:363)
	at com.kms.katalon.core.main.TestSuiteExecutor.accessTestCaseMainPhase(TestSuiteExecutor.java:202)
	at com.kms.katalon.core.main.TestSuiteExecutor.accessTestSuiteMainPhase(TestSuiteExecutor.java:164)
	at com.kms.katalon.core.main.TestSuiteExecutor.execute(TestSuiteExecutor.java:105)
	at com.kms.katalon.core.main.TestCaseMain.startTestSuite(TestCaseMain.java:185)
	at com.kms.katalon.core.main.TestCaseMain$startTestSuite$0.call(Unknown Source)
	at TempTestSuite1650367533113.run(TempTestSuite1650367533113.groovy:36)
Caused by: org.openqa.selenium.InvalidElementStateException: Tap at [x=268.0, y=73.0] has failed
Build info: version: '3.141.59', revision: 'e82be7d358', time: '2018-11-14T08:25:53'
System info: host: 'DESKTOP-3CP89AN', ip: '192.168.88.65', os.name: 'Windows 10', os.arch: 'amd64', os.version: '10.0', java.version: '1.8.0_282'
Driver info: com.kms.katalon.core.appium.driver.SwipeableAndroidDriver
Capabilities {appActivity: .Settings, appPackage: com.android.settings, autoGrantPermissions: true, automationName: uiautomator2, chromedriverPort: 65427, databaseEnabled: false, desired: {appActivity: .Settings, appPackage: com.android.settings, autoGrantPermissions: true, automationName: uiautomator2, chromedriverPort: 65427, deviceName: samsung SM-A025F (Android 11), newCommandTimeout: 1800, platform: ANDROID, platformName: android, platformVersion: 11, systemPort: 8245, udid: R9JNC0DKDXJ}, deviceApiLevel: 30, deviceManufacturer: samsung, deviceModel: SM-A025F, deviceName: R9JNC0DKDXJ, deviceScreenDensity: 280, deviceScreenSize: 720x1600, deviceUDID: R9JNC0DKDXJ, javascriptEnabled: true, locationContextEnabled: false, networkConnectionEnabled: true, newCommandTimeout: 1800, pixelRatio: 1.75, platform: ANDROID, platformName: Android, platformVersion: 11, statBarHeight: 45, systemPort: 8245, takesScreenshot: true, udid: R9JNC0DKDXJ, viewportRect: {height: 1426, left: 0, top: 45, width: 720}, warnings: {}, webStorageEnabled: false}
Session ID: a10ff0b7-4c9b-4d79-82aa-6f1920df7bdc
	at org.openqa.selenium.remote.http.W3CHttpResponseCodec.createException(W3CHttpResponseCodec.java:187)
	at org.openqa.selenium.remote.http.W3CHttpResponseCodec.decode(W3CHttpResponseCodec.java:122)
	at org.openqa.selenium.remote.http.W3CHttpResponseCodec.decode(W3CHttpResponseCodec.java:49)
	at org.openqa.selenium.remote.HttpCommandExecutor.execute(HttpCommandExecutor.java:158)
	at io.appium.java_client.remote.AppiumCommandExecutor.execute(AppiumCommandExecutor.java:239)
	at org.openqa.selenium.remote.RemoteWebDriver.execute(RemoteWebDriver.java:552)
	at io.appium.java_client.DefaultGenericMobileDriver.execute(DefaultGenericMobileDriver.java:42)
	at io.appium.java_client.AppiumDriver.execute(AppiumDriver.java:1)
	at io.appium.java_client.android.AndroidDriver.execute(AndroidDriver.java:1)
	at com.kms.katalon.core.appium.driver.SwipeableAndroidDriver.execute(SwipeableAndroidDriver.java:1)
	at io.appium.java_client.PerformsTouchActions.performTouchAction(PerformsTouchActions.java:41)
	at io.appium.java_client.TouchAction.perform(TouchAction.java:187)
	at com.kms.katalon.core.mobile.helper.MobileElementCommonHelper.checkElement(MobileElementCommonHelper.java:169)
	at com.kms.katalon.core.mobile.keyword.builtin.CheckElementKeyword$_checkElement_closure1.doCall(CheckElementKeyword.groovy:70)
	at com.kms.katalon.core.mobile.keyword.builtin.CheckElementKeyword$_checkElement_closure1.call(CheckElementKeyword.groovy)
	at com.kms.katalon.core.mobile.keyword.internal.MobileKeywordMain.runKeyword(MobileKeywordMain.groovy:21)
	... 22 more]]></system-err>
      </testcase>
      <testcase name="Test Cases/testing/completed App" time="15.047" classname="Test Cases/testing/completed App" status="PASSED">
         <system-out><![CDATA[2022-04-19 16:37:06 - [TEST_CASE][PASSED] - Test Cases/testing/completed App: Test Cases/testing/completed App

2022-04-19 16:37:06 - [TEST_STEP][PASSED] - checkElement(findTestObject("Completed App/CONGRATS"), 0): Element 'Object Repository/Completed App/CONGRATS' is checked

2022-04-19 16:37:06 - [MESSAGE][WARNING] - Timeout '0' is invalid. Using default page load timeout: '30'

2022-04-19 16:37:19 - [MESSAGE][PASSED] - Element 'Object Repository/Completed App/CONGRATS' is checked

2022-04-19 16:37:19 - [TEST_STEP][PASSED] - checkElement(findTestObject("Completed App/You are done"), 0): Element 'Object Repository/Completed App/You are done' is checked

2022-04-19 16:37:19 - [MESSAGE][WARNING] - Timeout '0' is invalid. Using default page load timeout: '30'

2022-04-19 16:37:20 - [MESSAGE][PASSED] - Element 'Object Repository/Completed App/You are done' is checked

2022-04-19 16:37:20 - [TEST_STEP][PASSED] - checkElement(findTestObject("Completed App/Or really label text"), 0): Element 'Object Repository/Completed App/Or really label text' is checked

2022-04-19 16:37:20 - [MESSAGE][WARNING] - Timeout '0' is invalid. Using default page load timeout: '30'

2022-04-19 16:37:20 - [MESSAGE][PASSED] - Element 'Object Repository/Completed App/Or really label text' is checked

2022-04-19 16:37:20 - [TEST_STEP][PASSED] - tap(findTestObject("Completed App/Lets See Whats next Button"), 0): Tapped on element 'Object Repository/Completed App/Lets See Whats next Button'

2022-04-19 16:37:20 - [MESSAGE][WARNING] - Timeout '0' is invalid. Using default page load timeout: '30'

2022-04-19 16:37:21 - [MESSAGE][PASSED] - Tapped on element 'Object Repository/Completed App/Lets See Whats next Button']]></system-out>
         <system-err><![CDATA[]]></system-err>
      </testcase>
      <system-out><![CDATA[2022-04-19 16:25:46 - [TEST_SUITE][FAILED] - Testing SpotLove: Test Cases/testing/Black White Brown FAILED.
Reason:
com.kms.katalon.core.exception.StepFailedException: Object Object Repository/Black White Brown/Black. White. Brown. Purple label text not found
	at com.kms.katalon.core.mobile.helper.MobileElementCommonHelper.findElementWithCheck(MobileElementCommonHelper.java:159)
	at com.kms.katalon.core.mobile.helper.MobileElementCommonHelper.checkElement(MobileElementCommonHelper.java:165)
	at com.kms.katalon.core.mobile.keyword.builtin.CheckElementKeyword$_checkElement_closure1.doCall(CheckElementKeyword.groovy:70)
	at com.kms.katalon.core.mobile.keyword.builtin.CheckElementKeyword$_checkElement_closure1.call(CheckElementKeyword.groovy)
	at com.kms.katalon.core.mobile.keyword.internal.MobileKeywordMain.runKeyword(MobileKeywordMain.groovy:21)
	at com.kms.katalon.core.mobile.keyword.builtin.CheckElementKeyword.checkElement(CheckElementKeyword.groovy:71)
	at com.kms.katalon.core.mobile.keyword.builtin.CheckElementKeyword.execute(CheckElementKeyword.groovy:64)
	at com.kms.katalon.core.keyword.internal.KeywordExecutor.executeKeywordForPlatform(KeywordExecutor.groovy:74)
	at com.kms.katalon.core.mobile.keyword.MobileBuiltInKeywords.checkElement(MobileBuiltInKeywords.groovy:2297)
	at com.kms.katalon.core.mobile.keyword.MobileBuiltInKeywords$checkElement$0.call(Unknown Source)
	at Black White Brown.run(Black White Brown:22)
	at com.kms.katalon.core.main.ScriptEngine.run(ScriptEngine.java:194)
	at com.kms.katalon.core.main.ScriptEngine.runScriptAsRawText(ScriptEngine.java:119)
	at com.kms.katalon.core.main.TestCaseExecutor.runScript(TestCaseExecutor.java:442)
	at com.kms.katalon.core.main.TestCaseExecutor.doExecute(TestCaseExecutor.java:433)
	at com.kms.katalon.core.main.TestCaseExecutor.processExecutionPhase(TestCaseExecutor.java:412)
	at com.kms.katalon.core.main.TestCaseExecutor.accessMainPhase(TestCaseExecutor.java:404)
	at com.kms.katalon.core.main.TestCaseExecutor.execute(TestCaseExecutor.java:281)
	at com.kms.katalon.core.main.TestSuiteExecutor.accessTestCaseMainPhase(TestSuiteExecutor.java:202)
	at com.kms.katalon.core.main.TestSuiteExecutor.accessTestSuiteMainPhase(TestSuiteExecutor.java:164)
	at com.kms.katalon.core.main.TestSuiteExecutor.execute(TestSuiteExecutor.java:105)
	at com.kms.katalon.core.main.TestCaseMain.startTestSuite(TestCaseMain.java:185)
	at com.kms.katalon.core.main.TestCaseMain$startTestSuite$0.call(Unknown Source)
	at TempTestSuite1650367533113.run(TempTestSuite1650367533113.groovy:36)]]></system-out>
      <system-err><![CDATA[2022-04-19 16:25:46 - [TEST_SUITE][FAILED] - Testing SpotLove: Test Cases/testing/Black White Brown FAILED.
Reason:
com.kms.katalon.core.exception.StepFailedException: Object Object Repository/Black White Brown/Black. White. Brown. Purple label text not found
	at com.kms.katalon.core.mobile.helper.MobileElementCommonHelper.findElementWithCheck(MobileElementCommonHelper.java:159)
	at com.kms.katalon.core.mobile.helper.MobileElementCommonHelper.checkElement(MobileElementCommonHelper.java:165)
	at com.kms.katalon.core.mobile.keyword.builtin.CheckElementKeyword$_checkElement_closure1.doCall(CheckElementKeyword.groovy:70)
	at com.kms.katalon.core.mobile.keyword.builtin.CheckElementKeyword$_checkElement_closure1.call(CheckElementKeyword.groovy)
	at com.kms.katalon.core.mobile.keyword.internal.MobileKeywordMain.runKeyword(MobileKeywordMain.groovy:21)
	at com.kms.katalon.core.mobile.keyword.builtin.CheckElementKeyword.checkElement(CheckElementKeyword.groovy:71)
	at com.kms.katalon.core.mobile.keyword.builtin.CheckElementKeyword.execute(CheckElementKeyword.groovy:64)
	at com.kms.katalon.core.keyword.internal.KeywordExecutor.executeKeywordForPlatform(KeywordExecutor.groovy:74)
	at com.kms.katalon.core.mobile.keyword.MobileBuiltInKeywords.checkElement(MobileBuiltInKeywords.groovy:2297)
	at com.kms.katalon.core.mobile.keyword.MobileBuiltInKeywords$checkElement$0.call(Unknown Source)
	at Black White Brown.run(Black White Brown:22)
	at com.kms.katalon.core.main.ScriptEngine.run(ScriptEngine.java:194)
	at com.kms.katalon.core.main.ScriptEngine.runScriptAsRawText(ScriptEngine.java:119)
	at com.kms.katalon.core.main.TestCaseExecutor.runScript(TestCaseExecutor.java:442)
	at com.kms.katalon.core.main.TestCaseExecutor.doExecute(TestCaseExecutor.java:433)
	at com.kms.katalon.core.main.TestCaseExecutor.processExecutionPhase(TestCaseExecutor.java:412)
	at com.kms.katalon.core.main.TestCaseExecutor.accessMainPhase(TestCaseExecutor.java:404)
	at com.kms.katalon.core.main.TestCaseExecutor.execute(TestCaseExecutor.java:281)
	at com.kms.katalon.core.main.TestSuiteExecutor.accessTestCaseMainPhase(TestSuiteExecutor.java:202)
	at com.kms.katalon.core.main.TestSuiteExecutor.accessTestSuiteMainPhase(TestSuiteExecutor.java:164)
	at com.kms.katalon.core.main.TestSuiteExecutor.execute(TestSuiteExecutor.java:105)
	at com.kms.katalon.core.main.TestCaseMain.startTestSuite(TestCaseMain.java:185)
	at com.kms.katalon.core.main.TestCaseMain$startTestSuite$0.call(Unknown Source)
	at TempTestSuite1650367533113.run(TempTestSuite1650367533113.groovy:36)]]></system-err>
   </testsuite>
</testsuites>
