<?xml version="1.0" encoding="UTF-8"?>
<testsuites name="Updated Regression" time="331.529" tests="20" failures="4" errors="0">
   <testsuite name="Updated Regression" tests="20" failures="4" errors="0" time="331.529" skipped="0" timestamp="2023-02-06 13:00:40" hostname="pc - 192.168.1.16" id="Test Suites/Updated Regression">
      <properties>
         <property name="deviceName" value="samsung SM-A025F (Android 12)"/>
         <property name="devicePlatform" value=""/>
         <property name="logFolder" value="/Users/pc/git/SpotLove-Automation/Reports/20230206_130031/Updated Regression/20230206_130031"/>
         <property name="logFiles" value="/Users/pc/git/SpotLove-Automation/Reports/20230206_130031/Updated Regression/20230206_130031/execution0.log, /Users/pc/git/SpotLove-Automation/Reports/20230206_130031/Updated Regression/20230206_130031/appium.log"/>
         <property name="attachments" value="/Users/pc/git/SpotLove-Automation/Reports/20230206_130031/Updated Regression/20230206_130031/test screenshot"/>
         <property name="hostName" value="pc - 192.168.1.16"/>
         <property name="os" value="Mac OS X 64bit"/>
         <property name="appiumServerStatus" value="{&quot;value&quot;:{&quot;build&quot;:{&quot;version&quot;:&quot;1.22.3&quot;}},&quot;sessionId&quot;:null,&quot;status&quot;:0}"/>
         <property name="katalonVersion" value="8.5.5.208"/>
         <property name="deviceOS" value="Android"/>
         <property name="appiumVersion" value="1.22.3"/>
         <property name="deviceModel" value="SM-A025F"/>
         <property name="hostAddress" value="192.168.1.16"/>
         <property name="deviceManufacturer" value="samsung"/>
         <property name="deviceId" value="R9JNC0DKDXJ"/>
         <property name="deviceName" value="samsung SM-A025F (Android 12)"/>
         <property name="deviceOSVersion" value="12"/>
      </properties>
      <testcase name="Test Cases/Regression/LookUps/SL-01 First Intro Screen" time="29.524" classname="Test Cases/Regression/LookUps/SL-01 First Intro Screen" status="PASSED">
         <system-out><![CDATA[2023-02-06 13:00:40 - [TEST_CASE][PASSED] - Test Cases/Regression/LookUps/SL-01 First Intro Screen: Test Cases/Regression/LookUps/SL-01 First Intro Screen

2023-02-06 13:00:40 - [TEST_STEP][PASSED] - Start listener action : sampleBeforeTestCase: null

2023-02-06 13:00:40 - [TEST_STEP][PASSED] - println(testCaseContext.getTestCaseId()): null

2023-02-06 13:00:40 - [TEST_STEP][PASSED] - println(testCaseContext.getTestCaseVariables()): null

2023-02-06 13:00:41 - [TEST_STEP][PASSED] - startExistingApplication("com.spotlove.releaseproduction", STOP_ON_FAILURE): Starting app with application ID: 'com.spotlove.releaseproduction'

2023-02-06 13:00:41 - [MESSAGE][INFO] - User set preference: ['deviceId', 'R9JNC0DKDXJ']

2023-02-06 13:00:44 - [MESSAGE][INFO] - Detected NodeJS location: "/usr/local/bin/node"

2023-02-06 13:00:45 - [MESSAGE][INFO] - Appium server started on port 51,340

2023-02-06 13:01:00 - [MESSAGE][PASSED] - Starting app with application ID: 'com.spotlove.releaseproduction'

2023-02-06 13:01:00 - [TEST_STEP][PASSED] - if (waitForElementPresent(logo, 10)): null

2023-02-06 13:01:06 - [MESSAGE][PASSED] - Element 'Object Repository/Regression/SC-001 Intro 1/Logo SpotLove' is present

2023-02-06 13:01:06 - [TEST_STEP][PASSED] - markPassed("Spot Love Logo Found......!"): Spot Love Logo Found......!

2023-02-06 13:01:06 - [MESSAGE][PASSED] - Spot Love Logo Found......!

2023-02-06 13:01:06 - [TEST_STEP][PASSED] - if (waitForElementPresent(F_lbl_text, 10)): null

2023-02-06 13:01:06 - [MESSAGE][PASSED] - Element 'Object Repository/Regression/SC-001 Intro 1/Lbl text Spot The Perfect' is present

2023-02-06 13:01:06 - [TEST_STEP][PASSED] - markPassed("Spot The Perfect Lbl text Found......!"): Spot The Perfect Lbl text Found......!

2023-02-06 13:01:06 - [MESSAGE][PASSED] - Spot The Perfect Lbl text Found......!

2023-02-06 13:01:06 - [TEST_STEP][PASSED] - if (waitForElementPresent(S_lbl_text, 10)): null

2023-02-06 13:01:07 - [MESSAGE][PASSED] - Element 'Object Repository/Regression/SC-001 Intro 1/Lbl text Someone' is present

2023-02-06 13:01:07 - [TEST_STEP][PASSED] - markPassed("Someone Lbl text Found......!"): Someone Lbl text Found......!

2023-02-06 13:01:07 - [MESSAGE][PASSED] - Someone Lbl text Found......!

2023-02-06 13:01:07 - [TEST_STEP][PASSED] - if (waitForElementPresent(T_lbl_text, 10)): null

2023-02-06 13:01:07 - [MESSAGE][PASSED] - Element 'Object Repository/Regression/SC-001 Intro 1/Lbl text Find the person that checks all your boxes' is present

2023-02-06 13:01:07 - [TEST_STEP][PASSED] - markPassed("Find The Person Lbl text Found......!"): Find The Person Lbl text Found......!

2023-02-06 13:01:07 - [MESSAGE][PASSED] - Find The Person Lbl text Found......!

2023-02-06 13:01:07 - [TEST_STEP][PASSED] - if (waitForElementPresent(Centr_image, 10)): null

2023-02-06 13:01:08 - [MESSAGE][PASSED] - Element 'Object Repository/Regression/SC-001 Intro 1/Middle Screen Pic' is present

2023-02-06 13:01:08 - [TEST_STEP][PASSED] - markPassed("Center Image Found......!"): Center Image Found......!

2023-02-06 13:01:08 - [MESSAGE][PASSED] - Center Image Found......!

2023-02-06 13:01:08 - [TEST_STEP][PASSED] - if (waitForElementPresent(btn_continue, 10)): null

2023-02-06 13:01:08 - [MESSAGE][PASSED] - Element 'Object Repository/Regression/SC-001 Intro 1/btn Conitnue' is present

2023-02-06 13:01:08 - [TEST_STEP][PASSED] - tap(btn_continue, 10): Tapped on element 'Object Repository/Regression/SC-001 Intro 1/btn Conitnue'

2023-02-06 13:01:08 - [MESSAGE][PASSED] - Tapped on element 'Object Repository/Regression/SC-001 Intro 1/btn Conitnue'

2023-02-06 13:01:08 - [TEST_STEP][PASSED] - markPassed("User Navigate to the Second Screen......!"): User Navigate to the Second Screen......!

2023-02-06 13:01:08 - [MESSAGE][PASSED] - User Navigate to the Second Screen......!

2023-02-06 13:01:08 - [TEST_STEP][PASSED] - takeScreenshot("test screenshot"): Screenshot is taken

2023-02-06 13:01:09 - [MESSAGE][PASSED] - Screenshot is taken
[[ATTACHMENT|/Users/pc/git/SpotLove-Automation/Reports/20230206_130031/Updated Regression/20230206_130031/test screenshot]]

2023-02-06 13:01:09 - [TEST_STEP][PASSED] - Start listener action : sampleAfterTestCase: null

2023-02-06 13:01:09 - [TEST_STEP][PASSED] - println(testCaseContext.getTestCaseId()): null

2023-02-06 13:01:09 - [TEST_STEP][PASSED] - println(testCaseContext.getTestCaseStatus()): null]]></system-out>
         <system-err><![CDATA[]]></system-err>
      </testcase>
      <testcase name="Test Cases/Regression/LookUps/SL-02 Second Intro Screen" time="3.682" classname="Test Cases/Regression/LookUps/SL-02 Second Intro Screen" status="PASSED">
         <system-out><![CDATA[2023-02-06 13:01:09 - [TEST_CASE][PASSED] - Test Cases/Regression/LookUps/SL-02 Second Intro Screen: Test Cases/Regression/LookUps/SL-02 Second Intro Screen

2023-02-06 13:01:10 - [TEST_STEP][PASSED] - Start listener action : sampleBeforeTestCase: null

2023-02-06 13:01:10 - [TEST_STEP][PASSED] - println(testCaseContext.getTestCaseId()): null

2023-02-06 13:01:10 - [TEST_STEP][PASSED] - println(testCaseContext.getTestCaseVariables()): null

2023-02-06 13:01:10 - [TEST_STEP][PASSED] - if (waitForElementPresent(btn_back, 10)): null

2023-02-06 13:01:11 - [MESSAGE][PASSED] - Element 'Object Repository/Regression/SC-002 Intro 2/btn back' is present

2023-02-06 13:01:11 - [TEST_STEP][PASSED] - waitForElementPresent(logo, 10): Element 'Object Repository/Regression/SC-002 Intro 2/Logo Spotlove' is present

2023-02-06 13:01:11 - [MESSAGE][PASSED] - Element 'Object Repository/Regression/SC-002 Intro 2/Logo Spotlove' is present

2023-02-06 13:01:11 - [TEST_STEP][PASSED] - markPassed("Back button Found......!"): Back button Found......!

2023-02-06 13:01:11 - [MESSAGE][PASSED] - Back button Found......!

2023-02-06 13:01:11 - [TEST_STEP][PASSED] - markPassed("Spot Love Logo Found......!"): Spot Love Logo Found......!

2023-02-06 13:01:11 - [MESSAGE][PASSED] - Spot Love Logo Found......!

2023-02-06 13:01:11 - [TEST_STEP][PASSED] - if (waitForElementPresent(F_lbl_text, 10)): null

2023-02-06 13:01:12 - [MESSAGE][PASSED] - Element 'Object Repository/Regression/SC-002 Intro 2/Lbl text - Make a Match With' is present

2023-02-06 13:01:12 - [TEST_STEP][PASSED] - markPassed("Make a Match Lbl text Found......!"): Make a Match Lbl text Found......!

2023-02-06 13:01:12 - [MESSAGE][PASSED] - Make a Match Lbl text Found......!

2023-02-06 13:01:12 - [TEST_STEP][PASSED] - if (waitForElementPresent(S_lbl_text, 10)): null

2023-02-06 13:01:12 - [MESSAGE][PASSED] - Element 'Object Repository/Regression/SC-002 Intro 2/Lbl text - Your Soulmate' is present

2023-02-06 13:01:12 - [TEST_STEP][PASSED] - markPassed("Your Soulmate Lbl text Found......!"): Your Soulmate Lbl text Found......!

2023-02-06 13:01:12 - [MESSAGE][PASSED] - Your Soulmate Lbl text Found......!

2023-02-06 13:01:12 - [TEST_STEP][PASSED] - if (waitForElementPresent(T_lbl_text, 10)): null

2023-02-06 13:01:12 - [MESSAGE][PASSED] - Element 'Object Repository/Regression/SC-002 Intro 2/Lbl text - Its a match when someone likes youback' is present

2023-02-06 13:01:12 - [TEST_STEP][PASSED] - markPassed("It's a match Lbl text Found......!"): It's a match Lbl text Found......!

2023-02-06 13:01:12 - [MESSAGE][PASSED] - It's a match Lbl text Found......!

2023-02-06 13:01:12 - [TEST_STEP][PASSED] - if (waitForElementPresent(Centr_image, 10)): null

2023-02-06 13:01:13 - [MESSAGE][PASSED] - Element 'Object Repository/Regression/SC-002 Intro 2/Middle Screen Pic' is present

2023-02-06 13:01:13 - [TEST_STEP][PASSED] - markPassed("Center Image Found......!"): Center Image Found......!

2023-02-06 13:01:13 - [MESSAGE][PASSED] - Center Image Found......!

2023-02-06 13:01:13 - [TEST_STEP][PASSED] - if (waitForElementPresent(btn_continue, 10)): null

2023-02-06 13:01:13 - [MESSAGE][PASSED] - Element 'Object Repository/Regression/SC-002 Intro 2/btn Continue' is present

2023-02-06 13:01:13 - [TEST_STEP][PASSED] - tap(btn_continue, 10): Tapped on element 'Object Repository/Regression/SC-002 Intro 2/btn Continue'

2023-02-06 13:01:13 - [MESSAGE][PASSED] - Tapped on element 'Object Repository/Regression/SC-002 Intro 2/btn Continue'

2023-02-06 13:01:13 - [TEST_STEP][PASSED] - markPassed("User Navigate to the Third Screen......!"): User Navigate to the Third Screen......!

2023-02-06 13:01:13 - [MESSAGE][PASSED] - User Navigate to the Third Screen......!

2023-02-06 13:01:13 - [TEST_STEP][PASSED] - Start listener action : sampleAfterTestCase: null

2023-02-06 13:01:13 - [TEST_STEP][PASSED] - println(testCaseContext.getTestCaseId()): null

2023-02-06 13:01:13 - [TEST_STEP][PASSED] - println(testCaseContext.getTestCaseStatus()): null]]></system-out>
         <system-err><![CDATA[]]></system-err>
      </testcase>
      <testcase name="Test Cases/Regression/LookUps/SL-03 Third Intro Screen" time="3.402" classname="Test Cases/Regression/LookUps/SL-03 Third Intro Screen" status="PASSED">
         <system-out><![CDATA[2023-02-06 13:01:13 - [TEST_CASE][PASSED] - Test Cases/Regression/LookUps/SL-03 Third Intro Screen: Test Cases/Regression/LookUps/SL-03 Third Intro Screen

2023-02-06 13:01:13 - [TEST_STEP][PASSED] - Start listener action : sampleBeforeTestCase: null

2023-02-06 13:01:13 - [TEST_STEP][PASSED] - println(testCaseContext.getTestCaseId()): null

2023-02-06 13:01:13 - [TEST_STEP][PASSED] - println(testCaseContext.getTestCaseVariables()): null

2023-02-06 13:01:14 - [TEST_STEP][PASSED] - if (waitForElementPresent(btn_back, 10)): null

2023-02-06 13:01:15 - [MESSAGE][PASSED] - Element 'Object Repository/Regression/SC-003 Intro 3/btn back' is present

2023-02-06 13:01:15 - [TEST_STEP][PASSED] - waitForElementPresent(logo, 10): Element 'Object Repository/Regression/SC-003 Intro 3/Logo Spotlove' is present

2023-02-06 13:01:15 - [MESSAGE][PASSED] - Element 'Object Repository/Regression/SC-003 Intro 3/Logo Spotlove' is present

2023-02-06 13:01:15 - [TEST_STEP][PASSED] - markPassed("Back button Found......!"): Back button Found......!

2023-02-06 13:01:15 - [MESSAGE][PASSED] - Back button Found......!

2023-02-06 13:01:15 - [TEST_STEP][PASSED] - markPassed("Spot Love Logo Found......!"): Spot Love Logo Found......!

2023-02-06 13:01:15 - [MESSAGE][PASSED] - Spot Love Logo Found......!

2023-02-06 13:01:15 - [TEST_STEP][PASSED] - if (waitForElementPresent(F_lbl_text, 10)): null

2023-02-06 13:01:15 - [MESSAGE][PASSED] - Element 'Object Repository/Regression/SC-003 Intro 3/Lbl text - Connect on Fun' is present

2023-02-06 13:01:15 - [TEST_STEP][PASSED] - markPassed("Spot The Perfect Lbl text Found......!"): Spot The Perfect Lbl text Found......!

2023-02-06 13:01:15 - [MESSAGE][PASSED] - Spot The Perfect Lbl text Found......!

2023-02-06 13:01:15 - [TEST_STEP][PASSED] - if (waitForElementPresent(S_lbl_text, 10)): null

2023-02-06 13:01:15 - [MESSAGE][PASSED] - Element 'Object Repository/Regression/SC-003 Intro 3/Lbl text - Video Dates' is present

2023-02-06 13:01:15 - [TEST_STEP][PASSED] - markPassed("Someone Lbl text Found......!"): Someone Lbl text Found......!

2023-02-06 13:01:15 - [MESSAGE][PASSED] - Someone Lbl text Found......!

2023-02-06 13:01:15 - [TEST_STEP][PASSED] - if (waitForElementPresent(T_lbl_text, 10)): null

2023-02-06 13:01:16 - [MESSAGE][PASSED] - Element 'Object Repository/Regression/SC-003 Intro 3/Lbl text - Connect with your matches through livevideo mixers' is present

2023-02-06 13:01:16 - [TEST_STEP][PASSED] - markPassed("Find The Person Lbl text Found......!"): Find The Person Lbl text Found......!

2023-02-06 13:01:16 - [MESSAGE][PASSED] - Find The Person Lbl text Found......!

2023-02-06 13:01:16 - [TEST_STEP][PASSED] - if (waitForElementPresent(Centr_image, 10)): null

2023-02-06 13:01:16 - [MESSAGE][PASSED] - Element 'Object Repository/Regression/SC-003 Intro 3/MIddle Screen Pic' is present

2023-02-06 13:01:16 - [TEST_STEP][PASSED] - markPassed("Center Image Found......!"): Center Image Found......!

2023-02-06 13:01:16 - [MESSAGE][PASSED] - Center Image Found......!

2023-02-06 13:01:16 - [TEST_STEP][PASSED] - if (waitForElementPresent(btn_continue, 10)): null

2023-02-06 13:01:16 - [MESSAGE][PASSED] - Element 'Object Repository/Regression/SC-003 Intro 3/btn Continue' is present

2023-02-06 13:01:16 - [TEST_STEP][PASSED] - tap(btn_continue, 10): Tapped on element 'Object Repository/Regression/SC-003 Intro 3/btn Continue'

2023-02-06 13:01:17 - [MESSAGE][PASSED] - Tapped on element 'Object Repository/Regression/SC-003 Intro 3/btn Continue'

2023-02-06 13:01:17 - [TEST_STEP][PASSED] - markPassed("User Navigate to the Sign-In selection Screen......!"): User Navigate to the Sign-In selection Screen......!

2023-02-06 13:01:17 - [MESSAGE][PASSED] - User Navigate to the Sign-In selection Screen......!

2023-02-06 13:01:17 - [TEST_STEP][PASSED] - Start listener action : sampleAfterTestCase: null

2023-02-06 13:01:17 - [TEST_STEP][PASSED] - println(testCaseContext.getTestCaseId()): null

2023-02-06 13:01:17 - [TEST_STEP][PASSED] - println(testCaseContext.getTestCaseStatus()): null]]></system-out>
         <system-err><![CDATA[]]></system-err>
      </testcase>
      <testcase name="Test Cases/Regression/LookUps/SL-04 Sign In Selection" time="2.062" classname="Test Cases/Regression/LookUps/SL-04 Sign In Selection" status="PASSED">
         <system-out><![CDATA[2023-02-06 13:01:17 - [TEST_CASE][PASSED] - Test Cases/Regression/LookUps/SL-04 Sign In Selection: Test Cases/Regression/LookUps/SL-04 Sign In Selection

2023-02-06 13:01:17 - [TEST_STEP][PASSED] - Start listener action : sampleBeforeTestCase: null

2023-02-06 13:01:17 - [TEST_STEP][PASSED] - println(testCaseContext.getTestCaseId()): null

2023-02-06 13:01:17 - [TEST_STEP][PASSED] - println(testCaseContext.getTestCaseVariables()): null

2023-02-06 13:01:17 - [TEST_STEP][PASSED] - if (waitForElementPresent(F_lbl_text, 10)): null

2023-02-06 13:01:18 - [MESSAGE][PASSED] - Element 'Object Repository/Regression/SC-004 Sign In-Up screen/Lbl text - Spot Love at First Sight' is present

2023-02-06 13:01:18 - [TEST_STEP][PASSED] - markPassed("Spot Love At First Sight label text found......!"): Spot Love At First Sight label text found......!

2023-02-06 13:01:18 - [MESSAGE][PASSED] - Spot Love At First Sight label text found......!

2023-02-06 13:01:18 - [TEST_STEP][PASSED] - if (waitForElementPresent(S_lbl_text, 10)): null

2023-02-06 13:01:18 - [MESSAGE][PASSED] - Element 'Object Repository/Regression/SC-004 Sign In-Up screen/Lbl text - Select an account to continue' is present

2023-02-06 13:01:18 - [TEST_STEP][PASSED] - markPassed("Select an account to Continue label text found......!"): Select an account to Continue label text found......!

2023-02-06 13:01:18 - [MESSAGE][PASSED] - Select an account to Continue label text found......!

2023-02-06 13:01:18 - [TEST_STEP][PASSED] - if (waitForElementPresent(btn_Continue_WPN, 10)): null

2023-02-06 13:01:18 - [MESSAGE][PASSED] - Element 'Object Repository/Regression/SC-004 Sign In-Up screen/btn Continue with Phone number' is present

2023-02-06 13:01:18 - [TEST_STEP][PASSED] - tap(btn_Continue_WPN, 10): Tapped on element 'Object Repository/Regression/SC-004 Sign In-Up screen/btn Continue with Phone number'

2023-02-06 13:01:19 - [MESSAGE][PASSED] - Tapped on element 'Object Repository/Regression/SC-004 Sign In-Up screen/btn Continue with Phone number'

2023-02-06 13:01:19 - [TEST_STEP][PASSED] - markPassed("User Navigate to Phone Numebr Screen......!"): User Navigate to Phone Numebr Screen......!

2023-02-06 13:01:19 - [MESSAGE][PASSED] - User Navigate to Phone Numebr Screen......!

2023-02-06 13:01:19 - [TEST_STEP][PASSED] - Start listener action : sampleAfterTestCase: null

2023-02-06 13:01:19 - [TEST_STEP][PASSED] - println(testCaseContext.getTestCaseId()): null

2023-02-06 13:01:19 - [TEST_STEP][PASSED] - println(testCaseContext.getTestCaseStatus()): null]]></system-out>
         <system-err><![CDATA[]]></system-err>
      </testcase>
      <testcase name="Test Cases/Regression/LookUps/SL-05 Phone Number Enter Screen" time="11.204" classname="Test Cases/Regression/LookUps/SL-05 Phone Number Enter Screen" status="PASSED">
         <system-out><![CDATA[2023-02-06 13:01:19 - [TEST_CASE][PASSED] - Test Cases/Regression/LookUps/SL-05 Phone Number Enter Screen: Test Cases/Regression/LookUps/SL-05 Phone Number Enter Screen

2023-02-06 13:01:19 - [TEST_STEP][PASSED] - Start listener action : sampleBeforeTestCase: null

2023-02-06 13:01:19 - [TEST_STEP][PASSED] - println(testCaseContext.getTestCaseId()): null

2023-02-06 13:01:19 - [TEST_STEP][PASSED] - println(testCaseContext.getTestCaseVariables()): null

2023-02-06 13:01:19 - [TEST_STEP][PASSED] - if (waitForElementPresent(spotlove_logo, 10)): null

2023-02-06 13:01:20 - [MESSAGE][PASSED] - Element 'Object Repository/Regression/SC-005 Sign-in with Phone number/Logo Spotlove' is present

2023-02-06 13:01:20 - [TEST_STEP][PASSED] - markPassed("Spot.Love Logo Found......!"): Spot.Love Logo Found......!

2023-02-06 13:01:20 - [MESSAGE][PASSED] - Spot.Love Logo Found......!

2023-02-06 13:01:20 - [TEST_STEP][PASSED] - if (waitForElementPresent(btn_back, 10)): null

2023-02-06 13:01:20 - [MESSAGE][PASSED] - Element 'Object Repository/Regression/SC-005 Sign-in with Phone number/btn back' is present

2023-02-06 13:01:20 - [TEST_STEP][PASSED] - markPassed("Back Button Found......!"): Back Button Found......!

2023-02-06 13:01:20 - [MESSAGE][PASSED] - Back Button Found......!

2023-02-06 13:01:20 - [TEST_STEP][PASSED] - if (waitForElementPresent(lbl_first_text, 10)): null

2023-02-06 13:01:21 - [MESSAGE][PASSED] - Element 'Object Repository/Regression/SC-005 Sign-in with Phone number/Lbl text - Sign in to Spot.Love' is present

2023-02-06 13:01:21 - [TEST_STEP][PASSED] - markPassed("Sign in to Spot.Love label text is found......!"): Sign in to Spot.Love label text is found......!

2023-02-06 13:01:21 - [MESSAGE][PASSED] - Sign in to Spot.Love label text is found......!

2023-02-06 13:01:21 - [TEST_STEP][PASSED] - if (waitForElementPresent(lbl_Second_text, 10)): null

2023-02-06 13:01:21 - [MESSAGE][PASSED] - Element 'Object Repository/Regression/SC-005 Sign-in with Phone number/Lbl text - Continue with your phone number' is present

2023-02-06 13:01:21 - [TEST_STEP][PASSED] - markPassed("Continue with your phone number label text is found......!"): Continue with your phone number label text is found......!

2023-02-06 13:01:21 - [MESSAGE][PASSED] - Continue with your phone number label text is found......!

2023-02-06 13:01:21 - [TEST_STEP][PASSED] - if (waitForElementPresent(flag_icon, 10)): null

2023-02-06 13:01:21 - [MESSAGE][PASSED] - Element 'Object Repository/Regression/SC-005 Sign-in with Phone number/dropdown Country Selection' is present

2023-02-06 13:01:21 - [TEST_STEP][PASSED] - markPassed("Country Flag Icon is found......!"): Country Flag Icon is found......!

2023-02-06 13:01:21 - [MESSAGE][PASSED] - Country Flag Icon is found......!

2023-02-06 13:01:21 - [TEST_STEP][PASSED] - tap(flag_icon, 10): Tapped on element 'Object Repository/Regression/SC-005 Sign-in with Phone number/dropdown Country Selection'

2023-02-06 13:01:22 - [MESSAGE][PASSED] - Tapped on element 'Object Repository/Regression/SC-005 Sign-in with Phone number/dropdown Country Selection'

2023-02-06 13:01:22 - [TEST_STEP][PASSED] - markPassed("Country slection dropdown is opened......!"): Country slection dropdown is opened......!

2023-02-06 13:01:22 - [MESSAGE][PASSED] - Country slection dropdown is opened......!

2023-02-06 13:01:22 - [TEST_STEP][PASSED] - if (waitForElementPresent(search_box, 10)): null

2023-02-06 13:01:23 - [MESSAGE][PASSED] - Element 'Object Repository/Regression/SC-005 Sign-in with Phone number/Search box Enter country name' is present

2023-02-06 13:01:23 - [TEST_STEP][PASSED] - setText(search_box, C_Name, 10): Text 'US' has been set to element 'Object Repository/Regression/SC-005 Sign-in with Phone number/Search box Enter country name'

2023-02-06 13:01:25 - [MESSAGE][PASSED] - Text 'US' has been set to element 'Object Repository/Regression/SC-005 Sign-in with Phone number/Search box Enter country name'

2023-02-06 13:01:25 - [TEST_STEP][PASSED] - markPassed("Country Name Entered in the Search Box......!"): Country Name Entered in the Search Box......!

2023-02-06 13:01:25 - [MESSAGE][PASSED] - Country Name Entered in the Search Box......!

2023-02-06 13:01:25 - [TEST_STEP][PASSED] - if (waitForElementPresent(First_index, 10)): null

2023-02-06 13:01:26 - [MESSAGE][PASSED] - Element 'Object Repository/Regression/SC-005 Sign-in with Phone number/Select Country In First Index' is present

2023-02-06 13:01:26 - [TEST_STEP][PASSED] - tap(First_index, 10): Tapped on element 'Object Repository/Regression/SC-005 Sign-in with Phone number/Select Country In First Index'

2023-02-06 13:01:27 - [MESSAGE][PASSED] - Tapped on element 'Object Repository/Regression/SC-005 Sign-in with Phone number/Select Country In First Index'

2023-02-06 13:01:27 - [TEST_STEP][PASSED] - markPassed("Country Selection Successfully......!"): Country Selection Successfully......!

2023-02-06 13:01:27 - [MESSAGE][PASSED] - Country Selection Successfully......!

2023-02-06 13:01:27 - [TEST_STEP][PASSED] - if (waitForElementPresent(Enter_Phonenumber, 10)): null

2023-02-06 13:01:27 - [MESSAGE][PASSED] - Element 'Object Repository/Regression/SC-005 Sign-in with Phone number/Input Phone Number' is present

2023-02-06 13:01:27 - [TEST_STEP][PASSED] - setText(Enter_Phonenumber, PhoneNumber, 10): Text '6505559876' has been set to element 'Object Repository/Regression/SC-005 Sign-in with Phone number/Input Phone Number'

2023-02-06 13:01:29 - [MESSAGE][PASSED] - Text '6505559876' has been set to element 'Object Repository/Regression/SC-005 Sign-in with Phone number/Input Phone Number'

2023-02-06 13:01:29 - [TEST_STEP][PASSED] - markPassed("Phon number Entered......!"): Phon number Entered......!

2023-02-06 13:01:29 - [MESSAGE][PASSED] - Phon number Entered......!

2023-02-06 13:01:29 - [TEST_STEP][PASSED] - com.spotlove.Utility.tap_Continue(): com.spotlove.Utility.tap_Continue is PASSED

2023-02-06 13:01:30 - [MESSAGE][PASSED] - com.spotlove.Utility.tap_Continue is PASSED

2023-02-06 13:01:30 - [TEST_STEP][PASSED] - Start listener action : sampleAfterTestCase: null

2023-02-06 13:01:30 - [TEST_STEP][PASSED] - println(testCaseContext.getTestCaseId()): null

2023-02-06 13:01:30 - [TEST_STEP][PASSED] - println(testCaseContext.getTestCaseStatus()): null]]></system-out>
         <system-err><![CDATA[]]></system-err>
      </testcase>
      <testcase name="Test Cases/Regression/LookUps/SL-06 OTP Screen" time="43.688" classname="Test Cases/Regression/LookUps/SL-06 OTP Screen" status="PASSED">
         <system-out><![CDATA[2023-02-06 13:01:30 - [TEST_CASE][PASSED] - Test Cases/Regression/LookUps/SL-06 OTP Screen: Test Cases/Regression/LookUps/SL-06 OTP Screen

2023-02-06 13:01:30 - [TEST_STEP][PASSED] - Start listener action : sampleBeforeTestCase: null

2023-02-06 13:01:30 - [TEST_STEP][PASSED] - println(testCaseContext.getTestCaseId()): null

2023-02-06 13:01:30 - [TEST_STEP][PASSED] - println(testCaseContext.getTestCaseVariables()): null

2023-02-06 13:01:30 - [TEST_STEP][PASSED] - if (waitForElementPresent(spotlove_logo, 10)): null

2023-02-06 13:01:31 - [MESSAGE][PASSED] - Element 'Object Repository/Regression/SC-006 OTP Screen/Logo Spotlove' is present

2023-02-06 13:01:31 - [TEST_STEP][PASSED] - markPassed("Spot.Love Logo Found......!"): Spot.Love Logo Found......!

2023-02-06 13:01:31 - [MESSAGE][PASSED] - Spot.Love Logo Found......!

2023-02-06 13:01:31 - [TEST_STEP][PASSED] - if (waitForElementPresent(btn_back, 10)): null

2023-02-06 13:01:31 - [MESSAGE][PASSED] - Element 'Object Repository/Regression/SC-006 OTP Screen/btn back' is present

2023-02-06 13:01:31 - [TEST_STEP][PASSED] - markPassed("Back Button Found......!"): Back Button Found......!

2023-02-06 13:01:31 - [MESSAGE][PASSED] - Back Button Found......!

2023-02-06 13:01:31 - [TEST_STEP][PASSED] - if (waitForElementPresent(lbl_first_text, 60)): null

2023-02-06 13:01:57 - [MESSAGE][PASSED] - Element 'Object Repository/Regression/SC-006 OTP Screen/Lbl text - Enter your verification code' is present

2023-02-06 13:01:57 - [TEST_STEP][PASSED] - markPassed("Enter your verification code label text is found......!"): Enter your verification code label text is found......!

2023-02-06 13:01:57 - [MESSAGE][PASSED] - Enter your verification code label text is found......!

2023-02-06 13:01:57 - [TEST_STEP][PASSED] - if (waitForElementPresent(lbl_Second_text, 10)): null

2023-02-06 13:01:57 - [MESSAGE][PASSED] - Element 'Object Repository/Regression/SC-006 OTP Screen/Lbl text - Weve sent a pin to Phone Number' is present

2023-02-06 13:01:57 - [TEST_STEP][PASSED] - markPassed("We're sent a pin to +16505559876 label text is found......!"): We're sent a pin to +16505559876 label text is found......!

2023-02-06 13:01:57 - [MESSAGE][PASSED] - We're sent a pin to +16505559876 label text is found......!

2023-02-06 13:01:57 - [TEST_STEP][PASSED] - tap(findTestObject("Object Repository/Smoke/OTP/android.widget.EditText - -"), 15): Tapped on element 'Object Repository/Smoke/OTP/android.widget.EditText - -'

2023-02-06 13:01:58 - [MESSAGE][PASSED] - Tapped on element 'Object Repository/Smoke/OTP/android.widget.EditText - -'

2023-02-06 13:01:58 - [TEST_STEP][PASSED] - setText(findTestObject("Object Repository/Smoke/OTP/android.widget.EditText - - (1)"), "1", 2): Text '1' has been set to element 'Object Repository/Smoke/OTP/android.widget.EditText - - (1)'

2023-02-06 13:02:01 - [MESSAGE][PASSED] - Text '1' has been set to element 'Object Repository/Smoke/OTP/android.widget.EditText - - (1)'

2023-02-06 13:02:01 - [TEST_STEP][PASSED] - setText(findTestObject("Object Repository/Smoke/OTP/android.widget.EditText - - (2)"), "2", 2): Text '2' has been set to element 'Object Repository/Smoke/OTP/android.widget.EditText - - (2)'

2023-02-06 13:02:03 - [MESSAGE][PASSED] - Text '2' has been set to element 'Object Repository/Smoke/OTP/android.widget.EditText - - (2)'

2023-02-06 13:02:03 - [TEST_STEP][PASSED] - setText(findTestObject("Object Repository/Smoke/OTP/android.widget.EditText - - (3)"), "3", 2): Text '3' has been set to element 'Object Repository/Smoke/OTP/android.widget.EditText - - (3)'

2023-02-06 13:02:06 - [MESSAGE][PASSED] - Text '3' has been set to element 'Object Repository/Smoke/OTP/android.widget.EditText - - (3)'

2023-02-06 13:02:06 - [TEST_STEP][PASSED] - setText(findTestObject("Object Repository/Smoke/OTP/android.widget.EditText - - (4)"), "4", 2): Text '4' has been set to element 'Object Repository/Smoke/OTP/android.widget.EditText - - (4)'

2023-02-06 13:02:08 - [MESSAGE][PASSED] - Text '4' has been set to element 'Object Repository/Smoke/OTP/android.widget.EditText - - (4)'

2023-02-06 13:02:08 - [TEST_STEP][PASSED] - setText(findTestObject("Object Repository/Smoke/OTP/android.widget.EditText - - (5)"), "5", 2): Text '5' has been set to element 'Object Repository/Smoke/OTP/android.widget.EditText - - (5)'

2023-02-06 13:02:10 - [MESSAGE][PASSED] - Text '5' has been set to element 'Object Repository/Smoke/OTP/android.widget.EditText - - (5)'

2023-02-06 13:02:10 - [TEST_STEP][PASSED] - setText(findTestObject("Object Repository/Smoke/OTP/android.widget.EditText - - (6)"), "6", 2): Text '6' has been set to element 'Object Repository/Smoke/OTP/android.widget.EditText - - (6)'

2023-02-06 13:02:13 - [MESSAGE][PASSED] - Text '6' has been set to element 'Object Repository/Smoke/OTP/android.widget.EditText - - (6)'

2023-02-06 13:02:13 - [TEST_STEP][PASSED] - com.spotlove.Utility.Verify(): com.spotlove.Utility.Verify is PASSED

2023-02-06 13:02:13 - [MESSAGE][PASSED] - com.spotlove.Utility.Verify is PASSED

2023-02-06 13:02:13 - [TEST_STEP][PASSED] - Start listener action : sampleAfterTestCase: null

2023-02-06 13:02:13 - [TEST_STEP][PASSED] - println(testCaseContext.getTestCaseId()): null

2023-02-06 13:02:13 - [TEST_STEP][PASSED] - println(testCaseContext.getTestCaseStatus()): null]]></system-out>
         <system-err><![CDATA[]]></system-err>
      </testcase>
      <testcase name="Test Cases/Regression/LookUps/SL-07 Welcome To SpotLove" time="7.414" classname="Test Cases/Regression/LookUps/SL-07 Welcome To SpotLove" status="PASSED">
         <system-out><![CDATA[2023-02-06 13:02:13 - [TEST_CASE][PASSED] - Test Cases/Regression/LookUps/SL-07 Welcome To SpotLove: Test Cases/Regression/LookUps/SL-07 Welcome To SpotLove

2023-02-06 13:02:14 - [TEST_STEP][PASSED] - Start listener action : sampleBeforeTestCase: null

2023-02-06 13:02:14 - [TEST_STEP][PASSED] - println(testCaseContext.getTestCaseId()): null

2023-02-06 13:02:14 - [TEST_STEP][PASSED] - println(testCaseContext.getTestCaseVariables()): null

2023-02-06 13:02:14 - [TEST_STEP][PASSED] - if (waitForElementPresent(Logo_Spotlove, 10)): null

2023-02-06 13:02:17 - [MESSAGE][PASSED] - Element 'Object Repository/Regression/SC-007 Welcome Onboard Screen/Logo spotlove' is present

2023-02-06 13:02:17 - [TEST_STEP][PASSED] - markPassed("Spot.Love Logo Found......!"): Spot.Love Logo Found......!

2023-02-06 13:02:17 - [MESSAGE][PASSED] - Spot.Love Logo Found......!

2023-02-06 13:02:17 - [TEST_STEP][PASSED] - if (waitForElementPresent(lbl_txt_first, 10)): null

2023-02-06 13:02:17 - [MESSAGE][PASSED] - Element 'Object Repository/Regression/SC-007 Welcome Onboard Screen/Lbl text - Welcome to Spot.Love' is present

2023-02-06 13:02:17 - [TEST_STEP][PASSED] - markPassed("Welcome to Spot.Love lbl text Found......!"): Welcome to Spot.Love lbl text Found......!

2023-02-06 13:02:17 - [MESSAGE][PASSED] - Welcome to Spot.Love lbl text Found......!

2023-02-06 13:02:17 - [TEST_STEP][PASSED] - if (waitForElementPresent(lbl_txt_Sec, 10)): null

2023-02-06 13:02:18 - [MESSAGE][PASSED] - Element 'Object Repository/Regression/SC-007 Welcome Onboard Screen/Lbl Text - Please follow these house rules' is present

2023-02-06 13:02:18 - [TEST_STEP][PASSED] - markPassed("Please follow these house rules lbl text Found......!"): Please follow these house rules lbl text Found......!

2023-02-06 13:02:18 - [MESSAGE][PASSED] - Please follow these house rules lbl text Found......!

2023-02-06 13:02:18 - [TEST_STEP][PASSED] - if (waitForElementPresent(first_heart_icon, 10)): null

2023-02-06 13:02:18 - [MESSAGE][PASSED] - Element 'Object Repository/Regression/SC-007 Welcome Onboard Screen/First Heart Icon' is present

2023-02-06 13:02:18 - [TEST_STEP][PASSED] - markPassed("First Heart Icon Found......!"): First Heart Icon Found......!

2023-02-06 13:02:18 - [MESSAGE][PASSED] - First Heart Icon Found......!

2023-02-06 13:02:18 - [TEST_STEP][PASSED] - if (waitForElementPresent(Be_kind_lbl, 10)): null

2023-02-06 13:02:18 - [MESSAGE][PASSED] - Element 'Object Repository/Regression/SC-007 Welcome Onboard Screen/Lbl text - Be kind' is present

2023-02-06 13:02:18 - [TEST_STEP][PASSED] - markPassed("Be Kind lbl text Found......!"): Be Kind lbl text Found......!

2023-02-06 13:02:18 - [MESSAGE][PASSED] - Be Kind lbl text Found......!

2023-02-06 13:02:18 - [TEST_STEP][PASSED] - if (waitForElementPresent(Treat_lbl, 10)): null

2023-02-06 13:02:18 - [MESSAGE][PASSED] - Element 'Object Repository/Regression/SC-007 Welcome Onboard Screen/Lbl text - Treat everyone with respect andkindness' is present

2023-02-06 13:02:18 - [TEST_STEP][PASSED] - markPassed("Treat everyone with respect and kindness lbl text Found......!"): Treat everyone with respect and kindness lbl text Found......!

2023-02-06 13:02:18 - [MESSAGE][PASSED] - Treat everyone with respect and kindness lbl text Found......!

2023-02-06 13:02:18 - [TEST_STEP][PASSED] - if (waitForElementPresent(Second_heart_icon, 10)): null

2023-02-06 13:02:18 - [MESSAGE][PASSED] - Element 'Object Repository/Regression/SC-007 Welcome Onboard Screen/Second Heart Icon' is present

2023-02-06 13:02:18 - [TEST_STEP][PASSED] - markPassed("Second Heart Icon Found......!"): Second Heart Icon Found......!

2023-02-06 13:02:18 - [MESSAGE][PASSED] - Second Heart Icon Found......!

2023-02-06 13:02:18 - [TEST_STEP][PASSED] - if (waitForElementPresent(Be_your_lbl, 10)): null

2023-02-06 13:02:19 - [MESSAGE][PASSED] - Element 'Object Repository/Regression/SC-007 Welcome Onboard Screen/Lbl text - Be yourself' is present

2023-02-06 13:02:19 - [TEST_STEP][PASSED] - markPassed("Be yourself lbl text Found......!"): Be yourself lbl text Found......!

2023-02-06 13:02:19 - [MESSAGE][PASSED] - Be yourself lbl text Found......!

2023-02-06 13:02:19 - [TEST_STEP][PASSED] - if (waitForElementPresent(Be_honest_lbl, 10)): null

2023-02-06 13:02:19 - [MESSAGE][PASSED] - Element 'Object Repository/Regression/SC-007 Welcome Onboard Screen/Lbl text - Be honest about your age, photos, andbio' is present

2023-02-06 13:02:19 - [TEST_STEP][PASSED] - markPassed("Be honest about your age, photos, and bio lbl text Found......!"): Be honest about your age, photos, and bio lbl text Found......!

2023-02-06 13:02:19 - [MESSAGE][PASSED] - Be honest about your age, photos, and bio lbl text Found......!

2023-02-06 13:02:19 - [TEST_STEP][PASSED] - if (waitForElementPresent(Third_heart_icon, 10)): null

2023-02-06 13:02:19 - [MESSAGE][PASSED] - Element 'Object Repository/Regression/SC-007 Welcome Onboard Screen/Third Heart Icon' is present

2023-02-06 13:02:19 - [TEST_STEP][PASSED] - markPassed("Third Heart Icon Found......!"): Third Heart Icon Found......!

2023-02-06 13:02:19 - [MESSAGE][PASSED] - Third Heart Icon Found......!

2023-02-06 13:02:19 - [TEST_STEP][PASSED] - if (waitForElementPresent(Be_out_lbl, 10)): null

2023-02-06 13:02:19 - [MESSAGE][PASSED] - Element 'Object Repository/Regression/SC-007 Welcome Onboard Screen/Lbl text - Be outspoken' is present

2023-02-06 13:02:19 - [TEST_STEP][PASSED] - markPassed("Be outspoken lbl text Found......!"): Be outspoken lbl text Found......!

2023-02-06 13:02:19 - [MESSAGE][PASSED] - Be outspoken lbl text Found......!

2023-02-06 13:02:19 - [TEST_STEP][PASSED] - if (waitForElementPresent(Always_lbl, 10)): null

2023-02-06 13:02:19 - [MESSAGE][PASSED] - Element 'Object Repository/Regression/SC-007 Welcome Onboard Screen/Lbl text - Always report bad behavior' is present

2023-02-06 13:02:19 - [TEST_STEP][PASSED] - markPassed("Always reported bad behavior lbl text Found......!"): Always reported bad behavior lbl text Found......!

2023-02-06 13:02:19 - [MESSAGE][PASSED] - Always reported bad behavior lbl text Found......!

2023-02-06 13:02:19 - [TEST_STEP][PASSED] - if (waitForElementPresent(View_term, 10)): null

2023-02-06 13:02:19 - [MESSAGE][PASSED] - Element 'Object Repository/Regression/SC-007 Welcome Onboard Screen/Text - Terms And Conditions' is present

2023-02-06 13:02:19 - [TEST_STEP][PASSED] - markPassed("Terms and Conditions Link is functional......!"): Terms and Conditions Link is functional......!

2023-02-06 13:02:19 - [MESSAGE][PASSED] - Terms and Conditions Link is functional......!

2023-02-06 13:02:19 - [TEST_STEP][PASSED] - if (waitForElementPresent(btn_Agree, 10)): null

2023-02-06 13:02:20 - [MESSAGE][PASSED] - Element 'Object Repository/Regression/SC-007 Welcome Onboard Screen/btn I Agree' is present

2023-02-06 13:02:20 - [TEST_STEP][PASSED] - tap(btn_Agree, 10): Tapped on element 'Object Repository/Regression/SC-007 Welcome Onboard Screen/btn I Agree'

2023-02-06 13:02:20 - [MESSAGE][PASSED] - Tapped on element 'Object Repository/Regression/SC-007 Welcome Onboard Screen/btn I Agree'

2023-02-06 13:02:20 - [TEST_STEP][PASSED] - markPassed("I Agree button found, User navigate to the Source Screen......!"): I Agree button found, User navigate to the Source Screen......!

2023-02-06 13:02:20 - [MESSAGE][PASSED] - I Agree button found, User navigate to the Source Screen......!

2023-02-06 13:02:20 - [TEST_STEP][PASSED] - if (waitForElementPresent(Source_heart, 10)): null

2023-02-06 13:02:21 - [MESSAGE][PASSED] - Element 'Object Repository/Regression/SC-008 Referel Screen/Heart Icon' is present

2023-02-06 13:02:21 - [TEST_STEP][PASSED] - markPassed("Heart icon found......!"): Heart icon found......!

2023-02-06 13:02:21 - [MESSAGE][PASSED] - Heart icon found......!

2023-02-06 13:02:21 - [TEST_STEP][PASSED] - Start listener action : sampleAfterTestCase: null

2023-02-06 13:02:21 - [TEST_STEP][PASSED] - println(testCaseContext.getTestCaseId()): null

2023-02-06 13:02:21 - [TEST_STEP][PASSED] - println(testCaseContext.getTestCaseStatus()): null]]></system-out>
         <system-err><![CDATA[]]></system-err>
      </testcase>
      <testcase name="Test Cases/Regression/LookUps/SL-08 Source Screen" time="1.805" classname="Test Cases/Regression/LookUps/SL-08 Source Screen" status="PASSED">
         <system-out><![CDATA[2023-02-06 13:02:21 - [TEST_CASE][PASSED] - Test Cases/Regression/LookUps/SL-08 Source Screen: Test Cases/Regression/LookUps/SL-08 Source Screen

2023-02-06 13:02:21 - [TEST_STEP][PASSED] - Start listener action : sampleBeforeTestCase: null

2023-02-06 13:02:21 - [TEST_STEP][PASSED] - println(testCaseContext.getTestCaseId()): null

2023-02-06 13:02:21 - [TEST_STEP][PASSED] - println(testCaseContext.getTestCaseVariables()): null

2023-02-06 13:02:21 - [TEST_STEP][PASSED] - if (waitForElementPresent(Source_heart, 10)): null

2023-02-06 13:02:21 - [MESSAGE][PASSED] - Element 'Object Repository/Regression/SC-008 Referel Screen/Heart Icon' is present

2023-02-06 13:02:22 - [TEST_STEP][PASSED] - markPassed("Heart icon found......!"): Heart icon found......!

2023-02-06 13:02:22 - [MESSAGE][PASSED] - Heart icon found......!

2023-02-06 13:02:22 - [TEST_STEP][PASSED] - if (waitForElementPresent(lbl_how, 10)): null

2023-02-06 13:02:22 - [MESSAGE][PASSED] - Element 'Object Repository/Regression/SC-008 Referel Screen/Lbl text - How did you hear about us' is present

2023-02-06 13:02:22 - [TEST_STEP][PASSED] - markPassed("How did you hear about us? label text found......!"): How did you hear about us? label text found......!

2023-02-06 13:02:22 - [MESSAGE][PASSED] - How did you hear about us? label text found......!

2023-02-06 13:02:22 - [TEST_STEP][PASSED] - if (waitForElementPresent(lbl_Referral, 10)): null

2023-02-06 13:02:22 - [MESSAGE][PASSED] - Element 'Object Repository/Regression/SC-008 Referel Screen/lbl text - Referral' is present

2023-02-06 13:02:22 - [TEST_STEP][PASSED] - markPassed("Referral label text found......!"): Referral label text found......!

2023-02-06 13:02:22 - [MESSAGE][PASSED] - Referral label text found......!

2023-02-06 13:02:22 - [TEST_STEP][PASSED] - if (waitForElementPresent(lbl_Do, 10)): null

2023-02-06 13:02:22 - [MESSAGE][PASSED] - Element 'Object Repository/Regression/SC-008 Referel Screen/lbl text - Do you have a referral code' is present

2023-02-06 13:02:22 - [TEST_STEP][PASSED] - markPassed("Do you have a referral code? label text found......!"): Do you have a referral code? label text found......!

2023-02-06 13:02:22 - [MESSAGE][PASSED] - Do you have a referral code? label text found......!

2023-02-06 13:02:22 - [TEST_STEP][PASSED] - if (waitForElementPresent(lbl_code, 10)): null

2023-02-06 13:02:22 - [MESSAGE][PASSED] - Element 'Object Repository/Regression/SC-008 Referel Screen/lbl text - Referral Code' is present

2023-02-06 13:02:22 - [TEST_STEP][PASSED] - markPassed("Referral code? label text found......!"): Referral code? label text found......!

2023-02-06 13:02:22 - [MESSAGE][PASSED] - Referral code? label text found......!

2023-02-06 13:02:22 - [TEST_STEP][PASSED] - if (waitForElementPresent(btn_continue, 10)): null

2023-02-06 13:02:22 - [MESSAGE][PASSED] - Element 'Object Repository/Regression/SC-008 Referel Screen/btn Continue' is present

2023-02-06 13:02:22 - [TEST_STEP][PASSED] - tap(btn_continue, 10): Tapped on element 'Object Repository/Regression/SC-008 Referel Screen/btn Continue'

2023-02-06 13:02:22 - [MESSAGE][PASSED] - Tapped on element 'Object Repository/Regression/SC-008 Referel Screen/btn Continue'

2023-02-06 13:02:22 - [TEST_STEP][PASSED] - markPassed("User navigate to the First Name Screen......!"): User navigate to the First Name Screen......!

2023-02-06 13:02:22 - [MESSAGE][PASSED] - User navigate to the First Name Screen......!

2023-02-06 13:02:22 - [TEST_STEP][PASSED] - if (waitForElementPresent(card_icon, 10)): null

2023-02-06 13:02:23 - [MESSAGE][PASSED] - Element 'Object Repository/Regression/SC-009 First Name Screen/Contact icon' is present

2023-02-06 13:02:23 - [TEST_STEP][PASSED] - markPassed("Card icon found on First Name Screen......!"): Card icon found on First Name Screen......!

2023-02-06 13:02:23 - [MESSAGE][PASSED] - Card icon found on First Name Screen......!

2023-02-06 13:02:23 - [TEST_STEP][PASSED] - Start listener action : sampleAfterTestCase: null

2023-02-06 13:02:23 - [TEST_STEP][PASSED] - println(testCaseContext.getTestCaseId()): null

2023-02-06 13:02:23 - [TEST_STEP][PASSED] - println(testCaseContext.getTestCaseStatus()): null]]></system-out>
         <system-err><![CDATA[]]></system-err>
      </testcase>
      <testcase name="Test Cases/Regression/LookUps/SL-09 First Name" time="20.369" classname="Test Cases/Regression/LookUps/SL-09 First Name" status="PASSED">
         <system-out><![CDATA[2023-02-06 13:02:23 - [TEST_CASE][PASSED] - Test Cases/Regression/LookUps/SL-09 First Name: Test Cases/Regression/LookUps/SL-09 First Name

2023-02-06 13:02:23 - [TEST_STEP][PASSED] - Start listener action : sampleBeforeTestCase: null

2023-02-06 13:02:23 - [TEST_STEP][PASSED] - println(testCaseContext.getTestCaseId()): null

2023-02-06 13:02:23 - [TEST_STEP][PASSED] - println(testCaseContext.getTestCaseVariables()): null

2023-02-06 13:02:23 - [TEST_STEP][PASSED] - if (waitForElementPresent(btn_back, 10)): null

2023-02-06 13:02:24 - [MESSAGE][PASSED] - Element 'Object Repository/Regression/SC-009 First Name Screen/btn back' is present

2023-02-06 13:02:24 - [TEST_STEP][PASSED] - com.spotlove.Utility.tap_back(): com.spotlove.Utility.tap_back is PASSED

2023-02-06 13:02:24 - [MESSAGE][PASSED] - com.spotlove.Utility.tap_back is PASSED

2023-02-06 13:02:24 - [TEST_STEP][PASSED] - markPassed("User navigate back to the Source screen......!"): User navigate back to the Source screen......!

2023-02-06 13:02:24 - [MESSAGE][PASSED] - User navigate back to the Source screen......!

2023-02-06 13:02:24 - [TEST_STEP][PASSED] - if (waitForElementPresent(btn_Continue2, 10)): null

2023-02-06 13:02:24 - [MESSAGE][PASSED] - Element 'Object Repository/Regression/SC-008 Referel Screen/btn Continue' is present

2023-02-06 13:02:24 - [TEST_STEP][PASSED] - com.spotlove.Utility.tap_Continue(): com.spotlove.Utility.tap_Continue is PASSED

2023-02-06 13:02:24 - [MESSAGE][PASSED] - com.spotlove.Utility.tap_Continue is PASSED

2023-02-06 13:02:24 - [TEST_STEP][PASSED] - markPassed("User navigate Move forword to the First Name screen......!"): User navigate Move forword to the First Name screen......!

2023-02-06 13:02:24 - [MESSAGE][PASSED] - User navigate Move forword to the First Name screen......!

2023-02-06 13:02:24 - [TEST_STEP][PASSED] - if (waitForElementPresent(Contact_icon, 30)): null

2023-02-06 13:02:25 - [MESSAGE][PASSED] - Element 'Object Repository/Regression/SC-009 First Name Screen/Contact icon' is present

2023-02-06 13:02:25 - [TEST_STEP][PASSED] - markPassed("Contact icon found......!"): Contact icon found......!

2023-02-06 13:02:25 - [MESSAGE][PASSED] - Contact icon found......!

2023-02-06 13:02:25 - [TEST_STEP][PASSED] - if (waitForElementPresent(lbl_what, 10)): null

2023-02-06 13:02:25 - [MESSAGE][PASSED] - Element 'Object Repository/Regression/SC-009 First Name Screen/Lbl text - What should we call you' is present

2023-02-06 13:02:25 - [TEST_STEP][PASSED] - markPassed("What should we call you? label text found......!"): What should we call you? label text found......!

2023-02-06 13:02:25 - [MESSAGE][PASSED] - What should we call you? label text found......!

2023-02-06 13:02:25 - [TEST_STEP][PASSED] - if (waitForElementPresent(lbl_tell, 10)): null

2023-02-06 13:02:25 - [MESSAGE][PASSED] - Element 'Object Repository/Regression/SC-009 First Name Screen/Lbl text - Tell us your first name' is present

2023-02-06 13:02:25 - [TEST_STEP][PASSED] - markPassed("Tell us your first name label text found......!"): Tell us your first name label text found......!

2023-02-06 13:02:25 - [MESSAGE][PASSED] - Tell us your first name label text found......!

2023-02-06 13:02:25 - [TEST_STEP][PASSED] - if (waitForElementPresent(First_Name, 10)): null

2023-02-06 13:02:25 - [MESSAGE][PASSED] - Element 'Object Repository/Regression/SC-009 First Name Screen/Input name field' is present

2023-02-06 13:02:25 - [TEST_STEP][PASSED] - setText(First_Name, S_First_Name, 0): Text 'Hamza' has been set to element 'Object Repository/Regression/SC-009 First Name Screen/Input name field'

2023-02-06 13:02:25 - [MESSAGE][WARNING] - Timeout '0' is invalid. Using default page load timeout: '30'

2023-02-06 13:02:26 - [MESSAGE][PASSED] - Text 'Hamza' has been set to element 'Object Repository/Regression/SC-009 First Name Screen/Input name field'

2023-02-06 13:02:26 - [TEST_STEP][PASSED] - markPassed("First name Entered text......!"): First name Entered text......!

2023-02-06 13:02:26 - [MESSAGE][PASSED] - First name Entered text......!

2023-02-06 13:02:26 - [TEST_STEP][PASSED] - if (waitForElementPresent(btn_continue, 10)): null

2023-02-06 13:02:27 - [MESSAGE][PASSED] - Element 'Object Repository/Regression/SC-009 First Name Screen/btn Continue' is present

2023-02-06 13:02:27 - [TEST_STEP][PASSED] - tap(btn_continue, 10): Tapped on element 'Object Repository/Regression/SC-009 First Name Screen/btn Continue'

2023-02-06 13:02:27 - [MESSAGE][PASSED] - Tapped on element 'Object Repository/Regression/SC-009 First Name Screen/btn Continue'

2023-02-06 13:02:27 - [TEST_STEP][PASSED] - delay(15): Delayed 15 second(s)

2023-02-06 13:02:42 - [MESSAGE][PASSED] - Delayed 15 second(s)

2023-02-06 13:02:42 - [TEST_STEP][PASSED] - markPassed("User navigate Move forword to the Birth date screen......!"): User navigate Move forword to the Birth date screen......!

2023-02-06 13:02:42 - [MESSAGE][PASSED] - User navigate Move forword to the Birth date screen......!

2023-02-06 13:02:42 - [TEST_STEP][PASSED] - if (waitForElementPresent(cake_icon, 10)): null

2023-02-06 13:02:43 - [MESSAGE][PASSED] - Element 'Object Repository/Regression/SC-010 DOB Screen/cake Icon' is present

2023-02-06 13:02:43 - [TEST_STEP][PASSED] - markPassed("Cake icon found......!"): Cake icon found......!

2023-02-06 13:02:43 - [MESSAGE][PASSED] - Cake icon found......!

2023-02-06 13:02:43 - [TEST_STEP][PASSED] - Start listener action : sampleAfterTestCase: null

2023-02-06 13:02:43 - [TEST_STEP][PASSED] - println(testCaseContext.getTestCaseId()): null

2023-02-06 13:02:43 - [TEST_STEP][PASSED] - println(testCaseContext.getTestCaseStatus()): null]]></system-out>
         <system-err><![CDATA[]]></system-err>
      </testcase>
      <testcase name="Test Cases/Regression/LookUps/SL-10 Birth date" time="18.078" classname="Test Cases/Regression/LookUps/SL-10 Birth date" status="PASSED">
         <system-out><![CDATA[2023-02-06 13:02:43 - [TEST_CASE][PASSED] - Test Cases/Regression/LookUps/SL-10 Birth date: Test Cases/Regression/LookUps/SL-10 Birth date

2023-02-06 13:02:44 - [TEST_STEP][PASSED] - Start listener action : sampleBeforeTestCase: null

2023-02-06 13:02:44 - [TEST_STEP][PASSED] - println(testCaseContext.getTestCaseId()): null

2023-02-06 13:02:44 - [TEST_STEP][PASSED] - println(testCaseContext.getTestCaseVariables()): null

2023-02-06 13:02:44 - [TEST_STEP][PASSED] - if (waitForElementPresent(btn_back, 10)): null

2023-02-06 13:02:44 - [MESSAGE][PASSED] - Element 'Object Repository/Regression/SC-010 DOB Screen/btn back' is present

2023-02-06 13:02:44 - [TEST_STEP][PASSED] - tap(btn_back, 10): Tapped on element 'Object Repository/Regression/SC-010 DOB Screen/btn back'

2023-02-06 13:02:45 - [MESSAGE][PASSED] - Tapped on element 'Object Repository/Regression/SC-010 DOB Screen/btn back'

2023-02-06 13:02:45 - [TEST_STEP][PASSED] - markPassed("User navigate back to the First Name screen......!"): User navigate back to the First Name screen......!

2023-02-06 13:02:45 - [MESSAGE][PASSED] - User navigate back to the First Name screen......!

2023-02-06 13:02:45 - [TEST_STEP][PASSED] - if (waitForElementPresent(Contact_icon, 10)): null

2023-02-06 13:02:47 - [MESSAGE][PASSED] - Element 'Object Repository/Regression/SC-009 First Name Screen/Lbl text - What should we call you' is present

2023-02-06 13:02:47 - [TEST_STEP][PASSED] - tap(btn_previous_continue, 10): Tapped on element 'Object Repository/Regression/SC-009 First Name Screen/btn Continue'

2023-02-06 13:02:47 - [MESSAGE][PASSED] - Tapped on element 'Object Repository/Regression/SC-009 First Name Screen/btn Continue'

2023-02-06 13:02:47 - [TEST_STEP][PASSED] - markPassed("User navigate Move forword to the Date of Birth screen......!"): User navigate Move forword to the Date of Birth screen......!

2023-02-06 13:02:47 - [MESSAGE][PASSED] - User navigate Move forword to the Date of Birth screen......!

2023-02-06 13:02:47 - [TEST_STEP][PASSED] - if (waitForElementPresent(Cake_icon, 10)): null

2023-02-06 13:02:47 - [MESSAGE][PASSED] - Element 'Object Repository/Regression/SC-010 DOB Screen/cake Icon' is present

2023-02-06 13:02:47 - [TEST_STEP][PASSED] - markPassed("Cake icon found......!"): Cake icon found......!

2023-02-06 13:02:47 - [MESSAGE][PASSED] - Cake icon found......!

2023-02-06 13:02:47 - [TEST_STEP][PASSED] - if (waitForElementPresent(lbl_what, 10)): null

2023-02-06 13:02:50 - [MESSAGE][PASSED] - Element 'Object Repository/Regression/SC-010 DOB Screen/Lbl text - Whats your date of birth' is present

2023-02-06 13:02:50 - [TEST_STEP][PASSED] - markPassed("What's your date of birth? label text found......!"): What's your date of birth? label text found......!

2023-02-06 13:02:50 - [MESSAGE][PASSED] - What's your date of birth? label text found......!

2023-02-06 13:02:50 - [TEST_STEP][PASSED] - if (waitForElementPresent(lbl_AGe, 10)): null

2023-02-06 13:02:51 - [MESSAGE][PASSED] - Element 'Object Repository/Regression/SC-010 DOB Screen/Age Confirmation' is present

2023-02-06 13:02:51 - [TEST_STEP][PASSED] - markPassed("Age xx label text found......!"): Age xx label text found......!

2023-02-06 13:02:51 - [MESSAGE][PASSED] - Age xx label text found......!

2023-02-06 13:02:51 - [TEST_STEP][PASSED] - if (waitForElementPresent(lbl_This, 10)): null

2023-02-06 13:02:51 - [MESSAGE][PASSED] - Element 'Object Repository/Regression/SC-010 DOB Screen/Lbl text - This cant be changed later' is present

2023-02-06 13:02:51 - [TEST_STEP][PASSED] - markPassed("This can't be changed later label text found......!"): This can't be changed later label text found......!

2023-02-06 13:02:51 - [MESSAGE][PASSED] - This can't be changed later label text found......!

2023-02-06 13:02:51 - [TEST_STEP][PASSED] - if (waitForElementPresent(btn_continue, 10)): null

2023-02-06 13:02:52 - [MESSAGE][PASSED] - Element 'Object Repository/Regression/SC-010 DOB Screen/btn Continue' is present

2023-02-06 13:02:52 - [TEST_STEP][PASSED] - tap(btn_continue, 10): Tapped on element 'Object Repository/Regression/SC-010 DOB Screen/btn Continue'

2023-02-06 13:02:53 - [MESSAGE][PASSED] - Tapped on element 'Object Repository/Regression/SC-010 DOB Screen/btn Continue'

2023-02-06 13:02:53 - [TEST_STEP][PASSED] - markPassed("PopUp should opened on the screen.......!"): PopUp should opened on the screen.......!

2023-02-06 13:02:53 - [MESSAGE][PASSED] - PopUp should opened on the screen.......!

2023-02-06 13:02:53 - [TEST_STEP][PASSED] - if (waitForElementPresent(lbl_Please, 10)): null

2023-02-06 13:02:54 - [MESSAGE][PASSED] - Element 'Object Repository/Regression/SC-010 DOB Screen/Lbl text - Please confirm your birthdate' is present

2023-02-06 13:02:54 - [TEST_STEP][PASSED] - markPassed("Please confirm your birthdate on the PopUp label text found.......!"): Please confirm your birthdate on the PopUp label text found.......!

2023-02-06 13:02:54 - [MESSAGE][PASSED] - Please confirm your birthdate on the PopUp label text found.......!

2023-02-06 13:02:54 - [TEST_STEP][PASSED] - if (waitForElementPresent(lbl_can, 10)): null

2023-02-06 13:02:54 - [MESSAGE][PASSED] - Element 'Object Repository/Regression/SC-010 DOB Screen/Lbl text - This cant be changed later on POPUP' is present

2023-02-06 13:02:54 - [TEST_STEP][PASSED] - markPassed("This can't be changed later label text found.......!"): This can't be changed later label text found.......!

2023-02-06 13:02:54 - [MESSAGE][PASSED] - This can't be changed later label text found.......!

2023-02-06 13:02:54 - [TEST_STEP][PASSED] - if (waitForElementPresent(Age_cofirm, 10)): null

2023-02-06 13:02:54 - [MESSAGE][PASSED] - Element 'Object Repository/Regression/SC-010 DOB Screen/DOB confirmation' is present

2023-02-06 13:02:54 - [TEST_STEP][PASSED] - markPassed("Age Confirmation label text found.......!"): Age Confirmation label text found.......!

2023-02-06 13:02:54 - [MESSAGE][PASSED] - Age Confirmation label text found.......!

2023-02-06 13:02:54 - [TEST_STEP][PASSED] - if (waitForElementPresent(DOB_cofirmation, 10)): null

2023-02-06 13:02:55 - [MESSAGE][PASSED] - Element 'Object Repository/Regression/SC-010 DOB Screen/DOB confirmation' is present

2023-02-06 13:02:55 - [TEST_STEP][PASSED] - markPassed("DOB Confirmation label text found.......!"): DOB Confirmation label text found.......!

2023-02-06 13:02:55 - [MESSAGE][PASSED] - DOB Confirmation label text found.......!

2023-02-06 13:02:55 - [TEST_STEP][PASSED] - if (waitForElementPresent(btn_edit, 10)): null

2023-02-06 13:02:55 - [MESSAGE][PASSED] - Element 'Object Repository/Regression/SC-010 DOB Screen/btn edit on POPUP' is present

2023-02-06 13:02:55 - [TEST_STEP][PASSED] - tap(btn_edit, 10): Tapped on element 'Object Repository/Regression/SC-010 DOB Screen/btn edit on POPUP'

2023-02-06 13:02:55 - [MESSAGE][PASSED] - Tapped on element 'Object Repository/Regression/SC-010 DOB Screen/btn edit on POPUP'

2023-02-06 13:02:55 - [TEST_STEP][PASSED] - markPassed("User navigate back to the Date of Birth.......!"): User navigate back to the Date of Birth.......!

2023-02-06 13:02:55 - [MESSAGE][PASSED] - User navigate back to the Date of Birth.......!

2023-02-06 13:02:55 - [TEST_STEP][PASSED] - if (waitForElementPresent(btn_continue, 10)): null

2023-02-06 13:02:57 - [MESSAGE][PASSED] - Element 'Object Repository/Regression/SC-010 DOB Screen/btn Continue' is present

2023-02-06 13:02:57 - [TEST_STEP][PASSED] - tap(btn_continue, 10): Tapped on element 'Object Repository/Regression/SC-010 DOB Screen/btn Continue'

2023-02-06 13:02:58 - [MESSAGE][PASSED] - Tapped on element 'Object Repository/Regression/SC-010 DOB Screen/btn Continue'

2023-02-06 13:02:58 - [TEST_STEP][PASSED] - markPassed("PopUp should opened on the screen.......!"): PopUp should opened on the screen.......!

2023-02-06 13:02:58 - [MESSAGE][PASSED] - PopUp should opened on the screen.......!

2023-02-06 13:02:58 - [TEST_STEP][PASSED] - if (waitForElementPresent(btn_continue_popup, 10)): null

2023-02-06 13:02:59 - [MESSAGE][PASSED] - Element 'Object Repository/Regression/SC-010 DOB Screen/btn Continue on POPUP' is present

2023-02-06 13:02:59 - [TEST_STEP][PASSED] - tap(btn_continue_popup, 10): Tapped on element 'Object Repository/Regression/SC-010 DOB Screen/btn Continue on POPUP'

2023-02-06 13:02:59 - [MESSAGE][PASSED] - Tapped on element 'Object Repository/Regression/SC-010 DOB Screen/btn Continue on POPUP'

2023-02-06 13:02:59 - [TEST_STEP][PASSED] - markPassed("User navigate to the Gender Screen.......!"): User navigate to the Gender Screen.......!

2023-02-06 13:02:59 - [MESSAGE][PASSED] - User navigate to the Gender Screen.......!

2023-02-06 13:02:59 - [TEST_STEP][PASSED] - if (waitForElementPresent(mirror_icon, 10)): null

2023-02-06 13:03:01 - [MESSAGE][PASSED] - Element 'Object Repository/Regression/SC-011 Gender/Mirror Icon' is present

2023-02-06 13:03:01 - [TEST_STEP][PASSED] - markPassed("Mirror icon found on Gender Screen.......!"): Mirror icon found on Gender Screen.......!

2023-02-06 13:03:01 - [MESSAGE][PASSED] - Mirror icon found on Gender Screen.......!

2023-02-06 13:03:01 - [TEST_STEP][PASSED] - Start listener action : sampleAfterTestCase: null

2023-02-06 13:03:01 - [TEST_STEP][PASSED] - println(testCaseContext.getTestCaseId()): null

2023-02-06 13:03:01 - [TEST_STEP][PASSED] - println(testCaseContext.getTestCaseStatus()): null]]></system-out>
         <system-err><![CDATA[]]></system-err>
      </testcase>
      <testcase name="Test Cases/Regression/LookUps/SL-11 Gender Screen" time="10.154" classname="Test Cases/Regression/LookUps/SL-11 Gender Screen" status="PASSED">
         <system-out><![CDATA[2023-02-06 13:03:01 - [TEST_CASE][PASSED] - Test Cases/Regression/LookUps/SL-11 Gender Screen: Test Cases/Regression/LookUps/SL-11 Gender Screen

2023-02-06 13:03:01 - [TEST_STEP][PASSED] - Start listener action : sampleBeforeTestCase: null

2023-02-06 13:03:01 - [TEST_STEP][PASSED] - println(testCaseContext.getTestCaseId()): null

2023-02-06 13:03:01 - [TEST_STEP][PASSED] - println(testCaseContext.getTestCaseVariables()): null

2023-02-06 13:03:02 - [TEST_STEP][PASSED] - if (waitForElementPresent(btn_back, 10)): null

2023-02-06 13:03:02 - [MESSAGE][PASSED] - Element 'Object Repository/Regression/SC-011 Gender/btn back' is present

2023-02-06 13:03:02 - [TEST_STEP][PASSED] - tap(btn_back, 10): Tapped on element 'Object Repository/Regression/SC-011 Gender/btn back'

2023-02-06 13:03:02 - [MESSAGE][PASSED] - Tapped on element 'Object Repository/Regression/SC-011 Gender/btn back'

2023-02-06 13:03:02 - [TEST_STEP][PASSED] - markPassed("User navigate back to the Birthday screen......!"): User navigate back to the Birthday screen......!

2023-02-06 13:03:02 - [MESSAGE][PASSED] - User navigate back to the Birthday screen......!

2023-02-06 13:03:02 - [TEST_STEP][PASSED] - if (waitForElementPresent(cake_icon, 10)): null

2023-02-06 13:03:04 - [MESSAGE][PASSED] - Element 'Object Repository/Regression/SC-010 DOB Screen/btn Continue' is present

2023-02-06 13:03:04 - [TEST_STEP][PASSED] - markPassed("Cake icon found on Birthday screen......!"): Cake icon found on Birthday screen......!

2023-02-06 13:03:04 - [MESSAGE][PASSED] - Cake icon found on Birthday screen......!

2023-02-06 13:03:04 - [TEST_STEP][PASSED] - if (waitForElementPresent(btn_continue, 10)): null

2023-02-06 13:03:05 - [MESSAGE][PASSED] - Element 'Object Repository/Regression/SC-010 DOB Screen/btn Continue' is present

2023-02-06 13:03:05 - [TEST_STEP][PASSED] - tap(btn_continue, 10): Tapped on element 'Object Repository/Regression/SC-010 DOB Screen/btn Continue'

2023-02-06 13:03:05 - [MESSAGE][PASSED] - Tapped on element 'Object Repository/Regression/SC-010 DOB Screen/btn Continue'

2023-02-06 13:03:05 - [TEST_STEP][PASSED] - markPassed("PopUp should opened on the screen.......!"): PopUp should opened on the screen.......!

2023-02-06 13:03:05 - [MESSAGE][PASSED] - PopUp should opened on the screen.......!

2023-02-06 13:03:05 - [TEST_STEP][PASSED] - if (waitForElementPresent(btn_continue_popup, 10)): null

2023-02-06 13:03:07 - [MESSAGE][PASSED] - Element 'Object Repository/Regression/SC-010 DOB Screen/btn Continue on POPUP' is present

2023-02-06 13:03:07 - [TEST_STEP][PASSED] - tap(btn_continue_popup, 10): Tapped on element 'Object Repository/Regression/SC-010 DOB Screen/btn Continue on POPUP'

2023-02-06 13:03:07 - [MESSAGE][PASSED] - Tapped on element 'Object Repository/Regression/SC-010 DOB Screen/btn Continue on POPUP'

2023-02-06 13:03:07 - [TEST_STEP][PASSED] - markPassed("User navigate to the Gender Screen.......!"): User navigate to the Gender Screen.......!

2023-02-06 13:03:07 - [MESSAGE][PASSED] - User navigate to the Gender Screen.......!

2023-02-06 13:03:07 - [TEST_STEP][PASSED] - if (waitForElementPresent(mirror_icon, 10)): null

2023-02-06 13:03:09 - [MESSAGE][PASSED] - Element 'Object Repository/Regression/SC-011 Gender/Mirror Icon' is present

2023-02-06 13:03:09 - [TEST_STEP][PASSED] - markPassed("Mirror icon found on Gender Screen.......!"): Mirror icon found on Gender Screen.......!

2023-02-06 13:03:09 - [MESSAGE][PASSED] - Mirror icon found on Gender Screen.......!

2023-02-06 13:03:09 - [TEST_STEP][PASSED] - if (waitForElementPresent(lbl_how, 10)): null

2023-02-06 13:03:09 - [MESSAGE][PASSED] - Element 'Object Repository/Regression/SC-011 Gender/Lbl text - How do you identify' is present

2023-02-06 13:03:09 - [TEST_STEP][PASSED] - markPassed("How do you identify? label text found.......!"): How do you identify? label text found.......!

2023-02-06 13:03:09 - [MESSAGE][PASSED] - How do you identify? label text found.......!

2023-02-06 13:03:09 - [TEST_STEP][PASSED] - com.spotlove.Utility.dating_Pref(random): com.spotlove.Utility.dating_Pref is PASSED

2023-02-06 13:03:10 - [MESSAGE][PASSED] - com.spotlove.Utility.dating_Pref is PASSED

2023-02-06 13:03:10 - [TEST_STEP][PASSED] - markPassed("Gender selection successfully.......!"): Gender selection successfully.......!

2023-02-06 13:03:10 - [MESSAGE][PASSED] - Gender selection successfully.......!

2023-02-06 13:03:10 - [TEST_STEP][PASSED] - if (waitForElementPresent(btn_G_Continue, 10)): null

2023-02-06 13:03:11 - [MESSAGE][PASSED] - Element 'Object Repository/Regression/SC-011 Gender/btn Continue' is present

2023-02-06 13:03:11 - [TEST_STEP][PASSED] - tap(btn_G_Continue, 10): Tapped on element 'Object Repository/Regression/SC-011 Gender/btn Continue'

2023-02-06 13:03:11 - [MESSAGE][PASSED] - Tapped on element 'Object Repository/Regression/SC-011 Gender/btn Continue'

2023-02-06 13:03:11 - [TEST_STEP][PASSED] - markPassed("User navigate to the Sexual Orientation Screen.......!"): User navigate to the Sexual Orientation Screen.......!

2023-02-06 13:03:11 - [MESSAGE][PASSED] - User navigate to the Sexual Orientation Screen.......!

2023-02-06 13:03:11 - [TEST_STEP][PASSED] - if (waitForElementPresent(profile_icon, 10)): null

2023-02-06 13:03:11 - [MESSAGE][PASSED] - Element 'Object Repository/Regression/SC-012 Into/Person Icon' is present

2023-02-06 13:03:11 - [TEST_STEP][PASSED] - markPassed("Profile icon found on next Screen.......!"): Profile icon found on next Screen.......!

2023-02-06 13:03:11 - [MESSAGE][PASSED] - Profile icon found on next Screen.......!

2023-02-06 13:03:11 - [TEST_STEP][PASSED] - Start listener action : sampleAfterTestCase: null

2023-02-06 13:03:11 - [TEST_STEP][PASSED] - println(testCaseContext.getTestCaseId()): null

2023-02-06 13:03:11 - [TEST_STEP][PASSED] - println(testCaseContext.getTestCaseStatus()): null]]></system-out>
         <system-err><![CDATA[]]></system-err>
      </testcase>
      <testcase name="Test Cases/Regression/LookUps/SL-12 Sexual Orientation" time="16.144" classname="Test Cases/Regression/LookUps/SL-12 Sexual Orientation" status="PASSED">
         <system-out><![CDATA[2023-02-06 13:03:11 - [TEST_CASE][PASSED] - Test Cases/Regression/LookUps/SL-12 Sexual Orientation: Test Cases/Regression/LookUps/SL-12 Sexual Orientation

2023-02-06 13:03:12 - [TEST_STEP][PASSED] - Start listener action : sampleBeforeTestCase: null

2023-02-06 13:03:12 - [TEST_STEP][PASSED] - println(testCaseContext.getTestCaseId()): null

2023-02-06 13:03:12 - [TEST_STEP][PASSED] - println(testCaseContext.getTestCaseVariables()): null

2023-02-06 13:03:12 - [TEST_STEP][PASSED] - if (waitForElementPresent(btn_back, 10)): null

2023-02-06 13:03:13 - [MESSAGE][PASSED] - Element 'Object Repository/Regression/SC-012 Into/btn back' is present

2023-02-06 13:03:13 - [TEST_STEP][PASSED] - tap(btn_back, 10): Tapped on element 'Object Repository/Regression/SC-012 Into/btn back'

2023-02-06 13:03:13 - [MESSAGE][PASSED] - Tapped on element 'Object Repository/Regression/SC-012 Into/btn back'

2023-02-06 13:03:13 - [TEST_STEP][PASSED] - markPassed("User navigate back to the Gender screen......!"): User navigate back to the Gender screen......!

2023-02-06 13:03:13 - [MESSAGE][PASSED] - User navigate back to the Gender screen......!

2023-02-06 13:03:13 - [TEST_STEP][PASSED] - delay(10): Delayed 10 second(s)

2023-02-06 13:03:23 - [MESSAGE][PASSED] - Delayed 10 second(s)

2023-02-06 13:03:23 - [TEST_STEP][PASSED] - if (waitForElementPresent(mirror_icon, 20)): null

2023-02-06 13:03:23 - [MESSAGE][PASSED] - Element 'Object Repository/Regression/SC-011 Gender/Mirror Icon' is present

2023-02-06 13:03:23 - [TEST_STEP][PASSED] - markPassed("Mirror icon found on Gender screen......!"): Mirror icon found on Gender screen......!

2023-02-06 13:03:23 - [MESSAGE][PASSED] - Mirror icon found on Gender screen......!

2023-02-06 13:03:23 - [TEST_STEP][PASSED] - if (waitForElementPresent(btn_continue, 10)): null

2023-02-06 13:03:23 - [MESSAGE][PASSED] - Element 'Object Repository/Regression/SC-011 Gender/btn Continue' is present

2023-02-06 13:03:23 - [TEST_STEP][PASSED] - tap(btn_continue, 10): Tapped on element 'Object Repository/Regression/SC-011 Gender/btn Continue'

2023-02-06 13:03:24 - [MESSAGE][PASSED] - Tapped on element 'Object Repository/Regression/SC-011 Gender/btn Continue'

2023-02-06 13:03:24 - [TEST_STEP][PASSED] - markPassed("User navigate to the Gender Screen......!"): User navigate to the Gender Screen......!

2023-02-06 13:03:24 - [MESSAGE][PASSED] - User navigate to the Gender Screen......!

2023-02-06 13:03:24 - [TEST_STEP][PASSED] - if (waitForElementPresent(profile_icon, 10)): null

2023-02-06 13:03:24 - [MESSAGE][PASSED] - Element 'Object Repository/Regression/SC-012 Into/Person Icon' is present

2023-02-06 13:03:24 - [TEST_STEP][PASSED] - markPassed("Profile icon found on Into screen......!"): Profile icon found on Into screen......!

2023-02-06 13:03:24 - [MESSAGE][PASSED] - Profile icon found on Into screen......!

2023-02-06 13:03:24 - [TEST_STEP][PASSED] - if (waitForElementPresent(lbl_Who, 10)): null

2023-02-06 13:03:25 - [MESSAGE][PASSED] - Element 'Object Repository/Regression/SC-012 Into/Lbl text - Who are you into' is present

2023-02-06 13:03:25 - [TEST_STEP][PASSED] - markPassed("Who are you into? label text found......!"): Who are you into? label text found......!

2023-02-06 13:03:25 - [MESSAGE][PASSED] - Who are you into? label text found......!

2023-02-06 13:03:25 - [TEST_STEP][PASSED] - com.spotlove.Utility.dating_Pref(random): com.spotlove.Utility.dating_Pref is PASSED

2023-02-06 13:03:26 - [MESSAGE][PASSED] - com.spotlove.Utility.dating_Pref is PASSED

2023-02-06 13:03:26 - [TEST_STEP][PASSED] - markPassed("Partner gender Selection successfully......!"): Partner gender Selection successfully......!

2023-02-06 13:03:26 - [MESSAGE][PASSED] - Partner gender Selection successfully......!

2023-02-06 13:03:26 - [TEST_STEP][PASSED] - if (waitForElementPresent(btn_S_Continue, 10)): null

2023-02-06 13:03:27 - [MESSAGE][PASSED] - Element 'Object Repository/Regression/SC-012 Into/btn continue' is present

2023-02-06 13:03:27 - [TEST_STEP][PASSED] - tap(btn_S_Continue, 10): Tapped on element 'Object Repository/Regression/SC-012 Into/btn continue'

2023-02-06 13:03:27 - [MESSAGE][PASSED] - Tapped on element 'Object Repository/Regression/SC-012 Into/btn continue'

2023-02-06 13:03:27 - [TEST_STEP][PASSED] - markPassed("User navigate to the Height Screen.......!"): User navigate to the Height Screen.......!

2023-02-06 13:03:27 - [MESSAGE][PASSED] - User navigate to the Height Screen.......!

2023-02-06 13:03:27 - [TEST_STEP][PASSED] - if (waitForElementPresent(Scale_icon, 10)): null

2023-02-06 13:03:27 - [MESSAGE][PASSED] - Element 'Object Repository/Regression/SC-013 Height/scale icon' is present

2023-02-06 13:03:27 - [TEST_STEP][PASSED] - markPassed("Scale icon found on next Screen.......!"): Scale icon found on next Screen.......!

2023-02-06 13:03:27 - [MESSAGE][PASSED] - Scale icon found on next Screen.......!

2023-02-06 13:03:27 - [TEST_STEP][PASSED] - Start listener action : sampleAfterTestCase: null

2023-02-06 13:03:27 - [TEST_STEP][PASSED] - println(testCaseContext.getTestCaseId()): null

2023-02-06 13:03:27 - [TEST_STEP][PASSED] - println(testCaseContext.getTestCaseStatus()): null]]></system-out>
         <system-err><![CDATA[]]></system-err>
      </testcase>
      <testcase name="Test Cases/Regression/LookUps/SL-13 Height Screen" time="15.733" classname="Test Cases/Regression/LookUps/SL-13 Height Screen" status="PASSED">
         <system-out><![CDATA[2023-02-06 13:03:27 - [TEST_CASE][PASSED] - Test Cases/Regression/LookUps/SL-13 Height Screen: Test Cases/Regression/LookUps/SL-13 Height Screen

2023-02-06 13:03:28 - [TEST_STEP][PASSED] - Start listener action : sampleBeforeTestCase: null

2023-02-06 13:03:28 - [TEST_STEP][PASSED] - println(testCaseContext.getTestCaseId()): null

2023-02-06 13:03:28 - [TEST_STEP][PASSED] - println(testCaseContext.getTestCaseVariables()): null

2023-02-06 13:03:28 - [TEST_STEP][PASSED] - if (waitForElementPresent(btn_back, 10)): null

2023-02-06 13:03:29 - [MESSAGE][PASSED] - Element 'Object Repository/Regression/SC-013 Height/btn back' is present

2023-02-06 13:03:29 - [TEST_STEP][PASSED] - tap(btn_back, 10): Tapped on element 'Object Repository/Regression/SC-013 Height/btn back'

2023-02-06 13:03:29 - [MESSAGE][PASSED] - Tapped on element 'Object Repository/Regression/SC-013 Height/btn back'

2023-02-06 13:03:29 - [TEST_STEP][PASSED] - markPassed("User navigate back to the Sexual Orientation screen......!"): User navigate back to the Sexual Orientation screen......!

2023-02-06 13:03:29 - [MESSAGE][PASSED] - User navigate back to the Sexual Orientation screen......!

2023-02-06 13:03:29 - [TEST_STEP][PASSED] - delay(10): Delayed 10 second(s)

2023-02-06 13:03:39 - [MESSAGE][PASSED] - Delayed 10 second(s)

2023-02-06 13:03:39 - [TEST_STEP][PASSED] - if (waitForElementPresent(profile_icon, 10)): null

2023-02-06 13:03:40 - [MESSAGE][PASSED] - Element 'Object Repository/Regression/SC-012 Into/Person Icon' is present

2023-02-06 13:03:40 - [TEST_STEP][PASSED] - markPassed("Profile icon found on Gender screen......!"): Profile icon found on Gender screen......!

2023-02-06 13:03:40 - [MESSAGE][PASSED] - Profile icon found on Gender screen......!

2023-02-06 13:03:40 - [TEST_STEP][PASSED] - if (waitForElementPresent(btn_continue, 10)): null

2023-02-06 13:03:40 - [MESSAGE][PASSED] - Element 'Object Repository/Regression/SC-012 Into/btn continue' is present

2023-02-06 13:03:40 - [TEST_STEP][PASSED] - tap(btn_continue, 10): Tapped on element 'Object Repository/Regression/SC-012 Into/btn continue'

2023-02-06 13:03:40 - [MESSAGE][PASSED] - Tapped on element 'Object Repository/Regression/SC-012 Into/btn continue'

2023-02-06 13:03:40 - [TEST_STEP][PASSED] - markPassed("User navigate to the Height Screen......!"): User navigate to the Height Screen......!

2023-02-06 13:03:40 - [MESSAGE][PASSED] - User navigate to the Height Screen......!

2023-02-06 13:03:40 - [TEST_STEP][PASSED] - if (waitForElementPresent(scale_icon, 10)): null

2023-02-06 13:03:40 - [MESSAGE][PASSED] - Element 'Object Repository/Regression/SC-013 Height/scale icon' is present

2023-02-06 13:03:40 - [TEST_STEP][PASSED] - markPassed("Scale icon found on Into screen......!"): Scale icon found on Into screen......!

2023-02-06 13:03:40 - [MESSAGE][PASSED] - Scale icon found on Into screen......!

2023-02-06 13:03:40 - [TEST_STEP][PASSED] - if (waitForElementPresent(lbl_How, 10)): null

2023-02-06 13:03:42 - [MESSAGE][PASSED] - Element 'Object Repository/Regression/SC-013 Height/Lbl text - How tall are you' is present

2023-02-06 13:03:42 - [TEST_STEP][PASSED] - markPassed("How tall are you? label text found......!"): How tall are you? label text found......!

2023-02-06 13:03:42 - [MESSAGE][PASSED] - How tall are you? label text found......!

2023-02-06 13:03:42 - [TEST_STEP][PASSED] - if (waitForElementPresent(btn_H_Continue, 10)): null

2023-02-06 13:03:42 - [MESSAGE][PASSED] - Element 'Object Repository/Regression/SC-013 Height/btn continue' is present

2023-02-06 13:03:42 - [TEST_STEP][PASSED] - tap(btn_H_Continue, 10): Tapped on element 'Object Repository/Regression/SC-013 Height/btn continue'

2023-02-06 13:03:43 - [MESSAGE][PASSED] - Tapped on element 'Object Repository/Regression/SC-013 Height/btn continue'

2023-02-06 13:03:43 - [TEST_STEP][PASSED] - markPassed("User navigate to the Ethnicity Screen.......!"): User navigate to the Ethnicity Screen.......!

2023-02-06 13:03:43 - [MESSAGE][PASSED] - User navigate to the Ethnicity Screen.......!

2023-02-06 13:03:43 - [TEST_STEP][PASSED] - if (waitForElementPresent(ethnicity_icon, 10)): null

2023-02-06 13:03:43 - [MESSAGE][PASSED] - Element 'Object Repository/Regression/SC-014 Ethnicity/Ethnicity Icon' is present

2023-02-06 13:03:43 - [TEST_STEP][PASSED] - markPassed("Ethnicity icon found on next Screen.......!"): Ethnicity icon found on next Screen.......!

2023-02-06 13:03:43 - [MESSAGE][PASSED] - Ethnicity icon found on next Screen.......!

2023-02-06 13:03:43 - [TEST_STEP][PASSED] - Start listener action : sampleAfterTestCase: null

2023-02-06 13:03:43 - [TEST_STEP][PASSED] - println(testCaseContext.getTestCaseId()): null

2023-02-06 13:03:43 - [TEST_STEP][PASSED] - println(testCaseContext.getTestCaseStatus()): null]]></system-out>
         <system-err><![CDATA[]]></system-err>
      </testcase>
      <testcase name="Test Cases/Regression/LookUps/SL-14 Ethnicity" time="21.199" classname="Test Cases/Regression/LookUps/SL-14 Ethnicity" status="PASSED">
         <system-out><![CDATA[2023-02-06 13:03:43 - [TEST_CASE][PASSED] - Test Cases/Regression/LookUps/SL-14 Ethnicity: Test Cases/Regression/LookUps/SL-14 Ethnicity

2023-02-06 13:03:43 - [TEST_STEP][PASSED] - Start listener action : sampleBeforeTestCase: null

2023-02-06 13:03:43 - [TEST_STEP][PASSED] - println(testCaseContext.getTestCaseId()): null

2023-02-06 13:03:43 - [TEST_STEP][PASSED] - println(testCaseContext.getTestCaseVariables()): null

2023-02-06 13:03:44 - [TEST_STEP][PASSED] - if (waitForElementPresent(btn_back, 10)): null

2023-02-06 13:03:45 - [MESSAGE][PASSED] - Element 'Object Repository/Regression/SC-014 Ethnicity/btn back' is present

2023-02-06 13:03:45 - [TEST_STEP][PASSED] - tap(btn_back, 10): Tapped on element 'Object Repository/Regression/SC-014 Ethnicity/btn back'

2023-02-06 13:03:45 - [MESSAGE][PASSED] - Tapped on element 'Object Repository/Regression/SC-014 Ethnicity/btn back'

2023-02-06 13:03:45 - [TEST_STEP][PASSED] - markPassed("User navigate back to the Height screen......!"): User navigate back to the Height screen......!

2023-02-06 13:03:45 - [MESSAGE][PASSED] - User navigate back to the Height screen......!

2023-02-06 13:03:45 - [TEST_STEP][PASSED] - delay(10): Delayed 10 second(s)

2023-02-06 13:03:55 - [MESSAGE][PASSED] - Delayed 10 second(s)

2023-02-06 13:03:55 - [TEST_STEP][PASSED] - if (waitForElementPresent(scale_icon, 20)): null

2023-02-06 13:03:56 - [MESSAGE][PASSED] - Element 'Object Repository/Regression/SC-013 Height/scale icon' is present

2023-02-06 13:03:56 - [TEST_STEP][PASSED] - markPassed("Scale icon found on Height screen......!"): Scale icon found on Height screen......!

2023-02-06 13:03:56 - [MESSAGE][PASSED] - Scale icon found on Height screen......!

2023-02-06 13:03:56 - [TEST_STEP][PASSED] - if (waitForElementPresent(btn_continue, 10)): null

2023-02-06 13:03:56 - [MESSAGE][PASSED] - Element 'Object Repository/Regression/SC-013 Height/btn continue' is present

2023-02-06 13:03:56 - [TEST_STEP][PASSED] - tap(btn_continue, 10): Tapped on element 'Object Repository/Regression/SC-013 Height/btn continue'

2023-02-06 13:03:56 - [MESSAGE][PASSED] - Tapped on element 'Object Repository/Regression/SC-013 Height/btn continue'

2023-02-06 13:03:56 - [TEST_STEP][PASSED] - markPassed("User navigate to the Ethnicity Screen......!"): User navigate to the Ethnicity Screen......!

2023-02-06 13:03:56 - [MESSAGE][PASSED] - User navigate to the Ethnicity Screen......!

2023-02-06 13:03:56 - [TEST_STEP][PASSED] - if (waitForElementPresent(ethnicity_icon, 10)): null

2023-02-06 13:03:56 - [MESSAGE][PASSED] - Element 'Object Repository/Regression/SC-014 Ethnicity/Ethnicity Icon' is present

2023-02-06 13:03:56 - [TEST_STEP][PASSED] - markPassed("Ethnicity icon found on Ethnicity screen......!"): Ethnicity icon found on Ethnicity screen......!

2023-02-06 13:03:56 - [MESSAGE][PASSED] - Ethnicity icon found on Ethnicity screen......!

2023-02-06 13:03:56 - [TEST_STEP][PASSED] - if (waitForElementPresent(lbl_What, 10)): null

2023-02-06 13:03:58 - [MESSAGE][PASSED] - Element 'Object Repository/Regression/SC-014 Ethnicity/Lbl text - Whats your ethnicity' is present

2023-02-06 13:03:58 - [TEST_STEP][PASSED] - markPassed("What's your ethnicity? label text found......!"): What's your ethnicity? label text found......!

2023-02-06 13:03:58 - [MESSAGE][PASSED] - What's your ethnicity? label text found......!

2023-02-06 13:03:58 - [TEST_STEP][PASSED] - com.spotlove.Utility.dating_Pref(random): com.spotlove.Utility.dating_Pref is PASSED

2023-02-06 13:04:03 - [MESSAGE][PASSED] - com.spotlove.Utility.dating_Pref is PASSED

2023-02-06 13:04:03 - [TEST_STEP][PASSED] - markPassed("Ethnicity Selection successfully......!"): Ethnicity Selection successfully......!

2023-02-06 13:04:03 - [MESSAGE][PASSED] - Ethnicity Selection successfully......!

2023-02-06 13:04:03 - [TEST_STEP][PASSED] - if (waitForElementPresent(btn_E_Continue, 10)): null

2023-02-06 13:04:04 - [MESSAGE][PASSED] - Element 'Object Repository/Regression/SC-014 Ethnicity/btn Continue' is present

2023-02-06 13:04:04 - [TEST_STEP][PASSED] - tap(btn_E_Continue, 10): Tapped on element 'Object Repository/Regression/SC-014 Ethnicity/btn Continue'

2023-02-06 13:04:04 - [MESSAGE][PASSED] - Tapped on element 'Object Repository/Regression/SC-014 Ethnicity/btn Continue'

2023-02-06 13:04:04 - [TEST_STEP][PASSED] - markPassed("User navigate to the Height Screen.......!"): User navigate to the Height Screen.......!

2023-02-06 13:04:04 - [MESSAGE][PASSED] - User navigate to the Height Screen.......!

2023-02-06 13:04:04 - [TEST_STEP][PASSED] - if (waitForElementPresent(book_icon, 10)): null

2023-02-06 13:04:04 - [MESSAGE][PASSED] - Element 'Object Repository/Regression/SC-015 Religion/Holy Book Icon' is present

2023-02-06 13:04:04 - [TEST_STEP][PASSED] - markPassed("Holly Book icon found on next Screen.......!"): Holly Book icon found on next Screen.......!

2023-02-06 13:04:04 - [MESSAGE][PASSED] - Holly Book icon found on next Screen.......!

2023-02-06 13:04:04 - [TEST_STEP][PASSED] - Start listener action : sampleAfterTestCase: null

2023-02-06 13:04:04 - [TEST_STEP][PASSED] - println(testCaseContext.getTestCaseId()): null

2023-02-06 13:04:04 - [TEST_STEP][PASSED] - println(testCaseContext.getTestCaseStatus()): null]]></system-out>
         <system-err><![CDATA[]]></system-err>
      </testcase>
      <testcase name="Test Cases/Regression/LookUps/SL-15 Religion" time="19.998" classname="Test Cases/Regression/LookUps/SL-15 Religion" status="PASSED">
         <system-out><![CDATA[2023-02-06 13:04:04 - [TEST_CASE][PASSED] - Test Cases/Regression/LookUps/SL-15 Religion: Test Cases/Regression/LookUps/SL-15 Religion

2023-02-06 13:04:05 - [TEST_STEP][PASSED] - Start listener action : sampleBeforeTestCase: null

2023-02-06 13:04:05 - [TEST_STEP][PASSED] - println(testCaseContext.getTestCaseId()): null

2023-02-06 13:04:05 - [TEST_STEP][PASSED] - println(testCaseContext.getTestCaseVariables()): null

2023-02-06 13:04:05 - [TEST_STEP][PASSED] - if (waitForElementPresent(btn_back, 10)): null

2023-02-06 13:04:06 - [MESSAGE][PASSED] - Element 'Object Repository/Regression/SC-015 Religion/btn back' is present

2023-02-06 13:04:06 - [TEST_STEP][PASSED] - tap(btn_back, 10): Tapped on element 'Object Repository/Regression/SC-015 Religion/btn back'

2023-02-06 13:04:06 - [MESSAGE][PASSED] - Tapped on element 'Object Repository/Regression/SC-015 Religion/btn back'

2023-02-06 13:04:06 - [TEST_STEP][PASSED] - markPassed("User navigate back to the Ethinicity screen......!"): User navigate back to the Ethinicity screen......!

2023-02-06 13:04:06 - [MESSAGE][PASSED] - User navigate back to the Ethinicity screen......!

2023-02-06 13:04:06 - [TEST_STEP][PASSED] - delay(10): Delayed 10 second(s)

2023-02-06 13:04:16 - [MESSAGE][PASSED] - Delayed 10 second(s)

2023-02-06 13:04:16 - [TEST_STEP][PASSED] - if (waitForElementPresent(ethnicity_icon, 20)): null

2023-02-06 13:04:17 - [MESSAGE][PASSED] - Element 'Object Repository/Regression/SC-014 Ethnicity/Ethnicity Icon' is present

2023-02-06 13:04:17 - [TEST_STEP][PASSED] - markPassed("Ethnicity icon found on Ethnicty screen......!"): Ethnicity icon found on Ethnicty screen......!

2023-02-06 13:04:17 - [MESSAGE][PASSED] - Ethnicity icon found on Ethnicty screen......!

2023-02-06 13:04:17 - [TEST_STEP][PASSED] - if (waitForElementPresent(btn_continue, 10)): null

2023-02-06 13:04:17 - [MESSAGE][PASSED] - Element 'Object Repository/Regression/SC-014 Ethnicity/btn Continue' is present

2023-02-06 13:04:17 - [TEST_STEP][PASSED] - tap(btn_continue, 10): Tapped on element 'Object Repository/Regression/SC-014 Ethnicity/btn Continue'

2023-02-06 13:04:17 - [MESSAGE][PASSED] - Tapped on element 'Object Repository/Regression/SC-014 Ethnicity/btn Continue'

2023-02-06 13:04:17 - [TEST_STEP][PASSED] - markPassed("User navigate to the Religon Screen......!"): User navigate to the Religon Screen......!

2023-02-06 13:04:17 - [MESSAGE][PASSED] - User navigate to the Religon Screen......!

2023-02-06 13:04:17 - [TEST_STEP][PASSED] - if (waitForElementPresent(book_icon, 10)): null

2023-02-06 13:04:19 - [MESSAGE][PASSED] - Element 'Object Repository/Regression/SC-015 Religion/Holy Book Icon' is present

2023-02-06 13:04:19 - [TEST_STEP][PASSED] - markPassed("Book icon found on Religon screen......!"): Book icon found on Religon screen......!

2023-02-06 13:04:19 - [MESSAGE][PASSED] - Book icon found on Religon screen......!

2023-02-06 13:04:19 - [TEST_STEP][PASSED] - if (waitForElementPresent(lbl_What, 10)): null

2023-02-06 13:04:19 - [MESSAGE][PASSED] - Element 'Object Repository/Regression/SC-015 Religion/Lbl text - Whats your religion' is present

2023-02-06 13:04:19 - [TEST_STEP][PASSED] - markPassed("What's your religon? label text found......!"): What's your religon? label text found......!

2023-02-06 13:04:19 - [MESSAGE][PASSED] - What's your religon? label text found......!

2023-02-06 13:04:19 - [TEST_STEP][PASSED] - com.spotlove.Utility.dating_Pref(random): com.spotlove.Utility.dating_Pref is PASSED

2023-02-06 13:04:23 - [MESSAGE][PASSED] - com.spotlove.Utility.dating_Pref is PASSED

2023-02-06 13:04:23 - [TEST_STEP][PASSED] - markPassed("Religon Selection successfully......!"): Religon Selection successfully......!

2023-02-06 13:04:23 - [MESSAGE][PASSED] - Religon Selection successfully......!

2023-02-06 13:04:23 - [TEST_STEP][PASSED] - if (waitForElementPresent(btn_R_Continue, 10)): null

2023-02-06 13:04:24 - [MESSAGE][PASSED] - Element 'Object Repository/Regression/SC-015 Religion/btn Continue' is present

2023-02-06 13:04:24 - [TEST_STEP][PASSED] - tap(btn_R_Continue, 10): Tapped on element 'Object Repository/Regression/SC-015 Religion/btn Continue'

2023-02-06 13:04:24 - [MESSAGE][PASSED] - Tapped on element 'Object Repository/Regression/SC-015 Religion/btn Continue'

2023-02-06 13:04:24 - [TEST_STEP][PASSED] - markPassed("User navigate to the Ethnicity Screen.......!"): User navigate to the Ethnicity Screen.......!

2023-02-06 13:04:24 - [MESSAGE][PASSED] - User navigate to the Ethnicity Screen.......!

2023-02-06 13:04:24 - [TEST_STEP][PASSED] - if (waitForElementPresent(heart_icon, 10)): null

2023-02-06 13:04:24 - [MESSAGE][PASSED] - Element 'Object Repository/Regression/SC-016 Relationship Status/Heart icon' is present

2023-02-06 13:04:24 - [TEST_STEP][PASSED] - markPassed("Heart icon found on next Screen.......!"): Heart icon found on next Screen.......!

2023-02-06 13:04:24 - [MESSAGE][PASSED] - Heart icon found on next Screen.......!

2023-02-06 13:04:24 - [TEST_STEP][PASSED] - Start listener action : sampleAfterTestCase: null

2023-02-06 13:04:24 - [TEST_STEP][PASSED] - println(testCaseContext.getTestCaseId()): null

2023-02-06 13:04:24 - [TEST_STEP][PASSED] - println(testCaseContext.getTestCaseStatus()): null]]></system-out>
         <system-err><![CDATA[]]></system-err>
      </testcase>
      <testcase name="Test Cases/Regression/LookUps/SL-16 Relationship Status" time="18.753" classname="Test Cases/Regression/LookUps/SL-16 Relationship Status" status="PASSED">
         <system-out><![CDATA[2023-02-06 13:04:24 - [TEST_CASE][PASSED] - Test Cases/Regression/LookUps/SL-16 Relationship Status: Test Cases/Regression/LookUps/SL-16 Relationship Status

2023-02-06 13:04:25 - [TEST_STEP][PASSED] - Start listener action : sampleBeforeTestCase: null

2023-02-06 13:04:25 - [TEST_STEP][PASSED] - println(testCaseContext.getTestCaseId()): null

2023-02-06 13:04:25 - [TEST_STEP][PASSED] - println(testCaseContext.getTestCaseVariables()): null

2023-02-06 13:04:25 - [TEST_STEP][PASSED] - if (waitForElementPresent(btn_back, 10)): null

2023-02-06 13:04:25 - [MESSAGE][PASSED] - Element 'Object Repository/Regression/SC-016 Relationship Status/btn back' is present

2023-02-06 13:04:25 - [TEST_STEP][PASSED] - tap(btn_back, 10): Tapped on element 'Object Repository/Regression/SC-016 Relationship Status/btn back'

2023-02-06 13:04:26 - [MESSAGE][PASSED] - Tapped on element 'Object Repository/Regression/SC-016 Relationship Status/btn back'

2023-02-06 13:04:26 - [TEST_STEP][PASSED] - markPassed("User navigate back to the Religon screen......!"): User navigate back to the Religon screen......!

2023-02-06 13:04:26 - [MESSAGE][PASSED] - User navigate back to the Religon screen......!

2023-02-06 13:04:26 - [TEST_STEP][PASSED] - delay(10): Delayed 10 second(s)

2023-02-06 13:04:36 - [MESSAGE][PASSED] - Delayed 10 second(s)

2023-02-06 13:04:36 - [TEST_STEP][PASSED] - if (waitForElementPresent(book_icon, 20)): null

2023-02-06 13:04:37 - [MESSAGE][PASSED] - Element 'Object Repository/Regression/SC-015 Religion/Holy Book Icon' is present

2023-02-06 13:04:37 - [TEST_STEP][PASSED] - markPassed("book icon found on Religon screen......!"): book icon found on Religon screen......!

2023-02-06 13:04:37 - [MESSAGE][PASSED] - book icon found on Religon screen......!

2023-02-06 13:04:37 - [TEST_STEP][PASSED] - if (waitForElementPresent(btn_continue, 10)): null

2023-02-06 13:04:37 - [MESSAGE][PASSED] - Element 'Object Repository/Regression/SC-015 Religion/btn Continue' is present

2023-02-06 13:04:37 - [TEST_STEP][PASSED] - tap(btn_continue, 10): Tapped on element 'Object Repository/Regression/SC-015 Religion/btn Continue'

2023-02-06 13:04:37 - [MESSAGE][PASSED] - Tapped on element 'Object Repository/Regression/SC-015 Religion/btn Continue'

2023-02-06 13:04:37 - [TEST_STEP][PASSED] - markPassed("User navigate to the Reletionship Status Screen......!"): User navigate to the Reletionship Status Screen......!

2023-02-06 13:04:37 - [MESSAGE][PASSED] - User navigate to the Reletionship Status Screen......!

2023-02-06 13:04:37 - [TEST_STEP][PASSED] - if (waitForElementPresent(heart_icon, 10)): null

2023-02-06 13:04:38 - [MESSAGE][PASSED] - Element 'Object Repository/Regression/SC-016 Relationship Status/Heart icon' is present

2023-02-06 13:04:38 - [TEST_STEP][PASSED] - markPassed("Heart icon found on Reletionship Status screen......!"): Heart icon found on Reletionship Status screen......!

2023-02-06 13:04:38 - [MESSAGE][PASSED] - Heart icon found on Reletionship Status screen......!

2023-02-06 13:04:38 - [TEST_STEP][PASSED] - if (waitForElementPresent(lbl_What, 10)): null

2023-02-06 13:04:39 - [MESSAGE][PASSED] - Element 'Object Repository/Regression/SC-016 Relationship Status/Lbl text - Whats your relationship status' is present

2023-02-06 13:04:39 - [TEST_STEP][PASSED] - markPassed("What's your Reletionship Status? label text found......!"): What's your Reletionship Status? label text found......!

2023-02-06 13:04:39 - [MESSAGE][PASSED] - What's your Reletionship Status? label text found......!

2023-02-06 13:04:39 - [TEST_STEP][PASSED] - com.spotlove.Utility.dating_Pref(random): com.spotlove.Utility.dating_Pref is PASSED

2023-02-06 13:04:42 - [MESSAGE][PASSED] - com.spotlove.Utility.dating_Pref is PASSED

2023-02-06 13:04:42 - [TEST_STEP][PASSED] - markPassed("Reletionship Status Selection successfully......!"): Reletionship Status Selection successfully......!

2023-02-06 13:04:42 - [MESSAGE][PASSED] - Reletionship Status Selection successfully......!

2023-02-06 13:04:42 - [TEST_STEP][PASSED] - if (waitForElementPresent(btn_R_Continue, 10)): null

2023-02-06 13:04:43 - [MESSAGE][PASSED] - Element 'Object Repository/Regression/SC-016 Relationship Status/btn continue' is present

2023-02-06 13:04:43 - [TEST_STEP][PASSED] - tap(btn_R_Continue, 10): Tapped on element 'Object Repository/Regression/SC-016 Relationship Status/btn continue'

2023-02-06 13:04:43 - [MESSAGE][PASSED] - Tapped on element 'Object Repository/Regression/SC-016 Relationship Status/btn continue'

2023-02-06 13:04:43 - [TEST_STEP][PASSED] - markPassed("User navigate to the Children & Family Plan Screen.......!"): User navigate to the Children & Family Plan Screen.......!

2023-02-06 13:04:43 - [MESSAGE][PASSED] - User navigate to the Children & Family Plan Screen.......!

2023-02-06 13:04:43 - [TEST_STEP][PASSED] - if (waitForElementPresent(face_icon, 10)): null

2023-02-06 13:04:43 - [MESSAGE][PASSED] - Element 'Object Repository/Regression/SC-017 Family Plan/Face icon' is present

2023-02-06 13:04:43 - [TEST_STEP][PASSED] - markPassed("Face icon found on next Screen.......!"): Face icon found on next Screen.......!

2023-02-06 13:04:43 - [MESSAGE][PASSED] - Face icon found on next Screen.......!

2023-02-06 13:04:43 - [TEST_STEP][PASSED] - Start listener action : sampleAfterTestCase: null

2023-02-06 13:04:43 - [TEST_STEP][PASSED] - println(testCaseContext.getTestCaseId()): null

2023-02-06 13:04:43 - [TEST_STEP][PASSED] - println(testCaseContext.getTestCaseStatus()): null]]></system-out>
         <system-err><![CDATA[]]></system-err>
      </testcase>
      <testcase name="Test Cases/Regression/LookUps/SL-17 Family Plan" time="22.508" classname="Test Cases/Regression/LookUps/SL-17 Family Plan" status="FAILED">
         <failure type="FAILED" message="Test Cases/Regression/LookUps/SL-17 Family Plan FAILED.
Reason:
com.kms.katalon.core.exception.StepFailedException: Continue button is not working....!
	at com.kms.katalon.core.util.KeywordUtil.markFailed(KeywordUtil.java:19)
	at com.kms.katalon.core.util.KeywordUtil$markFailed$0.call(Unknown Source)
	at SL-17 Family Plan.run(SL-17 Family Plan:90)
	at com.kms.katalon.core.main.ScriptEngine.run(ScriptEngine.java:194)
	at com.kms.katalon.core.main.ScriptEngine.runScriptAsRawText(ScriptEngine.java:119)
	at com.kms.katalon.core.main.TestCaseExecutor.runScript(TestCaseExecutor.java:448)
	at com.kms.katalon.core.main.TestCaseExecutor.doExecute(TestCaseExecutor.java:439)
	at com.kms.katalon.core.main.TestCaseExecutor.processExecutionPhase(TestCaseExecutor.java:418)
	at com.kms.katalon.core.main.TestCaseExecutor.accessMainPhase(TestCaseExecutor.java:410)
	at com.kms.katalon.core.main.TestCaseExecutor.execute(TestCaseExecutor.java:285)
	at com.kms.katalon.core.common.CommonExecutor.accessTestCaseMainPhase(CommonExecutor.java:65)
	at com.kms.katalon.core.main.TestSuiteExecutor.accessTestSuiteMainPhase(TestSuiteExecutor.java:151)
	at com.kms.katalon.core.main.TestSuiteExecutor.execute(TestSuiteExecutor.java:106)
	at com.kms.katalon.core.main.TestCaseMain.startTestSuite(TestCaseMain.java:185)
	at com.kms.katalon.core.main.TestCaseMain$startTestSuite$0.call(Unknown Source)
	at TempTestSuite1675670431362.run(TempTestSuite1675670431362.groovy:36)
"/>
         <system-out><![CDATA[2023-02-06 13:04:43 - [TEST_CASE][FAILED] - Test Cases/Regression/LookUps/SL-17 Family Plan: Test Cases/Regression/LookUps/SL-17 Family Plan FAILED.
Reason:
com.kms.katalon.core.exception.StepFailedException: Continue button is not working....!
	at com.kms.katalon.core.util.KeywordUtil.markFailed(KeywordUtil.java:19)
	at com.kms.katalon.core.util.KeywordUtil$markFailed$0.call(Unknown Source)
	at SL-17 Family Plan.run(SL-17 Family Plan:90)
	at com.kms.katalon.core.main.ScriptEngine.run(ScriptEngine.java:194)
	at com.kms.katalon.core.main.ScriptEngine.runScriptAsRawText(ScriptEngine.java:119)
	at com.kms.katalon.core.main.TestCaseExecutor.runScript(TestCaseExecutor.java:448)
	at com.kms.katalon.core.main.TestCaseExecutor.doExecute(TestCaseExecutor.java:439)
	at com.kms.katalon.core.main.TestCaseExecutor.processExecutionPhase(TestCaseExecutor.java:418)
	at com.kms.katalon.core.main.TestCaseExecutor.accessMainPhase(TestCaseExecutor.java:410)
	at com.kms.katalon.core.main.TestCaseExecutor.execute(TestCaseExecutor.java:285)
	at com.kms.katalon.core.common.CommonExecutor.accessTestCaseMainPhase(CommonExecutor.java:65)
	at com.kms.katalon.core.main.TestSuiteExecutor.accessTestSuiteMainPhase(TestSuiteExecutor.java:151)
	at com.kms.katalon.core.main.TestSuiteExecutor.execute(TestSuiteExecutor.java:106)
	at com.kms.katalon.core.main.TestCaseMain.startTestSuite(TestCaseMain.java:185)
	at com.kms.katalon.core.main.TestCaseMain$startTestSuite$0.call(Unknown Source)
	at TempTestSuite1675670431362.run(TempTestSuite1675670431362.groovy:36)


2023-02-06 13:04:43 - [TEST_STEP][PASSED] - Start listener action : sampleBeforeTestCase: null

2023-02-06 13:04:43 - [TEST_STEP][PASSED] - println(testCaseContext.getTestCaseId()): null

2023-02-06 13:04:43 - [TEST_STEP][PASSED] - println(testCaseContext.getTestCaseVariables()): null

2023-02-06 13:04:44 - [TEST_STEP][PASSED] - if (waitForElementPresent(btn_back, 10)): null

2023-02-06 13:04:44 - [MESSAGE][PASSED] - Element 'Object Repository/Regression/SC-017 Family Plan/btn back' is present

2023-02-06 13:04:44 - [TEST_STEP][PASSED] - tap(btn_back, 10): Tapped on element 'Object Repository/Regression/SC-017 Family Plan/btn back'

2023-02-06 13:04:45 - [MESSAGE][PASSED] - Tapped on element 'Object Repository/Regression/SC-017 Family Plan/btn back'

2023-02-06 13:04:45 - [TEST_STEP][PASSED] - markPassed("User navigate back to the Relationship Status screen......!"): User navigate back to the Relationship Status screen......!

2023-02-06 13:04:45 - [MESSAGE][PASSED] - User navigate back to the Relationship Status screen......!

2023-02-06 13:04:45 - [TEST_STEP][PASSED] - delay(10): Delayed 10 second(s)

2023-02-06 13:04:55 - [MESSAGE][PASSED] - Delayed 10 second(s)

2023-02-06 13:04:55 - [TEST_STEP][PASSED] - if (waitForElementPresent(heart_icon, 20)): null

2023-02-06 13:04:56 - [MESSAGE][PASSED] - Element 'Object Repository/Regression/SC-016 Relationship Status/Heart icon' is present

2023-02-06 13:04:56 - [TEST_STEP][PASSED] - markPassed("Heart icon found on  Relationship Status screen......!"): Heart icon found on  Relationship Status screen......!

2023-02-06 13:04:56 - [MESSAGE][PASSED] - Heart icon found on  Relationship Status screen......!

2023-02-06 13:04:56 - [TEST_STEP][PASSED] - if (waitForElementPresent(btn_continue, 10)): Object Object Repository/Regression/SC-016 Relationship Status/btn continue not found

2023-02-06 13:05:06 - [MESSAGE][WARNING] - Object Object Repository/Regression/SC-016 Relationship Status/btn continue not found

2023-02-06 13:05:06 - [TEST_STEP][FAILED] - else: Continue button is not working....!

2023-02-06 13:05:06 - [TEST_STEP][FAILED] - markFailed("Continue button is not working....!"): Continue button is not working....!

2023-02-06 13:05:06 - [MESSAGE][FAILED] - Continue button is not working....!

2023-02-06 13:05:06 - [TEST_STEP][PASSED] - Start listener action : sampleAfterTestCase: null

2023-02-06 13:05:06 - [TEST_STEP][PASSED] - println(testCaseContext.getTestCaseId()): null

2023-02-06 13:05:06 - [TEST_STEP][PASSED] - println(testCaseContext.getTestCaseStatus()): null]]></system-out>
         <system-err><![CDATA[2023-02-06 13:04:43 - [TEST_CASE][FAILED] - Test Cases/Regression/LookUps/SL-17 Family Plan: Test Cases/Regression/LookUps/SL-17 Family Plan FAILED.
Reason:
com.kms.katalon.core.exception.StepFailedException: Continue button is not working....!
	at com.kms.katalon.core.util.KeywordUtil.markFailed(KeywordUtil.java:19)
	at com.kms.katalon.core.util.KeywordUtil$markFailed$0.call(Unknown Source)
	at SL-17 Family Plan.run(SL-17 Family Plan:90)
	at com.kms.katalon.core.main.ScriptEngine.run(ScriptEngine.java:194)
	at com.kms.katalon.core.main.ScriptEngine.runScriptAsRawText(ScriptEngine.java:119)
	at com.kms.katalon.core.main.TestCaseExecutor.runScript(TestCaseExecutor.java:448)
	at com.kms.katalon.core.main.TestCaseExecutor.doExecute(TestCaseExecutor.java:439)
	at com.kms.katalon.core.main.TestCaseExecutor.processExecutionPhase(TestCaseExecutor.java:418)
	at com.kms.katalon.core.main.TestCaseExecutor.accessMainPhase(TestCaseExecutor.java:410)
	at com.kms.katalon.core.main.TestCaseExecutor.execute(TestCaseExecutor.java:285)
	at com.kms.katalon.core.common.CommonExecutor.accessTestCaseMainPhase(CommonExecutor.java:65)
	at com.kms.katalon.core.main.TestSuiteExecutor.accessTestSuiteMainPhase(TestSuiteExecutor.java:151)
	at com.kms.katalon.core.main.TestSuiteExecutor.execute(TestSuiteExecutor.java:106)
	at com.kms.katalon.core.main.TestCaseMain.startTestSuite(TestCaseMain.java:185)
	at com.kms.katalon.core.main.TestCaseMain$startTestSuite$0.call(Unknown Source)
	at TempTestSuite1675670431362.run(TempTestSuite1675670431362.groovy:36)]]></system-err>
      </testcase>
      <testcase name="Test Cases/Regression/LookUps/SL-18 Education" time="21.346" classname="Test Cases/Regression/LookUps/SL-18 Education" status="FAILED">
         <failure type="FAILED" message="Test Cases/Regression/LookUps/SL-18 Education FAILED.
Reason:
com.kms.katalon.core.exception.StepFailedException: Continue button is not working....!
	at com.kms.katalon.core.util.KeywordUtil.markFailed(KeywordUtil.java:19)
	at com.kms.katalon.core.util.KeywordUtil$markFailed$0.call(Unknown Source)
	at SL-18 Education.run(SL-18 Education:71)
	at com.kms.katalon.core.main.ScriptEngine.run(ScriptEngine.java:194)
	at com.kms.katalon.core.main.ScriptEngine.runScriptAsRawText(ScriptEngine.java:119)
	at com.kms.katalon.core.main.TestCaseExecutor.runScript(TestCaseExecutor.java:448)
	at com.kms.katalon.core.main.TestCaseExecutor.doExecute(TestCaseExecutor.java:439)
	at com.kms.katalon.core.main.TestCaseExecutor.processExecutionPhase(TestCaseExecutor.java:418)
	at com.kms.katalon.core.main.TestCaseExecutor.accessMainPhase(TestCaseExecutor.java:410)
	at com.kms.katalon.core.main.TestCaseExecutor.execute(TestCaseExecutor.java:285)
	at com.kms.katalon.core.common.CommonExecutor.accessTestCaseMainPhase(CommonExecutor.java:65)
	at com.kms.katalon.core.main.TestSuiteExecutor.accessTestSuiteMainPhase(TestSuiteExecutor.java:151)
	at com.kms.katalon.core.main.TestSuiteExecutor.execute(TestSuiteExecutor.java:106)
	at com.kms.katalon.core.main.TestCaseMain.startTestSuite(TestCaseMain.java:185)
	at com.kms.katalon.core.main.TestCaseMain$startTestSuite$0.call(Unknown Source)
	at TempTestSuite1675670431362.run(TempTestSuite1675670431362.groovy:36)
"/>
         <system-out><![CDATA[2023-02-06 13:05:06 - [TEST_CASE][FAILED] - Test Cases/Regression/LookUps/SL-18 Education: Test Cases/Regression/LookUps/SL-18 Education FAILED.
Reason:
com.kms.katalon.core.exception.StepFailedException: Continue button is not working....!
	at com.kms.katalon.core.util.KeywordUtil.markFailed(KeywordUtil.java:19)
	at com.kms.katalon.core.util.KeywordUtil$markFailed$0.call(Unknown Source)
	at SL-18 Education.run(SL-18 Education:71)
	at com.kms.katalon.core.main.ScriptEngine.run(ScriptEngine.java:194)
	at com.kms.katalon.core.main.ScriptEngine.runScriptAsRawText(ScriptEngine.java:119)
	at com.kms.katalon.core.main.TestCaseExecutor.runScript(TestCaseExecutor.java:448)
	at com.kms.katalon.core.main.TestCaseExecutor.doExecute(TestCaseExecutor.java:439)
	at com.kms.katalon.core.main.TestCaseExecutor.processExecutionPhase(TestCaseExecutor.java:418)
	at com.kms.katalon.core.main.TestCaseExecutor.accessMainPhase(TestCaseExecutor.java:410)
	at com.kms.katalon.core.main.TestCaseExecutor.execute(TestCaseExecutor.java:285)
	at com.kms.katalon.core.common.CommonExecutor.accessTestCaseMainPhase(CommonExecutor.java:65)
	at com.kms.katalon.core.main.TestSuiteExecutor.accessTestSuiteMainPhase(TestSuiteExecutor.java:151)
	at com.kms.katalon.core.main.TestSuiteExecutor.execute(TestSuiteExecutor.java:106)
	at com.kms.katalon.core.main.TestCaseMain.startTestSuite(TestCaseMain.java:185)
	at com.kms.katalon.core.main.TestCaseMain$startTestSuite$0.call(Unknown Source)
	at TempTestSuite1675670431362.run(TempTestSuite1675670431362.groovy:36)


2023-02-06 13:05:06 - [TEST_STEP][PASSED] - Start listener action : sampleBeforeTestCase: null

2023-02-06 13:05:06 - [TEST_STEP][PASSED] - println(testCaseContext.getTestCaseId()): null

2023-02-06 13:05:06 - [TEST_STEP][PASSED] - println(testCaseContext.getTestCaseVariables()): null

2023-02-06 13:05:06 - [TEST_STEP][PASSED] - if (waitForElementPresent(btn_back, 10)): null

2023-02-06 13:05:06 - [MESSAGE][PASSED] - Element 'Object Repository/Regression/SC-018 Education/btn back' is present

2023-02-06 13:05:06 - [TEST_STEP][PASSED] - tap(btn_back, 10): Tapped on element 'Object Repository/Regression/SC-018 Education/btn back'

2023-02-06 13:05:07 - [MESSAGE][PASSED] - Tapped on element 'Object Repository/Regression/SC-018 Education/btn back'

2023-02-06 13:05:07 - [TEST_STEP][PASSED] - markPassed("User navigate back to the Family Plans screen......!"): User navigate back to the Family Plans screen......!

2023-02-06 13:05:07 - [MESSAGE][PASSED] - User navigate back to the Family Plans screen......!

2023-02-06 13:05:07 - [TEST_STEP][PASSED] - delay(10): Delayed 10 second(s)

2023-02-06 13:05:17 - [MESSAGE][PASSED] - Delayed 10 second(s)

2023-02-06 13:05:17 - [TEST_STEP][PASSED] - if (waitForElementPresent(face_icon, 20)): null

2023-02-06 13:05:17 - [MESSAGE][PASSED] - Element 'Object Repository/Regression/SC-017 Family Plan/Face icon' is present

2023-02-06 13:05:17 - [TEST_STEP][PASSED] - markPassed("Face icon found on Religon screen......!"): Face icon found on Religon screen......!

2023-02-06 13:05:17 - [MESSAGE][PASSED] - Face icon found on Religon screen......!

2023-02-06 13:05:17 - [TEST_STEP][PASSED] - if (waitForElementPresent(btn_continue, 10)): Object Object Repository/Regression/SC-017 Family Plan/btn Continue not found

2023-02-06 13:05:27 - [MESSAGE][WARNING] - Object Object Repository/Regression/SC-017 Family Plan/btn Continue not found

2023-02-06 13:05:27 - [TEST_STEP][FAILED] - else: Continue button is not working....!

2023-02-06 13:05:27 - [TEST_STEP][FAILED] - markFailed("Continue button is not working....!"): Continue button is not working....!

2023-02-06 13:05:27 - [MESSAGE][FAILED] - Continue button is not working....!

2023-02-06 13:05:27 - [TEST_STEP][PASSED] - Start listener action : sampleAfterTestCase: null

2023-02-06 13:05:27 - [TEST_STEP][PASSED] - println(testCaseContext.getTestCaseId()): null

2023-02-06 13:05:27 - [TEST_STEP][PASSED] - println(testCaseContext.getTestCaseStatus()): null]]></system-out>
         <system-err><![CDATA[2023-02-06 13:05:06 - [TEST_CASE][FAILED] - Test Cases/Regression/LookUps/SL-18 Education: Test Cases/Regression/LookUps/SL-18 Education FAILED.
Reason:
com.kms.katalon.core.exception.StepFailedException: Continue button is not working....!
	at com.kms.katalon.core.util.KeywordUtil.markFailed(KeywordUtil.java:19)
	at com.kms.katalon.core.util.KeywordUtil$markFailed$0.call(Unknown Source)
	at SL-18 Education.run(SL-18 Education:71)
	at com.kms.katalon.core.main.ScriptEngine.run(ScriptEngine.java:194)
	at com.kms.katalon.core.main.ScriptEngine.runScriptAsRawText(ScriptEngine.java:119)
	at com.kms.katalon.core.main.TestCaseExecutor.runScript(TestCaseExecutor.java:448)
	at com.kms.katalon.core.main.TestCaseExecutor.doExecute(TestCaseExecutor.java:439)
	at com.kms.katalon.core.main.TestCaseExecutor.processExecutionPhase(TestCaseExecutor.java:418)
	at com.kms.katalon.core.main.TestCaseExecutor.accessMainPhase(TestCaseExecutor.java:410)
	at com.kms.katalon.core.main.TestCaseExecutor.execute(TestCaseExecutor.java:285)
	at com.kms.katalon.core.common.CommonExecutor.accessTestCaseMainPhase(CommonExecutor.java:65)
	at com.kms.katalon.core.main.TestSuiteExecutor.accessTestSuiteMainPhase(TestSuiteExecutor.java:151)
	at com.kms.katalon.core.main.TestSuiteExecutor.execute(TestSuiteExecutor.java:106)
	at com.kms.katalon.core.main.TestCaseMain.startTestSuite(TestCaseMain.java:185)
	at com.kms.katalon.core.main.TestCaseMain$startTestSuite$0.call(Unknown Source)
	at TempTestSuite1675670431362.run(TempTestSuite1675670431362.groovy:36)]]></system-err>
      </testcase>
      <testcase name="Test Cases/Regression/LookUps/Sl-19 Vices" time="21.641" classname="Test Cases/Regression/LookUps/Sl-19 Vices" status="FAILED">
         <failure type="FAILED" message="Test Cases/Regression/LookUps/Sl-19 Vices FAILED.
Reason:
com.kms.katalon.core.exception.StepFailedException: Continue button is not working....!
	at com.kms.katalon.core.util.KeywordUtil.markFailed(KeywordUtil.java:19)
	at com.kms.katalon.core.util.KeywordUtil$markFailed$0.call(Unknown Source)
	at Sl-19 Vices.run(Sl-19 Vices:102)
	at com.kms.katalon.core.main.ScriptEngine.run(ScriptEngine.java:194)
	at com.kms.katalon.core.main.ScriptEngine.runScriptAsRawText(ScriptEngine.java:119)
	at com.kms.katalon.core.main.TestCaseExecutor.runScript(TestCaseExecutor.java:448)
	at com.kms.katalon.core.main.TestCaseExecutor.doExecute(TestCaseExecutor.java:439)
	at com.kms.katalon.core.main.TestCaseExecutor.processExecutionPhase(TestCaseExecutor.java:418)
	at com.kms.katalon.core.main.TestCaseExecutor.accessMainPhase(TestCaseExecutor.java:410)
	at com.kms.katalon.core.main.TestCaseExecutor.execute(TestCaseExecutor.java:285)
	at com.kms.katalon.core.common.CommonExecutor.accessTestCaseMainPhase(CommonExecutor.java:65)
	at com.kms.katalon.core.main.TestSuiteExecutor.accessTestSuiteMainPhase(TestSuiteExecutor.java:151)
	at com.kms.katalon.core.main.TestSuiteExecutor.execute(TestSuiteExecutor.java:106)
	at com.kms.katalon.core.main.TestCaseMain.startTestSuite(TestCaseMain.java:185)
	at com.kms.katalon.core.main.TestCaseMain$startTestSuite$0.call(Unknown Source)
	at TempTestSuite1675670431362.run(TempTestSuite1675670431362.groovy:36)
"/>
         <system-out><![CDATA[2023-02-06 13:05:27 - [TEST_CASE][FAILED] - Test Cases/Regression/LookUps/Sl-19 Vices: Test Cases/Regression/LookUps/Sl-19 Vices FAILED.
Reason:
com.kms.katalon.core.exception.StepFailedException: Continue button is not working....!
	at com.kms.katalon.core.util.KeywordUtil.markFailed(KeywordUtil.java:19)
	at com.kms.katalon.core.util.KeywordUtil$markFailed$0.call(Unknown Source)
	at Sl-19 Vices.run(Sl-19 Vices:102)
	at com.kms.katalon.core.main.ScriptEngine.run(ScriptEngine.java:194)
	at com.kms.katalon.core.main.ScriptEngine.runScriptAsRawText(ScriptEngine.java:119)
	at com.kms.katalon.core.main.TestCaseExecutor.runScript(TestCaseExecutor.java:448)
	at com.kms.katalon.core.main.TestCaseExecutor.doExecute(TestCaseExecutor.java:439)
	at com.kms.katalon.core.main.TestCaseExecutor.processExecutionPhase(TestCaseExecutor.java:418)
	at com.kms.katalon.core.main.TestCaseExecutor.accessMainPhase(TestCaseExecutor.java:410)
	at com.kms.katalon.core.main.TestCaseExecutor.execute(TestCaseExecutor.java:285)
	at com.kms.katalon.core.common.CommonExecutor.accessTestCaseMainPhase(CommonExecutor.java:65)
	at com.kms.katalon.core.main.TestSuiteExecutor.accessTestSuiteMainPhase(TestSuiteExecutor.java:151)
	at com.kms.katalon.core.main.TestSuiteExecutor.execute(TestSuiteExecutor.java:106)
	at com.kms.katalon.core.main.TestCaseMain.startTestSuite(TestCaseMain.java:185)
	at com.kms.katalon.core.main.TestCaseMain$startTestSuite$0.call(Unknown Source)
	at TempTestSuite1675670431362.run(TempTestSuite1675670431362.groovy:36)


2023-02-06 13:05:27 - [TEST_STEP][PASSED] - Start listener action : sampleBeforeTestCase: null

2023-02-06 13:05:27 - [TEST_STEP][PASSED] - println(testCaseContext.getTestCaseId()): null

2023-02-06 13:05:27 - [TEST_STEP][PASSED] - println(testCaseContext.getTestCaseVariables()): null

2023-02-06 13:05:28 - [TEST_STEP][PASSED] - if (waitForElementPresent(btn_back, 10)): null

2023-02-06 13:05:28 - [MESSAGE][PASSED] - Element 'Object Repository/Regression/SC-019 Vices/btn back' is present

2023-02-06 13:05:28 - [TEST_STEP][PASSED] - tap(btn_back, 10): Tapped on element 'Object Repository/Regression/SC-019 Vices/btn back'

2023-02-06 13:05:28 - [MESSAGE][PASSED] - Tapped on element 'Object Repository/Regression/SC-019 Vices/btn back'

2023-02-06 13:05:28 - [TEST_STEP][PASSED] - markPassed("User navigate back to the Education screen......!"): User navigate back to the Education screen......!

2023-02-06 13:05:28 - [MESSAGE][PASSED] - User navigate back to the Education screen......!

2023-02-06 13:05:28 - [TEST_STEP][PASSED] - delay(10): Delayed 10 second(s)

2023-02-06 13:05:38 - [MESSAGE][PASSED] - Delayed 10 second(s)

2023-02-06 13:05:38 - [TEST_STEP][PASSED] - if (waitForElementPresent(hat_icon, 20)): null

2023-02-06 13:05:38 - [MESSAGE][PASSED] - Element 'Object Repository/Regression/SC-018 Education/Hat Icon' is present

2023-02-06 13:05:38 - [TEST_STEP][PASSED] - markPassed("Hat icon found on Education screen......!"): Hat icon found on Education screen......!

2023-02-06 13:05:38 - [MESSAGE][PASSED] - Hat icon found on Education screen......!

2023-02-06 13:05:38 - [TEST_STEP][PASSED] - if (waitForElementPresent(btn_continue, 10)): Object Object Repository/Regression/SC-018 Education/btn continue not found

2023-02-06 13:05:49 - [MESSAGE][WARNING] - Object Object Repository/Regression/SC-018 Education/btn continue not found

2023-02-06 13:05:49 - [TEST_STEP][FAILED] - else: Continue button is not working....!

2023-02-06 13:05:49 - [TEST_STEP][FAILED] - markFailed("Continue button is not working....!"): Continue button is not working....!

2023-02-06 13:05:49 - [MESSAGE][FAILED] - Continue button is not working....!

2023-02-06 13:05:49 - [TEST_STEP][PASSED] - Start listener action : sampleAfterTestCase: null

2023-02-06 13:05:49 - [TEST_STEP][PASSED] - println(testCaseContext.getTestCaseId()): null

2023-02-06 13:05:49 - [TEST_STEP][PASSED] - println(testCaseContext.getTestCaseStatus()): null]]></system-out>
         <system-err><![CDATA[2023-02-06 13:05:27 - [TEST_CASE][FAILED] - Test Cases/Regression/LookUps/Sl-19 Vices: Test Cases/Regression/LookUps/Sl-19 Vices FAILED.
Reason:
com.kms.katalon.core.exception.StepFailedException: Continue button is not working....!
	at com.kms.katalon.core.util.KeywordUtil.markFailed(KeywordUtil.java:19)
	at com.kms.katalon.core.util.KeywordUtil$markFailed$0.call(Unknown Source)
	at Sl-19 Vices.run(Sl-19 Vices:102)
	at com.kms.katalon.core.main.ScriptEngine.run(ScriptEngine.java:194)
	at com.kms.katalon.core.main.ScriptEngine.runScriptAsRawText(ScriptEngine.java:119)
	at com.kms.katalon.core.main.TestCaseExecutor.runScript(TestCaseExecutor.java:448)
	at com.kms.katalon.core.main.TestCaseExecutor.doExecute(TestCaseExecutor.java:439)
	at com.kms.katalon.core.main.TestCaseExecutor.processExecutionPhase(TestCaseExecutor.java:418)
	at com.kms.katalon.core.main.TestCaseExecutor.accessMainPhase(TestCaseExecutor.java:410)
	at com.kms.katalon.core.main.TestCaseExecutor.execute(TestCaseExecutor.java:285)
	at com.kms.katalon.core.common.CommonExecutor.accessTestCaseMainPhase(CommonExecutor.java:65)
	at com.kms.katalon.core.main.TestSuiteExecutor.accessTestSuiteMainPhase(TestSuiteExecutor.java:151)
	at com.kms.katalon.core.main.TestSuiteExecutor.execute(TestSuiteExecutor.java:106)
	at com.kms.katalon.core.main.TestCaseMain.startTestSuite(TestCaseMain.java:185)
	at com.kms.katalon.core.main.TestCaseMain$startTestSuite$0.call(Unknown Source)
	at TempTestSuite1675670431362.run(TempTestSuite1675670431362.groovy:36)]]></system-err>
      </testcase>
      <testcase name="Test Cases/Regression/LookUps/SL-20 Politics" time="22.534" classname="Test Cases/Regression/LookUps/SL-20 Politics" status="FAILED">
         <failure type="FAILED" message="Test Cases/Regression/LookUps/SL-20 Politics FAILED.
Reason:
com.kms.katalon.core.exception.StepFailedException: Political view is not selected....!
	at com.kms.katalon.core.util.KeywordUtil.markFailed(KeywordUtil.java:19)
	at com.kms.katalon.core.util.KeywordUtil$markFailed$0.call(Unknown Source)
	at SL-20 Politics.run(SL-20 Politics:75)
	at com.kms.katalon.core.main.ScriptEngine.run(ScriptEngine.java:194)
	at com.kms.katalon.core.main.ScriptEngine.runScriptAsRawText(ScriptEngine.java:119)
	at com.kms.katalon.core.main.TestCaseExecutor.runScript(TestCaseExecutor.java:448)
	at com.kms.katalon.core.main.TestCaseExecutor.doExecute(TestCaseExecutor.java:439)
	at com.kms.katalon.core.main.TestCaseExecutor.processExecutionPhase(TestCaseExecutor.java:418)
	at com.kms.katalon.core.main.TestCaseExecutor.accessMainPhase(TestCaseExecutor.java:410)
	at com.kms.katalon.core.main.TestCaseExecutor.execute(TestCaseExecutor.java:285)
	at com.kms.katalon.core.common.CommonExecutor.accessTestCaseMainPhase(CommonExecutor.java:65)
	at com.kms.katalon.core.main.TestSuiteExecutor.accessTestSuiteMainPhase(TestSuiteExecutor.java:151)
	at com.kms.katalon.core.main.TestSuiteExecutor.execute(TestSuiteExecutor.java:106)
	at com.kms.katalon.core.main.TestCaseMain.startTestSuite(TestCaseMain.java:185)
	at com.kms.katalon.core.main.TestCaseMain$startTestSuite$0.call(Unknown Source)
	at TempTestSuite1675670431362.run(TempTestSuite1675670431362.groovy:36)
"/>
         <system-out><![CDATA[2023-02-06 13:05:49 - [TEST_CASE][FAILED] - Test Cases/Regression/LookUps/SL-20 Politics: Test Cases/Regression/LookUps/SL-20 Politics FAILED.
Reason:
com.kms.katalon.core.exception.StepFailedException: Political view is not selected....!
	at com.kms.katalon.core.util.KeywordUtil.markFailed(KeywordUtil.java:19)
	at com.kms.katalon.core.util.KeywordUtil$markFailed$0.call(Unknown Source)
	at SL-20 Politics.run(SL-20 Politics:75)
	at com.kms.katalon.core.main.ScriptEngine.run(ScriptEngine.java:194)
	at com.kms.katalon.core.main.ScriptEngine.runScriptAsRawText(ScriptEngine.java:119)
	at com.kms.katalon.core.main.TestCaseExecutor.runScript(TestCaseExecutor.java:448)
	at com.kms.katalon.core.main.TestCaseExecutor.doExecute(TestCaseExecutor.java:439)
	at com.kms.katalon.core.main.TestCaseExecutor.processExecutionPhase(TestCaseExecutor.java:418)
	at com.kms.katalon.core.main.TestCaseExecutor.accessMainPhase(TestCaseExecutor.java:410)
	at com.kms.katalon.core.main.TestCaseExecutor.execute(TestCaseExecutor.java:285)
	at com.kms.katalon.core.common.CommonExecutor.accessTestCaseMainPhase(CommonExecutor.java:65)
	at com.kms.katalon.core.main.TestSuiteExecutor.accessTestSuiteMainPhase(TestSuiteExecutor.java:151)
	at com.kms.katalon.core.main.TestSuiteExecutor.execute(TestSuiteExecutor.java:106)
	at com.kms.katalon.core.main.TestCaseMain.startTestSuite(TestCaseMain.java:185)
	at com.kms.katalon.core.main.TestCaseMain$startTestSuite$0.call(Unknown Source)
	at TempTestSuite1675670431362.run(TempTestSuite1675670431362.groovy:36)


2023-02-06 13:05:49 - [TEST_STEP][PASSED] - Start listener action : sampleBeforeTestCase: null

2023-02-06 13:05:49 - [TEST_STEP][PASSED] - println(testCaseContext.getTestCaseId()): null

2023-02-06 13:05:49 - [TEST_STEP][PASSED] - println(testCaseContext.getTestCaseVariables()): null

2023-02-06 13:05:49 - [TEST_STEP][PASSED] - if (waitForElementPresent(btn_back, 10)): null

2023-02-06 13:05:49 - [MESSAGE][PASSED] - Element 'Object Repository/Regression/SC-020 Politics/btn back' is present

2023-02-06 13:05:49 - [TEST_STEP][PASSED] - tap(btn_back, 10): Tapped on element 'Object Repository/Regression/SC-020 Politics/btn back'

2023-02-06 13:05:50 - [MESSAGE][PASSED] - Tapped on element 'Object Repository/Regression/SC-020 Politics/btn back'

2023-02-06 13:05:50 - [TEST_STEP][PASSED] - markPassed("User navigate back to the Vices screen......!"): User navigate back to the Vices screen......!

2023-02-06 13:05:50 - [MESSAGE][PASSED] - User navigate back to the Vices screen......!

2023-02-06 13:05:50 - [TEST_STEP][PASSED] - delay(10): Delayed 10 second(s)

2023-02-06 13:06:00 - [MESSAGE][PASSED] - Delayed 10 second(s)

2023-02-06 13:06:00 - [TEST_STEP][PASSED] - if (waitForElementPresent(bottle_icon, 20)): null

2023-02-06 13:06:00 - [MESSAGE][PASSED] - Element 'Object Repository/Regression/SC-019 Vices/bottle icon' is present

2023-02-06 13:06:00 - [TEST_STEP][PASSED] - markPassed("bottle icon found on Vices screen......!"): bottle icon found on Vices screen......!

2023-02-06 13:06:00 - [MESSAGE][PASSED] - bottle icon found on Vices screen......!

2023-02-06 13:06:00 - [TEST_STEP][PASSED] - if (waitForElementPresent(btn_continue, 10)): null

2023-02-06 13:06:00 - [MESSAGE][PASSED] - Element 'Object Repository/Regression/SC-019 Vices/android.widget.TextView - Continue' is present

2023-02-06 13:06:00 - [TEST_STEP][PASSED] - tap(btn_continue, 10): Tapped on element 'Object Repository/Regression/SC-019 Vices/android.widget.TextView - Continue'

2023-02-06 13:06:01 - [MESSAGE][PASSED] - Tapped on element 'Object Repository/Regression/SC-019 Vices/android.widget.TextView - Continue'

2023-02-06 13:06:01 - [TEST_STEP][PASSED] - markPassed("User navigate to the Politics Screen......!"): User navigate to the Politics Screen......!

2023-02-06 13:06:01 - [MESSAGE][PASSED] - User navigate to the Politics Screen......!

2023-02-06 13:06:01 - [TEST_STEP][PASSED] - if (waitForElementPresent(Justics_icon, 10)): null

2023-02-06 13:06:01 - [MESSAGE][PASSED] - Element 'Object Repository/Regression/SC-020 Politics/justics Icon' is present

2023-02-06 13:06:01 - [TEST_STEP][PASSED] - markPassed("Justics icon found on Politics screen......!"): Justics icon found on Politics screen......!

2023-02-06 13:06:01 - [MESSAGE][PASSED] - Justics icon found on Politics screen......!

2023-02-06 13:06:01 - [TEST_STEP][PASSED] - if (waitForElementPresent(lbl_What, 10)): Object Object Repository/Regression/SC-020 Politics/Lbl text - What are your political views not found

2023-02-06 13:06:11 - [MESSAGE][WARNING] - Object Object Repository/Regression/SC-020 Politics/Lbl text - What are your political views not found

2023-02-06 13:06:11 - [TEST_STEP][FAILED] - else: null

2023-02-06 13:06:11 - [TEST_STEP][FAILED] - markFailed("Political view is not selected....!"): Political view is not selected....!

2023-02-06 13:06:11 - [MESSAGE][FAILED] - Political view is not selected....!

2023-02-06 13:06:11 - [TEST_STEP][FAILED] - markFailed("What are your political views? label text not found....!"): What are your political views? label text not found....!

2023-02-06 13:06:11 - [MESSAGE][FAILED] - What are your political views? label text not found....!

2023-02-06 13:06:11 - [TEST_STEP][PASSED] - Start listener action : sampleAfterTestCase: null

2023-02-06 13:06:11 - [TEST_STEP][PASSED] - println(testCaseContext.getTestCaseId()): null

2023-02-06 13:06:11 - [TEST_STEP][PASSED] - println(testCaseContext.getTestCaseStatus()): null]]></system-out>
         <system-err><![CDATA[2023-02-06 13:05:49 - [TEST_CASE][FAILED] - Test Cases/Regression/LookUps/SL-20 Politics: Test Cases/Regression/LookUps/SL-20 Politics FAILED.
Reason:
com.kms.katalon.core.exception.StepFailedException: Political view is not selected....!
	at com.kms.katalon.core.util.KeywordUtil.markFailed(KeywordUtil.java:19)
	at com.kms.katalon.core.util.KeywordUtil$markFailed$0.call(Unknown Source)
	at SL-20 Politics.run(SL-20 Politics:75)
	at com.kms.katalon.core.main.ScriptEngine.run(ScriptEngine.java:194)
	at com.kms.katalon.core.main.ScriptEngine.runScriptAsRawText(ScriptEngine.java:119)
	at com.kms.katalon.core.main.TestCaseExecutor.runScript(TestCaseExecutor.java:448)
	at com.kms.katalon.core.main.TestCaseExecutor.doExecute(TestCaseExecutor.java:439)
	at com.kms.katalon.core.main.TestCaseExecutor.processExecutionPhase(TestCaseExecutor.java:418)
	at com.kms.katalon.core.main.TestCaseExecutor.accessMainPhase(TestCaseExecutor.java:410)
	at com.kms.katalon.core.main.TestCaseExecutor.execute(TestCaseExecutor.java:285)
	at com.kms.katalon.core.common.CommonExecutor.accessTestCaseMainPhase(CommonExecutor.java:65)
	at com.kms.katalon.core.main.TestSuiteExecutor.accessTestSuiteMainPhase(TestSuiteExecutor.java:151)
	at com.kms.katalon.core.main.TestSuiteExecutor.execute(TestSuiteExecutor.java:106)
	at com.kms.katalon.core.main.TestCaseMain.startTestSuite(TestCaseMain.java:185)
	at com.kms.katalon.core.main.TestCaseMain$startTestSuite$0.call(Unknown Source)
	at TempTestSuite1675670431362.run(TempTestSuite1675670431362.groovy:36)]]></system-err>
      </testcase>
      <system-out><![CDATA[2023-02-06 13:00:40 - [TEST_SUITE][FAILED] - Updated Regression: Test Cases/Regression/LookUps/SL-17 Family Plan FAILED.
Reason:
com.kms.katalon.core.exception.StepFailedException: Continue button is not working....!
	at com.kms.katalon.core.util.KeywordUtil.markFailed(KeywordUtil.java:19)
	at com.kms.katalon.core.util.KeywordUtil$markFailed$0.call(Unknown Source)
	at SL-17 Family Plan.run(SL-17 Family Plan:90)
	at com.kms.katalon.core.main.ScriptEngine.run(ScriptEngine.java:194)
	at com.kms.katalon.core.main.ScriptEngine.runScriptAsRawText(ScriptEngine.java:119)
	at com.kms.katalon.core.main.TestCaseExecutor.runScript(TestCaseExecutor.java:448)
	at com.kms.katalon.core.main.TestCaseExecutor.doExecute(TestCaseExecutor.java:439)
	at com.kms.katalon.core.main.TestCaseExecutor.processExecutionPhase(TestCaseExecutor.java:418)
	at com.kms.katalon.core.main.TestCaseExecutor.accessMainPhase(TestCaseExecutor.java:410)
	at com.kms.katalon.core.main.TestCaseExecutor.execute(TestCaseExecutor.java:285)
	at com.kms.katalon.core.common.CommonExecutor.accessTestCaseMainPhase(CommonExecutor.java:65)
	at com.kms.katalon.core.main.TestSuiteExecutor.accessTestSuiteMainPhase(TestSuiteExecutor.java:151)
	at com.kms.katalon.core.main.TestSuiteExecutor.execute(TestSuiteExecutor.java:106)
	at com.kms.katalon.core.main.TestCaseMain.startTestSuite(TestCaseMain.java:185)
	at com.kms.katalon.core.main.TestCaseMain$startTestSuite$0.call(Unknown Source)
	at TempTestSuite1675670431362.run(TempTestSuite1675670431362.groovy:36)]]></system-out>
      <system-err><![CDATA[2023-02-06 13:00:40 - [TEST_SUITE][FAILED] - Updated Regression: Test Cases/Regression/LookUps/SL-17 Family Plan FAILED.
Reason:
com.kms.katalon.core.exception.StepFailedException: Continue button is not working....!
	at com.kms.katalon.core.util.KeywordUtil.markFailed(KeywordUtil.java:19)
	at com.kms.katalon.core.util.KeywordUtil$markFailed$0.call(Unknown Source)
	at SL-17 Family Plan.run(SL-17 Family Plan:90)
	at com.kms.katalon.core.main.ScriptEngine.run(ScriptEngine.java:194)
	at com.kms.katalon.core.main.ScriptEngine.runScriptAsRawText(ScriptEngine.java:119)
	at com.kms.katalon.core.main.TestCaseExecutor.runScript(TestCaseExecutor.java:448)
	at com.kms.katalon.core.main.TestCaseExecutor.doExecute(TestCaseExecutor.java:439)
	at com.kms.katalon.core.main.TestCaseExecutor.processExecutionPhase(TestCaseExecutor.java:418)
	at com.kms.katalon.core.main.TestCaseExecutor.accessMainPhase(TestCaseExecutor.java:410)
	at com.kms.katalon.core.main.TestCaseExecutor.execute(TestCaseExecutor.java:285)
	at com.kms.katalon.core.common.CommonExecutor.accessTestCaseMainPhase(CommonExecutor.java:65)
	at com.kms.katalon.core.main.TestSuiteExecutor.accessTestSuiteMainPhase(TestSuiteExecutor.java:151)
	at com.kms.katalon.core.main.TestSuiteExecutor.execute(TestSuiteExecutor.java:106)
	at com.kms.katalon.core.main.TestCaseMain.startTestSuite(TestCaseMain.java:185)
	at com.kms.katalon.core.main.TestCaseMain$startTestSuite$0.call(Unknown Source)
	at TempTestSuite1675670431362.run(TempTestSuite1675670431362.groovy:36)]]></system-err>
   </testsuite>
</testsuites>
