<?xml version="1.0" encoding="UTF-8"?>
<testsuites name="SpotLove Sanity" time="44.1" tests="6" failures="0" errors="1">
   <testsuite name="SpotLove Sanity" tests="6" failures="0" errors="1" time="44.1" skipped="0" timestamp="2022-06-20 12:47:15" hostname="pc - localhost" id="Test Suites/SpotLove Sanity">
      <properties>
         <property name="deviceName" value="samsung SM-A025F (Android 11)"/>
         <property name="devicePlatform" value=""/>
         <property name="logFolder" value="/Users/pc/Documents/Katalon Studio/SpotLove_Stagging/Reports/20220620_124706/SpotLove Sanity/20220620_124706"/>
         <property name="logFiles" value="/Users/pc/Documents/Katalon Studio/SpotLove_Stagging/Reports/20220620_124706/SpotLove Sanity/20220620_124706/execution0.log, /Users/pc/Documents/Katalon Studio/SpotLove_Stagging/Reports/20220620_124706/SpotLove Sanity/20220620_124706/appium.log"/>
         <property name="attachments" value=""/>
         <property name="hostName" value="pc - localhost"/>
         <property name="os" value="Mac OS X 64bit"/>
         <property name="appiumServerStatus" value="{&quot;value&quot;:{&quot;build&quot;:{&quot;version&quot;:&quot;1.22.3&quot;}},&quot;sessionId&quot;:null,&quot;status&quot;:0}"/>
         <property name="katalonVersion" value="8.3.0.208"/>
         <property name="deviceOS" value="Android"/>
         <property name="appiumVersion" value="1.22.3"/>
         <property name="deviceModel" value="SM-A025F"/>
         <property name="hostAddress" value="127.0.0.1"/>
         <property name="deviceManufacturer" value="samsung"/>
         <property name="deviceId" value="R9JNC0DKDXJ"/>
         <property name="deviceName" value="samsung SM-A025F (Android 11)"/>
         <property name="deviceOSVersion" value="11"/>
      </properties>
      <testcase name="Test Cases/testing/intro 1" time="24.417" classname="Test Cases/testing/intro 1" status="PASSED">
         <system-out><![CDATA[2022-06-20 12:47:16 - [TEST_CASE][PASSED] - Test Cases/testing/intro 1: Test Cases/testing/intro 1

2022-06-20 12:47:16 - [TEST_STEP][PASSED] - startExistingApplication("com.spotlove.releaseproduction", STOP_ON_FAILURE): Starting app with application ID: 'com.spotlove.releaseproduction'

2022-06-20 12:47:16 - [MESSAGE][INFO] - User set preference: ['deviceId', '']

2022-06-20 12:47:16 - [MESSAGE][INFO] - Detected NodeJS location: "/usr/local/bin/node"

2022-06-20 12:47:18 - [MESSAGE][INFO] - Appium server started on port 56,137

2022-06-20 12:47:32 - [MESSAGE][PASSED] - Starting app with application ID: 'com.spotlove.releaseproduction'

2022-06-20 12:47:32 - [TEST_STEP][PASSED] - if (waitForElementPresent(hearticon, 30)): null

2022-06-20 12:47:39 - [MESSAGE][PASSED] - Element 'Object Repository/intro screens/Intro first/Heart icon' is present

2022-06-20 12:47:39 - [TEST_STEP][PASSED] - markPassed("PASSED: App is launched successfully"): PASSED: App is launched successfully

2022-06-20 12:47:39 - [MESSAGE][PASSED] - PASSED: App is launched successfully

2022-06-20 12:47:39 - [TEST_STEP][PASSED] - if (waitForElementPresent(Access, 30)): null

2022-06-20 12:47:39 - [MESSAGE][PASSED] - Element 'Object Repository/intro screens/Intro first/Access to label text' is present

2022-06-20 12:47:39 - [TEST_STEP][PASSED] - markPassed("PASSED: Access label text is present on the screen"): PASSED: Access label text is present on the screen

2022-06-20 12:47:39 - [MESSAGE][PASSED] - PASSED: Access label text is present on the screen

2022-06-20 12:47:39 - [TEST_STEP][PASSED] - if (waitForElementPresent(Matchmakers, 30)): null

2022-06-20 12:47:39 - [MESSAGE][PASSED] - Element 'Object Repository/intro screens/Intro first/Matchmakers label text' is present

2022-06-20 12:47:39 - [TEST_STEP][PASSED] - markPassed("PASSED: Matchmakers label text is present on the screen"): PASSED: Matchmakers label text is present on the screen

2022-06-20 12:47:39 - [MESSAGE][PASSED] - PASSED: Matchmakers label text is present on the screen

2022-06-20 12:47:39 - [TEST_STEP][PASSED] - if (waitForElementPresent(Berief_Labeltext, 30)): null

2022-06-20 12:47:39 - [MESSAGE][PASSED] - Element 'Object Repository/intro screens/Intro first/We have matchmakers that will help you find your perfect match label text' is present

2022-06-20 12:47:39 - [TEST_STEP][PASSED] - markPassed("PASSED: We have.... label text is present on the screen"): PASSED: We have.... label text is present on the screen

2022-06-20 12:47:39 - [MESSAGE][PASSED] - PASSED: We have.... label text is present on the screen

2022-06-20 12:47:39 - [TEST_STEP][PASSED] - if (waitForElementPresent(background, 30)): null

2022-06-20 12:47:40 - [MESSAGE][PASSED] - Element 'Object Repository/intro screens/Intro first/Background image' is present

2022-06-20 12:47:40 - [TEST_STEP][PASSED] - markPassed("PASSED: background Image is present on the screen"): PASSED: background Image is present on the screen

2022-06-20 12:47:40 - [MESSAGE][PASSED] - PASSED: background Image is present on the screen

2022-06-20 12:47:40 - [TEST_STEP][PASSED] - if (waitForElementPresent(continuebutton, 30)): null

2022-06-20 12:47:40 - [MESSAGE][PASSED] - Element 'Object Repository/intro screens/Intro first/Continue Button' is present

2022-06-20 12:47:40 - [TEST_STEP][PASSED] - tap(continuebutton, 30): Tapped on element 'Object Repository/intro screens/Intro first/Continue Button'

2022-06-20 12:47:40 - [MESSAGE][PASSED] - Tapped on element 'Object Repository/intro screens/Intro first/Continue Button'

2022-06-20 12:47:40 - [TEST_STEP][PASSED] - markPassed("Passed: continue button Element is present"): Passed: continue button Element is present

2022-06-20 12:47:40 - [MESSAGE][PASSED] - Passed: continue button Element is present]]></system-out>
         <system-err><![CDATA[]]></system-err>
      </testcase>
      <testcase name="Test Cases/testing/intro 2" time="2.178" classname="Test Cases/testing/intro 2" status="PASSED">
         <system-out><![CDATA[2022-06-20 12:47:40 - [TEST_CASE][PASSED] - Test Cases/testing/intro 2: Test Cases/testing/intro 2

2022-06-20 12:47:40 - [TEST_STEP][PASSED] - if (waitForElementPresent(hearticon, 30)): null

2022-06-20 12:47:41 - [MESSAGE][PASSED] - Element 'Object Repository/intro screens/Second intro/Heart icon' is present

2022-06-20 12:47:41 - [TEST_STEP][PASSED] - markPassed("PASSED: Heart icon is present in the screen"): PASSED: Heart icon is present in the screen

2022-06-20 12:47:41 - [MESSAGE][PASSED] - PASSED: Heart icon is present in the screen

2022-06-20 12:47:41 - [TEST_STEP][PASSED] - if (waitForElementPresent(Connect, 30)): null

2022-06-20 12:47:41 - [MESSAGE][PASSED] - Element 'Object Repository/intro screens/Second intro/Connect On Video label text' is present

2022-06-20 12:47:41 - [TEST_STEP][PASSED] - markPassed("PASSED: Connect label text is present on the screen"): PASSED: Connect label text is present on the screen

2022-06-20 12:47:41 - [MESSAGE][PASSED] - PASSED: Connect label text is present on the screen

2022-06-20 12:47:41 - [TEST_STEP][PASSED] - if (waitForElementPresent(Dates, 30)): null

2022-06-20 12:47:41 - [MESSAGE][PASSED] - Element 'Object Repository/intro screens/Second intro/Dates Label text' is present

2022-06-20 12:47:41 - [TEST_STEP][PASSED] - markPassed("PASSED: Dates label text is present on the screen"): PASSED: Dates label text is present on the screen

2022-06-20 12:47:41 - [MESSAGE][PASSED] - PASSED: Dates label text is present on the screen

2022-06-20 12:47:41 - [TEST_STEP][PASSED] - if (waitForElementPresent(We, 30)): null

2022-06-20 12:47:42 - [MESSAGE][PASSED] - Element 'Object Repository/intro screens/Second intro/We believe in connecting with people through video chat Label text' is present

2022-06-20 12:47:42 - [TEST_STEP][PASSED] - markPassed("PASSED: We.... label text is present on the screen"): PASSED: We.... label text is present on the screen

2022-06-20 12:47:42 - [MESSAGE][PASSED] - PASSED: We.... label text is present on the screen

2022-06-20 12:47:42 - [TEST_STEP][PASSED] - if (waitForElementPresent(background, 30)): null

2022-06-20 12:47:42 - [MESSAGE][PASSED] - Element 'Object Repository/intro screens/Second intro/Background Image' is present

2022-06-20 12:47:42 - [TEST_STEP][PASSED] - markPassed("PASSED: background Image is present on the screen"): PASSED: background Image is present on the screen

2022-06-20 12:47:42 - [MESSAGE][PASSED] - PASSED: background Image is present on the screen

2022-06-20 12:47:42 - [TEST_STEP][PASSED] - if (waitForElementPresent(Continuebutton, 30)): null

2022-06-20 12:47:42 - [MESSAGE][PASSED] - Element 'Object Repository/intro screens/Second intro/Continue button' is present

2022-06-20 12:47:42 - [TEST_STEP][PASSED] - tap(Continuebutton, 30): Tapped on element 'Object Repository/intro screens/Second intro/Continue button'

2022-06-20 12:47:42 - [MESSAGE][PASSED] - Tapped on element 'Object Repository/intro screens/Second intro/Continue button'

2022-06-20 12:47:42 - [TEST_STEP][PASSED] - markPassed("Passed: continue button Element is present"): Passed: continue button Element is present

2022-06-20 12:47:42 - [MESSAGE][PASSED] - Passed: continue button Element is present]]></system-out>
         <system-err><![CDATA[]]></system-err>
      </testcase>
      <testcase name="Test Cases/testing/intro 3" time="2.295" classname="Test Cases/testing/intro 3" status="PASSED">
         <system-out><![CDATA[2022-06-20 12:47:42 - [TEST_CASE][PASSED] - Test Cases/testing/intro 3: Test Cases/testing/intro 3

2022-06-20 12:47:43 - [TEST_STEP][PASSED] - if (waitForElementPresent(hearticon, 30)): null

2022-06-20 12:47:43 - [MESSAGE][PASSED] - Element 'Object Repository/intro screens/Third intro/Heart icon' is present

2022-06-20 12:47:43 - [TEST_STEP][PASSED] - markPassed("PASSED: Heart icon is present in the screen"): PASSED: Heart icon is present in the screen

2022-06-20 12:47:43 - [MESSAGE][PASSED] - PASSED: Heart icon is present in the screen

2022-06-20 12:47:43 - [TEST_STEP][PASSED] - if (waitForElementPresent(Meet_your, 30)): null

2022-06-20 12:47:44 - [MESSAGE][PASSED] - Element 'Object Repository/intro screens/Third intro/Meet Your label text' is present

2022-06-20 12:47:44 - [TEST_STEP][PASSED] - markPassed("PASSED: Meet your label text is present on the screen"): PASSED: Meet your label text is present on the screen

2022-06-20 12:47:44 - [MESSAGE][PASSED] - PASSED: Meet your label text is present on the screen

2022-06-20 12:47:44 - [TEST_STEP][PASSED] - if (waitForElementPresent(Soulmate, 30)): null

2022-06-20 12:47:44 - [MESSAGE][PASSED] - Element 'Object Repository/intro screens/Third intro/Soulmate label text' is present

2022-06-20 12:47:44 - [TEST_STEP][PASSED] - markPassed("PASSED: Soulmate label text is present on the screen"): PASSED: Soulmate label text is present on the screen

2022-06-20 12:47:44 - [MESSAGE][PASSED] - PASSED: Soulmate label text is present on the screen

2022-06-20 12:47:44 - [TEST_STEP][PASSED] - if (waitForElementPresent(Plenty, 30)): null

2022-06-20 12:47:44 - [MESSAGE][PASSED] - Element 'Object Repository/intro screens/Third intro/Plenty of opportunities to find the person that checks all your boxes label text' is present

2022-06-20 12:47:44 - [TEST_STEP][PASSED] - markPassed("PASSED: Plenty.... label text is present on the screen"): PASSED: Plenty.... label text is present on the screen

2022-06-20 12:47:44 - [MESSAGE][PASSED] - PASSED: Plenty.... label text is present on the screen

2022-06-20 12:47:44 - [TEST_STEP][PASSED] - if (waitForElementPresent(background, 30)): null

2022-06-20 12:47:44 - [MESSAGE][PASSED] - Element 'Object Repository/intro screens/Third intro/Background image' is present

2022-06-20 12:47:44 - [TEST_STEP][PASSED] - markPassed("PASSED: background Image is present on the screen"): PASSED: background Image is present on the screen

2022-06-20 12:47:44 - [MESSAGE][PASSED] - PASSED: background Image is present on the screen

2022-06-20 12:47:44 - [TEST_STEP][PASSED] - if (waitForElementPresent(Continuebutton, 30)): null

2022-06-20 12:47:44 - [MESSAGE][PASSED] - Element 'Object Repository/intro screens/Third intro/Continue Button' is present

2022-06-20 12:47:44 - [TEST_STEP][PASSED] - tap(Continuebutton, 30): Tapped on element 'Object Repository/intro screens/Third intro/Continue Button'

2022-06-20 12:47:44 - [MESSAGE][PASSED] - Tapped on element 'Object Repository/intro screens/Third intro/Continue Button'

2022-06-20 12:47:44 - [TEST_STEP][PASSED] - markPassed("Passed: continue button Element is present"): Passed: continue button Element is present

2022-06-20 12:47:44 - [MESSAGE][PASSED] - Passed: continue button Element is present]]></system-out>
         <system-err><![CDATA[]]></system-err>
      </testcase>
      <testcase name="Test Cases/testing/Use Phone Number screen" time="1.832" classname="Test Cases/testing/Use Phone Number screen" status="PASSED">
         <system-out><![CDATA[2022-06-20 12:47:44 - [TEST_CASE][PASSED] - Test Cases/testing/Use Phone Number screen: Test Cases/testing/Use Phone Number screen

2022-06-20 12:47:45 - [TEST_STEP][PASSED] - if (waitForElementPresent(logo, 30)): null

2022-06-20 12:47:46 - [MESSAGE][PASSED] - Element 'Object Repository/Select screen/logo' is present

2022-06-20 12:47:46 - [TEST_STEP][PASSED] - markPassed("PASSED: SignIn Screen launch successfully"): PASSED: SignIn Screen launch successfully

2022-06-20 12:47:46 - [MESSAGE][PASSED] - PASSED: SignIn Screen launch successfully

2022-06-20 12:47:46 - [TEST_STEP][PASSED] - if (waitForElementPresent(Spotlove, 30)): null

2022-06-20 12:47:46 - [MESSAGE][PASSED] - Element 'Object Repository/Select screen/Spot Love at First Sight Login or create an account label text' is present

2022-06-20 12:47:46 - [TEST_STEP][PASSED] - markPassed("PASSED: SpotLove At First Sight label text is present on the screen."): PASSED: SpotLove At First Sight label text is present on the screen.

2022-06-20 12:47:46 - [MESSAGE][PASSED] - PASSED: SpotLove At First Sight label text is present on the screen.

2022-06-20 12:47:46 - [TEST_STEP][PASSED] - if (waitForElementPresent(Continue, 30)): null

2022-06-20 12:47:46 - [MESSAGE][PASSED] - Element 'Object Repository/Select screen/Continue with Phone number' is present

2022-06-20 12:47:46 - [TEST_STEP][PASSED] - tap(Continue, 30): Tapped on element 'Object Repository/Select screen/Continue with Phone number'

2022-06-20 12:47:46 - [MESSAGE][PASSED] - Tapped on element 'Object Repository/Select screen/Continue with Phone number'

2022-06-20 12:47:46 - [TEST_STEP][PASSED] - markPassed("PASSED: Continue With phone is present on the screen."): PASSED: Continue With phone is present on the screen.

2022-06-20 12:47:46 - [MESSAGE][PASSED] - PASSED: Continue With phone is present on the screen.]]></system-out>
         <system-err><![CDATA[]]></system-err>
      </testcase>
      <testcase name="Test Cases/testing/Enter Phone Number" time="11.487" classname="Test Cases/testing/Enter Phone Number" status="PASSED">
         <system-out><![CDATA[2022-06-20 12:47:46 - [TEST_CASE][PASSED] - Test Cases/testing/Enter Phone Number: Test Cases/testing/Enter Phone Number

2022-06-20 12:47:47 - [TEST_STEP][PASSED] - if (waitForElementPresent(Back, 30)): null

2022-06-20 12:47:48 - [MESSAGE][PASSED] - Element 'Object Repository/SignIn To Spot.Love/Back Button' is present

2022-06-20 12:47:48 - [TEST_STEP][PASSED] - tap(Back, 30): Tapped on element 'Object Repository/SignIn To Spot.Love/Back Button'

2022-06-20 12:47:48 - [MESSAGE][PASSED] - Tapped on element 'Object Repository/SignIn To Spot.Love/Back Button'

2022-06-20 12:47:48 - [TEST_STEP][PASSED] - markPassed("PASSED: Continue With phone is present on the screen."): PASSED: Continue With phone is present on the screen.

2022-06-20 12:47:48 - [MESSAGE][PASSED] - PASSED: Continue With phone is present on the screen.

2022-06-20 12:47:48 - [TEST_STEP][PASSED] - if (waitForElementPresent(cntinue, 30)): null

2022-06-20 12:47:49 - [MESSAGE][PASSED] - Element 'Object Repository/Select screen/Continue with Phone number' is present

2022-06-20 12:47:49 - [TEST_STEP][PASSED] - tap(cntinue, 30): Tapped on element 'Object Repository/Select screen/Continue with Phone number'

2022-06-20 12:47:49 - [MESSAGE][PASSED] - Tapped on element 'Object Repository/Select screen/Continue with Phone number'

2022-06-20 12:47:49 - [TEST_STEP][PASSED] - markPassed("PASSED: Continue With phone is present on the screen."): PASSED: Continue With phone is present on the screen.

2022-06-20 12:47:49 - [MESSAGE][PASSED] - PASSED: Continue With phone is present on the screen.

2022-06-20 12:47:49 - [TEST_STEP][PASSED] - if (waitForElementPresent(logo, 30)): null

2022-06-20 12:47:51 - [MESSAGE][PASSED] - Element 'Object Repository/SignIn To Spot.Love/Spotlove Logo' is present

2022-06-20 12:47:51 - [TEST_STEP][PASSED] - markPassed("PASSED: SpotLove logo is present on the screen."): PASSED: SpotLove logo is present on the screen.

2022-06-20 12:47:51 - [MESSAGE][PASSED] - PASSED: SpotLove logo is present on the screen.

2022-06-20 12:47:51 - [TEST_STEP][PASSED] - if (waitForElementPresent(SignIn, 30)): null

2022-06-20 12:47:51 - [MESSAGE][PASSED] - Element 'Object Repository/SignIn To Spot.Love/Sign in to Spot.Love Label Text' is present

2022-06-20 12:47:51 - [TEST_STEP][PASSED] - markPassed("PASSED: signIn to spotlove. is present on the screen."): PASSED: signIn to spotlove. is present on the screen.

2022-06-20 12:47:51 - [MESSAGE][PASSED] - PASSED: signIn to spotlove. is present on the screen.

2022-06-20 12:47:51 - [TEST_STEP][PASSED] - if (waitForElementPresent(Continue, 30)): null

2022-06-20 12:47:51 - [MESSAGE][PASSED] - Element 'Object Repository/SignIn To Spot.Love/Continue with your phone number Label Text' is present

2022-06-20 12:47:51 - [TEST_STEP][PASSED] - markPassed("PASSED: Continue with... is present on the screen."): PASSED: Continue with... is present on the screen.

2022-06-20 12:47:51 - [MESSAGE][PASSED] - PASSED: Continue with... is present on the screen.

2022-06-20 12:47:51 - [TEST_STEP][PASSED] - if (waitForElementPresent(Country, 30)): null

2022-06-20 12:47:51 - [MESSAGE][PASSED] - Element 'Object Repository/SignIn To Spot.Love/Country dropdown' is present

2022-06-20 12:47:51 - [TEST_STEP][PASSED] - tap(Country, 30): Tapped on element 'Object Repository/SignIn To Spot.Love/Country dropdown'

2022-06-20 12:47:52 - [MESSAGE][PASSED] - Tapped on element 'Object Repository/SignIn To Spot.Love/Country dropdown'

2022-06-20 12:47:52 - [TEST_STEP][PASSED] - markPassed("PASSED: Country dropdown is present on the screen."): PASSED: Country dropdown is present on the screen.

2022-06-20 12:47:52 - [MESSAGE][PASSED] - PASSED: Country dropdown is present on the screen.

2022-06-20 12:47:52 - [TEST_STEP][PASSED] - if (waitForElementPresent(Search, 30)): null

2022-06-20 12:47:53 - [MESSAGE][PASSED] - Element 'Object Repository/SignIn To Spot.Love/Enter country name' is present

2022-06-20 12:47:53 - [TEST_STEP][PASSED] - setText(Search, "Pakistan", 30): Text 'Pakistan' has been set to element 'Object Repository/SignIn To Spot.Love/Enter country name'

2022-06-20 12:47:54 - [MESSAGE][PASSED] - Text 'Pakistan' has been set to element 'Object Repository/SignIn To Spot.Love/Enter country name'

2022-06-20 12:47:54 - [TEST_STEP][PASSED] - markPassed("PASSED: Search Country is present on the screen."): PASSED: Search Country is present on the screen.

2022-06-20 12:47:54 - [MESSAGE][PASSED] - PASSED: Search Country is present on the screen.

2022-06-20 12:47:54 - [TEST_STEP][PASSED] - if (waitForElementPresent(first_index, 30)): null

2022-06-20 12:47:55 - [MESSAGE][PASSED] - Element 'Object Repository/SignIn To Spot.Love/First Index of search bar' is present

2022-06-20 12:47:55 - [TEST_STEP][PASSED] - tap(first_index, 30): Tapped on element 'Object Repository/SignIn To Spot.Love/First Index of search bar'

2022-06-20 12:47:55 - [MESSAGE][PASSED] - Tapped on element 'Object Repository/SignIn To Spot.Love/First Index of search bar'

2022-06-20 12:47:55 - [TEST_STEP][PASSED] - markPassed("PASSED: Your Search in the first index Country is present on the screen."): PASSED: Your Search in the first index Country is present on the screen.

2022-06-20 12:47:55 - [MESSAGE][PASSED] - PASSED: Your Search in the first index Country is present on the screen.

2022-06-20 12:47:55 - [TEST_STEP][PASSED] - if (waitForElementPresent(phone, 30)): null

2022-06-20 12:47:56 - [MESSAGE][PASSED] - Element 'Object Repository/SignIn To Spot.Love/Enter Phone Number' is present

2022-06-20 12:47:56 - [TEST_STEP][PASSED] - setText(phone, "3044662898", 30): Text '3044662898' has been set to element 'Object Repository/SignIn To Spot.Love/Enter Phone Number'

2022-06-20 12:47:57 - [MESSAGE][PASSED] - Text '3044662898' has been set to element 'Object Repository/SignIn To Spot.Love/Enter Phone Number'

2022-06-20 12:47:57 - [TEST_STEP][PASSED] - markPassed("PASSED: Phone number enter successfully."): PASSED: Phone number enter successfully.

2022-06-20 12:47:57 - [MESSAGE][PASSED] - PASSED: Phone number enter successfully.

2022-06-20 12:47:57 - [TEST_STEP][PASSED] - if (waitForElementPresent(Continue_Button, 30)): null

2022-06-20 12:47:58 - [MESSAGE][PASSED] - Element 'Object Repository/SignIn To Spot.Love/Continue Button' is present

2022-06-20 12:47:58 - [TEST_STEP][PASSED] - tap(Continue_Button, 30): Tapped on element 'Object Repository/SignIn To Spot.Love/Continue Button'

2022-06-20 12:47:58 - [MESSAGE][PASSED] - Tapped on element 'Object Repository/SignIn To Spot.Love/Continue Button'

2022-06-20 12:47:58 - [TEST_STEP][PASSED] - markPassed("PASSED: Continue button."): PASSED: Continue button.

2022-06-20 12:47:58 - [MESSAGE][PASSED] - PASSED: Continue button.]]></system-out>
         <system-err><![CDATA[]]></system-err>
      </testcase>
      <testcase name="Test Cases/testing/OTP" time="0.276" classname="Test Cases/testing/OTP" status="ERROR">
         <error type="ERROR" message="Test Cases/testing/OTP FAILED.
Reason:
groovy.lang.MissingPropertyException: No such property: KeywordUtil for class: Script1655707498252
	at OTP.run(OTP:22)
	at com.kms.katalon.core.main.ScriptEngine.run(ScriptEngine.java:194)
	at com.kms.katalon.core.main.ScriptEngine.runScriptAsRawText(ScriptEngine.java:119)
	at com.kms.katalon.core.main.TestCaseExecutor.runScript(TestCaseExecutor.java:445)
	at com.kms.katalon.core.main.TestCaseExecutor.doExecute(TestCaseExecutor.java:436)
	at com.kms.katalon.core.main.TestCaseExecutor.processExecutionPhase(TestCaseExecutor.java:415)
	at com.kms.katalon.core.main.TestCaseExecutor.accessMainPhase(TestCaseExecutor.java:407)
	at com.kms.katalon.core.main.TestCaseExecutor.execute(TestCaseExecutor.java:284)
	at com.kms.katalon.core.main.TestCaseExecutor.execute(TestCaseExecutor.java:366)
	at com.kms.katalon.core.main.TestCaseExecutor.execute(TestCaseExecutor.java:366)
	at com.kms.katalon.core.main.TestCaseExecutor.execute(TestCaseExecutor.java:366)
	at com.kms.katalon.core.common.CommonExecutor.accessTestCaseMainPhase(CommonExecutor.java:65)
	at com.kms.katalon.core.main.TestSuiteExecutor.accessTestSuiteMainPhase(TestSuiteExecutor.java:144)
	at com.kms.katalon.core.main.TestSuiteExecutor.execute(TestSuiteExecutor.java:106)
	at com.kms.katalon.core.main.TestCaseMain.startTestSuite(TestCaseMain.java:185)
	at com.kms.katalon.core.main.TestCaseMain$startTestSuite$0.call(Unknown Source)
	at TempTestSuite1655711226352.run(TempTestSuite1655711226352.groovy:36)
"/>
         <system-out><![CDATA[2022-06-20 12:47:59 - [TEST_CASE][ERROR] - Test Cases/testing/OTP: Test Cases/testing/OTP FAILED.
Reason:
groovy.lang.MissingPropertyException: No such property: KeywordUtil for class: Script1655707498252
	at OTP.run(OTP:22)
	at com.kms.katalon.core.main.ScriptEngine.run(ScriptEngine.java:194)
	at com.kms.katalon.core.main.ScriptEngine.runScriptAsRawText(ScriptEngine.java:119)
	at com.kms.katalon.core.main.TestCaseExecutor.runScript(TestCaseExecutor.java:445)
	at com.kms.katalon.core.main.TestCaseExecutor.doExecute(TestCaseExecutor.java:436)
	at com.kms.katalon.core.main.TestCaseExecutor.processExecutionPhase(TestCaseExecutor.java:415)
	at com.kms.katalon.core.main.TestCaseExecutor.accessMainPhase(TestCaseExecutor.java:407)
	at com.kms.katalon.core.main.TestCaseExecutor.execute(TestCaseExecutor.java:284)
	at com.kms.katalon.core.main.TestCaseExecutor.execute(TestCaseExecutor.java:366)
	at com.kms.katalon.core.main.TestCaseExecutor.execute(TestCaseExecutor.java:366)
	at com.kms.katalon.core.main.TestCaseExecutor.execute(TestCaseExecutor.java:366)
	at com.kms.katalon.core.common.CommonExecutor.accessTestCaseMainPhase(CommonExecutor.java:65)
	at com.kms.katalon.core.main.TestSuiteExecutor.accessTestSuiteMainPhase(TestSuiteExecutor.java:144)
	at com.kms.katalon.core.main.TestSuiteExecutor.execute(TestSuiteExecutor.java:106)
	at com.kms.katalon.core.main.TestCaseMain.startTestSuite(TestCaseMain.java:185)
	at com.kms.katalon.core.main.TestCaseMain$startTestSuite$0.call(Unknown Source)
	at TempTestSuite1655711226352.run(TempTestSuite1655711226352.groovy:36)


2022-06-20 12:47:59 - [TEST_STEP][PASSED] - if (waitForElementPresent(logo, 30)): null

2022-06-20 12:47:59 - [MESSAGE][PASSED] - Element 'Object Repository/OTP Verification/logo' is present

2022-06-20 12:47:59 - [TEST_STEP][ERROR] - KeywordUtil.markPassed("PASSED: SpotLove logo is present on the screen."): Test Cases/testing/OTP FAILED.
Reason:
groovy.lang.MissingPropertyException: No such property: KeywordUtil for class: Script1655707498252
	at OTP.run(OTP:22)
	at com.kms.katalon.core.main.ScriptEngine.run(ScriptEngine.java:194)
	at com.kms.katalon.core.main.ScriptEngine.runScriptAsRawText(ScriptEngine.java:119)
	at com.kms.katalon.core.main.TestCaseExecutor.runScript(TestCaseExecutor.java:445)
	at com.kms.katalon.core.main.TestCaseExecutor.doExecute(TestCaseExecutor.java:436)
	at com.kms.katalon.core.main.TestCaseExecutor.processExecutionPhase(TestCaseExecutor.java:415)
	at com.kms.katalon.core.main.TestCaseExecutor.accessMainPhase(TestCaseExecutor.java:407)
	at com.kms.katalon.core.main.TestCaseExecutor.execute(TestCaseExecutor.java:284)
	at com.kms.katalon.core.main.TestCaseExecutor.execute(TestCaseExecutor.java:366)
	at com.kms.katalon.core.main.TestCaseExecutor.execute(TestCaseExecutor.java:366)
	at com.kms.katalon.core.main.TestCaseExecutor.execute(TestCaseExecutor.java:366)
	at com.kms.katalon.core.common.CommonExecutor.accessTestCaseMainPhase(CommonExecutor.java:65)
	at com.kms.katalon.core.main.TestSuiteExecutor.accessTestSuiteMainPhase(TestSuiteExecutor.java:144)
	at com.kms.katalon.core.main.TestSuiteExecutor.execute(TestSuiteExecutor.java:106)
	at com.kms.katalon.core.main.TestCaseMain.startTestSuite(TestCaseMain.java:185)
	at com.kms.katalon.core.main.TestCaseMain$startTestSuite$0.call(Unknown Source)
	at TempTestSuite1655711226352.run(TempTestSuite1655711226352.groovy:36)


2022-06-20 12:47:59 - [MESSAGE][ERROR] - Test Cases/testing/OTP FAILED.
Reason:
groovy.lang.MissingPropertyException: No such property: KeywordUtil for class: Script1655707498252
	at OTP.run(OTP:22)
	at com.kms.katalon.core.main.ScriptEngine.run(ScriptEngine.java:194)
	at com.kms.katalon.core.main.ScriptEngine.runScriptAsRawText(ScriptEngine.java:119)
	at com.kms.katalon.core.main.TestCaseExecutor.runScript(TestCaseExecutor.java:445)
	at com.kms.katalon.core.main.TestCaseExecutor.doExecute(TestCaseExecutor.java:436)
	at com.kms.katalon.core.main.TestCaseExecutor.processExecutionPhase(TestCaseExecutor.java:415)
	at com.kms.katalon.core.main.TestCaseExecutor.accessMainPhase(TestCaseExecutor.java:407)
	at com.kms.katalon.core.main.TestCaseExecutor.execute(TestCaseExecutor.java:284)
	at com.kms.katalon.core.main.TestCaseExecutor.execute(TestCaseExecutor.java:366)
	at com.kms.katalon.core.main.TestCaseExecutor.execute(TestCaseExecutor.java:366)
	at com.kms.katalon.core.main.TestCaseExecutor.execute(TestCaseExecutor.java:366)
	at com.kms.katalon.core.common.CommonExecutor.accessTestCaseMainPhase(CommonExecutor.java:65)
	at com.kms.katalon.core.main.TestSuiteExecutor.accessTestSuiteMainPhase(TestSuiteExecutor.java:144)
	at com.kms.katalon.core.main.TestSuiteExecutor.execute(TestSuiteExecutor.java:106)
	at com.kms.katalon.core.main.TestCaseMain.startTestSuite(TestCaseMain.java:185)
	at com.kms.katalon.core.main.TestCaseMain$startTestSuite$0.call(Unknown Source)
	at TempTestSuite1655711226352.run(TempTestSuite1655711226352.groovy:36)]]></system-out>
         <system-err><![CDATA[2022-06-20 12:47:59 - [TEST_CASE][ERROR] - Test Cases/testing/OTP: Test Cases/testing/OTP FAILED.
Reason:
groovy.lang.MissingPropertyException: No such property: KeywordUtil for class: Script1655707498252
	at OTP.run(OTP:22)
	at com.kms.katalon.core.main.ScriptEngine.run(ScriptEngine.java:194)
	at com.kms.katalon.core.main.ScriptEngine.runScriptAsRawText(ScriptEngine.java:119)
	at com.kms.katalon.core.main.TestCaseExecutor.runScript(TestCaseExecutor.java:445)
	at com.kms.katalon.core.main.TestCaseExecutor.doExecute(TestCaseExecutor.java:436)
	at com.kms.katalon.core.main.TestCaseExecutor.processExecutionPhase(TestCaseExecutor.java:415)
	at com.kms.katalon.core.main.TestCaseExecutor.accessMainPhase(TestCaseExecutor.java:407)
	at com.kms.katalon.core.main.TestCaseExecutor.execute(TestCaseExecutor.java:284)
	at com.kms.katalon.core.main.TestCaseExecutor.execute(TestCaseExecutor.java:366)
	at com.kms.katalon.core.main.TestCaseExecutor.execute(TestCaseExecutor.java:366)
	at com.kms.katalon.core.main.TestCaseExecutor.execute(TestCaseExecutor.java:366)
	at com.kms.katalon.core.common.CommonExecutor.accessTestCaseMainPhase(CommonExecutor.java:65)
	at com.kms.katalon.core.main.TestSuiteExecutor.accessTestSuiteMainPhase(TestSuiteExecutor.java:144)
	at com.kms.katalon.core.main.TestSuiteExecutor.execute(TestSuiteExecutor.java:106)
	at com.kms.katalon.core.main.TestCaseMain.startTestSuite(TestCaseMain.java:185)
	at com.kms.katalon.core.main.TestCaseMain$startTestSuite$0.call(Unknown Source)
	at TempTestSuite1655711226352.run(TempTestSuite1655711226352.groovy:36)]]></system-err>
      </testcase>
      <system-out><![CDATA[2022-06-20 12:47:15 - [TEST_SUITE][ERROR] - SpotLove Sanity: Test Cases/testing/OTP FAILED.
Reason:
groovy.lang.MissingPropertyException: No such property: KeywordUtil for class: Script1655707498252
	at OTP.run(OTP:22)
	at com.kms.katalon.core.main.ScriptEngine.run(ScriptEngine.java:194)
	at com.kms.katalon.core.main.ScriptEngine.runScriptAsRawText(ScriptEngine.java:119)
	at com.kms.katalon.core.main.TestCaseExecutor.runScript(TestCaseExecutor.java:445)
	at com.kms.katalon.core.main.TestCaseExecutor.doExecute(TestCaseExecutor.java:436)
	at com.kms.katalon.core.main.TestCaseExecutor.processExecutionPhase(TestCaseExecutor.java:415)
	at com.kms.katalon.core.main.TestCaseExecutor.accessMainPhase(TestCaseExecutor.java:407)
	at com.kms.katalon.core.main.TestCaseExecutor.execute(TestCaseExecutor.java:284)
	at com.kms.katalon.core.common.CommonExecutor.accessTestCaseMainPhase(CommonExecutor.java:65)
	at com.kms.katalon.core.main.TestSuiteExecutor.accessTestSuiteMainPhase(TestSuiteExecutor.java:144)
	at com.kms.katalon.core.main.TestSuiteExecutor.execute(TestSuiteExecutor.java:106)
	at com.kms.katalon.core.main.TestCaseMain.startTestSuite(TestCaseMain.java:185)
	at com.kms.katalon.core.main.TestCaseMain$startTestSuite$0.call(Unknown Source)
	at TempTestSuite1655711226352.run(TempTestSuite1655711226352.groovy:36)]]></system-out>
      <system-err><![CDATA[2022-06-20 12:47:15 - [TEST_SUITE][ERROR] - SpotLove Sanity: Test Cases/testing/OTP FAILED.
Reason:
groovy.lang.MissingPropertyException: No such property: KeywordUtil for class: Script1655707498252
	at OTP.run(OTP:22)
	at com.kms.katalon.core.main.ScriptEngine.run(ScriptEngine.java:194)
	at com.kms.katalon.core.main.ScriptEngine.runScriptAsRawText(ScriptEngine.java:119)
	at com.kms.katalon.core.main.TestCaseExecutor.runScript(TestCaseExecutor.java:445)
	at com.kms.katalon.core.main.TestCaseExecutor.doExecute(TestCaseExecutor.java:436)
	at com.kms.katalon.core.main.TestCaseExecutor.processExecutionPhase(TestCaseExecutor.java:415)
	at com.kms.katalon.core.main.TestCaseExecutor.accessMainPhase(TestCaseExecutor.java:407)
	at com.kms.katalon.core.main.TestCaseExecutor.execute(TestCaseExecutor.java:284)
	at com.kms.katalon.core.common.CommonExecutor.accessTestCaseMainPhase(CommonExecutor.java:65)
	at com.kms.katalon.core.main.TestSuiteExecutor.accessTestSuiteMainPhase(TestSuiteExecutor.java:144)
	at com.kms.katalon.core.main.TestSuiteExecutor.execute(TestSuiteExecutor.java:106)
	at com.kms.katalon.core.main.TestCaseMain.startTestSuite(TestCaseMain.java:185)
	at com.kms.katalon.core.main.TestCaseMain$startTestSuite$0.call(Unknown Source)
	at TempTestSuite1655711226352.run(TempTestSuite1655711226352.groovy:36)]]></system-err>
   </testsuite>
</testsuites>
