<?xml version="1.0" encoding="UTF-8"?>
<testsuites name="conditional Suit" time="31.03" tests="2" failures="1" errors="0">
   <testsuite name="conditional Suit" tests="2" failures="1" errors="0" time="31.03" skipped="0" timestamp="2022-05-12 13:48:02" hostname="pc - localhost" id="Test Suites/conditional Suit">
      <properties>
         <property name="deviceName" value="samsung SM-A025F (Android 11)"/>
         <property name="devicePlatform" value=""/>
         <property name="logFolder" value="/Users/pc/Documents/Katalon Studio/SpotLove_Stagging/Reports/20220512_134749/conditional Suit/20220512_134749"/>
         <property name="logFiles" value="/Users/pc/Documents/Katalon Studio/SpotLove_Stagging/Reports/20220512_134749/conditional Suit/20220512_134749/execution0.log, /Users/pc/Documents/Katalon Studio/SpotLove_Stagging/Reports/20220512_134749/conditional Suit/20220512_134749/appium.log"/>
         <property name="attachments" value=""/>
         <property name="hostName" value="pc - localhost"/>
         <property name="os" value="Mac OS X 64bit"/>
         <property name="appiumServerStatus" value="{&quot;value&quot;:{&quot;build&quot;:{&quot;version&quot;:&quot;1.22.3&quot;}},&quot;sessionId&quot;:null,&quot;status&quot;:0}"/>
         <property name="katalonVersion" value="8.3.0.208"/>
         <property name="deviceOS" value="Android"/>
         <property name="appiumVersion" value="1.22.3"/>
         <property name="deviceModel" value="SM-A025F"/>
         <property name="hostAddress" value="127.0.0.1"/>
         <property name="deviceManufacturer" value="samsung"/>
         <property name="deviceId" value="R9JNC0DKDXJ"/>
         <property name="deviceName" value="samsung SM-A025F (Android 11)"/>
         <property name="deviceOSVersion" value="11"/>
      </properties>
      <testcase name="Test Cases/testing/Use Phone Number screen" time="21.712" classname="Test Cases/testing/Use Phone Number screen" status="PASSED">
         <system-out><![CDATA[2022-05-12 13:48:02 - [TEST_CASE][PASSED] - Test Cases/testing/Use Phone Number screen: Test Cases/testing/Use Phone Number screen

2022-05-12 13:48:03 - [TEST_STEP][PASSED] - startExistingApplication("com.spotlove.releaseproduction", STOP_ON_FAILURE): Starting app with application ID: 'com.spotlove.releaseproduction'

2022-05-12 13:48:03 - [MESSAGE][INFO] - User set preference: ['deviceId', '']

2022-05-12 13:48:03 - [MESSAGE][INFO] - Detected NodeJS location: "/usr/local/bin/node"

2022-05-12 13:48:04 - [MESSAGE][INFO] - Appium server started on port 54,272

2022-05-12 13:48:17 - [MESSAGE][PASSED] - Starting app with application ID: 'com.spotlove.releaseproduction'

2022-05-12 13:48:17 - [TEST_STEP][PASSED] - if (waitForElementPresent(heart, 30)): null

2022-05-12 13:48:23 - [MESSAGE][PASSED] - Element 'Object Repository/Use Phone Number Screen/heart icon' is present

2022-05-12 13:48:23 - [TEST_STEP][PASSED] - markPassed("PASSED: App is launched successfully"): PASSED: App is launched successfully

2022-05-12 13:48:23 - [MESSAGE][PASSED] - PASSED: App is launched successfully

2022-05-12 13:48:23 - [TEST_STEP][PASSED] - if (waitForElementPresent(spot, 30)): null

2022-05-12 13:48:23 - [MESSAGE][PASSED] - Element 'Object Repository/Use Phone Number Screen/SPOT' is present

2022-05-12 13:48:23 - [TEST_STEP][PASSED] - markPassed("Passed: Spot Element is present"): Passed: Spot Element is present

2022-05-12 13:48:23 - [MESSAGE][PASSED] - Passed: Spot Element is present

2022-05-12 13:48:23 - [TEST_STEP][PASSED] - if (waitForElementPresent(Love, 30)): null

2022-05-12 13:48:23 - [MESSAGE][PASSED] - Element 'Object Repository/Use Phone Number Screen/LOVE label text' is present

2022-05-12 13:48:23 - [TEST_STEP][PASSED] - markPassed("Passed: Love Element is present"): Passed: Love Element is present

2022-05-12 13:48:23 - [MESSAGE][PASSED] - Passed: Love Element is present

2022-05-12 13:48:23 - [TEST_STEP][PASSED] - if (waitForElementPresent(AtFirst, 30)): null

2022-05-12 13:48:23 - [MESSAGE][PASSED] - Element 'Object Repository/Use Phone Number Screen/AT FIRST SIGHT label text' is present

2022-05-12 13:48:23 - [TEST_STEP][PASSED] - markPassed("Passed: At First Sight Element present"): Passed: At First Sight Element present

2022-05-12 13:48:23 - [MESSAGE][PASSED] - Passed: At First Sight Element present

2022-05-12 13:48:23 - [TEST_STEP][PASSED] - if (waitForElementPresent(Privacy, 30)): null

2022-05-12 13:48:24 - [MESSAGE][PASSED] - Element 'Object Repository/Use Phone Number Screen/Privacy Policy label text' is present

2022-05-12 13:48:24 - [TEST_STEP][PASSED] - markPassed("Passed: privacy Element is present"): Passed: privacy Element is present

2022-05-12 13:48:24 - [MESSAGE][PASSED] - Passed: privacy Element is present

2022-05-12 13:48:24 - [TEST_STEP][PASSED] - if (waitForElementPresent(MATCHMAKERS, 30)): null

2022-05-12 13:48:24 - [MESSAGE][PASSED] - Element 'Object Repository/Use Phone Number Screen/MATCHMAKERS label text' is present

2022-05-12 13:48:24 - [TEST_STEP][PASSED] - markPassed("Passed: MATCHMAKERS element is present"): Passed: MATCHMAKERS element is present

2022-05-12 13:48:24 - [MESSAGE][PASSED] - Passed: MATCHMAKERS element is present

2022-05-12 13:48:24 - [TEST_STEP][PASSED] - if (waitForElementPresent(usePhoneNUmber, 30)): null

2022-05-12 13:48:24 - [MESSAGE][PASSED] - Element 'Object Repository/Use Phone Number Screen/usePhoneNUmber' is present

2022-05-12 13:48:24 - [TEST_STEP][PASSED] - tap(usePhoneNUmber, 30): Tapped on element 'Object Repository/Use Phone Number Screen/usePhoneNUmber'

2022-05-12 13:48:24 - [MESSAGE][PASSED] - Tapped on element 'Object Repository/Use Phone Number Screen/usePhoneNUmber'

2022-05-12 13:48:24 - [TEST_STEP][PASSED] - markPassed("Passed: usePhoneNUmber Element is present"): Passed: usePhoneNUmber Element is present

2022-05-12 13:48:24 - [MESSAGE][PASSED] - Passed: usePhoneNUmber Element is present]]></system-out>
         <system-err><![CDATA[]]></system-err>
      </testcase>
      <testcase name="Test Cases/testing/Whats Your phone number" time="9.059" classname="Test Cases/testing/Whats Your phone number" status="FAILED">
         <failure type="FAILED" message="Test Cases/testing/Whats Your phone number FAILED.
Reason:
com.kms.katalon.core.exception.StepFailedException: Passed: Whats your phone number element is present
	at com.kms.katalon.core.util.KeywordUtil.markFailed(KeywordUtil.java:19)
	at com.kms.katalon.core.util.KeywordUtil$markFailed$0.call(Unknown Source)
	at Whats Your phone number.run(Whats Your phone number:28)
	at com.kms.katalon.core.main.ScriptEngine.run(ScriptEngine.java:194)
	at com.kms.katalon.core.main.ScriptEngine.runScriptAsRawText(ScriptEngine.java:119)
	at com.kms.katalon.core.main.TestCaseExecutor.runScript(TestCaseExecutor.java:445)
	at com.kms.katalon.core.main.TestCaseExecutor.doExecute(TestCaseExecutor.java:436)
	at com.kms.katalon.core.main.TestCaseExecutor.processExecutionPhase(TestCaseExecutor.java:415)
	at com.kms.katalon.core.main.TestCaseExecutor.accessMainPhase(TestCaseExecutor.java:407)
	at com.kms.katalon.core.main.TestCaseExecutor.execute(TestCaseExecutor.java:284)
	at com.kms.katalon.core.common.CommonExecutor.accessTestCaseMainPhase(CommonExecutor.java:65)
	at com.kms.katalon.core.main.TestSuiteExecutor.accessTestSuiteMainPhase(TestSuiteExecutor.java:144)
	at com.kms.katalon.core.main.TestSuiteExecutor.execute(TestSuiteExecutor.java:106)
	at com.kms.katalon.core.main.TestCaseMain.startTestSuite(TestCaseMain.java:185)
	at com.kms.katalon.core.main.TestCaseMain$startTestSuite$0.call(Unknown Source)
	at TempTestSuite1652345269559.run(TempTestSuite1652345269559.groovy:36)
"/>
         <system-out><![CDATA[2022-05-12 13:48:24 - [TEST_CASE][FAILED] - Test Cases/testing/Whats Your phone number: Test Cases/testing/Whats Your phone number FAILED.
Reason:
com.kms.katalon.core.exception.StepFailedException: Passed: Whats your phone number element is present
	at com.kms.katalon.core.util.KeywordUtil.markFailed(KeywordUtil.java:19)
	at com.kms.katalon.core.util.KeywordUtil$markFailed$0.call(Unknown Source)
	at Whats Your phone number.run(Whats Your phone number:28)
	at com.kms.katalon.core.main.ScriptEngine.run(ScriptEngine.java:194)
	at com.kms.katalon.core.main.ScriptEngine.runScriptAsRawText(ScriptEngine.java:119)
	at com.kms.katalon.core.main.TestCaseExecutor.runScript(TestCaseExecutor.java:445)
	at com.kms.katalon.core.main.TestCaseExecutor.doExecute(TestCaseExecutor.java:436)
	at com.kms.katalon.core.main.TestCaseExecutor.processExecutionPhase(TestCaseExecutor.java:415)
	at com.kms.katalon.core.main.TestCaseExecutor.accessMainPhase(TestCaseExecutor.java:407)
	at com.kms.katalon.core.main.TestCaseExecutor.execute(TestCaseExecutor.java:284)
	at com.kms.katalon.core.common.CommonExecutor.accessTestCaseMainPhase(CommonExecutor.java:65)
	at com.kms.katalon.core.main.TestSuiteExecutor.accessTestSuiteMainPhase(TestSuiteExecutor.java:144)
	at com.kms.katalon.core.main.TestSuiteExecutor.execute(TestSuiteExecutor.java:106)
	at com.kms.katalon.core.main.TestCaseMain.startTestSuite(TestCaseMain.java:185)
	at com.kms.katalon.core.main.TestCaseMain$startTestSuite$0.call(Unknown Source)
	at TempTestSuite1652345269559.run(TempTestSuite1652345269559.groovy:36)


2022-05-12 13:48:24 - [TEST_STEP][PASSED] - if (waitForElementPresent(DEETS, 30)): null

2022-05-12 13:48:26 - [MESSAGE][PASSED] - Element 'Object Repository/Whats Your Phone Number/YOUR DEETS label text' is present

2022-05-12 13:48:26 - [TEST_STEP][PASSED] - markPassed("Passed: Deets element is present"): Passed: Deets element is present

2022-05-12 13:48:26 - [MESSAGE][PASSED] - Passed: Deets element is present

2022-05-12 13:48:26 - [TEST_STEP][PASSED] - if (waitForElementPresent(phone_number, 30)): null

2022-05-12 13:48:26 - [MESSAGE][PASSED] - Element 'Object Repository/Whats Your Phone Number/Whats your  phone number label text' is present

2022-05-12 13:48:26 - [TEST_STEP][FAILED] - markFailed("Passed: Whats your phone number element is present"): Passed: Whats your phone number element is present

2022-05-12 13:48:26 - [MESSAGE][FAILED] - Passed: Whats your phone number element is present

2022-05-12 13:48:26 - [TEST_STEP][PASSED] - checkElement(findTestObject("Whats Your Phone Number/We protect label text"), 15): Element 'Object Repository/Whats Your Phone Number/We protect label text' is checked

2022-05-12 13:48:26 - [MESSAGE][PASSED] - Element 'Object Repository/Whats Your Phone Number/We protect label text' is checked

2022-05-12 13:48:26 - [TEST_STEP][PASSED] - checkElement(findTestObject("Whats Your Phone Number/flag"), 15): Element 'Object Repository/Whats Your Phone Number/flag' is checked

2022-05-12 13:48:27 - [MESSAGE][PASSED] - Element 'Object Repository/Whats Your Phone Number/flag' is checked

2022-05-12 13:48:27 - [TEST_STEP][PASSED] - setText(findTestObject("Whats Your Phone Number/Enter country name"), "US", 15): Text 'US' has been set to element 'Object Repository/Whats Your Phone Number/Enter country name'

2022-05-12 13:48:29 - [MESSAGE][PASSED] - Text 'US' has been set to element 'Object Repository/Whats Your Phone Number/Enter country name'

2022-05-12 13:48:29 - [TEST_STEP][PASSED] - tap(findTestObject("Whats Your Phone Number/Selected Country"), 15): Tapped on element 'Object Repository/Whats Your Phone Number/Selected Country'

2022-05-12 13:48:30 - [MESSAGE][PASSED] - Tapped on element 'Object Repository/Whats Your Phone Number/Selected Country'

2022-05-12 13:48:30 - [TEST_STEP][PASSED] - setText(findTestObject("Whats Your Phone Number/Enter Phone Number"), "9402029707", 15): Text '9402029707' has been set to element 'Object Repository/Whats Your Phone Number/Enter Phone Number'

2022-05-12 13:48:32 - [MESSAGE][PASSED] - Text '9402029707' has been set to element 'Object Repository/Whats Your Phone Number/Enter Phone Number'

2022-05-12 13:48:32 - [TEST_STEP][PASSED] - checkElement(findTestObject("Whats Your Phone Number/We never share label text"), 15): Element 'Object Repository/Whats Your Phone Number/We never share label text' is checked

2022-05-12 13:48:32 - [MESSAGE][PASSED] - Element 'Object Repository/Whats Your Phone Number/We never share label text' is checked

2022-05-12 13:48:32 - [TEST_STEP][PASSED] - checkElement(findTestObject("Whats Your Phone Number/black lock icon"), 15): Element 'Object Repository/Whats Your Phone Number/black lock icon' is checked

2022-05-12 13:48:33 - [MESSAGE][PASSED] - Element 'Object Repository/Whats Your Phone Number/black lock icon' is checked

2022-05-12 13:48:33 - [TEST_STEP][PASSED] - tap(findTestObject("Whats Your Phone Number/Whats your phone forward (button)"), 15): Tapped on element 'Object Repository/Whats Your Phone Number/Whats your phone forward (button)'

2022-05-12 13:48:33 - [MESSAGE][PASSED] - Tapped on element 'Object Repository/Whats Your Phone Number/Whats your phone forward (button)']]></system-out>
         <system-err><![CDATA[2022-05-12 13:48:24 - [TEST_CASE][FAILED] - Test Cases/testing/Whats Your phone number: Test Cases/testing/Whats Your phone number FAILED.
Reason:
com.kms.katalon.core.exception.StepFailedException: Passed: Whats your phone number element is present
	at com.kms.katalon.core.util.KeywordUtil.markFailed(KeywordUtil.java:19)
	at com.kms.katalon.core.util.KeywordUtil$markFailed$0.call(Unknown Source)
	at Whats Your phone number.run(Whats Your phone number:28)
	at com.kms.katalon.core.main.ScriptEngine.run(ScriptEngine.java:194)
	at com.kms.katalon.core.main.ScriptEngine.runScriptAsRawText(ScriptEngine.java:119)
	at com.kms.katalon.core.main.TestCaseExecutor.runScript(TestCaseExecutor.java:445)
	at com.kms.katalon.core.main.TestCaseExecutor.doExecute(TestCaseExecutor.java:436)
	at com.kms.katalon.core.main.TestCaseExecutor.processExecutionPhase(TestCaseExecutor.java:415)
	at com.kms.katalon.core.main.TestCaseExecutor.accessMainPhase(TestCaseExecutor.java:407)
	at com.kms.katalon.core.main.TestCaseExecutor.execute(TestCaseExecutor.java:284)
	at com.kms.katalon.core.common.CommonExecutor.accessTestCaseMainPhase(CommonExecutor.java:65)
	at com.kms.katalon.core.main.TestSuiteExecutor.accessTestSuiteMainPhase(TestSuiteExecutor.java:144)
	at com.kms.katalon.core.main.TestSuiteExecutor.execute(TestSuiteExecutor.java:106)
	at com.kms.katalon.core.main.TestCaseMain.startTestSuite(TestCaseMain.java:185)
	at com.kms.katalon.core.main.TestCaseMain$startTestSuite$0.call(Unknown Source)
	at TempTestSuite1652345269559.run(TempTestSuite1652345269559.groovy:36)]]></system-err>
      </testcase>
      <system-out><![CDATA[2022-05-12 13:48:02 - [TEST_SUITE][FAILED] - conditional Suit: Test Cases/testing/Whats Your phone number FAILED.
Reason:
com.kms.katalon.core.exception.StepFailedException: Passed: Whats your phone number element is present
	at com.kms.katalon.core.util.KeywordUtil.markFailed(KeywordUtil.java:19)
	at com.kms.katalon.core.util.KeywordUtil$markFailed$0.call(Unknown Source)
	at Whats Your phone number.run(Whats Your phone number:28)
	at com.kms.katalon.core.main.ScriptEngine.run(ScriptEngine.java:194)
	at com.kms.katalon.core.main.ScriptEngine.runScriptAsRawText(ScriptEngine.java:119)
	at com.kms.katalon.core.main.TestCaseExecutor.runScript(TestCaseExecutor.java:445)
	at com.kms.katalon.core.main.TestCaseExecutor.doExecute(TestCaseExecutor.java:436)
	at com.kms.katalon.core.main.TestCaseExecutor.processExecutionPhase(TestCaseExecutor.java:415)
	at com.kms.katalon.core.main.TestCaseExecutor.accessMainPhase(TestCaseExecutor.java:407)
	at com.kms.katalon.core.main.TestCaseExecutor.execute(TestCaseExecutor.java:284)
	at com.kms.katalon.core.common.CommonExecutor.accessTestCaseMainPhase(CommonExecutor.java:65)
	at com.kms.katalon.core.main.TestSuiteExecutor.accessTestSuiteMainPhase(TestSuiteExecutor.java:144)
	at com.kms.katalon.core.main.TestSuiteExecutor.execute(TestSuiteExecutor.java:106)
	at com.kms.katalon.core.main.TestCaseMain.startTestSuite(TestCaseMain.java:185)
	at com.kms.katalon.core.main.TestCaseMain$startTestSuite$0.call(Unknown Source)
	at TempTestSuite1652345269559.run(TempTestSuite1652345269559.groovy:36)]]></system-out>
      <system-err><![CDATA[2022-05-12 13:48:02 - [TEST_SUITE][FAILED] - conditional Suit: Test Cases/testing/Whats Your phone number FAILED.
Reason:
com.kms.katalon.core.exception.StepFailedException: Passed: Whats your phone number element is present
	at com.kms.katalon.core.util.KeywordUtil.markFailed(KeywordUtil.java:19)
	at com.kms.katalon.core.util.KeywordUtil$markFailed$0.call(Unknown Source)
	at Whats Your phone number.run(Whats Your phone number:28)
	at com.kms.katalon.core.main.ScriptEngine.run(ScriptEngine.java:194)
	at com.kms.katalon.core.main.ScriptEngine.runScriptAsRawText(ScriptEngine.java:119)
	at com.kms.katalon.core.main.TestCaseExecutor.runScript(TestCaseExecutor.java:445)
	at com.kms.katalon.core.main.TestCaseExecutor.doExecute(TestCaseExecutor.java:436)
	at com.kms.katalon.core.main.TestCaseExecutor.processExecutionPhase(TestCaseExecutor.java:415)
	at com.kms.katalon.core.main.TestCaseExecutor.accessMainPhase(TestCaseExecutor.java:407)
	at com.kms.katalon.core.main.TestCaseExecutor.execute(TestCaseExecutor.java:284)
	at com.kms.katalon.core.common.CommonExecutor.accessTestCaseMainPhase(CommonExecutor.java:65)
	at com.kms.katalon.core.main.TestSuiteExecutor.accessTestSuiteMainPhase(TestSuiteExecutor.java:144)
	at com.kms.katalon.core.main.TestSuiteExecutor.execute(TestSuiteExecutor.java:106)
	at com.kms.katalon.core.main.TestCaseMain.startTestSuite(TestCaseMain.java:185)
	at com.kms.katalon.core.main.TestCaseMain$startTestSuite$0.call(Unknown Source)
	at TempTestSuite1652345269559.run(TempTestSuite1652345269559.groovy:36)]]></system-err>
   </testsuite>
</testsuites>
