<?xml version="1.0" encoding="UTF-8"?>
<testsuites name="Updated Regression" time="48.896" tests="1" failures="1" errors="0">
   <testsuite name="Updated Regression" tests="1" failures="1" errors="0" time="48.896" skipped="0" timestamp="2023-02-01 13:01:41" hostname="pc - 192.168.1.13" id="Test Suites/Updated Regression">
      <properties>
         <property name="deviceName" value="samsung SM-A025F (Android 12)"/>
         <property name="devicePlatform" value=""/>
         <property name="logFolder" value="/Users/pc/git/SpotLove-Automation/Reports/20230201_130132/Updated Regression/20230201_130132"/>
         <property name="logFiles" value="/Users/pc/git/SpotLove-Automation/Reports/20230201_130132/Updated Regression/20230201_130132/execution0.log, /Users/pc/git/SpotLove-Automation/Reports/20230201_130132/Updated Regression/20230201_130132/appium.log"/>
         <property name="attachments" value=""/>
         <property name="hostName" value="pc - 192.168.1.13"/>
         <property name="os" value="Mac OS X 64bit"/>
         <property name="appiumServerStatus" value="{&quot;value&quot;:{&quot;build&quot;:{&quot;version&quot;:&quot;1.22.3&quot;}},&quot;sessionId&quot;:null,&quot;status&quot;:0}"/>
         <property name="katalonVersion" value="8.5.5.208"/>
         <property name="deviceOS" value="Android"/>
         <property name="appiumVersion" value="1.22.3"/>
         <property name="deviceModel" value="SM-A025F"/>
         <property name="hostAddress" value="192.168.1.13"/>
         <property name="deviceManufacturer" value="samsung"/>
         <property name="deviceId" value="R9JNC0DKDXJ"/>
         <property name="deviceName" value="samsung SM-A025F (Android 12)"/>
         <property name="deviceOSVersion" value="12"/>
      </properties>
      <testcase name="Test Cases/Regression/TC_001" time="48.68" classname="Test Cases/Regression/TC_001" status="FAILED">
         <failure type="FAILED" message="Test Cases/Regression/TC_001 FAILED.
Reason:
com.kms.katalon.core.exception.StepFailedException: Call Test Case 'Test Cases/Regression/LookUps/SL-04 Sign In Selection' failed
	at com.kms.katalon.core.keyword.builtin.CallTestCaseKeyword$_callTestCase_closure1.doCall(CallTestCaseKeyword.groovy:63)
	at com.kms.katalon.core.keyword.builtin.CallTestCaseKeyword$_callTestCase_closure1.call(CallTestCaseKeyword.groovy)
	at com.kms.katalon.core.keyword.internal.KeywordMain.runKeyword(KeywordMain.groovy:74)
	at com.kms.katalon.core.keyword.builtin.CallTestCaseKeyword.callTestCase(CallTestCaseKeyword.groovy:81)
	at com.kms.katalon.core.keyword.builtin.CallTestCaseKeyword.execute(CallTestCaseKeyword.groovy:44)
	at com.kms.katalon.core.keyword.internal.KeywordExecutor.executeKeywordForPlatform(KeywordExecutor.groovy:74)
	at com.kms.katalon.core.keyword.BuiltinKeywords.callTestCase(BuiltinKeywords.groovy:334)
	at TC_001.run(TC_001:40)
	at com.kms.katalon.core.main.ScriptEngine.run(ScriptEngine.java:194)
	at com.kms.katalon.core.main.ScriptEngine.runScriptAsRawText(ScriptEngine.java:119)
	at com.kms.katalon.core.main.TestCaseExecutor.runScript(TestCaseExecutor.java:448)
	at com.kms.katalon.core.main.TestCaseExecutor.doExecute(TestCaseExecutor.java:439)
	at com.kms.katalon.core.main.TestCaseExecutor.processExecutionPhase(TestCaseExecutor.java:418)
	at com.kms.katalon.core.main.TestCaseExecutor.accessMainPhase(TestCaseExecutor.java:410)
	at com.kms.katalon.core.main.TestCaseExecutor.execute(TestCaseExecutor.java:285)
	at com.kms.katalon.core.common.CommonExecutor.accessTestCaseMainPhase(CommonExecutor.java:65)
	at com.kms.katalon.core.main.TestSuiteExecutor.accessTestSuiteMainPhase(TestSuiteExecutor.java:151)
	at com.kms.katalon.core.main.TestSuiteExecutor.execute(TestSuiteExecutor.java:106)
	at com.kms.katalon.core.main.TestCaseMain.startTestSuite(TestCaseMain.java:185)
	at com.kms.katalon.core.main.TestCaseMain$startTestSuite$0.call(Unknown Source)
	at TempTestSuite1675238492444.run(TempTestSuite1675238492444.groovy:36)
Caused by: com.kms.katalon.core.exception.StepFailedException: Spot.Love Logo Not Found......!
	at com.kms.katalon.core.util.KeywordUtil.markFailed(KeywordUtil.java:19)
	at com.kms.katalon.core.util.KeywordUtil$markFailed$0.call(Unknown Source)
	at SL-04 Sign In Selection.run(SL-04 Sign In Selection:45)
	at com.kms.katalon.core.main.ScriptEngine.run(ScriptEngine.java:194)
	at com.kms.katalon.core.main.ScriptEngine.runScriptAsRawText(ScriptEngine.java:119)
	at com.kms.katalon.core.main.TestCaseExecutor.runScript(TestCaseExecutor.java:448)
	at com.kms.katalon.core.main.TestCaseExecutor.doExecute(TestCaseExecutor.java:439)
	at com.kms.katalon.core.main.TestCaseExecutor.processExecutionPhase(TestCaseExecutor.java:418)
	at com.kms.katalon.core.main.TestCaseExecutor.accessMainPhase(TestCaseExecutor.java:410)
	at com.kms.katalon.core.main.TestCaseExecutor.execute(TestCaseExecutor.java:285)
	at com.kms.katalon.core.main.TestCaseMain.runTestCase(TestCaseMain.java:142)
	at com.kms.katalon.core.keyword.builtin.CallTestCaseKeyword$_callTestCase_closure1.doCall(CallTestCaseKeyword.groovy:59)
	... 20 more
"/>
         <system-out><![CDATA[2023-02-01 13:01:41 - [TEST_CASE][FAILED] - Test Cases/Regression/TC_001: Test Cases/Regression/TC_001 FAILED.
Reason:
com.kms.katalon.core.exception.StepFailedException: Call Test Case 'Test Cases/Regression/LookUps/SL-04 Sign In Selection' failed
	at com.kms.katalon.core.keyword.builtin.CallTestCaseKeyword$_callTestCase_closure1.doCall(CallTestCaseKeyword.groovy:63)
	at com.kms.katalon.core.keyword.builtin.CallTestCaseKeyword$_callTestCase_closure1.call(CallTestCaseKeyword.groovy)
	at com.kms.katalon.core.keyword.internal.KeywordMain.runKeyword(KeywordMain.groovy:74)
	at com.kms.katalon.core.keyword.builtin.CallTestCaseKeyword.callTestCase(CallTestCaseKeyword.groovy:81)
	at com.kms.katalon.core.keyword.builtin.CallTestCaseKeyword.execute(CallTestCaseKeyword.groovy:44)
	at com.kms.katalon.core.keyword.internal.KeywordExecutor.executeKeywordForPlatform(KeywordExecutor.groovy:74)
	at com.kms.katalon.core.keyword.BuiltinKeywords.callTestCase(BuiltinKeywords.groovy:334)
	at TC_001.run(TC_001:40)
	at com.kms.katalon.core.main.ScriptEngine.run(ScriptEngine.java:194)
	at com.kms.katalon.core.main.ScriptEngine.runScriptAsRawText(ScriptEngine.java:119)
	at com.kms.katalon.core.main.TestCaseExecutor.runScript(TestCaseExecutor.java:448)
	at com.kms.katalon.core.main.TestCaseExecutor.doExecute(TestCaseExecutor.java:439)
	at com.kms.katalon.core.main.TestCaseExecutor.processExecutionPhase(TestCaseExecutor.java:418)
	at com.kms.katalon.core.main.TestCaseExecutor.accessMainPhase(TestCaseExecutor.java:410)
	at com.kms.katalon.core.main.TestCaseExecutor.execute(TestCaseExecutor.java:285)
	at com.kms.katalon.core.common.CommonExecutor.accessTestCaseMainPhase(CommonExecutor.java:65)
	at com.kms.katalon.core.main.TestSuiteExecutor.accessTestSuiteMainPhase(TestSuiteExecutor.java:151)
	at com.kms.katalon.core.main.TestSuiteExecutor.execute(TestSuiteExecutor.java:106)
	at com.kms.katalon.core.main.TestCaseMain.startTestSuite(TestCaseMain.java:185)
	at com.kms.katalon.core.main.TestCaseMain$startTestSuite$0.call(Unknown Source)
	at TempTestSuite1675238492444.run(TempTestSuite1675238492444.groovy:36)
Caused by: com.kms.katalon.core.exception.StepFailedException: Spot.Love Logo Not Found......!
	at com.kms.katalon.core.util.KeywordUtil.markFailed(KeywordUtil.java:19)
	at com.kms.katalon.core.util.KeywordUtil$markFailed$0.call(Unknown Source)
	at SL-04 Sign In Selection.run(SL-04 Sign In Selection:45)
	at com.kms.katalon.core.main.ScriptEngine.run(ScriptEngine.java:194)
	at com.kms.katalon.core.main.ScriptEngine.runScriptAsRawText(ScriptEngine.java:119)
	at com.kms.katalon.core.main.TestCaseExecutor.runScript(TestCaseExecutor.java:448)
	at com.kms.katalon.core.main.TestCaseExecutor.doExecute(TestCaseExecutor.java:439)
	at com.kms.katalon.core.main.TestCaseExecutor.processExecutionPhase(TestCaseExecutor.java:418)
	at com.kms.katalon.core.main.TestCaseExecutor.accessMainPhase(TestCaseExecutor.java:410)
	at com.kms.katalon.core.main.TestCaseExecutor.execute(TestCaseExecutor.java:285)
	at com.kms.katalon.core.main.TestCaseMain.runTestCase(TestCaseMain.java:142)
	at com.kms.katalon.core.keyword.builtin.CallTestCaseKeyword$_callTestCase_closure1.doCall(CallTestCaseKeyword.groovy:59)
	... 20 more


2023-02-01 13:01:41 - [TEST_STEP][PASSED] - Start listener action : sampleBeforeTestCase: null

2023-02-01 13:01:41 - [TEST_STEP][PASSED] - println(testCaseContext.getTestCaseId()): null

2023-02-01 13:01:41 - [TEST_STEP][PASSED] - println(testCaseContext.getTestCaseVariables()): null

2023-02-01 13:01:42 - [TEST_STEP][PASSED] - startExistingApplication("com.spotlove.releaseproduction", STOP_ON_FAILURE): Starting app with application ID: 'com.spotlove.releaseproduction'

2023-02-01 13:01:42 - [MESSAGE][INFO] - User set preference: ['deviceId', '']

2023-02-01 13:01:44 - [MESSAGE][INFO] - Detected NodeJS location: "/usr/local/bin/node"

2023-02-01 13:01:46 - [MESSAGE][INFO] - Appium server started on port 59,355

2023-02-01 13:02:02 - [MESSAGE][PASSED] - Starting app with application ID: 'com.spotlove.releaseproduction'

2023-02-01 13:02:02 - [TEST_STEP][PASSED] - image = findTestObject("Object Repository/Regression/SC-001 Intro 1/Middle Screen Pic"): null

2023-02-01 13:02:02 - [TEST_STEP][PASSED] - if (waitForElementPresent(image, 20)): null

2023-02-01 13:02:08 - [MESSAGE][PASSED] - Element 'Object Repository/Regression/SC-001 Intro 1/Middle Screen Pic' is present

2023-02-01 13:02:08 - [TEST_STEP][PASSED] - callTestCase(findTestCase("Test Cases/Regression/LookUps/SL-01 First Intro Screen"), null, STOP_ON_FAILURE): Call Test Case 'Test Cases/Regression/LookUps/SL-01 First Intro Screen' successfully

2023-02-01 13:02:08 - [TEST_CASE][PASSED] - Test Cases/Regression/LookUps/SL-01 First Intro Screen: Test Cases/Regression/LookUps/SL-01 First Intro Screen

2023-02-01 13:02:08 - [TEST_STEP][PASSED] - if (waitForElementPresent(logo, 10)): null

2023-02-01 13:02:09 - [MESSAGE][PASSED] - Element 'Object Repository/Regression/SC-001 Intro 1/Logo SpotLove' is present

2023-02-01 13:02:09 - [TEST_STEP][PASSED] - markPassed("Spot Love Logo Found......!"): Spot Love Logo Found......!

2023-02-01 13:02:09 - [MESSAGE][PASSED] - Spot Love Logo Found......!

2023-02-01 13:02:09 - [TEST_STEP][PASSED] - if (waitForElementPresent(F_lbl_text, 10)): null

2023-02-01 13:02:09 - [MESSAGE][PASSED] - Element 'Object Repository/Regression/SC-001 Intro 1/Lbl text Spot The Perfect' is present

2023-02-01 13:02:09 - [TEST_STEP][PASSED] - markPassed("Spot The Perfect Lbl text Found......!"): Spot The Perfect Lbl text Found......!

2023-02-01 13:02:09 - [MESSAGE][PASSED] - Spot The Perfect Lbl text Found......!

2023-02-01 13:02:09 - [TEST_STEP][PASSED] - if (waitForElementPresent(S_lbl_text, 10)): null

2023-02-01 13:02:10 - [MESSAGE][PASSED] - Element 'Object Repository/Regression/SC-001 Intro 1/Lbl text Someone' is present

2023-02-01 13:02:10 - [TEST_STEP][PASSED] - markPassed("Someone Lbl text Found......!"): Someone Lbl text Found......!

2023-02-01 13:02:10 - [MESSAGE][PASSED] - Someone Lbl text Found......!

2023-02-01 13:02:10 - [TEST_STEP][PASSED] - if (waitForElementPresent(T_lbl_text, 10)): null

2023-02-01 13:02:10 - [MESSAGE][PASSED] - Element 'Object Repository/Regression/SC-001 Intro 1/Lbl text Find the person that checks all your boxes' is present

2023-02-01 13:02:10 - [TEST_STEP][PASSED] - markPassed("Find The Person Lbl text Found......!"): Find The Person Lbl text Found......!

2023-02-01 13:02:10 - [MESSAGE][PASSED] - Find The Person Lbl text Found......!

2023-02-01 13:02:10 - [TEST_STEP][PASSED] - if (waitForElementPresent(Centr_image, 10)): null

2023-02-01 13:02:10 - [MESSAGE][PASSED] - Element 'Object Repository/Regression/SC-001 Intro 1/Middle Screen Pic' is present

2023-02-01 13:02:10 - [TEST_STEP][PASSED] - markPassed("Center Image Found......!"): Center Image Found......!

2023-02-01 13:02:10 - [MESSAGE][PASSED] - Center Image Found......!

2023-02-01 13:02:10 - [TEST_STEP][PASSED] - if (waitForElementPresent(btn_continue, 10)): null

2023-02-01 13:02:11 - [MESSAGE][PASSED] - Element 'Object Repository/Regression/SC-001 Intro 1/btn Conitnue' is present

2023-02-01 13:02:11 - [TEST_STEP][PASSED] - tap(btn_continue, 10): Tapped on element 'Object Repository/Regression/SC-001 Intro 1/btn Conitnue'

2023-02-01 13:02:11 - [MESSAGE][PASSED] - Tapped on element 'Object Repository/Regression/SC-001 Intro 1/btn Conitnue'

2023-02-01 13:02:11 - [TEST_STEP][PASSED] - markPassed("User Navigate to the Second Screen......!"): User Navigate to the Second Screen......!

2023-02-01 13:02:11 - [MESSAGE][PASSED] - User Navigate to the Second Screen......!

2023-02-01 13:02:11 - [MESSAGE][PASSED] - Call Test Case 'Test Cases/Regression/LookUps/SL-01 First Intro Screen' successfully

2023-02-01 13:02:11 - [TEST_STEP][PASSED] - callTestCase(findTestCase("Test Cases/Regression/LookUps/SL-02 Second Intro Screen"), null, STOP_ON_FAILURE): Call Test Case 'Test Cases/Regression/LookUps/SL-02 Second Intro Screen' successfully

2023-02-01 13:02:11 - [TEST_CASE][PASSED] - Test Cases/Regression/LookUps/SL-02 Second Intro Screen: Test Cases/Regression/LookUps/SL-02 Second Intro Screen

2023-02-01 13:02:12 - [TEST_STEP][PASSED] - if (waitForElementPresent(btn_back, 10)): null

2023-02-01 13:02:12 - [MESSAGE][PASSED] - Element 'Object Repository/Regression/SC-002 Intro 2/btn back' is present

2023-02-01 13:02:12 - [TEST_STEP][PASSED] - waitForElementPresent(logo, 10): Element 'Object Repository/Regression/SC-002 Intro 2/Logo Spotlove' is present

2023-02-01 13:02:13 - [MESSAGE][PASSED] - Element 'Object Repository/Regression/SC-002 Intro 2/Logo Spotlove' is present

2023-02-01 13:02:13 - [TEST_STEP][PASSED] - markPassed("Back button Found......!"): Back button Found......!

2023-02-01 13:02:13 - [MESSAGE][PASSED] - Back button Found......!

2023-02-01 13:02:13 - [TEST_STEP][PASSED] - markPassed("Spot Love Logo Found......!"): Spot Love Logo Found......!

2023-02-01 13:02:13 - [MESSAGE][PASSED] - Spot Love Logo Found......!

2023-02-01 13:02:13 - [TEST_STEP][PASSED] - if (waitForElementPresent(F_lbl_text, 10)): null

2023-02-01 13:02:13 - [MESSAGE][PASSED] - Element 'Object Repository/Regression/SC-002 Intro 2/Lbl text - Make a Match With' is present

2023-02-01 13:02:13 - [TEST_STEP][PASSED] - markPassed("Make a Match Lbl text Found......!"): Make a Match Lbl text Found......!

2023-02-01 13:02:13 - [MESSAGE][PASSED] - Make a Match Lbl text Found......!

2023-02-01 13:02:13 - [TEST_STEP][PASSED] - if (waitForElementPresent(S_lbl_text, 10)): null

2023-02-01 13:02:13 - [MESSAGE][PASSED] - Element 'Object Repository/Regression/SC-002 Intro 2/Lbl text - Your Soulmate' is present

2023-02-01 13:02:13 - [TEST_STEP][PASSED] - markPassed("Your Soulmate Lbl text Found......!"): Your Soulmate Lbl text Found......!

2023-02-01 13:02:13 - [MESSAGE][PASSED] - Your Soulmate Lbl text Found......!

2023-02-01 13:02:13 - [TEST_STEP][PASSED] - if (waitForElementPresent(T_lbl_text, 10)): null

2023-02-01 13:02:14 - [MESSAGE][PASSED] - Element 'Object Repository/Regression/SC-002 Intro 2/Lbl text - Its a match when someone likes youback' is present

2023-02-01 13:02:14 - [TEST_STEP][PASSED] - markPassed("It's a match Lbl text Found......!"): It's a match Lbl text Found......!

2023-02-01 13:02:14 - [MESSAGE][PASSED] - It's a match Lbl text Found......!

2023-02-01 13:02:14 - [TEST_STEP][PASSED] - if (waitForElementPresent(Centr_image, 10)): null

2023-02-01 13:02:14 - [MESSAGE][PASSED] - Element 'Object Repository/Regression/SC-002 Intro 2/Middle Screen Pic' is present

2023-02-01 13:02:14 - [TEST_STEP][PASSED] - markPassed("Center Image Found......!"): Center Image Found......!

2023-02-01 13:02:14 - [MESSAGE][PASSED] - Center Image Found......!

2023-02-01 13:02:14 - [TEST_STEP][PASSED] - if (waitForElementPresent(btn_continue, 10)): null

2023-02-01 13:02:14 - [MESSAGE][PASSED] - Element 'Object Repository/Regression/SC-002 Intro 2/btn Continue' is present

2023-02-01 13:02:14 - [TEST_STEP][PASSED] - tap(btn_continue, 10): Tapped on element 'Object Repository/Regression/SC-002 Intro 2/btn Continue'

2023-02-01 13:02:15 - [MESSAGE][PASSED] - Tapped on element 'Object Repository/Regression/SC-002 Intro 2/btn Continue'

2023-02-01 13:02:15 - [TEST_STEP][PASSED] - markPassed("User Navigate to the Third Screen......!"): User Navigate to the Third Screen......!

2023-02-01 13:02:15 - [MESSAGE][PASSED] - User Navigate to the Third Screen......!

2023-02-01 13:02:15 - [MESSAGE][PASSED] - Call Test Case 'Test Cases/Regression/LookUps/SL-02 Second Intro Screen' successfully

2023-02-01 13:02:15 - [TEST_STEP][PASSED] - callTestCase(findTestCase("Test Cases/Regression/LookUps/SL-03 Third Intro Screen"), null, STOP_ON_FAILURE): Call Test Case 'Test Cases/Regression/LookUps/SL-03 Third Intro Screen' successfully

2023-02-01 13:02:15 - [TEST_CASE][PASSED] - Test Cases/Regression/LookUps/SL-03 Third Intro Screen: Test Cases/Regression/LookUps/SL-03 Third Intro Screen

2023-02-01 13:02:15 - [TEST_STEP][PASSED] - if (waitForElementPresent(btn_back, 10)): null

2023-02-01 13:02:16 - [MESSAGE][PASSED] - Element 'Object Repository/Regression/SC-003 Intro 3/btn back' is present

2023-02-01 13:02:16 - [TEST_STEP][PASSED] - waitForElementPresent(logo, 10): Element 'Object Repository/Regression/SC-003 Intro 3/Logo Spotlove' is present

2023-02-01 13:02:16 - [MESSAGE][PASSED] - Element 'Object Repository/Regression/SC-003 Intro 3/Logo Spotlove' is present

2023-02-01 13:02:16 - [TEST_STEP][PASSED] - markPassed("Back button Found......!"): Back button Found......!

2023-02-01 13:02:16 - [MESSAGE][PASSED] - Back button Found......!

2023-02-01 13:02:16 - [TEST_STEP][PASSED] - markPassed("Spot Love Logo Found......!"): Spot Love Logo Found......!

2023-02-01 13:02:16 - [MESSAGE][PASSED] - Spot Love Logo Found......!

2023-02-01 13:02:16 - [TEST_STEP][PASSED] - if (waitForElementPresent(F_lbl_text, 10)): null

2023-02-01 13:02:17 - [MESSAGE][PASSED] - Element 'Object Repository/Regression/SC-003 Intro 3/Lbl text - Connect on Fun' is present

2023-02-01 13:02:17 - [TEST_STEP][PASSED] - markPassed("Spot The Perfect Lbl text Found......!"): Spot The Perfect Lbl text Found......!

2023-02-01 13:02:17 - [MESSAGE][PASSED] - Spot The Perfect Lbl text Found......!

2023-02-01 13:02:17 - [TEST_STEP][PASSED] - if (waitForElementPresent(S_lbl_text, 10)): null

2023-02-01 13:02:17 - [MESSAGE][PASSED] - Element 'Object Repository/Regression/SC-003 Intro 3/Lbl text - Video Dates' is present

2023-02-01 13:02:17 - [TEST_STEP][PASSED] - markPassed("Someone Lbl text Found......!"): Someone Lbl text Found......!

2023-02-01 13:02:17 - [MESSAGE][PASSED] - Someone Lbl text Found......!

2023-02-01 13:02:17 - [TEST_STEP][PASSED] - if (waitForElementPresent(T_lbl_text, 10)): null

2023-02-01 13:02:17 - [MESSAGE][PASSED] - Element 'Object Repository/Regression/SC-003 Intro 3/Lbl text - Connect with your matches through livevideo mixers' is present

2023-02-01 13:02:17 - [TEST_STEP][PASSED] - markPassed("Find The Person Lbl text Found......!"): Find The Person Lbl text Found......!

2023-02-01 13:02:17 - [MESSAGE][PASSED] - Find The Person Lbl text Found......!

2023-02-01 13:02:17 - [TEST_STEP][PASSED] - if (waitForElementPresent(Centr_image, 10)): null

2023-02-01 13:02:17 - [MESSAGE][PASSED] - Element 'Object Repository/Regression/SC-003 Intro 3/MIddle Screen Pic' is present

2023-02-01 13:02:17 - [TEST_STEP][PASSED] - markPassed("Center Image Found......!"): Center Image Found......!

2023-02-01 13:02:17 - [MESSAGE][PASSED] - Center Image Found......!

2023-02-01 13:02:17 - [TEST_STEP][PASSED] - if (waitForElementPresent(btn_continue, 10)): null

2023-02-01 13:02:18 - [MESSAGE][PASSED] - Element 'Object Repository/Regression/SC-003 Intro 3/btn Continue' is present

2023-02-01 13:02:18 - [TEST_STEP][PASSED] - tap(btn_continue, 10): Tapped on element 'Object Repository/Regression/SC-003 Intro 3/btn Continue'

2023-02-01 13:02:18 - [MESSAGE][PASSED] - Tapped on element 'Object Repository/Regression/SC-003 Intro 3/btn Continue'

2023-02-01 13:02:18 - [TEST_STEP][PASSED] - markPassed("User Navigate to the Sign-In selection Screen......!"): User Navigate to the Sign-In selection Screen......!

2023-02-01 13:02:18 - [MESSAGE][PASSED] - User Navigate to the Sign-In selection Screen......!

2023-02-01 13:02:18 - [MESSAGE][PASSED] - Call Test Case 'Test Cases/Regression/LookUps/SL-03 Third Intro Screen' successfully

2023-02-01 13:02:18 - [TEST_STEP][PASSED] - markPassed("Intro Screens Passed Successfully"): Intro Screens Passed Successfully

2023-02-01 13:02:18 - [MESSAGE][PASSED] - Intro Screens Passed Successfully

2023-02-01 13:02:18 - [TEST_STEP][PASSED] - if (waitForElementPresent(btn_continue, 10, STOP_ON_FAILURE)): null

2023-02-01 13:02:19 - [MESSAGE][PASSED] - Element 'Object Repository/Regression/SC-004 Sign In-Up screen/btn Continue with Phone number' is present

2023-02-01 13:02:19 - [TEST_STEP][FAILED] - callTestCase(findTestCase("Test Cases/Regression/LookUps/SL-04 Sign In Selection"), null, STOP_ON_FAILURE): Unable to call Test Case 'Test Cases/Regression/LookUps/SL-04 Sign In Selection' (Root cause: com.kms.katalon.core.exception.StepFailedException: Call Test Case 'Test Cases/Regression/LookUps/SL-04 Sign In Selection' failed
	at com.kms.katalon.core.keyword.builtin.CallTestCaseKeyword$_callTestCase_closure1.doCall(CallTestCaseKeyword.groovy:63)
	at com.kms.katalon.core.keyword.builtin.CallTestCaseKeyword$_callTestCase_closure1.call(CallTestCaseKeyword.groovy)
	at com.kms.katalon.core.keyword.internal.KeywordMain.runKeyword(KeywordMain.groovy:74)
	at com.kms.katalon.core.keyword.builtin.CallTestCaseKeyword.callTestCase(CallTestCaseKeyword.groovy:81)
	at com.kms.katalon.core.keyword.builtin.CallTestCaseKeyword.execute(CallTestCaseKeyword.groovy:44)
	at com.kms.katalon.core.keyword.internal.KeywordExecutor.executeKeywordForPlatform(KeywordExecutor.groovy:74)
	at com.kms.katalon.core.keyword.BuiltinKeywords.callTestCase(BuiltinKeywords.groovy:334)
	at TC_001.run(TC_001:40)
	at com.kms.katalon.core.main.ScriptEngine.run(ScriptEngine.java:194)
	at com.kms.katalon.core.main.ScriptEngine.runScriptAsRawText(ScriptEngine.java:119)
	at com.kms.katalon.core.main.TestCaseExecutor.runScript(TestCaseExecutor.java:448)
	at com.kms.katalon.core.main.TestCaseExecutor.doExecute(TestCaseExecutor.java:439)
	at com.kms.katalon.core.main.TestCaseExecutor.processExecutionPhase(TestCaseExecutor.java:418)
	at com.kms.katalon.core.main.TestCaseExecutor.accessMainPhase(TestCaseExecutor.java:410)
	at com.kms.katalon.core.main.TestCaseExecutor.execute(TestCaseExecutor.java:285)
	at com.kms.katalon.core.common.CommonExecutor.accessTestCaseMainPhase(CommonExecutor.java:65)
	at com.kms.katalon.core.main.TestSuiteExecutor.accessTestSuiteMainPhase(TestSuiteExecutor.java:151)
	at com.kms.katalon.core.main.TestSuiteExecutor.execute(TestSuiteExecutor.java:106)
	at com.kms.katalon.core.main.TestCaseMain.startTestSuite(TestCaseMain.java:185)
	at com.kms.katalon.core.main.TestCaseMain$startTestSuite$0.call(Unknown Source)
	at TempTestSuite1675238492444.run(TempTestSuite1675238492444.groovy:36)
Caused by: com.kms.katalon.core.exception.StepFailedException: Spot.Love Logo Not Found......!
	at com.kms.katalon.core.util.KeywordUtil.markFailed(KeywordUtil.java:19)
	at com.kms.katalon.core.util.KeywordUtil$markFailed$0.call(Unknown Source)
	at SL-04 Sign In Selection.run(SL-04 Sign In Selection:45)
	at com.kms.katalon.core.main.ScriptEngine.run(ScriptEngine.java:194)
	at com.kms.katalon.core.main.ScriptEngine.runScriptAsRawText(ScriptEngine.java:119)
	at com.kms.katalon.core.main.TestCaseExecutor.runScript(TestCaseExecutor.java:448)
	at com.kms.katalon.core.main.TestCaseExecutor.doExecute(TestCaseExecutor.java:439)
	at com.kms.katalon.core.main.TestCaseExecutor.processExecutionPhase(TestCaseExecutor.java:418)
	at com.kms.katalon.core.main.TestCaseExecutor.accessMainPhase(TestCaseExecutor.java:410)
	at com.kms.katalon.core.main.TestCaseExecutor.execute(TestCaseExecutor.java:285)
	at com.kms.katalon.core.main.TestCaseMain.runTestCase(TestCaseMain.java:142)
	at com.kms.katalon.core.keyword.builtin.CallTestCaseKeyword$_callTestCase_closure1.doCall(CallTestCaseKeyword.groovy:59)
	... 20 more
)

2023-02-01 13:02:19 - [TEST_CASE][FAILED] - Test Cases/Regression/LookUps/SL-04 Sign In Selection: Test Cases/Regression/LookUps/SL-04 Sign In Selection FAILED.
Reason:
com.kms.katalon.core.exception.StepFailedException: Spot.Love Logo Not Found......!
	at com.kms.katalon.core.util.KeywordUtil.markFailed(KeywordUtil.java:19)
	at com.kms.katalon.core.util.KeywordUtil$markFailed$0.call(Unknown Source)
	at SL-04 Sign In Selection.run(SL-04 Sign In Selection:45)
	at com.kms.katalon.core.main.ScriptEngine.run(ScriptEngine.java:194)
	at com.kms.katalon.core.main.ScriptEngine.runScriptAsRawText(ScriptEngine.java:119)
	at com.kms.katalon.core.main.TestCaseExecutor.runScript(TestCaseExecutor.java:448)
	at com.kms.katalon.core.main.TestCaseExecutor.doExecute(TestCaseExecutor.java:439)
	at com.kms.katalon.core.main.TestCaseExecutor.processExecutionPhase(TestCaseExecutor.java:418)
	at com.kms.katalon.core.main.TestCaseExecutor.accessMainPhase(TestCaseExecutor.java:410)
	at com.kms.katalon.core.main.TestCaseExecutor.execute(TestCaseExecutor.java:285)
	at com.kms.katalon.core.main.TestCaseMain.runTestCase(TestCaseMain.java:142)
	at com.kms.katalon.core.keyword.builtin.CallTestCaseKeyword$_callTestCase_closure1.doCall(CallTestCaseKeyword.groovy:59)
	at com.kms.katalon.core.keyword.builtin.CallTestCaseKeyword$_callTestCase_closure1.call(CallTestCaseKeyword.groovy)
	at com.kms.katalon.core.keyword.internal.KeywordMain.runKeyword(KeywordMain.groovy:74)
	at com.kms.katalon.core.keyword.builtin.CallTestCaseKeyword.callTestCase(CallTestCaseKeyword.groovy:81)
	at com.kms.katalon.core.keyword.builtin.CallTestCaseKeyword.execute(CallTestCaseKeyword.groovy:44)
	at com.kms.katalon.core.keyword.internal.KeywordExecutor.executeKeywordForPlatform(KeywordExecutor.groovy:74)
	at com.kms.katalon.core.keyword.BuiltinKeywords.callTestCase(BuiltinKeywords.groovy:334)
	at TC_001.run(TC_001:40)
	at com.kms.katalon.core.main.ScriptEngine.run(ScriptEngine.java:194)
	at com.kms.katalon.core.main.ScriptEngine.runScriptAsRawText(ScriptEngine.java:119)
	at com.kms.katalon.core.main.TestCaseExecutor.runScript(TestCaseExecutor.java:448)
	at com.kms.katalon.core.main.TestCaseExecutor.doExecute(TestCaseExecutor.java:439)
	at com.kms.katalon.core.main.TestCaseExecutor.processExecutionPhase(TestCaseExecutor.java:418)
	at com.kms.katalon.core.main.TestCaseExecutor.accessMainPhase(TestCaseExecutor.java:410)
	at com.kms.katalon.core.main.TestCaseExecutor.execute(TestCaseExecutor.java:285)
	at com.kms.katalon.core.common.CommonExecutor.accessTestCaseMainPhase(CommonExecutor.java:65)
	at com.kms.katalon.core.main.TestSuiteExecutor.accessTestSuiteMainPhase(TestSuiteExecutor.java:151)
	at com.kms.katalon.core.main.TestSuiteExecutor.execute(TestSuiteExecutor.java:106)
	at com.kms.katalon.core.main.TestCaseMain.startTestSuite(TestCaseMain.java:185)
	at com.kms.katalon.core.main.TestCaseMain$startTestSuite$0.call(Unknown Source)
	at TempTestSuite1675238492444.run(TempTestSuite1675238492444.groovy:36)


2023-02-01 13:02:20 - [TEST_STEP][PASSED] - if (waitForElementPresent(guyjhg, 10)): Object Object Repository/Regression/SC-004 Sign In-Up screen/Logo Spotlove not found

2023-02-01 13:02:30 - [MESSAGE][WARNING] - Object Object Repository/Regression/SC-004 Sign In-Up screen/Logo Spotlove not found

2023-02-01 13:02:30 - [TEST_STEP][FAILED] - else: null

2023-02-01 13:02:30 - [TEST_STEP][FAILED] - markFailed("Spot.Love Logo Not Found......!"): Spot.Love Logo Not Found......!

2023-02-01 13:02:30 - [MESSAGE][FAILED] - Spot.Love Logo Not Found......!

2023-02-01 13:02:30 - [TEST_STEP][FAILED] - markFailed("Spot Love At First Sight label text Not Found......!"): Spot Love At First Sight label text Not Found......!

2023-02-01 13:02:30 - [MESSAGE][FAILED] - Spot Love At First Sight label text Not Found......!

2023-02-01 13:02:30 - [MESSAGE][FAILED] - Unable to call Test Case 'Test Cases/Regression/LookUps/SL-04 Sign In Selection' (Root cause: com.kms.katalon.core.exception.StepFailedException: Call Test Case 'Test Cases/Regression/LookUps/SL-04 Sign In Selection' failed
	at com.kms.katalon.core.keyword.builtin.CallTestCaseKeyword$_callTestCase_closure1.doCall(CallTestCaseKeyword.groovy:63)
	at com.kms.katalon.core.keyword.builtin.CallTestCaseKeyword$_callTestCase_closure1.call(CallTestCaseKeyword.groovy)
	at com.kms.katalon.core.keyword.internal.KeywordMain.runKeyword(KeywordMain.groovy:74)
	at com.kms.katalon.core.keyword.builtin.CallTestCaseKeyword.callTestCase(CallTestCaseKeyword.groovy:81)
	at com.kms.katalon.core.keyword.builtin.CallTestCaseKeyword.execute(CallTestCaseKeyword.groovy:44)
	at com.kms.katalon.core.keyword.internal.KeywordExecutor.executeKeywordForPlatform(KeywordExecutor.groovy:74)
	at com.kms.katalon.core.keyword.BuiltinKeywords.callTestCase(BuiltinKeywords.groovy:334)
	at TC_001.run(TC_001:40)
	at com.kms.katalon.core.main.ScriptEngine.run(ScriptEngine.java:194)
	at com.kms.katalon.core.main.ScriptEngine.runScriptAsRawText(ScriptEngine.java:119)
	at com.kms.katalon.core.main.TestCaseExecutor.runScript(TestCaseExecutor.java:448)
	at com.kms.katalon.core.main.TestCaseExecutor.doExecute(TestCaseExecutor.java:439)
	at com.kms.katalon.core.main.TestCaseExecutor.processExecutionPhase(TestCaseExecutor.java:418)
	at com.kms.katalon.core.main.TestCaseExecutor.accessMainPhase(TestCaseExecutor.java:410)
	at com.kms.katalon.core.main.TestCaseExecutor.execute(TestCaseExecutor.java:285)
	at com.kms.katalon.core.common.CommonExecutor.accessTestCaseMainPhase(CommonExecutor.java:65)
	at com.kms.katalon.core.main.TestSuiteExecutor.accessTestSuiteMainPhase(TestSuiteExecutor.java:151)
	at com.kms.katalon.core.main.TestSuiteExecutor.execute(TestSuiteExecutor.java:106)
	at com.kms.katalon.core.main.TestCaseMain.startTestSuite(TestCaseMain.java:185)
	at com.kms.katalon.core.main.TestCaseMain$startTestSuite$0.call(Unknown Source)
	at TempTestSuite1675238492444.run(TempTestSuite1675238492444.groovy:36)
Caused by: com.kms.katalon.core.exception.StepFailedException: Spot.Love Logo Not Found......!
	at com.kms.katalon.core.util.KeywordUtil.markFailed(KeywordUtil.java:19)
	at com.kms.katalon.core.util.KeywordUtil$markFailed$0.call(Unknown Source)
	at SL-04 Sign In Selection.run(SL-04 Sign In Selection:45)
	at com.kms.katalon.core.main.ScriptEngine.run(ScriptEngine.java:194)
	at com.kms.katalon.core.main.ScriptEngine.runScriptAsRawText(ScriptEngine.java:119)
	at com.kms.katalon.core.main.TestCaseExecutor.runScript(TestCaseExecutor.java:448)
	at com.kms.katalon.core.main.TestCaseExecutor.doExecute(TestCaseExecutor.java:439)
	at com.kms.katalon.core.main.TestCaseExecutor.processExecutionPhase(TestCaseExecutor.java:418)
	at com.kms.katalon.core.main.TestCaseExecutor.accessMainPhase(TestCaseExecutor.java:410)
	at com.kms.katalon.core.main.TestCaseExecutor.execute(TestCaseExecutor.java:285)
	at com.kms.katalon.core.main.TestCaseMain.runTestCase(TestCaseMain.java:142)
	at com.kms.katalon.core.keyword.builtin.CallTestCaseKeyword$_callTestCase_closure1.doCall(CallTestCaseKeyword.groovy:59)
	... 20 more
)

2023-02-01 13:02:30 - [TEST_STEP][PASSED] - Start listener action : sampleAfterTestCase: null

2023-02-01 13:02:30 - [TEST_STEP][PASSED] - println(testCaseContext.getTestCaseId()): null

2023-02-01 13:02:30 - [TEST_STEP][PASSED] - println(testCaseContext.getTestCaseStatus()): null]]></system-out>
         <system-err><![CDATA[2023-02-01 13:01:41 - [TEST_CASE][FAILED] - Test Cases/Regression/TC_001: Test Cases/Regression/TC_001 FAILED.
Reason:
com.kms.katalon.core.exception.StepFailedException: Call Test Case 'Test Cases/Regression/LookUps/SL-04 Sign In Selection' failed
	at com.kms.katalon.core.keyword.builtin.CallTestCaseKeyword$_callTestCase_closure1.doCall(CallTestCaseKeyword.groovy:63)
	at com.kms.katalon.core.keyword.builtin.CallTestCaseKeyword$_callTestCase_closure1.call(CallTestCaseKeyword.groovy)
	at com.kms.katalon.core.keyword.internal.KeywordMain.runKeyword(KeywordMain.groovy:74)
	at com.kms.katalon.core.keyword.builtin.CallTestCaseKeyword.callTestCase(CallTestCaseKeyword.groovy:81)
	at com.kms.katalon.core.keyword.builtin.CallTestCaseKeyword.execute(CallTestCaseKeyword.groovy:44)
	at com.kms.katalon.core.keyword.internal.KeywordExecutor.executeKeywordForPlatform(KeywordExecutor.groovy:74)
	at com.kms.katalon.core.keyword.BuiltinKeywords.callTestCase(BuiltinKeywords.groovy:334)
	at TC_001.run(TC_001:40)
	at com.kms.katalon.core.main.ScriptEngine.run(ScriptEngine.java:194)
	at com.kms.katalon.core.main.ScriptEngine.runScriptAsRawText(ScriptEngine.java:119)
	at com.kms.katalon.core.main.TestCaseExecutor.runScript(TestCaseExecutor.java:448)
	at com.kms.katalon.core.main.TestCaseExecutor.doExecute(TestCaseExecutor.java:439)
	at com.kms.katalon.core.main.TestCaseExecutor.processExecutionPhase(TestCaseExecutor.java:418)
	at com.kms.katalon.core.main.TestCaseExecutor.accessMainPhase(TestCaseExecutor.java:410)
	at com.kms.katalon.core.main.TestCaseExecutor.execute(TestCaseExecutor.java:285)
	at com.kms.katalon.core.common.CommonExecutor.accessTestCaseMainPhase(CommonExecutor.java:65)
	at com.kms.katalon.core.main.TestSuiteExecutor.accessTestSuiteMainPhase(TestSuiteExecutor.java:151)
	at com.kms.katalon.core.main.TestSuiteExecutor.execute(TestSuiteExecutor.java:106)
	at com.kms.katalon.core.main.TestCaseMain.startTestSuite(TestCaseMain.java:185)
	at com.kms.katalon.core.main.TestCaseMain$startTestSuite$0.call(Unknown Source)
	at TempTestSuite1675238492444.run(TempTestSuite1675238492444.groovy:36)
Caused by: com.kms.katalon.core.exception.StepFailedException: Spot.Love Logo Not Found......!
	at com.kms.katalon.core.util.KeywordUtil.markFailed(KeywordUtil.java:19)
	at com.kms.katalon.core.util.KeywordUtil$markFailed$0.call(Unknown Source)
	at SL-04 Sign In Selection.run(SL-04 Sign In Selection:45)
	at com.kms.katalon.core.main.ScriptEngine.run(ScriptEngine.java:194)
	at com.kms.katalon.core.main.ScriptEngine.runScriptAsRawText(ScriptEngine.java:119)
	at com.kms.katalon.core.main.TestCaseExecutor.runScript(TestCaseExecutor.java:448)
	at com.kms.katalon.core.main.TestCaseExecutor.doExecute(TestCaseExecutor.java:439)
	at com.kms.katalon.core.main.TestCaseExecutor.processExecutionPhase(TestCaseExecutor.java:418)
	at com.kms.katalon.core.main.TestCaseExecutor.accessMainPhase(TestCaseExecutor.java:410)
	at com.kms.katalon.core.main.TestCaseExecutor.execute(TestCaseExecutor.java:285)
	at com.kms.katalon.core.main.TestCaseMain.runTestCase(TestCaseMain.java:142)
	at com.kms.katalon.core.keyword.builtin.CallTestCaseKeyword$_callTestCase_closure1.doCall(CallTestCaseKeyword.groovy:59)
	... 20 more]]></system-err>
      </testcase>
      <system-out><![CDATA[2023-02-01 13:01:41 - [TEST_SUITE][FAILED] - Updated Regression: Test Cases/Regression/TC_001 FAILED.
Reason:
com.kms.katalon.core.exception.StepFailedException: Call Test Case 'Test Cases/Regression/LookUps/SL-04 Sign In Selection' failed
	at com.kms.katalon.core.keyword.builtin.CallTestCaseKeyword$_callTestCase_closure1.doCall(CallTestCaseKeyword.groovy:63)
	at com.kms.katalon.core.keyword.builtin.CallTestCaseKeyword$_callTestCase_closure1.call(CallTestCaseKeyword.groovy)
	at com.kms.katalon.core.keyword.internal.KeywordMain.runKeyword(KeywordMain.groovy:74)
	at com.kms.katalon.core.keyword.builtin.CallTestCaseKeyword.callTestCase(CallTestCaseKeyword.groovy:81)
	at com.kms.katalon.core.keyword.builtin.CallTestCaseKeyword.execute(CallTestCaseKeyword.groovy:44)
	at com.kms.katalon.core.keyword.internal.KeywordExecutor.executeKeywordForPlatform(KeywordExecutor.groovy:74)
	at com.kms.katalon.core.keyword.BuiltinKeywords.callTestCase(BuiltinKeywords.groovy:334)
	at TC_001.run(TC_001:40)
	at com.kms.katalon.core.main.ScriptEngine.run(ScriptEngine.java:194)
	at com.kms.katalon.core.main.ScriptEngine.runScriptAsRawText(ScriptEngine.java:119)
	at com.kms.katalon.core.main.TestCaseExecutor.runScript(TestCaseExecutor.java:448)
	at com.kms.katalon.core.main.TestCaseExecutor.doExecute(TestCaseExecutor.java:439)
	at com.kms.katalon.core.main.TestCaseExecutor.processExecutionPhase(TestCaseExecutor.java:418)
	at com.kms.katalon.core.main.TestCaseExecutor.accessMainPhase(TestCaseExecutor.java:410)
	at com.kms.katalon.core.main.TestCaseExecutor.execute(TestCaseExecutor.java:285)
	at com.kms.katalon.core.common.CommonExecutor.accessTestCaseMainPhase(CommonExecutor.java:65)
	at com.kms.katalon.core.main.TestSuiteExecutor.accessTestSuiteMainPhase(TestSuiteExecutor.java:151)
	at com.kms.katalon.core.main.TestSuiteExecutor.execute(TestSuiteExecutor.java:106)
	at com.kms.katalon.core.main.TestCaseMain.startTestSuite(TestCaseMain.java:185)
	at com.kms.katalon.core.main.TestCaseMain$startTestSuite$0.call(Unknown Source)
	at TempTestSuite1675238492444.run(TempTestSuite1675238492444.groovy:36)
Caused by: com.kms.katalon.core.exception.StepFailedException: Spot.Love Logo Not Found......!
	at com.kms.katalon.core.util.KeywordUtil.markFailed(KeywordUtil.java:19)
	at com.kms.katalon.core.util.KeywordUtil$markFailed$0.call(Unknown Source)
	at SL-04 Sign In Selection.run(SL-04 Sign In Selection:45)
	at com.kms.katalon.core.main.ScriptEngine.run(ScriptEngine.java:194)
	at com.kms.katalon.core.main.ScriptEngine.runScriptAsRawText(ScriptEngine.java:119)
	at com.kms.katalon.core.main.TestCaseExecutor.runScript(TestCaseExecutor.java:448)
	at com.kms.katalon.core.main.TestCaseExecutor.doExecute(TestCaseExecutor.java:439)
	at com.kms.katalon.core.main.TestCaseExecutor.processExecutionPhase(TestCaseExecutor.java:418)
	at com.kms.katalon.core.main.TestCaseExecutor.accessMainPhase(TestCaseExecutor.java:410)
	at com.kms.katalon.core.main.TestCaseExecutor.execute(TestCaseExecutor.java:285)
	at com.kms.katalon.core.main.TestCaseMain.runTestCase(TestCaseMain.java:142)
	at com.kms.katalon.core.keyword.builtin.CallTestCaseKeyword$_callTestCase_closure1.doCall(CallTestCaseKeyword.groovy:59)
	... 20 more]]></system-out>
      <system-err><![CDATA[2023-02-01 13:01:41 - [TEST_SUITE][FAILED] - Updated Regression: Test Cases/Regression/TC_001 FAILED.
Reason:
com.kms.katalon.core.exception.StepFailedException: Call Test Case 'Test Cases/Regression/LookUps/SL-04 Sign In Selection' failed
	at com.kms.katalon.core.keyword.builtin.CallTestCaseKeyword$_callTestCase_closure1.doCall(CallTestCaseKeyword.groovy:63)
	at com.kms.katalon.core.keyword.builtin.CallTestCaseKeyword$_callTestCase_closure1.call(CallTestCaseKeyword.groovy)
	at com.kms.katalon.core.keyword.internal.KeywordMain.runKeyword(KeywordMain.groovy:74)
	at com.kms.katalon.core.keyword.builtin.CallTestCaseKeyword.callTestCase(CallTestCaseKeyword.groovy:81)
	at com.kms.katalon.core.keyword.builtin.CallTestCaseKeyword.execute(CallTestCaseKeyword.groovy:44)
	at com.kms.katalon.core.keyword.internal.KeywordExecutor.executeKeywordForPlatform(KeywordExecutor.groovy:74)
	at com.kms.katalon.core.keyword.BuiltinKeywords.callTestCase(BuiltinKeywords.groovy:334)
	at TC_001.run(TC_001:40)
	at com.kms.katalon.core.main.ScriptEngine.run(ScriptEngine.java:194)
	at com.kms.katalon.core.main.ScriptEngine.runScriptAsRawText(ScriptEngine.java:119)
	at com.kms.katalon.core.main.TestCaseExecutor.runScript(TestCaseExecutor.java:448)
	at com.kms.katalon.core.main.TestCaseExecutor.doExecute(TestCaseExecutor.java:439)
	at com.kms.katalon.core.main.TestCaseExecutor.processExecutionPhase(TestCaseExecutor.java:418)
	at com.kms.katalon.core.main.TestCaseExecutor.accessMainPhase(TestCaseExecutor.java:410)
	at com.kms.katalon.core.main.TestCaseExecutor.execute(TestCaseExecutor.java:285)
	at com.kms.katalon.core.common.CommonExecutor.accessTestCaseMainPhase(CommonExecutor.java:65)
	at com.kms.katalon.core.main.TestSuiteExecutor.accessTestSuiteMainPhase(TestSuiteExecutor.java:151)
	at com.kms.katalon.core.main.TestSuiteExecutor.execute(TestSuiteExecutor.java:106)
	at com.kms.katalon.core.main.TestCaseMain.startTestSuite(TestCaseMain.java:185)
	at com.kms.katalon.core.main.TestCaseMain$startTestSuite$0.call(Unknown Source)
	at TempTestSuite1675238492444.run(TempTestSuite1675238492444.groovy:36)
Caused by: com.kms.katalon.core.exception.StepFailedException: Spot.Love Logo Not Found......!
	at com.kms.katalon.core.util.KeywordUtil.markFailed(KeywordUtil.java:19)
	at com.kms.katalon.core.util.KeywordUtil$markFailed$0.call(Unknown Source)
	at SL-04 Sign In Selection.run(SL-04 Sign In Selection:45)
	at com.kms.katalon.core.main.ScriptEngine.run(ScriptEngine.java:194)
	at com.kms.katalon.core.main.ScriptEngine.runScriptAsRawText(ScriptEngine.java:119)
	at com.kms.katalon.core.main.TestCaseExecutor.runScript(TestCaseExecutor.java:448)
	at com.kms.katalon.core.main.TestCaseExecutor.doExecute(TestCaseExecutor.java:439)
	at com.kms.katalon.core.main.TestCaseExecutor.processExecutionPhase(TestCaseExecutor.java:418)
	at com.kms.katalon.core.main.TestCaseExecutor.accessMainPhase(TestCaseExecutor.java:410)
	at com.kms.katalon.core.main.TestCaseExecutor.execute(TestCaseExecutor.java:285)
	at com.kms.katalon.core.main.TestCaseMain.runTestCase(TestCaseMain.java:142)
	at com.kms.katalon.core.keyword.builtin.CallTestCaseKeyword$_callTestCase_closure1.doCall(CallTestCaseKeyword.groovy:59)
	... 20 more]]></system-err>
   </testsuite>
</testsuites>
