<?xml version="1.0" encoding="UTF-8"?>
<testsuites name="SpotLove Sanity" time="679.505" tests="35" failures="3" errors="0">
   <testsuite name="SpotLove Sanity" tests="35" failures="3" errors="0" time="679.505" skipped="0" timestamp="2022-04-21 13:22:51" hostname="Dev - DESKTOP-3CP89AN" id="Test Suites/SpotLove Sanity">
      <properties>
         <property name="deviceName" value="samsung SM-M115F (Android 11)"/>
         <property name="devicePlatform" value=""/>
         <property name="logFolder" value="C:\\Users\\Dev\\Katalon Studio\\SpotLove_Stagging\\Reports\\20220421_132242\\SpotLove Sanity\\20220421_132242"/>
         <property name="logFiles" value="C:\\Users\\Dev\\Katalon Studio\\SpotLove_Stagging\\Reports\\20220421_132242\\SpotLove Sanity\\20220421_132242\\appium.log, C:\\Users\\Dev\\Katalon Studio\\SpotLove_Stagging\\Reports\\20220421_132242\\SpotLove Sanity\\20220421_132242\\execution0.log"/>
         <property name="attachments" value="C:\\Users\\Dev\\Katalon Studio\\SpotLove_Stagging\\Reports\\20220421_132242\\SpotLove Sanity\\20220421_132242\\1650529772273.png, C:\\Users\\Dev\\Katalon Studio\\SpotLove_Stagging\\Reports\\20220421_132242\\SpotLove Sanity\\20220421_132242\\1650529773708.png, C:\\Users\\Dev\\Katalon Studio\\SpotLove_Stagging\\Reports\\20220421_132242\\SpotLove Sanity\\20220421_132242\\1650529805601.png, C:\\Users\\Dev\\Katalon Studio\\SpotLove_Stagging\\Reports\\20220421_132242\\SpotLove Sanity\\20220421_132242\\1650529806646.png, C:\\Users\\Dev\\Katalon Studio\\SpotLove_Stagging\\Reports\\20220421_132242\\SpotLove Sanity\\20220421_132242\\1650529838088.png, C:\\Users\\Dev\\Katalon Studio\\SpotLove_Stagging\\Reports\\20220421_132242\\SpotLove Sanity\\20220421_132242\\1650529839193.png, C:\\Users\\Dev\\Katalon Studio\\SpotLove_Stagging\\Reports\\20220421_132242\\SpotLove Sanity\\20220421_132242\\1650529870520.png, C:\\Users\\Dev\\Katalon Studio\\SpotLove_Stagging\\Reports\\20220421_132242\\SpotLove Sanity\\20220421_132242\\1650529871881.png, C:\\Users\\Dev\\Katalon Studio\\SpotLove_Stagging\\Reports\\20220421_132242\\SpotLove Sanity\\20220421_132242\\1650529892242.png, C:\\Users\\Dev\\Katalon Studio\\SpotLove_Stagging\\Reports\\20220421_132242\\SpotLove Sanity\\20220421_132242\\1650529908759.png, C:\\Users\\Dev\\Katalon Studio\\SpotLove_Stagging\\Reports\\20220421_132242\\SpotLove Sanity\\20220421_132242\\1650529925347.png, C:\\Users\\Dev\\Katalon Studio\\SpotLove_Stagging\\Reports\\20220421_132242\\SpotLove Sanity\\20220421_132242\\1650529941741.png, C:\\Users\\Dev\\Katalon Studio\\SpotLove_Stagging\\Reports\\20220421_132242\\SpotLove Sanity\\20220421_132242\\1650529988545.png, C:\\Users\\Dev\\Katalon Studio\\SpotLove_Stagging\\Reports\\20220421_132242\\SpotLove Sanity\\20220421_132242\\1650529996004.png, C:\\Users\\Dev\\Katalon Studio\\SpotLove_Stagging\\Reports\\20220421_132242\\SpotLove Sanity\\20220421_132242\\1650530001654.png, C:\\Users\\Dev\\Katalon Studio\\SpotLove_Stagging\\Reports\\20220421_132242\\SpotLove Sanity\\20220421_132242\\1650530015099.png"/>
         <property name="hostName" value="Dev - DESKTOP-3CP89AN"/>
         <property name="os" value="Windows 10 64bit"/>
         <property name="appiumServerStatus" value="{&quot;value&quot;:{&quot;build&quot;:{&quot;version&quot;:&quot;1.22.3&quot;}},&quot;sessionId&quot;:null,&quot;status&quot;:0}"/>
         <property name="katalonVersion" value="8.2.5.208"/>
         <property name="deviceOS" value="Android"/>
         <property name="appiumVersion" value="1.22.3"/>
         <property name="deviceModel" value="SM-M115F"/>
         <property name="hostAddress" value="192.168.88.93"/>
         <property name="deviceManufacturer" value="samsung"/>
         <property name="deviceId" value="R9JN713GGNJ"/>
         <property name="deviceName" value="samsung SM-M115F (Android 11)"/>
         <property name="deviceOSVersion" value="11"/>
      </properties>
      <testcase name="Test Cases/testing/Use Phone Number screen" time="36.671" classname="Test Cases/testing/Use Phone Number screen" status="PASSED">
         <system-out><![CDATA[2022-04-21 13:22:52 - [TEST_CASE][PASSED] - Test Cases/testing/Use Phone Number screen: Test Cases/testing/Use Phone Number screen

2022-04-21 13:22:53 - [TEST_STEP][PASSED] - startExistingApplication("com.spotlove.releaseproduction", STOP_ON_FAILURE): Starting app with application ID: 'com.spotlove.releaseproduction'

2022-04-21 13:22:57 - [MESSAGE][INFO] - Appium server started on port 52,320

2022-04-21 13:23:17 - [MESSAGE][PASSED] - Starting app with application ID: 'com.spotlove.releaseproduction'

2022-04-21 13:23:17 - [TEST_STEP][PASSED] - checkElement(findTestObject("Use Phone Number Screen/SPOT"), 15): Element 'Object Repository/Use Phone Number Screen/SPOT' is checked

2022-04-21 13:23:24 - [MESSAGE][PASSED] - Element 'Object Repository/Use Phone Number Screen/SPOT' is checked

2022-04-21 13:23:24 - [TEST_STEP][PASSED] - checkElement(findTestObject("Use Phone Number Screen/heart icon"), 15): Element 'Object Repository/Use Phone Number Screen/heart icon' is checked

2022-04-21 13:23:25 - [MESSAGE][PASSED] - Element 'Object Repository/Use Phone Number Screen/heart icon' is checked

2022-04-21 13:23:25 - [TEST_STEP][PASSED] - checkElement(findTestObject("Use Phone Number Screen/LOVE label text"), 15): Element 'Object Repository/Use Phone Number Screen/LOVE label text' is checked

2022-04-21 13:23:26 - [MESSAGE][PASSED] - Element 'Object Repository/Use Phone Number Screen/LOVE label text' is checked

2022-04-21 13:23:26 - [TEST_STEP][PASSED] - checkElement(findTestObject("Use Phone Number Screen/AT FIRST SIGHT label text"), 15): Element 'Object Repository/Use Phone Number Screen/AT FIRST SIGHT label text' is checked

2022-04-21 13:23:26 - [MESSAGE][PASSED] - Element 'Object Repository/Use Phone Number Screen/AT FIRST SIGHT label text' is checked

2022-04-21 13:23:26 - [TEST_STEP][PASSED] - checkElement(findTestObject("Use Phone Number Screen/Privacy Policy label text"), 15): Element 'Object Repository/Use Phone Number Screen/Privacy Policy label text' is checked

2022-04-21 13:23:27 - [MESSAGE][PASSED] - Element 'Object Repository/Use Phone Number Screen/Privacy Policy label text' is checked

2022-04-21 13:23:27 - [TEST_STEP][PASSED] - checkElement(findTestObject("Use Phone Number Screen/MATCHMAKERS label text"), 15): Element 'Object Repository/Use Phone Number Screen/MATCHMAKERS label text' is checked

2022-04-21 13:23:28 - [MESSAGE][PASSED] - Element 'Object Repository/Use Phone Number Screen/MATCHMAKERS label text' is checked

2022-04-21 13:23:28 - [TEST_STEP][PASSED] - tap(findTestObject("Use Phone Number Screen/usePhoneNUmber"), 15): Tapped on element 'Object Repository/Use Phone Number Screen/usePhoneNUmber'

2022-04-21 13:23:28 - [MESSAGE][PASSED] - Tapped on element 'Object Repository/Use Phone Number Screen/usePhoneNUmber']]></system-out>
         <system-err><![CDATA[]]></system-err>
      </testcase>
      <testcase name="Test Cases/testing/Whats Your phone number" time="11.433" classname="Test Cases/testing/Whats Your phone number" status="PASSED">
         <system-out><![CDATA[2022-04-21 13:23:28 - [TEST_CASE][PASSED] - Test Cases/testing/Whats Your phone number: Test Cases/testing/Whats Your phone number

2022-04-21 13:23:29 - [TEST_STEP][PASSED] - checkElement(findTestObject("Whats Your Phone Number/YOUR DEETS label text"), 15): Element 'Object Repository/Whats Your Phone Number/YOUR DEETS label text' is checked

2022-04-21 13:23:30 - [MESSAGE][PASSED] - Element 'Object Repository/Whats Your Phone Number/YOUR DEETS label text' is checked

2022-04-21 13:23:30 - [TEST_STEP][PASSED] - checkElement(findTestObject("Whats Your Phone Number/Whats your  phone number label text"), 15): Element 'Object Repository/Whats Your Phone Number/Whats your  phone number label text' is checked

2022-04-21 13:23:31 - [MESSAGE][PASSED] - Element 'Object Repository/Whats Your Phone Number/Whats your  phone number label text' is checked

2022-04-21 13:23:31 - [TEST_STEP][PASSED] - checkElement(findTestObject("Whats Your Phone Number/We protect label text"), 15): Element 'Object Repository/Whats Your Phone Number/We protect label text' is checked

2022-04-21 13:23:32 - [MESSAGE][PASSED] - Element 'Object Repository/Whats Your Phone Number/We protect label text' is checked

2022-04-21 13:23:32 - [TEST_STEP][PASSED] - checkElement(findTestObject("Whats Your Phone Number/flag"), 15): Element 'Object Repository/Whats Your Phone Number/flag' is checked

2022-04-21 13:23:32 - [MESSAGE][PASSED] - Element 'Object Repository/Whats Your Phone Number/flag' is checked

2022-04-21 13:23:32 - [TEST_STEP][PASSED] - setText(findTestObject("Whats Your Phone Number/Enter country name"), "US", 15): Text 'US' has been set to element 'Object Repository/Whats Your Phone Number/Enter country name'

2022-04-21 13:23:34 - [MESSAGE][PASSED] - Text 'US' has been set to element 'Object Repository/Whats Your Phone Number/Enter country name'

2022-04-21 13:23:34 - [TEST_STEP][PASSED] - tap(findTestObject("Whats Your Phone Number/Selected Country"), 15): Tapped on element 'Object Repository/Whats Your Phone Number/Selected Country'

2022-04-21 13:23:36 - [MESSAGE][PASSED] - Tapped on element 'Object Repository/Whats Your Phone Number/Selected Country'

2022-04-21 13:23:36 - [TEST_STEP][PASSED] - setText(findTestObject("Whats Your Phone Number/Enter Phone Number"), "7867431411", 15): Text '7867431411' has been set to element 'Object Repository/Whats Your Phone Number/Enter Phone Number'

2022-04-21 13:23:38 - [MESSAGE][PASSED] - Text '7867431411' has been set to element 'Object Repository/Whats Your Phone Number/Enter Phone Number'

2022-04-21 13:23:38 - [TEST_STEP][PASSED] - checkElement(findTestObject("Whats Your Phone Number/We never share label text"), 15): Element 'Object Repository/Whats Your Phone Number/We never share label text' is checked

2022-04-21 13:23:39 - [MESSAGE][PASSED] - Element 'Object Repository/Whats Your Phone Number/We never share label text' is checked

2022-04-21 13:23:39 - [TEST_STEP][PASSED] - checkElement(findTestObject("Whats Your Phone Number/black lock icon"), 15): Element 'Object Repository/Whats Your Phone Number/black lock icon' is checked

2022-04-21 13:23:39 - [MESSAGE][PASSED] - Element 'Object Repository/Whats Your Phone Number/black lock icon' is checked

2022-04-21 13:23:39 - [TEST_STEP][PASSED] - tap(findTestObject("Whats Your Phone Number/Whats your phone forward (button)"), 15): Tapped on element 'Object Repository/Whats Your Phone Number/Whats your phone forward (button)'

2022-04-21 13:23:40 - [MESSAGE][PASSED] - Tapped on element 'Object Repository/Whats Your Phone Number/Whats your phone forward (button)']]></system-out>
         <system-err><![CDATA[]]></system-err>
      </testcase>
      <testcase name="Test Cases/testing/Verify phone Number" time="55.943" classname="Test Cases/testing/Verify phone Number" status="PASSED">
         <system-out><![CDATA[2022-04-21 13:23:40 - [TEST_CASE][PASSED] - Test Cases/testing/Verify phone Number: Test Cases/testing/Verify phone Number

2022-04-21 13:23:40 - [TEST_STEP][PASSED] - checkElement(findTestObject("Verify Your Number/YOUR DEETS label text"), 15): Element 'Object Repository/Verify Your Number/YOUR DEETS label text' is checked

2022-04-21 13:23:41 - [MESSAGE][PASSED] - Element 'Object Repository/Verify Your Number/YOUR DEETS label text' is checked

2022-04-21 13:23:41 - [TEST_STEP][PASSED] - checkElement(findTestObject("Verify Your Number/Verify your number label text"), 60): Element 'Object Repository/Verify Your Number/Verify your number label text' is checked

2022-04-21 13:24:36 - [MESSAGE][PASSED] - Element 'Object Repository/Verify Your Number/Verify your number label text' is checked]]></system-out>
         <system-err><![CDATA[]]></system-err>
      </testcase>
      <testcase name="Test Cases/testing/Create spotLove account" time="25.868" classname="Test Cases/testing/Create spotLove account" status="PASSED">
         <system-out><![CDATA[2022-04-21 13:24:36 - [TEST_CASE][PASSED] - Test Cases/testing/Create spotLove account: Test Cases/testing/Create spotLove account

2022-04-21 13:24:36 - [TEST_STEP][PASSED] - checkElement(findTestObject("Account Creation/Youre verified"), 30): Element 'Object Repository/Account Creation/Youre verified' is checked

2022-04-21 13:25:01 - [MESSAGE][PASSED] - Element 'Object Repository/Account Creation/Youre verified' is checked

2022-04-21 13:25:01 - [TEST_STEP][PASSED] - checkElement(findTestObject("Account Creation/create spot lve acc"), 15): Element 'Object Repository/Account Creation/create spot lve acc' is checked

2022-04-21 13:25:02 - [MESSAGE][PASSED] - Element 'Object Repository/Account Creation/create spot lve acc' is checked]]></system-out>
         <system-err><![CDATA[]]></system-err>
      </testcase>
      <testcase name="Test Cases/testing/Email verification" time="4.722" classname="Test Cases/testing/Email verification" status="PASSED">
         <system-out><![CDATA[2022-04-21 13:25:02 - [TEST_CASE][PASSED] - Test Cases/testing/Email verification: Test Cases/testing/Email verification

2022-04-21 13:25:02 - [TEST_STEP][PASSED] - checkElement(findTestObject("Whats Your Email Screen/YOUR DEETS label text"), 15): Element 'Object Repository/Whats Your Email Screen/YOUR DEETS label text' is checked

2022-04-21 13:25:03 - [MESSAGE][PASSED] - Element 'Object Repository/Whats Your Email Screen/YOUR DEETS label text' is checked

2022-04-21 13:25:03 - [TEST_STEP][PASSED] - checkElement(findTestObject("Whats Your Email Screen/Whats your email address label text"), 15): Element 'Object Repository/Whats Your Email Screen/Whats your email address label text' is checked

2022-04-21 13:25:04 - [MESSAGE][PASSED] - Element 'Object Repository/Whats Your Email Screen/Whats your email address label text' is checked

2022-04-21 13:25:04 - [TEST_STEP][PASSED] - checkElement(findTestObject("Whats Your Email Screen/We use this to recover label text"), 15): Element 'Object Repository/Whats Your Email Screen/We use this to recover label text' is checked

2022-04-21 13:25:04 - [MESSAGE][PASSED] - Element 'Object Repository/Whats Your Email Screen/We use this to recover label text' is checked

2022-04-21 13:25:04 - [TEST_STEP][PASSED] - setText(findTestObject("Whats Your Email Screen/Add recovery email (field)"), "Test@testing.com", 15): Text 'Test@testing.com' has been set to element 'Object Repository/Whats Your Email Screen/Add recovery email (field)'

2022-04-21 13:25:06 - [MESSAGE][PASSED] - Text 'Test@testing.com' has been set to element 'Object Repository/Whats Your Email Screen/Add recovery email (field)'

2022-04-21 13:25:06 - [TEST_STEP][PASSED] - tap(findTestObject("Whats Your Email Screen/Email Forword Button"), 15): Tapped on element 'Object Repository/Whats Your Email Screen/Email Forword Button'

2022-04-21 13:25:06 - [MESSAGE][PASSED] - Tapped on element 'Object Repository/Whats Your Email Screen/Email Forword Button']]></system-out>
         <system-err><![CDATA[]]></system-err>
      </testcase>
      <testcase name="Test Cases/testing/First Name Verfication" time="5.414" classname="Test Cases/testing/First Name Verfication" status="PASSED">
         <system-out><![CDATA[2022-04-21 13:25:06 - [TEST_CASE][PASSED] - Test Cases/testing/First Name Verfication: Test Cases/testing/First Name Verfication

2022-04-21 13:25:07 - [TEST_STEP][PASSED] - checkElement(findTestObject("First Name Screen/YOUR DEETS label text"), 15): Element 'Object Repository/First Name Screen/YOUR DEETS label text' is checked

2022-04-21 13:25:08 - [MESSAGE][PASSED] - Element 'Object Repository/First Name Screen/YOUR DEETS label text' is checked

2022-04-21 13:25:08 - [TEST_STEP][PASSED] - checkElement(findTestObject("First Name Screen/Whats your first name label text"), 15): Element 'Object Repository/First Name Screen/Whats your first name label text' is checked

2022-04-21 13:25:09 - [MESSAGE][PASSED] - Element 'Object Repository/First Name Screen/Whats your first name label text' is checked

2022-04-21 13:25:09 - [TEST_STEP][PASSED] - checkElement(findTestObject("First Name Screen/This will be shown on your profile"), 15): Element 'Object Repository/First Name Screen/This will be shown on your profile' is checked

2022-04-21 13:25:09 - [MESSAGE][PASSED] - Element 'Object Repository/First Name Screen/This will be shown on your profile' is checked

2022-04-21 13:25:09 - [TEST_STEP][PASSED] - checkElement(findTestObject("First Name Screen/You wont be able to change this later"), 15): Element 'Object Repository/First Name Screen/You wont be able to change this later' is checked

2022-04-21 13:25:10 - [MESSAGE][PASSED] - Element 'Object Repository/First Name Screen/You wont be able to change this later' is checked

2022-04-21 13:25:10 - [TEST_STEP][PASSED] - setText(findTestObject("First Name Screen/First Name"), "Test", 15): Text 'Test' has been set to element 'Object Repository/First Name Screen/First Name'

2022-04-21 13:25:11 - [MESSAGE][PASSED] - Text 'Test' has been set to element 'Object Repository/First Name Screen/First Name'

2022-04-21 13:25:11 - [TEST_STEP][PASSED] - tap(findTestObject("First Name Screen/First Name Forword Button"), 15): Tapped on element 'Object Repository/First Name Screen/First Name Forword Button'

2022-04-21 13:25:12 - [MESSAGE][PASSED] - Tapped on element 'Object Repository/First Name Screen/First Name Forword Button']]></system-out>
         <system-err><![CDATA[]]></system-err>
      </testcase>
      <testcase name="Test Cases/testing/DOB Verification" time="7.384" classname="Test Cases/testing/DOB Verification" status="PASSED">
         <system-out><![CDATA[2022-04-21 13:25:12 - [TEST_CASE][PASSED] - Test Cases/testing/DOB Verification: Test Cases/testing/DOB Verification

2022-04-21 13:25:12 - [TEST_STEP][PASSED] - checkElement(findTestObject("DOB/YOUR DEETS"), 15): Element 'Object Repository/DOB/YOUR DEETS' is checked

2022-04-21 13:25:14 - [MESSAGE][PASSED] - Element 'Object Repository/DOB/YOUR DEETS' is checked

2022-04-21 13:25:14 - [TEST_STEP][PASSED] - checkElement(findTestObject("DOB/Whens your birthday label text"), 15): Element 'Object Repository/DOB/Whens your birthday label text' is checked

2022-04-21 13:25:14 - [MESSAGE][PASSED] - Element 'Object Repository/DOB/Whens your birthday label text' is checked

2022-04-21 13:25:14 - [TEST_STEP][PASSED] - checkElement(findTestObject("DOB/We only show label text"), 15): Element 'Object Repository/DOB/We only show label text' is checked

2022-04-21 13:25:15 - [MESSAGE][PASSED] - Element 'Object Repository/DOB/We only show label text' is checked

2022-04-21 13:25:15 - [TEST_STEP][PASSED] - setText(findTestObject("DOB/Month"), "05", 15): Text '05' has been set to element 'Object Repository/DOB/Month'

2022-04-21 13:25:16 - [MESSAGE][PASSED] - Text '05' has been set to element 'Object Repository/DOB/Month'

2022-04-21 13:25:16 - [TEST_STEP][PASSED] - setText(findTestObject("DOB/Day"), "25", 15): Text '25' has been set to element 'Object Repository/DOB/Day'

2022-04-21 13:25:17 - [MESSAGE][PASSED] - Text '25' has been set to element 'Object Repository/DOB/Day'

2022-04-21 13:25:17 - [TEST_STEP][PASSED] - setText(findTestObject("DOB/Year"), "1995", 15): Text '1995' has been set to element 'Object Repository/DOB/Year'

2022-04-21 13:25:18 - [MESSAGE][PASSED] - Text '1995' has been set to element 'Object Repository/DOB/Year'

2022-04-21 13:25:18 - [TEST_STEP][PASSED] - tap(findTestObject("DOB/DOB Forword"), 15): Tapped on element 'Object Repository/DOB/DOB Forword'

2022-04-21 13:25:19 - [MESSAGE][PASSED] - Tapped on element 'Object Repository/DOB/DOB Forword']]></system-out>
         <system-err><![CDATA[]]></system-err>
      </testcase>
      <testcase name="Test Cases/testing/About You" time="2.479" classname="Test Cases/testing/About You" status="PASSED">
         <system-out><![CDATA[2022-04-21 13:25:19 - [TEST_CASE][PASSED] - Test Cases/testing/About You: Test Cases/testing/About You

2022-04-21 13:25:20 - [TEST_STEP][PASSED] - checkElement(findTestObject("About YOU/Heart Icon"), 15): Element 'Object Repository/About YOU/Heart Icon' is checked

2022-04-21 13:25:21 - [MESSAGE][PASSED] - Element 'Object Repository/About YOU/Heart Icon' is checked

2022-04-21 13:25:21 - [TEST_STEP][PASSED] - checkElement(findTestObject("About YOU/About You label text"), 15): Element 'Object Repository/About YOU/About You label text' is checked

2022-04-21 13:25:21 - [MESSAGE][PASSED] - Element 'Object Repository/About YOU/About You label text' is checked

2022-04-21 13:25:21 - [TEST_STEP][PASSED] - tap(findTestObject("About YOU/About forword Button"), 15): Tapped on element 'Object Repository/About YOU/About forword Button'

2022-04-21 13:25:22 - [MESSAGE][PASSED] - Tapped on element 'Object Repository/About YOU/About forword Button']]></system-out>
         <system-err><![CDATA[]]></system-err>
      </testcase>
      <testcase name="Test Cases/testing/Location Verification" time="11.281" classname="Test Cases/testing/Location Verification" status="PASSED">
         <system-out><![CDATA[2022-04-21 13:25:22 - [TEST_CASE][PASSED] - Test Cases/testing/Location Verification: Test Cases/testing/Location Verification

2022-04-21 13:25:22 - [TEST_STEP][PASSED] - checkElement(findTestObject("Location screen/ABOUT YOU label text"), 15): Element 'Object Repository/Location screen/ABOUT YOU label text' is checked

2022-04-21 13:25:23 - [MESSAGE][PASSED] - Element 'Object Repository/Location screen/ABOUT YOU label text' is checked

2022-04-21 13:25:23 - [TEST_STEP][PASSED] - checkElement(findTestObject("Location screen/So, do you label text"), 15): Element 'Object Repository/Location screen/So, do you label text' is checked

2022-04-21 13:25:26 - [MESSAGE][PASSED] - Element 'Object Repository/Location screen/So, do you label text' is checked

2022-04-21 13:25:26 - [TEST_STEP][PASSED] - checkElement(findTestObject("Location screen/Tell us where you live label text"), 15): Element 'Object Repository/Location screen/Tell us where you live label text' is checked

2022-04-21 13:25:27 - [MESSAGE][PASSED] - Element 'Object Repository/Location screen/Tell us where you live label text' is checked

2022-04-21 13:25:27 - [TEST_STEP][PASSED] - setText(findTestObject("Location screen/country field"), "US", 15): Text 'US' has been set to element 'Object Repository/Location screen/country field'

2022-04-21 13:25:28 - [MESSAGE][PASSED] - Text 'US' has been set to element 'Object Repository/Location screen/country field'

2022-04-21 13:25:28 - [TEST_STEP][PASSED] - setText(findTestObject("Location screen/State field"), "California", 15): Text 'California' has been set to element 'Object Repository/Location screen/State field'

2022-04-21 13:25:29 - [MESSAGE][PASSED] - Text 'California' has been set to element 'Object Repository/Location screen/State field'

2022-04-21 13:25:29 - [TEST_STEP][PASSED] - setText(findTestObject("Location screen/City Field"), "Los Angless", 15): Text 'Los Angless' has been set to element 'Object Repository/Location screen/City Field'

2022-04-21 13:25:31 - [MESSAGE][PASSED] - Text 'Los Angless' has been set to element 'Object Repository/Location screen/City Field'

2022-04-21 13:25:31 - [TEST_STEP][PASSED] - setText(findTestObject("Location screen/Zip Field"), "90001", 15): Text '90001' has been set to element 'Object Repository/Location screen/Zip Field'

2022-04-21 13:25:32 - [MESSAGE][PASSED] - Text '90001' has been set to element 'Object Repository/Location screen/Zip Field'

2022-04-21 13:25:32 - [TEST_STEP][PASSED] - tap(findTestObject("Location screen/loc Forword"), 15): Tapped on element 'Object Repository/Location screen/loc Forword'

2022-04-21 13:25:33 - [MESSAGE][PASSED] - Tapped on element 'Object Repository/Location screen/loc Forword']]></system-out>
         <system-err><![CDATA[]]></system-err>
      </testcase>
      <testcase name="Test Cases/testing/Brutal Honesty" time="4.549" classname="Test Cases/testing/Brutal Honesty" status="PASSED">
         <system-out><![CDATA[2022-04-21 13:25:33 - [TEST_CASE][PASSED] - Test Cases/testing/Brutal Honesty: Test Cases/testing/Brutal Honesty

2022-04-21 13:25:34 - [TEST_STEP][PASSED] - checkElement(findTestObject("Brutal Honesty/ABOUT YOU label text"), 15): Element 'Object Repository/Brutal Honesty/ABOUT YOU label text' is checked

2022-04-21 13:25:35 - [MESSAGE][PASSED] - Element 'Object Repository/Brutal Honesty/ABOUT YOU label text' is checked

2022-04-21 13:25:35 - [TEST_STEP][PASSED] - checkElement(findTestObject("Brutal Honesty/We want you to find label text"), 15): Element 'Object Repository/Brutal Honesty/We want you to find label text' is checked

2022-04-21 13:25:36 - [MESSAGE][PASSED] - Element 'Object Repository/Brutal Honesty/We want you to find label text' is checked

2022-04-21 13:25:36 - [TEST_STEP][PASSED] - tap(findTestObject("Brutal Honesty/Male Radio Button"), 15): Tapped on element 'Object Repository/Brutal Honesty/Male Radio Button'

2022-04-21 13:25:36 - [MESSAGE][PASSED] - Tapped on element 'Object Repository/Brutal Honesty/Male Radio Button'

2022-04-21 13:25:36 - [TEST_STEP][PASSED] - tap(findTestObject("Brutal Honesty/forword"), 15): Tapped on element 'Object Repository/Brutal Honesty/forword'

2022-04-21 13:25:38 - [MESSAGE][PASSED] - Tapped on element 'Object Repository/Brutal Honesty/forword']]></system-out>
         <system-err><![CDATA[]]></system-err>
      </testcase>
      <testcase name="Test Cases/testing/Black White Brown" time="8.829" classname="Test Cases/testing/Black White Brown" status="PASSED">
         <system-out><![CDATA[2022-04-21 13:25:38 - [TEST_CASE][PASSED] - Test Cases/testing/Black White Brown: Test Cases/testing/Black White Brown

2022-04-21 13:25:38 - [TEST_STEP][PASSED] - checkElement(findTestObject("Black White Brown/ABOUT YOU"), 15): Element 'Object Repository/Black White Brown/ABOUT YOU' is checked

2022-04-21 13:25:40 - [MESSAGE][PASSED] - Element 'Object Repository/Black White Brown/ABOUT YOU' is checked

2022-04-21 13:25:40 - [TEST_STEP][PASSED] - checkElement(findTestObject("Black White Brown/Black. White. Brown. Purple label text"), 15): Element 'Object Repository/Black White Brown/Black. White. Brown. Purple label text' is checked

2022-04-21 13:25:40 - [MESSAGE][PASSED] - Element 'Object Repository/Black White Brown/Black. White. Brown. Purple label text' is checked

2022-04-21 13:25:40 - [TEST_STEP][PASSED] - checkElement(findTestObject("Black White Brown/ETHNICITY label Text"), 15): Element 'Object Repository/Black White Brown/ETHNICITY label Text' is checked

2022-04-21 13:25:41 - [MESSAGE][PASSED] - Element 'Object Repository/Black White Brown/ETHNICITY label Text' is checked

2022-04-21 13:25:41 - [TEST_STEP][PASSED] - tap(findTestObject("Black White Brown/East Asian"), 15): Tapped on element 'Object Repository/Black White Brown/East Asian'

2022-04-21 13:25:42 - [MESSAGE][PASSED] - Tapped on element 'Object Repository/Black White Brown/East Asian'

2022-04-21 13:25:42 - [TEST_STEP][PASSED] - tap(findTestObject("Black White Brown/Multiracial"), 15): Tapped on element 'Object Repository/Black White Brown/Multiracial'

2022-04-21 13:25:43 - [MESSAGE][PASSED] - Tapped on element 'Object Repository/Black White Brown/Multiracial'

2022-04-21 13:25:43 - [TEST_STEP][PASSED] - tap(findTestObject("Black White Brown/hispanic Latino"), 15): Tapped on element 'Object Repository/Black White Brown/hispanic Latino'

2022-04-21 13:25:44 - [MESSAGE][PASSED] - Tapped on element 'Object Repository/Black White Brown/hispanic Latino'

2022-04-21 13:25:44 - [TEST_STEP][PASSED] - tap(findTestObject("Black White Brown/south Asian"), 15): Tapped on element 'Object Repository/Black White Brown/south Asian'

2022-04-21 13:25:45 - [MESSAGE][PASSED] - Tapped on element 'Object Repository/Black White Brown/south Asian'

2022-04-21 13:25:45 - [TEST_STEP][PASSED] - tap(findTestObject("Black White Brown/forword"), 15): Tapped on element 'Object Repository/Black White Brown/forword'

2022-04-21 13:25:46 - [MESSAGE][PASSED] - Tapped on element 'Object Repository/Black White Brown/forword']]></system-out>
         <system-err><![CDATA[]]></system-err>
      </testcase>
      <testcase name="Test Cases/testing/Religion" time="9.332" classname="Test Cases/testing/Religion" status="PASSED">
         <system-out><![CDATA[2022-04-21 13:25:46 - [TEST_CASE][PASSED] - Test Cases/testing/Religion: Test Cases/testing/Religion

2022-04-21 13:25:47 - [TEST_STEP][PASSED] - checkElement(findTestObject("Religion/ABOUT YOU"), 15): Element 'Object Repository/Religion/ABOUT YOU' is checked

2022-04-21 13:25:48 - [MESSAGE][PASSED] - Element 'Object Repository/Religion/ABOUT YOU' is checked

2022-04-21 13:25:48 - [TEST_STEP][PASSED] - checkElement(findTestObject("Religion/Well find Lebel Text"), 15): Element 'Object Repository/Religion/Well find Lebel Text' is checked

2022-04-21 13:25:49 - [MESSAGE][PASSED] - Element 'Object Repository/Religion/Well find Lebel Text' is checked

2022-04-21 13:25:49 - [TEST_STEP][PASSED] - tap(findTestObject("Religion/LDS Radio button"), 15): Tapped on element 'Object Repository/Religion/LDS Radio button'

2022-04-21 13:25:50 - [MESSAGE][PASSED] - Tapped on element 'Object Repository/Religion/LDS Radio button'

2022-04-21 13:25:50 - [TEST_STEP][PASSED] - tap(findTestObject("Religion/Christian Radio button"), 15): Tapped on element 'Object Repository/Religion/Christian Radio button'

2022-04-21 13:25:51 - [MESSAGE][PASSED] - Tapped on element 'Object Repository/Religion/Christian Radio button'

2022-04-21 13:25:51 - [TEST_STEP][PASSED] - tap(findTestObject("Religion/Spiritual Radio button"), 15): Tapped on element 'Object Repository/Religion/Spiritual Radio button'

2022-04-21 13:25:52 - [MESSAGE][PASSED] - Tapped on element 'Object Repository/Religion/Spiritual Radio button'

2022-04-21 13:25:52 - [TEST_STEP][PASSED] - tap(findTestObject("Religion/Muslim Radio button"), 15): Tapped on element 'Object Repository/Religion/Muslim Radio button'

2022-04-21 13:25:53 - [MESSAGE][PASSED] - Tapped on element 'Object Repository/Religion/Muslim Radio button'

2022-04-21 13:25:53 - [TEST_STEP][PASSED] - tap(findTestObject("Religion/Buddhist taoist Radio button"), 15): Tapped on element 'Object Repository/Religion/Buddhist taoist Radio button'

2022-04-21 13:25:55 - [MESSAGE][PASSED] - Tapped on element 'Object Repository/Religion/Buddhist taoist Radio button'

2022-04-21 13:25:55 - [TEST_STEP][PASSED] - tap(findTestObject("Religion/forword"), 15): Tapped on element 'Object Repository/Religion/forword'

2022-04-21 13:25:56 - [MESSAGE][PASSED] - Tapped on element 'Object Repository/Religion/forword']]></system-out>
         <system-err><![CDATA[]]></system-err>
      </testcase>
      <testcase name="Test Cases/testing/One Liner" time="6.214" classname="Test Cases/testing/One Liner" status="PASSED">
         <system-out><![CDATA[2022-04-21 13:25:56 - [TEST_CASE][PASSED] - Test Cases/testing/One Liner: Test Cases/testing/One Liner

2022-04-21 13:25:56 - [TEST_STEP][PASSED] - checkElement(findTestObject("One Liner/PROFILE"), 15): Element 'Object Repository/One Liner/PROFILE' is checked

2022-04-21 13:25:58 - [MESSAGE][PASSED] - Element 'Object Repository/One Liner/PROFILE' is checked

2022-04-21 13:25:58 - [TEST_STEP][PASSED] - checkElement(findTestObject("One Liner/Got a personal one-liner or catch phrase"), 15): Element 'Object Repository/One Liner/Got a personal one-liner or catch phrase' is checked

2022-04-21 13:25:58 - [MESSAGE][PASSED] - Element 'Object Repository/One Liner/Got a personal one-liner or catch phrase' is checked

2022-04-21 13:25:58 - [TEST_STEP][PASSED] - checkElement(findTestObject("One Liner/No pressure label text"), 15): Element 'Object Repository/One Liner/No pressure label text' is checked

2022-04-21 13:25:59 - [MESSAGE][PASSED] - Element 'Object Repository/One Liner/No pressure label text' is checked

2022-04-21 13:25:59 - [TEST_STEP][PASSED] - setText(findTestObject("One Liner/My catch phrase"), "This is only for testing purpose one Liner", 15): Text 'This is only for testing purpose one Liner' has been set to element 'Object Repository/One Liner/My catch phrase'

2022-04-21 13:26:01 - [MESSAGE][PASSED] - Text 'This is only for testing purpose one Liner' has been set to element 'Object Repository/One Liner/My catch phrase'

2022-04-21 13:26:01 - [TEST_STEP][PASSED] - tap(findTestObject("One Liner/forword"), 15): Tapped on element 'Object Repository/One Liner/forword'

2022-04-21 13:26:02 - [MESSAGE][PASSED] - Tapped on element 'Object Repository/One Liner/forword']]></system-out>
         <system-err><![CDATA[]]></system-err>
      </testcase>
      <testcase name="Test Cases/testing/Relationship Status" time="7.846" classname="Test Cases/testing/Relationship Status" status="PASSED">
         <system-out><![CDATA[2022-04-21 13:26:02 - [TEST_CASE][PASSED] - Test Cases/testing/Relationship Status: Test Cases/testing/Relationship Status

2022-04-21 13:26:02 - [TEST_STEP][PASSED] - checkElement(findTestObject("Relationship Status/ABOUT YOU"), 15): Element 'Object Repository/Relationship Status/ABOUT YOU' is checked

2022-04-21 13:26:05 - [MESSAGE][PASSED] - Element 'Object Repository/Relationship Status/ABOUT YOU' is checked

2022-04-21 13:26:05 - [TEST_STEP][PASSED] - checkElement(findTestObject("Relationship Status/Check one label Text"), 15): Element 'Object Repository/Relationship Status/Check one label Text' is checked

2022-04-21 13:26:06 - [MESSAGE][PASSED] - Element 'Object Repository/Relationship Status/Check one label Text' is checked

2022-04-21 13:26:06 - [TEST_STEP][PASSED] - tap(findTestObject("Relationship Status/Separated Radio button"), 5): Tapped on element 'Object Repository/Relationship Status/Separated Radio button'

2022-04-21 13:26:06 - [MESSAGE][PASSED] - Tapped on element 'Object Repository/Relationship Status/Separated Radio button'

2022-04-21 13:26:06 - [TEST_STEP][PASSED] - tap(findTestObject("Relationship Status/Divorce in Pogress Radio button"), 15): Tapped on element 'Object Repository/Relationship Status/Divorce in Pogress Radio button'

2022-04-21 13:26:07 - [MESSAGE][PASSED] - Tapped on element 'Object Repository/Relationship Status/Divorce in Pogress Radio button'

2022-04-21 13:26:07 - [TEST_STEP][PASSED] - tap(findTestObject("Relationship Status/Widowed Radio button"), 15): Tapped on element 'Object Repository/Relationship Status/Widowed Radio button'

2022-04-21 13:26:09 - [MESSAGE][PASSED] - Tapped on element 'Object Repository/Relationship Status/Widowed Radio button'

2022-04-21 13:26:09 - [TEST_STEP][PASSED] - tap(findTestObject("Relationship Status/Forword"), 15): Tapped on element 'Object Repository/Relationship Status/Forword'

2022-04-21 13:26:10 - [MESSAGE][PASSED] - Tapped on element 'Object Repository/Relationship Status/Forword']]></system-out>
         <system-err><![CDATA[]]></system-err>
      </testcase>
      <testcase name="Test Cases/testing/Family Plans" time="8.652" classname="Test Cases/testing/Family Plans" status="PASSED">
         <system-out><![CDATA[2022-04-21 13:26:10 - [TEST_CASE][PASSED] - Test Cases/testing/Family Plans: Test Cases/testing/Family Plans

2022-04-21 13:26:10 - [TEST_STEP][PASSED] - checkElement(findTestObject("Family Plain/ABOUT YOU"), 15): Element 'Object Repository/Family Plain/ABOUT YOU' is checked

2022-04-21 13:26:12 - [MESSAGE][PASSED] - Element 'Object Repository/Family Plain/ABOUT YOU' is checked

2022-04-21 13:26:12 - [TEST_STEP][PASSED] - checkElement(findTestObject("Family Plain/As long as label text"), 15): Element 'Object Repository/Family Plain/As long as label text' is checked

2022-04-21 13:26:13 - [MESSAGE][PASSED] - Element 'Object Repository/Family Plain/As long as label text' is checked

2022-04-21 13:26:13 - [TEST_STEP][PASSED] - tap(findTestObject("Family Plain/I dont want children Radio button"), 15): Tapped on element 'Object Repository/Family Plain/I dont want children Radio button'

2022-04-21 13:26:14 - [MESSAGE][PASSED] - Tapped on element 'Object Repository/Family Plain/I dont want children Radio button'

2022-04-21 13:26:14 - [TEST_STEP][PASSED] - tap(findTestObject("Family Plain/I dont have children Radio button"), 15): Tapped on element 'Object Repository/Family Plain/I dont have children Radio button'

2022-04-21 13:26:15 - [MESSAGE][PASSED] - Tapped on element 'Object Repository/Family Plain/I dont have children Radio button'

2022-04-21 13:26:15 - [TEST_STEP][PASSED] - tap(findTestObject("Family Plain/I want children Radio button"), 15): Tapped on element 'Object Repository/Family Plain/I want children Radio button'

2022-04-21 13:26:16 - [MESSAGE][PASSED] - Tapped on element 'Object Repository/Family Plain/I want children Radio button'

2022-04-21 13:26:16 - [TEST_STEP][PASSED] - tap(findTestObject("Family Plain/I m open to children Radio button"), 15): Tapped on element 'Object Repository/Family Plain/I m open to children Radio button'

2022-04-21 13:26:17 - [MESSAGE][PASSED] - Tapped on element 'Object Repository/Family Plain/I m open to children Radio button'

2022-04-21 13:26:17 - [TEST_STEP][PASSED] - tap(findTestObject("Family Plain/forword"), 15): Tapped on element 'Object Repository/Family Plain/forword'

2022-04-21 13:26:18 - [MESSAGE][PASSED] - Tapped on element 'Object Repository/Family Plain/forword']]></system-out>
         <system-err><![CDATA[]]></system-err>
      </testcase>
      <testcase name="Test Cases/testing/Education" time="8.66" classname="Test Cases/testing/Education" status="PASSED">
         <system-out><![CDATA[2022-04-21 13:26:18 - [TEST_CASE][PASSED] - Test Cases/testing/Education: Test Cases/testing/Education

2022-04-21 13:26:19 - [TEST_STEP][PASSED] - checkElement(findTestObject("Education/ABOUT YOU"), 15): Element 'Object Repository/Education/ABOUT YOU' is checked

2022-04-21 13:26:21 - [MESSAGE][PASSED] - Element 'Object Repository/Education/ABOUT YOU' is checked

2022-04-21 13:26:21 - [TEST_STEP][PASSED] - checkElement(findTestObject("Education/All we label text"), 15): Element 'Object Repository/Education/All we label text' is checked

2022-04-21 13:26:21 - [MESSAGE][PASSED] - Element 'Object Repository/Education/All we label text' is checked

2022-04-21 13:26:21 - [TEST_STEP][PASSED] - tap(findTestObject("Education/Graduate Professional Degree Radio button"), 15): Tapped on element 'Object Repository/Education/Graduate Professional Degree Radio button'

2022-04-21 13:26:22 - [MESSAGE][PASSED] - Tapped on element 'Object Repository/Education/Graduate Professional Degree Radio button'

2022-04-21 13:26:22 - [TEST_STEP][PASSED] - tap(findTestObject("Education/Some Collage Radio button"), 15): Tapped on element 'Object Repository/Education/Some Collage Radio button'

2022-04-21 13:26:23 - [MESSAGE][PASSED] - Tapped on element 'Object Repository/Education/Some Collage Radio button'

2022-04-21 13:26:23 - [TEST_STEP][PASSED] - tap(findTestObject("Education/HS Diploma Radio button"), 15): Tapped on element 'Object Repository/Education/HS Diploma Radio button'

2022-04-21 13:26:25 - [MESSAGE][PASSED] - Tapped on element 'Object Repository/Education/HS Diploma Radio button'

2022-04-21 13:26:25 - [TEST_STEP][PASSED] - tap(findTestObject("Education/Phd Doctoral Radio button"), 15): Tapped on element 'Object Repository/Education/Phd Doctoral Radio button'

2022-04-21 13:26:26 - [MESSAGE][PASSED] - Tapped on element 'Object Repository/Education/Phd Doctoral Radio button'

2022-04-21 13:26:26 - [TEST_STEP][PASSED] - tap(findTestObject("Education/Forword"), 15): Tapped on element 'Object Repository/Education/Forword'

2022-04-21 13:26:27 - [MESSAGE][PASSED] - Tapped on element 'Object Repository/Education/Forword']]></system-out>
         <system-err><![CDATA[]]></system-err>
      </testcase>
      <testcase name="Test Cases/testing/Vices" time="15.355" classname="Test Cases/testing/Vices" status="PASSED">
         <system-out><![CDATA[2022-04-21 13:26:27 - [TEST_CASE][PASSED] - Test Cases/testing/Vices: Test Cases/testing/Vices

2022-04-21 13:26:28 - [TEST_STEP][PASSED] - checkElement(findTestObject("VICES/ABOUT YOU"), 15): Element 'Object Repository/VICES/ABOUT YOU' is checked

2022-04-21 13:26:28 - [MESSAGE][PASSED] - Element 'Object Repository/VICES/ABOUT YOU' is checked

2022-04-21 13:26:28 - [TEST_STEP][PASSED] - checkElement(findTestObject("VICES/In our eyes label Text"), 15): Element 'Object Repository/VICES/In our eyes label Text' is checked

2022-04-21 13:26:30 - [MESSAGE][PASSED] - Element 'Object Repository/VICES/In our eyes label Text' is checked

2022-04-21 13:26:30 - [TEST_STEP][PASSED] - tap(findTestObject("VICES/Never AL Radio button"), 15): Tapped on element 'Object Repository/VICES/Never AL Radio button'

2022-04-21 13:26:31 - [MESSAGE][PASSED] - Tapped on element 'Object Repository/VICES/Never AL Radio button'

2022-04-21 13:26:31 - [TEST_STEP][PASSED] - tap(findTestObject("VICES/Socially Radio button"), 15): Tapped on element 'Object Repository/VICES/Socially Radio button'

2022-04-21 13:26:32 - [MESSAGE][PASSED] - Tapped on element 'Object Repository/VICES/Socially Radio button'

2022-04-21 13:26:32 - [TEST_STEP][PASSED] - tap(findTestObject("VICES/Socially AL Radio button"), 15): Tapped on element 'Object Repository/VICES/Socially AL Radio button'

2022-04-21 13:26:33 - [MESSAGE][PASSED] - Tapped on element 'Object Repository/VICES/Socially AL Radio button'

2022-04-21 13:26:33 - [TEST_STEP][PASSED] - tap(findTestObject("VICES/Often Mari Radio button"), 15): Tapped on element 'Object Repository/VICES/Often Mari Radio button'

2022-04-21 13:26:34 - [MESSAGE][PASSED] - Tapped on element 'Object Repository/VICES/Often Mari Radio button'

2022-04-21 13:26:34 - [TEST_STEP][PASSED] - tap(findTestObject("VICES/Socially Mari Radio button"), 15): Tapped on element 'Object Repository/VICES/Socially Mari Radio button'

2022-04-21 13:26:36 - [MESSAGE][PASSED] - Tapped on element 'Object Repository/VICES/Socially Mari Radio button'

2022-04-21 13:26:36 - [TEST_STEP][PASSED] - tap(findTestObject("VICES/Never Radio button"), 15): Tapped on element 'Object Repository/VICES/Never Radio button'

2022-04-21 13:26:37 - [MESSAGE][PASSED] - Tapped on element 'Object Repository/VICES/Never Radio button'

2022-04-21 13:26:37 - [TEST_STEP][PASSED] - tap(findTestObject("VICES/Often Radio button"), 15): Tapped on element 'Object Repository/VICES/Often Radio button'

2022-04-21 13:26:38 - [MESSAGE][PASSED] - Tapped on element 'Object Repository/VICES/Often Radio button'

2022-04-21 13:26:38 - [TEST_STEP][PASSED] - tap(findTestObject("VICES/Never Mari Radio button"), 15): Tapped on element 'Object Repository/VICES/Never Mari Radio button'

2022-04-21 13:26:40 - [MESSAGE][PASSED] - Tapped on element 'Object Repository/VICES/Never Mari Radio button'

2022-04-21 13:26:40 - [TEST_STEP][PASSED] - tap(findTestObject("VICES/Often AL Radio button"), 15): Tapped on element 'Object Repository/VICES/Often AL Radio button'

2022-04-21 13:26:41 - [MESSAGE][PASSED] - Tapped on element 'Object Repository/VICES/Often AL Radio button'

2022-04-21 13:26:41 - [TEST_STEP][PASSED] - tap(findTestObject("VICES/Forword"), 15): Tapped on element 'Object Repository/VICES/Forword'

2022-04-21 13:26:42 - [MESSAGE][PASSED] - Tapped on element 'Object Repository/VICES/Forword']]></system-out>
         <system-err><![CDATA[]]></system-err>
      </testcase>
      <testcase name="Test Cases/testing/politics" time="10.364" classname="Test Cases/testing/politics" status="PASSED">
         <system-out><![CDATA[2022-04-21 13:26:42 - [TEST_CASE][PASSED] - Test Cases/testing/politics: Test Cases/testing/politics

2022-04-21 13:26:43 - [TEST_STEP][PASSED] - checkElement(findTestObject("politices/ABOUT YOU"), 15): Element 'Object Repository/politices/ABOUT YOU' is checked

2022-04-21 13:26:45 - [MESSAGE][PASSED] - Element 'Object Repository/politices/ABOUT YOU' is checked

2022-04-21 13:26:45 - [TEST_STEP][PASSED] - checkElement(findTestObject("politices/We plead the fifth label text"), 15): Element 'Object Repository/politices/We plead the fifth label text' is checked

2022-04-21 13:26:46 - [MESSAGE][PASSED] - Element 'Object Repository/politices/We plead the fifth label text' is checked

2022-04-21 13:26:46 - [TEST_STEP][PASSED] - checkElement(findTestObject("politices/POLITICS label text"), 15): Element 'Object Repository/politices/POLITICS label text' is checked

2022-04-21 13:26:47 - [MESSAGE][PASSED] - Element 'Object Repository/politices/POLITICS label text' is checked

2022-04-21 13:26:47 - [TEST_STEP][PASSED] - tap(findTestObject("politices/Conservative"), 15): Tapped on element 'Object Repository/politices/Conservative'

2022-04-21 13:26:47 - [MESSAGE][PASSED] - Tapped on element 'Object Repository/politices/Conservative'

2022-04-21 13:26:47 - [TEST_STEP][PASSED] - tap(findTestObject("politices/Liberal"), 15): Tapped on element 'Object Repository/politices/Liberal'

2022-04-21 13:26:49 - [MESSAGE][PASSED] - Tapped on element 'Object Repository/politices/Liberal'

2022-04-21 13:26:49 - [TEST_STEP][PASSED] - tap(findTestObject("politices/Moderate"), 15): Tapped on element 'Object Repository/politices/Moderate'

2022-04-21 13:26:50 - [MESSAGE][PASSED] - Tapped on element 'Object Repository/politices/Moderate'

2022-04-21 13:26:50 - [TEST_STEP][PASSED] - tap(findTestObject("politices/Apolitical"), 15): Tapped on element 'Object Repository/politices/Apolitical'

2022-04-21 13:26:52 - [MESSAGE][PASSED] - Tapped on element 'Object Repository/politices/Apolitical'

2022-04-21 13:26:52 - [TEST_STEP][PASSED] - tap(findTestObject("politices/forword"), 15): Tapped on element 'Object Repository/politices/forword'

2022-04-21 13:26:53 - [MESSAGE][PASSED] - Tapped on element 'Object Repository/politices/forword']]></system-out>
         <system-err><![CDATA[]]></system-err>
      </testcase>
      <testcase name="Test Cases/testing/Upload Picture" time="26.133" classname="Test Cases/testing/Upload Picture" status="PASSED">
         <system-out><![CDATA[2022-04-21 13:26:53 - [TEST_CASE][PASSED] - Test Cases/testing/Upload Picture: Test Cases/testing/Upload Picture

2022-04-21 13:26:53 - [TEST_STEP][PASSED] - checkElement(findTestObject("Upload Picture/ABOUT YOU"), 15): Element 'Object Repository/Upload Picture/ABOUT YOU' is checked

2022-04-21 13:26:56 - [MESSAGE][PASSED] - Element 'Object Repository/Upload Picture/ABOUT YOU' is checked

2022-04-21 13:26:56 - [TEST_STEP][PASSED] - checkElement(findTestObject("Upload Picture/Show us your best side label text"), 15): Element 'Object Repository/Upload Picture/Show us your best side label text' is checked

2022-04-21 13:26:57 - [MESSAGE][PASSED] - Element 'Object Repository/Upload Picture/Show us your best side label text' is checked

2022-04-21 13:26:57 - [TEST_STEP][PASSED] - tap(findTestObject("Upload Picture/Upload Picture Button"), 15): Tapped on element 'Object Repository/Upload Picture/Upload Picture Button'

2022-04-21 13:26:58 - [MESSAGE][PASSED] - Tapped on element 'Object Repository/Upload Picture/Upload Picture Button'

2022-04-21 13:26:58 - [TEST_STEP][PASSED] - tap(findTestObject("Upload Picture/Choose From Gallery Button"), 15): Tapped on element 'Object Repository/Upload Picture/Choose From Gallery Button'

2022-04-21 13:26:59 - [MESSAGE][PASSED] - Tapped on element 'Object Repository/Upload Picture/Choose From Gallery Button'

2022-04-21 13:26:59 - [TEST_STEP][PASSED] - tap(findTestObject("Upload Picture/Photo By Gallary"), 15): Tapped on element 'Object Repository/Upload Picture/Photo By Gallary'

2022-04-21 13:27:03 - [MESSAGE][PASSED] - Tapped on element 'Object Repository/Upload Picture/Photo By Gallary'

2022-04-21 13:27:03 - [TEST_STEP][PASSED] - delay(15, STOP_ON_FAILURE): Delayed 15 second(s)

2022-04-21 13:27:18 - [MESSAGE][PASSED] - Delayed 15 second(s)

2022-04-21 13:27:18 - [TEST_STEP][PASSED] - tap(findTestObject("Upload Picture/forword button"), 15): Tapped on element 'Object Repository/Upload Picture/forword button'

2022-04-21 13:27:19 - [MESSAGE][PASSED] - Tapped on element 'Object Repository/Upload Picture/forword button']]></system-out>
         <system-err><![CDATA[]]></system-err>
      </testcase>
      <testcase name="Test Cases/testing/Partner Start Info" time="2.693" classname="Test Cases/testing/Partner Start Info" status="PASSED">
         <system-out><![CDATA[2022-04-21 13:27:19 - [TEST_CASE][PASSED] - Test Cases/testing/Partner Start Info: Test Cases/testing/Partner Start Info

2022-04-21 13:27:20 - [TEST_STEP][PASSED] - checkElement(findTestObject("Have Fun Time/Now for the fun part  label text"), 15): Element 'Object Repository/Have Fun Time/Now for the fun part  label text' is checked

2022-04-21 13:27:21 - [MESSAGE][PASSED] - Element 'Object Repository/Have Fun Time/Now for the fun part  label text' is checked

2022-04-21 13:27:21 - [TEST_STEP][PASSED] - tap(findTestObject("Have Fun Time/Forword"), 15): Tapped on element 'Object Repository/Have Fun Time/Forword'

2022-04-21 13:27:22 - [MESSAGE][PASSED] - Tapped on element 'Object Repository/Have Fun Time/Forword']]></system-out>
         <system-err><![CDATA[]]></system-err>
      </testcase>
      <testcase name="Test Cases/testing/Partner Gender" time="8.669" classname="Test Cases/testing/Partner Gender" status="PASSED">
         <system-out><![CDATA[2022-04-21 13:27:22 - [TEST_CASE][PASSED] - Test Cases/testing/Partner Gender: Test Cases/testing/Partner Gender

2022-04-21 13:27:22 - [TEST_STEP][PASSED] - checkElement(findTestObject("Partner Gender/YOUR MATCH"), 15): Element 'Object Repository/Partner Gender/YOUR MATCH' is checked

2022-04-21 13:27:24 - [MESSAGE][PASSED] - Element 'Object Repository/Partner Gender/YOUR MATCH' is checked

2022-04-21 13:27:24 - [TEST_STEP][PASSED] - checkElement(findTestObject("Partner Gender/Choose on"), 15): Element 'Object Repository/Partner Gender/Choose on' is checked

2022-04-21 13:27:24 - [MESSAGE][PASSED] - Element 'Object Repository/Partner Gender/Choose on' is checked

2022-04-21 13:27:24 - [TEST_STEP][PASSED] - tap(findTestObject("Partner Gender/Open to All"), 15): Tapped on element 'Object Repository/Partner Gender/Open to All'

2022-04-21 13:27:25 - [MESSAGE][PASSED] - Tapped on element 'Object Repository/Partner Gender/Open to All'

2022-04-21 13:27:25 - [TEST_STEP][PASSED] - tap(findTestObject("Partner Gender/Female Checkbox"), 15): Tapped on element 'Object Repository/Partner Gender/Female Checkbox'

2022-04-21 13:27:26 - [MESSAGE][PASSED] - Tapped on element 'Object Repository/Partner Gender/Female Checkbox'

2022-04-21 13:27:26 - [TEST_STEP][PASSED] - tap(findTestObject("Partner Gender/Male CheckBox"), 15): Tapped on element 'Object Repository/Partner Gender/Male CheckBox'

2022-04-21 13:27:27 - [MESSAGE][PASSED] - Tapped on element 'Object Repository/Partner Gender/Male CheckBox'

2022-04-21 13:27:27 - [TEST_STEP][PASSED] - tap(findTestObject("Partner Gender/Non-Binary Checkbox"), 15): Tapped on element 'Object Repository/Partner Gender/Non-Binary Checkbox'

2022-04-21 13:27:28 - [MESSAGE][PASSED] - Tapped on element 'Object Repository/Partner Gender/Non-Binary Checkbox'

2022-04-21 13:27:28 - [TEST_STEP][PASSED] - tap(findTestObject("Partner Gender/Open to All"), 15): Tapped on element 'Object Repository/Partner Gender/Open to All'

2022-04-21 13:27:29 - [MESSAGE][PASSED] - Tapped on element 'Object Repository/Partner Gender/Open to All'

2022-04-21 13:27:29 - [TEST_STEP][PASSED] - tap(findTestObject("Partner Gender/forword"), 15): Tapped on element 'Object Repository/Partner Gender/forword'

2022-04-21 13:27:30 - [MESSAGE][PASSED] - Tapped on element 'Object Repository/Partner Gender/forword']]></system-out>
         <system-err><![CDATA[]]></system-err>
      </testcase>
      <testcase name="Test Cases/testing/Partner ethnicity" time="11.977" classname="Test Cases/testing/Partner ethnicity" status="PASSED">
         <system-out><![CDATA[2022-04-21 13:27:30 - [TEST_CASE][PASSED] - Test Cases/testing/Partner ethnicity: Test Cases/testing/Partner ethnicity

2022-04-21 13:27:31 - [TEST_STEP][PASSED] - checkElement(findTestObject("Partner Ethnicity/YOUR MATCH"), 15): Element 'Object Repository/Partner Ethnicity/YOUR MATCH' is checked

2022-04-21 13:27:32 - [MESSAGE][PASSED] - Element 'Object Repository/Partner Ethnicity/YOUR MATCH' is checked

2022-04-21 13:27:32 - [TEST_STEP][PASSED] - checkElement(findTestObject("Partner Ethnicity/ETHNICITY label Text"), 15): Element 'Object Repository/Partner Ethnicity/ETHNICITY label Text' is checked

2022-04-21 13:27:33 - [MESSAGE][PASSED] - Element 'Object Repository/Partner Ethnicity/ETHNICITY label Text' is checked

2022-04-21 13:27:33 - [TEST_STEP][PASSED] - tap(findTestObject("Partner Ethnicity/Open To All"), 15): Tapped on element 'Object Repository/Partner Ethnicity/Open To All'

2022-04-21 13:27:34 - [MESSAGE][PASSED] - Tapped on element 'Object Repository/Partner Ethnicity/Open To All'

2022-04-21 13:27:34 - [TEST_STEP][PASSED] - tap(findTestObject("Partner Ethnicity/East Asian"), 15): Tapped on element 'Object Repository/Partner Ethnicity/East Asian'

2022-04-21 13:27:35 - [MESSAGE][PASSED] - Tapped on element 'Object Repository/Partner Ethnicity/East Asian'

2022-04-21 13:27:35 - [TEST_STEP][PASSED] - tap(findTestObject("Partner Ethnicity/Middle Eastern"), 15): Tapped on element 'Object Repository/Partner Ethnicity/Middle Eastern'

2022-04-21 13:27:36 - [MESSAGE][PASSED] - Tapped on element 'Object Repository/Partner Ethnicity/Middle Eastern'

2022-04-21 13:27:36 - [TEST_STEP][PASSED] - tap(findTestObject("Partner Ethnicity/Hispanic"), 15): Tapped on element 'Object Repository/Partner Ethnicity/Hispanic'

2022-04-21 13:27:37 - [MESSAGE][PASSED] - Tapped on element 'Object Repository/Partner Ethnicity/Hispanic'

2022-04-21 13:27:37 - [TEST_STEP][PASSED] - tap(findTestObject("Partner Ethnicity/Multiracial"), 15): Tapped on element 'Object Repository/Partner Ethnicity/Multiracial'

2022-04-21 13:27:38 - [MESSAGE][PASSED] - Tapped on element 'Object Repository/Partner Ethnicity/Multiracial'

2022-04-21 13:27:38 - [TEST_STEP][PASSED] - tap(findTestObject("Partner Ethnicity/White caucasian"), 15): Tapped on element 'Object Repository/Partner Ethnicity/White caucasian'

2022-04-21 13:27:39 - [MESSAGE][PASSED] - Tapped on element 'Object Repository/Partner Ethnicity/White caucasian'

2022-04-21 13:27:39 - [TEST_STEP][PASSED] - tap(findTestObject("Partner Ethnicity/Pacific Islander"), 15): Tapped on element 'Object Repository/Partner Ethnicity/Pacific Islander'

2022-04-21 13:27:40 - [MESSAGE][PASSED] - Tapped on element 'Object Repository/Partner Ethnicity/Pacific Islander'

2022-04-21 13:27:40 - [TEST_STEP][PASSED] - tap(findTestObject("Partner Ethnicity/South Asian"), 15): Tapped on element 'Object Repository/Partner Ethnicity/South Asian'

2022-04-21 13:27:41 - [MESSAGE][PASSED] - Tapped on element 'Object Repository/Partner Ethnicity/South Asian'

2022-04-21 13:27:41 - [TEST_STEP][PASSED] - tap(findTestObject("Partner Ethnicity/forword"), 15): Tapped on element 'Object Repository/Partner Ethnicity/forword'

2022-04-21 13:27:42 - [MESSAGE][PASSED] - Tapped on element 'Object Repository/Partner Ethnicity/forword']]></system-out>
         <system-err><![CDATA[]]></system-err>
      </testcase>
      <testcase name="Test Cases/testing/Partner Religion" time="11.436" classname="Test Cases/testing/Partner Religion" status="PASSED">
         <system-out><![CDATA[2022-04-21 13:27:42 - [TEST_CASE][PASSED] - Test Cases/testing/Partner Religion: Test Cases/testing/Partner Religion

2022-04-21 13:27:43 - [TEST_STEP][PASSED] - checkElement(findTestObject("Partner Religion/YOUR MATCH"), 15): Element 'Object Repository/Partner Religion/YOUR MATCH' is checked

2022-04-21 13:27:44 - [MESSAGE][PASSED] - Element 'Object Repository/Partner Religion/YOUR MATCH' is checked

2022-04-21 13:27:44 - [TEST_STEP][PASSED] - checkElement(findTestObject("Partner Religion/The answer to"), 15): Element 'Object Repository/Partner Religion/The answer to' is checked

2022-04-21 13:27:45 - [MESSAGE][PASSED] - Element 'Object Repository/Partner Religion/The answer to' is checked

2022-04-21 13:27:45 - [TEST_STEP][PASSED] - checkElement(findTestObject("Partner Religion/RELIGION label Text"), 15): Element 'Object Repository/Partner Religion/RELIGION label Text' is checked

2022-04-21 13:27:46 - [MESSAGE][PASSED] - Element 'Object Repository/Partner Religion/RELIGION label Text' is checked

2022-04-21 13:27:46 - [TEST_STEP][PASSED] - tap(findTestObject("Partner Religion/Open To All"), 15): Tapped on element 'Object Repository/Partner Religion/Open To All'

2022-04-21 13:27:46 - [MESSAGE][PASSED] - Tapped on element 'Object Repository/Partner Religion/Open To All'

2022-04-21 13:27:46 - [TEST_STEP][PASSED] - tap(findTestObject("Partner Religion/Hindu"), 15): Tapped on element 'Object Repository/Partner Religion/Hindu'

2022-04-21 13:27:47 - [MESSAGE][PASSED] - Tapped on element 'Object Repository/Partner Religion/Hindu'

2022-04-21 13:27:47 - [TEST_STEP][PASSED] - tap(findTestObject("Partner Religion/Buddhist"), 15): Tapped on element 'Object Repository/Partner Religion/Buddhist'

2022-04-21 13:27:48 - [MESSAGE][PASSED] - Tapped on element 'Object Repository/Partner Religion/Buddhist'

2022-04-21 13:27:48 - [TEST_STEP][PASSED] - tap(findTestObject("Partner Religion/LDS"), 15): Tapped on element 'Object Repository/Partner Religion/LDS'

2022-04-21 13:27:50 - [MESSAGE][PASSED] - Tapped on element 'Object Repository/Partner Religion/LDS'

2022-04-21 13:27:50 - [TEST_STEP][PASSED] - tap(findTestObject("Partner Religion/Muslim"), 15): Tapped on element 'Object Repository/Partner Religion/Muslim'

2022-04-21 13:27:51 - [MESSAGE][PASSED] - Tapped on element 'Object Repository/Partner Religion/Muslim'

2022-04-21 13:27:51 - [TEST_STEP][PASSED] - tap(findTestObject("Partner Religion/Sikh"), 15): Tapped on element 'Object Repository/Partner Religion/Sikh'

2022-04-21 13:27:52 - [MESSAGE][PASSED] - Tapped on element 'Object Repository/Partner Religion/Sikh'

2022-04-21 13:27:52 - [TEST_STEP][PASSED] - tap(findTestObject("Partner Religion/Spiritual"), 15): Tapped on element 'Object Repository/Partner Religion/Spiritual'

2022-04-21 13:27:53 - [MESSAGE][PASSED] - Tapped on element 'Object Repository/Partner Religion/Spiritual'

2022-04-21 13:27:53 - [TEST_STEP][PASSED] - tap(findTestObject("Partner Religion/Forword"), 15): Tapped on element 'Object Repository/Partner Religion/Forword'

2022-04-21 13:27:54 - [MESSAGE][PASSED] - Tapped on element 'Object Repository/Partner Religion/Forword']]></system-out>
         <system-err><![CDATA[]]></system-err>
      </testcase>
      <testcase name="Test Cases/testing/Partner Marital Status" time="10.519" classname="Test Cases/testing/Partner Marital Status" status="PASSED">
         <system-out><![CDATA[2022-04-21 13:27:54 - [TEST_CASE][PASSED] - Test Cases/testing/Partner Marital Status: Test Cases/testing/Partner Marital Status

2022-04-21 13:27:54 - [TEST_STEP][PASSED] - checkElement(findTestObject("Partner Marital Status/YOUR MATCH"), 15): Element 'Object Repository/Partner Marital Status/YOUR MATCH' is checked

2022-04-21 13:27:56 - [MESSAGE][PASSED] - Element 'Object Repository/Partner Marital Status/YOUR MATCH' is checked

2022-04-21 13:27:56 - [TEST_STEP][PASSED] - checkElement(findTestObject("Partner Marital Status/Obviously your"), 15): Element 'Object Repository/Partner Marital Status/Obviously your' is checked

2022-04-21 13:27:56 - [MESSAGE][PASSED] - Element 'Object Repository/Partner Marital Status/Obviously your' is checked

2022-04-21 13:27:56 - [TEST_STEP][PASSED] - checkElement(findTestObject("Partner Marital Status/MARITAL STATUS label Text"), 15): Element 'Object Repository/Partner Marital Status/MARITAL STATUS label Text' is checked

2022-04-21 13:27:57 - [MESSAGE][PASSED] - Element 'Object Repository/Partner Marital Status/MARITAL STATUS label Text' is checked

2022-04-21 13:27:57 - [TEST_STEP][PASSED] - tap(findTestObject("Partner Religion/Open To All"), 15): Tapped on element 'Object Repository/Partner Religion/Open To All'

2022-04-21 13:27:58 - [MESSAGE][PASSED] - Tapped on element 'Object Repository/Partner Religion/Open To All'

2022-04-21 13:27:58 - [TEST_STEP][PASSED] - tap(findTestObject("Partner Marital Status/Never Married"), 15): Tapped on element 'Object Repository/Partner Marital Status/Never Married'

2022-04-21 13:27:59 - [MESSAGE][PASSED] - Tapped on element 'Object Repository/Partner Marital Status/Never Married'

2022-04-21 13:27:59 - [TEST_STEP][PASSED] - tap(findTestObject("Partner Marital Status/Divorced"), 15): Tapped on element 'Object Repository/Partner Marital Status/Divorced'

2022-04-21 13:28:00 - [MESSAGE][PASSED] - Tapped on element 'Object Repository/Partner Marital Status/Divorced'

2022-04-21 13:28:00 - [TEST_STEP][PASSED] - tap(findTestObject("Partner Marital Status/Separated"), 15): Tapped on element 'Object Repository/Partner Marital Status/Separated'

2022-04-21 13:28:01 - [MESSAGE][PASSED] - Tapped on element 'Object Repository/Partner Marital Status/Separated'

2022-04-21 13:28:01 - [TEST_STEP][PASSED] - tap(findTestObject("Partner Marital Status/divorce in Progress"), 15): Tapped on element 'Object Repository/Partner Marital Status/divorce in Progress'

2022-04-21 13:28:02 - [MESSAGE][PASSED] - Tapped on element 'Object Repository/Partner Marital Status/divorce in Progress'

2022-04-21 13:28:02 - [TEST_STEP][PASSED] - tap(findTestObject("Partner Marital Status/Widowed"), 15): Tapped on element 'Object Repository/Partner Marital Status/Widowed'

2022-04-21 13:28:03 - [MESSAGE][PASSED] - Tapped on element 'Object Repository/Partner Marital Status/Widowed'

2022-04-21 13:28:03 - [TEST_STEP][PASSED] - tap(findTestObject("Partner Marital Status/Forword"), 15): Tapped on element 'Object Repository/Partner Marital Status/Forword'

2022-04-21 13:28:04 - [MESSAGE][PASSED] - Tapped on element 'Object Repository/Partner Marital Status/Forword']]></system-out>
         <system-err><![CDATA[]]></system-err>
      </testcase>
      <testcase name="Test Cases/testing/partner Family Plan" time="11.593" classname="Test Cases/testing/partner Family Plan" status="PASSED">
         <system-out><![CDATA[2022-04-21 13:28:04 - [TEST_CASE][PASSED] - Test Cases/testing/partner Family Plan: Test Cases/testing/partner Family Plan

2022-04-21 13:28:05 - [TEST_STEP][PASSED] - checkElement(findTestObject("partner Family Plans/YOUR MATCH"), 15): Element 'Object Repository/partner Family Plans/YOUR MATCH' is checked

2022-04-21 13:28:06 - [MESSAGE][PASSED] - Element 'Object Repository/partner Family Plans/YOUR MATCH' is checked

2022-04-21 13:28:06 - [TEST_STEP][PASSED] - checkElement(findTestObject("partner Family Plans/You can"), 15): Element 'Object Repository/partner Family Plans/You can' is checked

2022-04-21 13:28:07 - [MESSAGE][PASSED] - Element 'Object Repository/partner Family Plans/You can' is checked

2022-04-21 13:28:07 - [TEST_STEP][PASSED] - checkElement(findTestObject("partner Family Plans/CHILDREN label Text"), 15): Element 'Object Repository/partner Family Plans/CHILDREN label Text' is checked

2022-04-21 13:28:08 - [MESSAGE][PASSED] - Element 'Object Repository/partner Family Plans/CHILDREN label Text' is checked

2022-04-21 13:28:08 - [TEST_STEP][PASSED] - tap(findTestObject("partner Family Plans/Open To All"), 15): Tapped on element 'Object Repository/partner Family Plans/Open To All'

2022-04-21 13:28:08 - [MESSAGE][PASSED] - Tapped on element 'Object Repository/partner Family Plans/Open To All'

2022-04-21 13:28:08 - [TEST_STEP][PASSED] - tap(findTestObject("partner Family Plans/I have Children"), 15): Tapped on element 'Object Repository/partner Family Plans/I have Children'

2022-04-21 13:28:09 - [MESSAGE][PASSED] - Tapped on element 'Object Repository/partner Family Plans/I have Children'

2022-04-21 13:28:09 - [TEST_STEP][PASSED] - tap(findTestObject("partner Family Plans/I dont want Children"), 15): Tapped on element 'Object Repository/partner Family Plans/I dont want Children'

2022-04-21 13:28:10 - [MESSAGE][PASSED] - Tapped on element 'Object Repository/partner Family Plans/I dont want Children'

2022-04-21 13:28:10 - [TEST_STEP][PASSED] - tap(findTestObject("partner Family Plans/I want children"), 15): Tapped on element 'Object Repository/partner Family Plans/I want children'

2022-04-21 13:28:11 - [MESSAGE][PASSED] - Tapped on element 'Object Repository/partner Family Plans/I want children'

2022-04-21 13:28:11 - [TEST_STEP][PASSED] - tap(findTestObject("partner Family Plans/Open To All"), 15): Tapped on element 'Object Repository/partner Family Plans/Open To All'

2022-04-21 13:28:12 - [MESSAGE][PASSED] - Tapped on element 'Object Repository/partner Family Plans/Open To All'

2022-04-21 13:28:12 - [TEST_STEP][PASSED] - tap(findTestObject("partner Family Plans/I dont Have Children"), 15): Tapped on element 'Object Repository/partner Family Plans/I dont Have Children'

2022-04-21 13:28:14 - [MESSAGE][PASSED] - Tapped on element 'Object Repository/partner Family Plans/I dont Have Children'

2022-04-21 13:28:14 - [TEST_STEP][PASSED] - tap(findTestObject("partner Family Plans/I want children"), 15): Tapped on element 'Object Repository/partner Family Plans/I want children'

2022-04-21 13:28:14 - [MESSAGE][PASSED] - Tapped on element 'Object Repository/partner Family Plans/I want children'

2022-04-21 13:28:14 - [TEST_STEP][PASSED] - tap(findTestObject("partner Family Plans/I m open To children"), 15): Tapped on element 'Object Repository/partner Family Plans/I m open To children'

2022-04-21 13:28:15 - [MESSAGE][PASSED] - Tapped on element 'Object Repository/partner Family Plans/I m open To children'

2022-04-21 13:28:15 - [TEST_STEP][PASSED] - tap(findTestObject("partner Family Plans/forword"), 15): Tapped on element 'Object Repository/partner Family Plans/forword'

2022-04-21 13:28:16 - [MESSAGE][PASSED] - Tapped on element 'Object Repository/partner Family Plans/forword']]></system-out>
         <system-err><![CDATA[]]></system-err>
      </testcase>
      <testcase name="Test Cases/testing/Partner Education" time="11.615" classname="Test Cases/testing/Partner Education" status="PASSED">
         <system-out><![CDATA[2022-04-21 13:28:16 - [TEST_CASE][PASSED] - Test Cases/testing/Partner Education: Test Cases/testing/Partner Education

2022-04-21 13:28:16 - [TEST_STEP][PASSED] - checkElement(findTestObject("Partner Education/YOUR MATCH"), 15): Element 'Object Repository/Partner Education/YOUR MATCH' is checked

2022-04-21 13:28:18 - [MESSAGE][PASSED] - Element 'Object Repository/Partner Education/YOUR MATCH' is checked

2022-04-21 13:28:18 - [TEST_STEP][PASSED] - checkElement(findTestObject("Partner Education/Who gets an A in your book label text"), 15): Element 'Object Repository/Partner Education/Who gets an A in your book label text' is checked

2022-04-21 13:28:19 - [MESSAGE][PASSED] - Element 'Object Repository/Partner Education/Who gets an A in your book label text' is checked

2022-04-21 13:28:19 - [TEST_STEP][PASSED] - checkElement(findTestObject("Partner Education/EDUCATION label text"), 15): Element 'Object Repository/Partner Education/EDUCATION label text' is checked

2022-04-21 13:28:20 - [MESSAGE][PASSED] - Element 'Object Repository/Partner Education/EDUCATION label text' is checked

2022-04-21 13:28:20 - [TEST_STEP][PASSED] - tap(findTestObject("Partner Education/Open To All"), 15): Tapped on element 'Object Repository/Partner Education/Open To All'

2022-04-21 13:28:21 - [MESSAGE][PASSED] - Tapped on element 'Object Repository/Partner Education/Open To All'

2022-04-21 13:28:21 - [TEST_STEP][PASSED] - tap(findTestObject("Partner Education/PHD Doctor"), 15): Tapped on element 'Object Repository/Partner Education/PHD Doctor'

2022-04-21 13:28:22 - [MESSAGE][PASSED] - Tapped on element 'Object Repository/Partner Education/PHD Doctor'

2022-04-21 13:28:22 - [TEST_STEP][PASSED] - tap(findTestObject("Partner Education/Some College"), 15): Tapped on element 'Object Repository/Partner Education/Some College'

2022-04-21 13:28:23 - [MESSAGE][PASSED] - Tapped on element 'Object Repository/Partner Education/Some College'

2022-04-21 13:28:23 - [TEST_STEP][PASSED] - tap(findTestObject("Partner Education/HS Diploma CheckBox"), 15): Tapped on element 'Object Repository/Partner Education/HS Diploma CheckBox'

2022-04-21 13:28:24 - [MESSAGE][PASSED] - Tapped on element 'Object Repository/Partner Education/HS Diploma CheckBox'

2022-04-21 13:28:24 - [TEST_STEP][PASSED] - tap(findTestObject("Partner Education/PHD Doctor"), 15): Tapped on element 'Object Repository/Partner Education/PHD Doctor'

2022-04-21 13:28:25 - [MESSAGE][PASSED] - Tapped on element 'Object Repository/Partner Education/PHD Doctor'

2022-04-21 13:28:25 - [TEST_STEP][PASSED] - tap(findTestObject("Partner Education/Graduation Professtional Degree"), 15): Tapped on element 'Object Repository/Partner Education/Graduation Professtional Degree'

2022-04-21 13:28:26 - [MESSAGE][PASSED] - Tapped on element 'Object Repository/Partner Education/Graduation Professtional Degree'

2022-04-21 13:28:26 - [TEST_STEP][PASSED] - tap(findTestObject("Partner Education/forword"), 15): Tapped on element 'Object Repository/Partner Education/forword'

2022-04-21 13:28:28 - [MESSAGE][PASSED] - Tapped on element 'Object Repository/Partner Education/forword']]></system-out>
         <system-err><![CDATA[]]></system-err>
      </testcase>
      <testcase name="Test Cases/testing/Partner Vices" time="20.684" classname="Test Cases/testing/Partner Vices" status="PASSED">
         <system-out><![CDATA[2022-04-21 13:28:28 - [TEST_CASE][PASSED] - Test Cases/testing/Partner Vices: Test Cases/testing/Partner Vices

2022-04-21 13:28:28 - [TEST_STEP][PASSED] - checkElement(findTestObject("Partner Vices/YOUR MATCH"), 15): Element 'Object Repository/Partner Vices/YOUR MATCH' is checked

2022-04-21 13:28:29 - [MESSAGE][PASSED] - Element 'Object Repository/Partner Vices/YOUR MATCH' is checked

2022-04-21 13:28:29 - [TEST_STEP][PASSED] - checkElement(findTestObject("Partner Vices/No judgement here label text"), 15): Element 'Object Repository/Partner Vices/No judgement here label text' is checked

2022-04-21 13:28:31 - [MESSAGE][PASSED] - Element 'Object Repository/Partner Vices/No judgement here label text' is checked

2022-04-21 13:28:31 - [TEST_STEP][PASSED] - checkElement(findTestObject("Partner Vices/SMOKING Label Text"), 15): Element 'Object Repository/Partner Vices/SMOKING Label Text' is checked

2022-04-21 13:28:31 - [MESSAGE][PASSED] - Element 'Object Repository/Partner Vices/SMOKING Label Text' is checked

2022-04-21 13:28:31 - [TEST_STEP][PASSED] - tap(findTestObject("Partner Vices/Open To All SM"), 15): Tapped on element 'Object Repository/Partner Vices/Open To All SM'

2022-04-21 13:28:32 - [MESSAGE][PASSED] - Tapped on element 'Object Repository/Partner Vices/Open To All SM'

2022-04-21 13:28:32 - [TEST_STEP][PASSED] - tap(findTestObject("Partner Vices/Often Checkbox"), 15): Tapped on element 'Object Repository/Partner Vices/Often Checkbox'

2022-04-21 13:28:33 - [MESSAGE][PASSED] - Tapped on element 'Object Repository/Partner Vices/Often Checkbox'

2022-04-21 13:28:33 - [TEST_STEP][PASSED] - tap(findTestObject("Partner Vices/Never Checkbox"), 15): Tapped on element 'Object Repository/Partner Vices/Never Checkbox'

2022-04-21 13:28:35 - [MESSAGE][PASSED] - Tapped on element 'Object Repository/Partner Vices/Never Checkbox'

2022-04-21 13:28:35 - [TEST_STEP][PASSED] - tap(findTestObject("Partner Vices/socially Checkbox"), 15): Tapped on element 'Object Repository/Partner Vices/socially Checkbox'

2022-04-21 13:28:36 - [MESSAGE][PASSED] - Tapped on element 'Object Repository/Partner Vices/socially Checkbox'

2022-04-21 13:28:36 - [TEST_STEP][PASSED] - checkElement(findTestObject("Partner Vices/ALCOHOL label text"), 15): Element 'Object Repository/Partner Vices/ALCOHOL label text' is checked

2022-04-21 13:28:37 - [MESSAGE][PASSED] - Element 'Object Repository/Partner Vices/ALCOHOL label text' is checked

2022-04-21 13:28:37 - [TEST_STEP][PASSED] - tap(findTestObject("Partner Vices/Open to all AL"), 15): Tapped on element 'Object Repository/Partner Vices/Open to all AL'

2022-04-21 13:28:38 - [MESSAGE][PASSED] - Tapped on element 'Object Repository/Partner Vices/Open to all AL'

2022-04-21 13:28:38 - [TEST_STEP][PASSED] - tap(findTestObject("Partner Vices/Often checkbox AL"), 15): Tapped on element 'Object Repository/Partner Vices/Often checkbox AL'

2022-04-21 13:28:39 - [MESSAGE][PASSED] - Tapped on element 'Object Repository/Partner Vices/Often checkbox AL'

2022-04-21 13:28:39 - [TEST_STEP][PASSED] - tap(findTestObject("Partner Vices/Socially checkbox AL"), 15): Tapped on element 'Object Repository/Partner Vices/Socially checkbox AL'

2022-04-21 13:28:40 - [MESSAGE][PASSED] - Tapped on element 'Object Repository/Partner Vices/Socially checkbox AL'

2022-04-21 13:28:40 - [TEST_STEP][PASSED] - tap(findTestObject("Partner Vices/Never checkbox AL"), 15): Tapped on element 'Object Repository/Partner Vices/Never checkbox AL'

2022-04-21 13:28:41 - [MESSAGE][PASSED] - Tapped on element 'Object Repository/Partner Vices/Never checkbox AL'

2022-04-21 13:28:41 - [TEST_STEP][PASSED] - checkElement(findTestObject("Partner Vices/MARIJUANA"), 15): Element 'Object Repository/Partner Vices/MARIJUANA' is checked

2022-04-21 13:28:43 - [MESSAGE][PASSED] - Element 'Object Repository/Partner Vices/MARIJUANA' is checked

2022-04-21 13:28:43 - [TEST_STEP][PASSED] - tap(findTestObject("Partner Vices/open To All Mari"), 15): Tapped on element 'Object Repository/Partner Vices/open To All Mari'

2022-04-21 13:28:43 - [MESSAGE][PASSED] - Tapped on element 'Object Repository/Partner Vices/open To All Mari'

2022-04-21 13:28:43 - [TEST_STEP][PASSED] - tap(findTestObject("Partner Vices/Socially checkbox Mari"), 15): Tapped on element 'Object Repository/Partner Vices/Socially checkbox Mari'

2022-04-21 13:28:45 - [MESSAGE][PASSED] - Tapped on element 'Object Repository/Partner Vices/Socially checkbox Mari'

2022-04-21 13:28:45 - [TEST_STEP][PASSED] - tap(findTestObject("Partner Vices/Never checkbox Mari"), 15): Tapped on element 'Object Repository/Partner Vices/Never checkbox Mari'

2022-04-21 13:28:46 - [MESSAGE][PASSED] - Tapped on element 'Object Repository/Partner Vices/Never checkbox Mari'

2022-04-21 13:28:46 - [TEST_STEP][PASSED] - tap(findTestObject("Partner Vices/Ofter checkbox Mari"), 15): Tapped on element 'Object Repository/Partner Vices/Ofter checkbox Mari'

2022-04-21 13:28:47 - [MESSAGE][PASSED] - Tapped on element 'Object Repository/Partner Vices/Ofter checkbox Mari'

2022-04-21 13:28:47 - [TEST_STEP][PASSED] - tap(findTestObject("Partner Vices/forword"), 15): Tapped on element 'Object Repository/Partner Vices/forword'

2022-04-21 13:28:48 - [MESSAGE][PASSED] - Tapped on element 'Object Repository/Partner Vices/forword']]></system-out>
         <system-err><![CDATA[]]></system-err>
      </testcase>
      <testcase name="Test Cases/testing/Partner Politics" time="7.36" classname="Test Cases/testing/Partner Politics" status="PASSED">
         <system-out><![CDATA[2022-04-21 13:28:48 - [TEST_CASE][PASSED] - Test Cases/testing/Partner Politics: Test Cases/testing/Partner Politics

2022-04-21 13:28:49 - [TEST_STEP][PASSED] - checkElement(findTestObject("Partner Politices/YOUR MATCH"), 15): Element 'Object Repository/Partner Politices/YOUR MATCH' is checked

2022-04-21 13:28:50 - [MESSAGE][PASSED] - Element 'Object Repository/Partner Politices/YOUR MATCH' is checked

2022-04-21 13:28:50 - [TEST_STEP][PASSED] - checkElement(findTestObject("Partner Politices/You can always agree to disagree"), 15): Element 'Object Repository/Partner Politices/You can always agree to disagree' is checked

2022-04-21 13:28:51 - [MESSAGE][PASSED] - Element 'Object Repository/Partner Politices/You can always agree to disagree' is checked

2022-04-21 13:28:51 - [TEST_STEP][PASSED] - checkElement(findTestObject("Partner Politices/POLITICS label text"), 15): Element 'Object Repository/Partner Politices/POLITICS label text' is checked

2022-04-21 13:28:52 - [MESSAGE][PASSED] - Element 'Object Repository/Partner Politices/POLITICS label text' is checked

2022-04-21 13:28:52 - [TEST_STEP][PASSED] - tap(findTestObject("Partner Politices/Moderate"), 15): Tapped on element 'Object Repository/Partner Politices/Moderate'

2022-04-21 13:28:53 - [MESSAGE][PASSED] - Tapped on element 'Object Repository/Partner Politices/Moderate'

2022-04-21 13:28:53 - [TEST_STEP][PASSED] - tap(findTestObject("Partner Politices/conservative"), 15): Tapped on element 'Object Repository/Partner Politices/conservative'

2022-04-21 13:28:54 - [MESSAGE][PASSED] - Tapped on element 'Object Repository/Partner Politices/conservative'

2022-04-21 13:28:54 - [TEST_STEP][PASSED] - tap(findTestObject("Partner Politices/Liberal"), 15): Tapped on element 'Object Repository/Partner Politices/Liberal'

2022-04-21 13:28:55 - [MESSAGE][PASSED] - Tapped on element 'Object Repository/Partner Politices/Liberal'

2022-04-21 13:28:55 - [TEST_STEP][PASSED] - tap(findTestObject("Partner Politices/forword"), 15): Tapped on element 'Object Repository/Partner Politices/forword'

2022-04-21 13:28:56 - [MESSAGE][PASSED] - Tapped on element 'Object Repository/Partner Politices/forword']]></system-out>
         <system-err><![CDATA[]]></system-err>
      </testcase>
      <testcase name="Test Cases/testing/completed App" time="5.271" classname="Test Cases/testing/completed App" status="PASSED">
         <system-out><![CDATA[2022-04-21 13:28:56 - [TEST_CASE][PASSED] - Test Cases/testing/completed App: Test Cases/testing/completed App

2022-04-21 13:28:56 - [TEST_STEP][PASSED] - checkElement(findTestObject("Completed App/CONGRATS"), 15): Element 'Object Repository/Completed App/CONGRATS' is checked

2022-04-21 13:28:58 - [MESSAGE][PASSED] - Element 'Object Repository/Completed App/CONGRATS' is checked

2022-04-21 13:28:58 - [TEST_STEP][PASSED] - checkElement(findTestObject("Completed App/You are done"), 15): Element 'Object Repository/Completed App/You are done' is checked

2022-04-21 13:28:59 - [MESSAGE][PASSED] - Element 'Object Repository/Completed App/You are done' is checked

2022-04-21 13:28:59 - [TEST_STEP][PASSED] - checkElement(findTestObject("Completed App/Or really label text"), 15): Element 'Object Repository/Completed App/Or really label text' is checked

2022-04-21 13:29:00 - [MESSAGE][PASSED] - Element 'Object Repository/Completed App/Or really label text' is checked

2022-04-21 13:29:00 - [TEST_STEP][PASSED] - tap(findTestObject("Completed App/Lets See Whats next Button"), 15): Tapped on element 'Object Repository/Completed App/Lets See Whats next Button'

2022-04-21 13:29:01 - [MESSAGE][PASSED] - Tapped on element 'Object Repository/Completed App/Lets See Whats next Button']]></system-out>
         <system-err><![CDATA[]]></system-err>
      </testcase>
      <testcase name="Test Cases/testing/Permission required" time="35.856" classname="Test Cases/testing/Permission required" status="FAILED">
         <failure type="FAILED" message="Test Cases/testing/Permission required FAILED.
Reason:
com.kms.katalon.core.exception.StepFailedException: Object Object Repository/Permission Required/OK button not found
	at com.kms.katalon.core.keyword.internal.KeywordMain.stepFailed(KeywordMain.groovy:50)
	at com.kms.katalon.core.mobile.keyword.internal.MobileKeywordMain.stepFailed(MobileKeywordMain.groovy:40)
	at com.kms.katalon.core.mobile.keyword.builtin.TapKeyword$_tap_closure1.doCall(TapKeyword.groovy:79)
	at com.kms.katalon.core.mobile.keyword.builtin.TapKeyword$_tap_closure1.call(TapKeyword.groovy)
	at com.kms.katalon.core.mobile.keyword.internal.MobileKeywordMain.runKeyword(MobileKeywordMain.groovy:21)
	at com.kms.katalon.core.mobile.keyword.builtin.TapKeyword.tap(TapKeyword.groovy:86)
	at com.kms.katalon.core.mobile.keyword.builtin.TapKeyword.execute(TapKeyword.groovy:68)
	at com.kms.katalon.core.keyword.internal.KeywordExecutor.executeKeywordForPlatform(KeywordExecutor.groovy:74)
	at com.kms.katalon.core.mobile.keyword.MobileBuiltInKeywords.tap(MobileBuiltInKeywords.groovy:1355)
	at com.kms.katalon.core.mobile.keyword.MobileBuiltInKeywords$tap$1.call(Unknown Source)
	at Permission required.run(Permission required:20)
	at com.kms.katalon.core.main.ScriptEngine.run(ScriptEngine.java:194)
	at com.kms.katalon.core.main.ScriptEngine.runScriptAsRawText(ScriptEngine.java:119)
	at com.kms.katalon.core.main.TestCaseExecutor.runScript(TestCaseExecutor.java:442)
	at com.kms.katalon.core.main.TestCaseExecutor.doExecute(TestCaseExecutor.java:433)
	at com.kms.katalon.core.main.TestCaseExecutor.processExecutionPhase(TestCaseExecutor.java:412)
	at com.kms.katalon.core.main.TestCaseExecutor.accessMainPhase(TestCaseExecutor.java:404)
	at com.kms.katalon.core.main.TestCaseExecutor.execute(TestCaseExecutor.java:281)
	at com.kms.katalon.core.main.TestCaseExecutor.execute(TestCaseExecutor.java:363)
	at com.kms.katalon.core.main.TestCaseExecutor.execute(TestCaseExecutor.java:363)
	at com.kms.katalon.core.main.TestCaseExecutor.execute(TestCaseExecutor.java:363)
	at com.kms.katalon.core.main.TestSuiteExecutor.accessTestCaseMainPhase(TestSuiteExecutor.java:202)
	at com.kms.katalon.core.main.TestSuiteExecutor.accessTestSuiteMainPhase(TestSuiteExecutor.java:164)
	at com.kms.katalon.core.main.TestSuiteExecutor.execute(TestSuiteExecutor.java:105)
	at com.kms.katalon.core.main.TestCaseMain.startTestSuite(TestCaseMain.java:185)
	at com.kms.katalon.core.main.TestCaseMain$startTestSuite$0.call(Unknown Source)
	at TempTestSuite1650529362780.run(TempTestSuite1650529362780.groovy:36)
"/>
         <system-out><![CDATA[2022-04-21 13:30:40 - [TEST_CASE][FAILED] - Test Cases/testing/Permission required: Test Cases/testing/Permission required FAILED.
Reason:
com.kms.katalon.core.exception.StepFailedException: Object Object Repository/Permission Required/OK button not found
	at com.kms.katalon.core.keyword.internal.KeywordMain.stepFailed(KeywordMain.groovy:50)
	at com.kms.katalon.core.mobile.keyword.internal.MobileKeywordMain.stepFailed(MobileKeywordMain.groovy:40)
	at com.kms.katalon.core.mobile.keyword.builtin.TapKeyword$_tap_closure1.doCall(TapKeyword.groovy:79)
	at com.kms.katalon.core.mobile.keyword.builtin.TapKeyword$_tap_closure1.call(TapKeyword.groovy)
	at com.kms.katalon.core.mobile.keyword.internal.MobileKeywordMain.runKeyword(MobileKeywordMain.groovy:21)
	at com.kms.katalon.core.mobile.keyword.builtin.TapKeyword.tap(TapKeyword.groovy:86)
	at com.kms.katalon.core.mobile.keyword.builtin.TapKeyword.execute(TapKeyword.groovy:68)
	at com.kms.katalon.core.keyword.internal.KeywordExecutor.executeKeywordForPlatform(KeywordExecutor.groovy:74)
	at com.kms.katalon.core.mobile.keyword.MobileBuiltInKeywords.tap(MobileBuiltInKeywords.groovy:1355)
	at com.kms.katalon.core.mobile.keyword.MobileBuiltInKeywords$tap$1.call(Unknown Source)
	at Permission required.run(Permission required:20)
	at com.kms.katalon.core.main.ScriptEngine.run(ScriptEngine.java:194)
	at com.kms.katalon.core.main.ScriptEngine.runScriptAsRawText(ScriptEngine.java:119)
	at com.kms.katalon.core.main.TestCaseExecutor.runScript(TestCaseExecutor.java:442)
	at com.kms.katalon.core.main.TestCaseExecutor.doExecute(TestCaseExecutor.java:433)
	at com.kms.katalon.core.main.TestCaseExecutor.processExecutionPhase(TestCaseExecutor.java:412)
	at com.kms.katalon.core.main.TestCaseExecutor.accessMainPhase(TestCaseExecutor.java:404)
	at com.kms.katalon.core.main.TestCaseExecutor.execute(TestCaseExecutor.java:281)
	at com.kms.katalon.core.main.TestCaseExecutor.execute(TestCaseExecutor.java:363)
	at com.kms.katalon.core.main.TestCaseExecutor.execute(TestCaseExecutor.java:363)
	at com.kms.katalon.core.main.TestCaseExecutor.execute(TestCaseExecutor.java:363)
	at com.kms.katalon.core.main.TestSuiteExecutor.accessTestCaseMainPhase(TestSuiteExecutor.java:202)
	at com.kms.katalon.core.main.TestSuiteExecutor.accessTestSuiteMainPhase(TestSuiteExecutor.java:164)
	at com.kms.katalon.core.main.TestSuiteExecutor.execute(TestSuiteExecutor.java:105)
	at com.kms.katalon.core.main.TestCaseMain.startTestSuite(TestCaseMain.java:185)
	at com.kms.katalon.core.main.TestCaseMain$startTestSuite$0.call(Unknown Source)
	at TempTestSuite1650529362780.run(TempTestSuite1650529362780.groovy:36)


2022-04-21 13:30:40 - [TEST_STEP][FAILED] - tap(findTestObject("Permission Required/OK button"), 0): Failed to tap on element 'Object Repository/Permission Required/OK button' (Root cause: com.kms.katalon.core.exception.StepFailedException: Object Object Repository/Permission Required/OK button not found
	at com.kms.katalon.core.keyword.internal.KeywordMain.stepFailed(KeywordMain.groovy:50)
	at com.kms.katalon.core.mobile.keyword.internal.MobileKeywordMain.stepFailed(MobileKeywordMain.groovy:40)
	at com.kms.katalon.core.mobile.keyword.builtin.TapKeyword$_tap_closure1.doCall(TapKeyword.groovy:79)
	at com.kms.katalon.core.mobile.keyword.builtin.TapKeyword$_tap_closure1.call(TapKeyword.groovy)
	at com.kms.katalon.core.mobile.keyword.internal.MobileKeywordMain.runKeyword(MobileKeywordMain.groovy:21)
	at com.kms.katalon.core.mobile.keyword.builtin.TapKeyword.tap(TapKeyword.groovy:86)
	at com.kms.katalon.core.mobile.keyword.builtin.TapKeyword.execute(TapKeyword.groovy:68)
	at com.kms.katalon.core.keyword.internal.KeywordExecutor.executeKeywordForPlatform(KeywordExecutor.groovy:74)
	at com.kms.katalon.core.mobile.keyword.MobileBuiltInKeywords.tap(MobileBuiltInKeywords.groovy:1355)
	at com.kms.katalon.core.mobile.keyword.MobileBuiltInKeywords$tap$1.call(Unknown Source)
	at Permission required.run(Permission required:20)
	at com.kms.katalon.core.main.ScriptEngine.run(ScriptEngine.java:194)
	at com.kms.katalon.core.main.ScriptEngine.runScriptAsRawText(ScriptEngine.java:119)
	at com.kms.katalon.core.main.TestCaseExecutor.runScript(TestCaseExecutor.java:442)
	at com.kms.katalon.core.main.TestCaseExecutor.doExecute(TestCaseExecutor.java:433)
	at com.kms.katalon.core.main.TestCaseExecutor.processExecutionPhase(TestCaseExecutor.java:412)
	at com.kms.katalon.core.main.TestCaseExecutor.accessMainPhase(TestCaseExecutor.java:404)
	at com.kms.katalon.core.main.TestCaseExecutor.execute(TestCaseExecutor.java:281)
	at com.kms.katalon.core.main.TestCaseExecutor.execute(TestCaseExecutor.java:363)
	at com.kms.katalon.core.main.TestCaseExecutor.execute(TestCaseExecutor.java:363)
	at com.kms.katalon.core.main.TestCaseExecutor.execute(TestCaseExecutor.java:363)
	at com.kms.katalon.core.main.TestSuiteExecutor.accessTestCaseMainPhase(TestSuiteExecutor.java:202)
	at com.kms.katalon.core.main.TestSuiteExecutor.accessTestSuiteMainPhase(TestSuiteExecutor.java:164)
	at com.kms.katalon.core.main.TestSuiteExecutor.execute(TestSuiteExecutor.java:105)
	at com.kms.katalon.core.main.TestCaseMain.startTestSuite(TestCaseMain.java:185)
	at com.kms.katalon.core.main.TestCaseMain$startTestSuite$0.call(Unknown Source)
	at TempTestSuite1650529362780.run(TempTestSuite1650529362780.groovy:36)
)

2022-04-21 13:30:40 - [MESSAGE][WARNING] - Timeout '0' is invalid. Using default page load timeout: '30'

2022-04-21 13:31:11 - [MESSAGE][FAILED] - Object Object Repository/Permission Required/OK button not found
[[ATTACHMENT|C:\\Users\\Dev\\Katalon Studio\\SpotLove_Stagging\\Reports\\20220421_132242\\SpotLove Sanity\\20220421_132242\\1650529870520.png]]

2022-04-21 13:31:16 - [MESSAGE][FAILED] - Failed to tap on element 'Object Repository/Permission Required/OK button' (Root cause: com.kms.katalon.core.exception.StepFailedException: Object Object Repository/Permission Required/OK button not found
	at com.kms.katalon.core.keyword.internal.KeywordMain.stepFailed(KeywordMain.groovy:50)
	at com.kms.katalon.core.mobile.keyword.internal.MobileKeywordMain.stepFailed(MobileKeywordMain.groovy:40)
	at com.kms.katalon.core.mobile.keyword.builtin.TapKeyword$_tap_closure1.doCall(TapKeyword.groovy:79)
	at com.kms.katalon.core.mobile.keyword.builtin.TapKeyword$_tap_closure1.call(TapKeyword.groovy)
	at com.kms.katalon.core.mobile.keyword.internal.MobileKeywordMain.runKeyword(MobileKeywordMain.groovy:21)
	at com.kms.katalon.core.mobile.keyword.builtin.TapKeyword.tap(TapKeyword.groovy:86)
	at com.kms.katalon.core.mobile.keyword.builtin.TapKeyword.execute(TapKeyword.groovy:68)
	at com.kms.katalon.core.keyword.internal.KeywordExecutor.executeKeywordForPlatform(KeywordExecutor.groovy:74)
	at com.kms.katalon.core.mobile.keyword.MobileBuiltInKeywords.tap(MobileBuiltInKeywords.groovy:1355)
	at com.kms.katalon.core.mobile.keyword.MobileBuiltInKeywords$tap$1.call(Unknown Source)
	at Permission required.run(Permission required:20)
	at com.kms.katalon.core.main.ScriptEngine.run(ScriptEngine.java:194)
	at com.kms.katalon.core.main.ScriptEngine.runScriptAsRawText(ScriptEngine.java:119)
	at com.kms.katalon.core.main.TestCaseExecutor.runScript(TestCaseExecutor.java:442)
	at com.kms.katalon.core.main.TestCaseExecutor.doExecute(TestCaseExecutor.java:433)
	at com.kms.katalon.core.main.TestCaseExecutor.processExecutionPhase(TestCaseExecutor.java:412)
	at com.kms.katalon.core.main.TestCaseExecutor.accessMainPhase(TestCaseExecutor.java:404)
	at com.kms.katalon.core.main.TestCaseExecutor.execute(TestCaseExecutor.java:281)
	at com.kms.katalon.core.main.TestCaseExecutor.execute(TestCaseExecutor.java:363)
	at com.kms.katalon.core.main.TestCaseExecutor.execute(TestCaseExecutor.java:363)
	at com.kms.katalon.core.main.TestCaseExecutor.execute(TestCaseExecutor.java:363)
	at com.kms.katalon.core.main.TestSuiteExecutor.accessTestCaseMainPhase(TestSuiteExecutor.java:202)
	at com.kms.katalon.core.main.TestSuiteExecutor.accessTestSuiteMainPhase(TestSuiteExecutor.java:164)
	at com.kms.katalon.core.main.TestSuiteExecutor.execute(TestSuiteExecutor.java:105)
	at com.kms.katalon.core.main.TestCaseMain.startTestSuite(TestCaseMain.java:185)
	at com.kms.katalon.core.main.TestCaseMain$startTestSuite$0.call(Unknown Source)
	at TempTestSuite1650529362780.run(TempTestSuite1650529362780.groovy:36)
)
[[ATTACHMENT|C:\\Users\\Dev\\Katalon Studio\\SpotLove_Stagging\\Reports\\20220421_132242\\SpotLove Sanity\\20220421_132242\\1650529871881.png]]]]></system-out>
         <system-err><![CDATA[2022-04-21 13:30:40 - [TEST_CASE][FAILED] - Test Cases/testing/Permission required: Test Cases/testing/Permission required FAILED.
Reason:
com.kms.katalon.core.exception.StepFailedException: Object Object Repository/Permission Required/OK button not found
	at com.kms.katalon.core.keyword.internal.KeywordMain.stepFailed(KeywordMain.groovy:50)
	at com.kms.katalon.core.mobile.keyword.internal.MobileKeywordMain.stepFailed(MobileKeywordMain.groovy:40)
	at com.kms.katalon.core.mobile.keyword.builtin.TapKeyword$_tap_closure1.doCall(TapKeyword.groovy:79)
	at com.kms.katalon.core.mobile.keyword.builtin.TapKeyword$_tap_closure1.call(TapKeyword.groovy)
	at com.kms.katalon.core.mobile.keyword.internal.MobileKeywordMain.runKeyword(MobileKeywordMain.groovy:21)
	at com.kms.katalon.core.mobile.keyword.builtin.TapKeyword.tap(TapKeyword.groovy:86)
	at com.kms.katalon.core.mobile.keyword.builtin.TapKeyword.execute(TapKeyword.groovy:68)
	at com.kms.katalon.core.keyword.internal.KeywordExecutor.executeKeywordForPlatform(KeywordExecutor.groovy:74)
	at com.kms.katalon.core.mobile.keyword.MobileBuiltInKeywords.tap(MobileBuiltInKeywords.groovy:1355)
	at com.kms.katalon.core.mobile.keyword.MobileBuiltInKeywords$tap$1.call(Unknown Source)
	at Permission required.run(Permission required:20)
	at com.kms.katalon.core.main.ScriptEngine.run(ScriptEngine.java:194)
	at com.kms.katalon.core.main.ScriptEngine.runScriptAsRawText(ScriptEngine.java:119)
	at com.kms.katalon.core.main.TestCaseExecutor.runScript(TestCaseExecutor.java:442)
	at com.kms.katalon.core.main.TestCaseExecutor.doExecute(TestCaseExecutor.java:433)
	at com.kms.katalon.core.main.TestCaseExecutor.processExecutionPhase(TestCaseExecutor.java:412)
	at com.kms.katalon.core.main.TestCaseExecutor.accessMainPhase(TestCaseExecutor.java:404)
	at com.kms.katalon.core.main.TestCaseExecutor.execute(TestCaseExecutor.java:281)
	at com.kms.katalon.core.main.TestCaseExecutor.execute(TestCaseExecutor.java:363)
	at com.kms.katalon.core.main.TestCaseExecutor.execute(TestCaseExecutor.java:363)
	at com.kms.katalon.core.main.TestCaseExecutor.execute(TestCaseExecutor.java:363)
	at com.kms.katalon.core.main.TestSuiteExecutor.accessTestCaseMainPhase(TestSuiteExecutor.java:202)
	at com.kms.katalon.core.main.TestSuiteExecutor.accessTestSuiteMainPhase(TestSuiteExecutor.java:164)
	at com.kms.katalon.core.main.TestSuiteExecutor.execute(TestSuiteExecutor.java:105)
	at com.kms.katalon.core.main.TestCaseMain.startTestSuite(TestCaseMain.java:185)
	at com.kms.katalon.core.main.TestCaseMain$startTestSuite$0.call(Unknown Source)
	at TempTestSuite1650529362780.run(TempTestSuite1650529362780.groovy:36)]]></system-err>
      </testcase>
      <testcase name="Test Cases/testing/Matches Tab" time="16.383" classname="Test Cases/testing/Matches Tab" status="FAILED">
         <failure type="FAILED" message="Test Cases/testing/Matches Tab FAILED.
Reason:
com.kms.katalon.core.exception.StepFailedException: Failed to tap on element 'Object Repository/Matches Tab/matches tab' (Root cause: org.openqa.selenium.InvalidElementStateException: Tap at [x=2.0, y=1474.0] has failed
Build info: version: '3.141.59', revision: 'e82be7d358', time: '2018-11-14T08:25:53'
System info: host: 'DESKTOP-3CP89AN', ip: '192.168.88.93', os.name: 'Windows 10', os.arch: 'amd64', os.version: '10.0', java.version: '1.8.0_282'
Driver info: com.kms.katalon.core.appium.driver.SwipeableAndroidDriver
Capabilities {appActivity: .Settings, appPackage: com.android.settings, autoGrantPermissions: true, automationName: uiautomator2, chromedriverPort: 52321, databaseEnabled: false, desired: {appActivity: .Settings, appPackage: com.android.settings, autoGrantPermissions: true, automationName: uiautomator2, chromedriverPort: 52321, deviceName: samsung SM-M115F (Android 11), newCommandTimeout: 1800, platform: ANDROID, platformName: android, platformVersion: 11, systemPort: 8272, udid: R9JN713GGNJ}, deviceApiLevel: 30, deviceManufacturer: samsung, deviceModel: SM-M115F, deviceName: R9JN713GGNJ, deviceScreenDensity: 280, deviceScreenSize: 720x1560, deviceUDID: R9JN713GGNJ, javascriptEnabled: true, locationContextEnabled: false, networkConnectionEnabled: true, newCommandTimeout: 1800, pixelRatio: 1.75, platform: ANDROID, platformName: Android, platformVersion: 11, statBarHeight: 65, systemPort: 8272, takesScreenshot: true, udid: R9JN713GGNJ, viewportRect: {height: 1346, left: 0, top: 65, width: 720}, warnings: {}, webStorageEnabled: false}
Session ID: fd0b1636-2320-48fd-b5ff-0800542b8543
	at org.openqa.selenium.remote.http.W3CHttpResponseCodec.createException(W3CHttpResponseCodec.java:187)
	at org.openqa.selenium.remote.http.W3CHttpResponseCodec.decode(W3CHttpResponseCodec.java:122)
	at org.openqa.selenium.remote.http.W3CHttpResponseCodec.decode(W3CHttpResponseCodec.java:49)
	at org.openqa.selenium.remote.HttpCommandExecutor.execute(HttpCommandExecutor.java:158)
	at io.appium.java_client.remote.AppiumCommandExecutor.execute(AppiumCommandExecutor.java:239)
	at org.openqa.selenium.remote.RemoteWebDriver.execute(RemoteWebDriver.java:552)
	at io.appium.java_client.DefaultGenericMobileDriver.execute(DefaultGenericMobileDriver.java:42)
	at io.appium.java_client.AppiumDriver.execute(AppiumDriver.java:1)
	at io.appium.java_client.android.AndroidDriver.execute(AndroidDriver.java:1)
	at com.kms.katalon.core.appium.driver.SwipeableAndroidDriver.execute(SwipeableAndroidDriver.java:1)
	at io.appium.java_client.PerformsTouchActions.performTouchAction(PerformsTouchActions.java:41)
	at io.appium.java_client.TouchAction.perform(TouchAction.java:187)
	at com.kms.katalon.core.mobile.keyword.builtin.TapKeyword$_tap_closure1.doCall(TapKeyword.groovy:84)
	at com.kms.katalon.core.mobile.keyword.builtin.TapKeyword$_tap_closure1.call(TapKeyword.groovy)
	at com.kms.katalon.core.mobile.keyword.internal.MobileKeywordMain.runKeyword(MobileKeywordMain.groovy:21)
	at com.kms.katalon.core.mobile.keyword.builtin.TapKeyword.tap(TapKeyword.groovy:86)
	at com.kms.katalon.core.mobile.keyword.builtin.TapKeyword.execute(TapKeyword.groovy:68)
	at com.kms.katalon.core.keyword.internal.KeywordExecutor.executeKeywordForPlatform(KeywordExecutor.groovy:74)
	at com.kms.katalon.core.mobile.keyword.MobileBuiltInKeywords.tap(MobileBuiltInKeywords.groovy:1355)
	at com.kms.katalon.core.mobile.keyword.MobileBuiltInKeywords$tap$1.call(Unknown Source)
	at Matches Tab.run(Matches Tab:20)
	at com.kms.katalon.core.main.ScriptEngine.run(ScriptEngine.java:194)
	at com.kms.katalon.core.main.ScriptEngine.runScriptAsRawText(ScriptEngine.java:119)
	at com.kms.katalon.core.main.TestCaseExecutor.runScript(TestCaseExecutor.java:442)
	at com.kms.katalon.core.main.TestCaseExecutor.doExecute(TestCaseExecutor.java:433)
	at com.kms.katalon.core.main.TestCaseExecutor.processExecutionPhase(TestCaseExecutor.java:412)
	at com.kms.katalon.core.main.TestCaseExecutor.accessMainPhase(TestCaseExecutor.java:404)
	at com.kms.katalon.core.main.TestCaseExecutor.execute(TestCaseExecutor.java:281)
	at com.kms.katalon.core.main.TestCaseExecutor.execute(TestCaseExecutor.java:363)
	at com.kms.katalon.core.main.TestCaseExecutor.execute(TestCaseExecutor.java:363)
	at com.kms.katalon.core.main.TestCaseExecutor.execute(TestCaseExecutor.java:363)
	at com.kms.katalon.core.main.TestSuiteExecutor.accessTestCaseMainPhase(TestSuiteExecutor.java:202)
	at com.kms.katalon.core.main.TestSuiteExecutor.accessTestSuiteMainPhase(TestSuiteExecutor.java:164)
	at com.kms.katalon.core.main.TestSuiteExecutor.execute(TestSuiteExecutor.java:105)
	at com.kms.katalon.core.main.TestCaseMain.startTestSuite(TestCaseMain.java:185)
	at com.kms.katalon.core.main.TestCaseMain$startTestSuite$0.call(Unknown Source)
	at TempTestSuite1650529362780.run(TempTestSuite1650529362780.groovy:36)
)
	at com.kms.katalon.core.keyword.internal.KeywordMain.stepFailed(KeywordMain.groovy:50)
	at com.kms.katalon.core.mobile.keyword.internal.MobileKeywordMain.stepFailed(MobileKeywordMain.groovy:40)
	at com.kms.katalon.core.mobile.keyword.internal.MobileKeywordMain.runKeyword(MobileKeywordMain.groovy:23)
	at com.kms.katalon.core.mobile.keyword.builtin.TapKeyword.tap(TapKeyword.groovy:86)
	at com.kms.katalon.core.mobile.keyword.builtin.TapKeyword.execute(TapKeyword.groovy:68)
	at com.kms.katalon.core.keyword.internal.KeywordExecutor.executeKeywordForPlatform(KeywordExecutor.groovy:74)
	at com.kms.katalon.core.mobile.keyword.MobileBuiltInKeywords.tap(MobileBuiltInKeywords.groovy:1355)
	at com.kms.katalon.core.mobile.keyword.MobileBuiltInKeywords$tap$1.call(Unknown Source)
	at Matches Tab.run(Matches Tab:20)
	at com.kms.katalon.core.main.ScriptEngine.run(ScriptEngine.java:194)
	at com.kms.katalon.core.main.ScriptEngine.runScriptAsRawText(ScriptEngine.java:119)
	at com.kms.katalon.core.main.TestCaseExecutor.runScript(TestCaseExecutor.java:442)
	at com.kms.katalon.core.main.TestCaseExecutor.doExecute(TestCaseExecutor.java:433)
	at com.kms.katalon.core.main.TestCaseExecutor.processExecutionPhase(TestCaseExecutor.java:412)
	at com.kms.katalon.core.main.TestCaseExecutor.accessMainPhase(TestCaseExecutor.java:404)
	at com.kms.katalon.core.main.TestCaseExecutor.execute(TestCaseExecutor.java:281)
	at com.kms.katalon.core.main.TestCaseExecutor.execute(TestCaseExecutor.java:363)
	at com.kms.katalon.core.main.TestCaseExecutor.execute(TestCaseExecutor.java:363)
	at com.kms.katalon.core.main.TestCaseExecutor.execute(TestCaseExecutor.java:363)
	at com.kms.katalon.core.main.TestSuiteExecutor.accessTestCaseMainPhase(TestSuiteExecutor.java:202)
	at com.kms.katalon.core.main.TestSuiteExecutor.accessTestSuiteMainPhase(TestSuiteExecutor.java:164)
	at com.kms.katalon.core.main.TestSuiteExecutor.execute(TestSuiteExecutor.java:105)
	at com.kms.katalon.core.main.TestCaseMain.startTestSuite(TestCaseMain.java:185)
	at com.kms.katalon.core.main.TestCaseMain$startTestSuite$0.call(Unknown Source)
	at TempTestSuite1650529362780.run(TempTestSuite1650529362780.groovy:36)
Caused by: org.openqa.selenium.InvalidElementStateException: Tap at [x=2.0, y=1474.0] has failed
Build info: version: '3.141.59', revision: 'e82be7d358', time: '2018-11-14T08:25:53'
System info: host: 'DESKTOP-3CP89AN', ip: '192.168.88.93', os.name: 'Windows 10', os.arch: 'amd64', os.version: '10.0', java.version: '1.8.0_282'
Driver info: com.kms.katalon.core.appium.driver.SwipeableAndroidDriver
Capabilities {appActivity: .Settings, appPackage: com.android.settings, autoGrantPermissions: true, automationName: uiautomator2, chromedriverPort: 52321, databaseEnabled: false, desired: {appActivity: .Settings, appPackage: com.android.settings, autoGrantPermissions: true, automationName: uiautomator2, chromedriverPort: 52321, deviceName: samsung SM-M115F (Android 11), newCommandTimeout: 1800, platform: ANDROID, platformName: android, platformVersion: 11, systemPort: 8272, udid: R9JN713GGNJ}, deviceApiLevel: 30, deviceManufacturer: samsung, deviceModel: SM-M115F, deviceName: R9JN713GGNJ, deviceScreenDensity: 280, deviceScreenSize: 720x1560, deviceUDID: R9JN713GGNJ, javascriptEnabled: true, locationContextEnabled: false, networkConnectionEnabled: true, newCommandTimeout: 1800, pixelRatio: 1.75, platform: ANDROID, platformName: Android, platformVersion: 11, statBarHeight: 65, systemPort: 8272, takesScreenshot: true, udid: R9JN713GGNJ, viewportRect: {height: 1346, left: 0, top: 65, width: 720}, warnings: {}, webStorageEnabled: false}
Session ID: fd0b1636-2320-48fd-b5ff-0800542b8543
	at org.openqa.selenium.remote.http.W3CHttpResponseCodec.createException(W3CHttpResponseCodec.java:187)
	at org.openqa.selenium.remote.http.W3CHttpResponseCodec.decode(W3CHttpResponseCodec.java:122)
	at org.openqa.selenium.remote.http.W3CHttpResponseCodec.decode(W3CHttpResponseCodec.java:49)
	at org.openqa.selenium.remote.HttpCommandExecutor.execute(HttpCommandExecutor.java:158)
	at io.appium.java_client.remote.AppiumCommandExecutor.execute(AppiumCommandExecutor.java:239)
	at org.openqa.selenium.remote.RemoteWebDriver.execute(RemoteWebDriver.java:552)
	at io.appium.java_client.DefaultGenericMobileDriver.execute(DefaultGenericMobileDriver.java:42)
	at io.appium.java_client.AppiumDriver.execute(AppiumDriver.java:1)
	at io.appium.java_client.android.AndroidDriver.execute(AndroidDriver.java:1)
	at com.kms.katalon.core.appium.driver.SwipeableAndroidDriver.execute(SwipeableAndroidDriver.java:1)
	at io.appium.java_client.PerformsTouchActions.performTouchAction(PerformsTouchActions.java:41)
	at io.appium.java_client.TouchAction.perform(TouchAction.java:187)
	at com.kms.katalon.core.mobile.keyword.builtin.TapKeyword$_tap_closure1.doCall(TapKeyword.groovy:84)
	at com.kms.katalon.core.mobile.keyword.builtin.TapKeyword$_tap_closure1.call(TapKeyword.groovy)
	at com.kms.katalon.core.mobile.keyword.internal.MobileKeywordMain.runKeyword(MobileKeywordMain.groovy:21)
	... 22 more
"/>
         <system-out><![CDATA[2022-04-21 13:32:06 - [TEST_CASE][FAILED] - Test Cases/testing/Matches Tab: Test Cases/testing/Matches Tab FAILED.
Reason:
com.kms.katalon.core.exception.StepFailedException: Failed to tap on element 'Object Repository/Matches Tab/matches tab' (Root cause: org.openqa.selenium.InvalidElementStateException: Tap at [x=2.0, y=1474.0] has failed
Build info: version: '3.141.59', revision: 'e82be7d358', time: '2018-11-14T08:25:53'
System info: host: 'DESKTOP-3CP89AN', ip: '192.168.88.93', os.name: 'Windows 10', os.arch: 'amd64', os.version: '10.0', java.version: '1.8.0_282'
Driver info: com.kms.katalon.core.appium.driver.SwipeableAndroidDriver
Capabilities {appActivity: .Settings, appPackage: com.android.settings, autoGrantPermissions: true, automationName: uiautomator2, chromedriverPort: 52321, databaseEnabled: false, desired: {appActivity: .Settings, appPackage: com.android.settings, autoGrantPermissions: true, automationName: uiautomator2, chromedriverPort: 52321, deviceName: samsung SM-M115F (Android 11), newCommandTimeout: 1800, platform: ANDROID, platformName: android, platformVersion: 11, systemPort: 8272, udid: R9JN713GGNJ}, deviceApiLevel: 30, deviceManufacturer: samsung, deviceModel: SM-M115F, deviceName: R9JN713GGNJ, deviceScreenDensity: 280, deviceScreenSize: 720x1560, deviceUDID: R9JN713GGNJ, javascriptEnabled: true, locationContextEnabled: false, networkConnectionEnabled: true, newCommandTimeout: 1800, pixelRatio: 1.75, platform: ANDROID, platformName: Android, platformVersion: 11, statBarHeight: 65, systemPort: 8272, takesScreenshot: true, udid: R9JN713GGNJ, viewportRect: {height: 1346, left: 0, top: 65, width: 720}, warnings: {}, webStorageEnabled: false}
Session ID: fd0b1636-2320-48fd-b5ff-0800542b8543
	at org.openqa.selenium.remote.http.W3CHttpResponseCodec.createException(W3CHttpResponseCodec.java:187)
	at org.openqa.selenium.remote.http.W3CHttpResponseCodec.decode(W3CHttpResponseCodec.java:122)
	at org.openqa.selenium.remote.http.W3CHttpResponseCodec.decode(W3CHttpResponseCodec.java:49)
	at org.openqa.selenium.remote.HttpCommandExecutor.execute(HttpCommandExecutor.java:158)
	at io.appium.java_client.remote.AppiumCommandExecutor.execute(AppiumCommandExecutor.java:239)
	at org.openqa.selenium.remote.RemoteWebDriver.execute(RemoteWebDriver.java:552)
	at io.appium.java_client.DefaultGenericMobileDriver.execute(DefaultGenericMobileDriver.java:42)
	at io.appium.java_client.AppiumDriver.execute(AppiumDriver.java:1)
	at io.appium.java_client.android.AndroidDriver.execute(AndroidDriver.java:1)
	at com.kms.katalon.core.appium.driver.SwipeableAndroidDriver.execute(SwipeableAndroidDriver.java:1)
	at io.appium.java_client.PerformsTouchActions.performTouchAction(PerformsTouchActions.java:41)
	at io.appium.java_client.TouchAction.perform(TouchAction.java:187)
	at com.kms.katalon.core.mobile.keyword.builtin.TapKeyword$_tap_closure1.doCall(TapKeyword.groovy:84)
	at com.kms.katalon.core.mobile.keyword.builtin.TapKeyword$_tap_closure1.call(TapKeyword.groovy)
	at com.kms.katalon.core.mobile.keyword.internal.MobileKeywordMain.runKeyword(MobileKeywordMain.groovy:21)
	at com.kms.katalon.core.mobile.keyword.builtin.TapKeyword.tap(TapKeyword.groovy:86)
	at com.kms.katalon.core.mobile.keyword.builtin.TapKeyword.execute(TapKeyword.groovy:68)
	at com.kms.katalon.core.keyword.internal.KeywordExecutor.executeKeywordForPlatform(KeywordExecutor.groovy:74)
	at com.kms.katalon.core.mobile.keyword.MobileBuiltInKeywords.tap(MobileBuiltInKeywords.groovy:1355)
	at com.kms.katalon.core.mobile.keyword.MobileBuiltInKeywords$tap$1.call(Unknown Source)
	at Matches Tab.run(Matches Tab:20)
	at com.kms.katalon.core.main.ScriptEngine.run(ScriptEngine.java:194)
	at com.kms.katalon.core.main.ScriptEngine.runScriptAsRawText(ScriptEngine.java:119)
	at com.kms.katalon.core.main.TestCaseExecutor.runScript(TestCaseExecutor.java:442)
	at com.kms.katalon.core.main.TestCaseExecutor.doExecute(TestCaseExecutor.java:433)
	at com.kms.katalon.core.main.TestCaseExecutor.processExecutionPhase(TestCaseExecutor.java:412)
	at com.kms.katalon.core.main.TestCaseExecutor.accessMainPhase(TestCaseExecutor.java:404)
	at com.kms.katalon.core.main.TestCaseExecutor.execute(TestCaseExecutor.java:281)
	at com.kms.katalon.core.main.TestCaseExecutor.execute(TestCaseExecutor.java:363)
	at com.kms.katalon.core.main.TestCaseExecutor.execute(TestCaseExecutor.java:363)
	at com.kms.katalon.core.main.TestCaseExecutor.execute(TestCaseExecutor.java:363)
	at com.kms.katalon.core.main.TestSuiteExecutor.accessTestCaseMainPhase(TestSuiteExecutor.java:202)
	at com.kms.katalon.core.main.TestSuiteExecutor.accessTestSuiteMainPhase(TestSuiteExecutor.java:164)
	at com.kms.katalon.core.main.TestSuiteExecutor.execute(TestSuiteExecutor.java:105)
	at com.kms.katalon.core.main.TestCaseMain.startTestSuite(TestCaseMain.java:185)
	at com.kms.katalon.core.main.TestCaseMain$startTestSuite$0.call(Unknown Source)
	at TempTestSuite1650529362780.run(TempTestSuite1650529362780.groovy:36)
)
	at com.kms.katalon.core.keyword.internal.KeywordMain.stepFailed(KeywordMain.groovy:50)
	at com.kms.katalon.core.mobile.keyword.internal.MobileKeywordMain.stepFailed(MobileKeywordMain.groovy:40)
	at com.kms.katalon.core.mobile.keyword.internal.MobileKeywordMain.runKeyword(MobileKeywordMain.groovy:23)
	at com.kms.katalon.core.mobile.keyword.builtin.TapKeyword.tap(TapKeyword.groovy:86)
	at com.kms.katalon.core.mobile.keyword.builtin.TapKeyword.execute(TapKeyword.groovy:68)
	at com.kms.katalon.core.keyword.internal.KeywordExecutor.executeKeywordForPlatform(KeywordExecutor.groovy:74)
	at com.kms.katalon.core.mobile.keyword.MobileBuiltInKeywords.tap(MobileBuiltInKeywords.groovy:1355)
	at com.kms.katalon.core.mobile.keyword.MobileBuiltInKeywords$tap$1.call(Unknown Source)
	at Matches Tab.run(Matches Tab:20)
	at com.kms.katalon.core.main.ScriptEngine.run(ScriptEngine.java:194)
	at com.kms.katalon.core.main.ScriptEngine.runScriptAsRawText(ScriptEngine.java:119)
	at com.kms.katalon.core.main.TestCaseExecutor.runScript(TestCaseExecutor.java:442)
	at com.kms.katalon.core.main.TestCaseExecutor.doExecute(TestCaseExecutor.java:433)
	at com.kms.katalon.core.main.TestCaseExecutor.processExecutionPhase(TestCaseExecutor.java:412)
	at com.kms.katalon.core.main.TestCaseExecutor.accessMainPhase(TestCaseExecutor.java:404)
	at com.kms.katalon.core.main.TestCaseExecutor.execute(TestCaseExecutor.java:281)
	at com.kms.katalon.core.main.TestCaseExecutor.execute(TestCaseExecutor.java:363)
	at com.kms.katalon.core.main.TestCaseExecutor.execute(TestCaseExecutor.java:363)
	at com.kms.katalon.core.main.TestCaseExecutor.execute(TestCaseExecutor.java:363)
	at com.kms.katalon.core.main.TestSuiteExecutor.accessTestCaseMainPhase(TestSuiteExecutor.java:202)
	at com.kms.katalon.core.main.TestSuiteExecutor.accessTestSuiteMainPhase(TestSuiteExecutor.java:164)
	at com.kms.katalon.core.main.TestSuiteExecutor.execute(TestSuiteExecutor.java:105)
	at com.kms.katalon.core.main.TestCaseMain.startTestSuite(TestCaseMain.java:185)
	at com.kms.katalon.core.main.TestCaseMain$startTestSuite$0.call(Unknown Source)
	at TempTestSuite1650529362780.run(TempTestSuite1650529362780.groovy:36)
Caused by: org.openqa.selenium.InvalidElementStateException: Tap at [x=2.0, y=1474.0] has failed
Build info: version: '3.141.59', revision: 'e82be7d358', time: '2018-11-14T08:25:53'
System info: host: 'DESKTOP-3CP89AN', ip: '192.168.88.93', os.name: 'Windows 10', os.arch: 'amd64', os.version: '10.0', java.version: '1.8.0_282'
Driver info: com.kms.katalon.core.appium.driver.SwipeableAndroidDriver
Capabilities {appActivity: .Settings, appPackage: com.android.settings, autoGrantPermissions: true, automationName: uiautomator2, chromedriverPort: 52321, databaseEnabled: false, desired: {appActivity: .Settings, appPackage: com.android.settings, autoGrantPermissions: true, automationName: uiautomator2, chromedriverPort: 52321, deviceName: samsung SM-M115F (Android 11), newCommandTimeout: 1800, platform: ANDROID, platformName: android, platformVersion: 11, systemPort: 8272, udid: R9JN713GGNJ}, deviceApiLevel: 30, deviceManufacturer: samsung, deviceModel: SM-M115F, deviceName: R9JN713GGNJ, deviceScreenDensity: 280, deviceScreenSize: 720x1560, deviceUDID: R9JN713GGNJ, javascriptEnabled: true, locationContextEnabled: false, networkConnectionEnabled: true, newCommandTimeout: 1800, pixelRatio: 1.75, platform: ANDROID, platformName: Android, platformVersion: 11, statBarHeight: 65, systemPort: 8272, takesScreenshot: true, udid: R9JN713GGNJ, viewportRect: {height: 1346, left: 0, top: 65, width: 720}, warnings: {}, webStorageEnabled: false}
Session ID: fd0b1636-2320-48fd-b5ff-0800542b8543
	at org.openqa.selenium.remote.http.W3CHttpResponseCodec.createException(W3CHttpResponseCodec.java:187)
	at org.openqa.selenium.remote.http.W3CHttpResponseCodec.decode(W3CHttpResponseCodec.java:122)
	at org.openqa.selenium.remote.http.W3CHttpResponseCodec.decode(W3CHttpResponseCodec.java:49)
	at org.openqa.selenium.remote.HttpCommandExecutor.execute(HttpCommandExecutor.java:158)
	at io.appium.java_client.remote.AppiumCommandExecutor.execute(AppiumCommandExecutor.java:239)
	at org.openqa.selenium.remote.RemoteWebDriver.execute(RemoteWebDriver.java:552)
	at io.appium.java_client.DefaultGenericMobileDriver.execute(DefaultGenericMobileDriver.java:42)
	at io.appium.java_client.AppiumDriver.execute(AppiumDriver.java:1)
	at io.appium.java_client.android.AndroidDriver.execute(AndroidDriver.java:1)
	at com.kms.katalon.core.appium.driver.SwipeableAndroidDriver.execute(SwipeableAndroidDriver.java:1)
	at io.appium.java_client.PerformsTouchActions.performTouchAction(PerformsTouchActions.java:41)
	at io.appium.java_client.TouchAction.perform(TouchAction.java:187)
	at com.kms.katalon.core.mobile.keyword.builtin.TapKeyword$_tap_closure1.doCall(TapKeyword.groovy:84)
	at com.kms.katalon.core.mobile.keyword.builtin.TapKeyword$_tap_closure1.call(TapKeyword.groovy)
	at com.kms.katalon.core.mobile.keyword.internal.MobileKeywordMain.runKeyword(MobileKeywordMain.groovy:21)
	... 22 more


2022-04-21 13:32:06 - [TEST_STEP][FAILED] - tap(findTestObject("Matches Tab/matches tab"), 15): Failed to tap on element 'Object Repository/Matches Tab/matches tab' (Root cause: org.openqa.selenium.InvalidElementStateException: Tap at [x=2.0, y=1474.0] has failed
Build info: version: '3.141.59', revision: 'e82be7d358', time: '2018-11-14T08:25:53'
System info: host: 'DESKTOP-3CP89AN', ip: '192.168.88.93', os.name: 'Windows 10', os.arch: 'amd64', os.version: '10.0', java.version: '1.8.0_282'
Driver info: com.kms.katalon.core.appium.driver.SwipeableAndroidDriver
Capabilities {appActivity: .Settings, appPackage: com.android.settings, autoGrantPermissions: true, automationName: uiautomator2, chromedriverPort: 52321, databaseEnabled: false, desired: {appActivity: .Settings, appPackage: com.android.settings, autoGrantPermissions: true, automationName: uiautomator2, chromedriverPort: 52321, deviceName: samsung SM-M115F (Android 11), newCommandTimeout: 1800, platform: ANDROID, platformName: android, platformVersion: 11, systemPort: 8272, udid: R9JN713GGNJ}, deviceApiLevel: 30, deviceManufacturer: samsung, deviceModel: SM-M115F, deviceName: R9JN713GGNJ, deviceScreenDensity: 280, deviceScreenSize: 720x1560, deviceUDID: R9JN713GGNJ, javascriptEnabled: true, locationContextEnabled: false, networkConnectionEnabled: true, newCommandTimeout: 1800, pixelRatio: 1.75, platform: ANDROID, platformName: Android, platformVersion: 11, statBarHeight: 65, systemPort: 8272, takesScreenshot: true, udid: R9JN713GGNJ, viewportRect: {height: 1346, left: 0, top: 65, width: 720}, warnings: {}, webStorageEnabled: false}
Session ID: fd0b1636-2320-48fd-b5ff-0800542b8543
	at org.openqa.selenium.remote.http.W3CHttpResponseCodec.createException(W3CHttpResponseCodec.java:187)
	at org.openqa.selenium.remote.http.W3CHttpResponseCodec.decode(W3CHttpResponseCodec.java:122)
	at org.openqa.selenium.remote.http.W3CHttpResponseCodec.decode(W3CHttpResponseCodec.java:49)
	at org.openqa.selenium.remote.HttpCommandExecutor.execute(HttpCommandExecutor.java:158)
	at io.appium.java_client.remote.AppiumCommandExecutor.execute(AppiumCommandExecutor.java:239)
	at org.openqa.selenium.remote.RemoteWebDriver.execute(RemoteWebDriver.java:552)
	at io.appium.java_client.DefaultGenericMobileDriver.execute(DefaultGenericMobileDriver.java:42)
	at io.appium.java_client.AppiumDriver.execute(AppiumDriver.java:1)
	at io.appium.java_client.android.AndroidDriver.execute(AndroidDriver.java:1)
	at com.kms.katalon.core.appium.driver.SwipeableAndroidDriver.execute(SwipeableAndroidDriver.java:1)
	at io.appium.java_client.PerformsTouchActions.performTouchAction(PerformsTouchActions.java:41)
	at io.appium.java_client.TouchAction.perform(TouchAction.java:187)
	at com.kms.katalon.core.mobile.keyword.builtin.TapKeyword$_tap_closure1.doCall(TapKeyword.groovy:84)
	at com.kms.katalon.core.mobile.keyword.builtin.TapKeyword$_tap_closure1.call(TapKeyword.groovy)
	at com.kms.katalon.core.mobile.keyword.internal.MobileKeywordMain.runKeyword(MobileKeywordMain.groovy:21)
	at com.kms.katalon.core.mobile.keyword.builtin.TapKeyword.tap(TapKeyword.groovy:86)
	at com.kms.katalon.core.mobile.keyword.builtin.TapKeyword.execute(TapKeyword.groovy:68)
	at com.kms.katalon.core.keyword.internal.KeywordExecutor.executeKeywordForPlatform(KeywordExecutor.groovy:74)
	at com.kms.katalon.core.mobile.keyword.MobileBuiltInKeywords.tap(MobileBuiltInKeywords.groovy:1355)
	at com.kms.katalon.core.mobile.keyword.MobileBuiltInKeywords$tap$1.call(Unknown Source)
	at Matches Tab.run(Matches Tab:20)
	at com.kms.katalon.core.main.ScriptEngine.run(ScriptEngine.java:194)
	at com.kms.katalon.core.main.ScriptEngine.runScriptAsRawText(ScriptEngine.java:119)
	at com.kms.katalon.core.main.TestCaseExecutor.runScript(TestCaseExecutor.java:442)
	at com.kms.katalon.core.main.TestCaseExecutor.doExecute(TestCaseExecutor.java:433)
	at com.kms.katalon.core.main.TestCaseExecutor.processExecutionPhase(TestCaseExecutor.java:412)
	at com.kms.katalon.core.main.TestCaseExecutor.accessMainPhase(TestCaseExecutor.java:404)
	at com.kms.katalon.core.main.TestCaseExecutor.execute(TestCaseExecutor.java:281)
	at com.kms.katalon.core.main.TestCaseExecutor.execute(TestCaseExecutor.java:363)
	at com.kms.katalon.core.main.TestCaseExecutor.execute(TestCaseExecutor.java:363)
	at com.kms.katalon.core.main.TestCaseExecutor.execute(TestCaseExecutor.java:363)
	at com.kms.katalon.core.main.TestSuiteExecutor.accessTestCaseMainPhase(TestSuiteExecutor.java:202)
	at com.kms.katalon.core.main.TestSuiteExecutor.accessTestSuiteMainPhase(TestSuiteExecutor.java:164)
	at com.kms.katalon.core.main.TestSuiteExecutor.execute(TestSuiteExecutor.java:105)
	at com.kms.katalon.core.main.TestCaseMain.startTestSuite(TestCaseMain.java:185)
	at com.kms.katalon.core.main.TestCaseMain$startTestSuite$0.call(Unknown Source)
	at TempTestSuite1650529362780.run(TempTestSuite1650529362780.groovy:36)
)

2022-04-21 13:32:22 - [MESSAGE][FAILED] - Failed to tap on element 'Object Repository/Matches Tab/matches tab' (Root cause: org.openqa.selenium.InvalidElementStateException: Tap at [x=2.0, y=1474.0] has failed
Build info: version: '3.141.59', revision: 'e82be7d358', time: '2018-11-14T08:25:53'
System info: host: 'DESKTOP-3CP89AN', ip: '192.168.88.93', os.name: 'Windows 10', os.arch: 'amd64', os.version: '10.0', java.version: '1.8.0_282'
Driver info: com.kms.katalon.core.appium.driver.SwipeableAndroidDriver
Capabilities {appActivity: .Settings, appPackage: com.android.settings, autoGrantPermissions: true, automationName: uiautomator2, chromedriverPort: 52321, databaseEnabled: false, desired: {appActivity: .Settings, appPackage: com.android.settings, autoGrantPermissions: true, automationName: uiautomator2, chromedriverPort: 52321, deviceName: samsung SM-M115F (Android 11), newCommandTimeout: 1800, platform: ANDROID, platformName: android, platformVersion: 11, systemPort: 8272, udid: R9JN713GGNJ}, deviceApiLevel: 30, deviceManufacturer: samsung, deviceModel: SM-M115F, deviceName: R9JN713GGNJ, deviceScreenDensity: 280, deviceScreenSize: 720x1560, deviceUDID: R9JN713GGNJ, javascriptEnabled: true, locationContextEnabled: false, networkConnectionEnabled: true, newCommandTimeout: 1800, pixelRatio: 1.75, platform: ANDROID, platformName: Android, platformVersion: 11, statBarHeight: 65, systemPort: 8272, takesScreenshot: true, udid: R9JN713GGNJ, viewportRect: {height: 1346, left: 0, top: 65, width: 720}, warnings: {}, webStorageEnabled: false}
Session ID: fd0b1636-2320-48fd-b5ff-0800542b8543
	at org.openqa.selenium.remote.http.W3CHttpResponseCodec.createException(W3CHttpResponseCodec.java:187)
	at org.openqa.selenium.remote.http.W3CHttpResponseCodec.decode(W3CHttpResponseCodec.java:122)
	at org.openqa.selenium.remote.http.W3CHttpResponseCodec.decode(W3CHttpResponseCodec.java:49)
	at org.openqa.selenium.remote.HttpCommandExecutor.execute(HttpCommandExecutor.java:158)
	at io.appium.java_client.remote.AppiumCommandExecutor.execute(AppiumCommandExecutor.java:239)
	at org.openqa.selenium.remote.RemoteWebDriver.execute(RemoteWebDriver.java:552)
	at io.appium.java_client.DefaultGenericMobileDriver.execute(DefaultGenericMobileDriver.java:42)
	at io.appium.java_client.AppiumDriver.execute(AppiumDriver.java:1)
	at io.appium.java_client.android.AndroidDriver.execute(AndroidDriver.java:1)
	at com.kms.katalon.core.appium.driver.SwipeableAndroidDriver.execute(SwipeableAndroidDriver.java:1)
	at io.appium.java_client.PerformsTouchActions.performTouchAction(PerformsTouchActions.java:41)
	at io.appium.java_client.TouchAction.perform(TouchAction.java:187)
	at com.kms.katalon.core.mobile.keyword.builtin.TapKeyword$_tap_closure1.doCall(TapKeyword.groovy:84)
	at com.kms.katalon.core.mobile.keyword.builtin.TapKeyword$_tap_closure1.call(TapKeyword.groovy)
	at com.kms.katalon.core.mobile.keyword.internal.MobileKeywordMain.runKeyword(MobileKeywordMain.groovy:21)
	at com.kms.katalon.core.mobile.keyword.builtin.TapKeyword.tap(TapKeyword.groovy:86)
	at com.kms.katalon.core.mobile.keyword.builtin.TapKeyword.execute(TapKeyword.groovy:68)
	at com.kms.katalon.core.keyword.internal.KeywordExecutor.executeKeywordForPlatform(KeywordExecutor.groovy:74)
	at com.kms.katalon.core.mobile.keyword.MobileBuiltInKeywords.tap(MobileBuiltInKeywords.groovy:1355)
	at com.kms.katalon.core.mobile.keyword.MobileBuiltInKeywords$tap$1.call(Unknown Source)
	at Matches Tab.run(Matches Tab:20)
	at com.kms.katalon.core.main.ScriptEngine.run(ScriptEngine.java:194)
	at com.kms.katalon.core.main.ScriptEngine.runScriptAsRawText(ScriptEngine.java:119)
	at com.kms.katalon.core.main.TestCaseExecutor.runScript(TestCaseExecutor.java:442)
	at com.kms.katalon.core.main.TestCaseExecutor.doExecute(TestCaseExecutor.java:433)
	at com.kms.katalon.core.main.TestCaseExecutor.processExecutionPhase(TestCaseExecutor.java:412)
	at com.kms.katalon.core.main.TestCaseExecutor.accessMainPhase(TestCaseExecutor.java:404)
	at com.kms.katalon.core.main.TestCaseExecutor.execute(TestCaseExecutor.java:281)
	at com.kms.katalon.core.main.TestCaseExecutor.execute(TestCaseExecutor.java:363)
	at com.kms.katalon.core.main.TestCaseExecutor.execute(TestCaseExecutor.java:363)
	at com.kms.katalon.core.main.TestCaseExecutor.execute(TestCaseExecutor.java:363)
	at com.kms.katalon.core.main.TestSuiteExecutor.accessTestCaseMainPhase(TestSuiteExecutor.java:202)
	at com.kms.katalon.core.main.TestSuiteExecutor.accessTestSuiteMainPhase(TestSuiteExecutor.java:164)
	at com.kms.katalon.core.main.TestSuiteExecutor.execute(TestSuiteExecutor.java:105)
	at com.kms.katalon.core.main.TestCaseMain.startTestSuite(TestCaseMain.java:185)
	at com.kms.katalon.core.main.TestCaseMain$startTestSuite$0.call(Unknown Source)
	at TempTestSuite1650529362780.run(TempTestSuite1650529362780.groovy:36)
)
[[ATTACHMENT|C:\\Users\\Dev\\Katalon Studio\\SpotLove_Stagging\\Reports\\20220421_132242\\SpotLove Sanity\\20220421_132242\\1650529941741.png]]]]></system-out>
         <system-err><![CDATA[2022-04-21 13:32:06 - [TEST_CASE][FAILED] - Test Cases/testing/Matches Tab: Test Cases/testing/Matches Tab FAILED.
Reason:
com.kms.katalon.core.exception.StepFailedException: Failed to tap on element 'Object Repository/Matches Tab/matches tab' (Root cause: org.openqa.selenium.InvalidElementStateException: Tap at [x=2.0, y=1474.0] has failed
Build info: version: '3.141.59', revision: 'e82be7d358', time: '2018-11-14T08:25:53'
System info: host: 'DESKTOP-3CP89AN', ip: '192.168.88.93', os.name: 'Windows 10', os.arch: 'amd64', os.version: '10.0', java.version: '1.8.0_282'
Driver info: com.kms.katalon.core.appium.driver.SwipeableAndroidDriver
Capabilities {appActivity: .Settings, appPackage: com.android.settings, autoGrantPermissions: true, automationName: uiautomator2, chromedriverPort: 52321, databaseEnabled: false, desired: {appActivity: .Settings, appPackage: com.android.settings, autoGrantPermissions: true, automationName: uiautomator2, chromedriverPort: 52321, deviceName: samsung SM-M115F (Android 11), newCommandTimeout: 1800, platform: ANDROID, platformName: android, platformVersion: 11, systemPort: 8272, udid: R9JN713GGNJ}, deviceApiLevel: 30, deviceManufacturer: samsung, deviceModel: SM-M115F, deviceName: R9JN713GGNJ, deviceScreenDensity: 280, deviceScreenSize: 720x1560, deviceUDID: R9JN713GGNJ, javascriptEnabled: true, locationContextEnabled: false, networkConnectionEnabled: true, newCommandTimeout: 1800, pixelRatio: 1.75, platform: ANDROID, platformName: Android, platformVersion: 11, statBarHeight: 65, systemPort: 8272, takesScreenshot: true, udid: R9JN713GGNJ, viewportRect: {height: 1346, left: 0, top: 65, width: 720}, warnings: {}, webStorageEnabled: false}
Session ID: fd0b1636-2320-48fd-b5ff-0800542b8543
	at org.openqa.selenium.remote.http.W3CHttpResponseCodec.createException(W3CHttpResponseCodec.java:187)
	at org.openqa.selenium.remote.http.W3CHttpResponseCodec.decode(W3CHttpResponseCodec.java:122)
	at org.openqa.selenium.remote.http.W3CHttpResponseCodec.decode(W3CHttpResponseCodec.java:49)
	at org.openqa.selenium.remote.HttpCommandExecutor.execute(HttpCommandExecutor.java:158)
	at io.appium.java_client.remote.AppiumCommandExecutor.execute(AppiumCommandExecutor.java:239)
	at org.openqa.selenium.remote.RemoteWebDriver.execute(RemoteWebDriver.java:552)
	at io.appium.java_client.DefaultGenericMobileDriver.execute(DefaultGenericMobileDriver.java:42)
	at io.appium.java_client.AppiumDriver.execute(AppiumDriver.java:1)
	at io.appium.java_client.android.AndroidDriver.execute(AndroidDriver.java:1)
	at com.kms.katalon.core.appium.driver.SwipeableAndroidDriver.execute(SwipeableAndroidDriver.java:1)
	at io.appium.java_client.PerformsTouchActions.performTouchAction(PerformsTouchActions.java:41)
	at io.appium.java_client.TouchAction.perform(TouchAction.java:187)
	at com.kms.katalon.core.mobile.keyword.builtin.TapKeyword$_tap_closure1.doCall(TapKeyword.groovy:84)
	at com.kms.katalon.core.mobile.keyword.builtin.TapKeyword$_tap_closure1.call(TapKeyword.groovy)
	at com.kms.katalon.core.mobile.keyword.internal.MobileKeywordMain.runKeyword(MobileKeywordMain.groovy:21)
	at com.kms.katalon.core.mobile.keyword.builtin.TapKeyword.tap(TapKeyword.groovy:86)
	at com.kms.katalon.core.mobile.keyword.builtin.TapKeyword.execute(TapKeyword.groovy:68)
	at com.kms.katalon.core.keyword.internal.KeywordExecutor.executeKeywordForPlatform(KeywordExecutor.groovy:74)
	at com.kms.katalon.core.mobile.keyword.MobileBuiltInKeywords.tap(MobileBuiltInKeywords.groovy:1355)
	at com.kms.katalon.core.mobile.keyword.MobileBuiltInKeywords$tap$1.call(Unknown Source)
	at Matches Tab.run(Matches Tab:20)
	at com.kms.katalon.core.main.ScriptEngine.run(ScriptEngine.java:194)
	at com.kms.katalon.core.main.ScriptEngine.runScriptAsRawText(ScriptEngine.java:119)
	at com.kms.katalon.core.main.TestCaseExecutor.runScript(TestCaseExecutor.java:442)
	at com.kms.katalon.core.main.TestCaseExecutor.doExecute(TestCaseExecutor.java:433)
	at com.kms.katalon.core.main.TestCaseExecutor.processExecutionPhase(TestCaseExecutor.java:412)
	at com.kms.katalon.core.main.TestCaseExecutor.accessMainPhase(TestCaseExecutor.java:404)
	at com.kms.katalon.core.main.TestCaseExecutor.execute(TestCaseExecutor.java:281)
	at com.kms.katalon.core.main.TestCaseExecutor.execute(TestCaseExecutor.java:363)
	at com.kms.katalon.core.main.TestCaseExecutor.execute(TestCaseExecutor.java:363)
	at com.kms.katalon.core.main.TestCaseExecutor.execute(TestCaseExecutor.java:363)
	at com.kms.katalon.core.main.TestSuiteExecutor.accessTestCaseMainPhase(TestSuiteExecutor.java:202)
	at com.kms.katalon.core.main.TestSuiteExecutor.accessTestSuiteMainPhase(TestSuiteExecutor.java:164)
	at com.kms.katalon.core.main.TestSuiteExecutor.execute(TestSuiteExecutor.java:105)
	at com.kms.katalon.core.main.TestCaseMain.startTestSuite(TestCaseMain.java:185)
	at com.kms.katalon.core.main.TestCaseMain$startTestSuite$0.call(Unknown Source)
	at TempTestSuite1650529362780.run(TempTestSuite1650529362780.groovy:36)
)
	at com.kms.katalon.core.keyword.internal.KeywordMain.stepFailed(KeywordMain.groovy:50)
	at com.kms.katalon.core.mobile.keyword.internal.MobileKeywordMain.stepFailed(MobileKeywordMain.groovy:40)
	at com.kms.katalon.core.mobile.keyword.internal.MobileKeywordMain.runKeyword(MobileKeywordMain.groovy:23)
	at com.kms.katalon.core.mobile.keyword.builtin.TapKeyword.tap(TapKeyword.groovy:86)
	at com.kms.katalon.core.mobile.keyword.builtin.TapKeyword.execute(TapKeyword.groovy:68)
	at com.kms.katalon.core.keyword.internal.KeywordExecutor.executeKeywordForPlatform(KeywordExecutor.groovy:74)
	at com.kms.katalon.core.mobile.keyword.MobileBuiltInKeywords.tap(MobileBuiltInKeywords.groovy:1355)
	at com.kms.katalon.core.mobile.keyword.MobileBuiltInKeywords$tap$1.call(Unknown Source)
	at Matches Tab.run(Matches Tab:20)
	at com.kms.katalon.core.main.ScriptEngine.run(ScriptEngine.java:194)
	at com.kms.katalon.core.main.ScriptEngine.runScriptAsRawText(ScriptEngine.java:119)
	at com.kms.katalon.core.main.TestCaseExecutor.runScript(TestCaseExecutor.java:442)
	at com.kms.katalon.core.main.TestCaseExecutor.doExecute(TestCaseExecutor.java:433)
	at com.kms.katalon.core.main.TestCaseExecutor.processExecutionPhase(TestCaseExecutor.java:412)
	at com.kms.katalon.core.main.TestCaseExecutor.accessMainPhase(TestCaseExecutor.java:404)
	at com.kms.katalon.core.main.TestCaseExecutor.execute(TestCaseExecutor.java:281)
	at com.kms.katalon.core.main.TestCaseExecutor.execute(TestCaseExecutor.java:363)
	at com.kms.katalon.core.main.TestCaseExecutor.execute(TestCaseExecutor.java:363)
	at com.kms.katalon.core.main.TestCaseExecutor.execute(TestCaseExecutor.java:363)
	at com.kms.katalon.core.main.TestSuiteExecutor.accessTestCaseMainPhase(TestSuiteExecutor.java:202)
	at com.kms.katalon.core.main.TestSuiteExecutor.accessTestSuiteMainPhase(TestSuiteExecutor.java:164)
	at com.kms.katalon.core.main.TestSuiteExecutor.execute(TestSuiteExecutor.java:105)
	at com.kms.katalon.core.main.TestCaseMain.startTestSuite(TestCaseMain.java:185)
	at com.kms.katalon.core.main.TestCaseMain$startTestSuite$0.call(Unknown Source)
	at TempTestSuite1650529362780.run(TempTestSuite1650529362780.groovy:36)
Caused by: org.openqa.selenium.InvalidElementStateException: Tap at [x=2.0, y=1474.0] has failed
Build info: version: '3.141.59', revision: 'e82be7d358', time: '2018-11-14T08:25:53'
System info: host: 'DESKTOP-3CP89AN', ip: '192.168.88.93', os.name: 'Windows 10', os.arch: 'amd64', os.version: '10.0', java.version: '1.8.0_282'
Driver info: com.kms.katalon.core.appium.driver.SwipeableAndroidDriver
Capabilities {appActivity: .Settings, appPackage: com.android.settings, autoGrantPermissions: true, automationName: uiautomator2, chromedriverPort: 52321, databaseEnabled: false, desired: {appActivity: .Settings, appPackage: com.android.settings, autoGrantPermissions: true, automationName: uiautomator2, chromedriverPort: 52321, deviceName: samsung SM-M115F (Android 11), newCommandTimeout: 1800, platform: ANDROID, platformName: android, platformVersion: 11, systemPort: 8272, udid: R9JN713GGNJ}, deviceApiLevel: 30, deviceManufacturer: samsung, deviceModel: SM-M115F, deviceName: R9JN713GGNJ, deviceScreenDensity: 280, deviceScreenSize: 720x1560, deviceUDID: R9JN713GGNJ, javascriptEnabled: true, locationContextEnabled: false, networkConnectionEnabled: true, newCommandTimeout: 1800, pixelRatio: 1.75, platform: ANDROID, platformName: Android, platformVersion: 11, statBarHeight: 65, systemPort: 8272, takesScreenshot: true, udid: R9JN713GGNJ, viewportRect: {height: 1346, left: 0, top: 65, width: 720}, warnings: {}, webStorageEnabled: false}
Session ID: fd0b1636-2320-48fd-b5ff-0800542b8543
	at org.openqa.selenium.remote.http.W3CHttpResponseCodec.createException(W3CHttpResponseCodec.java:187)
	at org.openqa.selenium.remote.http.W3CHttpResponseCodec.decode(W3CHttpResponseCodec.java:122)
	at org.openqa.selenium.remote.http.W3CHttpResponseCodec.decode(W3CHttpResponseCodec.java:49)
	at org.openqa.selenium.remote.HttpCommandExecutor.execute(HttpCommandExecutor.java:158)
	at io.appium.java_client.remote.AppiumCommandExecutor.execute(AppiumCommandExecutor.java:239)
	at org.openqa.selenium.remote.RemoteWebDriver.execute(RemoteWebDriver.java:552)
	at io.appium.java_client.DefaultGenericMobileDriver.execute(DefaultGenericMobileDriver.java:42)
	at io.appium.java_client.AppiumDriver.execute(AppiumDriver.java:1)
	at io.appium.java_client.android.AndroidDriver.execute(AndroidDriver.java:1)
	at com.kms.katalon.core.appium.driver.SwipeableAndroidDriver.execute(SwipeableAndroidDriver.java:1)
	at io.appium.java_client.PerformsTouchActions.performTouchAction(PerformsTouchActions.java:41)
	at io.appium.java_client.TouchAction.perform(TouchAction.java:187)
	at com.kms.katalon.core.mobile.keyword.builtin.TapKeyword$_tap_closure1.doCall(TapKeyword.groovy:84)
	at com.kms.katalon.core.mobile.keyword.builtin.TapKeyword$_tap_closure1.call(TapKeyword.groovy)
	at com.kms.katalon.core.mobile.keyword.internal.MobileKeywordMain.runKeyword(MobileKeywordMain.groovy:21)
	... 22 more]]></system-err>
      </testcase>
      <testcase name="Test Cases/testing/Liked Me Tab" time="18.565" classname="Test Cases/testing/Liked Me Tab" status="PASSED">
         <system-out><![CDATA[2022-04-21 13:32:22 - [TEST_CASE][PASSED] - Test Cases/testing/Liked Me Tab: Test Cases/testing/Liked Me Tab

2022-04-21 13:32:23 - [TEST_STEP][PASSED] - tap(findTestObject("Liked Me Tab/Liked Me Tab"), 15): Tapped on element 'Object Repository/Liked Me Tab/Liked Me Tab'

2022-04-21 13:32:24 - [MESSAGE][PASSED] - Tapped on element 'Object Repository/Liked Me Tab/Liked Me Tab'

2022-04-21 13:32:24 - [TEST_STEP][PASSED] - checkElement(findTestObject("Liked Me Tab/SPOTTED LIKING YOU label text"), 15): Element 'Object Repository/Liked Me Tab/SPOTTED LIKING YOU label text' is checked

2022-04-21 13:32:26 - [MESSAGE][PASSED] - Element 'Object Repository/Liked Me Tab/SPOTTED LIKING YOU label text' is checked

2022-04-21 13:32:26 - [TEST_STEP][PASSED] - checkElement(findTestObject("Liked Me Tab/profile Button"), 15): Element 'Object Repository/Liked Me Tab/profile Button' is checked

2022-04-21 13:32:27 - [MESSAGE][PASSED] - Element 'Object Repository/Liked Me Tab/profile Button' is checked

2022-04-21 13:32:27 - [TEST_STEP][PASSED] - checkElement(findTestObject("Liked Me Tab/Centered Spotlove with heart icon"), 15): Element 'Object Repository/Liked Me Tab/Centered Spotlove with heart icon' is checked

2022-04-21 13:32:29 - [MESSAGE][PASSED] - Element 'Object Repository/Liked Me Tab/Centered Spotlove with heart icon' is checked

2022-04-21 13:32:29 - [TEST_STEP][PASSED] - checkElement(findTestObject("Liked Me Tab/Finding the right person label Text"), 15): Element 'Object Repository/Liked Me Tab/Finding the right person label Text' is checked

2022-04-21 13:32:37 - [MESSAGE][PASSED] - Element 'Object Repository/Liked Me Tab/Finding the right person label Text' is checked

2022-04-21 13:32:37 - [TEST_STEP][PASSED] - tap(findTestObject("Liked Me Tab/profile Button"), 15): Tapped on element 'Object Repository/Liked Me Tab/profile Button'

2022-04-21 13:32:38 - [MESSAGE][PASSED] - Tapped on element 'Object Repository/Liked Me Tab/profile Button'

2022-04-21 13:32:38 - [TEST_STEP][PASSED] - tap(findTestObject("Settings/Back Button"), 15): Tapped on element 'Object Repository/Settings/Back Button'

2022-04-21 13:32:41 - [MESSAGE][PASSED] - Tapped on element 'Object Repository/Settings/Back Button']]></system-out>
         <system-err><![CDATA[]]></system-err>
      </testcase>
      <testcase name="Test Cases/testing/Mutual Matches Tab" time="8.28" classname="Test Cases/testing/Mutual Matches Tab" status="PASSED">
         <system-out><![CDATA[2022-04-21 13:32:41 - [TEST_CASE][PASSED] - Test Cases/testing/Mutual Matches Tab: Test Cases/testing/Mutual Matches Tab

2022-04-21 13:32:41 - [TEST_STEP][PASSED] - tap(findTestObject("Mutual Matches Tab/Mutual Tab"), 15): Tapped on element 'Object Repository/Mutual Matches Tab/Mutual Tab'

2022-04-21 13:32:43 - [MESSAGE][PASSED] - Tapped on element 'Object Repository/Mutual Matches Tab/Mutual Tab'

2022-04-21 13:32:43 - [TEST_STEP][PASSED] - checkElement(findTestObject("Mutual Matches Tab/Profile Button"), 15): Element 'Object Repository/Mutual Matches Tab/Profile Button' is checked

2022-04-21 13:32:45 - [MESSAGE][PASSED] - Element 'Object Repository/Mutual Matches Tab/Profile Button' is checked

2022-04-21 13:32:45 - [TEST_STEP][PASSED] - checkElement(findTestObject("Mutual Matches Tab/THE FEELING IS MUTUAL label text"), 15): Element 'Object Repository/Mutual Matches Tab/THE FEELING IS MUTUAL label text' is checked

2022-04-21 13:32:46 - [MESSAGE][PASSED] - Element 'Object Repository/Mutual Matches Tab/THE FEELING IS MUTUAL label text' is checked

2022-04-21 13:32:46 - [TEST_STEP][PASSED] - tap(findTestObject("Mutual Matches Tab/Profile Button"), 15): Tapped on element 'Object Repository/Mutual Matches Tab/Profile Button'

2022-04-21 13:32:47 - [MESSAGE][PASSED] - Tapped on element 'Object Repository/Mutual Matches Tab/Profile Button'

2022-04-21 13:32:47 - [TEST_STEP][PASSED] - tap(findTestObject("Settings/Back Button"), 15): Tapped on element 'Object Repository/Settings/Back Button'

2022-04-21 13:32:49 - [MESSAGE][PASSED] - Tapped on element 'Object Repository/Settings/Back Button']]></system-out>
         <system-err><![CDATA[]]></system-err>
      </testcase>
      <testcase name="Test Cases/testing/Settings" time="13.49" classname="Test Cases/testing/Settings" status="FAILED">
         <failure type="FAILED" message="Test Cases/testing/Settings FAILED.
Reason:
com.kms.katalon.core.exception.StepFailedException: Failed to check element 'Object Repository/Settings/SETTINGS label text' (Root cause: org.openqa.selenium.StaleElementReferenceException: Cached elements 'By.xpath: //*[@class = 'android.view.View' and (@text = 'SETTINGS' or . = 'SETTINGS')]' do not exist in DOM anymore
For documentation on this error, please visit: https://www.seleniumhq.org/exceptions/stale_element_reference.html
Build info: version: '3.141.59', revision: 'e82be7d358', time: '2018-11-14T08:25:53'
System info: host: 'DESKTOP-3CP89AN', ip: '192.168.88.93', os.name: 'Windows 10', os.arch: 'amd64', os.version: '10.0', java.version: '1.8.0_282'
Driver info: com.kms.katalon.core.appium.driver.SwipeableAndroidDriver
Capabilities {appActivity: .Settings, appPackage: com.android.settings, autoGrantPermissions: true, automationName: uiautomator2, chromedriverPort: 52321, databaseEnabled: false, desired: {appActivity: .Settings, appPackage: com.android.settings, autoGrantPermissions: true, automationName: uiautomator2, chromedriverPort: 52321, deviceName: samsung SM-M115F (Android 11), newCommandTimeout: 1800, platform: ANDROID, platformName: android, platformVersion: 11, systemPort: 8272, udid: R9JN713GGNJ}, deviceApiLevel: 30, deviceManufacturer: samsung, deviceModel: SM-M115F, deviceName: R9JN713GGNJ, deviceScreenDensity: 280, deviceScreenSize: 720x1560, deviceUDID: R9JN713GGNJ, javascriptEnabled: true, locationContextEnabled: false, networkConnectionEnabled: true, newCommandTimeout: 1800, pixelRatio: 1.75, platform: ANDROID, platformName: Android, platformVersion: 11, statBarHeight: 65, systemPort: 8272, takesScreenshot: true, udid: R9JN713GGNJ, viewportRect: {height: 1346, left: 0, top: 65, width: 720}, warnings: {}, webStorageEnabled: false}
Session ID: fd0b1636-2320-48fd-b5ff-0800542b8543
	at org.openqa.selenium.remote.http.W3CHttpResponseCodec.createException(W3CHttpResponseCodec.java:187)
	at org.openqa.selenium.remote.http.W3CHttpResponseCodec.decode(W3CHttpResponseCodec.java:122)
	at org.openqa.selenium.remote.http.W3CHttpResponseCodec.decode(W3CHttpResponseCodec.java:49)
	at org.openqa.selenium.remote.HttpCommandExecutor.execute(HttpCommandExecutor.java:158)
	at io.appium.java_client.remote.AppiumCommandExecutor.execute(AppiumCommandExecutor.java:239)
	at org.openqa.selenium.remote.RemoteWebDriver.execute(RemoteWebDriver.java:552)
	at io.appium.java_client.DefaultGenericMobileDriver.execute(DefaultGenericMobileDriver.java:42)
	at io.appium.java_client.AppiumDriver.execute(AppiumDriver.java:1)
	at io.appium.java_client.android.AndroidDriver.execute(AndroidDriver.java:1)
	at com.kms.katalon.core.appium.driver.SwipeableAndroidDriver.execute(SwipeableAndroidDriver.java:1)
	at org.openqa.selenium.remote.RemoteWebElement.execute(RemoteWebElement.java:285)
	at io.appium.java_client.DefaultGenericMobileElement.execute(DefaultGenericMobileElement.java:45)
	at io.appium.java_client.MobileElement.execute(MobileElement.java:1)
	at io.appium.java_client.android.AndroidElement.execute(AndroidElement.java:1)
	at org.openqa.selenium.remote.RemoteWebElement.getLocation(RemoteWebElement.java:337)
	at com.kms.katalon.core.mobile.helper.MobileElementCommonHelper.findElement(MobileElementCommonHelper.java:76)
	at com.kms.katalon.core.mobile.helper.MobileElementCommonHelper.findElementWithCheck(MobileElementCommonHelper.java:157)
	at com.kms.katalon.core.mobile.helper.MobileElementCommonHelper.checkElement(MobileElementCommonHelper.java:165)
	at com.kms.katalon.core.mobile.keyword.builtin.CheckElementKeyword$_checkElement_closure1.doCall(CheckElementKeyword.groovy:70)
	at com.kms.katalon.core.mobile.keyword.builtin.CheckElementKeyword$_checkElement_closure1.call(CheckElementKeyword.groovy)
	at com.kms.katalon.core.mobile.keyword.internal.MobileKeywordMain.runKeyword(MobileKeywordMain.groovy:21)
	at com.kms.katalon.core.mobile.keyword.builtin.CheckElementKeyword.checkElement(CheckElementKeyword.groovy:71)
	at com.kms.katalon.core.mobile.keyword.builtin.CheckElementKeyword.execute(CheckElementKeyword.groovy:64)
	at com.kms.katalon.core.keyword.internal.KeywordExecutor.executeKeywordForPlatform(KeywordExecutor.groovy:74)
	at com.kms.katalon.core.mobile.keyword.MobileBuiltInKeywords.checkElement(MobileBuiltInKeywords.groovy:2297)
	at com.kms.katalon.core.mobile.keyword.MobileBuiltInKeywords$checkElement$0.call(Unknown Source)
	at Settings.run(Settings:22)
	at com.kms.katalon.core.main.ScriptEngine.run(ScriptEngine.java:194)
	at com.kms.katalon.core.main.ScriptEngine.runScriptAsRawText(ScriptEngine.java:119)
	at com.kms.katalon.core.main.TestCaseExecutor.runScript(TestCaseExecutor.java:442)
	at com.kms.katalon.core.main.TestCaseExecutor.doExecute(TestCaseExecutor.java:433)
	at com.kms.katalon.core.main.TestCaseExecutor.processExecutionPhase(TestCaseExecutor.java:412)
	at com.kms.katalon.core.main.TestCaseExecutor.accessMainPhase(TestCaseExecutor.java:404)
	at com.kms.katalon.core.main.TestCaseExecutor.execute(TestCaseExecutor.java:281)
	at com.kms.katalon.core.main.TestCaseExecutor.execute(TestCaseExecutor.java:363)
	at com.kms.katalon.core.main.TestCaseExecutor.execute(TestCaseExecutor.java:363)
	at com.kms.katalon.core.main.TestCaseExecutor.execute(TestCaseExecutor.java:363)
	at com.kms.katalon.core.main.TestSuiteExecutor.accessTestCaseMainPhase(TestSuiteExecutor.java:202)
	at com.kms.katalon.core.main.TestSuiteExecutor.accessTestSuiteMainPhase(TestSuiteExecutor.java:164)
	at com.kms.katalon.core.main.TestSuiteExecutor.execute(TestSuiteExecutor.java:105)
	at com.kms.katalon.core.main.TestCaseMain.startTestSuite(TestCaseMain.java:185)
	at com.kms.katalon.core.main.TestCaseMain$startTestSuite$0.call(Unknown Source)
	at TempTestSuite1650529362780.run(TempTestSuite1650529362780.groovy:36)
)
	at com.kms.katalon.core.keyword.internal.KeywordMain.stepFailed(KeywordMain.groovy:50)
	at com.kms.katalon.core.mobile.keyword.internal.MobileKeywordMain.stepFailed(MobileKeywordMain.groovy:40)
	at com.kms.katalon.core.mobile.keyword.internal.MobileKeywordMain.runKeyword(MobileKeywordMain.groovy:23)
	at com.kms.katalon.core.mobile.keyword.builtin.CheckElementKeyword.checkElement(CheckElementKeyword.groovy:71)
	at com.kms.katalon.core.mobile.keyword.builtin.CheckElementKeyword.execute(CheckElementKeyword.groovy:64)
	at com.kms.katalon.core.keyword.internal.KeywordExecutor.executeKeywordForPlatform(KeywordExecutor.groovy:74)
	at com.kms.katalon.core.mobile.keyword.MobileBuiltInKeywords.checkElement(MobileBuiltInKeywords.groovy:2297)
	at com.kms.katalon.core.mobile.keyword.MobileBuiltInKeywords$checkElement$0.call(Unknown Source)
	at Settings.run(Settings:22)
	at com.kms.katalon.core.main.ScriptEngine.run(ScriptEngine.java:194)
	at com.kms.katalon.core.main.ScriptEngine.runScriptAsRawText(ScriptEngine.java:119)
	at com.kms.katalon.core.main.TestCaseExecutor.runScript(TestCaseExecutor.java:442)
	at com.kms.katalon.core.main.TestCaseExecutor.doExecute(TestCaseExecutor.java:433)
	at com.kms.katalon.core.main.TestCaseExecutor.processExecutionPhase(TestCaseExecutor.java:412)
	at com.kms.katalon.core.main.TestCaseExecutor.accessMainPhase(TestCaseExecutor.java:404)
	at com.kms.katalon.core.main.TestCaseExecutor.execute(TestCaseExecutor.java:281)
	at com.kms.katalon.core.main.TestCaseExecutor.execute(TestCaseExecutor.java:363)
	at com.kms.katalon.core.main.TestCaseExecutor.execute(TestCaseExecutor.java:363)
	at com.kms.katalon.core.main.TestCaseExecutor.execute(TestCaseExecutor.java:363)
	at com.kms.katalon.core.main.TestSuiteExecutor.accessTestCaseMainPhase(TestSuiteExecutor.java:202)
	at com.kms.katalon.core.main.TestSuiteExecutor.accessTestSuiteMainPhase(TestSuiteExecutor.java:164)
	at com.kms.katalon.core.main.TestSuiteExecutor.execute(TestSuiteExecutor.java:105)
	at com.kms.katalon.core.main.TestCaseMain.startTestSuite(TestCaseMain.java:185)
	at com.kms.katalon.core.main.TestCaseMain$startTestSuite$0.call(Unknown Source)
	at TempTestSuite1650529362780.run(TempTestSuite1650529362780.groovy:36)
Caused by: org.openqa.selenium.StaleElementReferenceException: Cached elements 'By.xpath: //*[@class = 'android.view.View' and (@text = 'SETTINGS' or . = 'SETTINGS')]' do not exist in DOM anymore
For documentation on this error, please visit: https://www.seleniumhq.org/exceptions/stale_element_reference.html
Build info: version: '3.141.59', revision: 'e82be7d358', time: '2018-11-14T08:25:53'
System info: host: 'DESKTOP-3CP89AN', ip: '192.168.88.93', os.name: 'Windows 10', os.arch: 'amd64', os.version: '10.0', java.version: '1.8.0_282'
Driver info: com.kms.katalon.core.appium.driver.SwipeableAndroidDriver
Capabilities {appActivity: .Settings, appPackage: com.android.settings, autoGrantPermissions: true, automationName: uiautomator2, chromedriverPort: 52321, databaseEnabled: false, desired: {appActivity: .Settings, appPackage: com.android.settings, autoGrantPermissions: true, automationName: uiautomator2, chromedriverPort: 52321, deviceName: samsung SM-M115F (Android 11), newCommandTimeout: 1800, platform: ANDROID, platformName: android, platformVersion: 11, systemPort: 8272, udid: R9JN713GGNJ}, deviceApiLevel: 30, deviceManufacturer: samsung, deviceModel: SM-M115F, deviceName: R9JN713GGNJ, deviceScreenDensity: 280, deviceScreenSize: 720x1560, deviceUDID: R9JN713GGNJ, javascriptEnabled: true, locationContextEnabled: false, networkConnectionEnabled: true, newCommandTimeout: 1800, pixelRatio: 1.75, platform: ANDROID, platformName: Android, platformVersion: 11, statBarHeight: 65, systemPort: 8272, takesScreenshot: true, udid: R9JN713GGNJ, viewportRect: {height: 1346, left: 0, top: 65, width: 720}, warnings: {}, webStorageEnabled: false}
Session ID: fd0b1636-2320-48fd-b5ff-0800542b8543
	at org.openqa.selenium.remote.http.W3CHttpResponseCodec.createException(W3CHttpResponseCodec.java:187)
	at org.openqa.selenium.remote.http.W3CHttpResponseCodec.decode(W3CHttpResponseCodec.java:122)
	at org.openqa.selenium.remote.http.W3CHttpResponseCodec.decode(W3CHttpResponseCodec.java:49)
	at org.openqa.selenium.remote.HttpCommandExecutor.execute(HttpCommandExecutor.java:158)
	at io.appium.java_client.remote.AppiumCommandExecutor.execute(AppiumCommandExecutor.java:239)
	at org.openqa.selenium.remote.RemoteWebDriver.execute(RemoteWebDriver.java:552)
	at io.appium.java_client.DefaultGenericMobileDriver.execute(DefaultGenericMobileDriver.java:42)
	at io.appium.java_client.AppiumDriver.execute(AppiumDriver.java:1)
	at io.appium.java_client.android.AndroidDriver.execute(AndroidDriver.java:1)
	at com.kms.katalon.core.appium.driver.SwipeableAndroidDriver.execute(SwipeableAndroidDriver.java:1)
	at org.openqa.selenium.remote.RemoteWebElement.execute(RemoteWebElement.java:285)
	at io.appium.java_client.DefaultGenericMobileElement.execute(DefaultGenericMobileElement.java:45)
	at io.appium.java_client.MobileElement.execute(MobileElement.java:1)
	at io.appium.java_client.android.AndroidElement.execute(AndroidElement.java:1)
	at org.openqa.selenium.remote.RemoteWebElement.getLocation(RemoteWebElement.java:337)
	at com.kms.katalon.core.mobile.helper.MobileElementCommonHelper.findElement(MobileElementCommonHelper.java:76)
	at com.kms.katalon.core.mobile.helper.MobileElementCommonHelper.findElementWithCheck(MobileElementCommonHelper.java:157)
	at com.kms.katalon.core.mobile.helper.MobileElementCommonHelper.checkElement(MobileElementCommonHelper.java:165)
	at com.kms.katalon.core.mobile.keyword.builtin.CheckElementKeyword$_checkElement_closure1.doCall(CheckElementKeyword.groovy:70)
	at com.kms.katalon.core.mobile.keyword.builtin.CheckElementKeyword$_checkElement_closure1.call(CheckElementKeyword.groovy)
	at com.kms.katalon.core.mobile.keyword.internal.MobileKeywordMain.runKeyword(MobileKeywordMain.groovy:21)
	... 22 more
"/>
         <system-out><![CDATA[2022-04-21 13:33:23 - [TEST_CASE][FAILED] - Test Cases/testing/Settings: Test Cases/testing/Settings FAILED.
Reason:
com.kms.katalon.core.exception.StepFailedException: Failed to check element 'Object Repository/Settings/SETTINGS label text' (Root cause: org.openqa.selenium.StaleElementReferenceException: Cached elements 'By.xpath: //*[@class = 'android.view.View' and (@text = 'SETTINGS' or . = 'SETTINGS')]' do not exist in DOM anymore
For documentation on this error, please visit: https://www.seleniumhq.org/exceptions/stale_element_reference.html
Build info: version: '3.141.59', revision: 'e82be7d358', time: '2018-11-14T08:25:53'
System info: host: 'DESKTOP-3CP89AN', ip: '192.168.88.93', os.name: 'Windows 10', os.arch: 'amd64', os.version: '10.0', java.version: '1.8.0_282'
Driver info: com.kms.katalon.core.appium.driver.SwipeableAndroidDriver
Capabilities {appActivity: .Settings, appPackage: com.android.settings, autoGrantPermissions: true, automationName: uiautomator2, chromedriverPort: 52321, databaseEnabled: false, desired: {appActivity: .Settings, appPackage: com.android.settings, autoGrantPermissions: true, automationName: uiautomator2, chromedriverPort: 52321, deviceName: samsung SM-M115F (Android 11), newCommandTimeout: 1800, platform: ANDROID, platformName: android, platformVersion: 11, systemPort: 8272, udid: R9JN713GGNJ}, deviceApiLevel: 30, deviceManufacturer: samsung, deviceModel: SM-M115F, deviceName: R9JN713GGNJ, deviceScreenDensity: 280, deviceScreenSize: 720x1560, deviceUDID: R9JN713GGNJ, javascriptEnabled: true, locationContextEnabled: false, networkConnectionEnabled: true, newCommandTimeout: 1800, pixelRatio: 1.75, platform: ANDROID, platformName: Android, platformVersion: 11, statBarHeight: 65, systemPort: 8272, takesScreenshot: true, udid: R9JN713GGNJ, viewportRect: {height: 1346, left: 0, top: 65, width: 720}, warnings: {}, webStorageEnabled: false}
Session ID: fd0b1636-2320-48fd-b5ff-0800542b8543
	at org.openqa.selenium.remote.http.W3CHttpResponseCodec.createException(W3CHttpResponseCodec.java:187)
	at org.openqa.selenium.remote.http.W3CHttpResponseCodec.decode(W3CHttpResponseCodec.java:122)
	at org.openqa.selenium.remote.http.W3CHttpResponseCodec.decode(W3CHttpResponseCodec.java:49)
	at org.openqa.selenium.remote.HttpCommandExecutor.execute(HttpCommandExecutor.java:158)
	at io.appium.java_client.remote.AppiumCommandExecutor.execute(AppiumCommandExecutor.java:239)
	at org.openqa.selenium.remote.RemoteWebDriver.execute(RemoteWebDriver.java:552)
	at io.appium.java_client.DefaultGenericMobileDriver.execute(DefaultGenericMobileDriver.java:42)
	at io.appium.java_client.AppiumDriver.execute(AppiumDriver.java:1)
	at io.appium.java_client.android.AndroidDriver.execute(AndroidDriver.java:1)
	at com.kms.katalon.core.appium.driver.SwipeableAndroidDriver.execute(SwipeableAndroidDriver.java:1)
	at org.openqa.selenium.remote.RemoteWebElement.execute(RemoteWebElement.java:285)
	at io.appium.java_client.DefaultGenericMobileElement.execute(DefaultGenericMobileElement.java:45)
	at io.appium.java_client.MobileElement.execute(MobileElement.java:1)
	at io.appium.java_client.android.AndroidElement.execute(AndroidElement.java:1)
	at org.openqa.selenium.remote.RemoteWebElement.getLocation(RemoteWebElement.java:337)
	at com.kms.katalon.core.mobile.helper.MobileElementCommonHelper.findElement(MobileElementCommonHelper.java:76)
	at com.kms.katalon.core.mobile.helper.MobileElementCommonHelper.findElementWithCheck(MobileElementCommonHelper.java:157)
	at com.kms.katalon.core.mobile.helper.MobileElementCommonHelper.checkElement(MobileElementCommonHelper.java:165)
	at com.kms.katalon.core.mobile.keyword.builtin.CheckElementKeyword$_checkElement_closure1.doCall(CheckElementKeyword.groovy:70)
	at com.kms.katalon.core.mobile.keyword.builtin.CheckElementKeyword$_checkElement_closure1.call(CheckElementKeyword.groovy)
	at com.kms.katalon.core.mobile.keyword.internal.MobileKeywordMain.runKeyword(MobileKeywordMain.groovy:21)
	at com.kms.katalon.core.mobile.keyword.builtin.CheckElementKeyword.checkElement(CheckElementKeyword.groovy:71)
	at com.kms.katalon.core.mobile.keyword.builtin.CheckElementKeyword.execute(CheckElementKeyword.groovy:64)
	at com.kms.katalon.core.keyword.internal.KeywordExecutor.executeKeywordForPlatform(KeywordExecutor.groovy:74)
	at com.kms.katalon.core.mobile.keyword.MobileBuiltInKeywords.checkElement(MobileBuiltInKeywords.groovy:2297)
	at com.kms.katalon.core.mobile.keyword.MobileBuiltInKeywords$checkElement$0.call(Unknown Source)
	at Settings.run(Settings:22)
	at com.kms.katalon.core.main.ScriptEngine.run(ScriptEngine.java:194)
	at com.kms.katalon.core.main.ScriptEngine.runScriptAsRawText(ScriptEngine.java:119)
	at com.kms.katalon.core.main.TestCaseExecutor.runScript(TestCaseExecutor.java:442)
	at com.kms.katalon.core.main.TestCaseExecutor.doExecute(TestCaseExecutor.java:433)
	at com.kms.katalon.core.main.TestCaseExecutor.processExecutionPhase(TestCaseExecutor.java:412)
	at com.kms.katalon.core.main.TestCaseExecutor.accessMainPhase(TestCaseExecutor.java:404)
	at com.kms.katalon.core.main.TestCaseExecutor.execute(TestCaseExecutor.java:281)
	at com.kms.katalon.core.main.TestCaseExecutor.execute(TestCaseExecutor.java:363)
	at com.kms.katalon.core.main.TestCaseExecutor.execute(TestCaseExecutor.java:363)
	at com.kms.katalon.core.main.TestCaseExecutor.execute(TestCaseExecutor.java:363)
	at com.kms.katalon.core.main.TestSuiteExecutor.accessTestCaseMainPhase(TestSuiteExecutor.java:202)
	at com.kms.katalon.core.main.TestSuiteExecutor.accessTestSuiteMainPhase(TestSuiteExecutor.java:164)
	at com.kms.katalon.core.main.TestSuiteExecutor.execute(TestSuiteExecutor.java:105)
	at com.kms.katalon.core.main.TestCaseMain.startTestSuite(TestCaseMain.java:185)
	at com.kms.katalon.core.main.TestCaseMain$startTestSuite$0.call(Unknown Source)
	at TempTestSuite1650529362780.run(TempTestSuite1650529362780.groovy:36)
)
	at com.kms.katalon.core.keyword.internal.KeywordMain.stepFailed(KeywordMain.groovy:50)
	at com.kms.katalon.core.mobile.keyword.internal.MobileKeywordMain.stepFailed(MobileKeywordMain.groovy:40)
	at com.kms.katalon.core.mobile.keyword.internal.MobileKeywordMain.runKeyword(MobileKeywordMain.groovy:23)
	at com.kms.katalon.core.mobile.keyword.builtin.CheckElementKeyword.checkElement(CheckElementKeyword.groovy:71)
	at com.kms.katalon.core.mobile.keyword.builtin.CheckElementKeyword.execute(CheckElementKeyword.groovy:64)
	at com.kms.katalon.core.keyword.internal.KeywordExecutor.executeKeywordForPlatform(KeywordExecutor.groovy:74)
	at com.kms.katalon.core.mobile.keyword.MobileBuiltInKeywords.checkElement(MobileBuiltInKeywords.groovy:2297)
	at com.kms.katalon.core.mobile.keyword.MobileBuiltInKeywords$checkElement$0.call(Unknown Source)
	at Settings.run(Settings:22)
	at com.kms.katalon.core.main.ScriptEngine.run(ScriptEngine.java:194)
	at com.kms.katalon.core.main.ScriptEngine.runScriptAsRawText(ScriptEngine.java:119)
	at com.kms.katalon.core.main.TestCaseExecutor.runScript(TestCaseExecutor.java:442)
	at com.kms.katalon.core.main.TestCaseExecutor.doExecute(TestCaseExecutor.java:433)
	at com.kms.katalon.core.main.TestCaseExecutor.processExecutionPhase(TestCaseExecutor.java:412)
	at com.kms.katalon.core.main.TestCaseExecutor.accessMainPhase(TestCaseExecutor.java:404)
	at com.kms.katalon.core.main.TestCaseExecutor.execute(TestCaseExecutor.java:281)
	at com.kms.katalon.core.main.TestCaseExecutor.execute(TestCaseExecutor.java:363)
	at com.kms.katalon.core.main.TestCaseExecutor.execute(TestCaseExecutor.java:363)
	at com.kms.katalon.core.main.TestCaseExecutor.execute(TestCaseExecutor.java:363)
	at com.kms.katalon.core.main.TestSuiteExecutor.accessTestCaseMainPhase(TestSuiteExecutor.java:202)
	at com.kms.katalon.core.main.TestSuiteExecutor.accessTestSuiteMainPhase(TestSuiteExecutor.java:164)
	at com.kms.katalon.core.main.TestSuiteExecutor.execute(TestSuiteExecutor.java:105)
	at com.kms.katalon.core.main.TestCaseMain.startTestSuite(TestCaseMain.java:185)
	at com.kms.katalon.core.main.TestCaseMain$startTestSuite$0.call(Unknown Source)
	at TempTestSuite1650529362780.run(TempTestSuite1650529362780.groovy:36)
Caused by: org.openqa.selenium.StaleElementReferenceException: Cached elements 'By.xpath: //*[@class = 'android.view.View' and (@text = 'SETTINGS' or . = 'SETTINGS')]' do not exist in DOM anymore
For documentation on this error, please visit: https://www.seleniumhq.org/exceptions/stale_element_reference.html
Build info: version: '3.141.59', revision: 'e82be7d358', time: '2018-11-14T08:25:53'
System info: host: 'DESKTOP-3CP89AN', ip: '192.168.88.93', os.name: 'Windows 10', os.arch: 'amd64', os.version: '10.0', java.version: '1.8.0_282'
Driver info: com.kms.katalon.core.appium.driver.SwipeableAndroidDriver
Capabilities {appActivity: .Settings, appPackage: com.android.settings, autoGrantPermissions: true, automationName: uiautomator2, chromedriverPort: 52321, databaseEnabled: false, desired: {appActivity: .Settings, appPackage: com.android.settings, autoGrantPermissions: true, automationName: uiautomator2, chromedriverPort: 52321, deviceName: samsung SM-M115F (Android 11), newCommandTimeout: 1800, platform: ANDROID, platformName: android, platformVersion: 11, systemPort: 8272, udid: R9JN713GGNJ}, deviceApiLevel: 30, deviceManufacturer: samsung, deviceModel: SM-M115F, deviceName: R9JN713GGNJ, deviceScreenDensity: 280, deviceScreenSize: 720x1560, deviceUDID: R9JN713GGNJ, javascriptEnabled: true, locationContextEnabled: false, networkConnectionEnabled: true, newCommandTimeout: 1800, pixelRatio: 1.75, platform: ANDROID, platformName: Android, platformVersion: 11, statBarHeight: 65, systemPort: 8272, takesScreenshot: true, udid: R9JN713GGNJ, viewportRect: {height: 1346, left: 0, top: 65, width: 720}, warnings: {}, webStorageEnabled: false}
Session ID: fd0b1636-2320-48fd-b5ff-0800542b8543
	at org.openqa.selenium.remote.http.W3CHttpResponseCodec.createException(W3CHttpResponseCodec.java:187)
	at org.openqa.selenium.remote.http.W3CHttpResponseCodec.decode(W3CHttpResponseCodec.java:122)
	at org.openqa.selenium.remote.http.W3CHttpResponseCodec.decode(W3CHttpResponseCodec.java:49)
	at org.openqa.selenium.remote.HttpCommandExecutor.execute(HttpCommandExecutor.java:158)
	at io.appium.java_client.remote.AppiumCommandExecutor.execute(AppiumCommandExecutor.java:239)
	at org.openqa.selenium.remote.RemoteWebDriver.execute(RemoteWebDriver.java:552)
	at io.appium.java_client.DefaultGenericMobileDriver.execute(DefaultGenericMobileDriver.java:42)
	at io.appium.java_client.AppiumDriver.execute(AppiumDriver.java:1)
	at io.appium.java_client.android.AndroidDriver.execute(AndroidDriver.java:1)
	at com.kms.katalon.core.appium.driver.SwipeableAndroidDriver.execute(SwipeableAndroidDriver.java:1)
	at org.openqa.selenium.remote.RemoteWebElement.execute(RemoteWebElement.java:285)
	at io.appium.java_client.DefaultGenericMobileElement.execute(DefaultGenericMobileElement.java:45)
	at io.appium.java_client.MobileElement.execute(MobileElement.java:1)
	at io.appium.java_client.android.AndroidElement.execute(AndroidElement.java:1)
	at org.openqa.selenium.remote.RemoteWebElement.getLocation(RemoteWebElement.java:337)
	at com.kms.katalon.core.mobile.helper.MobileElementCommonHelper.findElement(MobileElementCommonHelper.java:76)
	at com.kms.katalon.core.mobile.helper.MobileElementCommonHelper.findElementWithCheck(MobileElementCommonHelper.java:157)
	at com.kms.katalon.core.mobile.helper.MobileElementCommonHelper.checkElement(MobileElementCommonHelper.java:165)
	at com.kms.katalon.core.mobile.keyword.builtin.CheckElementKeyword$_checkElement_closure1.doCall(CheckElementKeyword.groovy:70)
	at com.kms.katalon.core.mobile.keyword.builtin.CheckElementKeyword$_checkElement_closure1.call(CheckElementKeyword.groovy)
	at com.kms.katalon.core.mobile.keyword.internal.MobileKeywordMain.runKeyword(MobileKeywordMain.groovy:21)
	... 22 more


2022-04-21 13:33:23 - [TEST_STEP][PASSED] - checkElement(findTestObject("Settings/Back Button"), 15): Element 'Object Repository/Settings/Back Button' is checked

2022-04-21 13:33:33 - [MESSAGE][PASSED] - Element 'Object Repository/Settings/Back Button' is checked

2022-04-21 13:33:33 - [TEST_STEP][FAILED] - checkElement(findTestObject("Settings/SETTINGS label text"), 15): Failed to check element 'Object Repository/Settings/SETTINGS label text' (Root cause: org.openqa.selenium.StaleElementReferenceException: Cached elements 'By.xpath: //*[@class = 'android.view.View' and (@text = 'SETTINGS' or . = 'SETTINGS')]' do not exist in DOM anymore
For documentation on this error, please visit: https://www.seleniumhq.org/exceptions/stale_element_reference.html
Build info: version: '3.141.59', revision: 'e82be7d358', time: '2018-11-14T08:25:53'
System info: host: 'DESKTOP-3CP89AN', ip: '192.168.88.93', os.name: 'Windows 10', os.arch: 'amd64', os.version: '10.0', java.version: '1.8.0_282'
Driver info: com.kms.katalon.core.appium.driver.SwipeableAndroidDriver
Capabilities {appActivity: .Settings, appPackage: com.android.settings, autoGrantPermissions: true, automationName: uiautomator2, chromedriverPort: 52321, databaseEnabled: false, desired: {appActivity: .Settings, appPackage: com.android.settings, autoGrantPermissions: true, automationName: uiautomator2, chromedriverPort: 52321, deviceName: samsung SM-M115F (Android 11), newCommandTimeout: 1800, platform: ANDROID, platformName: android, platformVersion: 11, systemPort: 8272, udid: R9JN713GGNJ}, deviceApiLevel: 30, deviceManufacturer: samsung, deviceModel: SM-M115F, deviceName: R9JN713GGNJ, deviceScreenDensity: 280, deviceScreenSize: 720x1560, deviceUDID: R9JN713GGNJ, javascriptEnabled: true, locationContextEnabled: false, networkConnectionEnabled: true, newCommandTimeout: 1800, pixelRatio: 1.75, platform: ANDROID, platformName: Android, platformVersion: 11, statBarHeight: 65, systemPort: 8272, takesScreenshot: true, udid: R9JN713GGNJ, viewportRect: {height: 1346, left: 0, top: 65, width: 720}, warnings: {}, webStorageEnabled: false}
Session ID: fd0b1636-2320-48fd-b5ff-0800542b8543
	at org.openqa.selenium.remote.http.W3CHttpResponseCodec.createException(W3CHttpResponseCodec.java:187)
	at org.openqa.selenium.remote.http.W3CHttpResponseCodec.decode(W3CHttpResponseCodec.java:122)
	at org.openqa.selenium.remote.http.W3CHttpResponseCodec.decode(W3CHttpResponseCodec.java:49)
	at org.openqa.selenium.remote.HttpCommandExecutor.execute(HttpCommandExecutor.java:158)
	at io.appium.java_client.remote.AppiumCommandExecutor.execute(AppiumCommandExecutor.java:239)
	at org.openqa.selenium.remote.RemoteWebDriver.execute(RemoteWebDriver.java:552)
	at io.appium.java_client.DefaultGenericMobileDriver.execute(DefaultGenericMobileDriver.java:42)
	at io.appium.java_client.AppiumDriver.execute(AppiumDriver.java:1)
	at io.appium.java_client.android.AndroidDriver.execute(AndroidDriver.java:1)
	at com.kms.katalon.core.appium.driver.SwipeableAndroidDriver.execute(SwipeableAndroidDriver.java:1)
	at org.openqa.selenium.remote.RemoteWebElement.execute(RemoteWebElement.java:285)
	at io.appium.java_client.DefaultGenericMobileElement.execute(DefaultGenericMobileElement.java:45)
	at io.appium.java_client.MobileElement.execute(MobileElement.java:1)
	at io.appium.java_client.android.AndroidElement.execute(AndroidElement.java:1)
	at org.openqa.selenium.remote.RemoteWebElement.getLocation(RemoteWebElement.java:337)
	at com.kms.katalon.core.mobile.helper.MobileElementCommonHelper.findElement(MobileElementCommonHelper.java:76)
	at com.kms.katalon.core.mobile.helper.MobileElementCommonHelper.findElementWithCheck(MobileElementCommonHelper.java:157)
	at com.kms.katalon.core.mobile.helper.MobileElementCommonHelper.checkElement(MobileElementCommonHelper.java:165)
	at com.kms.katalon.core.mobile.keyword.builtin.CheckElementKeyword$_checkElement_closure1.doCall(CheckElementKeyword.groovy:70)
	at com.kms.katalon.core.mobile.keyword.builtin.CheckElementKeyword$_checkElement_closure1.call(CheckElementKeyword.groovy)
	at com.kms.katalon.core.mobile.keyword.internal.MobileKeywordMain.runKeyword(MobileKeywordMain.groovy:21)
	at com.kms.katalon.core.mobile.keyword.builtin.CheckElementKeyword.checkElement(CheckElementKeyword.groovy:71)
	at com.kms.katalon.core.mobile.keyword.builtin.CheckElementKeyword.execute(CheckElementKeyword.groovy:64)
	at com.kms.katalon.core.keyword.internal.KeywordExecutor.executeKeywordForPlatform(KeywordExecutor.groovy:74)
	at com.kms.katalon.core.mobile.keyword.MobileBuiltInKeywords.checkElement(MobileBuiltInKeywords.groovy:2297)
	at com.kms.katalon.core.mobile.keyword.MobileBuiltInKeywords$checkElement$0.call(Unknown Source)
	at Settings.run(Settings:22)
	at com.kms.katalon.core.main.ScriptEngine.run(ScriptEngine.java:194)
	at com.kms.katalon.core.main.ScriptEngine.runScriptAsRawText(ScriptEngine.java:119)
	at com.kms.katalon.core.main.TestCaseExecutor.runScript(TestCaseExecutor.java:442)
	at com.kms.katalon.core.main.TestCaseExecutor.doExecute(TestCaseExecutor.java:433)
	at com.kms.katalon.core.main.TestCaseExecutor.processExecutionPhase(TestCaseExecutor.java:412)
	at com.kms.katalon.core.main.TestCaseExecutor.accessMainPhase(TestCaseExecutor.java:404)
	at com.kms.katalon.core.main.TestCaseExecutor.execute(TestCaseExecutor.java:281)
	at com.kms.katalon.core.main.TestCaseExecutor.execute(TestCaseExecutor.java:363)
	at com.kms.katalon.core.main.TestCaseExecutor.execute(TestCaseExecutor.java:363)
	at com.kms.katalon.core.main.TestCaseExecutor.execute(TestCaseExecutor.java:363)
	at com.kms.katalon.core.main.TestSuiteExecutor.accessTestCaseMainPhase(TestSuiteExecutor.java:202)
	at com.kms.katalon.core.main.TestSuiteExecutor.accessTestSuiteMainPhase(TestSuiteExecutor.java:164)
	at com.kms.katalon.core.main.TestSuiteExecutor.execute(TestSuiteExecutor.java:105)
	at com.kms.katalon.core.main.TestCaseMain.startTestSuite(TestCaseMain.java:185)
	at com.kms.katalon.core.main.TestCaseMain$startTestSuite$0.call(Unknown Source)
	at TempTestSuite1650529362780.run(TempTestSuite1650529362780.groovy:36)
)

2022-04-21 13:33:36 - [MESSAGE][FAILED] - Failed to check element 'Object Repository/Settings/SETTINGS label text' (Root cause: org.openqa.selenium.StaleElementReferenceException: Cached elements 'By.xpath: //*[@class = 'android.view.View' and (@text = 'SETTINGS' or . = 'SETTINGS')]' do not exist in DOM anymore
For documentation on this error, please visit: https://www.seleniumhq.org/exceptions/stale_element_reference.html
Build info: version: '3.141.59', revision: 'e82be7d358', time: '2018-11-14T08:25:53'
System info: host: 'DESKTOP-3CP89AN', ip: '192.168.88.93', os.name: 'Windows 10', os.arch: 'amd64', os.version: '10.0', java.version: '1.8.0_282'
Driver info: com.kms.katalon.core.appium.driver.SwipeableAndroidDriver
Capabilities {appActivity: .Settings, appPackage: com.android.settings, autoGrantPermissions: true, automationName: uiautomator2, chromedriverPort: 52321, databaseEnabled: false, desired: {appActivity: .Settings, appPackage: com.android.settings, autoGrantPermissions: true, automationName: uiautomator2, chromedriverPort: 52321, deviceName: samsung SM-M115F (Android 11), newCommandTimeout: 1800, platform: ANDROID, platformName: android, platformVersion: 11, systemPort: 8272, udid: R9JN713GGNJ}, deviceApiLevel: 30, deviceManufacturer: samsung, deviceModel: SM-M115F, deviceName: R9JN713GGNJ, deviceScreenDensity: 280, deviceScreenSize: 720x1560, deviceUDID: R9JN713GGNJ, javascriptEnabled: true, locationContextEnabled: false, networkConnectionEnabled: true, newCommandTimeout: 1800, pixelRatio: 1.75, platform: ANDROID, platformName: Android, platformVersion: 11, statBarHeight: 65, systemPort: 8272, takesScreenshot: true, udid: R9JN713GGNJ, viewportRect: {height: 1346, left: 0, top: 65, width: 720}, warnings: {}, webStorageEnabled: false}
Session ID: fd0b1636-2320-48fd-b5ff-0800542b8543
	at org.openqa.selenium.remote.http.W3CHttpResponseCodec.createException(W3CHttpResponseCodec.java:187)
	at org.openqa.selenium.remote.http.W3CHttpResponseCodec.decode(W3CHttpResponseCodec.java:122)
	at org.openqa.selenium.remote.http.W3CHttpResponseCodec.decode(W3CHttpResponseCodec.java:49)
	at org.openqa.selenium.remote.HttpCommandExecutor.execute(HttpCommandExecutor.java:158)
	at io.appium.java_client.remote.AppiumCommandExecutor.execute(AppiumCommandExecutor.java:239)
	at org.openqa.selenium.remote.RemoteWebDriver.execute(RemoteWebDriver.java:552)
	at io.appium.java_client.DefaultGenericMobileDriver.execute(DefaultGenericMobileDriver.java:42)
	at io.appium.java_client.AppiumDriver.execute(AppiumDriver.java:1)
	at io.appium.java_client.android.AndroidDriver.execute(AndroidDriver.java:1)
	at com.kms.katalon.core.appium.driver.SwipeableAndroidDriver.execute(SwipeableAndroidDriver.java:1)
	at org.openqa.selenium.remote.RemoteWebElement.execute(RemoteWebElement.java:285)
	at io.appium.java_client.DefaultGenericMobileElement.execute(DefaultGenericMobileElement.java:45)
	at io.appium.java_client.MobileElement.execute(MobileElement.java:1)
	at io.appium.java_client.android.AndroidElement.execute(AndroidElement.java:1)
	at org.openqa.selenium.remote.RemoteWebElement.getLocation(RemoteWebElement.java:337)
	at com.kms.katalon.core.mobile.helper.MobileElementCommonHelper.findElement(MobileElementCommonHelper.java:76)
	at com.kms.katalon.core.mobile.helper.MobileElementCommonHelper.findElementWithCheck(MobileElementCommonHelper.java:157)
	at com.kms.katalon.core.mobile.helper.MobileElementCommonHelper.checkElement(MobileElementCommonHelper.java:165)
	at com.kms.katalon.core.mobile.keyword.builtin.CheckElementKeyword$_checkElement_closure1.doCall(CheckElementKeyword.groovy:70)
	at com.kms.katalon.core.mobile.keyword.builtin.CheckElementKeyword$_checkElement_closure1.call(CheckElementKeyword.groovy)
	at com.kms.katalon.core.mobile.keyword.internal.MobileKeywordMain.runKeyword(MobileKeywordMain.groovy:21)
	at com.kms.katalon.core.mobile.keyword.builtin.CheckElementKeyword.checkElement(CheckElementKeyword.groovy:71)
	at com.kms.katalon.core.mobile.keyword.builtin.CheckElementKeyword.execute(CheckElementKeyword.groovy:64)
	at com.kms.katalon.core.keyword.internal.KeywordExecutor.executeKeywordForPlatform(KeywordExecutor.groovy:74)
	at com.kms.katalon.core.mobile.keyword.MobileBuiltInKeywords.checkElement(MobileBuiltInKeywords.groovy:2297)
	at com.kms.katalon.core.mobile.keyword.MobileBuiltInKeywords$checkElement$0.call(Unknown Source)
	at Settings.run(Settings:22)
	at com.kms.katalon.core.main.ScriptEngine.run(ScriptEngine.java:194)
	at com.kms.katalon.core.main.ScriptEngine.runScriptAsRawText(ScriptEngine.java:119)
	at com.kms.katalon.core.main.TestCaseExecutor.runScript(TestCaseExecutor.java:442)
	at com.kms.katalon.core.main.TestCaseExecutor.doExecute(TestCaseExecutor.java:433)
	at com.kms.katalon.core.main.TestCaseExecutor.processExecutionPhase(TestCaseExecutor.java:412)
	at com.kms.katalon.core.main.TestCaseExecutor.accessMainPhase(TestCaseExecutor.java:404)
	at com.kms.katalon.core.main.TestCaseExecutor.execute(TestCaseExecutor.java:281)
	at com.kms.katalon.core.main.TestCaseExecutor.execute(TestCaseExecutor.java:363)
	at com.kms.katalon.core.main.TestCaseExecutor.execute(TestCaseExecutor.java:363)
	at com.kms.katalon.core.main.TestCaseExecutor.execute(TestCaseExecutor.java:363)
	at com.kms.katalon.core.main.TestSuiteExecutor.accessTestCaseMainPhase(TestSuiteExecutor.java:202)
	at com.kms.katalon.core.main.TestSuiteExecutor.accessTestSuiteMainPhase(TestSuiteExecutor.java:164)
	at com.kms.katalon.core.main.TestSuiteExecutor.execute(TestSuiteExecutor.java:105)
	at com.kms.katalon.core.main.TestCaseMain.startTestSuite(TestCaseMain.java:185)
	at com.kms.katalon.core.main.TestCaseMain$startTestSuite$0.call(Unknown Source)
	at TempTestSuite1650529362780.run(TempTestSuite1650529362780.groovy:36)
)
[[ATTACHMENT|C:\\Users\\Dev\\Katalon Studio\\SpotLove_Stagging\\Reports\\20220421_132242\\SpotLove Sanity\\20220421_132242\\1650530015099.png]]]]></system-out>
         <system-err><![CDATA[2022-04-21 13:33:23 - [TEST_CASE][FAILED] - Test Cases/testing/Settings: Test Cases/testing/Settings FAILED.
Reason:
com.kms.katalon.core.exception.StepFailedException: Failed to check element 'Object Repository/Settings/SETTINGS label text' (Root cause: org.openqa.selenium.StaleElementReferenceException: Cached elements 'By.xpath: //*[@class = 'android.view.View' and (@text = 'SETTINGS' or . = 'SETTINGS')]' do not exist in DOM anymore
For documentation on this error, please visit: https://www.seleniumhq.org/exceptions/stale_element_reference.html
Build info: version: '3.141.59', revision: 'e82be7d358', time: '2018-11-14T08:25:53'
System info: host: 'DESKTOP-3CP89AN', ip: '192.168.88.93', os.name: 'Windows 10', os.arch: 'amd64', os.version: '10.0', java.version: '1.8.0_282'
Driver info: com.kms.katalon.core.appium.driver.SwipeableAndroidDriver
Capabilities {appActivity: .Settings, appPackage: com.android.settings, autoGrantPermissions: true, automationName: uiautomator2, chromedriverPort: 52321, databaseEnabled: false, desired: {appActivity: .Settings, appPackage: com.android.settings, autoGrantPermissions: true, automationName: uiautomator2, chromedriverPort: 52321, deviceName: samsung SM-M115F (Android 11), newCommandTimeout: 1800, platform: ANDROID, platformName: android, platformVersion: 11, systemPort: 8272, udid: R9JN713GGNJ}, deviceApiLevel: 30, deviceManufacturer: samsung, deviceModel: SM-M115F, deviceName: R9JN713GGNJ, deviceScreenDensity: 280, deviceScreenSize: 720x1560, deviceUDID: R9JN713GGNJ, javascriptEnabled: true, locationContextEnabled: false, networkConnectionEnabled: true, newCommandTimeout: 1800, pixelRatio: 1.75, platform: ANDROID, platformName: Android, platformVersion: 11, statBarHeight: 65, systemPort: 8272, takesScreenshot: true, udid: R9JN713GGNJ, viewportRect: {height: 1346, left: 0, top: 65, width: 720}, warnings: {}, webStorageEnabled: false}
Session ID: fd0b1636-2320-48fd-b5ff-0800542b8543
	at org.openqa.selenium.remote.http.W3CHttpResponseCodec.createException(W3CHttpResponseCodec.java:187)
	at org.openqa.selenium.remote.http.W3CHttpResponseCodec.decode(W3CHttpResponseCodec.java:122)
	at org.openqa.selenium.remote.http.W3CHttpResponseCodec.decode(W3CHttpResponseCodec.java:49)
	at org.openqa.selenium.remote.HttpCommandExecutor.execute(HttpCommandExecutor.java:158)
	at io.appium.java_client.remote.AppiumCommandExecutor.execute(AppiumCommandExecutor.java:239)
	at org.openqa.selenium.remote.RemoteWebDriver.execute(RemoteWebDriver.java:552)
	at io.appium.java_client.DefaultGenericMobileDriver.execute(DefaultGenericMobileDriver.java:42)
	at io.appium.java_client.AppiumDriver.execute(AppiumDriver.java:1)
	at io.appium.java_client.android.AndroidDriver.execute(AndroidDriver.java:1)
	at com.kms.katalon.core.appium.driver.SwipeableAndroidDriver.execute(SwipeableAndroidDriver.java:1)
	at org.openqa.selenium.remote.RemoteWebElement.execute(RemoteWebElement.java:285)
	at io.appium.java_client.DefaultGenericMobileElement.execute(DefaultGenericMobileElement.java:45)
	at io.appium.java_client.MobileElement.execute(MobileElement.java:1)
	at io.appium.java_client.android.AndroidElement.execute(AndroidElement.java:1)
	at org.openqa.selenium.remote.RemoteWebElement.getLocation(RemoteWebElement.java:337)
	at com.kms.katalon.core.mobile.helper.MobileElementCommonHelper.findElement(MobileElementCommonHelper.java:76)
	at com.kms.katalon.core.mobile.helper.MobileElementCommonHelper.findElementWithCheck(MobileElementCommonHelper.java:157)
	at com.kms.katalon.core.mobile.helper.MobileElementCommonHelper.checkElement(MobileElementCommonHelper.java:165)
	at com.kms.katalon.core.mobile.keyword.builtin.CheckElementKeyword$_checkElement_closure1.doCall(CheckElementKeyword.groovy:70)
	at com.kms.katalon.core.mobile.keyword.builtin.CheckElementKeyword$_checkElement_closure1.call(CheckElementKeyword.groovy)
	at com.kms.katalon.core.mobile.keyword.internal.MobileKeywordMain.runKeyword(MobileKeywordMain.groovy:21)
	at com.kms.katalon.core.mobile.keyword.builtin.CheckElementKeyword.checkElement(CheckElementKeyword.groovy:71)
	at com.kms.katalon.core.mobile.keyword.builtin.CheckElementKeyword.execute(CheckElementKeyword.groovy:64)
	at com.kms.katalon.core.keyword.internal.KeywordExecutor.executeKeywordForPlatform(KeywordExecutor.groovy:74)
	at com.kms.katalon.core.mobile.keyword.MobileBuiltInKeywords.checkElement(MobileBuiltInKeywords.groovy:2297)
	at com.kms.katalon.core.mobile.keyword.MobileBuiltInKeywords$checkElement$0.call(Unknown Source)
	at Settings.run(Settings:22)
	at com.kms.katalon.core.main.ScriptEngine.run(ScriptEngine.java:194)
	at com.kms.katalon.core.main.ScriptEngine.runScriptAsRawText(ScriptEngine.java:119)
	at com.kms.katalon.core.main.TestCaseExecutor.runScript(TestCaseExecutor.java:442)
	at com.kms.katalon.core.main.TestCaseExecutor.doExecute(TestCaseExecutor.java:433)
	at com.kms.katalon.core.main.TestCaseExecutor.processExecutionPhase(TestCaseExecutor.java:412)
	at com.kms.katalon.core.main.TestCaseExecutor.accessMainPhase(TestCaseExecutor.java:404)
	at com.kms.katalon.core.main.TestCaseExecutor.execute(TestCaseExecutor.java:281)
	at com.kms.katalon.core.main.TestCaseExecutor.execute(TestCaseExecutor.java:363)
	at com.kms.katalon.core.main.TestCaseExecutor.execute(TestCaseExecutor.java:363)
	at com.kms.katalon.core.main.TestCaseExecutor.execute(TestCaseExecutor.java:363)
	at com.kms.katalon.core.main.TestSuiteExecutor.accessTestCaseMainPhase(TestSuiteExecutor.java:202)
	at com.kms.katalon.core.main.TestSuiteExecutor.accessTestSuiteMainPhase(TestSuiteExecutor.java:164)
	at com.kms.katalon.core.main.TestSuiteExecutor.execute(TestSuiteExecutor.java:105)
	at com.kms.katalon.core.main.TestCaseMain.startTestSuite(TestCaseMain.java:185)
	at com.kms.katalon.core.main.TestCaseMain$startTestSuite$0.call(Unknown Source)
	at TempTestSuite1650529362780.run(TempTestSuite1650529362780.groovy:36)
)
	at com.kms.katalon.core.keyword.internal.KeywordMain.stepFailed(KeywordMain.groovy:50)
	at com.kms.katalon.core.mobile.keyword.internal.MobileKeywordMain.stepFailed(MobileKeywordMain.groovy:40)
	at com.kms.katalon.core.mobile.keyword.internal.MobileKeywordMain.runKeyword(MobileKeywordMain.groovy:23)
	at com.kms.katalon.core.mobile.keyword.builtin.CheckElementKeyword.checkElement(CheckElementKeyword.groovy:71)
	at com.kms.katalon.core.mobile.keyword.builtin.CheckElementKeyword.execute(CheckElementKeyword.groovy:64)
	at com.kms.katalon.core.keyword.internal.KeywordExecutor.executeKeywordForPlatform(KeywordExecutor.groovy:74)
	at com.kms.katalon.core.mobile.keyword.MobileBuiltInKeywords.checkElement(MobileBuiltInKeywords.groovy:2297)
	at com.kms.katalon.core.mobile.keyword.MobileBuiltInKeywords$checkElement$0.call(Unknown Source)
	at Settings.run(Settings:22)
	at com.kms.katalon.core.main.ScriptEngine.run(ScriptEngine.java:194)
	at com.kms.katalon.core.main.ScriptEngine.runScriptAsRawText(ScriptEngine.java:119)
	at com.kms.katalon.core.main.TestCaseExecutor.runScript(TestCaseExecutor.java:442)
	at com.kms.katalon.core.main.TestCaseExecutor.doExecute(TestCaseExecutor.java:433)
	at com.kms.katalon.core.main.TestCaseExecutor.processExecutionPhase(TestCaseExecutor.java:412)
	at com.kms.katalon.core.main.TestCaseExecutor.accessMainPhase(TestCaseExecutor.java:404)
	at com.kms.katalon.core.main.TestCaseExecutor.execute(TestCaseExecutor.java:281)
	at com.kms.katalon.core.main.TestCaseExecutor.execute(TestCaseExecutor.java:363)
	at com.kms.katalon.core.main.TestCaseExecutor.execute(TestCaseExecutor.java:363)
	at com.kms.katalon.core.main.TestCaseExecutor.execute(TestCaseExecutor.java:363)
	at com.kms.katalon.core.main.TestSuiteExecutor.accessTestCaseMainPhase(TestSuiteExecutor.java:202)
	at com.kms.katalon.core.main.TestSuiteExecutor.accessTestSuiteMainPhase(TestSuiteExecutor.java:164)
	at com.kms.katalon.core.main.TestSuiteExecutor.execute(TestSuiteExecutor.java:105)
	at com.kms.katalon.core.main.TestCaseMain.startTestSuite(TestCaseMain.java:185)
	at com.kms.katalon.core.main.TestCaseMain$startTestSuite$0.call(Unknown Source)
	at TempTestSuite1650529362780.run(TempTestSuite1650529362780.groovy:36)
Caused by: org.openqa.selenium.StaleElementReferenceException: Cached elements 'By.xpath: //*[@class = 'android.view.View' and (@text = 'SETTINGS' or . = 'SETTINGS')]' do not exist in DOM anymore
For documentation on this error, please visit: https://www.seleniumhq.org/exceptions/stale_element_reference.html
Build info: version: '3.141.59', revision: 'e82be7d358', time: '2018-11-14T08:25:53'
System info: host: 'DESKTOP-3CP89AN', ip: '192.168.88.93', os.name: 'Windows 10', os.arch: 'amd64', os.version: '10.0', java.version: '1.8.0_282'
Driver info: com.kms.katalon.core.appium.driver.SwipeableAndroidDriver
Capabilities {appActivity: .Settings, appPackage: com.android.settings, autoGrantPermissions: true, automationName: uiautomator2, chromedriverPort: 52321, databaseEnabled: false, desired: {appActivity: .Settings, appPackage: com.android.settings, autoGrantPermissions: true, automationName: uiautomator2, chromedriverPort: 52321, deviceName: samsung SM-M115F (Android 11), newCommandTimeout: 1800, platform: ANDROID, platformName: android, platformVersion: 11, systemPort: 8272, udid: R9JN713GGNJ}, deviceApiLevel: 30, deviceManufacturer: samsung, deviceModel: SM-M115F, deviceName: R9JN713GGNJ, deviceScreenDensity: 280, deviceScreenSize: 720x1560, deviceUDID: R9JN713GGNJ, javascriptEnabled: true, locationContextEnabled: false, networkConnectionEnabled: true, newCommandTimeout: 1800, pixelRatio: 1.75, platform: ANDROID, platformName: Android, platformVersion: 11, statBarHeight: 65, systemPort: 8272, takesScreenshot: true, udid: R9JN713GGNJ, viewportRect: {height: 1346, left: 0, top: 65, width: 720}, warnings: {}, webStorageEnabled: false}
Session ID: fd0b1636-2320-48fd-b5ff-0800542b8543
	at org.openqa.selenium.remote.http.W3CHttpResponseCodec.createException(W3CHttpResponseCodec.java:187)
	at org.openqa.selenium.remote.http.W3CHttpResponseCodec.decode(W3CHttpResponseCodec.java:122)
	at org.openqa.selenium.remote.http.W3CHttpResponseCodec.decode(W3CHttpResponseCodec.java:49)
	at org.openqa.selenium.remote.HttpCommandExecutor.execute(HttpCommandExecutor.java:158)
	at io.appium.java_client.remote.AppiumCommandExecutor.execute(AppiumCommandExecutor.java:239)
	at org.openqa.selenium.remote.RemoteWebDriver.execute(RemoteWebDriver.java:552)
	at io.appium.java_client.DefaultGenericMobileDriver.execute(DefaultGenericMobileDriver.java:42)
	at io.appium.java_client.AppiumDriver.execute(AppiumDriver.java:1)
	at io.appium.java_client.android.AndroidDriver.execute(AndroidDriver.java:1)
	at com.kms.katalon.core.appium.driver.SwipeableAndroidDriver.execute(SwipeableAndroidDriver.java:1)
	at org.openqa.selenium.remote.RemoteWebElement.execute(RemoteWebElement.java:285)
	at io.appium.java_client.DefaultGenericMobileElement.execute(DefaultGenericMobileElement.java:45)
	at io.appium.java_client.MobileElement.execute(MobileElement.java:1)
	at io.appium.java_client.android.AndroidElement.execute(AndroidElement.java:1)
	at org.openqa.selenium.remote.RemoteWebElement.getLocation(RemoteWebElement.java:337)
	at com.kms.katalon.core.mobile.helper.MobileElementCommonHelper.findElement(MobileElementCommonHelper.java:76)
	at com.kms.katalon.core.mobile.helper.MobileElementCommonHelper.findElementWithCheck(MobileElementCommonHelper.java:157)
	at com.kms.katalon.core.mobile.helper.MobileElementCommonHelper.checkElement(MobileElementCommonHelper.java:165)
	at com.kms.katalon.core.mobile.keyword.builtin.CheckElementKeyword$_checkElement_closure1.doCall(CheckElementKeyword.groovy:70)
	at com.kms.katalon.core.mobile.keyword.builtin.CheckElementKeyword$_checkElement_closure1.call(CheckElementKeyword.groovy)
	at com.kms.katalon.core.mobile.keyword.internal.MobileKeywordMain.runKeyword(MobileKeywordMain.groovy:21)
	... 22 more]]></system-err>
      </testcase>
      <testcase name="Test Cases/testing/login" time="34.672" classname="Test Cases/testing/login" status="PASSED">
         <system-out><![CDATA[2022-04-21 13:33:36 - [TEST_CASE][PASSED] - Test Cases/testing/login: Test Cases/testing/login

2022-04-21 13:33:37 - [TEST_STEP][PASSED] - checkElement(findTestObject("Use Phone Number Screen/SPOT"), 15): Element 'Object Repository/Use Phone Number Screen/SPOT' is checked

2022-04-21 13:33:58 - [MESSAGE][PASSED] - Element 'Object Repository/Use Phone Number Screen/SPOT' is checked

2022-04-21 13:33:58 - [TEST_STEP][PASSED] - checkElement(findTestObject("Use Phone Number Screen/heart icon"), 15): Element 'Object Repository/Use Phone Number Screen/heart icon' is checked

2022-04-21 13:33:59 - [MESSAGE][PASSED] - Element 'Object Repository/Use Phone Number Screen/heart icon' is checked

2022-04-21 13:33:59 - [TEST_STEP][PASSED] - checkElement(findTestObject("Use Phone Number Screen/LOVE label text"), 15): Element 'Object Repository/Use Phone Number Screen/LOVE label text' is checked

2022-04-21 13:33:59 - [MESSAGE][PASSED] - Element 'Object Repository/Use Phone Number Screen/LOVE label text' is checked

2022-04-21 13:33:59 - [TEST_STEP][PASSED] - checkElement(findTestObject("Use Phone Number Screen/AT FIRST SIGHT label text"), 15): Element 'Object Repository/Use Phone Number Screen/AT FIRST SIGHT label text' is checked

2022-04-21 13:33:59 - [MESSAGE][PASSED] - Element 'Object Repository/Use Phone Number Screen/AT FIRST SIGHT label text' is checked

2022-04-21 13:33:59 - [TEST_STEP][PASSED] - checkElement(findTestObject("Use Phone Number Screen/Privacy Policy label text"), 15): Element 'Object Repository/Use Phone Number Screen/Privacy Policy label text' is checked

2022-04-21 13:34:00 - [MESSAGE][PASSED] - Element 'Object Repository/Use Phone Number Screen/Privacy Policy label text' is checked

2022-04-21 13:34:00 - [TEST_STEP][PASSED] - tap(findTestObject("Use Phone Number Screen/usePhoneNUmber"), 15): Tapped on element 'Object Repository/Use Phone Number Screen/usePhoneNUmber'

2022-04-21 13:34:01 - [MESSAGE][PASSED] - Tapped on element 'Object Repository/Use Phone Number Screen/usePhoneNUmber'

2022-04-21 13:34:01 - [TEST_STEP][PASSED] - checkElement(findTestObject("Whats Your Phone Number/YOUR DEETS label text"), 15): Element 'Object Repository/Whats Your Phone Number/YOUR DEETS label text' is checked

2022-04-21 13:34:02 - [MESSAGE][PASSED] - Element 'Object Repository/Whats Your Phone Number/YOUR DEETS label text' is checked

2022-04-21 13:34:02 - [TEST_STEP][PASSED] - checkElement(findTestObject("Whats Your Phone Number/Whats your  phone number label text"), 15): Element 'Object Repository/Whats Your Phone Number/Whats your  phone number label text' is checked

2022-04-21 13:34:03 - [MESSAGE][PASSED] - Element 'Object Repository/Whats Your Phone Number/Whats your  phone number label text' is checked

2022-04-21 13:34:03 - [TEST_STEP][PASSED] - checkElement(findTestObject("Whats Your Phone Number/We protect label text"), 15): Element 'Object Repository/Whats Your Phone Number/We protect label text' is checked

2022-04-21 13:34:03 - [MESSAGE][PASSED] - Element 'Object Repository/Whats Your Phone Number/We protect label text' is checked

2022-04-21 13:34:03 - [TEST_STEP][PASSED] - checkElement(findTestObject("Whats Your Phone Number/flag"), 15): Element 'Object Repository/Whats Your Phone Number/flag' is checked

2022-04-21 13:34:03 - [MESSAGE][PASSED] - Element 'Object Repository/Whats Your Phone Number/flag' is checked

2022-04-21 13:34:03 - [TEST_STEP][PASSED] - setText(findTestObject("Whats Your Phone Number/Enter country name"), "US", 15): Text 'US' has been set to element 'Object Repository/Whats Your Phone Number/Enter country name'

2022-04-21 13:34:06 - [MESSAGE][PASSED] - Text 'US' has been set to element 'Object Repository/Whats Your Phone Number/Enter country name'

2022-04-21 13:34:06 - [TEST_STEP][PASSED] - tap(findTestObject("Whats Your Phone Number/Selected Country"), 15): Tapped on element 'Object Repository/Whats Your Phone Number/Selected Country'

2022-04-21 13:34:07 - [MESSAGE][PASSED] - Tapped on element 'Object Repository/Whats Your Phone Number/Selected Country'

2022-04-21 13:34:07 - [TEST_STEP][PASSED] - setText(findTestObject("Whats Your Phone Number/Enter Phone Number"), "5673430763", 15): Text '5673430763' has been set to element 'Object Repository/Whats Your Phone Number/Enter Phone Number'

2022-04-21 13:34:09 - [MESSAGE][PASSED] - Text '5673430763' has been set to element 'Object Repository/Whats Your Phone Number/Enter Phone Number'

2022-04-21 13:34:09 - [TEST_STEP][PASSED] - checkElement(findTestObject("Whats Your Phone Number/We never share label text"), 15): Element 'Object Repository/Whats Your Phone Number/We never share label text' is checked

2022-04-21 13:34:10 - [MESSAGE][PASSED] - Element 'Object Repository/Whats Your Phone Number/We never share label text' is checked

2022-04-21 13:34:10 - [TEST_STEP][PASSED] - checkElement(findTestObject("Whats Your Phone Number/black lock icon"), 15): Element 'Object Repository/Whats Your Phone Number/black lock icon' is checked

2022-04-21 13:34:10 - [MESSAGE][PASSED] - Element 'Object Repository/Whats Your Phone Number/black lock icon' is checked

2022-04-21 13:34:10 - [TEST_STEP][PASSED] - tap(findTestObject("Whats Your Phone Number/Whats your phone forward (button)"), 15): Tapped on element 'Object Repository/Whats Your Phone Number/Whats your phone forward (button)'

2022-04-21 13:34:11 - [MESSAGE][PASSED] - Tapped on element 'Object Repository/Whats Your Phone Number/Whats your phone forward (button)']]></system-out>
         <system-err><![CDATA[]]></system-err>
      </testcase>
      <system-out><![CDATA[2022-04-21 13:22:51 - [TEST_SUITE][FAILED] - SpotLove Sanity: Test Cases/testing/Permission required FAILED.
Reason:
com.kms.katalon.core.exception.StepFailedException: Object Object Repository/Permission Required/OK button not found
	at com.kms.katalon.core.keyword.internal.KeywordMain.stepFailed(KeywordMain.groovy:50)
	at com.kms.katalon.core.mobile.keyword.internal.MobileKeywordMain.stepFailed(MobileKeywordMain.groovy:40)
	at com.kms.katalon.core.mobile.keyword.builtin.TapKeyword$_tap_closure1.doCall(TapKeyword.groovy:79)
	at com.kms.katalon.core.mobile.keyword.builtin.TapKeyword$_tap_closure1.call(TapKeyword.groovy)
	at com.kms.katalon.core.mobile.keyword.internal.MobileKeywordMain.runKeyword(MobileKeywordMain.groovy:21)
	at com.kms.katalon.core.mobile.keyword.builtin.TapKeyword.tap(TapKeyword.groovy:86)
	at com.kms.katalon.core.mobile.keyword.builtin.TapKeyword.execute(TapKeyword.groovy:68)
	at com.kms.katalon.core.keyword.internal.KeywordExecutor.executeKeywordForPlatform(KeywordExecutor.groovy:74)
	at com.kms.katalon.core.mobile.keyword.MobileBuiltInKeywords.tap(MobileBuiltInKeywords.groovy:1355)
	at com.kms.katalon.core.mobile.keyword.MobileBuiltInKeywords$tap$1.call(Unknown Source)
	at Permission required.run(Permission required:20)
	at com.kms.katalon.core.main.ScriptEngine.run(ScriptEngine.java:194)
	at com.kms.katalon.core.main.ScriptEngine.runScriptAsRawText(ScriptEngine.java:119)
	at com.kms.katalon.core.main.TestCaseExecutor.runScript(TestCaseExecutor.java:442)
	at com.kms.katalon.core.main.TestCaseExecutor.doExecute(TestCaseExecutor.java:433)
	at com.kms.katalon.core.main.TestCaseExecutor.processExecutionPhase(TestCaseExecutor.java:412)
	at com.kms.katalon.core.main.TestCaseExecutor.accessMainPhase(TestCaseExecutor.java:404)
	at com.kms.katalon.core.main.TestCaseExecutor.execute(TestCaseExecutor.java:281)
	at com.kms.katalon.core.main.TestSuiteExecutor.accessTestCaseMainPhase(TestSuiteExecutor.java:202)
	at com.kms.katalon.core.main.TestSuiteExecutor.accessTestSuiteMainPhase(TestSuiteExecutor.java:164)
	at com.kms.katalon.core.main.TestSuiteExecutor.execute(TestSuiteExecutor.java:105)
	at com.kms.katalon.core.main.TestCaseMain.startTestSuite(TestCaseMain.java:185)
	at com.kms.katalon.core.main.TestCaseMain$startTestSuite$0.call(Unknown Source)
	at TempTestSuite1650529362780.run(TempTestSuite1650529362780.groovy:36)]]></system-out>
      <system-err><![CDATA[2022-04-21 13:22:51 - [TEST_SUITE][FAILED] - SpotLove Sanity: Test Cases/testing/Permission required FAILED.
Reason:
com.kms.katalon.core.exception.StepFailedException: Object Object Repository/Permission Required/OK button not found
	at com.kms.katalon.core.keyword.internal.KeywordMain.stepFailed(KeywordMain.groovy:50)
	at com.kms.katalon.core.mobile.keyword.internal.MobileKeywordMain.stepFailed(MobileKeywordMain.groovy:40)
	at com.kms.katalon.core.mobile.keyword.builtin.TapKeyword$_tap_closure1.doCall(TapKeyword.groovy:79)
	at com.kms.katalon.core.mobile.keyword.builtin.TapKeyword$_tap_closure1.call(TapKeyword.groovy)
	at com.kms.katalon.core.mobile.keyword.internal.MobileKeywordMain.runKeyword(MobileKeywordMain.groovy:21)
	at com.kms.katalon.core.mobile.keyword.builtin.TapKeyword.tap(TapKeyword.groovy:86)
	at com.kms.katalon.core.mobile.keyword.builtin.TapKeyword.execute(TapKeyword.groovy:68)
	at com.kms.katalon.core.keyword.internal.KeywordExecutor.executeKeywordForPlatform(KeywordExecutor.groovy:74)
	at com.kms.katalon.core.mobile.keyword.MobileBuiltInKeywords.tap(MobileBuiltInKeywords.groovy:1355)
	at com.kms.katalon.core.mobile.keyword.MobileBuiltInKeywords$tap$1.call(Unknown Source)
	at Permission required.run(Permission required:20)
	at com.kms.katalon.core.main.ScriptEngine.run(ScriptEngine.java:194)
	at com.kms.katalon.core.main.ScriptEngine.runScriptAsRawText(ScriptEngine.java:119)
	at com.kms.katalon.core.main.TestCaseExecutor.runScript(TestCaseExecutor.java:442)
	at com.kms.katalon.core.main.TestCaseExecutor.doExecute(TestCaseExecutor.java:433)
	at com.kms.katalon.core.main.TestCaseExecutor.processExecutionPhase(TestCaseExecutor.java:412)
	at com.kms.katalon.core.main.TestCaseExecutor.accessMainPhase(TestCaseExecutor.java:404)
	at com.kms.katalon.core.main.TestCaseExecutor.execute(TestCaseExecutor.java:281)
	at com.kms.katalon.core.main.TestSuiteExecutor.accessTestCaseMainPhase(TestSuiteExecutor.java:202)
	at com.kms.katalon.core.main.TestSuiteExecutor.accessTestSuiteMainPhase(TestSuiteExecutor.java:164)
	at com.kms.katalon.core.main.TestSuiteExecutor.execute(TestSuiteExecutor.java:105)
	at com.kms.katalon.core.main.TestCaseMain.startTestSuite(TestCaseMain.java:185)
	at com.kms.katalon.core.main.TestCaseMain$startTestSuite$0.call(Unknown Source)
	at TempTestSuite1650529362780.run(TempTestSuite1650529362780.groovy:36)]]></system-err>
   </testsuite>
</testsuites>
