<?xml version="1.0" encoding="UTF-8"?>
<testsuites name="SpotLove Staging" time="280.535" tests="12" failures="1" errors="1">
   <testsuite name="SpotLove Staging" tests="12" failures="1" errors="1" time="280.535" skipped="0" timestamp="2022-09-16 17:58:53" hostname="pc - localhost" id="Test Suites/SpotLove Staging">
      <properties>
         <property name="deviceName" value="samsung SM-A025F (Android 11)"/>
         <property name="devicePlatform" value=""/>
         <property name="logFolder" value="/Users/pc/Documents/Katalon Studio/SpotLove_Stagging/Reports/20220916_175844/SpotLove Staging/20220916_175844"/>
         <property name="logFiles" value="/Users/pc/Documents/Katalon Studio/SpotLove_Stagging/Reports/20220916_175844/SpotLove Staging/20220916_175844/execution0.log, /Users/pc/Documents/Katalon Studio/SpotLove_Stagging/Reports/20220916_175844/SpotLove Staging/20220916_175844/appium.log"/>
         <property name="attachments" value="/Users/pc/Documents/Katalon Studio/SpotLove_Stagging/Reports/20220916_175844/SpotLove Staging/20220916_175844/1663333271699.png"/>
         <property name="hostName" value="pc - localhost"/>
         <property name="os" value="Mac OS X 64bit"/>
         <property name="appiumServerStatus" value="{&quot;value&quot;:{&quot;build&quot;:{&quot;version&quot;:&quot;1.22.3&quot;}},&quot;sessionId&quot;:null,&quot;status&quot;:0}"/>
         <property name="katalonVersion" value="8.3.0.208"/>
         <property name="deviceOS" value="Android"/>
         <property name="appiumVersion" value="1.22.3"/>
         <property name="deviceModel" value="SM-A025F"/>
         <property name="hostAddress" value="127.0.0.1"/>
         <property name="deviceManufacturer" value="samsung"/>
         <property name="deviceId" value="R9JNC0DKDXJ"/>
         <property name="deviceName" value="samsung SM-A025F (Android 11)"/>
         <property name="deviceOSVersion" value="11"/>
      </properties>
      <testcase name="Test Cases/testing/intro 1" time="24.662" classname="Test Cases/testing/intro 1" status="PASSED">
         <system-out><![CDATA[2022-09-16 17:58:54 - [TEST_CASE][PASSED] - Test Cases/testing/intro 1: Test Cases/testing/intro 1

2022-09-16 17:58:54 - [TEST_STEP][PASSED] - startExistingApplication(packageID, STOP_ON_FAILURE): Starting app with application ID: 'com.spotlove'

2022-09-16 17:58:55 - [MESSAGE][INFO] - User set preference: ['deviceId', '']

2022-09-16 17:58:55 - [MESSAGE][INFO] - Detected NodeJS location: "/usr/local/bin/node"

2022-09-16 17:58:56 - [MESSAGE][INFO] - Appium server started on port 52,273

2022-09-16 17:59:10 - [MESSAGE][PASSED] - Starting app with application ID: 'com.spotlove'

2022-09-16 17:59:10 - [TEST_STEP][PASSED] - if (waitForElementPresent(hearticon, 30)): null

2022-09-16 17:59:17 - [MESSAGE][PASSED] - Element 'Object Repository/intro screens/Intro first/Heart icon' is present

2022-09-16 17:59:17 - [TEST_STEP][PASSED] - markPassed("PASSED: App is launched successfully"): PASSED: App is launched successfully

2022-09-16 17:59:17 - [MESSAGE][PASSED] - PASSED: App is launched successfully

2022-09-16 17:59:17 - [TEST_STEP][PASSED] - if (waitForElementPresent(Access, 30)): null

2022-09-16 17:59:17 - [MESSAGE][PASSED] - Element 'Object Repository/intro screens/Intro first/Access to label text' is present

2022-09-16 17:59:17 - [TEST_STEP][PASSED] - markPassed("PASSED: Access label text is present on the screen"): PASSED: Access label text is present on the screen

2022-09-16 17:59:17 - [MESSAGE][PASSED] - PASSED: Access label text is present on the screen

2022-09-16 17:59:17 - [TEST_STEP][PASSED] - if (waitForElementPresent(Matchmakers, 30)): null

2022-09-16 17:59:18 - [MESSAGE][PASSED] - Element 'Object Repository/intro screens/Intro first/Matchmakers label text' is present

2022-09-16 17:59:18 - [TEST_STEP][PASSED] - markPassed("PASSED: Matchmakers label text is present on the screen"): PASSED: Matchmakers label text is present on the screen

2022-09-16 17:59:18 - [MESSAGE][PASSED] - PASSED: Matchmakers label text is present on the screen

2022-09-16 17:59:18 - [TEST_STEP][PASSED] - if (waitForElementPresent(Berief_Labeltext, 30)): null

2022-09-16 17:59:18 - [MESSAGE][PASSED] - Element 'Object Repository/intro screens/Intro first/We have matchmakers that will help you find your perfect match label text' is present

2022-09-16 17:59:18 - [TEST_STEP][PASSED] - markPassed("PASSED: We have.... label text is present on the screen"): PASSED: We have.... label text is present on the screen

2022-09-16 17:59:18 - [MESSAGE][PASSED] - PASSED: We have.... label text is present on the screen

2022-09-16 17:59:18 - [TEST_STEP][PASSED] - if (waitForElementPresent(background, 30)): null

2022-09-16 17:59:18 - [MESSAGE][PASSED] - Element 'Object Repository/intro screens/Intro first/Background image' is present

2022-09-16 17:59:18 - [TEST_STEP][PASSED] - markPassed("PASSED: background Image is present on the screen"): PASSED: background Image is present on the screen

2022-09-16 17:59:18 - [MESSAGE][PASSED] - PASSED: background Image is present on the screen

2022-09-16 17:59:18 - [TEST_STEP][PASSED] - if (waitForElementPresent(continuebutton, 30)): null

2022-09-16 17:59:18 - [MESSAGE][PASSED] - Element 'Object Repository/intro screens/Intro first/Continue Button' is present

2022-09-16 17:59:18 - [TEST_STEP][PASSED] - tap(continuebutton, 30): Tapped on element 'Object Repository/intro screens/Intro first/Continue Button'

2022-09-16 17:59:18 - [MESSAGE][PASSED] - Tapped on element 'Object Repository/intro screens/Intro first/Continue Button'

2022-09-16 17:59:18 - [TEST_STEP][PASSED] - markPassed("Passed: continue button Element is present"): Passed: continue button Element is present

2022-09-16 17:59:18 - [MESSAGE][PASSED] - Passed: continue button Element is present]]></system-out>
         <system-err><![CDATA[]]></system-err>
      </testcase>
      <testcase name="Test Cases/testing/intro 2" time="2.144" classname="Test Cases/testing/intro 2" status="PASSED">
         <system-out><![CDATA[2022-09-16 17:59:18 - [TEST_CASE][PASSED] - Test Cases/testing/intro 2: Test Cases/testing/intro 2

2022-09-16 17:59:19 - [TEST_STEP][PASSED] - if (waitForElementPresent(hearticon, 30)): null

2022-09-16 17:59:19 - [MESSAGE][PASSED] - Element 'Object Repository/intro screens/Second intro/Heart icon' is present

2022-09-16 17:59:19 - [TEST_STEP][PASSED] - markPassed("PASSED: Heart icon is present in the screen"): PASSED: Heart icon is present in the screen

2022-09-16 17:59:19 - [MESSAGE][PASSED] - PASSED: Heart icon is present in the screen

2022-09-16 17:59:19 - [TEST_STEP][PASSED] - if (waitForElementPresent(Connect, 30)): null

2022-09-16 17:59:20 - [MESSAGE][PASSED] - Element 'Object Repository/intro screens/Second intro/Connect On Video label text' is present

2022-09-16 17:59:20 - [TEST_STEP][PASSED] - markPassed("PASSED: Connect label text is present on the screen"): PASSED: Connect label text is present on the screen

2022-09-16 17:59:20 - [MESSAGE][PASSED] - PASSED: Connect label text is present on the screen

2022-09-16 17:59:20 - [TEST_STEP][PASSED] - if (waitForElementPresent(Dates, 30)): null

2022-09-16 17:59:20 - [MESSAGE][PASSED] - Element 'Object Repository/intro screens/Second intro/Dates Label text' is present

2022-09-16 17:59:20 - [TEST_STEP][PASSED] - markPassed("PASSED: Dates label text is present on the screen"): PASSED: Dates label text is present on the screen

2022-09-16 17:59:20 - [MESSAGE][PASSED] - PASSED: Dates label text is present on the screen

2022-09-16 17:59:20 - [TEST_STEP][PASSED] - if (waitForElementPresent(We, 30)): null

2022-09-16 17:59:20 - [MESSAGE][PASSED] - Element 'Object Repository/intro screens/Second intro/We believe in connecting with people through video chat Label text' is present

2022-09-16 17:59:20 - [TEST_STEP][PASSED] - markPassed("PASSED: We.... label text is present on the screen"): PASSED: We.... label text is present on the screen

2022-09-16 17:59:20 - [MESSAGE][PASSED] - PASSED: We.... label text is present on the screen

2022-09-16 17:59:20 - [TEST_STEP][PASSED] - if (waitForElementPresent(background, 30)): null

2022-09-16 17:59:20 - [MESSAGE][PASSED] - Element 'Object Repository/intro screens/Second intro/Background Image' is present

2022-09-16 17:59:20 - [TEST_STEP][PASSED] - markPassed("PASSED: background Image is present on the screen"): PASSED: background Image is present on the screen

2022-09-16 17:59:20 - [MESSAGE][PASSED] - PASSED: background Image is present on the screen

2022-09-16 17:59:20 - [TEST_STEP][PASSED] - if (waitForElementPresent(Continuebutton, 30)): null

2022-09-16 17:59:20 - [MESSAGE][PASSED] - Element 'Object Repository/intro screens/Second intro/Continue button' is present

2022-09-16 17:59:20 - [TEST_STEP][PASSED] - tap(Continuebutton, 30): Tapped on element 'Object Repository/intro screens/Second intro/Continue button'

2022-09-16 17:59:20 - [MESSAGE][PASSED] - Tapped on element 'Object Repository/intro screens/Second intro/Continue button'

2022-09-16 17:59:20 - [TEST_STEP][PASSED] - markPassed("Passed: continue button Element is present"): Passed: continue button Element is present

2022-09-16 17:59:20 - [MESSAGE][PASSED] - Passed: continue button Element is present]]></system-out>
         <system-err><![CDATA[]]></system-err>
      </testcase>
      <testcase name="Test Cases/testing/intro 3" time="2.463" classname="Test Cases/testing/intro 3" status="PASSED">
         <system-out><![CDATA[2022-09-16 17:59:20 - [TEST_CASE][PASSED] - Test Cases/testing/intro 3: Test Cases/testing/intro 3

2022-09-16 17:59:21 - [TEST_STEP][PASSED] - if (waitForElementPresent(hearticon, 30)): null

2022-09-16 17:59:22 - [MESSAGE][PASSED] - Element 'Object Repository/intro screens/Third intro/Heart icon' is present

2022-09-16 17:59:22 - [TEST_STEP][PASSED] - markPassed("PASSED: Heart icon is present in the screen"): PASSED: Heart icon is present in the screen

2022-09-16 17:59:22 - [MESSAGE][PASSED] - PASSED: Heart icon is present in the screen

2022-09-16 17:59:22 - [TEST_STEP][PASSED] - if (waitForElementPresent(Meet_your, 30)): null

2022-09-16 17:59:22 - [MESSAGE][PASSED] - Element 'Object Repository/intro screens/Third intro/Meet Your label text' is present

2022-09-16 17:59:22 - [TEST_STEP][PASSED] - markPassed("PASSED: Meet your label text is present on the screen"): PASSED: Meet your label text is present on the screen

2022-09-16 17:59:22 - [MESSAGE][PASSED] - PASSED: Meet your label text is present on the screen

2022-09-16 17:59:22 - [TEST_STEP][PASSED] - if (waitForElementPresent(Soulmate, 30)): null

2022-09-16 17:59:22 - [MESSAGE][PASSED] - Element 'Object Repository/intro screens/Third intro/Soulmate label text' is present

2022-09-16 17:59:22 - [TEST_STEP][PASSED] - markPassed("PASSED: Soulmate label text is present on the screen"): PASSED: Soulmate label text is present on the screen

2022-09-16 17:59:22 - [MESSAGE][PASSED] - PASSED: Soulmate label text is present on the screen

2022-09-16 17:59:22 - [TEST_STEP][PASSED] - if (waitForElementPresent(Plenty, 30)): null

2022-09-16 17:59:22 - [MESSAGE][PASSED] - Element 'Object Repository/intro screens/Third intro/Plenty of opportunities to find the person that checks all your boxes label text' is present

2022-09-16 17:59:22 - [TEST_STEP][PASSED] - markPassed("PASSED: Plenty.... label text is present on the screen"): PASSED: Plenty.... label text is present on the screen

2022-09-16 17:59:22 - [MESSAGE][PASSED] - PASSED: Plenty.... label text is present on the screen

2022-09-16 17:59:22 - [TEST_STEP][PASSED] - if (waitForElementPresent(background, 30)): null

2022-09-16 17:59:23 - [MESSAGE][PASSED] - Element 'Object Repository/intro screens/Third intro/Background image' is present

2022-09-16 17:59:23 - [TEST_STEP][PASSED] - markPassed("PASSED: background Image is present on the screen"): PASSED: background Image is present on the screen

2022-09-16 17:59:23 - [MESSAGE][PASSED] - PASSED: background Image is present on the screen

2022-09-16 17:59:23 - [TEST_STEP][PASSED] - if (waitForElementPresent(Continuebutton, 30)): null

2022-09-16 17:59:23 - [MESSAGE][PASSED] - Element 'Object Repository/intro screens/Third intro/Continue Button' is present

2022-09-16 17:59:23 - [TEST_STEP][PASSED] - tap(Continuebutton, 30): Tapped on element 'Object Repository/intro screens/Third intro/Continue Button'

2022-09-16 17:59:23 - [MESSAGE][PASSED] - Tapped on element 'Object Repository/intro screens/Third intro/Continue Button'

2022-09-16 17:59:23 - [TEST_STEP][PASSED] - markPassed("Passed: continue button Element is present"): Passed: continue button Element is present

2022-09-16 17:59:23 - [MESSAGE][PASSED] - Passed: continue button Element is present]]></system-out>
         <system-err><![CDATA[]]></system-err>
      </testcase>
      <testcase name="Test Cases/testing/Use Phone Number screen" time="1.699" classname="Test Cases/testing/Use Phone Number screen" status="PASSED">
         <system-out><![CDATA[2022-09-16 17:59:23 - [TEST_CASE][PASSED] - Test Cases/testing/Use Phone Number screen: Test Cases/testing/Use Phone Number screen

2022-09-16 17:59:23 - [TEST_STEP][PASSED] - if (waitForElementPresent(logo, 30)): null

2022-09-16 17:59:24 - [MESSAGE][PASSED] - Element 'Object Repository/Select screen/logo' is present

2022-09-16 17:59:24 - [TEST_STEP][PASSED] - markPassed("PASSED: SignIn Screen launch successfully"): PASSED: SignIn Screen launch successfully

2022-09-16 17:59:24 - [MESSAGE][PASSED] - PASSED: SignIn Screen launch successfully

2022-09-16 17:59:24 - [TEST_STEP][PASSED] - if (waitForElementPresent(Spotlove, 30)): null

2022-09-16 17:59:24 - [MESSAGE][PASSED] - Element 'Object Repository/Select screen/Spot Love at First Sight Login or create an account label text' is present

2022-09-16 17:59:24 - [TEST_STEP][PASSED] - markPassed("PASSED: SpotLove At First Sight label text is present on the screen."): PASSED: SpotLove At First Sight label text is present on the screen.

2022-09-16 17:59:24 - [MESSAGE][PASSED] - PASSED: SpotLove At First Sight label text is present on the screen.

2022-09-16 17:59:24 - [TEST_STEP][PASSED] - if (waitForElementPresent(Continue, 30)): null

2022-09-16 17:59:24 - [MESSAGE][PASSED] - Element 'Object Repository/Select screen/Continue with Phone number' is present

2022-09-16 17:59:24 - [TEST_STEP][PASSED] - tap(Continue, 30): Tapped on element 'Object Repository/Select screen/Continue with Phone number'

2022-09-16 17:59:25 - [MESSAGE][PASSED] - Tapped on element 'Object Repository/Select screen/Continue with Phone number'

2022-09-16 17:59:25 - [TEST_STEP][PASSED] - markPassed("PASSED: Continue With phone is present on the screen."): PASSED: Continue With phone is present on the screen.

2022-09-16 17:59:25 - [MESSAGE][PASSED] - PASSED: Continue With phone is present on the screen.]]></system-out>
         <system-err><![CDATA[]]></system-err>
      </testcase>
      <testcase name="Test Cases/testing/Enter Phone Number" time="11.691" classname="Test Cases/testing/Enter Phone Number" status="PASSED">
         <system-out><![CDATA[2022-09-16 17:59:25 - [TEST_CASE][PASSED] - Test Cases/testing/Enter Phone Number: Test Cases/testing/Enter Phone Number

2022-09-16 17:59:25 - [TEST_STEP][PASSED] - if (waitForElementPresent(Back, 30)): null

2022-09-16 17:59:26 - [MESSAGE][PASSED] - Element 'Object Repository/SignIn To Spot.Love/Back Button' is present

2022-09-16 17:59:26 - [TEST_STEP][PASSED] - tap(Back, 30): Tapped on element 'Object Repository/SignIn To Spot.Love/Back Button'

2022-09-16 17:59:26 - [MESSAGE][PASSED] - Tapped on element 'Object Repository/SignIn To Spot.Love/Back Button'

2022-09-16 17:59:26 - [TEST_STEP][PASSED] - markPassed("PASSED: Continue With phone is present on the screen."): PASSED: Continue With phone is present on the screen.

2022-09-16 17:59:26 - [MESSAGE][PASSED] - PASSED: Continue With phone is present on the screen.

2022-09-16 17:59:26 - [TEST_STEP][PASSED] - if (waitForElementPresent(cntinue, 30)): null

2022-09-16 17:59:28 - [MESSAGE][PASSED] - Element 'Object Repository/Select screen/Continue with Phone number' is present

2022-09-16 17:59:28 - [TEST_STEP][PASSED] - tap(cntinue, 30): Tapped on element 'Object Repository/Select screen/Continue with Phone number'

2022-09-16 17:59:28 - [MESSAGE][PASSED] - Tapped on element 'Object Repository/Select screen/Continue with Phone number'

2022-09-16 17:59:28 - [TEST_STEP][PASSED] - markPassed("PASSED: Continue With phone is present on the screen."): PASSED: Continue With phone is present on the screen.

2022-09-16 17:59:28 - [MESSAGE][PASSED] - PASSED: Continue With phone is present on the screen.

2022-09-16 17:59:28 - [TEST_STEP][PASSED] - if (waitForElementPresent(logo, 30)): null

2022-09-16 17:59:29 - [MESSAGE][PASSED] - Element 'Object Repository/SignIn To Spot.Love/Spotlove Logo' is present

2022-09-16 17:59:29 - [TEST_STEP][PASSED] - markPassed("PASSED: SpotLove logo is present on the screen."): PASSED: SpotLove logo is present on the screen.

2022-09-16 17:59:29 - [MESSAGE][PASSED] - PASSED: SpotLove logo is present on the screen.

2022-09-16 17:59:29 - [TEST_STEP][PASSED] - if (waitForElementPresent(SignIn, 30)): null

2022-09-16 17:59:29 - [MESSAGE][PASSED] - Element 'Object Repository/SignIn To Spot.Love/Sign in to Spot.Love Label Text' is present

2022-09-16 17:59:29 - [TEST_STEP][PASSED] - markPassed("PASSED: signIn to spotlove. is present on the screen."): PASSED: signIn to spotlove. is present on the screen.

2022-09-16 17:59:29 - [MESSAGE][PASSED] - PASSED: signIn to spotlove. is present on the screen.

2022-09-16 17:59:29 - [TEST_STEP][PASSED] - if (waitForElementPresent(Continue, 30)): null

2022-09-16 17:59:29 - [MESSAGE][PASSED] - Element 'Object Repository/SignIn To Spot.Love/Continue with your phone number Label Text' is present

2022-09-16 17:59:29 - [TEST_STEP][PASSED] - markPassed("PASSED: Continue with... is present on the screen."): PASSED: Continue with... is present on the screen.

2022-09-16 17:59:29 - [MESSAGE][PASSED] - PASSED: Continue with... is present on the screen.

2022-09-16 17:59:29 - [TEST_STEP][PASSED] - if (waitForElementPresent(Dropdown, 30)): null

2022-09-16 17:59:30 - [MESSAGE][PASSED] - Element 'Object Repository/SignIn To Spot.Love/Country dropdown' is present

2022-09-16 17:59:30 - [TEST_STEP][PASSED] - tap(Dropdown, 30): Tapped on element 'Object Repository/SignIn To Spot.Love/Country dropdown'

2022-09-16 17:59:30 - [MESSAGE][PASSED] - Tapped on element 'Object Repository/SignIn To Spot.Love/Country dropdown'

2022-09-16 17:59:30 - [TEST_STEP][PASSED] - markPassed("PASSED: Country dropdown is present on the screen."): PASSED: Country dropdown is present on the screen.

2022-09-16 17:59:30 - [MESSAGE][PASSED] - PASSED: Country dropdown is present on the screen.

2022-09-16 17:59:30 - [TEST_STEP][PASSED] - if (waitForElementPresent(Search, 30)): null

2022-09-16 17:59:31 - [MESSAGE][PASSED] - Element 'Object Repository/SignIn To Spot.Love/Enter country name' is present

2022-09-16 17:59:31 - [TEST_STEP][PASSED] - setText(Search, Country, 30): Text 'US' has been set to element 'Object Repository/SignIn To Spot.Love/Enter country name'

2022-09-16 17:59:32 - [MESSAGE][PASSED] - Text 'US' has been set to element 'Object Repository/SignIn To Spot.Love/Enter country name'

2022-09-16 17:59:32 - [TEST_STEP][PASSED] - markPassed("PASSED: Search Country is present on the screen."): PASSED: Search Country is present on the screen.

2022-09-16 17:59:32 - [MESSAGE][PASSED] - PASSED: Search Country is present on the screen.

2022-09-16 17:59:32 - [TEST_STEP][PASSED] - if (waitForElementPresent(first_index, 30)): null

2022-09-16 17:59:33 - [MESSAGE][PASSED] - Element 'Object Repository/SignIn To Spot.Love/First Index of search bar' is present

2022-09-16 17:59:33 - [TEST_STEP][PASSED] - tap(first_index, 30): Tapped on element 'Object Repository/SignIn To Spot.Love/First Index of search bar'

2022-09-16 17:59:34 - [MESSAGE][PASSED] - Tapped on element 'Object Repository/SignIn To Spot.Love/First Index of search bar'

2022-09-16 17:59:34 - [TEST_STEP][PASSED] - markPassed("PASSED: Your Search in the first index Country is present on the screen."): PASSED: Your Search in the first index Country is present on the screen.

2022-09-16 17:59:34 - [MESSAGE][PASSED] - PASSED: Your Search in the first index Country is present on the screen.

2022-09-16 17:59:34 - [TEST_STEP][PASSED] - if (waitForElementPresent(phone, 30)): null

2022-09-16 17:59:34 - [MESSAGE][PASSED] - Element 'Object Repository/SignIn To Spot.Love/Enter Phone Number' is present

2022-09-16 17:59:34 - [TEST_STEP][PASSED] - setText(phone, number, 30): Text '6505551905' has been set to element 'Object Repository/SignIn To Spot.Love/Enter Phone Number'

2022-09-16 17:59:36 - [MESSAGE][PASSED] - Text '6505551905' has been set to element 'Object Repository/SignIn To Spot.Love/Enter Phone Number'

2022-09-16 17:59:36 - [TEST_STEP][PASSED] - markPassed("PASSED: Phone number enter successfully."): PASSED: Phone number enter successfully.

2022-09-16 17:59:36 - [MESSAGE][PASSED] - PASSED: Phone number enter successfully.

2022-09-16 17:59:36 - [TEST_STEP][PASSED] - if (waitForElementPresent(Continue_Button, 30)): null

2022-09-16 17:59:36 - [MESSAGE][PASSED] - Element 'Object Repository/SignIn To Spot.Love/Continue Button' is present

2022-09-16 17:59:36 - [TEST_STEP][PASSED] - tap(Continue_Button, 30): Tapped on element 'Object Repository/SignIn To Spot.Love/Continue Button'

2022-09-16 17:59:36 - [MESSAGE][PASSED] - Tapped on element 'Object Repository/SignIn To Spot.Love/Continue Button'

2022-09-16 17:59:36 - [TEST_STEP][PASSED] - markPassed("PASSED: Continue button."): PASSED: Continue button.

2022-09-16 17:59:36 - [MESSAGE][PASSED] - PASSED: Continue button.]]></system-out>
         <system-err><![CDATA[]]></system-err>
      </testcase>
      <testcase name="Test Cases/testing/OTP" time="47.377" classname="Test Cases/testing/OTP" status="PASSED">
         <system-out><![CDATA[2022-09-16 17:59:36 - [TEST_CASE][PASSED] - Test Cases/testing/OTP: Test Cases/testing/OTP

2022-09-16 17:59:37 - [TEST_STEP][PASSED] - if (waitForElementPresent(logo, 30)): null

2022-09-16 17:59:37 - [MESSAGE][PASSED] - Element 'Object Repository/OTP Verification/Logo' is present

2022-09-16 17:59:37 - [TEST_STEP][PASSED] - markPassed("PASSED: SpotLove logo is present on the screen."): PASSED: SpotLove logo is present on the screen.

2022-09-16 17:59:37 - [MESSAGE][PASSED] - PASSED: SpotLove logo is present on the screen.

2022-09-16 17:59:37 - [TEST_STEP][PASSED] - if (waitForElementPresent(Enter, 30)): null

2022-09-16 17:59:57 - [MESSAGE][PASSED] - Element 'Object Repository/OTP Verification/Enter your verification code label text' is present

2022-09-16 17:59:57 - [TEST_STEP][PASSED] - markPassed("PASSED: Enter Your... label text is present on the screen."): PASSED: Enter Your... label text is present on the screen.

2022-09-16 17:59:57 - [MESSAGE][PASSED] - PASSED: Enter Your... label text is present on the screen.

2022-09-16 17:59:57 - [TEST_STEP][PASSED] - setText(findTestObject("Object Repository/New Folder/android.widget.EditText - - (3)"), "1", 10): Text '1' has been set to element 'Object Repository/New Folder/android.widget.EditText - - (3)'

2022-09-16 17:59:58 - [MESSAGE][PASSED] - Text '1' has been set to element 'Object Repository/New Folder/android.widget.EditText - - (3)'

2022-09-16 17:59:58 - [TEST_STEP][PASSED] - setText(findTestObject("Object Repository/New Folder/android.widget.EditText - - (4)"), "2", 10): Text '2' has been set to element 'Object Repository/New Folder/android.widget.EditText - - (4)'

2022-09-16 18:00:01 - [MESSAGE][PASSED] - Text '2' has been set to element 'Object Repository/New Folder/android.widget.EditText - - (4)'

2022-09-16 18:00:01 - [TEST_STEP][PASSED] - setText(findTestObject("Object Repository/New Folder/android.widget.EditText - - (5)"), "3", 10): Text '3' has been set to element 'Object Repository/New Folder/android.widget.EditText - - (5)'

2022-09-16 18:00:04 - [MESSAGE][PASSED] - Text '3' has been set to element 'Object Repository/New Folder/android.widget.EditText - - (5)'

2022-09-16 18:00:04 - [TEST_STEP][PASSED] - setText(findTestObject("Object Repository/New Folder/android.widget.EditText - - (6)"), "4", 10): Text '4' has been set to element 'Object Repository/New Folder/android.widget.EditText - - (6)'

2022-09-16 18:00:07 - [MESSAGE][PASSED] - Text '4' has been set to element 'Object Repository/New Folder/android.widget.EditText - - (6)'

2022-09-16 18:00:07 - [TEST_STEP][PASSED] - setText(findTestObject("Object Repository/New Folder/android.widget.EditText - - (7)"), "5", 10): Text '5' has been set to element 'Object Repository/New Folder/android.widget.EditText - - (7)'

2022-09-16 18:00:09 - [MESSAGE][PASSED] - Text '5' has been set to element 'Object Repository/New Folder/android.widget.EditText - - (7)'

2022-09-16 18:00:09 - [TEST_STEP][PASSED] - setText(findTestObject("Object Repository/New Folder/android.widget.EditText - - (8)"), "6", 10): Text '6' has been set to element 'Object Repository/New Folder/android.widget.EditText - - (8)'

2022-09-16 18:00:12 - [MESSAGE][PASSED] - Text '6' has been set to element 'Object Repository/New Folder/android.widget.EditText - - (8)'

2022-09-16 18:00:12 - [TEST_STEP][PASSED] - if (waitForElementPresent(Verify, 30)): null

2022-09-16 18:00:13 - [MESSAGE][PASSED] - Element 'Object Repository/OTP Verification/Verify Button' is present

2022-09-16 18:00:13 - [TEST_STEP][PASSED] - markPassed("PASSED: Verify Button is present on the screen."): PASSED: Verify Button is present on the screen.

2022-09-16 18:00:13 - [MESSAGE][PASSED] - PASSED: Verify Button is present on the screen.

2022-09-16 18:00:13 - [TEST_STEP][PASSED] - delay(10): Delayed 10 second(s)

2022-09-16 18:00:23 - [MESSAGE][PASSED] - Delayed 10 second(s)

2022-09-16 18:00:23 - [TEST_STEP][PASSED] - tap(Verify, 30): Tapped on element 'Object Repository/OTP Verification/Verify Button'

2022-09-16 18:00:24 - [MESSAGE][PASSED] - Tapped on element 'Object Repository/OTP Verification/Verify Button'

2022-09-16 18:00:24 - [TEST_STEP][PASSED] - markPassed("PASSED: Verify Button Pressed Successfully"): PASSED: Verify Button Pressed Successfully

2022-09-16 18:00:24 - [MESSAGE][PASSED] - PASSED: Verify Button Pressed Successfully]]></system-out>
         <system-err><![CDATA[]]></system-err>
      </testcase>
      <testcase name="Test Cases/testing/Welcome OnBoarding" time="5.978" classname="Test Cases/testing/Welcome OnBoarding" status="PASSED">
         <system-out><![CDATA[2022-09-16 18:00:24 - [TEST_CASE][PASSED] - Test Cases/testing/Welcome OnBoarding: Test Cases/testing/Welcome OnBoarding

2022-09-16 18:00:24 - [TEST_STEP][PASSED] - if (waitForElementPresent(logo, 30)): null

2022-09-16 18:00:28 - [MESSAGE][PASSED] - Element 'Object Repository/Onboarding_One/Logo' is present

2022-09-16 18:00:28 - [TEST_STEP][PASSED] - markPassed("PASSED: SpotLove logo is present on the screen."): PASSED: SpotLove logo is present on the screen.

2022-09-16 18:00:28 - [MESSAGE][PASSED] - PASSED: SpotLove logo is present on the screen.

2022-09-16 18:00:28 - [TEST_STEP][PASSED] - if (waitForElementPresent(welcome, 30)): null

2022-09-16 18:00:28 - [MESSAGE][PASSED] - Element 'Object Repository/Onboarding_One/Welcome to Spot.Love label text' is present

2022-09-16 18:00:28 - [TEST_STEP][PASSED] - markPassed("PASSED: Welcome... label text is present on the screen."): PASSED: Welcome... label text is present on the screen.

2022-09-16 18:00:28 - [MESSAGE][PASSED] - PASSED: Welcome... label text is present on the screen.

2022-09-16 18:00:28 - [TEST_STEP][PASSED] - if (waitForElementPresent(Please, 30)): null

2022-09-16 18:00:28 - [MESSAGE][PASSED] - Element 'Object Repository/Onboarding_One/Please follow these house rules label text' is present

2022-09-16 18:00:28 - [TEST_STEP][PASSED] - markPassed("PASSED: Please... label text is present on the screen."): PASSED: Please... label text is present on the screen.

2022-09-16 18:00:28 - [MESSAGE][PASSED] - PASSED: Please... label text is present on the screen.

2022-09-16 18:00:28 - [TEST_STEP][PASSED] - if (waitForElementPresent(Heart1, 30)): null

2022-09-16 18:00:28 - [MESSAGE][PASSED] - Element 'Object Repository/Onboarding_One/heart icon first' is present

2022-09-16 18:00:28 - [TEST_STEP][PASSED] - markPassed("PASSED: Heart Icon... is present on the screen."): PASSED: Heart Icon... is present on the screen.

2022-09-16 18:00:28 - [MESSAGE][PASSED] - PASSED: Heart Icon... is present on the screen.

2022-09-16 18:00:28 - [TEST_STEP][PASSED] - if (waitForElementPresent(Be, 30)): null

2022-09-16 18:00:29 - [MESSAGE][PASSED] - Element 'Object Repository/Onboarding_One/Be kind label text' is present

2022-09-16 18:00:29 - [TEST_STEP][PASSED] - markPassed("PASSED: Be Kind... label text is present on the screen."): PASSED: Be Kind... label text is present on the screen.

2022-09-16 18:00:29 - [MESSAGE][PASSED] - PASSED: Be Kind... label text is present on the screen.

2022-09-16 18:00:29 - [TEST_STEP][PASSED] - if (waitForElementPresent(Treat, 30)): null

2022-09-16 18:00:29 - [MESSAGE][PASSED] - Element 'Object Repository/Onboarding_One/Treat everyone with respect and kindness label text' is present

2022-09-16 18:00:29 - [TEST_STEP][PASSED] - markPassed("PASSED: Treat... label text is present on the screen."): PASSED: Treat... label text is present on the screen.

2022-09-16 18:00:29 - [MESSAGE][PASSED] - PASSED: Treat... label text is present on the screen.

2022-09-16 18:00:29 - [TEST_STEP][PASSED] - if (waitForElementPresent(Heart2, 30)): null

2022-09-16 18:00:29 - [MESSAGE][PASSED] - Element 'Object Repository/Onboarding_One/heart icon second' is present

2022-09-16 18:00:29 - [TEST_STEP][PASSED] - markPassed("PASSED: Heart Icon... is present on the screen."): PASSED: Heart Icon... is present on the screen.

2022-09-16 18:00:29 - [MESSAGE][PASSED] - PASSED: Heart Icon... is present on the screen.

2022-09-16 18:00:29 - [TEST_STEP][PASSED] - if (waitForElementPresent(Be_You, 30)): null

2022-09-16 18:00:29 - [MESSAGE][PASSED] - Element 'Object Repository/Onboarding_One/Be yourself label text' is present

2022-09-16 18:00:29 - [TEST_STEP][PASSED] - markPassed("PASSED: Be Your... label text is present on the screen."): PASSED: Be Your... label text is present on the screen.

2022-09-16 18:00:29 - [MESSAGE][PASSED] - PASSED: Be Your... label text is present on the screen.

2022-09-16 18:00:29 - [TEST_STEP][PASSED] - if (waitForElementPresent(Be_honest, 30)): null

2022-09-16 18:00:29 - [MESSAGE][PASSED] - Element 'Object Repository/Onboarding_One/Be honest about your age, phots, and bio label text' is present

2022-09-16 18:00:29 - [TEST_STEP][PASSED] - markPassed("PASSED: Be Honest... label text is present on the screen."): PASSED: Be Honest... label text is present on the screen.

2022-09-16 18:00:29 - [MESSAGE][PASSED] - PASSED: Be Honest... label text is present on the screen.

2022-09-16 18:00:29 - [TEST_STEP][PASSED] - if (waitForElementPresent(Heart3, 30)): null

2022-09-16 18:00:29 - [MESSAGE][PASSED] - Element 'Object Repository/Onboarding_One/heart icon third' is present

2022-09-16 18:00:29 - [TEST_STEP][PASSED] - markPassed("PASSED: Heart Icon... is present on the screen."): PASSED: Heart Icon... is present on the screen.

2022-09-16 18:00:29 - [MESSAGE][PASSED] - PASSED: Heart Icon... is present on the screen.

2022-09-16 18:00:29 - [TEST_STEP][PASSED] - if (waitForElementPresent(Be_Out, 30)): null

2022-09-16 18:00:29 - [MESSAGE][PASSED] - Element 'Object Repository/Onboarding_One/Be outspoken label text' is present

2022-09-16 18:00:29 - [TEST_STEP][PASSED] - markPassed("PASSED: Be Out... label text is present on the screen."): PASSED: Be Out... label text is present on the screen.

2022-09-16 18:00:29 - [MESSAGE][PASSED] - PASSED: Be Out... label text is present on the screen.

2022-09-16 18:00:29 - [TEST_STEP][PASSED] - if (waitForElementPresent(Always, 30)): null

2022-09-16 18:00:29 - [MESSAGE][PASSED] - Element 'Object Repository/Onboarding_One/Always report bad behavior label text' is present

2022-09-16 18:00:29 - [TEST_STEP][PASSED] - markPassed("PASSED: Always... label text is present on the screen."): PASSED: Always... label text is present on the screen.

2022-09-16 18:00:29 - [MESSAGE][PASSED] - PASSED: Always... label text is present on the screen.

2022-09-16 18:00:29 - [TEST_STEP][PASSED] - if (waitForElementPresent(Terms, 30)): null

2022-09-16 18:00:29 - [MESSAGE][PASSED] - Element 'Object Repository/Onboarding_One/View terms and Conditions' is present

2022-09-16 18:00:29 - [TEST_STEP][PASSED] - markPassed("PASSED: View Terms and Conditions are show on the screen"): PASSED: View Terms and Conditions are show on the screen

2022-09-16 18:00:29 - [MESSAGE][PASSED] - PASSED: View Terms and Conditions are show on the screen

2022-09-16 18:00:29 - [TEST_STEP][PASSED] - if (waitForElementPresent(Agree, 30)): null

2022-09-16 18:00:30 - [MESSAGE][PASSED] - Element 'Object Repository/Onboarding_One/I Agree Button' is present

2022-09-16 18:00:30 - [TEST_STEP][PASSED] - tap(Agree, 30): Tapped on element 'Object Repository/Onboarding_One/I Agree Button'

2022-09-16 18:00:30 - [MESSAGE][PASSED] - Tapped on element 'Object Repository/Onboarding_One/I Agree Button'

2022-09-16 18:00:30 - [TEST_STEP][PASSED] - markPassed("PASSED: I Agree Button ise show on the screen"): PASSED: I Agree Button ise show on the screen

2022-09-16 18:00:30 - [MESSAGE][PASSED] - PASSED: I Agree Button ise show on the screen]]></system-out>
         <system-err><![CDATA[]]></system-err>
      </testcase>
      <testcase name="Test Cases/testing/Referral Screen" time="1.728" classname="Test Cases/testing/Referral Screen" status="PASSED">
         <system-out><![CDATA[2022-09-16 18:00:30 - [TEST_CASE][PASSED] - Test Cases/testing/Referral Screen: Test Cases/testing/Referral Screen

2022-09-16 18:00:30 - [TEST_STEP][PASSED] - if (waitForElementPresent(Heart_Icon, 30)): null

2022-09-16 18:00:31 - [MESSAGE][PASSED] - Element 'Object Repository/Referral screen/heart Icon' is present

2022-09-16 18:00:31 - [TEST_STEP][PASSED] - markPassed("PASSED: Heart Icon is present on the screen"): PASSED: Heart Icon is present on the screen

2022-09-16 18:00:31 - [MESSAGE][PASSED] - PASSED: Heart Icon is present on the screen

2022-09-16 18:00:31 - [TEST_STEP][PASSED] - if (waitForElementPresent(Howdi, 30)): null

2022-09-16 18:00:31 - [MESSAGE][PASSED] - Element 'Object Repository/Referral screen/How did you hear about us label text' is present

2022-09-16 18:00:31 - [TEST_STEP][PASSED] - markPassed("PASSED: How did... label text is present on the screen"): PASSED: How did... label text is present on the screen

2022-09-16 18:00:31 - [MESSAGE][PASSED] - PASSED: How did... label text is present on the screen

2022-09-16 18:00:31 - [TEST_STEP][PASSED] - if (waitForElementPresent(dropdown, 30)): null

2022-09-16 18:00:31 - [MESSAGE][PASSED] - Element 'Object Repository/Referral screen/Referral dropdown' is present

2022-09-16 18:00:31 - [TEST_STEP][PASSED] - markPassed("PASSED: Dropdown menu is present on the screen"): PASSED: Dropdown menu is present on the screen

2022-09-16 18:00:31 - [MESSAGE][PASSED] - PASSED: Dropdown menu is present on the screen

2022-09-16 18:00:31 - [TEST_STEP][PASSED] - if (waitForElementPresent(Text_box, 30)): null

2022-09-16 18:00:31 - [MESSAGE][PASSED] - Element 'Object Repository/Referral screen/Referral Code text box' is present

2022-09-16 18:00:31 - [TEST_STEP][PASSED] - markPassed("PASSED: Do you... is present on the screen"): PASSED: Do you... is present on the screen

2022-09-16 18:00:31 - [MESSAGE][PASSED] - PASSED: Do you... is present on the screen

2022-09-16 18:00:31 - [TEST_STEP][PASSED] - if (waitForElementPresent(Continue, 30)): null

2022-09-16 18:00:31 - [MESSAGE][PASSED] - Element 'Object Repository/Referral screen/Continue button' is present

2022-09-16 18:00:31 - [TEST_STEP][PASSED] - tap(Continue, 30): Tapped on element 'Object Repository/Referral screen/Continue button'

2022-09-16 18:00:31 - [MESSAGE][PASSED] - Tapped on element 'Object Repository/Referral screen/Continue button'

2022-09-16 18:00:31 - [TEST_STEP][PASSED] - markPassed("PASSED: Continue Button is present on the screen"): PASSED: Continue Button is present on the screen

2022-09-16 18:00:31 - [MESSAGE][PASSED] - PASSED: Continue Button is present on the screen]]></system-out>
         <system-err><![CDATA[]]></system-err>
      </testcase>
      <testcase name="Test Cases/testing/First Name" time="4.259" classname="Test Cases/testing/First Name" status="ERROR">
         <error type="ERROR" message="Test Cases/testing/First Name FAILED.
Reason:
groovy.lang.MissingMethodException: No signature of method: static com.kms.katalon.core.mobile.keyword.MobileBuiltInKeywords.waitForElementPresent() is applicable for argument types: (java.lang.String, java.lang.Integer) values: [, 10]
Possible solutions: waitForElementPresent(com.kms.katalon.core.testobject.TestObject, int), waitForElementPresent(com.kms.katalon.core.testobject.TestObject, int, com.kms.katalon.core.model.FailureHandling), waitForElementNotPresent(com.kms.katalon.core.testobject.TestObject, int), waitForElementNotPresent(com.kms.katalon.core.testobject.TestObject, int, com.kms.katalon.core.model.FailureHandling)
	at First Name.run(First Name:53)
	at com.kms.katalon.core.main.ScriptEngine.run(ScriptEngine.java:194)
	at com.kms.katalon.core.main.ScriptEngine.runScriptAsRawText(ScriptEngine.java:119)
	at com.kms.katalon.core.main.TestCaseExecutor.runScript(TestCaseExecutor.java:445)
	at com.kms.katalon.core.main.TestCaseExecutor.doExecute(TestCaseExecutor.java:436)
	at com.kms.katalon.core.main.TestCaseExecutor.processExecutionPhase(TestCaseExecutor.java:415)
	at com.kms.katalon.core.main.TestCaseExecutor.accessMainPhase(TestCaseExecutor.java:407)
	at com.kms.katalon.core.main.TestCaseExecutor.execute(TestCaseExecutor.java:284)
	at com.kms.katalon.core.main.TestCaseExecutor.execute(TestCaseExecutor.java:366)
	at com.kms.katalon.core.main.TestCaseExecutor.execute(TestCaseExecutor.java:366)
	at com.kms.katalon.core.main.TestCaseExecutor.execute(TestCaseExecutor.java:366)
	at com.kms.katalon.core.common.CommonExecutor.accessTestCaseMainPhase(CommonExecutor.java:65)
	at com.kms.katalon.core.main.TestSuiteExecutor.accessTestSuiteMainPhase(TestSuiteExecutor.java:144)
	at com.kms.katalon.core.main.TestSuiteExecutor.execute(TestSuiteExecutor.java:106)
	at com.kms.katalon.core.main.TestCaseMain.startTestSuite(TestCaseMain.java:185)
	at com.kms.katalon.core.main.TestCaseMain$startTestSuite$0.call(Unknown Source)
	at TempTestSuite1663333124960.run(TempTestSuite1663333124960.groovy:36)
"/>
         <system-out><![CDATA[2022-09-16 18:01:12 - [TEST_CASE][ERROR] - Test Cases/testing/First Name: Test Cases/testing/First Name FAILED.
Reason:
groovy.lang.MissingMethodException: No signature of method: static com.kms.katalon.core.mobile.keyword.MobileBuiltInKeywords.waitForElementPresent() is applicable for argument types: (java.lang.String, java.lang.Integer) values: [, 10]
Possible solutions: waitForElementPresent(com.kms.katalon.core.testobject.TestObject, int), waitForElementPresent(com.kms.katalon.core.testobject.TestObject, int, com.kms.katalon.core.model.FailureHandling), waitForElementNotPresent(com.kms.katalon.core.testobject.TestObject, int), waitForElementNotPresent(com.kms.katalon.core.testobject.TestObject, int, com.kms.katalon.core.model.FailureHandling)
	at First Name.run(First Name:53)
	at com.kms.katalon.core.main.ScriptEngine.run(ScriptEngine.java:194)
	at com.kms.katalon.core.main.ScriptEngine.runScriptAsRawText(ScriptEngine.java:119)
	at com.kms.katalon.core.main.TestCaseExecutor.runScript(TestCaseExecutor.java:445)
	at com.kms.katalon.core.main.TestCaseExecutor.doExecute(TestCaseExecutor.java:436)
	at com.kms.katalon.core.main.TestCaseExecutor.processExecutionPhase(TestCaseExecutor.java:415)
	at com.kms.katalon.core.main.TestCaseExecutor.accessMainPhase(TestCaseExecutor.java:407)
	at com.kms.katalon.core.main.TestCaseExecutor.execute(TestCaseExecutor.java:284)
	at com.kms.katalon.core.main.TestCaseExecutor.execute(TestCaseExecutor.java:366)
	at com.kms.katalon.core.main.TestCaseExecutor.execute(TestCaseExecutor.java:366)
	at com.kms.katalon.core.main.TestCaseExecutor.execute(TestCaseExecutor.java:366)
	at com.kms.katalon.core.common.CommonExecutor.accessTestCaseMainPhase(CommonExecutor.java:65)
	at com.kms.katalon.core.main.TestSuiteExecutor.accessTestSuiteMainPhase(TestSuiteExecutor.java:144)
	at com.kms.katalon.core.main.TestSuiteExecutor.execute(TestSuiteExecutor.java:106)
	at com.kms.katalon.core.main.TestCaseMain.startTestSuite(TestCaseMain.java:185)
	at com.kms.katalon.core.main.TestCaseMain$startTestSuite$0.call(Unknown Source)
	at TempTestSuite1663333124960.run(TempTestSuite1663333124960.groovy:36)


2022-09-16 18:01:12 - [TEST_STEP][PASSED] - if (waitForElementPresent(back, 30)): null

2022-09-16 18:01:12 - [MESSAGE][PASSED] - Element 'Object Repository/First name Screen/Back' is present

2022-09-16 18:01:12 - [TEST_STEP][PASSED] - tap(back, 30): Tapped on element 'Object Repository/First name Screen/Back'

2022-09-16 18:01:13 - [MESSAGE][PASSED] - Tapped on element 'Object Repository/First name Screen/Back'

2022-09-16 18:01:13 - [TEST_STEP][PASSED] - markPassed("PASSED: Back Button is present on the screen"): PASSED: Back Button is present on the screen

2022-09-16 18:01:13 - [MESSAGE][PASSED] - PASSED: Back Button is present on the screen

2022-09-16 18:01:13 - [TEST_STEP][PASSED] - if (waitForElementPresent(Previous_Continue, 30)): null

2022-09-16 18:01:13 - [MESSAGE][PASSED] - Element 'Object Repository/Referral screen/Continue button' is present

2022-09-16 18:01:13 - [TEST_STEP][PASSED] - tap(Previous_Continue, 30): Tapped on element 'Object Repository/Referral screen/Continue button'

2022-09-16 18:01:14 - [MESSAGE][PASSED] - Tapped on element 'Object Repository/Referral screen/Continue button'

2022-09-16 18:01:14 - [TEST_STEP][PASSED] - markPassed("PASSED: Continue Button is present on the screen"): PASSED: Continue Button is present on the screen

2022-09-16 18:01:14 - [MESSAGE][PASSED] - PASSED: Continue Button is present on the screen

2022-09-16 18:01:14 - [TEST_STEP][PASSED] - if (waitForElementPresent(card_icon, 30)): null

2022-09-16 18:01:14 - [MESSAGE][PASSED] - Element 'Object Repository/First name Screen/Card Icon' is present

2022-09-16 18:01:14 - [TEST_STEP][PASSED] - markPassed("PASSED: Card Icon is present on the screen"): PASSED: Card Icon is present on the screen

2022-09-16 18:01:14 - [MESSAGE][PASSED] - PASSED: Card Icon is present on the screen

2022-09-16 18:01:14 - [TEST_STEP][PASSED] - if (waitForElementPresent(What, 30)): null

2022-09-16 18:01:14 - [MESSAGE][PASSED] - Element 'Object Repository/First name Screen/What should we call you label text' is present

2022-09-16 18:01:14 - [TEST_STEP][PASSED] - markPassed("PASSED: What should... label text is present on the screen"): PASSED: What should... label text is present on the screen

2022-09-16 18:01:14 - [MESSAGE][PASSED] - PASSED: What should... label text is present on the screen

2022-09-16 18:01:14 - [TEST_STEP][PASSED] - if (waitForElementPresent(Tell_us, 30)): null

2022-09-16 18:01:14 - [MESSAGE][PASSED] - Element 'Object Repository/First name Screen/Tell us your first name label Text' is present

2022-09-16 18:01:14 - [TEST_STEP][PASSED] - markPassed("PASSED: Tell us... label text is present on the screen"): PASSED: Tell us... label text is present on the screen

2022-09-16 18:01:14 - [MESSAGE][PASSED] - PASSED: Tell us... label text is present on the screen

2022-09-16 18:01:14 - [TEST_STEP][PASSED] - if (waitForElementPresent(Name, 30)): null

2022-09-16 18:01:14 - [MESSAGE][PASSED] - Element 'Object Repository/First name Screen/Name text text box' is present

2022-09-16 18:01:14 - [TEST_STEP][PASSED] - setText(Name, F_Name, 30): Text 'Umar' has been set to element 'Object Repository/First name Screen/Name text text box'

2022-09-16 18:01:15 - [MESSAGE][PASSED] - Text 'Umar' has been set to element 'Object Repository/First name Screen/Name text text box'

2022-09-16 18:01:15 - [TEST_STEP][PASSED] - markPassed("PASSED: Name Enter s Successfully"): PASSED: Name Enter s Successfully

2022-09-16 18:01:15 - [MESSAGE][PASSED] - PASSED: Name Enter s Successfully

2022-09-16 18:01:15 - [TEST_STEP][PASSED] - if (waitForElementPresent(Continue, 30)): null

2022-09-16 18:01:16 - [MESSAGE][PASSED] - Element 'Object Repository/First name Screen/Continue Button' is present

2022-09-16 18:01:16 - [TEST_STEP][PASSED] - tap(Continue, 30): Tapped on element 'Object Repository/First name Screen/Continue Button'

2022-09-16 18:01:16 - [MESSAGE][PASSED] - Tapped on element 'Object Repository/First name Screen/Continue Button'

2022-09-16 18:01:16 - [TEST_STEP][PASSED] - markPassed("PASSED: Continue button is present on the screen"): PASSED: Continue button is present on the screen

2022-09-16 18:01:16 - [MESSAGE][PASSED] - PASSED: Continue button is present on the screen

2022-09-16 18:01:16 - [TEST_STEP][ERROR] - if (waitForElementPresent(popup, 10)): Test Cases/testing/First Name FAILED.
Reason:
groovy.lang.MissingMethodException: No signature of method: static com.kms.katalon.core.mobile.keyword.MobileBuiltInKeywords.waitForElementPresent() is applicable for argument types: (java.lang.String, java.lang.Integer) values: [, 10]
Possible solutions: waitForElementPresent(com.kms.katalon.core.testobject.TestObject, int), waitForElementPresent(com.kms.katalon.core.testobject.TestObject, int, com.kms.katalon.core.model.FailureHandling), waitForElementNotPresent(com.kms.katalon.core.testobject.TestObject, int), waitForElementNotPresent(com.kms.katalon.core.testobject.TestObject, int, com.kms.katalon.core.model.FailureHandling)
	at First Name.run(First Name:53)
	at com.kms.katalon.core.main.ScriptEngine.run(ScriptEngine.java:194)
	at com.kms.katalon.core.main.ScriptEngine.runScriptAsRawText(ScriptEngine.java:119)
	at com.kms.katalon.core.main.TestCaseExecutor.runScript(TestCaseExecutor.java:445)
	at com.kms.katalon.core.main.TestCaseExecutor.doExecute(TestCaseExecutor.java:436)
	at com.kms.katalon.core.main.TestCaseExecutor.processExecutionPhase(TestCaseExecutor.java:415)
	at com.kms.katalon.core.main.TestCaseExecutor.accessMainPhase(TestCaseExecutor.java:407)
	at com.kms.katalon.core.main.TestCaseExecutor.execute(TestCaseExecutor.java:284)
	at com.kms.katalon.core.main.TestCaseExecutor.execute(TestCaseExecutor.java:366)
	at com.kms.katalon.core.main.TestCaseExecutor.execute(TestCaseExecutor.java:366)
	at com.kms.katalon.core.main.TestCaseExecutor.execute(TestCaseExecutor.java:366)
	at com.kms.katalon.core.common.CommonExecutor.accessTestCaseMainPhase(CommonExecutor.java:65)
	at com.kms.katalon.core.main.TestSuiteExecutor.accessTestSuiteMainPhase(TestSuiteExecutor.java:144)
	at com.kms.katalon.core.main.TestSuiteExecutor.execute(TestSuiteExecutor.java:106)
	at com.kms.katalon.core.main.TestCaseMain.startTestSuite(TestCaseMain.java:185)
	at com.kms.katalon.core.main.TestCaseMain$startTestSuite$0.call(Unknown Source)
	at TempTestSuite1663333124960.run(TempTestSuite1663333124960.groovy:36)


2022-09-16 18:01:16 - [MESSAGE][ERROR] - Test Cases/testing/First Name FAILED.
Reason:
groovy.lang.MissingMethodException: No signature of method: static com.kms.katalon.core.mobile.keyword.MobileBuiltInKeywords.waitForElementPresent() is applicable for argument types: (java.lang.String, java.lang.Integer) values: [, 10]
Possible solutions: waitForElementPresent(com.kms.katalon.core.testobject.TestObject, int), waitForElementPresent(com.kms.katalon.core.testobject.TestObject, int, com.kms.katalon.core.model.FailureHandling), waitForElementNotPresent(com.kms.katalon.core.testobject.TestObject, int), waitForElementNotPresent(com.kms.katalon.core.testobject.TestObject, int, com.kms.katalon.core.model.FailureHandling)
	at First Name.run(First Name:53)
	at com.kms.katalon.core.main.ScriptEngine.run(ScriptEngine.java:194)
	at com.kms.katalon.core.main.ScriptEngine.runScriptAsRawText(ScriptEngine.java:119)
	at com.kms.katalon.core.main.TestCaseExecutor.runScript(TestCaseExecutor.java:445)
	at com.kms.katalon.core.main.TestCaseExecutor.doExecute(TestCaseExecutor.java:436)
	at com.kms.katalon.core.main.TestCaseExecutor.processExecutionPhase(TestCaseExecutor.java:415)
	at com.kms.katalon.core.main.TestCaseExecutor.accessMainPhase(TestCaseExecutor.java:407)
	at com.kms.katalon.core.main.TestCaseExecutor.execute(TestCaseExecutor.java:284)
	at com.kms.katalon.core.main.TestCaseExecutor.execute(TestCaseExecutor.java:366)
	at com.kms.katalon.core.main.TestCaseExecutor.execute(TestCaseExecutor.java:366)
	at com.kms.katalon.core.main.TestCaseExecutor.execute(TestCaseExecutor.java:366)
	at com.kms.katalon.core.common.CommonExecutor.accessTestCaseMainPhase(CommonExecutor.java:65)
	at com.kms.katalon.core.main.TestSuiteExecutor.accessTestSuiteMainPhase(TestSuiteExecutor.java:144)
	at com.kms.katalon.core.main.TestSuiteExecutor.execute(TestSuiteExecutor.java:106)
	at com.kms.katalon.core.main.TestCaseMain.startTestSuite(TestCaseMain.java:185)
	at com.kms.katalon.core.main.TestCaseMain$startTestSuite$0.call(Unknown Source)
	at TempTestSuite1663333124960.run(TempTestSuite1663333124960.groovy:36)]]></system-out>
         <system-err><![CDATA[2022-09-16 18:01:12 - [TEST_CASE][ERROR] - Test Cases/testing/First Name: Test Cases/testing/First Name FAILED.
Reason:
groovy.lang.MissingMethodException: No signature of method: static com.kms.katalon.core.mobile.keyword.MobileBuiltInKeywords.waitForElementPresent() is applicable for argument types: (java.lang.String, java.lang.Integer) values: [, 10]
Possible solutions: waitForElementPresent(com.kms.katalon.core.testobject.TestObject, int), waitForElementPresent(com.kms.katalon.core.testobject.TestObject, int, com.kms.katalon.core.model.FailureHandling), waitForElementNotPresent(com.kms.katalon.core.testobject.TestObject, int), waitForElementNotPresent(com.kms.katalon.core.testobject.TestObject, int, com.kms.katalon.core.model.FailureHandling)
	at First Name.run(First Name:53)
	at com.kms.katalon.core.main.ScriptEngine.run(ScriptEngine.java:194)
	at com.kms.katalon.core.main.ScriptEngine.runScriptAsRawText(ScriptEngine.java:119)
	at com.kms.katalon.core.main.TestCaseExecutor.runScript(TestCaseExecutor.java:445)
	at com.kms.katalon.core.main.TestCaseExecutor.doExecute(TestCaseExecutor.java:436)
	at com.kms.katalon.core.main.TestCaseExecutor.processExecutionPhase(TestCaseExecutor.java:415)
	at com.kms.katalon.core.main.TestCaseExecutor.accessMainPhase(TestCaseExecutor.java:407)
	at com.kms.katalon.core.main.TestCaseExecutor.execute(TestCaseExecutor.java:284)
	at com.kms.katalon.core.main.TestCaseExecutor.execute(TestCaseExecutor.java:366)
	at com.kms.katalon.core.main.TestCaseExecutor.execute(TestCaseExecutor.java:366)
	at com.kms.katalon.core.main.TestCaseExecutor.execute(TestCaseExecutor.java:366)
	at com.kms.katalon.core.common.CommonExecutor.accessTestCaseMainPhase(CommonExecutor.java:65)
	at com.kms.katalon.core.main.TestSuiteExecutor.accessTestSuiteMainPhase(TestSuiteExecutor.java:144)
	at com.kms.katalon.core.main.TestSuiteExecutor.execute(TestSuiteExecutor.java:106)
	at com.kms.katalon.core.main.TestCaseMain.startTestSuite(TestCaseMain.java:185)
	at com.kms.katalon.core.main.TestCaseMain$startTestSuite$0.call(Unknown Source)
	at TempTestSuite1663333124960.run(TempTestSuite1663333124960.groovy:36)]]></system-err>
      </testcase>
      <testcase name="Test Cases/testing/Birthday" time="10.252" classname="Test Cases/testing/Birthday" status="PASSED">
         <system-out><![CDATA[2022-09-16 18:01:16 - [TEST_CASE][PASSED] - Test Cases/testing/Birthday: Test Cases/testing/Birthday

2022-09-16 18:01:17 - [TEST_STEP][PASSED] - if (waitForElementPresent(Back, 30)): null

2022-09-16 18:01:19 - [MESSAGE][PASSED] - Element 'Object Repository/DOB/Back' is present

2022-09-16 18:01:19 - [TEST_STEP][PASSED] - tap(Back, 30): Tapped on element 'Object Repository/DOB/Back'

2022-09-16 18:01:19 - [MESSAGE][PASSED] - Tapped on element 'Object Repository/DOB/Back'

2022-09-16 18:01:19 - [TEST_STEP][PASSED] - markPassed("PASSED: Back Button is present on the screen"): PASSED: Back Button is present on the screen

2022-09-16 18:01:19 - [MESSAGE][PASSED] - PASSED: Back Button is present on the screen

2022-09-16 18:01:19 - [TEST_STEP][PASSED] - if (waitForElementPresent(Pervious_Continue, 30)): null

2022-09-16 18:01:21 - [MESSAGE][PASSED] - Element 'Object Repository/First name Screen/Continue Button' is present

2022-09-16 18:01:21 - [TEST_STEP][PASSED] - tap(Pervious_Continue, 30): Tapped on element 'Object Repository/First name Screen/Continue Button'

2022-09-16 18:01:21 - [MESSAGE][PASSED] - Tapped on element 'Object Repository/First name Screen/Continue Button'

2022-09-16 18:01:21 - [TEST_STEP][PASSED] - markPassed("PASSED: Continue Button is present on the screen"): PASSED: Continue Button is present on the screen

2022-09-16 18:01:21 - [MESSAGE][PASSED] - PASSED: Continue Button is present on the screen

2022-09-16 18:01:21 - [TEST_STEP][PASSED] - if (waitForElementPresent(cake_icon, 30)): null

2022-09-16 18:01:22 - [MESSAGE][PASSED] - Element 'Object Repository/DOB/Cake icon' is present

2022-09-16 18:01:22 - [TEST_STEP][PASSED] - markPassed("PASSED: Card Icon is present on the screen"): PASSED: Card Icon is present on the screen

2022-09-16 18:01:22 - [MESSAGE][PASSED] - PASSED: Card Icon is present on the screen

2022-09-16 18:01:22 - [TEST_STEP][PASSED] - if (waitForElementPresent(Whatsyour, 30)): null

2022-09-16 18:01:23 - [MESSAGE][PASSED] - Element 'Object Repository/DOB/Whats your date of birth label Text' is present

2022-09-16 18:01:23 - [TEST_STEP][PASSED] - markPassed("PASSED: Whats your... label text is present on the screen"): PASSED: Whats your... label text is present on the screen

2022-09-16 18:01:23 - [MESSAGE][PASSED] - PASSED: Whats your... label text is present on the screen

2022-09-16 18:01:23 - [TEST_STEP][PASSED] - if (waitForElementPresent(Year, 30)): null

2022-09-16 18:01:24 - [MESSAGE][PASSED] - Element 'Object Repository/DOB/Year Picker' is present

2022-09-16 18:01:24 - [TEST_STEP][PASSED] - tap(Year, 30): Tapped on element 'Object Repository/DOB/Year Picker'

2022-09-16 18:01:24 - [MESSAGE][PASSED] - Tapped on element 'Object Repository/DOB/Year Picker'

2022-09-16 18:01:24 - [TEST_STEP][PASSED] - markPassed("PASSED: Year is present on the screen"): PASSED: Year is present on the screen

2022-09-16 18:01:24 - [MESSAGE][PASSED] - PASSED: Year is present on the screen

2022-09-16 18:01:24 - [TEST_STEP][PASSED] - if (waitForElementPresent(Continue, 30)): null

2022-09-16 18:01:24 - [MESSAGE][PASSED] - Element 'Object Repository/DOB/Continue Button' is present

2022-09-16 18:01:24 - [TEST_STEP][PASSED] - tap(Continue, 30): Tapped on element 'Object Repository/DOB/Continue Button'

2022-09-16 18:01:25 - [MESSAGE][PASSED] - Tapped on element 'Object Repository/DOB/Continue Button'

2022-09-16 18:01:25 - [TEST_STEP][PASSED] - markPassed("PASSED: Continue button is present on the screen"): PASSED: Continue button is present on the screen

2022-09-16 18:01:25 - [MESSAGE][PASSED] - PASSED: Continue button is present on the screen

2022-09-16 18:01:25 - [TEST_STEP][PASSED] - if (waitForElementPresent(Please, 30)): null

2022-09-16 18:01:26 - [MESSAGE][PASSED] - Element 'Object Repository/DOB/Please confirm your birthdate label text' is present

2022-09-16 18:01:26 - [TEST_STEP][PASSED] - markPassed("PASSED: Please Confirm... label text is present on the screen"): PASSED: Please Confirm... label text is present on the screen

2022-09-16 18:01:26 - [MESSAGE][PASSED] - PASSED: Please Confirm... label text is present on the screen

2022-09-16 18:01:26 - [TEST_STEP][PASSED] - if (waitForElementPresent(Thiscant, 30)): null

2022-09-16 18:01:26 - [MESSAGE][PASSED] - Element 'Object Repository/DOB/This cant be changed later label text' is present

2022-09-16 18:01:26 - [TEST_STEP][PASSED] - markPassed("PASSED: This cant... label text is present on the screen"): PASSED: This cant... label text is present on the screen

2022-09-16 18:01:26 - [MESSAGE][PASSED] - PASSED: This cant... label text is present on the screen

2022-09-16 18:01:26 - [TEST_STEP][PASSED] - if (waitForElementPresent(C_Continue, 30)): null

2022-09-16 18:01:26 - [MESSAGE][PASSED] - Element 'Object Repository/DOB/C_Continue' is present

2022-09-16 18:01:26 - [TEST_STEP][PASSED] - tap(C_Continue, 30): Tapped on element 'Object Repository/DOB/C_Continue'

2022-09-16 18:01:26 - [MESSAGE][PASSED] - Tapped on element 'Object Repository/DOB/C_Continue'

2022-09-16 18:01:26 - [TEST_STEP][PASSED] - markPassed("PASSED: C_Continue button present on the screen"): PASSED: C_Continue button present on the screen

2022-09-16 18:01:26 - [MESSAGE][PASSED] - PASSED: C_Continue button present on the screen]]></system-out>
         <system-err><![CDATA[]]></system-err>
      </testcase>
      <testcase name="Test Cases/testing/Identifications" time="5.91" classname="Test Cases/testing/Identifications" status="PASSED">
         <system-out><![CDATA[2022-09-16 18:01:26 - [TEST_CASE][PASSED] - Test Cases/testing/Identifications: Test Cases/testing/Identifications

2022-09-16 18:01:27 - [TEST_STEP][PASSED] - try: null

2022-09-16 18:01:27 - [TEST_STEP][PASSED] - if (waitForElementPresent(Back, 30)): null

2022-09-16 18:01:28 - [MESSAGE][PASSED] - Element 'Object Repository/Identify/Back' is present

2022-09-16 18:01:28 - [TEST_STEP][PASSED] - markPassed("PASSED: Back button present on the screen"): PASSED: Back button present on the screen

2022-09-16 18:01:28 - [MESSAGE][PASSED] - PASSED: Back button present on the screen

2022-09-16 18:01:28 - [TEST_STEP][PASSED] - if (waitForElementPresent(Mirror_icon, 30)): null

2022-09-16 18:01:28 - [MESSAGE][PASSED] - Element 'Object Repository/Identify/Mirror Icon' is present

2022-09-16 18:01:28 - [TEST_STEP][PASSED] - markPassed("PASSED: Mirror Icon present on the screen"): PASSED: Mirror Icon present on the screen

2022-09-16 18:01:28 - [MESSAGE][PASSED] - PASSED: Mirror Icon present on the screen

2022-09-16 18:01:28 - [TEST_STEP][PASSED] - if (waitForElementPresent(How_do, 30)): null

2022-09-16 18:01:28 - [MESSAGE][PASSED] - Element 'Object Repository/Identify/How do you identify label text' is present

2022-09-16 18:01:28 - [TEST_STEP][PASSED] - markPassed("PASSED: How do... label text present on the screen"): PASSED: How do... label text present on the screen

2022-09-16 18:01:28 - [MESSAGE][PASSED] - PASSED: How do... label text present on the screen

2022-09-16 18:01:28 - [TEST_STEP][PASSED] - if (waitForElementPresent(Male_Chips, 30)): null

2022-09-16 18:01:28 - [MESSAGE][PASSED] - Element 'Object Repository/Identify/Male Chips' is present

2022-09-16 18:01:28 - [TEST_STEP][PASSED] - tap(Male_Chips, 30): Tapped on element 'Object Repository/Identify/Male Chips'

2022-09-16 18:01:29 - [MESSAGE][PASSED] - Tapped on element 'Object Repository/Identify/Male Chips'

2022-09-16 18:01:29 - [TEST_STEP][PASSED] - markPassed("PASSED: Female Chips button present on the screen"): PASSED: Female Chips button present on the screen

2022-09-16 18:01:29 - [MESSAGE][PASSED] - PASSED: Female Chips button present on the screen

2022-09-16 18:01:29 - [TEST_STEP][PASSED] - if (waitForElementPresent(Female_Chips, 30)): null

2022-09-16 18:01:29 - [MESSAGE][PASSED] - Element 'Object Repository/Identify/New Test Object' is present

2022-09-16 18:01:29 - [TEST_STEP][PASSED] - tap(Female_Chips, 30): Tapped on element 'Object Repository/Identify/New Test Object'

2022-09-16 18:01:30 - [MESSAGE][PASSED] - Tapped on element 'Object Repository/Identify/New Test Object'

2022-09-16 18:01:30 - [TEST_STEP][PASSED] - markPassed("PASSED: Male Chips button present on the screen"): PASSED: Male Chips button present on the screen

2022-09-16 18:01:30 - [MESSAGE][PASSED] - PASSED: Male Chips button present on the screen

2022-09-16 18:01:30 - [TEST_STEP][PASSED] - if (waitForElementPresent(NonBinary, 30)): null

2022-09-16 18:01:30 - [MESSAGE][PASSED] - Element 'Object Repository/Identify/Non-Binary Chips' is present

2022-09-16 18:01:30 - [TEST_STEP][PASSED] - tap(NonBinary, 30): Tapped on element 'Object Repository/Identify/Non-Binary Chips'

2022-09-16 18:01:30 - [MESSAGE][PASSED] - Tapped on element 'Object Repository/Identify/Non-Binary Chips'

2022-09-16 18:01:30 - [TEST_STEP][PASSED] - markPassed("PASSED: NonBinary Chips button present on the screen"): PASSED: NonBinary Chips button present on the screen

2022-09-16 18:01:30 - [MESSAGE][PASSED] - PASSED: NonBinary Chips button present on the screen

2022-09-16 18:01:30 - [TEST_STEP][PASSED] - if (waitForElementPresent(Male, 30)): null

2022-09-16 18:01:30 - [TEST_STEP][PASSED] - catch (Exception e): null

2022-09-16 18:01:30 - [TEST_STEP][PASSED] - e.printStackTrace(): null

2022-09-16 18:01:30 - [TEST_STEP][PASSED] - Finally: null

2022-09-16 18:01:30 - [TEST_STEP][PASSED] - driver = getDriver(): null

2022-09-16 18:01:30 - [TEST_STEP][PASSED] - driver.resetApp(): null]]></system-out>
         <system-err><![CDATA[]]></system-err>
      </testcase>
      <testcase name="Test Cases/testing/Into" time="30.308" classname="Test Cases/testing/Into" status="FAILED">
         <failure type="FAILED" message="Test Cases/testing/Into FAILED.
Reason:
com.kms.katalon.core.exception.StepFailedException: FAILED: Back button is not present on the screen
	at com.kms.katalon.core.util.KeywordUtil.markFailed(KeywordUtil.java:19)
	at com.kms.katalon.core.util.KeywordUtil$markFailed$0.call(Unknown Source)
	at Into.run(Into:88)
	at com.kms.katalon.core.main.ScriptEngine.run(ScriptEngine.java:194)
	at com.kms.katalon.core.main.ScriptEngine.runScriptAsRawText(ScriptEngine.java:119)
	at com.kms.katalon.core.main.TestCaseExecutor.runScript(TestCaseExecutor.java:445)
	at com.kms.katalon.core.main.TestCaseExecutor.doExecute(TestCaseExecutor.java:436)
	at com.kms.katalon.core.main.TestCaseExecutor.processExecutionPhase(TestCaseExecutor.java:415)
	at com.kms.katalon.core.main.TestCaseExecutor.accessMainPhase(TestCaseExecutor.java:407)
	at com.kms.katalon.core.main.TestCaseExecutor.execute(TestCaseExecutor.java:284)
	at com.kms.katalon.core.main.TestCaseExecutor.execute(TestCaseExecutor.java:366)
	at com.kms.katalon.core.main.TestCaseExecutor.execute(TestCaseExecutor.java:366)
	at com.kms.katalon.core.main.TestCaseExecutor.execute(TestCaseExecutor.java:366)
	at com.kms.katalon.core.common.CommonExecutor.accessTestCaseMainPhase(CommonExecutor.java:65)
	at com.kms.katalon.core.main.TestSuiteExecutor.accessTestSuiteMainPhase(TestSuiteExecutor.java:144)
	at com.kms.katalon.core.main.TestSuiteExecutor.execute(TestSuiteExecutor.java:106)
	at com.kms.katalon.core.main.TestCaseMain.startTestSuite(TestCaseMain.java:185)
	at com.kms.katalon.core.main.TestCaseMain$startTestSuite$0.call(Unknown Source)
	at TempTestSuite1663333124960.run(TempTestSuite1663333124960.groovy:36)
"/>
         <system-out><![CDATA[2022-09-16 18:03:04 - [TEST_CASE][FAILED] - Test Cases/testing/Into: Test Cases/testing/Into FAILED.
Reason:
com.kms.katalon.core.exception.StepFailedException: FAILED: Back button is not present on the screen
	at com.kms.katalon.core.util.KeywordUtil.markFailed(KeywordUtil.java:19)
	at com.kms.katalon.core.util.KeywordUtil$markFailed$0.call(Unknown Source)
	at Into.run(Into:88)
	at com.kms.katalon.core.main.ScriptEngine.run(ScriptEngine.java:194)
	at com.kms.katalon.core.main.ScriptEngine.runScriptAsRawText(ScriptEngine.java:119)
	at com.kms.katalon.core.main.TestCaseExecutor.runScript(TestCaseExecutor.java:445)
	at com.kms.katalon.core.main.TestCaseExecutor.doExecute(TestCaseExecutor.java:436)
	at com.kms.katalon.core.main.TestCaseExecutor.processExecutionPhase(TestCaseExecutor.java:415)
	at com.kms.katalon.core.main.TestCaseExecutor.accessMainPhase(TestCaseExecutor.java:407)
	at com.kms.katalon.core.main.TestCaseExecutor.execute(TestCaseExecutor.java:284)
	at com.kms.katalon.core.main.TestCaseExecutor.execute(TestCaseExecutor.java:366)
	at com.kms.katalon.core.main.TestCaseExecutor.execute(TestCaseExecutor.java:366)
	at com.kms.katalon.core.main.TestCaseExecutor.execute(TestCaseExecutor.java:366)
	at com.kms.katalon.core.common.CommonExecutor.accessTestCaseMainPhase(CommonExecutor.java:65)
	at com.kms.katalon.core.main.TestSuiteExecutor.accessTestSuiteMainPhase(TestSuiteExecutor.java:144)
	at com.kms.katalon.core.main.TestSuiteExecutor.execute(TestSuiteExecutor.java:106)
	at com.kms.katalon.core.main.TestCaseMain.startTestSuite(TestCaseMain.java:185)
	at com.kms.katalon.core.main.TestCaseMain$startTestSuite$0.call(Unknown Source)
	at TempTestSuite1663333124960.run(TempTestSuite1663333124960.groovy:36)


2022-09-16 18:03:04 - [TEST_STEP][PASSED] - if (waitForElementPresent(back, 30)): Object Object Repository/INTO/Back not found

2022-09-16 18:03:34 - [MESSAGE][WARNING] - Object Object Repository/INTO/Back not found

2022-09-16 18:03:34 - [TEST_STEP][FAILED] - else: FAILED: Back button is not present on the screen

2022-09-16 18:03:34 - [TEST_STEP][FAILED] - markFailed("FAILED: Back button is not present on the screen"): FAILED: Back button is not present on the screen

2022-09-16 18:03:34 - [MESSAGE][FAILED] - FAILED: Back button is not present on the screen]]></system-out>
         <system-err><![CDATA[2022-09-16 18:03:04 - [TEST_CASE][FAILED] - Test Cases/testing/Into: Test Cases/testing/Into FAILED.
Reason:
com.kms.katalon.core.exception.StepFailedException: FAILED: Back button is not present on the screen
	at com.kms.katalon.core.util.KeywordUtil.markFailed(KeywordUtil.java:19)
	at com.kms.katalon.core.util.KeywordUtil$markFailed$0.call(Unknown Source)
	at Into.run(Into:88)
	at com.kms.katalon.core.main.ScriptEngine.run(ScriptEngine.java:194)
	at com.kms.katalon.core.main.ScriptEngine.runScriptAsRawText(ScriptEngine.java:119)
	at com.kms.katalon.core.main.TestCaseExecutor.runScript(TestCaseExecutor.java:445)
	at com.kms.katalon.core.main.TestCaseExecutor.doExecute(TestCaseExecutor.java:436)
	at com.kms.katalon.core.main.TestCaseExecutor.processExecutionPhase(TestCaseExecutor.java:415)
	at com.kms.katalon.core.main.TestCaseExecutor.accessMainPhase(TestCaseExecutor.java:407)
	at com.kms.katalon.core.main.TestCaseExecutor.execute(TestCaseExecutor.java:284)
	at com.kms.katalon.core.main.TestCaseExecutor.execute(TestCaseExecutor.java:366)
	at com.kms.katalon.core.main.TestCaseExecutor.execute(TestCaseExecutor.java:366)
	at com.kms.katalon.core.main.TestCaseExecutor.execute(TestCaseExecutor.java:366)
	at com.kms.katalon.core.common.CommonExecutor.accessTestCaseMainPhase(CommonExecutor.java:65)
	at com.kms.katalon.core.main.TestSuiteExecutor.accessTestSuiteMainPhase(TestSuiteExecutor.java:144)
	at com.kms.katalon.core.main.TestSuiteExecutor.execute(TestSuiteExecutor.java:106)
	at com.kms.katalon.core.main.TestCaseMain.startTestSuite(TestCaseMain.java:185)
	at com.kms.katalon.core.main.TestCaseMain$startTestSuite$0.call(Unknown Source)
	at TempTestSuite1663333124960.run(TempTestSuite1663333124960.groovy:36)]]></system-err>
      </testcase>
      <system-out><![CDATA[2022-09-16 17:58:53 - [TEST_SUITE][ERROR] - SpotLove Staging: Test Cases/testing/First Name FAILED.
Reason:
groovy.lang.MissingMethodException: No signature of method: static com.kms.katalon.core.mobile.keyword.MobileBuiltInKeywords.waitForElementPresent() is applicable for argument types: (java.lang.String, java.lang.Integer) values: [, 10]
Possible solutions: waitForElementPresent(com.kms.katalon.core.testobject.TestObject, int), waitForElementPresent(com.kms.katalon.core.testobject.TestObject, int, com.kms.katalon.core.model.FailureHandling), waitForElementNotPresent(com.kms.katalon.core.testobject.TestObject, int), waitForElementNotPresent(com.kms.katalon.core.testobject.TestObject, int, com.kms.katalon.core.model.FailureHandling)
	at First Name.run(First Name:53)
	at com.kms.katalon.core.main.ScriptEngine.run(ScriptEngine.java:194)
	at com.kms.katalon.core.main.ScriptEngine.runScriptAsRawText(ScriptEngine.java:119)
	at com.kms.katalon.core.main.TestCaseExecutor.runScript(TestCaseExecutor.java:445)
	at com.kms.katalon.core.main.TestCaseExecutor.doExecute(TestCaseExecutor.java:436)
	at com.kms.katalon.core.main.TestCaseExecutor.processExecutionPhase(TestCaseExecutor.java:415)
	at com.kms.katalon.core.main.TestCaseExecutor.accessMainPhase(TestCaseExecutor.java:407)
	at com.kms.katalon.core.main.TestCaseExecutor.execute(TestCaseExecutor.java:284)
	at com.kms.katalon.core.common.CommonExecutor.accessTestCaseMainPhase(CommonExecutor.java:65)
	at com.kms.katalon.core.main.TestSuiteExecutor.accessTestSuiteMainPhase(TestSuiteExecutor.java:144)
	at com.kms.katalon.core.main.TestSuiteExecutor.execute(TestSuiteExecutor.java:106)
	at com.kms.katalon.core.main.TestCaseMain.startTestSuite(TestCaseMain.java:185)
	at com.kms.katalon.core.main.TestCaseMain$startTestSuite$0.call(Unknown Source)
	at TempTestSuite1663333124960.run(TempTestSuite1663333124960.groovy:36)]]></system-out>
      <system-err><![CDATA[2022-09-16 17:58:53 - [TEST_SUITE][ERROR] - SpotLove Staging: Test Cases/testing/First Name FAILED.
Reason:
groovy.lang.MissingMethodException: No signature of method: static com.kms.katalon.core.mobile.keyword.MobileBuiltInKeywords.waitForElementPresent() is applicable for argument types: (java.lang.String, java.lang.Integer) values: [, 10]
Possible solutions: waitForElementPresent(com.kms.katalon.core.testobject.TestObject, int), waitForElementPresent(com.kms.katalon.core.testobject.TestObject, int, com.kms.katalon.core.model.FailureHandling), waitForElementNotPresent(com.kms.katalon.core.testobject.TestObject, int), waitForElementNotPresent(com.kms.katalon.core.testobject.TestObject, int, com.kms.katalon.core.model.FailureHandling)
	at First Name.run(First Name:53)
	at com.kms.katalon.core.main.ScriptEngine.run(ScriptEngine.java:194)
	at com.kms.katalon.core.main.ScriptEngine.runScriptAsRawText(ScriptEngine.java:119)
	at com.kms.katalon.core.main.TestCaseExecutor.runScript(TestCaseExecutor.java:445)
	at com.kms.katalon.core.main.TestCaseExecutor.doExecute(TestCaseExecutor.java:436)
	at com.kms.katalon.core.main.TestCaseExecutor.processExecutionPhase(TestCaseExecutor.java:415)
	at com.kms.katalon.core.main.TestCaseExecutor.accessMainPhase(TestCaseExecutor.java:407)
	at com.kms.katalon.core.main.TestCaseExecutor.execute(TestCaseExecutor.java:284)
	at com.kms.katalon.core.common.CommonExecutor.accessTestCaseMainPhase(CommonExecutor.java:65)
	at com.kms.katalon.core.main.TestSuiteExecutor.accessTestSuiteMainPhase(TestSuiteExecutor.java:144)
	at com.kms.katalon.core.main.TestSuiteExecutor.execute(TestSuiteExecutor.java:106)
	at com.kms.katalon.core.main.TestCaseMain.startTestSuite(TestCaseMain.java:185)
	at com.kms.katalon.core.main.TestCaseMain$startTestSuite$0.call(Unknown Source)
	at TempTestSuite1663333124960.run(TempTestSuite1663333124960.groovy:36)]]></system-err>
   </testsuite>
</testsuites>
