<?xml version="1.0" encoding="UTF-8"?>
<testsuites name="new" time="197.188" tests="12" failures="4" errors="0">
   <testsuite name="new" tests="12" failures="4" errors="0" time="197.188" skipped="0" timestamp="2022-07-19 16:33:33" hostname="pc - 192.168.88.147" id="Test Suites/new">
      <properties>
         <property name="deviceName" value="samsung SM-A025F (Android 11)"/>
         <property name="devicePlatform" value=""/>
         <property name="logFolder" value="/Users/pc/Documents/Katalon Studio/SpotLove_Stagging/Reports/20220719_163324/new/20220719_163324"/>
         <property name="logFiles" value="/Users/pc/Documents/Katalon Studio/SpotLove_Stagging/Reports/20220719_163324/new/20220719_163324/execution0.log, /Users/pc/Documents/Katalon Studio/SpotLove_Stagging/Reports/20220719_163324/new/20220719_163324/appium.log"/>
         <property name="attachments" value=""/>
         <property name="hostName" value="pc - 192.168.88.147"/>
         <property name="os" value="Mac OS X 64bit"/>
         <property name="appiumServerStatus" value="{&quot;value&quot;:{&quot;build&quot;:{&quot;version&quot;:&quot;1.22.3&quot;}},&quot;sessionId&quot;:null,&quot;status&quot;:0}"/>
         <property name="katalonVersion" value="8.3.0.208"/>
         <property name="deviceOS" value="Android"/>
         <property name="appiumVersion" value="1.22.3"/>
         <property name="deviceModel" value="SM-A025F"/>
         <property name="hostAddress" value="192.168.88.147"/>
         <property name="deviceManufacturer" value="samsung"/>
         <property name="deviceId" value="R9JNC0DKDXJ"/>
         <property name="deviceName" value="samsung SM-A025F (Android 11)"/>
         <property name="deviceOSVersion" value="11"/>
      </properties>
      <testcase name="Test Cases/testing/intro 1" time="25.831" classname="Test Cases/testing/intro 1" status="PASSED">
         <system-out><![CDATA[2022-07-19 16:33:33 - [TEST_CASE][PASSED] - Test Cases/testing/intro 1: Test Cases/testing/intro 1

2022-07-19 16:33:34 - [TEST_STEP][PASSED] - startExistingApplication("com.spotlove.releaseproduction", STOP_ON_FAILURE): Starting app with application ID: 'com.spotlove.releaseproduction'

2022-07-19 16:33:34 - [MESSAGE][INFO] - User set preference: ['deviceId', '']

2022-07-19 16:33:34 - [MESSAGE][INFO] - Detected NodeJS location: "/usr/local/bin/node"

2022-07-19 16:33:35 - [MESSAGE][INFO] - Appium server started on port 60,325

2022-07-19 16:33:49 - [MESSAGE][PASSED] - Starting app with application ID: 'com.spotlove.releaseproduction'

2022-07-19 16:33:49 - [TEST_STEP][PASSED] - if (waitForElementPresent(hearticon, 30)): null

2022-07-19 16:33:57 - [MESSAGE][PASSED] - Element 'Object Repository/intro screens/Intro first/Heart icon' is present

2022-07-19 16:33:57 - [TEST_STEP][PASSED] - markPassed("PASSED: App is launched successfully"): PASSED: App is launched successfully

2022-07-19 16:33:57 - [MESSAGE][PASSED] - PASSED: App is launched successfully

2022-07-19 16:33:57 - [TEST_STEP][PASSED] - if (waitForElementPresent(Access, 30)): null

2022-07-19 16:33:58 - [MESSAGE][PASSED] - Element 'Object Repository/intro screens/Intro first/Access to label text' is present

2022-07-19 16:33:58 - [TEST_STEP][PASSED] - markPassed("PASSED: Access label text is present on the screen"): PASSED: Access label text is present on the screen

2022-07-19 16:33:58 - [MESSAGE][PASSED] - PASSED: Access label text is present on the screen

2022-07-19 16:33:58 - [TEST_STEP][PASSED] - if (waitForElementPresent(Matchmakers, 30)): null

2022-07-19 16:33:58 - [MESSAGE][PASSED] - Element 'Object Repository/intro screens/Intro first/Matchmakers label text' is present

2022-07-19 16:33:58 - [TEST_STEP][PASSED] - markPassed("PASSED: Matchmakers label text is present on the screen"): PASSED: Matchmakers label text is present on the screen

2022-07-19 16:33:58 - [MESSAGE][PASSED] - PASSED: Matchmakers label text is present on the screen

2022-07-19 16:33:58 - [TEST_STEP][PASSED] - if (waitForElementPresent(Berief_Labeltext, 30)): null

2022-07-19 16:33:58 - [MESSAGE][PASSED] - Element 'Object Repository/intro screens/Intro first/We have matchmakers that will help you find your perfect match label text' is present

2022-07-19 16:33:58 - [TEST_STEP][PASSED] - markPassed("PASSED: We have.... label text is present on the screen"): PASSED: We have.... label text is present on the screen

2022-07-19 16:33:58 - [MESSAGE][PASSED] - PASSED: We have.... label text is present on the screen

2022-07-19 16:33:58 - [TEST_STEP][PASSED] - if (waitForElementPresent(background, 30)): null

2022-07-19 16:33:58 - [MESSAGE][PASSED] - Element 'Object Repository/intro screens/Intro first/Background image' is present

2022-07-19 16:33:58 - [TEST_STEP][PASSED] - markPassed("PASSED: background Image is present on the screen"): PASSED: background Image is present on the screen

2022-07-19 16:33:58 - [MESSAGE][PASSED] - PASSED: background Image is present on the screen

2022-07-19 16:33:58 - [TEST_STEP][PASSED] - if (waitForElementPresent(continuebutton, 30)): null

2022-07-19 16:33:58 - [MESSAGE][PASSED] - Element 'Object Repository/intro screens/Intro first/Continue Button' is present

2022-07-19 16:33:58 - [TEST_STEP][PASSED] - tap(continuebutton, 30): Tapped on element 'Object Repository/intro screens/Intro first/Continue Button'

2022-07-19 16:33:59 - [MESSAGE][PASSED] - Tapped on element 'Object Repository/intro screens/Intro first/Continue Button'

2022-07-19 16:33:59 - [TEST_STEP][PASSED] - markPassed("Passed: continue button Element is present"): Passed: continue button Element is present

2022-07-19 16:33:59 - [MESSAGE][PASSED] - Passed: continue button Element is present]]></system-out>
         <system-err><![CDATA[]]></system-err>
      </testcase>
      <testcase name="Test Cases/testing/intro 2" time="2.161" classname="Test Cases/testing/intro 2" status="PASSED">
         <system-out><![CDATA[2022-07-19 16:33:59 - [TEST_CASE][PASSED] - Test Cases/testing/intro 2: Test Cases/testing/intro 2

2022-07-19 16:33:59 - [TEST_STEP][PASSED] - if (waitForElementPresent(hearticon, 30)): null

2022-07-19 16:34:00 - [MESSAGE][PASSED] - Element 'Object Repository/intro screens/Second intro/Heart icon' is present

2022-07-19 16:34:00 - [TEST_STEP][PASSED] - markPassed("PASSED: Heart icon is present in the screen"): PASSED: Heart icon is present in the screen

2022-07-19 16:34:00 - [MESSAGE][PASSED] - PASSED: Heart icon is present in the screen

2022-07-19 16:34:00 - [TEST_STEP][PASSED] - if (waitForElementPresent(Connect, 30)): null

2022-07-19 16:34:00 - [MESSAGE][PASSED] - Element 'Object Repository/intro screens/Second intro/Connect On Video label text' is present

2022-07-19 16:34:00 - [TEST_STEP][PASSED] - markPassed("PASSED: Connect label text is present on the screen"): PASSED: Connect label text is present on the screen

2022-07-19 16:34:00 - [MESSAGE][PASSED] - PASSED: Connect label text is present on the screen

2022-07-19 16:34:00 - [TEST_STEP][PASSED] - if (waitForElementPresent(Dates, 30)): null

2022-07-19 16:34:00 - [MESSAGE][PASSED] - Element 'Object Repository/intro screens/Second intro/Dates Label text' is present

2022-07-19 16:34:00 - [TEST_STEP][PASSED] - markPassed("PASSED: Dates label text is present on the screen"): PASSED: Dates label text is present on the screen

2022-07-19 16:34:00 - [MESSAGE][PASSED] - PASSED: Dates label text is present on the screen

2022-07-19 16:34:00 - [TEST_STEP][PASSED] - if (waitForElementPresent(We, 30)): null

2022-07-19 16:34:00 - [MESSAGE][PASSED] - Element 'Object Repository/intro screens/Second intro/We believe in connecting with people through video chat Label text' is present

2022-07-19 16:34:00 - [TEST_STEP][PASSED] - markPassed("PASSED: We.... label text is present on the screen"): PASSED: We.... label text is present on the screen

2022-07-19 16:34:00 - [MESSAGE][PASSED] - PASSED: We.... label text is present on the screen

2022-07-19 16:34:00 - [TEST_STEP][PASSED] - if (waitForElementPresent(background, 30)): null

2022-07-19 16:34:00 - [MESSAGE][PASSED] - Element 'Object Repository/intro screens/Second intro/Background Image' is present

2022-07-19 16:34:00 - [TEST_STEP][PASSED] - markPassed("PASSED: background Image is present on the screen"): PASSED: background Image is present on the screen

2022-07-19 16:34:00 - [MESSAGE][PASSED] - PASSED: background Image is present on the screen

2022-07-19 16:34:00 - [TEST_STEP][PASSED] - if (waitForElementPresent(Continuebutton, 30)): null

2022-07-19 16:34:01 - [MESSAGE][PASSED] - Element 'Object Repository/intro screens/Second intro/Continue button' is present

2022-07-19 16:34:01 - [TEST_STEP][PASSED] - tap(Continuebutton, 30): Tapped on element 'Object Repository/intro screens/Second intro/Continue button'

2022-07-19 16:34:01 - [MESSAGE][PASSED] - Tapped on element 'Object Repository/intro screens/Second intro/Continue button'

2022-07-19 16:34:01 - [TEST_STEP][PASSED] - markPassed("Passed: continue button Element is present"): Passed: continue button Element is present

2022-07-19 16:34:01 - [MESSAGE][PASSED] - Passed: continue button Element is present]]></system-out>
         <system-err><![CDATA[]]></system-err>
      </testcase>
      <testcase name="Test Cases/testing/intro 3" time="2.593" classname="Test Cases/testing/intro 3" status="PASSED">
         <system-out><![CDATA[2022-07-19 16:34:01 - [TEST_CASE][PASSED] - Test Cases/testing/intro 3: Test Cases/testing/intro 3

2022-07-19 16:34:01 - [TEST_STEP][PASSED] - if (waitForElementPresent(hearticon, 30)): null

2022-07-19 16:34:02 - [MESSAGE][PASSED] - Element 'Object Repository/intro screens/Third intro/Heart icon' is present

2022-07-19 16:34:02 - [TEST_STEP][PASSED] - markPassed("PASSED: Heart icon is present in the screen"): PASSED: Heart icon is present in the screen

2022-07-19 16:34:02 - [MESSAGE][PASSED] - PASSED: Heart icon is present in the screen

2022-07-19 16:34:02 - [TEST_STEP][PASSED] - if (waitForElementPresent(Meet_your, 30)): null

2022-07-19 16:34:02 - [MESSAGE][PASSED] - Element 'Object Repository/intro screens/Third intro/Meet Your label text' is present

2022-07-19 16:34:02 - [TEST_STEP][PASSED] - markPassed("PASSED: Meet your label text is present on the screen"): PASSED: Meet your label text is present on the screen

2022-07-19 16:34:02 - [MESSAGE][PASSED] - PASSED: Meet your label text is present on the screen

2022-07-19 16:34:02 - [TEST_STEP][PASSED] - if (waitForElementPresent(Soulmate, 30)): null

2022-07-19 16:34:02 - [MESSAGE][PASSED] - Element 'Object Repository/intro screens/Third intro/Soulmate label text' is present

2022-07-19 16:34:02 - [TEST_STEP][PASSED] - markPassed("PASSED: Soulmate label text is present on the screen"): PASSED: Soulmate label text is present on the screen

2022-07-19 16:34:02 - [MESSAGE][PASSED] - PASSED: Soulmate label text is present on the screen

2022-07-19 16:34:02 - [TEST_STEP][PASSED] - if (waitForElementPresent(Plenty, 30)): null

2022-07-19 16:34:03 - [MESSAGE][PASSED] - Element 'Object Repository/intro screens/Third intro/Plenty of opportunities to find the person that checks all your boxes label text' is present

2022-07-19 16:34:03 - [TEST_STEP][PASSED] - markPassed("PASSED: Plenty.... label text is present on the screen"): PASSED: Plenty.... label text is present on the screen

2022-07-19 16:34:03 - [MESSAGE][PASSED] - PASSED: Plenty.... label text is present on the screen

2022-07-19 16:34:03 - [TEST_STEP][PASSED] - if (waitForElementPresent(background, 30)): null

2022-07-19 16:34:03 - [MESSAGE][PASSED] - Element 'Object Repository/intro screens/Third intro/Background image' is present

2022-07-19 16:34:03 - [TEST_STEP][PASSED] - markPassed("PASSED: background Image is present on the screen"): PASSED: background Image is present on the screen

2022-07-19 16:34:03 - [MESSAGE][PASSED] - PASSED: background Image is present on the screen

2022-07-19 16:34:03 - [TEST_STEP][PASSED] - if (waitForElementPresent(Continuebutton, 30)): null

2022-07-19 16:34:03 - [MESSAGE][PASSED] - Element 'Object Repository/intro screens/Third intro/Continue Button' is present

2022-07-19 16:34:03 - [TEST_STEP][PASSED] - tap(Continuebutton, 30): Tapped on element 'Object Repository/intro screens/Third intro/Continue Button'

2022-07-19 16:34:03 - [MESSAGE][PASSED] - Tapped on element 'Object Repository/intro screens/Third intro/Continue Button'

2022-07-19 16:34:03 - [TEST_STEP][PASSED] - markPassed("Passed: continue button Element is present"): Passed: continue button Element is present

2022-07-19 16:34:03 - [MESSAGE][PASSED] - Passed: continue button Element is present]]></system-out>
         <system-err><![CDATA[]]></system-err>
      </testcase>
      <testcase name="Test Cases/testing/Use Phone Number screen" time="1.676" classname="Test Cases/testing/Use Phone Number screen" status="PASSED">
         <system-out><![CDATA[2022-07-19 16:34:03 - [TEST_CASE][PASSED] - Test Cases/testing/Use Phone Number screen: Test Cases/testing/Use Phone Number screen

2022-07-19 16:34:04 - [TEST_STEP][PASSED] - if (waitForElementPresent(logo, 30)): null

2022-07-19 16:34:05 - [MESSAGE][PASSED] - Element 'Object Repository/Select screen/logo' is present

2022-07-19 16:34:05 - [TEST_STEP][PASSED] - markPassed("PASSED: SignIn Screen launch successfully"): PASSED: SignIn Screen launch successfully

2022-07-19 16:34:05 - [MESSAGE][PASSED] - PASSED: SignIn Screen launch successfully

2022-07-19 16:34:05 - [TEST_STEP][PASSED] - if (waitForElementPresent(Spotlove, 30)): null

2022-07-19 16:34:05 - [MESSAGE][PASSED] - Element 'Object Repository/Select screen/Spot Love at First Sight Login or create an account label text' is present

2022-07-19 16:34:05 - [TEST_STEP][PASSED] - markPassed("PASSED: SpotLove At First Sight label text is present on the screen."): PASSED: SpotLove At First Sight label text is present on the screen.

2022-07-19 16:34:05 - [MESSAGE][PASSED] - PASSED: SpotLove At First Sight label text is present on the screen.

2022-07-19 16:34:05 - [TEST_STEP][PASSED] - if (waitForElementPresent(Continue, 30)): null

2022-07-19 16:34:05 - [MESSAGE][PASSED] - Element 'Object Repository/Select screen/Continue with Phone number' is present

2022-07-19 16:34:05 - [TEST_STEP][PASSED] - tap(Continue, 30): Tapped on element 'Object Repository/Select screen/Continue with Phone number'

2022-07-19 16:34:05 - [MESSAGE][PASSED] - Tapped on element 'Object Repository/Select screen/Continue with Phone number'

2022-07-19 16:34:05 - [TEST_STEP][PASSED] - markPassed("PASSED: Continue With phone is present on the screen."): PASSED: Continue With phone is present on the screen.

2022-07-19 16:34:05 - [MESSAGE][PASSED] - PASSED: Continue With phone is present on the screen.]]></system-out>
         <system-err><![CDATA[]]></system-err>
      </testcase>
      <testcase name="Test Cases/testing/Use Phone Number screen" time="31.439" classname="Test Cases/testing/Use Phone Number screen" status="FAILED">
         <failure type="FAILED" message="Test Cases/testing/Use Phone Number screen FAILED.
Reason:
com.kms.katalon.core.exception.StepFailedException: FAILED: Continue With phone is not present on the screen.
	at com.kms.katalon.core.util.KeywordUtil.markFailed(KeywordUtil.java:19)
	at com.kms.katalon.core.util.KeywordUtil$markFailed$0.call(Unknown Source)
	at Use Phone Number screen.run(Use Phone Number screen:39)
	at com.kms.katalon.core.main.ScriptEngine.run(ScriptEngine.java:194)
	at com.kms.katalon.core.main.ScriptEngine.runScriptAsRawText(ScriptEngine.java:119)
	at com.kms.katalon.core.main.TestCaseExecutor.runScript(TestCaseExecutor.java:445)
	at com.kms.katalon.core.main.TestCaseExecutor.doExecute(TestCaseExecutor.java:436)
	at com.kms.katalon.core.main.TestCaseExecutor.processExecutionPhase(TestCaseExecutor.java:415)
	at com.kms.katalon.core.main.TestCaseExecutor.accessMainPhase(TestCaseExecutor.java:407)
	at com.kms.katalon.core.main.TestCaseExecutor.execute(TestCaseExecutor.java:284)
	at com.kms.katalon.core.common.CommonExecutor.accessTestCaseMainPhase(CommonExecutor.java:65)
	at com.kms.katalon.core.main.TestSuiteExecutor.accessTestSuiteMainPhase(TestSuiteExecutor.java:144)
	at com.kms.katalon.core.main.TestSuiteExecutor.execute(TestSuiteExecutor.java:106)
	at com.kms.katalon.core.main.TestCaseMain.startTestSuite(TestCaseMain.java:185)
	at com.kms.katalon.core.main.TestCaseMain$startTestSuite$0.call(Unknown Source)
	at TempTestSuite1658230404287.run(TempTestSuite1658230404287.groovy:36)
"/>
         <system-out><![CDATA[2022-07-19 16:34:05 - [TEST_CASE][FAILED] - Test Cases/testing/Use Phone Number screen: Test Cases/testing/Use Phone Number screen FAILED.
Reason:
com.kms.katalon.core.exception.StepFailedException: FAILED: Continue With phone is not present on the screen.
	at com.kms.katalon.core.util.KeywordUtil.markFailed(KeywordUtil.java:19)
	at com.kms.katalon.core.util.KeywordUtil$markFailed$0.call(Unknown Source)
	at Use Phone Number screen.run(Use Phone Number screen:39)
	at com.kms.katalon.core.main.ScriptEngine.run(ScriptEngine.java:194)
	at com.kms.katalon.core.main.ScriptEngine.runScriptAsRawText(ScriptEngine.java:119)
	at com.kms.katalon.core.main.TestCaseExecutor.runScript(TestCaseExecutor.java:445)
	at com.kms.katalon.core.main.TestCaseExecutor.doExecute(TestCaseExecutor.java:436)
	at com.kms.katalon.core.main.TestCaseExecutor.processExecutionPhase(TestCaseExecutor.java:415)
	at com.kms.katalon.core.main.TestCaseExecutor.accessMainPhase(TestCaseExecutor.java:407)
	at com.kms.katalon.core.main.TestCaseExecutor.execute(TestCaseExecutor.java:284)
	at com.kms.katalon.core.common.CommonExecutor.accessTestCaseMainPhase(CommonExecutor.java:65)
	at com.kms.katalon.core.main.TestSuiteExecutor.accessTestSuiteMainPhase(TestSuiteExecutor.java:144)
	at com.kms.katalon.core.main.TestSuiteExecutor.execute(TestSuiteExecutor.java:106)
	at com.kms.katalon.core.main.TestCaseMain.startTestSuite(TestCaseMain.java:185)
	at com.kms.katalon.core.main.TestCaseMain$startTestSuite$0.call(Unknown Source)
	at TempTestSuite1658230404287.run(TempTestSuite1658230404287.groovy:36)


2022-07-19 16:34:05 - [TEST_STEP][PASSED] - if (waitForElementPresent(logo, 30)): null

2022-07-19 16:34:05 - [MESSAGE][PASSED] - Element 'Object Repository/Select screen/logo' is present

2022-07-19 16:34:05 - [TEST_STEP][PASSED] - markPassed("PASSED: SignIn Screen launch successfully"): PASSED: SignIn Screen launch successfully

2022-07-19 16:34:05 - [MESSAGE][PASSED] - PASSED: SignIn Screen launch successfully

2022-07-19 16:34:05 - [TEST_STEP][PASSED] - if (waitForElementPresent(Spotlove, 30)): null

2022-07-19 16:34:06 - [MESSAGE][PASSED] - Element 'Object Repository/Select screen/Spot Love at First Sight Login or create an account label text' is present

2022-07-19 16:34:06 - [TEST_STEP][PASSED] - markPassed("PASSED: SpotLove At First Sight label text is present on the screen."): PASSED: SpotLove At First Sight label text is present on the screen.

2022-07-19 16:34:06 - [MESSAGE][PASSED] - PASSED: SpotLove At First Sight label text is present on the screen.

2022-07-19 16:34:06 - [TEST_STEP][PASSED] - if (waitForElementPresent(Continue, 30)): Object Object Repository/Select screen/Continue with Phone number not found

2022-07-19 16:34:37 - [MESSAGE][WARNING] - Object Object Repository/Select screen/Continue with Phone number not found

2022-07-19 16:34:37 - [TEST_STEP][FAILED] - else: FAILED: Continue With phone is not present on the screen.

2022-07-19 16:34:37 - [TEST_STEP][FAILED] - markFailed("FAILED: Continue With phone is not present on the screen."): FAILED: Continue With phone is not present on the screen.

2022-07-19 16:34:37 - [MESSAGE][FAILED] - FAILED: Continue With phone is not present on the screen.]]></system-out>
         <system-err><![CDATA[2022-07-19 16:34:05 - [TEST_CASE][FAILED] - Test Cases/testing/Use Phone Number screen: Test Cases/testing/Use Phone Number screen FAILED.
Reason:
com.kms.katalon.core.exception.StepFailedException: FAILED: Continue With phone is not present on the screen.
	at com.kms.katalon.core.util.KeywordUtil.markFailed(KeywordUtil.java:19)
	at com.kms.katalon.core.util.KeywordUtil$markFailed$0.call(Unknown Source)
	at Use Phone Number screen.run(Use Phone Number screen:39)
	at com.kms.katalon.core.main.ScriptEngine.run(ScriptEngine.java:194)
	at com.kms.katalon.core.main.ScriptEngine.runScriptAsRawText(ScriptEngine.java:119)
	at com.kms.katalon.core.main.TestCaseExecutor.runScript(TestCaseExecutor.java:445)
	at com.kms.katalon.core.main.TestCaseExecutor.doExecute(TestCaseExecutor.java:436)
	at com.kms.katalon.core.main.TestCaseExecutor.processExecutionPhase(TestCaseExecutor.java:415)
	at com.kms.katalon.core.main.TestCaseExecutor.accessMainPhase(TestCaseExecutor.java:407)
	at com.kms.katalon.core.main.TestCaseExecutor.execute(TestCaseExecutor.java:284)
	at com.kms.katalon.core.common.CommonExecutor.accessTestCaseMainPhase(CommonExecutor.java:65)
	at com.kms.katalon.core.main.TestSuiteExecutor.accessTestSuiteMainPhase(TestSuiteExecutor.java:144)
	at com.kms.katalon.core.main.TestSuiteExecutor.execute(TestSuiteExecutor.java:106)
	at com.kms.katalon.core.main.TestCaseMain.startTestSuite(TestCaseMain.java:185)
	at com.kms.katalon.core.main.TestCaseMain$startTestSuite$0.call(Unknown Source)
	at TempTestSuite1658230404287.run(TempTestSuite1658230404287.groovy:36)]]></system-err>
      </testcase>
      <testcase name="Test Cases/testing/Use Phone Number screen" time="30.232" classname="Test Cases/testing/Use Phone Number screen" status="FAILED">
         <failure type="FAILED" message="Test Cases/testing/Use Phone Number screen FAILED.
Reason:
com.kms.katalon.core.exception.StepFailedException: FAILED: SignIn Screen is not launch successfully
	at com.kms.katalon.core.util.KeywordUtil.markFailed(KeywordUtil.java:19)
	at com.kms.katalon.core.util.KeywordUtil$markFailed$0.call(Unknown Source)
	at Use Phone Number screen.run(Use Phone Number screen:45)
	at com.kms.katalon.core.main.ScriptEngine.run(ScriptEngine.java:194)
	at com.kms.katalon.core.main.ScriptEngine.runScriptAsRawText(ScriptEngine.java:119)
	at com.kms.katalon.core.main.TestCaseExecutor.runScript(TestCaseExecutor.java:445)
	at com.kms.katalon.core.main.TestCaseExecutor.doExecute(TestCaseExecutor.java:436)
	at com.kms.katalon.core.main.TestCaseExecutor.processExecutionPhase(TestCaseExecutor.java:415)
	at com.kms.katalon.core.main.TestCaseExecutor.accessMainPhase(TestCaseExecutor.java:407)
	at com.kms.katalon.core.main.TestCaseExecutor.execute(TestCaseExecutor.java:284)
	at com.kms.katalon.core.common.CommonExecutor.accessTestCaseMainPhase(CommonExecutor.java:65)
	at com.kms.katalon.core.main.TestSuiteExecutor.accessTestSuiteMainPhase(TestSuiteExecutor.java:144)
	at com.kms.katalon.core.main.TestSuiteExecutor.execute(TestSuiteExecutor.java:106)
	at com.kms.katalon.core.main.TestCaseMain.startTestSuite(TestCaseMain.java:185)
	at com.kms.katalon.core.main.TestCaseMain$startTestSuite$0.call(Unknown Source)
	at TempTestSuite1658230404287.run(TempTestSuite1658230404287.groovy:36)
"/>
         <system-out><![CDATA[2022-07-19 16:34:37 - [TEST_CASE][FAILED] - Test Cases/testing/Use Phone Number screen: Test Cases/testing/Use Phone Number screen FAILED.
Reason:
com.kms.katalon.core.exception.StepFailedException: FAILED: SignIn Screen is not launch successfully
	at com.kms.katalon.core.util.KeywordUtil.markFailed(KeywordUtil.java:19)
	at com.kms.katalon.core.util.KeywordUtil$markFailed$0.call(Unknown Source)
	at Use Phone Number screen.run(Use Phone Number screen:45)
	at com.kms.katalon.core.main.ScriptEngine.run(ScriptEngine.java:194)
	at com.kms.katalon.core.main.ScriptEngine.runScriptAsRawText(ScriptEngine.java:119)
	at com.kms.katalon.core.main.TestCaseExecutor.runScript(TestCaseExecutor.java:445)
	at com.kms.katalon.core.main.TestCaseExecutor.doExecute(TestCaseExecutor.java:436)
	at com.kms.katalon.core.main.TestCaseExecutor.processExecutionPhase(TestCaseExecutor.java:415)
	at com.kms.katalon.core.main.TestCaseExecutor.accessMainPhase(TestCaseExecutor.java:407)
	at com.kms.katalon.core.main.TestCaseExecutor.execute(TestCaseExecutor.java:284)
	at com.kms.katalon.core.common.CommonExecutor.accessTestCaseMainPhase(CommonExecutor.java:65)
	at com.kms.katalon.core.main.TestSuiteExecutor.accessTestSuiteMainPhase(TestSuiteExecutor.java:144)
	at com.kms.katalon.core.main.TestSuiteExecutor.execute(TestSuiteExecutor.java:106)
	at com.kms.katalon.core.main.TestCaseMain.startTestSuite(TestCaseMain.java:185)
	at com.kms.katalon.core.main.TestCaseMain$startTestSuite$0.call(Unknown Source)
	at TempTestSuite1658230404287.run(TempTestSuite1658230404287.groovy:36)


2022-07-19 16:34:37 - [TEST_STEP][PASSED] - if (waitForElementPresent(logo, 30)): Object Object Repository/Select screen/logo not found

2022-07-19 16:35:07 - [MESSAGE][WARNING] - Object Object Repository/Select screen/logo not found

2022-07-19 16:35:07 - [TEST_STEP][FAILED] - else: FAILED: SignIn Screen is not launch successfully

2022-07-19 16:35:07 - [TEST_STEP][FAILED] - markFailed("FAILED: SignIn Screen is not launch successfully"): FAILED: SignIn Screen is not launch successfully

2022-07-19 16:35:07 - [MESSAGE][FAILED] - FAILED: SignIn Screen is not launch successfully]]></system-out>
         <system-err><![CDATA[2022-07-19 16:34:37 - [TEST_CASE][FAILED] - Test Cases/testing/Use Phone Number screen: Test Cases/testing/Use Phone Number screen FAILED.
Reason:
com.kms.katalon.core.exception.StepFailedException: FAILED: SignIn Screen is not launch successfully
	at com.kms.katalon.core.util.KeywordUtil.markFailed(KeywordUtil.java:19)
	at com.kms.katalon.core.util.KeywordUtil$markFailed$0.call(Unknown Source)
	at Use Phone Number screen.run(Use Phone Number screen:45)
	at com.kms.katalon.core.main.ScriptEngine.run(ScriptEngine.java:194)
	at com.kms.katalon.core.main.ScriptEngine.runScriptAsRawText(ScriptEngine.java:119)
	at com.kms.katalon.core.main.TestCaseExecutor.runScript(TestCaseExecutor.java:445)
	at com.kms.katalon.core.main.TestCaseExecutor.doExecute(TestCaseExecutor.java:436)
	at com.kms.katalon.core.main.TestCaseExecutor.processExecutionPhase(TestCaseExecutor.java:415)
	at com.kms.katalon.core.main.TestCaseExecutor.accessMainPhase(TestCaseExecutor.java:407)
	at com.kms.katalon.core.main.TestCaseExecutor.execute(TestCaseExecutor.java:284)
	at com.kms.katalon.core.common.CommonExecutor.accessTestCaseMainPhase(CommonExecutor.java:65)
	at com.kms.katalon.core.main.TestSuiteExecutor.accessTestSuiteMainPhase(TestSuiteExecutor.java:144)
	at com.kms.katalon.core.main.TestSuiteExecutor.execute(TestSuiteExecutor.java:106)
	at com.kms.katalon.core.main.TestCaseMain.startTestSuite(TestCaseMain.java:185)
	at com.kms.katalon.core.main.TestCaseMain$startTestSuite$0.call(Unknown Source)
	at TempTestSuite1658230404287.run(TempTestSuite1658230404287.groovy:36)]]></system-err>
      </testcase>
      <testcase name="Test Cases/testing/Use Phone Number screen" time="30.262" classname="Test Cases/testing/Use Phone Number screen" status="FAILED">
         <failure type="FAILED" message="Test Cases/testing/Use Phone Number screen FAILED.
Reason:
com.kms.katalon.core.exception.StepFailedException: FAILED: SignIn Screen is not launch successfully
	at com.kms.katalon.core.util.KeywordUtil.markFailed(KeywordUtil.java:19)
	at com.kms.katalon.core.util.KeywordUtil$markFailed$0.call(Unknown Source)
	at Use Phone Number screen.run(Use Phone Number screen:45)
	at com.kms.katalon.core.main.ScriptEngine.run(ScriptEngine.java:194)
	at com.kms.katalon.core.main.ScriptEngine.runScriptAsRawText(ScriptEngine.java:119)
	at com.kms.katalon.core.main.TestCaseExecutor.runScript(TestCaseExecutor.java:445)
	at com.kms.katalon.core.main.TestCaseExecutor.doExecute(TestCaseExecutor.java:436)
	at com.kms.katalon.core.main.TestCaseExecutor.processExecutionPhase(TestCaseExecutor.java:415)
	at com.kms.katalon.core.main.TestCaseExecutor.accessMainPhase(TestCaseExecutor.java:407)
	at com.kms.katalon.core.main.TestCaseExecutor.execute(TestCaseExecutor.java:284)
	at com.kms.katalon.core.common.CommonExecutor.accessTestCaseMainPhase(CommonExecutor.java:65)
	at com.kms.katalon.core.main.TestSuiteExecutor.accessTestSuiteMainPhase(TestSuiteExecutor.java:144)
	at com.kms.katalon.core.main.TestSuiteExecutor.execute(TestSuiteExecutor.java:106)
	at com.kms.katalon.core.main.TestCaseMain.startTestSuite(TestCaseMain.java:185)
	at com.kms.katalon.core.main.TestCaseMain$startTestSuite$0.call(Unknown Source)
	at TempTestSuite1658230404287.run(TempTestSuite1658230404287.groovy:36)
"/>
         <system-out><![CDATA[2022-07-19 16:35:07 - [TEST_CASE][FAILED] - Test Cases/testing/Use Phone Number screen: Test Cases/testing/Use Phone Number screen FAILED.
Reason:
com.kms.katalon.core.exception.StepFailedException: FAILED: SignIn Screen is not launch successfully
	at com.kms.katalon.core.util.KeywordUtil.markFailed(KeywordUtil.java:19)
	at com.kms.katalon.core.util.KeywordUtil$markFailed$0.call(Unknown Source)
	at Use Phone Number screen.run(Use Phone Number screen:45)
	at com.kms.katalon.core.main.ScriptEngine.run(ScriptEngine.java:194)
	at com.kms.katalon.core.main.ScriptEngine.runScriptAsRawText(ScriptEngine.java:119)
	at com.kms.katalon.core.main.TestCaseExecutor.runScript(TestCaseExecutor.java:445)
	at com.kms.katalon.core.main.TestCaseExecutor.doExecute(TestCaseExecutor.java:436)
	at com.kms.katalon.core.main.TestCaseExecutor.processExecutionPhase(TestCaseExecutor.java:415)
	at com.kms.katalon.core.main.TestCaseExecutor.accessMainPhase(TestCaseExecutor.java:407)
	at com.kms.katalon.core.main.TestCaseExecutor.execute(TestCaseExecutor.java:284)
	at com.kms.katalon.core.common.CommonExecutor.accessTestCaseMainPhase(CommonExecutor.java:65)
	at com.kms.katalon.core.main.TestSuiteExecutor.accessTestSuiteMainPhase(TestSuiteExecutor.java:144)
	at com.kms.katalon.core.main.TestSuiteExecutor.execute(TestSuiteExecutor.java:106)
	at com.kms.katalon.core.main.TestCaseMain.startTestSuite(TestCaseMain.java:185)
	at com.kms.katalon.core.main.TestCaseMain$startTestSuite$0.call(Unknown Source)
	at TempTestSuite1658230404287.run(TempTestSuite1658230404287.groovy:36)


2022-07-19 16:35:07 - [TEST_STEP][PASSED] - if (waitForElementPresent(logo, 30)): Object Object Repository/Select screen/logo not found

2022-07-19 16:35:37 - [MESSAGE][WARNING] - Object Object Repository/Select screen/logo not found

2022-07-19 16:35:37 - [TEST_STEP][FAILED] - else: FAILED: SignIn Screen is not launch successfully

2022-07-19 16:35:37 - [TEST_STEP][FAILED] - markFailed("FAILED: SignIn Screen is not launch successfully"): FAILED: SignIn Screen is not launch successfully

2022-07-19 16:35:37 - [MESSAGE][FAILED] - FAILED: SignIn Screen is not launch successfully]]></system-out>
         <system-err><![CDATA[2022-07-19 16:35:07 - [TEST_CASE][FAILED] - Test Cases/testing/Use Phone Number screen: Test Cases/testing/Use Phone Number screen FAILED.
Reason:
com.kms.katalon.core.exception.StepFailedException: FAILED: SignIn Screen is not launch successfully
	at com.kms.katalon.core.util.KeywordUtil.markFailed(KeywordUtil.java:19)
	at com.kms.katalon.core.util.KeywordUtil$markFailed$0.call(Unknown Source)
	at Use Phone Number screen.run(Use Phone Number screen:45)
	at com.kms.katalon.core.main.ScriptEngine.run(ScriptEngine.java:194)
	at com.kms.katalon.core.main.ScriptEngine.runScriptAsRawText(ScriptEngine.java:119)
	at com.kms.katalon.core.main.TestCaseExecutor.runScript(TestCaseExecutor.java:445)
	at com.kms.katalon.core.main.TestCaseExecutor.doExecute(TestCaseExecutor.java:436)
	at com.kms.katalon.core.main.TestCaseExecutor.processExecutionPhase(TestCaseExecutor.java:415)
	at com.kms.katalon.core.main.TestCaseExecutor.accessMainPhase(TestCaseExecutor.java:407)
	at com.kms.katalon.core.main.TestCaseExecutor.execute(TestCaseExecutor.java:284)
	at com.kms.katalon.core.common.CommonExecutor.accessTestCaseMainPhase(CommonExecutor.java:65)
	at com.kms.katalon.core.main.TestSuiteExecutor.accessTestSuiteMainPhase(TestSuiteExecutor.java:144)
	at com.kms.katalon.core.main.TestSuiteExecutor.execute(TestSuiteExecutor.java:106)
	at com.kms.katalon.core.main.TestCaseMain.startTestSuite(TestCaseMain.java:185)
	at com.kms.katalon.core.main.TestCaseMain$startTestSuite$0.call(Unknown Source)
	at TempTestSuite1658230404287.run(TempTestSuite1658230404287.groovy:36)]]></system-err>
      </testcase>
      <testcase name="Test Cases/testing/Enter Phone Number" time="10.734" classname="Test Cases/testing/Enter Phone Number" status="PASSED">
         <system-out><![CDATA[2022-07-19 16:35:37 - [TEST_CASE][PASSED] - Test Cases/testing/Enter Phone Number: Test Cases/testing/Enter Phone Number

2022-07-19 16:35:38 - [TEST_STEP][PASSED] - if (waitForElementPresent(Back, 30)): null

2022-07-19 16:35:38 - [MESSAGE][PASSED] - Element 'Object Repository/SignIn To Spot.Love/Back Button' is present

2022-07-19 16:35:38 - [TEST_STEP][PASSED] - tap(Back, 30): Tapped on element 'Object Repository/SignIn To Spot.Love/Back Button'

2022-07-19 16:35:38 - [MESSAGE][PASSED] - Tapped on element 'Object Repository/SignIn To Spot.Love/Back Button'

2022-07-19 16:35:38 - [TEST_STEP][PASSED] - markPassed("PASSED: Continue With phone is present on the screen."): PASSED: Continue With phone is present on the screen.

2022-07-19 16:35:38 - [MESSAGE][PASSED] - PASSED: Continue With phone is present on the screen.

2022-07-19 16:35:38 - [TEST_STEP][PASSED] - if (waitForElementPresent(cntinue, 30)): null

2022-07-19 16:35:39 - [MESSAGE][PASSED] - Element 'Object Repository/Select screen/Continue with Phone number' is present

2022-07-19 16:35:39 - [TEST_STEP][PASSED] - tap(cntinue, 30): Tapped on element 'Object Repository/Select screen/Continue with Phone number'

2022-07-19 16:35:39 - [MESSAGE][PASSED] - Tapped on element 'Object Repository/Select screen/Continue with Phone number'

2022-07-19 16:35:39 - [TEST_STEP][PASSED] - markPassed("PASSED: Continue With phone is present on the screen."): PASSED: Continue With phone is present on the screen.

2022-07-19 16:35:39 - [MESSAGE][PASSED] - PASSED: Continue With phone is present on the screen.

2022-07-19 16:35:39 - [TEST_STEP][PASSED] - if (waitForElementPresent(logo, 30)): null

2022-07-19 16:35:41 - [MESSAGE][PASSED] - Element 'Object Repository/SignIn To Spot.Love/Spotlove Logo' is present

2022-07-19 16:35:41 - [TEST_STEP][PASSED] - markPassed("PASSED: SpotLove logo is present on the screen."): PASSED: SpotLove logo is present on the screen.

2022-07-19 16:35:41 - [MESSAGE][PASSED] - PASSED: SpotLove logo is present on the screen.

2022-07-19 16:35:41 - [TEST_STEP][PASSED] - if (waitForElementPresent(SignIn, 30)): null

2022-07-19 16:35:41 - [MESSAGE][PASSED] - Element 'Object Repository/SignIn To Spot.Love/Sign in to Spot.Love Label Text' is present

2022-07-19 16:35:41 - [TEST_STEP][PASSED] - markPassed("PASSED: signIn to spotlove. is present on the screen."): PASSED: signIn to spotlove. is present on the screen.

2022-07-19 16:35:41 - [MESSAGE][PASSED] - PASSED: signIn to spotlove. is present on the screen.

2022-07-19 16:35:41 - [TEST_STEP][PASSED] - if (waitForElementPresent(Continue, 30)): null

2022-07-19 16:35:41 - [MESSAGE][PASSED] - Element 'Object Repository/SignIn To Spot.Love/Continue with your phone number Label Text' is present

2022-07-19 16:35:41 - [TEST_STEP][PASSED] - markPassed("PASSED: Continue with... is present on the screen."): PASSED: Continue with... is present on the screen.

2022-07-19 16:35:41 - [MESSAGE][PASSED] - PASSED: Continue with... is present on the screen.

2022-07-19 16:35:41 - [TEST_STEP][PASSED] - if (waitForElementPresent(Dropdown, 30)): null

2022-07-19 16:35:41 - [MESSAGE][PASSED] - Element 'Object Repository/SignIn To Spot.Love/Country dropdown' is present

2022-07-19 16:35:41 - [TEST_STEP][PASSED] - tap(Dropdown, 30): Tapped on element 'Object Repository/SignIn To Spot.Love/Country dropdown'

2022-07-19 16:35:41 - [MESSAGE][PASSED] - Tapped on element 'Object Repository/SignIn To Spot.Love/Country dropdown'

2022-07-19 16:35:41 - [TEST_STEP][PASSED] - markPassed("PASSED: Country dropdown is present on the screen."): PASSED: Country dropdown is present on the screen.

2022-07-19 16:35:41 - [MESSAGE][PASSED] - PASSED: Country dropdown is present on the screen.

2022-07-19 16:35:41 - [TEST_STEP][PASSED] - if (waitForElementPresent(Search, 30)): null

2022-07-19 16:35:43 - [MESSAGE][PASSED] - Element 'Object Repository/SignIn To Spot.Love/Enter country name' is present

2022-07-19 16:35:43 - [TEST_STEP][PASSED] - setText(Search, Country, 30): Text 'Pakistan' has been set to element 'Object Repository/SignIn To Spot.Love/Enter country name'

2022-07-19 16:35:44 - [MESSAGE][PASSED] - Text 'Pakistan' has been set to element 'Object Repository/SignIn To Spot.Love/Enter country name'

2022-07-19 16:35:44 - [TEST_STEP][PASSED] - markPassed("PASSED: Search Country is present on the screen."): PASSED: Search Country is present on the screen.

2022-07-19 16:35:44 - [MESSAGE][PASSED] - PASSED: Search Country is present on the screen.

2022-07-19 16:35:44 - [TEST_STEP][PASSED] - if (waitForElementPresent(first_index, 30)): null

2022-07-19 16:35:45 - [MESSAGE][PASSED] - Element 'Object Repository/SignIn To Spot.Love/First Index of search bar' is present

2022-07-19 16:35:45 - [TEST_STEP][PASSED] - tap(first_index, 30): Tapped on element 'Object Repository/SignIn To Spot.Love/First Index of search bar'

2022-07-19 16:35:45 - [MESSAGE][PASSED] - Tapped on element 'Object Repository/SignIn To Spot.Love/First Index of search bar'

2022-07-19 16:35:45 - [TEST_STEP][PASSED] - markPassed("PASSED: Your Search in the first index Country is present on the screen."): PASSED: Your Search in the first index Country is present on the screen.

2022-07-19 16:35:45 - [MESSAGE][PASSED] - PASSED: Your Search in the first index Country is present on the screen.

2022-07-19 16:35:45 - [TEST_STEP][PASSED] - if (waitForElementPresent(phone, 30)): null

2022-07-19 16:35:46 - [MESSAGE][PASSED] - Element 'Object Repository/SignIn To Spot.Love/Enter Phone Number' is present

2022-07-19 16:35:46 - [TEST_STEP][PASSED] - setText(phone, number, 30): Text '30446628' has been set to element 'Object Repository/SignIn To Spot.Love/Enter Phone Number'

2022-07-19 16:35:47 - [MESSAGE][PASSED] - Text '30446628' has been set to element 'Object Repository/SignIn To Spot.Love/Enter Phone Number'

2022-07-19 16:35:47 - [TEST_STEP][PASSED] - markPassed("PASSED: Phone number enter successfully."): PASSED: Phone number enter successfully.

2022-07-19 16:35:47 - [MESSAGE][PASSED] - PASSED: Phone number enter successfully.

2022-07-19 16:35:47 - [TEST_STEP][PASSED] - if (waitForElementPresent(Continue_Button, 30)): null

2022-07-19 16:35:47 - [MESSAGE][PASSED] - Element 'Object Repository/SignIn To Spot.Love/Continue Button' is present

2022-07-19 16:35:47 - [TEST_STEP][PASSED] - tap(Continue_Button, 30): Tapped on element 'Object Repository/SignIn To Spot.Love/Continue Button'

2022-07-19 16:35:47 - [MESSAGE][PASSED] - Tapped on element 'Object Repository/SignIn To Spot.Love/Continue Button'

2022-07-19 16:35:47 - [TEST_STEP][PASSED] - markPassed("PASSED: Continue button."): PASSED: Continue button.

2022-07-19 16:35:47 - [MESSAGE][PASSED] - PASSED: Continue button.

2022-07-19 16:35:47 - [TEST_STEP][PASSED] - if (waitForElementPresent(OTP, 30)): null

2022-07-19 16:35:48 - [MESSAGE][PASSED] - Element 'Object Repository/OTP Verification/logo' is present

2022-07-19 16:35:48 - [TEST_STEP][PASSED] - markPassed("OTP screen has been displayed"): OTP screen has been displayed

2022-07-19 16:35:48 - [MESSAGE][PASSED] - OTP screen has been displayed]]></system-out>
         <system-err><![CDATA[]]></system-err>
      </testcase>
      <testcase name="Test Cases/testing/Enter Phone Number" time="11.215" classname="Test Cases/testing/Enter Phone Number" status="PASSED">
         <system-out><![CDATA[2022-07-19 16:35:48 - [TEST_CASE][PASSED] - Test Cases/testing/Enter Phone Number: Test Cases/testing/Enter Phone Number

2022-07-19 16:35:48 - [TEST_STEP][PASSED] - if (waitForElementPresent(Back, 30)): null

2022-07-19 16:35:48 - [MESSAGE][PASSED] - Element 'Object Repository/SignIn To Spot.Love/Back Button' is present

2022-07-19 16:35:48 - [TEST_STEP][PASSED] - tap(Back, 30): Tapped on element 'Object Repository/SignIn To Spot.Love/Back Button'

2022-07-19 16:35:49 - [MESSAGE][PASSED] - Tapped on element 'Object Repository/SignIn To Spot.Love/Back Button'

2022-07-19 16:35:49 - [TEST_STEP][PASSED] - markPassed("PASSED: Continue With phone is present on the screen."): PASSED: Continue With phone is present on the screen.

2022-07-19 16:35:49 - [MESSAGE][PASSED] - PASSED: Continue With phone is present on the screen.

2022-07-19 16:35:49 - [TEST_STEP][PASSED] - if (waitForElementPresent(cntinue, 30)): null

2022-07-19 16:35:50 - [MESSAGE][PASSED] - Element 'Object Repository/Select screen/Continue with Phone number' is present

2022-07-19 16:35:50 - [TEST_STEP][PASSED] - tap(cntinue, 30): Tapped on element 'Object Repository/Select screen/Continue with Phone number'

2022-07-19 16:35:50 - [MESSAGE][PASSED] - Tapped on element 'Object Repository/Select screen/Continue with Phone number'

2022-07-19 16:35:50 - [TEST_STEP][PASSED] - markPassed("PASSED: Continue With phone is present on the screen."): PASSED: Continue With phone is present on the screen.

2022-07-19 16:35:50 - [MESSAGE][PASSED] - PASSED: Continue With phone is present on the screen.

2022-07-19 16:35:50 - [TEST_STEP][PASSED] - if (waitForElementPresent(logo, 30)): null

2022-07-19 16:35:51 - [MESSAGE][PASSED] - Element 'Object Repository/SignIn To Spot.Love/Spotlove Logo' is present

2022-07-19 16:35:51 - [TEST_STEP][PASSED] - markPassed("PASSED: SpotLove logo is present on the screen."): PASSED: SpotLove logo is present on the screen.

2022-07-19 16:35:51 - [MESSAGE][PASSED] - PASSED: SpotLove logo is present on the screen.

2022-07-19 16:35:51 - [TEST_STEP][PASSED] - if (waitForElementPresent(SignIn, 30)): null

2022-07-19 16:35:51 - [MESSAGE][PASSED] - Element 'Object Repository/SignIn To Spot.Love/Sign in to Spot.Love Label Text' is present

2022-07-19 16:35:51 - [TEST_STEP][PASSED] - markPassed("PASSED: signIn to spotlove. is present on the screen."): PASSED: signIn to spotlove. is present on the screen.

2022-07-19 16:35:51 - [MESSAGE][PASSED] - PASSED: signIn to spotlove. is present on the screen.

2022-07-19 16:35:51 - [TEST_STEP][PASSED] - if (waitForElementPresent(Continue, 30)): null

2022-07-19 16:35:52 - [MESSAGE][PASSED] - Element 'Object Repository/SignIn To Spot.Love/Continue with your phone number Label Text' is present

2022-07-19 16:35:52 - [TEST_STEP][PASSED] - markPassed("PASSED: Continue with... is present on the screen."): PASSED: Continue with... is present on the screen.

2022-07-19 16:35:52 - [MESSAGE][PASSED] - PASSED: Continue with... is present on the screen.

2022-07-19 16:35:52 - [TEST_STEP][PASSED] - if (waitForElementPresent(Dropdown, 30)): null

2022-07-19 16:35:52 - [MESSAGE][PASSED] - Element 'Object Repository/SignIn To Spot.Love/Country dropdown' is present

2022-07-19 16:35:52 - [TEST_STEP][PASSED] - tap(Dropdown, 30): Tapped on element 'Object Repository/SignIn To Spot.Love/Country dropdown'

2022-07-19 16:35:52 - [MESSAGE][PASSED] - Tapped on element 'Object Repository/SignIn To Spot.Love/Country dropdown'

2022-07-19 16:35:52 - [TEST_STEP][PASSED] - markPassed("PASSED: Country dropdown is present on the screen."): PASSED: Country dropdown is present on the screen.

2022-07-19 16:35:52 - [MESSAGE][PASSED] - PASSED: Country dropdown is present on the screen.

2022-07-19 16:35:52 - [TEST_STEP][PASSED] - if (waitForElementPresent(Search, 30)): null

2022-07-19 16:35:53 - [MESSAGE][PASSED] - Element 'Object Repository/SignIn To Spot.Love/Enter country name' is present

2022-07-19 16:35:53 - [TEST_STEP][PASSED] - setText(Search, Country, 30): Text 'Pakistan' has been set to element 'Object Repository/SignIn To Spot.Love/Enter country name'

2022-07-19 16:35:54 - [MESSAGE][PASSED] - Text 'Pakistan' has been set to element 'Object Repository/SignIn To Spot.Love/Enter country name'

2022-07-19 16:35:54 - [TEST_STEP][PASSED] - markPassed("PASSED: Search Country is present on the screen."): PASSED: Search Country is present on the screen.

2022-07-19 16:35:54 - [MESSAGE][PASSED] - PASSED: Search Country is present on the screen.

2022-07-19 16:35:54 - [TEST_STEP][PASSED] - if (waitForElementPresent(first_index, 30)): null

2022-07-19 16:35:55 - [MESSAGE][PASSED] - Element 'Object Repository/SignIn To Spot.Love/First Index of search bar' is present

2022-07-19 16:35:55 - [TEST_STEP][PASSED] - tap(first_index, 30): Tapped on element 'Object Repository/SignIn To Spot.Love/First Index of search bar'

2022-07-19 16:35:55 - [MESSAGE][PASSED] - Tapped on element 'Object Repository/SignIn To Spot.Love/First Index of search bar'

2022-07-19 16:35:55 - [TEST_STEP][PASSED] - markPassed("PASSED: Your Search in the first index Country is present on the screen."): PASSED: Your Search in the first index Country is present on the screen.

2022-07-19 16:35:55 - [MESSAGE][PASSED] - PASSED: Your Search in the first index Country is present on the screen.

2022-07-19 16:35:55 - [TEST_STEP][PASSED] - if (waitForElementPresent(phone, 30)): null

2022-07-19 16:35:56 - [MESSAGE][PASSED] - Element 'Object Repository/SignIn To Spot.Love/Enter Phone Number' is present

2022-07-19 16:35:56 - [TEST_STEP][PASSED] - setText(phone, number, 30): Text '12345678' has been set to element 'Object Repository/SignIn To Spot.Love/Enter Phone Number'

2022-07-19 16:35:58 - [MESSAGE][PASSED] - Text '12345678' has been set to element 'Object Repository/SignIn To Spot.Love/Enter Phone Number'

2022-07-19 16:35:58 - [TEST_STEP][PASSED] - markPassed("PASSED: Phone number enter successfully."): PASSED: Phone number enter successfully.

2022-07-19 16:35:58 - [MESSAGE][PASSED] - PASSED: Phone number enter successfully.

2022-07-19 16:35:58 - [TEST_STEP][PASSED] - if (waitForElementPresent(Continue_Button, 30)): null

2022-07-19 16:35:58 - [MESSAGE][PASSED] - Element 'Object Repository/SignIn To Spot.Love/Continue Button' is present

2022-07-19 16:35:58 - [TEST_STEP][PASSED] - tap(Continue_Button, 30): Tapped on element 'Object Repository/SignIn To Spot.Love/Continue Button'

2022-07-19 16:35:59 - [MESSAGE][PASSED] - Tapped on element 'Object Repository/SignIn To Spot.Love/Continue Button'

2022-07-19 16:35:59 - [TEST_STEP][PASSED] - markPassed("PASSED: Continue button."): PASSED: Continue button.

2022-07-19 16:35:59 - [MESSAGE][PASSED] - PASSED: Continue button.

2022-07-19 16:35:59 - [TEST_STEP][PASSED] - if (waitForElementPresent(OTP, 30)): null

2022-07-19 16:35:59 - [MESSAGE][PASSED] - Element 'Object Repository/OTP Verification/logo' is present

2022-07-19 16:35:59 - [TEST_STEP][PASSED] - markPassed("OTP screen has been displayed"): OTP screen has been displayed

2022-07-19 16:35:59 - [MESSAGE][PASSED] - OTP screen has been displayed]]></system-out>
         <system-err><![CDATA[]]></system-err>
      </testcase>
      <testcase name="Test Cases/testing/Enter Phone Number" time="9.806" classname="Test Cases/testing/Enter Phone Number" status="PASSED">
         <system-out><![CDATA[2022-07-19 16:35:59 - [TEST_CASE][PASSED] - Test Cases/testing/Enter Phone Number: Test Cases/testing/Enter Phone Number

2022-07-19 16:35:59 - [TEST_STEP][PASSED] - if (waitForElementPresent(Back, 30)): null

2022-07-19 16:36:00 - [MESSAGE][PASSED] - Element 'Object Repository/SignIn To Spot.Love/Back Button' is present

2022-07-19 16:36:00 - [TEST_STEP][PASSED] - tap(Back, 30): Tapped on element 'Object Repository/SignIn To Spot.Love/Back Button'

2022-07-19 16:36:00 - [MESSAGE][PASSED] - Tapped on element 'Object Repository/SignIn To Spot.Love/Back Button'

2022-07-19 16:36:00 - [TEST_STEP][PASSED] - markPassed("PASSED: Continue With phone is present on the screen."): PASSED: Continue With phone is present on the screen.

2022-07-19 16:36:00 - [MESSAGE][PASSED] - PASSED: Continue With phone is present on the screen.

2022-07-19 16:36:00 - [TEST_STEP][PASSED] - if (waitForElementPresent(cntinue, 30)): null

2022-07-19 16:36:01 - [MESSAGE][PASSED] - Element 'Object Repository/Select screen/Continue with Phone number' is present

2022-07-19 16:36:01 - [TEST_STEP][PASSED] - tap(cntinue, 30): Tapped on element 'Object Repository/Select screen/Continue with Phone number'

2022-07-19 16:36:01 - [MESSAGE][PASSED] - Tapped on element 'Object Repository/Select screen/Continue with Phone number'

2022-07-19 16:36:01 - [TEST_STEP][PASSED] - markPassed("PASSED: Continue With phone is present on the screen."): PASSED: Continue With phone is present on the screen.

2022-07-19 16:36:01 - [MESSAGE][PASSED] - PASSED: Continue With phone is present on the screen.

2022-07-19 16:36:01 - [TEST_STEP][PASSED] - if (waitForElementPresent(logo, 30)): null

2022-07-19 16:36:03 - [MESSAGE][PASSED] - Element 'Object Repository/SignIn To Spot.Love/Spotlove Logo' is present

2022-07-19 16:36:03 - [TEST_STEP][PASSED] - markPassed("PASSED: SpotLove logo is present on the screen."): PASSED: SpotLove logo is present on the screen.

2022-07-19 16:36:03 - [MESSAGE][PASSED] - PASSED: SpotLove logo is present on the screen.

2022-07-19 16:36:03 - [TEST_STEP][PASSED] - if (waitForElementPresent(SignIn, 30)): null

2022-07-19 16:36:03 - [MESSAGE][PASSED] - Element 'Object Repository/SignIn To Spot.Love/Sign in to Spot.Love Label Text' is present

2022-07-19 16:36:03 - [TEST_STEP][PASSED] - markPassed("PASSED: signIn to spotlove. is present on the screen."): PASSED: signIn to spotlove. is present on the screen.

2022-07-19 16:36:03 - [MESSAGE][PASSED] - PASSED: signIn to spotlove. is present on the screen.

2022-07-19 16:36:03 - [TEST_STEP][PASSED] - if (waitForElementPresent(Continue, 30)): null

2022-07-19 16:36:03 - [MESSAGE][PASSED] - Element 'Object Repository/SignIn To Spot.Love/Continue with your phone number Label Text' is present

2022-07-19 16:36:03 - [TEST_STEP][PASSED] - markPassed("PASSED: Continue with... is present on the screen."): PASSED: Continue with... is present on the screen.

2022-07-19 16:36:03 - [MESSAGE][PASSED] - PASSED: Continue with... is present on the screen.

2022-07-19 16:36:03 - [TEST_STEP][PASSED] - if (waitForElementPresent(Dropdown, 30)): null

2022-07-19 16:36:03 - [MESSAGE][PASSED] - Element 'Object Repository/SignIn To Spot.Love/Country dropdown' is present

2022-07-19 16:36:03 - [TEST_STEP][PASSED] - tap(Dropdown, 30): Tapped on element 'Object Repository/SignIn To Spot.Love/Country dropdown'

2022-07-19 16:36:03 - [MESSAGE][PASSED] - Tapped on element 'Object Repository/SignIn To Spot.Love/Country dropdown'

2022-07-19 16:36:03 - [TEST_STEP][PASSED] - markPassed("PASSED: Country dropdown is present on the screen."): PASSED: Country dropdown is present on the screen.

2022-07-19 16:36:03 - [MESSAGE][PASSED] - PASSED: Country dropdown is present on the screen.

2022-07-19 16:36:03 - [TEST_STEP][PASSED] - if (waitForElementPresent(Search, 30)): null

2022-07-19 16:36:04 - [MESSAGE][PASSED] - Element 'Object Repository/SignIn To Spot.Love/Enter country name' is present

2022-07-19 16:36:04 - [TEST_STEP][PASSED] - setText(Search, Country, 30): Text 'Pakistan' has been set to element 'Object Repository/SignIn To Spot.Love/Enter country name'

2022-07-19 16:36:05 - [MESSAGE][PASSED] - Text 'Pakistan' has been set to element 'Object Repository/SignIn To Spot.Love/Enter country name'

2022-07-19 16:36:05 - [TEST_STEP][PASSED] - markPassed("PASSED: Search Country is present on the screen."): PASSED: Search Country is present on the screen.

2022-07-19 16:36:05 - [MESSAGE][PASSED] - PASSED: Search Country is present on the screen.

2022-07-19 16:36:05 - [TEST_STEP][PASSED] - if (waitForElementPresent(first_index, 30)): null

2022-07-19 16:36:06 - [MESSAGE][PASSED] - Element 'Object Repository/SignIn To Spot.Love/First Index of search bar' is present

2022-07-19 16:36:06 - [TEST_STEP][PASSED] - tap(first_index, 30): Tapped on element 'Object Repository/SignIn To Spot.Love/First Index of search bar'

2022-07-19 16:36:06 - [MESSAGE][PASSED] - Tapped on element 'Object Repository/SignIn To Spot.Love/First Index of search bar'

2022-07-19 16:36:06 - [TEST_STEP][PASSED] - markPassed("PASSED: Your Search in the first index Country is present on the screen."): PASSED: Your Search in the first index Country is present on the screen.

2022-07-19 16:36:06 - [MESSAGE][PASSED] - PASSED: Your Search in the first index Country is present on the screen.

2022-07-19 16:36:06 - [TEST_STEP][PASSED] - if (waitForElementPresent(phone, 30)): null

2022-07-19 16:36:07 - [MESSAGE][PASSED] - Element 'Object Repository/SignIn To Spot.Love/Enter Phone Number' is present

2022-07-19 16:36:07 - [TEST_STEP][PASSED] - setText(phone, number, 30): Text '304466289' has been set to element 'Object Repository/SignIn To Spot.Love/Enter Phone Number'

2022-07-19 16:36:08 - [MESSAGE][PASSED] - Text '304466289' has been set to element 'Object Repository/SignIn To Spot.Love/Enter Phone Number'

2022-07-19 16:36:08 - [TEST_STEP][PASSED] - markPassed("PASSED: Phone number enter successfully."): PASSED: Phone number enter successfully.

2022-07-19 16:36:08 - [MESSAGE][PASSED] - PASSED: Phone number enter successfully.

2022-07-19 16:36:08 - [TEST_STEP][PASSED] - if (waitForElementPresent(Continue_Button, 30)): null

2022-07-19 16:36:08 - [MESSAGE][PASSED] - Element 'Object Repository/SignIn To Spot.Love/Continue Button' is present

2022-07-19 16:36:08 - [TEST_STEP][PASSED] - tap(Continue_Button, 30): Tapped on element 'Object Repository/SignIn To Spot.Love/Continue Button'

2022-07-19 16:36:08 - [MESSAGE][PASSED] - Tapped on element 'Object Repository/SignIn To Spot.Love/Continue Button'

2022-07-19 16:36:08 - [TEST_STEP][PASSED] - markPassed("PASSED: Continue button."): PASSED: Continue button.

2022-07-19 16:36:08 - [MESSAGE][PASSED] - PASSED: Continue button.

2022-07-19 16:36:08 - [TEST_STEP][PASSED] - if (waitForElementPresent(OTP, 30)): null

2022-07-19 16:36:09 - [MESSAGE][PASSED] - Element 'Object Repository/OTP Verification/logo' is present

2022-07-19 16:36:09 - [TEST_STEP][PASSED] - markPassed("OTP screen has been displayed"): OTP screen has been displayed

2022-07-19 16:36:09 - [MESSAGE][PASSED] - OTP screen has been displayed]]></system-out>
         <system-err><![CDATA[]]></system-err>
      </testcase>
      <testcase name="Test Cases/testing/Enter Phone Number" time="10.417" classname="Test Cases/testing/Enter Phone Number" status="PASSED">
         <system-out><![CDATA[2022-07-19 16:36:09 - [TEST_CASE][PASSED] - Test Cases/testing/Enter Phone Number: Test Cases/testing/Enter Phone Number

2022-07-19 16:36:09 - [TEST_STEP][PASSED] - if (waitForElementPresent(Back, 30)): null

2022-07-19 16:36:10 - [MESSAGE][PASSED] - Element 'Object Repository/SignIn To Spot.Love/Back Button' is present

2022-07-19 16:36:10 - [TEST_STEP][PASSED] - tap(Back, 30): Tapped on element 'Object Repository/SignIn To Spot.Love/Back Button'

2022-07-19 16:36:10 - [MESSAGE][PASSED] - Tapped on element 'Object Repository/SignIn To Spot.Love/Back Button'

2022-07-19 16:36:10 - [TEST_STEP][PASSED] - markPassed("PASSED: Continue With phone is present on the screen."): PASSED: Continue With phone is present on the screen.

2022-07-19 16:36:10 - [MESSAGE][PASSED] - PASSED: Continue With phone is present on the screen.

2022-07-19 16:36:10 - [TEST_STEP][PASSED] - if (waitForElementPresent(cntinue, 30)): null

2022-07-19 16:36:11 - [MESSAGE][PASSED] - Element 'Object Repository/Select screen/Continue with Phone number' is present

2022-07-19 16:36:11 - [TEST_STEP][PASSED] - tap(cntinue, 30): Tapped on element 'Object Repository/Select screen/Continue with Phone number'

2022-07-19 16:36:11 - [MESSAGE][PASSED] - Tapped on element 'Object Repository/Select screen/Continue with Phone number'

2022-07-19 16:36:11 - [TEST_STEP][PASSED] - markPassed("PASSED: Continue With phone is present on the screen."): PASSED: Continue With phone is present on the screen.

2022-07-19 16:36:11 - [MESSAGE][PASSED] - PASSED: Continue With phone is present on the screen.

2022-07-19 16:36:11 - [TEST_STEP][PASSED] - if (waitForElementPresent(logo, 30)): null

2022-07-19 16:36:12 - [MESSAGE][PASSED] - Element 'Object Repository/SignIn To Spot.Love/Spotlove Logo' is present

2022-07-19 16:36:12 - [TEST_STEP][PASSED] - markPassed("PASSED: SpotLove logo is present on the screen."): PASSED: SpotLove logo is present on the screen.

2022-07-19 16:36:12 - [MESSAGE][PASSED] - PASSED: SpotLove logo is present on the screen.

2022-07-19 16:36:12 - [TEST_STEP][PASSED] - if (waitForElementPresent(SignIn, 30)): null

2022-07-19 16:36:12 - [MESSAGE][PASSED] - Element 'Object Repository/SignIn To Spot.Love/Sign in to Spot.Love Label Text' is present

2022-07-19 16:36:12 - [TEST_STEP][PASSED] - markPassed("PASSED: signIn to spotlove. is present on the screen."): PASSED: signIn to spotlove. is present on the screen.

2022-07-19 16:36:12 - [MESSAGE][PASSED] - PASSED: signIn to spotlove. is present on the screen.

2022-07-19 16:36:12 - [TEST_STEP][PASSED] - if (waitForElementPresent(Continue, 30)): null

2022-07-19 16:36:13 - [MESSAGE][PASSED] - Element 'Object Repository/SignIn To Spot.Love/Continue with your phone number Label Text' is present

2022-07-19 16:36:13 - [TEST_STEP][PASSED] - markPassed("PASSED: Continue with... is present on the screen."): PASSED: Continue with... is present on the screen.

2022-07-19 16:36:13 - [MESSAGE][PASSED] - PASSED: Continue with... is present on the screen.

2022-07-19 16:36:13 - [TEST_STEP][PASSED] - if (waitForElementPresent(Dropdown, 30)): null

2022-07-19 16:36:13 - [MESSAGE][PASSED] - Element 'Object Repository/SignIn To Spot.Love/Country dropdown' is present

2022-07-19 16:36:13 - [TEST_STEP][PASSED] - tap(Dropdown, 30): Tapped on element 'Object Repository/SignIn To Spot.Love/Country dropdown'

2022-07-19 16:36:13 - [MESSAGE][PASSED] - Tapped on element 'Object Repository/SignIn To Spot.Love/Country dropdown'

2022-07-19 16:36:13 - [TEST_STEP][PASSED] - markPassed("PASSED: Country dropdown is present on the screen."): PASSED: Country dropdown is present on the screen.

2022-07-19 16:36:13 - [MESSAGE][PASSED] - PASSED: Country dropdown is present on the screen.

2022-07-19 16:36:13 - [TEST_STEP][PASSED] - if (waitForElementPresent(Search, 30)): null

2022-07-19 16:36:14 - [MESSAGE][PASSED] - Element 'Object Repository/SignIn To Spot.Love/Enter country name' is present

2022-07-19 16:36:14 - [TEST_STEP][PASSED] - setText(Search, Country, 30): Text 'Pakistan' has been set to element 'Object Repository/SignIn To Spot.Love/Enter country name'

2022-07-19 16:36:15 - [MESSAGE][PASSED] - Text 'Pakistan' has been set to element 'Object Repository/SignIn To Spot.Love/Enter country name'

2022-07-19 16:36:15 - [TEST_STEP][PASSED] - markPassed("PASSED: Search Country is present on the screen."): PASSED: Search Country is present on the screen.

2022-07-19 16:36:15 - [MESSAGE][PASSED] - PASSED: Search Country is present on the screen.

2022-07-19 16:36:15 - [TEST_STEP][PASSED] - if (waitForElementPresent(first_index, 30)): null

2022-07-19 16:36:16 - [MESSAGE][PASSED] - Element 'Object Repository/SignIn To Spot.Love/First Index of search bar' is present

2022-07-19 16:36:16 - [TEST_STEP][PASSED] - tap(first_index, 30): Tapped on element 'Object Repository/SignIn To Spot.Love/First Index of search bar'

2022-07-19 16:36:16 - [MESSAGE][PASSED] - Tapped on element 'Object Repository/SignIn To Spot.Love/First Index of search bar'

2022-07-19 16:36:16 - [TEST_STEP][PASSED] - markPassed("PASSED: Your Search in the first index Country is present on the screen."): PASSED: Your Search in the first index Country is present on the screen.

2022-07-19 16:36:16 - [MESSAGE][PASSED] - PASSED: Your Search in the first index Country is present on the screen.

2022-07-19 16:36:16 - [TEST_STEP][PASSED] - if (waitForElementPresent(phone, 30)): null

2022-07-19 16:36:17 - [MESSAGE][PASSED] - Element 'Object Repository/SignIn To Spot.Love/Enter Phone Number' is present

2022-07-19 16:36:17 - [TEST_STEP][PASSED] - setText(phone, number, 30): Text '3494954147' has been set to element 'Object Repository/SignIn To Spot.Love/Enter Phone Number'

2022-07-19 16:36:18 - [MESSAGE][PASSED] - Text '3494954147' has been set to element 'Object Repository/SignIn To Spot.Love/Enter Phone Number'

2022-07-19 16:36:18 - [TEST_STEP][PASSED] - markPassed("PASSED: Phone number enter successfully."): PASSED: Phone number enter successfully.

2022-07-19 16:36:18 - [MESSAGE][PASSED] - PASSED: Phone number enter successfully.

2022-07-19 16:36:18 - [TEST_STEP][PASSED] - if (waitForElementPresent(Continue_Button, 30)): null

2022-07-19 16:36:19 - [MESSAGE][PASSED] - Element 'Object Repository/SignIn To Spot.Love/Continue Button' is present

2022-07-19 16:36:19 - [TEST_STEP][PASSED] - tap(Continue_Button, 30): Tapped on element 'Object Repository/SignIn To Spot.Love/Continue Button'

2022-07-19 16:36:19 - [MESSAGE][PASSED] - Tapped on element 'Object Repository/SignIn To Spot.Love/Continue Button'

2022-07-19 16:36:19 - [TEST_STEP][PASSED] - markPassed("PASSED: Continue button."): PASSED: Continue button.

2022-07-19 16:36:19 - [MESSAGE][PASSED] - PASSED: Continue button.

2022-07-19 16:36:19 - [TEST_STEP][PASSED] - if (waitForElementPresent(OTP, 30)): null

2022-07-19 16:36:19 - [MESSAGE][PASSED] - Element 'Object Repository/OTP Verification/logo' is present

2022-07-19 16:36:19 - [TEST_STEP][PASSED] - markPassed("OTP screen has been displayed"): OTP screen has been displayed

2022-07-19 16:36:19 - [MESSAGE][PASSED] - OTP screen has been displayed]]></system-out>
         <system-err><![CDATA[]]></system-err>
      </testcase>
      <testcase name="Test Cases/testing/OTP" time="30.432" classname="Test Cases/testing/OTP" status="FAILED">
         <failure type="FAILED" message="Test Cases/testing/OTP FAILED.
Reason:
com.kms.katalon.core.exception.StepFailedException: FAILED: Enter Your... label text is not present on the screen.
	at com.kms.katalon.core.util.KeywordUtil.markFailed(KeywordUtil.java:19)
	at com.kms.katalon.core.util.KeywordUtil$markFailed$0.call(Unknown Source)
	at OTP.run(OTP:47)
	at com.kms.katalon.core.main.ScriptEngine.run(ScriptEngine.java:194)
	at com.kms.katalon.core.main.ScriptEngine.runScriptAsRawText(ScriptEngine.java:119)
	at com.kms.katalon.core.main.TestCaseExecutor.runScript(TestCaseExecutor.java:445)
	at com.kms.katalon.core.main.TestCaseExecutor.doExecute(TestCaseExecutor.java:436)
	at com.kms.katalon.core.main.TestCaseExecutor.processExecutionPhase(TestCaseExecutor.java:415)
	at com.kms.katalon.core.main.TestCaseExecutor.accessMainPhase(TestCaseExecutor.java:407)
	at com.kms.katalon.core.main.TestCaseExecutor.execute(TestCaseExecutor.java:284)
	at com.kms.katalon.core.common.CommonExecutor.accessTestCaseMainPhase(CommonExecutor.java:65)
	at com.kms.katalon.core.main.TestSuiteExecutor.accessTestSuiteMainPhase(TestSuiteExecutor.java:144)
	at com.kms.katalon.core.main.TestSuiteExecutor.execute(TestSuiteExecutor.java:106)
	at com.kms.katalon.core.main.TestCaseMain.startTestSuite(TestCaseMain.java:185)
	at com.kms.katalon.core.main.TestCaseMain$startTestSuite$0.call(Unknown Source)
	at TempTestSuite1658230404287.run(TempTestSuite1658230404287.groovy:36)
"/>
         <system-out><![CDATA[2022-07-19 16:36:19 - [TEST_CASE][FAILED] - Test Cases/testing/OTP: Test Cases/testing/OTP FAILED.
Reason:
com.kms.katalon.core.exception.StepFailedException: FAILED: Enter Your... label text is not present on the screen.
	at com.kms.katalon.core.util.KeywordUtil.markFailed(KeywordUtil.java:19)
	at com.kms.katalon.core.util.KeywordUtil$markFailed$0.call(Unknown Source)
	at OTP.run(OTP:47)
	at com.kms.katalon.core.main.ScriptEngine.run(ScriptEngine.java:194)
	at com.kms.katalon.core.main.ScriptEngine.runScriptAsRawText(ScriptEngine.java:119)
	at com.kms.katalon.core.main.TestCaseExecutor.runScript(TestCaseExecutor.java:445)
	at com.kms.katalon.core.main.TestCaseExecutor.doExecute(TestCaseExecutor.java:436)
	at com.kms.katalon.core.main.TestCaseExecutor.processExecutionPhase(TestCaseExecutor.java:415)
	at com.kms.katalon.core.main.TestCaseExecutor.accessMainPhase(TestCaseExecutor.java:407)
	at com.kms.katalon.core.main.TestCaseExecutor.execute(TestCaseExecutor.java:284)
	at com.kms.katalon.core.common.CommonExecutor.accessTestCaseMainPhase(CommonExecutor.java:65)
	at com.kms.katalon.core.main.TestSuiteExecutor.accessTestSuiteMainPhase(TestSuiteExecutor.java:144)
	at com.kms.katalon.core.main.TestSuiteExecutor.execute(TestSuiteExecutor.java:106)
	at com.kms.katalon.core.main.TestCaseMain.startTestSuite(TestCaseMain.java:185)
	at com.kms.katalon.core.main.TestCaseMain$startTestSuite$0.call(Unknown Source)
	at TempTestSuite1658230404287.run(TempTestSuite1658230404287.groovy:36)


2022-07-19 16:36:20 - [TEST_STEP][PASSED] - if (waitForElementPresent(logo, 30)): null

2022-07-19 16:36:20 - [MESSAGE][PASSED] - Element 'Object Repository/OTP Verification/Logo' is present

2022-07-19 16:36:20 - [TEST_STEP][PASSED] - markPassed("PASSED: SpotLove logo is present on the screen."): PASSED: SpotLove logo is present on the screen.

2022-07-19 16:36:20 - [MESSAGE][PASSED] - PASSED: SpotLove logo is present on the screen.

2022-07-19 16:36:20 - [TEST_STEP][PASSED] - if (waitForElementPresent(Enter, 30)): Object Object Repository/OTP Verification/Enter your verification code label text not found

2022-07-19 16:36:50 - [MESSAGE][WARNING] - Object Object Repository/OTP Verification/Enter your verification code label text not found

2022-07-19 16:36:50 - [TEST_STEP][FAILED] - else: FAILED: Enter Your... label text is not present on the screen.

2022-07-19 16:36:50 - [TEST_STEP][FAILED] - markFailed("FAILED: Enter Your... label text is not present on the screen."): FAILED: Enter Your... label text is not present on the screen.

2022-07-19 16:36:50 - [MESSAGE][FAILED] - FAILED: Enter Your... label text is not present on the screen.]]></system-out>
         <system-err><![CDATA[2022-07-19 16:36:19 - [TEST_CASE][FAILED] - Test Cases/testing/OTP: Test Cases/testing/OTP FAILED.
Reason:
com.kms.katalon.core.exception.StepFailedException: FAILED: Enter Your... label text is not present on the screen.
	at com.kms.katalon.core.util.KeywordUtil.markFailed(KeywordUtil.java:19)
	at com.kms.katalon.core.util.KeywordUtil$markFailed$0.call(Unknown Source)
	at OTP.run(OTP:47)
	at com.kms.katalon.core.main.ScriptEngine.run(ScriptEngine.java:194)
	at com.kms.katalon.core.main.ScriptEngine.runScriptAsRawText(ScriptEngine.java:119)
	at com.kms.katalon.core.main.TestCaseExecutor.runScript(TestCaseExecutor.java:445)
	at com.kms.katalon.core.main.TestCaseExecutor.doExecute(TestCaseExecutor.java:436)
	at com.kms.katalon.core.main.TestCaseExecutor.processExecutionPhase(TestCaseExecutor.java:415)
	at com.kms.katalon.core.main.TestCaseExecutor.accessMainPhase(TestCaseExecutor.java:407)
	at com.kms.katalon.core.main.TestCaseExecutor.execute(TestCaseExecutor.java:284)
	at com.kms.katalon.core.common.CommonExecutor.accessTestCaseMainPhase(CommonExecutor.java:65)
	at com.kms.katalon.core.main.TestSuiteExecutor.accessTestSuiteMainPhase(TestSuiteExecutor.java:144)
	at com.kms.katalon.core.main.TestSuiteExecutor.execute(TestSuiteExecutor.java:106)
	at com.kms.katalon.core.main.TestCaseMain.startTestSuite(TestCaseMain.java:185)
	at com.kms.katalon.core.main.TestCaseMain$startTestSuite$0.call(Unknown Source)
	at TempTestSuite1658230404287.run(TempTestSuite1658230404287.groovy:36)]]></system-err>
      </testcase>
      <system-out><![CDATA[2022-07-19 16:33:33 - [TEST_SUITE][FAILED] - new: Test Cases/testing/Use Phone Number screen FAILED.
Reason:
com.kms.katalon.core.exception.StepFailedException: FAILED: Continue With phone is not present on the screen.
	at com.kms.katalon.core.util.KeywordUtil.markFailed(KeywordUtil.java:19)
	at com.kms.katalon.core.util.KeywordUtil$markFailed$0.call(Unknown Source)
	at Use Phone Number screen.run(Use Phone Number screen:39)
	at com.kms.katalon.core.main.ScriptEngine.run(ScriptEngine.java:194)
	at com.kms.katalon.core.main.ScriptEngine.runScriptAsRawText(ScriptEngine.java:119)
	at com.kms.katalon.core.main.TestCaseExecutor.runScript(TestCaseExecutor.java:445)
	at com.kms.katalon.core.main.TestCaseExecutor.doExecute(TestCaseExecutor.java:436)
	at com.kms.katalon.core.main.TestCaseExecutor.processExecutionPhase(TestCaseExecutor.java:415)
	at com.kms.katalon.core.main.TestCaseExecutor.accessMainPhase(TestCaseExecutor.java:407)
	at com.kms.katalon.core.main.TestCaseExecutor.execute(TestCaseExecutor.java:284)
	at com.kms.katalon.core.common.CommonExecutor.accessTestCaseMainPhase(CommonExecutor.java:65)
	at com.kms.katalon.core.main.TestSuiteExecutor.accessTestSuiteMainPhase(TestSuiteExecutor.java:144)
	at com.kms.katalon.core.main.TestSuiteExecutor.execute(TestSuiteExecutor.java:106)
	at com.kms.katalon.core.main.TestCaseMain.startTestSuite(TestCaseMain.java:185)
	at com.kms.katalon.core.main.TestCaseMain$startTestSuite$0.call(Unknown Source)
	at TempTestSuite1658230404287.run(TempTestSuite1658230404287.groovy:36)]]></system-out>
      <system-err><![CDATA[2022-07-19 16:33:33 - [TEST_SUITE][FAILED] - new: Test Cases/testing/Use Phone Number screen FAILED.
Reason:
com.kms.katalon.core.exception.StepFailedException: FAILED: Continue With phone is not present on the screen.
	at com.kms.katalon.core.util.KeywordUtil.markFailed(KeywordUtil.java:19)
	at com.kms.katalon.core.util.KeywordUtil$markFailed$0.call(Unknown Source)
	at Use Phone Number screen.run(Use Phone Number screen:39)
	at com.kms.katalon.core.main.ScriptEngine.run(ScriptEngine.java:194)
	at com.kms.katalon.core.main.ScriptEngine.runScriptAsRawText(ScriptEngine.java:119)
	at com.kms.katalon.core.main.TestCaseExecutor.runScript(TestCaseExecutor.java:445)
	at com.kms.katalon.core.main.TestCaseExecutor.doExecute(TestCaseExecutor.java:436)
	at com.kms.katalon.core.main.TestCaseExecutor.processExecutionPhase(TestCaseExecutor.java:415)
	at com.kms.katalon.core.main.TestCaseExecutor.accessMainPhase(TestCaseExecutor.java:407)
	at com.kms.katalon.core.main.TestCaseExecutor.execute(TestCaseExecutor.java:284)
	at com.kms.katalon.core.common.CommonExecutor.accessTestCaseMainPhase(CommonExecutor.java:65)
	at com.kms.katalon.core.main.TestSuiteExecutor.accessTestSuiteMainPhase(TestSuiteExecutor.java:144)
	at com.kms.katalon.core.main.TestSuiteExecutor.execute(TestSuiteExecutor.java:106)
	at com.kms.katalon.core.main.TestCaseMain.startTestSuite(TestCaseMain.java:185)
	at com.kms.katalon.core.main.TestCaseMain$startTestSuite$0.call(Unknown Source)
	at TempTestSuite1658230404287.run(TempTestSuite1658230404287.groovy:36)]]></system-err>
   </testsuite>
</testsuites>
