<?xml version="1.0" encoding="UTF-8"?>
<testsuites name="SpotLove Sanity" time="25.354" tests="2" failures="0" errors="1">
   <testsuite name="SpotLove Sanity" tests="2" failures="0" errors="1" time="25.354" skipped="0" timestamp="2022-06-15 16:32:08" hostname="pc - localhost" id="Test Suites/SpotLove Sanity">
      <properties>
         <property name="deviceName" value="samsung SM-A025F (Android 11)"/>
         <property name="devicePlatform" value=""/>
         <property name="logFolder" value="/Users/pc/Documents/Katalon Studio/SpotLove_Stagging/Reports/20220615_163159/SpotLove Sanity/20220615_163159"/>
         <property name="logFiles" value="/Users/pc/Documents/Katalon Studio/SpotLove_Stagging/Reports/20220615_163159/SpotLove Sanity/20220615_163159/execution0.log, /Users/pc/Documents/Katalon Studio/SpotLove_Stagging/Reports/20220615_163159/SpotLove Sanity/20220615_163159/appium.log"/>
         <property name="attachments" value=""/>
         <property name="hostName" value="pc - localhost"/>
         <property name="os" value="Mac OS X 64bit"/>
         <property name="appiumServerStatus" value="{&quot;value&quot;:{&quot;build&quot;:{&quot;version&quot;:&quot;1.22.3&quot;}},&quot;sessionId&quot;:null,&quot;status&quot;:0}"/>
         <property name="katalonVersion" value="8.3.0.208"/>
         <property name="deviceOS" value="Android"/>
         <property name="appiumVersion" value="1.22.3"/>
         <property name="deviceModel" value="SM-A025F"/>
         <property name="hostAddress" value="127.0.0.1"/>
         <property name="deviceManufacturer" value="samsung"/>
         <property name="deviceId" value="R9JNC0DKDXJ"/>
         <property name="deviceName" value="samsung SM-A025F (Android 11)"/>
         <property name="deviceOSVersion" value="11"/>
      </properties>
      <testcase name="Test Cases/testing/intro 1" time="22.871" classname="Test Cases/testing/intro 1" status="PASSED">
         <system-out><![CDATA[2022-06-15 16:32:08 - [TEST_CASE][PASSED] - Test Cases/testing/intro 1: Test Cases/testing/intro 1

2022-06-15 16:32:08 - [TEST_STEP][PASSED] - startExistingApplication("com.spotlove.releaseproduction", STOP_ON_FAILURE): Starting app with application ID: 'com.spotlove.releaseproduction'

2022-06-15 16:32:09 - [MESSAGE][INFO] - User set preference: ['deviceId', '']

2022-06-15 16:32:09 - [MESSAGE][INFO] - Detected NodeJS location: "/usr/local/bin/node"

2022-06-15 16:32:10 - [MESSAGE][INFO] - Appium server started on port 56,044

2022-06-15 16:32:24 - [MESSAGE][PASSED] - Starting app with application ID: 'com.spotlove.releaseproduction'

2022-06-15 16:32:24 - [TEST_STEP][PASSED] - if (waitForElementPresent(hearticon, 30)): null

2022-06-15 16:32:30 - [MESSAGE][PASSED] - Element 'Object Repository/intro screens/Intro first/Heart icon' is present

2022-06-15 16:32:30 - [TEST_STEP][PASSED] - markPassed("PASSED: App is launched successfully"): PASSED: App is launched successfully

2022-06-15 16:32:30 - [MESSAGE][PASSED] - PASSED: App is launched successfully

2022-06-15 16:32:30 - [TEST_STEP][PASSED] - if (waitForElementPresent(Access, 30)): null

2022-06-15 16:32:30 - [MESSAGE][PASSED] - Element 'Object Repository/intro screens/Intro first/Access to label text' is present

2022-06-15 16:32:30 - [TEST_STEP][PASSED] - markPassed("PASSED: Access label text is present on the screen"): PASSED: Access label text is present on the screen

2022-06-15 16:32:30 - [MESSAGE][PASSED] - PASSED: Access label text is present on the screen

2022-06-15 16:32:30 - [TEST_STEP][PASSED] - if (waitForElementPresent(Matchmakers, 30)): null

2022-06-15 16:32:30 - [MESSAGE][PASSED] - Element 'Object Repository/intro screens/Intro first/Matchmakers label text' is present

2022-06-15 16:32:30 - [TEST_STEP][PASSED] - markPassed("PASSED: Matchmakers label text is present on the screen"): PASSED: Matchmakers label text is present on the screen

2022-06-15 16:32:30 - [MESSAGE][PASSED] - PASSED: Matchmakers label text is present on the screen

2022-06-15 16:32:30 - [TEST_STEP][PASSED] - if (waitForElementPresent(Berief_Labeltext, 30)): null

2022-06-15 16:32:30 - [MESSAGE][PASSED] - Element 'Object Repository/intro screens/Intro first/We have matchmakers that will help you find your perfect match label text' is present

2022-06-15 16:32:30 - [TEST_STEP][PASSED] - markPassed("PASSED: We have.... label text is present on the screen"): PASSED: We have.... label text is present on the screen

2022-06-15 16:32:30 - [MESSAGE][PASSED] - PASSED: We have.... label text is present on the screen

2022-06-15 16:32:30 - [TEST_STEP][PASSED] - if (waitForElementPresent(background, 30)): null

2022-06-15 16:32:30 - [MESSAGE][PASSED] - Element 'Object Repository/intro screens/Intro first/Background image' is present

2022-06-15 16:32:30 - [TEST_STEP][PASSED] - markPassed("PASSED: background Image is present on the screen"): PASSED: background Image is present on the screen

2022-06-15 16:32:30 - [MESSAGE][PASSED] - PASSED: background Image is present on the screen

2022-06-15 16:32:30 - [TEST_STEP][PASSED] - if (waitForElementPresent(continuebutton, 30)): null

2022-06-15 16:32:30 - [MESSAGE][PASSED] - Element 'Object Repository/intro screens/Intro first/Continue Button' is present

2022-06-15 16:32:30 - [TEST_STEP][PASSED] - tap(continuebutton, 30): Tapped on element 'Object Repository/intro screens/Intro first/Continue Button'

2022-06-15 16:32:31 - [MESSAGE][PASSED] - Tapped on element 'Object Repository/intro screens/Intro first/Continue Button'

2022-06-15 16:32:31 - [TEST_STEP][PASSED] - markPassed("Passed: continue button Element is present"): Passed: continue button Element is present

2022-06-15 16:32:31 - [MESSAGE][PASSED] - Passed: continue button Element is present]]></system-out>
         <system-err><![CDATA[]]></system-err>
      </testcase>
      <testcase name="Test Cases/testing/intro2" time="0.372" classname="Test Cases/testing/intro2" status="ERROR">
         <error type="ERROR" message="Test Cases/testing/intro2 FAILED.
Reason:
groovy.lang.MissingPropertyException: No such property: KeywordUtil for class: Script1655291117069
	at intro2.run(intro2:22)
	at com.kms.katalon.core.main.ScriptEngine.run(ScriptEngine.java:194)
	at com.kms.katalon.core.main.ScriptEngine.runScriptAsRawText(ScriptEngine.java:119)
	at com.kms.katalon.core.main.TestCaseExecutor.runScript(TestCaseExecutor.java:445)
	at com.kms.katalon.core.main.TestCaseExecutor.doExecute(TestCaseExecutor.java:436)
	at com.kms.katalon.core.main.TestCaseExecutor.processExecutionPhase(TestCaseExecutor.java:415)
	at com.kms.katalon.core.main.TestCaseExecutor.accessMainPhase(TestCaseExecutor.java:407)
	at com.kms.katalon.core.main.TestCaseExecutor.execute(TestCaseExecutor.java:284)
	at com.kms.katalon.core.main.TestCaseExecutor.execute(TestCaseExecutor.java:366)
	at com.kms.katalon.core.main.TestCaseExecutor.execute(TestCaseExecutor.java:366)
	at com.kms.katalon.core.main.TestCaseExecutor.execute(TestCaseExecutor.java:366)
	at com.kms.katalon.core.common.CommonExecutor.accessTestCaseMainPhase(CommonExecutor.java:65)
	at com.kms.katalon.core.main.TestSuiteExecutor.accessTestSuiteMainPhase(TestSuiteExecutor.java:144)
	at com.kms.katalon.core.main.TestSuiteExecutor.execute(TestSuiteExecutor.java:106)
	at com.kms.katalon.core.main.TestCaseMain.startTestSuite(TestCaseMain.java:185)
	at com.kms.katalon.core.main.TestCaseMain$startTestSuite$0.call(Unknown Source)
	at TempTestSuite1655292719419.run(TempTestSuite1655292719419.groovy:36)
"/>
         <system-out><![CDATA[2022-06-15 16:32:33 - [TEST_CASE][ERROR] - Test Cases/testing/intro2: Test Cases/testing/intro2 FAILED.
Reason:
groovy.lang.MissingPropertyException: No such property: KeywordUtil for class: Script1655291117069
	at intro2.run(intro2:22)
	at com.kms.katalon.core.main.ScriptEngine.run(ScriptEngine.java:194)
	at com.kms.katalon.core.main.ScriptEngine.runScriptAsRawText(ScriptEngine.java:119)
	at com.kms.katalon.core.main.TestCaseExecutor.runScript(TestCaseExecutor.java:445)
	at com.kms.katalon.core.main.TestCaseExecutor.doExecute(TestCaseExecutor.java:436)
	at com.kms.katalon.core.main.TestCaseExecutor.processExecutionPhase(TestCaseExecutor.java:415)
	at com.kms.katalon.core.main.TestCaseExecutor.accessMainPhase(TestCaseExecutor.java:407)
	at com.kms.katalon.core.main.TestCaseExecutor.execute(TestCaseExecutor.java:284)
	at com.kms.katalon.core.main.TestCaseExecutor.execute(TestCaseExecutor.java:366)
	at com.kms.katalon.core.main.TestCaseExecutor.execute(TestCaseExecutor.java:366)
	at com.kms.katalon.core.main.TestCaseExecutor.execute(TestCaseExecutor.java:366)
	at com.kms.katalon.core.common.CommonExecutor.accessTestCaseMainPhase(CommonExecutor.java:65)
	at com.kms.katalon.core.main.TestSuiteExecutor.accessTestSuiteMainPhase(TestSuiteExecutor.java:144)
	at com.kms.katalon.core.main.TestSuiteExecutor.execute(TestSuiteExecutor.java:106)
	at com.kms.katalon.core.main.TestCaseMain.startTestSuite(TestCaseMain.java:185)
	at com.kms.katalon.core.main.TestCaseMain$startTestSuite$0.call(Unknown Source)
	at TempTestSuite1655292719419.run(TempTestSuite1655292719419.groovy:36)


2022-06-15 16:32:33 - [TEST_STEP][PASSED] - if (waitForElementPresent(hearticon, 30)): null

2022-06-15 16:32:33 - [MESSAGE][PASSED] - Element 'Object Repository/intro screens/Second intro/Heart icon' is present

2022-06-15 16:32:33 - [TEST_STEP][ERROR] - KeywordUtil.markPassed("PASSED: Heart icon is present in the screen"): Test Cases/testing/intro2 FAILED.
Reason:
groovy.lang.MissingPropertyException: No such property: KeywordUtil for class: Script1655291117069
	at intro2.run(intro2:22)
	at com.kms.katalon.core.main.ScriptEngine.run(ScriptEngine.java:194)
	at com.kms.katalon.core.main.ScriptEngine.runScriptAsRawText(ScriptEngine.java:119)
	at com.kms.katalon.core.main.TestCaseExecutor.runScript(TestCaseExecutor.java:445)
	at com.kms.katalon.core.main.TestCaseExecutor.doExecute(TestCaseExecutor.java:436)
	at com.kms.katalon.core.main.TestCaseExecutor.processExecutionPhase(TestCaseExecutor.java:415)
	at com.kms.katalon.core.main.TestCaseExecutor.accessMainPhase(TestCaseExecutor.java:407)
	at com.kms.katalon.core.main.TestCaseExecutor.execute(TestCaseExecutor.java:284)
	at com.kms.katalon.core.main.TestCaseExecutor.execute(TestCaseExecutor.java:366)
	at com.kms.katalon.core.main.TestCaseExecutor.execute(TestCaseExecutor.java:366)
	at com.kms.katalon.core.main.TestCaseExecutor.execute(TestCaseExecutor.java:366)
	at com.kms.katalon.core.common.CommonExecutor.accessTestCaseMainPhase(CommonExecutor.java:65)
	at com.kms.katalon.core.main.TestSuiteExecutor.accessTestSuiteMainPhase(TestSuiteExecutor.java:144)
	at com.kms.katalon.core.main.TestSuiteExecutor.execute(TestSuiteExecutor.java:106)
	at com.kms.katalon.core.main.TestCaseMain.startTestSuite(TestCaseMain.java:185)
	at com.kms.katalon.core.main.TestCaseMain$startTestSuite$0.call(Unknown Source)
	at TempTestSuite1655292719419.run(TempTestSuite1655292719419.groovy:36)


2022-06-15 16:32:33 - [MESSAGE][ERROR] - Test Cases/testing/intro2 FAILED.
Reason:
groovy.lang.MissingPropertyException: No such property: KeywordUtil for class: Script1655291117069
	at intro2.run(intro2:22)
	at com.kms.katalon.core.main.ScriptEngine.run(ScriptEngine.java:194)
	at com.kms.katalon.core.main.ScriptEngine.runScriptAsRawText(ScriptEngine.java:119)
	at com.kms.katalon.core.main.TestCaseExecutor.runScript(TestCaseExecutor.java:445)
	at com.kms.katalon.core.main.TestCaseExecutor.doExecute(TestCaseExecutor.java:436)
	at com.kms.katalon.core.main.TestCaseExecutor.processExecutionPhase(TestCaseExecutor.java:415)
	at com.kms.katalon.core.main.TestCaseExecutor.accessMainPhase(TestCaseExecutor.java:407)
	at com.kms.katalon.core.main.TestCaseExecutor.execute(TestCaseExecutor.java:284)
	at com.kms.katalon.core.main.TestCaseExecutor.execute(TestCaseExecutor.java:366)
	at com.kms.katalon.core.main.TestCaseExecutor.execute(TestCaseExecutor.java:366)
	at com.kms.katalon.core.main.TestCaseExecutor.execute(TestCaseExecutor.java:366)
	at com.kms.katalon.core.common.CommonExecutor.accessTestCaseMainPhase(CommonExecutor.java:65)
	at com.kms.katalon.core.main.TestSuiteExecutor.accessTestSuiteMainPhase(TestSuiteExecutor.java:144)
	at com.kms.katalon.core.main.TestSuiteExecutor.execute(TestSuiteExecutor.java:106)
	at com.kms.katalon.core.main.TestCaseMain.startTestSuite(TestCaseMain.java:185)
	at com.kms.katalon.core.main.TestCaseMain$startTestSuite$0.call(Unknown Source)
	at TempTestSuite1655292719419.run(TempTestSuite1655292719419.groovy:36)]]></system-out>
         <system-err><![CDATA[2022-06-15 16:32:33 - [TEST_CASE][ERROR] - Test Cases/testing/intro2: Test Cases/testing/intro2 FAILED.
Reason:
groovy.lang.MissingPropertyException: No such property: KeywordUtil for class: Script1655291117069
	at intro2.run(intro2:22)
	at com.kms.katalon.core.main.ScriptEngine.run(ScriptEngine.java:194)
	at com.kms.katalon.core.main.ScriptEngine.runScriptAsRawText(ScriptEngine.java:119)
	at com.kms.katalon.core.main.TestCaseExecutor.runScript(TestCaseExecutor.java:445)
	at com.kms.katalon.core.main.TestCaseExecutor.doExecute(TestCaseExecutor.java:436)
	at com.kms.katalon.core.main.TestCaseExecutor.processExecutionPhase(TestCaseExecutor.java:415)
	at com.kms.katalon.core.main.TestCaseExecutor.accessMainPhase(TestCaseExecutor.java:407)
	at com.kms.katalon.core.main.TestCaseExecutor.execute(TestCaseExecutor.java:284)
	at com.kms.katalon.core.main.TestCaseExecutor.execute(TestCaseExecutor.java:366)
	at com.kms.katalon.core.main.TestCaseExecutor.execute(TestCaseExecutor.java:366)
	at com.kms.katalon.core.main.TestCaseExecutor.execute(TestCaseExecutor.java:366)
	at com.kms.katalon.core.common.CommonExecutor.accessTestCaseMainPhase(CommonExecutor.java:65)
	at com.kms.katalon.core.main.TestSuiteExecutor.accessTestSuiteMainPhase(TestSuiteExecutor.java:144)
	at com.kms.katalon.core.main.TestSuiteExecutor.execute(TestSuiteExecutor.java:106)
	at com.kms.katalon.core.main.TestCaseMain.startTestSuite(TestCaseMain.java:185)
	at com.kms.katalon.core.main.TestCaseMain$startTestSuite$0.call(Unknown Source)
	at TempTestSuite1655292719419.run(TempTestSuite1655292719419.groovy:36)]]></system-err>
      </testcase>
      <system-out><![CDATA[2022-06-15 16:32:08 - [TEST_SUITE][ERROR] - SpotLove Sanity: Test Cases/testing/intro2 FAILED.
Reason:
groovy.lang.MissingPropertyException: No such property: KeywordUtil for class: Script1655291117069
	at intro2.run(intro2:22)
	at com.kms.katalon.core.main.ScriptEngine.run(ScriptEngine.java:194)
	at com.kms.katalon.core.main.ScriptEngine.runScriptAsRawText(ScriptEngine.java:119)
	at com.kms.katalon.core.main.TestCaseExecutor.runScript(TestCaseExecutor.java:445)
	at com.kms.katalon.core.main.TestCaseExecutor.doExecute(TestCaseExecutor.java:436)
	at com.kms.katalon.core.main.TestCaseExecutor.processExecutionPhase(TestCaseExecutor.java:415)
	at com.kms.katalon.core.main.TestCaseExecutor.accessMainPhase(TestCaseExecutor.java:407)
	at com.kms.katalon.core.main.TestCaseExecutor.execute(TestCaseExecutor.java:284)
	at com.kms.katalon.core.common.CommonExecutor.accessTestCaseMainPhase(CommonExecutor.java:65)
	at com.kms.katalon.core.main.TestSuiteExecutor.accessTestSuiteMainPhase(TestSuiteExecutor.java:144)
	at com.kms.katalon.core.main.TestSuiteExecutor.execute(TestSuiteExecutor.java:106)
	at com.kms.katalon.core.main.TestCaseMain.startTestSuite(TestCaseMain.java:185)
	at com.kms.katalon.core.main.TestCaseMain$startTestSuite$0.call(Unknown Source)
	at TempTestSuite1655292719419.run(TempTestSuite1655292719419.groovy:36)]]></system-out>
      <system-err><![CDATA[2022-06-15 16:32:08 - [TEST_SUITE][ERROR] - SpotLove Sanity: Test Cases/testing/intro2 FAILED.
Reason:
groovy.lang.MissingPropertyException: No such property: KeywordUtil for class: Script1655291117069
	at intro2.run(intro2:22)
	at com.kms.katalon.core.main.ScriptEngine.run(ScriptEngine.java:194)
	at com.kms.katalon.core.main.ScriptEngine.runScriptAsRawText(ScriptEngine.java:119)
	at com.kms.katalon.core.main.TestCaseExecutor.runScript(TestCaseExecutor.java:445)
	at com.kms.katalon.core.main.TestCaseExecutor.doExecute(TestCaseExecutor.java:436)
	at com.kms.katalon.core.main.TestCaseExecutor.processExecutionPhase(TestCaseExecutor.java:415)
	at com.kms.katalon.core.main.TestCaseExecutor.accessMainPhase(TestCaseExecutor.java:407)
	at com.kms.katalon.core.main.TestCaseExecutor.execute(TestCaseExecutor.java:284)
	at com.kms.katalon.core.common.CommonExecutor.accessTestCaseMainPhase(CommonExecutor.java:65)
	at com.kms.katalon.core.main.TestSuiteExecutor.accessTestSuiteMainPhase(TestSuiteExecutor.java:144)
	at com.kms.katalon.core.main.TestSuiteExecutor.execute(TestSuiteExecutor.java:106)
	at com.kms.katalon.core.main.TestCaseMain.startTestSuite(TestCaseMain.java:185)
	at com.kms.katalon.core.main.TestCaseMain$startTestSuite$0.call(Unknown Source)
	at TempTestSuite1655292719419.run(TempTestSuite1655292719419.groovy:36)]]></system-err>
   </testsuite>
</testsuites>
