<?xml version="1.0" encoding="UTF-8"?>
<testsuites name="Smoke" time="89.269" tests="1" failures="1" errors="0">
   <testsuite name="Smoke" tests="1" failures="1" errors="0" time="89.269" skipped="0" timestamp="2022-11-28 11:46:16" hostname="pc - hamza-mac-book" id="Test Suites/Smoke">
      <properties>
         <property name="deviceName" value="samsung SM-A325F (Android 12)"/>
         <property name="devicePlatform" value=""/>
         <property name="logFolder" value="/Users/pc/Katalon Studio/SpotLove_Stagging/Reports/20221128_114607/Smoke/20221128_114607"/>
         <property name="logFiles" value="/Users/pc/Katalon Studio/SpotLove_Stagging/Reports/20221128_114607/Smoke/20221128_114607/execution0.log, /Users/pc/Katalon Studio/SpotLove_Stagging/Reports/20221128_114607/Smoke/20221128_114607/appium.log"/>
         <property name="attachments" value="/Users/pc/Katalon Studio/SpotLove_Stagging/Reports/20221128_114607/Smoke/20221128_114607/1669617994887.png, /Users/pc/Katalon Studio/SpotLove_Stagging/Reports/20221128_114607/Smoke/20221128_114607/1669618065025.png"/>
         <property name="hostName" value="pc - hamza-mac-book"/>
         <property name="os" value="Mac OS X 64bit"/>
         <property name="appiumServerStatus" value="{&quot;value&quot;:{&quot;build&quot;:{&quot;version&quot;:&quot;1.22.3&quot;}},&quot;sessionId&quot;:null,&quot;status&quot;:0}"/>
         <property name="katalonVersion" value="8.5.1.208"/>
         <property name="deviceOS" value="Android"/>
         <property name="appiumVersion" value="1.22.3"/>
         <property name="deviceModel" value="SM-A325F"/>
         <property name="hostAddress" value="192.168.1.9"/>
         <property name="deviceManufacturer" value="samsung"/>
         <property name="deviceId" value="RF8RC109TVZ"/>
         <property name="deviceName" value="samsung SM-A325F (Android 12)"/>
         <property name="deviceOSVersion" value="12"/>
      </properties>
      <testcase name="Test Cases/Smoke/TC_002 Onboard" time="88.852" classname="Test Cases/Smoke/TC_002 Onboard" status="FAILED">
         <failure type="FAILED" message="Test Cases/Smoke/TC_002 Onboard FAILED.
Reason:
com.kms.katalon.core.exception.StepFailedException: Call Test Case 'Test Cases/Smoke/LookUp For Onboard/Tap to continue on Politics Screen' failed
	at com.kms.katalon.core.keyword.builtin.CallTestCaseKeyword$_callTestCase_closure1.doCall(CallTestCaseKeyword.groovy:63)
	at com.kms.katalon.core.keyword.builtin.CallTestCaseKeyword$_callTestCase_closure1.call(CallTestCaseKeyword.groovy)
	at com.kms.katalon.core.keyword.internal.KeywordMain.runKeyword(KeywordMain.groovy:74)
	at com.kms.katalon.core.keyword.builtin.CallTestCaseKeyword.callTestCase(CallTestCaseKeyword.groovy:81)
	at com.kms.katalon.core.keyword.builtin.CallTestCaseKeyword.execute(CallTestCaseKeyword.groovy:44)
	at com.kms.katalon.core.keyword.internal.KeywordExecutor.executeKeywordForPlatform(KeywordExecutor.groovy:74)
	at com.kms.katalon.core.keyword.BuiltinKeywords.callTestCase(BuiltinKeywords.groovy:334)
	at TC_002 Onboard.run(TC_002 Onboard:61)
	at com.kms.katalon.core.main.ScriptEngine.run(ScriptEngine.java:194)
	at com.kms.katalon.core.main.ScriptEngine.runScriptAsRawText(ScriptEngine.java:119)
	at com.kms.katalon.core.main.TestCaseExecutor.runScript(TestCaseExecutor.java:448)
	at com.kms.katalon.core.main.TestCaseExecutor.doExecute(TestCaseExecutor.java:439)
	at com.kms.katalon.core.main.TestCaseExecutor.processExecutionPhase(TestCaseExecutor.java:418)
	at com.kms.katalon.core.main.TestCaseExecutor.accessMainPhase(TestCaseExecutor.java:410)
	at com.kms.katalon.core.main.TestCaseExecutor.execute(TestCaseExecutor.java:285)
	at com.kms.katalon.core.common.CommonExecutor.accessTestCaseMainPhase(CommonExecutor.java:65)
	at com.kms.katalon.core.main.TestSuiteExecutor.accessTestSuiteMainPhase(TestSuiteExecutor.java:151)
	at com.kms.katalon.core.main.TestSuiteExecutor.execute(TestSuiteExecutor.java:106)
	at com.kms.katalon.core.main.TestCaseMain.startTestSuite(TestCaseMain.java:185)
	at com.kms.katalon.core.main.TestCaseMain$startTestSuite$0.call(Unknown Source)
	at TempTestSuite1669617967771.run(TempTestSuite1669617967771.groovy:36)
Caused by: com.kms.katalon.core.exception.StepFailedException: Object Object Repository/Smoke/Onboard/Permissions/While using the app (For Galery) not found
	at com.kms.katalon.core.keyword.internal.KeywordMain.stepFailed(KeywordMain.groovy:50)
	at com.kms.katalon.core.mobile.keyword.internal.MobileKeywordMain.stepFailed(MobileKeywordMain.groovy:40)
	at com.kms.katalon.core.mobile.keyword.builtin.TapKeyword$_tap_closure1.doCall(TapKeyword.groovy:79)
	at com.kms.katalon.core.mobile.keyword.builtin.TapKeyword$_tap_closure1.call(TapKeyword.groovy)
	at com.kms.katalon.core.mobile.keyword.internal.MobileKeywordMain.runKeyword(MobileKeywordMain.groovy:21)
	at com.kms.katalon.core.mobile.keyword.builtin.TapKeyword.tap(TapKeyword.groovy:84)
	at com.kms.katalon.core.mobile.keyword.builtin.TapKeyword.execute(TapKeyword.groovy:68)
	at com.kms.katalon.core.keyword.internal.KeywordExecutor.executeKeywordForPlatform(KeywordExecutor.groovy:74)
	at com.kms.katalon.core.mobile.keyword.MobileBuiltInKeywords.tap(MobileBuiltInKeywords.groovy:1476)
	at com.kms.katalon.core.mobile.keyword.MobileBuiltInKeywords$tap$0.call(Unknown Source)
	at Tap to continue on Politics Screen.run(Tap to continue on Politics Screen:29)
	at com.kms.katalon.core.main.ScriptEngine.run(ScriptEngine.java:194)
	at com.kms.katalon.core.main.ScriptEngine.runScriptAsRawText(ScriptEngine.java:119)
	at com.kms.katalon.core.main.TestCaseExecutor.runScript(TestCaseExecutor.java:448)
	at com.kms.katalon.core.main.TestCaseExecutor.doExecute(TestCaseExecutor.java:439)
	at com.kms.katalon.core.main.TestCaseExecutor.processExecutionPhase(TestCaseExecutor.java:418)
	at com.kms.katalon.core.main.TestCaseExecutor.accessMainPhase(TestCaseExecutor.java:410)
	at com.kms.katalon.core.main.TestCaseExecutor.execute(TestCaseExecutor.java:285)
	at com.kms.katalon.core.main.TestCaseMain.runTestCase(TestCaseMain.java:142)
	at com.kms.katalon.core.keyword.builtin.CallTestCaseKeyword$_callTestCase_closure1.doCall(CallTestCaseKeyword.groovy:59)
	... 20 more
"/>
         <system-out><![CDATA[2022-11-28 11:46:16 - [TEST_CASE][FAILED] - Test Cases/Smoke/TC_002 Onboard: Test Cases/Smoke/TC_002 Onboard FAILED.
Reason:
com.kms.katalon.core.exception.StepFailedException: Call Test Case 'Test Cases/Smoke/LookUp For Onboard/Tap to continue on Politics Screen' failed
	at com.kms.katalon.core.keyword.builtin.CallTestCaseKeyword$_callTestCase_closure1.doCall(CallTestCaseKeyword.groovy:63)
	at com.kms.katalon.core.keyword.builtin.CallTestCaseKeyword$_callTestCase_closure1.call(CallTestCaseKeyword.groovy)
	at com.kms.katalon.core.keyword.internal.KeywordMain.runKeyword(KeywordMain.groovy:74)
	at com.kms.katalon.core.keyword.builtin.CallTestCaseKeyword.callTestCase(CallTestCaseKeyword.groovy:81)
	at com.kms.katalon.core.keyword.builtin.CallTestCaseKeyword.execute(CallTestCaseKeyword.groovy:44)
	at com.kms.katalon.core.keyword.internal.KeywordExecutor.executeKeywordForPlatform(KeywordExecutor.groovy:74)
	at com.kms.katalon.core.keyword.BuiltinKeywords.callTestCase(BuiltinKeywords.groovy:334)
	at TC_002 Onboard.run(TC_002 Onboard:61)
	at com.kms.katalon.core.main.ScriptEngine.run(ScriptEngine.java:194)
	at com.kms.katalon.core.main.ScriptEngine.runScriptAsRawText(ScriptEngine.java:119)
	at com.kms.katalon.core.main.TestCaseExecutor.runScript(TestCaseExecutor.java:448)
	at com.kms.katalon.core.main.TestCaseExecutor.doExecute(TestCaseExecutor.java:439)
	at com.kms.katalon.core.main.TestCaseExecutor.processExecutionPhase(TestCaseExecutor.java:418)
	at com.kms.katalon.core.main.TestCaseExecutor.accessMainPhase(TestCaseExecutor.java:410)
	at com.kms.katalon.core.main.TestCaseExecutor.execute(TestCaseExecutor.java:285)
	at com.kms.katalon.core.common.CommonExecutor.accessTestCaseMainPhase(CommonExecutor.java:65)
	at com.kms.katalon.core.main.TestSuiteExecutor.accessTestSuiteMainPhase(TestSuiteExecutor.java:151)
	at com.kms.katalon.core.main.TestSuiteExecutor.execute(TestSuiteExecutor.java:106)
	at com.kms.katalon.core.main.TestCaseMain.startTestSuite(TestCaseMain.java:185)
	at com.kms.katalon.core.main.TestCaseMain$startTestSuite$0.call(Unknown Source)
	at TempTestSuite1669617967771.run(TempTestSuite1669617967771.groovy:36)
Caused by: com.kms.katalon.core.exception.StepFailedException: Object Object Repository/Smoke/Onboard/Permissions/While using the app (For Galery) not found
	at com.kms.katalon.core.keyword.internal.KeywordMain.stepFailed(KeywordMain.groovy:50)
	at com.kms.katalon.core.mobile.keyword.internal.MobileKeywordMain.stepFailed(MobileKeywordMain.groovy:40)
	at com.kms.katalon.core.mobile.keyword.builtin.TapKeyword$_tap_closure1.doCall(TapKeyword.groovy:79)
	at com.kms.katalon.core.mobile.keyword.builtin.TapKeyword$_tap_closure1.call(TapKeyword.groovy)
	at com.kms.katalon.core.mobile.keyword.internal.MobileKeywordMain.runKeyword(MobileKeywordMain.groovy:21)
	at com.kms.katalon.core.mobile.keyword.builtin.TapKeyword.tap(TapKeyword.groovy:84)
	at com.kms.katalon.core.mobile.keyword.builtin.TapKeyword.execute(TapKeyword.groovy:68)
	at com.kms.katalon.core.keyword.internal.KeywordExecutor.executeKeywordForPlatform(KeywordExecutor.groovy:74)
	at com.kms.katalon.core.mobile.keyword.MobileBuiltInKeywords.tap(MobileBuiltInKeywords.groovy:1476)
	at com.kms.katalon.core.mobile.keyword.MobileBuiltInKeywords$tap$0.call(Unknown Source)
	at Tap to continue on Politics Screen.run(Tap to continue on Politics Screen:29)
	at com.kms.katalon.core.main.ScriptEngine.run(ScriptEngine.java:194)
	at com.kms.katalon.core.main.ScriptEngine.runScriptAsRawText(ScriptEngine.java:119)
	at com.kms.katalon.core.main.TestCaseExecutor.runScript(TestCaseExecutor.java:448)
	at com.kms.katalon.core.main.TestCaseExecutor.doExecute(TestCaseExecutor.java:439)
	at com.kms.katalon.core.main.TestCaseExecutor.processExecutionPhase(TestCaseExecutor.java:418)
	at com.kms.katalon.core.main.TestCaseExecutor.accessMainPhase(TestCaseExecutor.java:410)
	at com.kms.katalon.core.main.TestCaseExecutor.execute(TestCaseExecutor.java:285)
	at com.kms.katalon.core.main.TestCaseMain.runTestCase(TestCaseMain.java:142)
	at com.kms.katalon.core.keyword.builtin.CallTestCaseKeyword$_callTestCase_closure1.doCall(CallTestCaseKeyword.groovy:59)
	... 20 more


2022-11-28 11:46:17 - [TEST_STEP][PASSED] - startExistingApplication("com.spotlove.releaseproduction", STOP_ON_FAILURE): Starting app with application ID: 'com.spotlove.releaseproduction'

2022-11-28 11:46:17 - [MESSAGE][INFO] - User set preference: ['deviceId', '']

2022-11-28 11:46:19 - [MESSAGE][INFO] - Detected NodeJS location: "/usr/local/bin/node"

2022-11-28 11:46:20 - [MESSAGE][INFO] - Appium server started on port 50,571

2022-11-28 11:46:30 - [MESSAGE][PASSED] - Starting app with application ID: 'com.spotlove.releaseproduction'

2022-11-28 11:46:30 - [TEST_STEP][PASSED] - callTestCase(findTestCase("Test Cases/Smoke/LookUp For Onboard/Tap on I agree button"), null, STOP_ON_FAILURE): Call Test Case 'Test Cases/Smoke/LookUp For Onboard/Tap on I agree button' successfully

2022-11-28 11:46:30 - [TEST_CASE][PASSED] - Test Cases/Smoke/LookUp For Onboard/Tap on I agree button: Test Cases/Smoke/LookUp For Onboard/Tap on I agree button

2022-11-28 11:46:31 - [TEST_STEP][PASSED] - btn = "Object Repository/Smoke/Onboard/btn I Agree": null

2022-11-28 11:46:31 - [TEST_STEP][PASSED] - tap(findTestObject(btn), 10, OPTIONAL): Failed to tap on element 'Object Repository/Smoke/Onboard/btn I Agree' (Root cause: org.openqa.selenium.StaleElementReferenceException: Cached elements 'By.xpath: //hierarchy/android.widget.FrameLayout[1]/android.widget.LinearLayout[1]/android.widget.FrameLayout[1]/android.widget.LinearLayout[1]/android.widget.FrameLayout[1]/android.widget.FrameLayout[1]/android.view.ViewGroup[1]/android.view.ViewGroup[1]/android.view.ViewGroup[1]/android.view.ViewGroup[1]/android.view.ViewGroup[1]/android.view.ViewGroup[1]/android.view.ViewGroup[1]/android.view.ViewGroup[1]/android.view.ViewGroup[1]' do not exist in DOM anymore
For documentation on this error, please visit: https://www.seleniumhq.org/exceptions/stale_element_reference.html
Build info: version: '3.141.59', revision: 'e82be7d358', time: '2018-11-14T08:25:53'
System info: host: 'hamza-mac-book', ip: '169.254.192.175', os.name: 'Mac OS X', os.arch: 'x86_64', os.version: '10.16', java.version: '1.8.0_275'
Driver info: com.kms.katalon.core.appium.driver.SwipeableAndroidDriver
Capabilities {appActivity: .Settings, appPackage: com.android.settings, autoGrantPermissions: true, automationName: uiautomator2, chromedriverPort: 50574, databaseEnabled: false, desired: {appActivity: .Settings, appPackage: com.android.settings, autoGrantPermissions: true, automationName: uiautomator2, chromedriverPort: 50574, deviceId: , deviceName: samsung SM-A325F (Android 12), newCommandTimeout: 1800, platform: ANDROID, platformName: android, platformVersion: 12, systemPort: 8221, udid: RF8RC109TVZ}, deviceApiLevel: 31, deviceId: , deviceManufacturer: samsung, deviceModel: SM-A325F, deviceName: RF8RC109TVZ, deviceScreenDensity: 420, deviceScreenSize: 1080x2400, deviceUDID: RF8RC109TVZ, javascriptEnabled: true, locationContextEnabled: false, networkConnectionEnabled: true, newCommandTimeout: 1800, pixelRatio: 2.625, platform: ANDROID, platformName: Android, platformVersion: 12, statBarHeight: 78, systemPort: 8221, takesScreenshot: true, udid: RF8RC109TVZ, viewportRect: {height: 2203, left: 0, top: 78, width: 1080}, warnings: {}, webStorageEnabled: false}
Session ID: edcc2e24-78be-4295-8797-22c18c52ee0a
	at org.openqa.selenium.remote.http.W3CHttpResponseCodec.createException(W3CHttpResponseCodec.java:187)
	at org.openqa.selenium.remote.http.W3CHttpResponseCodec.decode(W3CHttpResponseCodec.java:122)
	at org.openqa.selenium.remote.http.W3CHttpResponseCodec.decode(W3CHttpResponseCodec.java:49)
	at org.openqa.selenium.remote.HttpCommandExecutor.execute(HttpCommandExecutor.java:158)
	at io.appium.java_client.remote.AppiumCommandExecutor.execute(AppiumCommandExecutor.java:239)
	at org.openqa.selenium.remote.RemoteWebDriver.execute(RemoteWebDriver.java:552)
	at io.appium.java_client.DefaultGenericMobileDriver.execute(DefaultGenericMobileDriver.java:42)
	at io.appium.java_client.AppiumDriver.execute(AppiumDriver.java:1)
	at io.appium.java_client.android.AndroidDriver.execute(AndroidDriver.java:1)
	at com.kms.katalon.core.appium.driver.SwipeableAndroidDriver.execute(SwipeableAndroidDriver.java:1)
	at org.openqa.selenium.remote.RemoteWebElement.execute(RemoteWebElement.java:285)
	at io.appium.java_client.DefaultGenericMobileElement.execute(DefaultGenericMobileElement.java:45)
	at io.appium.java_client.MobileElement.execute(MobileElement.java:1)
	at io.appium.java_client.android.AndroidElement.execute(AndroidElement.java:1)
	at org.openqa.selenium.remote.RemoteWebElement.getLocation(RemoteWebElement.java:337)
	at org.openqa.selenium.WebElement$getLocation.call(Unknown Source)
	at com.kms.katalon.core.mobile.keyword.internal.MobileAbstractKeyword.findElement(MobileAbstractKeyword.groovy:86)
	at com.kms.katalon.core.mobile.keyword.builtin.TapKeyword.access$1(TapKeyword.groovy)
	at com.kms.katalon.core.mobile.keyword.builtin.TapKeyword$_tap_closure1.doCall(TapKeyword.groovy:76)
	at com.kms.katalon.core.mobile.keyword.builtin.TapKeyword$_tap_closure1.call(TapKeyword.groovy)
	at com.kms.katalon.core.mobile.keyword.internal.MobileKeywordMain.runKeyword(MobileKeywordMain.groovy:21)
	at com.kms.katalon.core.mobile.keyword.builtin.TapKeyword.tap(TapKeyword.groovy:84)
	at com.kms.katalon.core.mobile.keyword.builtin.TapKeyword.execute(TapKeyword.groovy:68)
	at com.kms.katalon.core.keyword.internal.KeywordExecutor.executeKeywordForPlatform(KeywordExecutor.groovy:74)
	at com.kms.katalon.core.mobile.keyword.MobileBuiltInKeywords.tap(MobileBuiltInKeywords.groovy:1476)
	at com.kms.katalon.core.mobile.keyword.MobileBuiltInKeywords$tap$0.call(Unknown Source)
	at Tap on I agree button.run(Tap on I agree button:22)
	at com.kms.katalon.core.main.ScriptEngine.run(ScriptEngine.java:194)
	at com.kms.katalon.core.main.ScriptEngine.runScriptAsRawText(ScriptEngine.java:119)
	at com.kms.katalon.core.main.TestCaseExecutor.runScript(TestCaseExecutor.java:448)
	at com.kms.katalon.core.main.TestCaseExecutor.doExecute(TestCaseExecutor.java:439)
	at com.kms.katalon.core.main.TestCaseExecutor.processExecutionPhase(TestCaseExecutor.java:418)
	at com.kms.katalon.core.main.TestCaseExecutor.accessMainPhase(TestCaseExecutor.java:410)
	at com.kms.katalon.core.main.TestCaseExecutor.execute(TestCaseExecutor.java:285)
	at com.kms.katalon.core.main.TestCaseMain.runTestCase(TestCaseMain.java:142)
	at com.kms.katalon.core.keyword.builtin.CallTestCaseKeyword$_callTestCase_closure1.doCall(CallTestCaseKeyword.groovy:59)
	at com.kms.katalon.core.keyword.builtin.CallTestCaseKeyword$_callTestCase_closure1.call(CallTestCaseKeyword.groovy)
	at com.kms.katalon.core.keyword.internal.KeywordMain.runKeyword(KeywordMain.groovy:74)
	at com.kms.katalon.core.keyword.builtin.CallTestCaseKeyword.callTestCase(CallTestCaseKeyword.groovy:81)
	at com.kms.katalon.core.keyword.builtin.CallTestCaseKeyword.execute(CallTestCaseKeyword.groovy:44)
	at com.kms.katalon.core.keyword.internal.KeywordExecutor.executeKeywordForPlatform(KeywordExecutor.groovy:74)
	at com.kms.katalon.core.keyword.BuiltinKeywords.callTestCase(BuiltinKeywords.groovy:334)
	at TC_002 Onboard.run(TC_002 Onboard:22)
	at com.kms.katalon.core.main.ScriptEngine.run(ScriptEngine.java:194)
	at com.kms.katalon.core.main.ScriptEngine.runScriptAsRawText(ScriptEngine.java:119)
	at com.kms.katalon.core.main.TestCaseExecutor.runScript(TestCaseExecutor.java:448)
	at com.kms.katalon.core.main.TestCaseExecutor.doExecute(TestCaseExecutor.java:439)
	at com.kms.katalon.core.main.TestCaseExecutor.processExecutionPhase(TestCaseExecutor.java:418)
	at com.kms.katalon.core.main.TestCaseExecutor.accessMainPhase(TestCaseExecutor.java:410)
	at com.kms.katalon.core.main.TestCaseExecutor.execute(TestCaseExecutor.java:285)
	at com.kms.katalon.core.common.CommonExecutor.accessTestCaseMainPhase(CommonExecutor.java:65)
	at com.kms.katalon.core.main.TestSuiteExecutor.accessTestSuiteMainPhase(TestSuiteExecutor.java:151)
	at com.kms.katalon.core.main.TestSuiteExecutor.execute(TestSuiteExecutor.java:106)
	at com.kms.katalon.core.main.TestCaseMain.startTestSuite(TestCaseMain.java:185)
	at com.kms.katalon.core.main.TestCaseMain$startTestSuite$0.call(Unknown Source)
	at TempTestSuite1669617967771.run(TempTestSuite1669617967771.groovy:36)
)

2022-11-28 11:46:35 - [MESSAGE][WARNING] - Failed to tap on element 'Object Repository/Smoke/Onboard/btn I Agree' (Root cause: org.openqa.selenium.StaleElementReferenceException: Cached elements 'By.xpath: //hierarchy/android.widget.FrameLayout[1]/android.widget.LinearLayout[1]/android.widget.FrameLayout[1]/android.widget.LinearLayout[1]/android.widget.FrameLayout[1]/android.widget.FrameLayout[1]/android.view.ViewGroup[1]/android.view.ViewGroup[1]/android.view.ViewGroup[1]/android.view.ViewGroup[1]/android.view.ViewGroup[1]/android.view.ViewGroup[1]/android.view.ViewGroup[1]/android.view.ViewGroup[1]/android.view.ViewGroup[1]' do not exist in DOM anymore
For documentation on this error, please visit: https://www.seleniumhq.org/exceptions/stale_element_reference.html
Build info: version: '3.141.59', revision: 'e82be7d358', time: '2018-11-14T08:25:53'
System info: host: 'hamza-mac-book', ip: '169.254.192.175', os.name: 'Mac OS X', os.arch: 'x86_64', os.version: '10.16', java.version: '1.8.0_275'
Driver info: com.kms.katalon.core.appium.driver.SwipeableAndroidDriver
Capabilities {appActivity: .Settings, appPackage: com.android.settings, autoGrantPermissions: true, automationName: uiautomator2, chromedriverPort: 50574, databaseEnabled: false, desired: {appActivity: .Settings, appPackage: com.android.settings, autoGrantPermissions: true, automationName: uiautomator2, chromedriverPort: 50574, deviceId: , deviceName: samsung SM-A325F (Android 12), newCommandTimeout: 1800, platform: ANDROID, platformName: android, platformVersion: 12, systemPort: 8221, udid: RF8RC109TVZ}, deviceApiLevel: 31, deviceId: , deviceManufacturer: samsung, deviceModel: SM-A325F, deviceName: RF8RC109TVZ, deviceScreenDensity: 420, deviceScreenSize: 1080x2400, deviceUDID: RF8RC109TVZ, javascriptEnabled: true, locationContextEnabled: false, networkConnectionEnabled: true, newCommandTimeout: 1800, pixelRatio: 2.625, platform: ANDROID, platformName: Android, platformVersion: 12, statBarHeight: 78, systemPort: 8221, takesScreenshot: true, udid: RF8RC109TVZ, viewportRect: {height: 2203, left: 0, top: 78, width: 1080}, warnings: {}, webStorageEnabled: false}
Session ID: edcc2e24-78be-4295-8797-22c18c52ee0a
	at org.openqa.selenium.remote.http.W3CHttpResponseCodec.createException(W3CHttpResponseCodec.java:187)
	at org.openqa.selenium.remote.http.W3CHttpResponseCodec.decode(W3CHttpResponseCodec.java:122)
	at org.openqa.selenium.remote.http.W3CHttpResponseCodec.decode(W3CHttpResponseCodec.java:49)
	at org.openqa.selenium.remote.HttpCommandExecutor.execute(HttpCommandExecutor.java:158)
	at io.appium.java_client.remote.AppiumCommandExecutor.execute(AppiumCommandExecutor.java:239)
	at org.openqa.selenium.remote.RemoteWebDriver.execute(RemoteWebDriver.java:552)
	at io.appium.java_client.DefaultGenericMobileDriver.execute(DefaultGenericMobileDriver.java:42)
	at io.appium.java_client.AppiumDriver.execute(AppiumDriver.java:1)
	at io.appium.java_client.android.AndroidDriver.execute(AndroidDriver.java:1)
	at com.kms.katalon.core.appium.driver.SwipeableAndroidDriver.execute(SwipeableAndroidDriver.java:1)
	at org.openqa.selenium.remote.RemoteWebElement.execute(RemoteWebElement.java:285)
	at io.appium.java_client.DefaultGenericMobileElement.execute(DefaultGenericMobileElement.java:45)
	at io.appium.java_client.MobileElement.execute(MobileElement.java:1)
	at io.appium.java_client.android.AndroidElement.execute(AndroidElement.java:1)
	at org.openqa.selenium.remote.RemoteWebElement.getLocation(RemoteWebElement.java:337)
	at org.openqa.selenium.WebElement$getLocation.call(Unknown Source)
	at com.kms.katalon.core.mobile.keyword.internal.MobileAbstractKeyword.findElement(MobileAbstractKeyword.groovy:86)
	at com.kms.katalon.core.mobile.keyword.builtin.TapKeyword.access$1(TapKeyword.groovy)
	at com.kms.katalon.core.mobile.keyword.builtin.TapKeyword$_tap_closure1.doCall(TapKeyword.groovy:76)
	at com.kms.katalon.core.mobile.keyword.builtin.TapKeyword$_tap_closure1.call(TapKeyword.groovy)
	at com.kms.katalon.core.mobile.keyword.internal.MobileKeywordMain.runKeyword(MobileKeywordMain.groovy:21)
	at com.kms.katalon.core.mobile.keyword.builtin.TapKeyword.tap(TapKeyword.groovy:84)
	at com.kms.katalon.core.mobile.keyword.builtin.TapKeyword.execute(TapKeyword.groovy:68)
	at com.kms.katalon.core.keyword.internal.KeywordExecutor.executeKeywordForPlatform(KeywordExecutor.groovy:74)
	at com.kms.katalon.core.mobile.keyword.MobileBuiltInKeywords.tap(MobileBuiltInKeywords.groovy:1476)
	at com.kms.katalon.core.mobile.keyword.MobileBuiltInKeywords$tap$0.call(Unknown Source)
	at Tap on I agree button.run(Tap on I agree button:22)
	at com.kms.katalon.core.main.ScriptEngine.run(ScriptEngine.java:194)
	at com.kms.katalon.core.main.ScriptEngine.runScriptAsRawText(ScriptEngine.java:119)
	at com.kms.katalon.core.main.TestCaseExecutor.runScript(TestCaseExecutor.java:448)
	at com.kms.katalon.core.main.TestCaseExecutor.doExecute(TestCaseExecutor.java:439)
	at com.kms.katalon.core.main.TestCaseExecutor.processExecutionPhase(TestCaseExecutor.java:418)
	at com.kms.katalon.core.main.TestCaseExecutor.accessMainPhase(TestCaseExecutor.java:410)
	at com.kms.katalon.core.main.TestCaseExecutor.execute(TestCaseExecutor.java:285)
	at com.kms.katalon.core.main.TestCaseMain.runTestCase(TestCaseMain.java:142)
	at com.kms.katalon.core.keyword.builtin.CallTestCaseKeyword$_callTestCase_closure1.doCall(CallTestCaseKeyword.groovy:59)
	at com.kms.katalon.core.keyword.builtin.CallTestCaseKeyword$_callTestCase_closure1.call(CallTestCaseKeyword.groovy)
	at com.kms.katalon.core.keyword.internal.KeywordMain.runKeyword(KeywordMain.groovy:74)
	at com.kms.katalon.core.keyword.builtin.CallTestCaseKeyword.callTestCase(CallTestCaseKeyword.groovy:81)
	at com.kms.katalon.core.keyword.builtin.CallTestCaseKeyword.execute(CallTestCaseKeyword.groovy:44)
	at com.kms.katalon.core.keyword.internal.KeywordExecutor.executeKeywordForPlatform(KeywordExecutor.groovy:74)
	at com.kms.katalon.core.keyword.BuiltinKeywords.callTestCase(BuiltinKeywords.groovy:334)
	at TC_002 Onboard.run(TC_002 Onboard:22)
	at com.kms.katalon.core.main.ScriptEngine.run(ScriptEngine.java:194)
	at com.kms.katalon.core.main.ScriptEngine.runScriptAsRawText(ScriptEngine.java:119)
	at com.kms.katalon.core.main.TestCaseExecutor.runScript(TestCaseExecutor.java:448)
	at com.kms.katalon.core.main.TestCaseExecutor.doExecute(TestCaseExecutor.java:439)
	at com.kms.katalon.core.main.TestCaseExecutor.processExecutionPhase(TestCaseExecutor.java:418)
	at com.kms.katalon.core.main.TestCaseExecutor.accessMainPhase(TestCaseExecutor.java:410)
	at com.kms.katalon.core.main.TestCaseExecutor.execute(TestCaseExecutor.java:285)
	at com.kms.katalon.core.common.CommonExecutor.accessTestCaseMainPhase(CommonExecutor.java:65)
	at com.kms.katalon.core.main.TestSuiteExecutor.accessTestSuiteMainPhase(TestSuiteExecutor.java:151)
	at com.kms.katalon.core.main.TestSuiteExecutor.execute(TestSuiteExecutor.java:106)
	at com.kms.katalon.core.main.TestCaseMain.startTestSuite(TestCaseMain.java:185)
	at com.kms.katalon.core.main.TestCaseMain$startTestSuite$0.call(Unknown Source)
	at TempTestSuite1669617967771.run(TempTestSuite1669617967771.groovy:36)
)
[[ATTACHMENT|/Users/pc/Katalon Studio/SpotLove_Stagging/Reports/20221128_114607/Smoke/20221128_114607/1669617994887.png]]

2022-11-28 11:46:35 - [MESSAGE][PASSED] - Call Test Case 'Test Cases/Smoke/LookUp For Onboard/Tap on I agree button' successfully

2022-11-28 11:46:35 - [TEST_STEP][PASSED] - callTestCase(findTestCase("Test Cases/Smoke/LookUp For Onboard/Tap continue btn on source screen"), null, STOP_ON_FAILURE): Call Test Case 'Test Cases/Smoke/LookUp For Onboard/Tap continue btn on source screen' successfully

2022-11-28 11:46:35 - [TEST_CASE][PASSED] - Test Cases/Smoke/LookUp For Onboard/Tap continue btn on source screen: Test Cases/Smoke/LookUp For Onboard/Tap continue btn on source screen

2022-11-28 11:46:35 - [TEST_STEP][PASSED] - btn = "Object Repository/Smoke/Onboard/btn Continue Source Screen": null

2022-11-28 11:46:35 - [TEST_STEP][PASSED] - tap(findTestObject(btn), 5, STOP_ON_FAILURE): Tapped on element 'Object Repository/Smoke/Onboard/btn Continue Source Screen'

2022-11-28 11:46:36 - [MESSAGE][PASSED] - Tapped on element 'Object Repository/Smoke/Onboard/btn Continue Source Screen'

2022-11-28 11:46:36 - [MESSAGE][PASSED] - Call Test Case 'Test Cases/Smoke/LookUp For Onboard/Tap continue btn on source screen' successfully

2022-11-28 11:46:36 - [TEST_STEP][PASSED] - callTestCase(findTestCase("Test Cases/Smoke/LookUp For Onboard/Enter First Name and continue"), ["FName":FName], STOP_ON_FAILURE): Call Test Case 'Test Cases/Smoke/LookUp For Onboard/Enter First Name and continue' successfully

2022-11-28 11:46:36 - [TEST_CASE][PASSED] - Test Cases/Smoke/LookUp For Onboard/Enter First Name and continue: Test Cases/Smoke/LookUp For Onboard/Enter First Name and continue

2022-11-28 11:46:36 - [TEST_STEP][PASSED] - btn = "Object Repository/Smoke/Onboard/Text Field Enter User First Name": null

2022-11-28 11:46:36 - [TEST_STEP][PASSED] - sendKeys(findTestObject(btn), FName, STOP_ON_FAILURE): Send keys 'Umar' on test object 'Object Repository/Smoke/Onboard/Text Field Enter User First Name' successfully.

2022-11-28 11:46:57 - [MESSAGE][PASSED] - Send keys 'Umar' on test object 'Object Repository/Smoke/Onboard/Text Field Enter User First Name' successfully.

2022-11-28 11:46:57 - [TEST_STEP][PASSED] - btn1 = "Object Repository/Smoke/Onboard/btn Continue First Name Screen": null

2022-11-28 11:46:57 - [TEST_STEP][PASSED] - tap(findTestObject(btn1), 5, STOP_ON_FAILURE): Tapped on element 'Object Repository/Smoke/Onboard/btn Continue First Name Screen'

2022-11-28 11:46:58 - [MESSAGE][PASSED] - Tapped on element 'Object Repository/Smoke/Onboard/btn Continue First Name Screen'

2022-11-28 11:46:58 - [MESSAGE][PASSED] - Call Test Case 'Test Cases/Smoke/LookUp For Onboard/Enter First Name and continue' successfully

2022-11-28 11:46:58 - [TEST_STEP][PASSED] - callTestCase(findTestCase("Test Cases/Smoke/LookUp For Onboard/Tap Continue button on birth screen"), null, STOP_ON_FAILURE): Call Test Case 'Test Cases/Smoke/LookUp For Onboard/Tap Continue button on birth screen' successfully

2022-11-28 11:46:58 - [TEST_CASE][PASSED] - Test Cases/Smoke/LookUp For Onboard/Tap Continue button on birth screen: Test Cases/Smoke/LookUp For Onboard/Tap Continue button on birth screen

2022-11-28 11:46:58 - [TEST_STEP][PASSED] - btn = "Object Repository/Smoke/Onboard/btn Continue Birth date": null

2022-11-28 11:46:58 - [TEST_STEP][PASSED] - tap(findTestObject(btn), 5, STOP_ON_FAILURE): Tapped on element 'Object Repository/Smoke/Onboard/btn Continue Birth date'

2022-11-28 11:47:01 - [MESSAGE][PASSED] - Tapped on element 'Object Repository/Smoke/Onboard/btn Continue Birth date'

2022-11-28 11:47:01 - [TEST_STEP][PASSED] - btn1 = "Object Repository/Smoke/Onboard/btn Edit (Change Birth date)": null

2022-11-28 11:47:01 - [TEST_STEP][PASSED] - tap(findTestObject(btn1), 5, STOP_ON_FAILURE): Tapped on element 'Object Repository/Smoke/Onboard/btn Edit (Change Birth date)'

2022-11-28 11:47:02 - [MESSAGE][PASSED] - Tapped on element 'Object Repository/Smoke/Onboard/btn Edit (Change Birth date)'

2022-11-28 11:47:02 - [TEST_STEP][PASSED] - tap(findTestObject(btn), 5, STOP_ON_FAILURE): Tapped on element 'Object Repository/Smoke/Onboard/btn Continue Birth date'

2022-11-28 11:47:04 - [MESSAGE][PASSED] - Tapped on element 'Object Repository/Smoke/Onboard/btn Continue Birth date'

2022-11-28 11:47:04 - [TEST_STEP][PASSED] - btn2 = "Object Repository/Smoke/Onboard/btn Continue (Confirm birth date)": null

2022-11-28 11:47:04 - [TEST_STEP][PASSED] - tap(findTestObject(btn2), 5, STOP_ON_FAILURE): Tapped on element 'Object Repository/Smoke/Onboard/btn Continue (Confirm birth date)'

2022-11-28 11:47:06 - [MESSAGE][PASSED] - Tapped on element 'Object Repository/Smoke/Onboard/btn Continue (Confirm birth date)'

2022-11-28 11:47:06 - [MESSAGE][PASSED] - Call Test Case 'Test Cases/Smoke/LookUp For Onboard/Tap Continue button on birth screen' successfully

2022-11-28 11:47:06 - [TEST_STEP][PASSED] - callTestCase(findTestCase("Test Cases/Smoke/LookUp For Onboard/Tap Continue on Gender Screen"), ["Gender":Gender], STOP_ON_FAILURE): Call Test Case 'Test Cases/Smoke/LookUp For Onboard/Tap Continue on Gender Screen' successfully

2022-11-28 11:47:06 - [TEST_CASE][PASSED] - Test Cases/Smoke/LookUp For Onboard/Tap Continue on Gender Screen: Test Cases/Smoke/LookUp For Onboard/Tap Continue on Gender Screen

2022-11-28 11:47:06 - [TEST_STEP][PASSED] - com.spotlove.Utility.random_value(Gender): com.spotlove.Utility.random_value is PASSED

2022-11-28 11:47:07 - [MESSAGE][PASSED] - com.spotlove.Utility.random_value is PASSED

2022-11-28 11:47:07 - [TEST_STEP][PASSED] - btn = "Object Repository/Smoke/Onboard/btn Continue Gender Screen": null

2022-11-28 11:47:07 - [TEST_STEP][PASSED] - tap(findTestObject(btn), 5, STOP_ON_FAILURE): Tapped on element 'Object Repository/Smoke/Onboard/btn Continue Gender Screen'

2022-11-28 11:47:08 - [MESSAGE][PASSED] - Tapped on element 'Object Repository/Smoke/Onboard/btn Continue Gender Screen'

2022-11-28 11:47:08 - [MESSAGE][PASSED] - Call Test Case 'Test Cases/Smoke/LookUp For Onboard/Tap Continue on Gender Screen' successfully

2022-11-28 11:47:08 - [TEST_STEP][PASSED] - callTestCase(findTestCase("Test Cases/Smoke/LookUp For Onboard/Tap continue on Into Screen"), ["Into":Into], STOP_ON_FAILURE): Call Test Case 'Test Cases/Smoke/LookUp For Onboard/Tap continue on Into Screen' successfully

2022-11-28 11:47:08 - [TEST_CASE][PASSED] - Test Cases/Smoke/LookUp For Onboard/Tap continue on Into Screen: Test Cases/Smoke/LookUp For Onboard/Tap continue on Into Screen

2022-11-28 11:47:08 - [TEST_STEP][PASSED] - com.spotlove.Utility.random_value(Into): com.spotlove.Utility.random_value is PASSED

2022-11-28 11:47:09 - [MESSAGE][PASSED] - com.spotlove.Utility.random_value is PASSED

2022-11-28 11:47:09 - [TEST_STEP][PASSED] - btn = "Object Repository/Smoke/Onboard/btn Continue Into Screen": null

2022-11-28 11:47:09 - [TEST_STEP][PASSED] - tap(findTestObject(btn), 5, STOP_ON_FAILURE): Tapped on element 'Object Repository/Smoke/Onboard/btn Continue Into Screen'

2022-11-28 11:47:10 - [MESSAGE][PASSED] - Tapped on element 'Object Repository/Smoke/Onboard/btn Continue Into Screen'

2022-11-28 11:47:10 - [MESSAGE][PASSED] - Call Test Case 'Test Cases/Smoke/LookUp For Onboard/Tap continue on Into Screen' successfully

2022-11-28 11:47:10 - [TEST_STEP][PASSED] - callTestCase(findTestCase("Test Cases/Smoke/LookUp For Onboard/Tap to continue btn n Height screen"), null, STOP_ON_FAILURE): Call Test Case 'Test Cases/Smoke/LookUp For Onboard/Tap to continue btn n Height screen' successfully

2022-11-28 11:47:10 - [TEST_CASE][PASSED] - Test Cases/Smoke/LookUp For Onboard/Tap to continue btn n Height screen: Test Cases/Smoke/LookUp For Onboard/Tap to continue btn n Height screen

2022-11-28 11:47:10 - [TEST_STEP][PASSED] - btn = "Object Repository/Smoke/Onboard/btn Continue on height Screen": null

2022-11-28 11:47:10 - [TEST_STEP][PASSED] - tap(findTestObject(btn), 5, STOP_ON_FAILURE): Tapped on element 'Object Repository/Smoke/Onboard/btn Continue on height Screen'

2022-11-28 11:47:12 - [MESSAGE][PASSED] - Tapped on element 'Object Repository/Smoke/Onboard/btn Continue on height Screen'

2022-11-28 11:47:12 - [MESSAGE][PASSED] - Call Test Case 'Test Cases/Smoke/LookUp For Onboard/Tap to continue btn n Height screen' successfully

2022-11-28 11:47:12 - [TEST_STEP][PASSED] - callTestCase(findTestCase("Test Cases/Smoke/LookUp For Onboard/Tap to Continue on Ethnicity Screen"), ["Ethnicity":Ethnicity], STOP_ON_FAILURE): Call Test Case 'Test Cases/Smoke/LookUp For Onboard/Tap to Continue on Ethnicity Screen' successfully

2022-11-28 11:47:12 - [TEST_CASE][PASSED] - Test Cases/Smoke/LookUp For Onboard/Tap to Continue on Ethnicity Screen: Test Cases/Smoke/LookUp For Onboard/Tap to Continue on Ethnicity Screen

2022-11-28 11:47:12 - [TEST_STEP][PASSED] - com.spotlove.Utility.random_value(Ethnicity): com.spotlove.Utility.random_value is PASSED

2022-11-28 11:47:13 - [MESSAGE][PASSED] - com.spotlove.Utility.random_value is PASSED

2022-11-28 11:47:13 - [TEST_STEP][PASSED] - btn = "Object Repository/Smoke/Onboard/btn Continue on Ethnicity Screen": null

2022-11-28 11:47:13 - [TEST_STEP][PASSED] - tap(findTestObject(btn), 5, STOP_ON_FAILURE): Tapped on element 'Object Repository/Smoke/Onboard/btn Continue on Ethnicity Screen'

2022-11-28 11:47:14 - [MESSAGE][PASSED] - Tapped on element 'Object Repository/Smoke/Onboard/btn Continue on Ethnicity Screen'

2022-11-28 11:47:14 - [MESSAGE][PASSED] - Call Test Case 'Test Cases/Smoke/LookUp For Onboard/Tap to Continue on Ethnicity Screen' successfully

2022-11-28 11:47:14 - [TEST_STEP][PASSED] - callTestCase(findTestCase("Test Cases/Smoke/LookUp For Onboard/Tap to continue on Religion Screen"), ["Religion":Religion], STOP_ON_FAILURE): Call Test Case 'Test Cases/Smoke/LookUp For Onboard/Tap to continue on Religion Screen' successfully

2022-11-28 11:47:14 - [TEST_CASE][PASSED] - Test Cases/Smoke/LookUp For Onboard/Tap to continue on Religion Screen: Test Cases/Smoke/LookUp For Onboard/Tap to continue on Religion Screen

2022-11-28 11:47:15 - [TEST_STEP][PASSED] - com.spotlove.Utility.random_value(Religion): com.spotlove.Utility.random_value is PASSED

2022-11-28 11:47:16 - [MESSAGE][PASSED] - com.spotlove.Utility.random_value is PASSED

2022-11-28 11:47:16 - [TEST_STEP][PASSED] - btn = "Object Repository/Smoke/Onboard/btn Continue on Religion Screen": null

2022-11-28 11:47:16 - [TEST_STEP][PASSED] - tap(findTestObject(btn), 5, STOP_ON_FAILURE): Tapped on element 'Object Repository/Smoke/Onboard/btn Continue on Religion Screen'

2022-11-28 11:47:17 - [MESSAGE][PASSED] - Tapped on element 'Object Repository/Smoke/Onboard/btn Continue on Religion Screen'

2022-11-28 11:47:17 - [MESSAGE][PASSED] - Call Test Case 'Test Cases/Smoke/LookUp For Onboard/Tap to continue on Religion Screen' successfully

2022-11-28 11:47:17 - [TEST_STEP][PASSED] - callTestCase(findTestCase("Test Cases/Smoke/LookUp For Onboard/Tap to continue on Relationship Screen"), ["Relationship":Relationship], STOP_ON_FAILURE): Call Test Case 'Test Cases/Smoke/LookUp For Onboard/Tap to continue on Relationship Screen' successfully

2022-11-28 11:47:17 - [TEST_CASE][PASSED] - Test Cases/Smoke/LookUp For Onboard/Tap to continue on Relationship Screen: Test Cases/Smoke/LookUp For Onboard/Tap to continue on Relationship Screen

2022-11-28 11:47:17 - [TEST_STEP][PASSED] - com.spotlove.Utility.random_value(Relationship): com.spotlove.Utility.random_value is PASSED

2022-11-28 11:47:19 - [MESSAGE][PASSED] - com.spotlove.Utility.random_value is PASSED

2022-11-28 11:47:19 - [TEST_STEP][PASSED] - btn = "Object Repository/Smoke/Onboard/btn Continue on Relationship screen": null

2022-11-28 11:47:19 - [TEST_STEP][PASSED] - tap(findTestObject(btn), 5, STOP_ON_FAILURE): Tapped on element 'Object Repository/Smoke/Onboard/btn Continue on Relationship screen'

2022-11-28 11:47:19 - [MESSAGE][PASSED] - Tapped on element 'Object Repository/Smoke/Onboard/btn Continue on Relationship screen'

2022-11-28 11:47:19 - [MESSAGE][PASSED] - Call Test Case 'Test Cases/Smoke/LookUp For Onboard/Tap to continue on Relationship Screen' successfully

2022-11-28 11:47:19 - [TEST_STEP][PASSED] - callTestCase(findTestCase("Test Cases/Smoke/LookUp For Onboard/Tap to Continue on Family Plan"), ["Children":Children, "Plan":Plan], STOP_ON_FAILURE): Call Test Case 'Test Cases/Smoke/LookUp For Onboard/Tap to Continue on Family Plan' successfully

2022-11-28 11:47:19 - [TEST_CASE][PASSED] - Test Cases/Smoke/LookUp For Onboard/Tap to Continue on Family Plan: Test Cases/Smoke/LookUp For Onboard/Tap to Continue on Family Plan

2022-11-28 11:47:20 - [TEST_STEP][PASSED] - com.spotlove.Utility.random_value(Children): com.spotlove.Utility.random_value is PASSED

2022-11-28 11:47:21 - [MESSAGE][PASSED] - com.spotlove.Utility.random_value is PASSED

2022-11-28 11:47:21 - [TEST_STEP][PASSED] - com.spotlove.Utility.comma_sprt_value(Plan): com.spotlove.Utility.comma_sprt_value is PASSED

2022-11-28 11:47:22 - [MESSAGE][PASSED] - com.spotlove.Utility.comma_sprt_value is PASSED

2022-11-28 11:47:22 - [TEST_STEP][PASSED] - btn = "Object Repository/Smoke/Onboard/btn Continue on Family plan screen": null

2022-11-28 11:47:22 - [TEST_STEP][PASSED] - a = getText(findTestObject(btn), 10): Text of element 'Object Repository/Smoke/Onboard/btn Continue on Family plan screen' is: ''

2022-11-28 11:47:22 - [MESSAGE][PASSED] - Text of element 'Object Repository/Smoke/Onboard/btn Continue on Family plan screen' is: ''

2022-11-28 11:47:22 - [TEST_STEP][PASSED] - comment("Text found on btn " + a): Text found on btn 

2022-11-28 11:47:22 - [MESSAGE][INFO] - Text found on btn 

2022-11-28 11:47:22 - [TEST_STEP][PASSED] - tap(findTestObject(btn), 5, STOP_ON_FAILURE): Tapped on element 'Object Repository/Smoke/Onboard/btn Continue on Family plan screen'

2022-11-28 11:47:23 - [MESSAGE][PASSED] - Tapped on element 'Object Repository/Smoke/Onboard/btn Continue on Family plan screen'

2022-11-28 11:47:23 - [MESSAGE][PASSED] - Call Test Case 'Test Cases/Smoke/LookUp For Onboard/Tap to Continue on Family Plan' successfully

2022-11-28 11:47:23 - [TEST_STEP][PASSED] - callTestCase(findTestCase("Test Cases/Smoke/LookUp For Onboard/Tap to Continue on Education Screen"), ["Education":Education], STOP_ON_FAILURE): Call Test Case 'Test Cases/Smoke/LookUp For Onboard/Tap to Continue on Education Screen' successfully

2022-11-28 11:47:23 - [TEST_CASE][PASSED] - Test Cases/Smoke/LookUp For Onboard/Tap to Continue on Education Screen: Test Cases/Smoke/LookUp For Onboard/Tap to Continue on Education Screen

2022-11-28 11:47:23 - [TEST_STEP][PASSED] - com.spotlove.Utility.random_value(Education): com.spotlove.Utility.random_value is PASSED

2022-11-28 11:47:25 - [MESSAGE][PASSED] - com.spotlove.Utility.random_value is PASSED

2022-11-28 11:47:25 - [TEST_STEP][PASSED] - btn = "Object Repository/Smoke/Onboard/btn Continue on Education Screen": null

2022-11-28 11:47:25 - [TEST_STEP][PASSED] - tap(findTestObject(btn), 5, STOP_ON_FAILURE): Tapped on element 'Object Repository/Smoke/Onboard/btn Continue on Education Screen'

2022-11-28 11:47:26 - [MESSAGE][PASSED] - Tapped on element 'Object Repository/Smoke/Onboard/btn Continue on Education Screen'

2022-11-28 11:47:26 - [MESSAGE][PASSED] - Call Test Case 'Test Cases/Smoke/LookUp For Onboard/Tap to Continue on Education Screen' successfully

2022-11-28 11:47:26 - [TEST_STEP][PASSED] - callTestCase(findTestCase("Test Cases/Smoke/LookUp For Onboard/Tap to continue on Vices Screen"), ["Smoking":Smoking, "Marijuana":Marijuana, "Alcohol":Alcohol], STOP_ON_FAILURE): Call Test Case 'Test Cases/Smoke/LookUp For Onboard/Tap to continue on Vices Screen' successfully

2022-11-28 11:47:26 - [TEST_CASE][PASSED] - Test Cases/Smoke/LookUp For Onboard/Tap to continue on Vices Screen: Test Cases/Smoke/LookUp For Onboard/Tap to continue on Vices Screen

2022-11-28 11:47:26 - [TEST_STEP][PASSED] - btn = "Object Repository/Smoke/Onboard/Toggle Btn/btn toggle Switch - OFF Alcohol": null

2022-11-28 11:47:26 - [TEST_STEP][PASSED] - tap(findTestObject(btn), 5, STOP_ON_FAILURE): Tapped on element 'Object Repository/Smoke/Onboard/Toggle Btn/btn toggle Switch - OFF Alcohol'

2022-11-28 11:47:27 - [MESSAGE][PASSED] - Tapped on element 'Object Repository/Smoke/Onboard/Toggle Btn/btn toggle Switch - OFF Alcohol'

2022-11-28 11:47:27 - [TEST_STEP][PASSED] - com.spotlove.Utility.random_value(Alcohol): com.spotlove.Utility.random_value is PASSED

2022-11-28 11:47:28 - [MESSAGE][PASSED] - com.spotlove.Utility.random_value is PASSED

2022-11-28 11:47:28 - [TEST_STEP][PASSED] - btn1 = "Object Repository/Smoke/Onboard/Toggle Btn/btn toggle Switch - OFF Smoking": null

2022-11-28 11:47:28 - [TEST_STEP][PASSED] - tap(findTestObject(btn1), 5, STOP_ON_FAILURE): Tapped on element 'Object Repository/Smoke/Onboard/Toggle Btn/btn toggle Switch - OFF Smoking'

2022-11-28 11:47:29 - [MESSAGE][PASSED] - Tapped on element 'Object Repository/Smoke/Onboard/Toggle Btn/btn toggle Switch - OFF Smoking'

2022-11-28 11:47:29 - [TEST_STEP][PASSED] - com.spotlove.Utility.random_value(Smoking): com.spotlove.Utility.random_value is PASSED

2022-11-28 11:47:30 - [MESSAGE][PASSED] - com.spotlove.Utility.random_value is PASSED

2022-11-28 11:47:30 - [TEST_STEP][PASSED] - btn2 = "Object Repository/Smoke/Onboard/Toggle Btn/btn toggle Switch - OFF Marijuana": null

2022-11-28 11:47:30 - [TEST_STEP][PASSED] - tap(findTestObject(btn2), 5, STOP_ON_FAILURE): Tapped on element 'Object Repository/Smoke/Onboard/Toggle Btn/btn toggle Switch - OFF Marijuana'

2022-11-28 11:47:30 - [MESSAGE][PASSED] - Tapped on element 'Object Repository/Smoke/Onboard/Toggle Btn/btn toggle Switch - OFF Marijuana'

2022-11-28 11:47:30 - [TEST_STEP][PASSED] - com.spotlove.Utility.random_value(Marijuana): com.spotlove.Utility.random_value is PASSED

2022-11-28 11:47:32 - [MESSAGE][PASSED] - com.spotlove.Utility.random_value is PASSED

2022-11-28 11:47:32 - [TEST_STEP][PASSED] - delay(5, STOP_ON_FAILURE): Delayed 5 second(s)

2022-11-28 11:47:37 - [MESSAGE][PASSED] - Delayed 5 second(s)

2022-11-28 11:47:37 - [TEST_STEP][PASSED] - btn3 = "Object Repository/Smoke/Onboard/btn continue on Vices Screen": null

2022-11-28 11:47:37 - [TEST_STEP][PASSED] - tap(findTestObject(btn3), 5, STOP_ON_FAILURE): Tapped on element 'Object Repository/Smoke/Onboard/btn continue on Vices Screen'

2022-11-28 11:47:37 - [MESSAGE][PASSED] - Tapped on element 'Object Repository/Smoke/Onboard/btn continue on Vices Screen'

2022-11-28 11:47:37 - [MESSAGE][PASSED] - Call Test Case 'Test Cases/Smoke/LookUp For Onboard/Tap to continue on Vices Screen' successfully

2022-11-28 11:47:37 - [TEST_STEP][FAILED] - callTestCase(findTestCase("Test Cases/Smoke/LookUp For Onboard/Tap to continue on Politics Screen"), ["Political":Political], STOP_ON_FAILURE): Unable to call Test Case 'Test Cases/Smoke/LookUp For Onboard/Tap to continue on Politics Screen' (Root cause: com.kms.katalon.core.exception.StepFailedException: Call Test Case 'Test Cases/Smoke/LookUp For Onboard/Tap to continue on Politics Screen' failed
	at com.kms.katalon.core.keyword.builtin.CallTestCaseKeyword$_callTestCase_closure1.doCall(CallTestCaseKeyword.groovy:63)
	at com.kms.katalon.core.keyword.builtin.CallTestCaseKeyword$_callTestCase_closure1.call(CallTestCaseKeyword.groovy)
	at com.kms.katalon.core.keyword.internal.KeywordMain.runKeyword(KeywordMain.groovy:74)
	at com.kms.katalon.core.keyword.builtin.CallTestCaseKeyword.callTestCase(CallTestCaseKeyword.groovy:81)
	at com.kms.katalon.core.keyword.builtin.CallTestCaseKeyword.execute(CallTestCaseKeyword.groovy:44)
	at com.kms.katalon.core.keyword.internal.KeywordExecutor.executeKeywordForPlatform(KeywordExecutor.groovy:74)
	at com.kms.katalon.core.keyword.BuiltinKeywords.callTestCase(BuiltinKeywords.groovy:334)
	at TC_002 Onboard.run(TC_002 Onboard:61)
	at com.kms.katalon.core.main.ScriptEngine.run(ScriptEngine.java:194)
	at com.kms.katalon.core.main.ScriptEngine.runScriptAsRawText(ScriptEngine.java:119)
	at com.kms.katalon.core.main.TestCaseExecutor.runScript(TestCaseExecutor.java:448)
	at com.kms.katalon.core.main.TestCaseExecutor.doExecute(TestCaseExecutor.java:439)
	at com.kms.katalon.core.main.TestCaseExecutor.processExecutionPhase(TestCaseExecutor.java:418)
	at com.kms.katalon.core.main.TestCaseExecutor.accessMainPhase(TestCaseExecutor.java:410)
	at com.kms.katalon.core.main.TestCaseExecutor.execute(TestCaseExecutor.java:285)
	at com.kms.katalon.core.common.CommonExecutor.accessTestCaseMainPhase(CommonExecutor.java:65)
	at com.kms.katalon.core.main.TestSuiteExecutor.accessTestSuiteMainPhase(TestSuiteExecutor.java:151)
	at com.kms.katalon.core.main.TestSuiteExecutor.execute(TestSuiteExecutor.java:106)
	at com.kms.katalon.core.main.TestCaseMain.startTestSuite(TestCaseMain.java:185)
	at com.kms.katalon.core.main.TestCaseMain$startTestSuite$0.call(Unknown Source)
	at TempTestSuite1669617967771.run(TempTestSuite1669617967771.groovy:36)
Caused by: com.kms.katalon.core.exception.StepFailedException: Object Object Repository/Smoke/Onboard/Permissions/While using the app (For Galery) not found
	at com.kms.katalon.core.keyword.internal.KeywordMain.stepFailed(KeywordMain.groovy:50)
	at com.kms.katalon.core.mobile.keyword.internal.MobileKeywordMain.stepFailed(MobileKeywordMain.groovy:40)
	at com.kms.katalon.core.mobile.keyword.builtin.TapKeyword$_tap_closure1.doCall(TapKeyword.groovy:79)
	at com.kms.katalon.core.mobile.keyword.builtin.TapKeyword$_tap_closure1.call(TapKeyword.groovy)
	at com.kms.katalon.core.mobile.keyword.internal.MobileKeywordMain.runKeyword(MobileKeywordMain.groovy:21)
	at com.kms.katalon.core.mobile.keyword.builtin.TapKeyword.tap(TapKeyword.groovy:84)
	at com.kms.katalon.core.mobile.keyword.builtin.TapKeyword.execute(TapKeyword.groovy:68)
	at com.kms.katalon.core.keyword.internal.KeywordExecutor.executeKeywordForPlatform(KeywordExecutor.groovy:74)
	at com.kms.katalon.core.mobile.keyword.MobileBuiltInKeywords.tap(MobileBuiltInKeywords.groovy:1476)
	at com.kms.katalon.core.mobile.keyword.MobileBuiltInKeywords$tap$0.call(Unknown Source)
	at Tap to continue on Politics Screen.run(Tap to continue on Politics Screen:29)
	at com.kms.katalon.core.main.ScriptEngine.run(ScriptEngine.java:194)
	at com.kms.katalon.core.main.ScriptEngine.runScriptAsRawText(ScriptEngine.java:119)
	at com.kms.katalon.core.main.TestCaseExecutor.runScript(TestCaseExecutor.java:448)
	at com.kms.katalon.core.main.TestCaseExecutor.doExecute(TestCaseExecutor.java:439)
	at com.kms.katalon.core.main.TestCaseExecutor.processExecutionPhase(TestCaseExecutor.java:418)
	at com.kms.katalon.core.main.TestCaseExecutor.accessMainPhase(TestCaseExecutor.java:410)
	at com.kms.katalon.core.main.TestCaseExecutor.execute(TestCaseExecutor.java:285)
	at com.kms.katalon.core.main.TestCaseMain.runTestCase(TestCaseMain.java:142)
	at com.kms.katalon.core.keyword.builtin.CallTestCaseKeyword$_callTestCase_closure1.doCall(CallTestCaseKeyword.groovy:59)
	... 20 more
)

2022-11-28 11:47:37 - [TEST_CASE][FAILED] - Test Cases/Smoke/LookUp For Onboard/Tap to continue on Politics Screen: Test Cases/Smoke/LookUp For Onboard/Tap to continue on Politics Screen FAILED.
Reason:
com.kms.katalon.core.exception.StepFailedException: Object Object Repository/Smoke/Onboard/Permissions/While using the app (For Galery) not found
	at com.kms.katalon.core.keyword.internal.KeywordMain.stepFailed(KeywordMain.groovy:50)
	at com.kms.katalon.core.mobile.keyword.internal.MobileKeywordMain.stepFailed(MobileKeywordMain.groovy:40)
	at com.kms.katalon.core.mobile.keyword.builtin.TapKeyword$_tap_closure1.doCall(TapKeyword.groovy:79)
	at com.kms.katalon.core.mobile.keyword.builtin.TapKeyword$_tap_closure1.call(TapKeyword.groovy)
	at com.kms.katalon.core.mobile.keyword.internal.MobileKeywordMain.runKeyword(MobileKeywordMain.groovy:21)
	at com.kms.katalon.core.mobile.keyword.builtin.TapKeyword.tap(TapKeyword.groovy:84)
	at com.kms.katalon.core.mobile.keyword.builtin.TapKeyword.execute(TapKeyword.groovy:68)
	at com.kms.katalon.core.keyword.internal.KeywordExecutor.executeKeywordForPlatform(KeywordExecutor.groovy:74)
	at com.kms.katalon.core.mobile.keyword.MobileBuiltInKeywords.tap(MobileBuiltInKeywords.groovy:1476)
	at com.kms.katalon.core.mobile.keyword.MobileBuiltInKeywords$tap$0.call(Unknown Source)
	at Tap to continue on Politics Screen.run(Tap to continue on Politics Screen:29)
	at com.kms.katalon.core.main.ScriptEngine.run(ScriptEngine.java:194)
	at com.kms.katalon.core.main.ScriptEngine.runScriptAsRawText(ScriptEngine.java:119)
	at com.kms.katalon.core.main.TestCaseExecutor.runScript(TestCaseExecutor.java:448)
	at com.kms.katalon.core.main.TestCaseExecutor.doExecute(TestCaseExecutor.java:439)
	at com.kms.katalon.core.main.TestCaseExecutor.processExecutionPhase(TestCaseExecutor.java:418)
	at com.kms.katalon.core.main.TestCaseExecutor.accessMainPhase(TestCaseExecutor.java:410)
	at com.kms.katalon.core.main.TestCaseExecutor.execute(TestCaseExecutor.java:285)
	at com.kms.katalon.core.main.TestCaseMain.runTestCase(TestCaseMain.java:142)
	at com.kms.katalon.core.keyword.builtin.CallTestCaseKeyword$_callTestCase_closure1.doCall(CallTestCaseKeyword.groovy:59)
	at com.kms.katalon.core.keyword.builtin.CallTestCaseKeyword$_callTestCase_closure1.call(CallTestCaseKeyword.groovy)
	at com.kms.katalon.core.keyword.internal.KeywordMain.runKeyword(KeywordMain.groovy:74)
	at com.kms.katalon.core.keyword.builtin.CallTestCaseKeyword.callTestCase(CallTestCaseKeyword.groovy:81)
	at com.kms.katalon.core.keyword.builtin.CallTestCaseKeyword.execute(CallTestCaseKeyword.groovy:44)
	at com.kms.katalon.core.keyword.internal.KeywordExecutor.executeKeywordForPlatform(KeywordExecutor.groovy:74)
	at com.kms.katalon.core.keyword.BuiltinKeywords.callTestCase(BuiltinKeywords.groovy:334)
	at TC_002 Onboard.run(TC_002 Onboard:61)
	at com.kms.katalon.core.main.ScriptEngine.run(ScriptEngine.java:194)
	at com.kms.katalon.core.main.ScriptEngine.runScriptAsRawText(ScriptEngine.java:119)
	at com.kms.katalon.core.main.TestCaseExecutor.runScript(TestCaseExecutor.java:448)
	at com.kms.katalon.core.main.TestCaseExecutor.doExecute(TestCaseExecutor.java:439)
	at com.kms.katalon.core.main.TestCaseExecutor.processExecutionPhase(TestCaseExecutor.java:418)
	at com.kms.katalon.core.main.TestCaseExecutor.accessMainPhase(TestCaseExecutor.java:410)
	at com.kms.katalon.core.main.TestCaseExecutor.execute(TestCaseExecutor.java:285)
	at com.kms.katalon.core.common.CommonExecutor.accessTestCaseMainPhase(CommonExecutor.java:65)
	at com.kms.katalon.core.main.TestSuiteExecutor.accessTestSuiteMainPhase(TestSuiteExecutor.java:151)
	at com.kms.katalon.core.main.TestSuiteExecutor.execute(TestSuiteExecutor.java:106)
	at com.kms.katalon.core.main.TestCaseMain.startTestSuite(TestCaseMain.java:185)
	at com.kms.katalon.core.main.TestCaseMain$startTestSuite$0.call(Unknown Source)
	at TempTestSuite1669617967771.run(TempTestSuite1669617967771.groovy:36)


2022-11-28 11:47:37 - [TEST_STEP][PASSED] - com.spotlove.Utility.random_value(Political): com.spotlove.Utility.random_value is PASSED

2022-11-28 11:47:39 - [MESSAGE][PASSED] - com.spotlove.Utility.random_value is PASSED

2022-11-28 11:47:39 - [TEST_STEP][PASSED] - btn = "Object Repository/Smoke/Onboard/btn Continue on Political Views": null

2022-11-28 11:47:39 - [TEST_STEP][PASSED] - tap(findTestObject(btn), 5, STOP_ON_FAILURE): Tapped on element 'Object Repository/Smoke/Onboard/btn Continue on Political Views'

2022-11-28 11:47:39 - [MESSAGE][PASSED] - Tapped on element 'Object Repository/Smoke/Onboard/btn Continue on Political Views'

2022-11-28 11:47:39 - [TEST_STEP][PASSED] - btn1 = "Object Repository/Smoke/Onboard/Permissions/While using the app (For Galery)": null

2022-11-28 11:47:39 - [TEST_STEP][FAILED] - tap(findTestObject(btn1), 5, STOP_ON_FAILURE): Failed to tap on element 'Object Repository/Smoke/Onboard/Permissions/While using the app (For Galery)' (Root cause: com.kms.katalon.core.exception.StepFailedException: Object Object Repository/Smoke/Onboard/Permissions/While using the app (For Galery) not found
	at com.kms.katalon.core.keyword.internal.KeywordMain.stepFailed(KeywordMain.groovy:50)
	at com.kms.katalon.core.mobile.keyword.internal.MobileKeywordMain.stepFailed(MobileKeywordMain.groovy:40)
	at com.kms.katalon.core.mobile.keyword.builtin.TapKeyword$_tap_closure1.doCall(TapKeyword.groovy:79)
	at com.kms.katalon.core.mobile.keyword.builtin.TapKeyword$_tap_closure1.call(TapKeyword.groovy)
	at com.kms.katalon.core.mobile.keyword.internal.MobileKeywordMain.runKeyword(MobileKeywordMain.groovy:21)
	at com.kms.katalon.core.mobile.keyword.builtin.TapKeyword.tap(TapKeyword.groovy:84)
	at com.kms.katalon.core.mobile.keyword.builtin.TapKeyword.execute(TapKeyword.groovy:68)
	at com.kms.katalon.core.keyword.internal.KeywordExecutor.executeKeywordForPlatform(KeywordExecutor.groovy:74)
	at com.kms.katalon.core.mobile.keyword.MobileBuiltInKeywords.tap(MobileBuiltInKeywords.groovy:1476)
	at com.kms.katalon.core.mobile.keyword.MobileBuiltInKeywords$tap$0.call(Unknown Source)
	at Tap to continue on Politics Screen.run(Tap to continue on Politics Screen:29)
	at com.kms.katalon.core.main.ScriptEngine.run(ScriptEngine.java:194)
	at com.kms.katalon.core.main.ScriptEngine.runScriptAsRawText(ScriptEngine.java:119)
	at com.kms.katalon.core.main.TestCaseExecutor.runScript(TestCaseExecutor.java:448)
	at com.kms.katalon.core.main.TestCaseExecutor.doExecute(TestCaseExecutor.java:439)
	at com.kms.katalon.core.main.TestCaseExecutor.processExecutionPhase(TestCaseExecutor.java:418)
	at com.kms.katalon.core.main.TestCaseExecutor.accessMainPhase(TestCaseExecutor.java:410)
	at com.kms.katalon.core.main.TestCaseExecutor.execute(TestCaseExecutor.java:285)
	at com.kms.katalon.core.main.TestCaseMain.runTestCase(TestCaseMain.java:142)
	at com.kms.katalon.core.keyword.builtin.CallTestCaseKeyword$_callTestCase_closure1.doCall(CallTestCaseKeyword.groovy:59)
	at com.kms.katalon.core.keyword.builtin.CallTestCaseKeyword$_callTestCase_closure1.call(CallTestCaseKeyword.groovy)
	at com.kms.katalon.core.keyword.internal.KeywordMain.runKeyword(KeywordMain.groovy:74)
	at com.kms.katalon.core.keyword.builtin.CallTestCaseKeyword.callTestCase(CallTestCaseKeyword.groovy:81)
	at com.kms.katalon.core.keyword.builtin.CallTestCaseKeyword.execute(CallTestCaseKeyword.groovy:44)
	at com.kms.katalon.core.keyword.internal.KeywordExecutor.executeKeywordForPlatform(KeywordExecutor.groovy:74)
	at com.kms.katalon.core.keyword.BuiltinKeywords.callTestCase(BuiltinKeywords.groovy:334)
	at TC_002 Onboard.run(TC_002 Onboard:61)
	at com.kms.katalon.core.main.ScriptEngine.run(ScriptEngine.java:194)
	at com.kms.katalon.core.main.ScriptEngine.runScriptAsRawText(ScriptEngine.java:119)
	at com.kms.katalon.core.main.TestCaseExecutor.runScript(TestCaseExecutor.java:448)
	at com.kms.katalon.core.main.TestCaseExecutor.doExecute(TestCaseExecutor.java:439)
	at com.kms.katalon.core.main.TestCaseExecutor.processExecutionPhase(TestCaseExecutor.java:418)
	at com.kms.katalon.core.main.TestCaseExecutor.accessMainPhase(TestCaseExecutor.java:410)
	at com.kms.katalon.core.main.TestCaseExecutor.execute(TestCaseExecutor.java:285)
	at com.kms.katalon.core.common.CommonExecutor.accessTestCaseMainPhase(CommonExecutor.java:65)
	at com.kms.katalon.core.main.TestSuiteExecutor.accessTestSuiteMainPhase(TestSuiteExecutor.java:151)
	at com.kms.katalon.core.main.TestSuiteExecutor.execute(TestSuiteExecutor.java:106)
	at com.kms.katalon.core.main.TestCaseMain.startTestSuite(TestCaseMain.java:185)
	at com.kms.katalon.core.main.TestCaseMain$startTestSuite$0.call(Unknown Source)
	at TempTestSuite1669617967771.run(TempTestSuite1669617967771.groovy:36)
)

2022-11-28 11:47:45 - [MESSAGE][FAILED] - Object Object Repository/Smoke/Onboard/Permissions/While using the app (For Galery) not found

2022-11-28 11:47:45 - [MESSAGE][FAILED] - Failed to tap on element 'Object Repository/Smoke/Onboard/Permissions/While using the app (For Galery)' (Root cause: com.kms.katalon.core.exception.StepFailedException: Object Object Repository/Smoke/Onboard/Permissions/While using the app (For Galery) not found
	at com.kms.katalon.core.keyword.internal.KeywordMain.stepFailed(KeywordMain.groovy:50)
	at com.kms.katalon.core.mobile.keyword.internal.MobileKeywordMain.stepFailed(MobileKeywordMain.groovy:40)
	at com.kms.katalon.core.mobile.keyword.builtin.TapKeyword$_tap_closure1.doCall(TapKeyword.groovy:79)
	at com.kms.katalon.core.mobile.keyword.builtin.TapKeyword$_tap_closure1.call(TapKeyword.groovy)
	at com.kms.katalon.core.mobile.keyword.internal.MobileKeywordMain.runKeyword(MobileKeywordMain.groovy:21)
	at com.kms.katalon.core.mobile.keyword.builtin.TapKeyword.tap(TapKeyword.groovy:84)
	at com.kms.katalon.core.mobile.keyword.builtin.TapKeyword.execute(TapKeyword.groovy:68)
	at com.kms.katalon.core.keyword.internal.KeywordExecutor.executeKeywordForPlatform(KeywordExecutor.groovy:74)
	at com.kms.katalon.core.mobile.keyword.MobileBuiltInKeywords.tap(MobileBuiltInKeywords.groovy:1476)
	at com.kms.katalon.core.mobile.keyword.MobileBuiltInKeywords$tap$0.call(Unknown Source)
	at Tap to continue on Politics Screen.run(Tap to continue on Politics Screen:29)
	at com.kms.katalon.core.main.ScriptEngine.run(ScriptEngine.java:194)
	at com.kms.katalon.core.main.ScriptEngine.runScriptAsRawText(ScriptEngine.java:119)
	at com.kms.katalon.core.main.TestCaseExecutor.runScript(TestCaseExecutor.java:448)
	at com.kms.katalon.core.main.TestCaseExecutor.doExecute(TestCaseExecutor.java:439)
	at com.kms.katalon.core.main.TestCaseExecutor.processExecutionPhase(TestCaseExecutor.java:418)
	at com.kms.katalon.core.main.TestCaseExecutor.accessMainPhase(TestCaseExecutor.java:410)
	at com.kms.katalon.core.main.TestCaseExecutor.execute(TestCaseExecutor.java:285)
	at com.kms.katalon.core.main.TestCaseMain.runTestCase(TestCaseMain.java:142)
	at com.kms.katalon.core.keyword.builtin.CallTestCaseKeyword$_callTestCase_closure1.doCall(CallTestCaseKeyword.groovy:59)
	at com.kms.katalon.core.keyword.builtin.CallTestCaseKeyword$_callTestCase_closure1.call(CallTestCaseKeyword.groovy)
	at com.kms.katalon.core.keyword.internal.KeywordMain.runKeyword(KeywordMain.groovy:74)
	at com.kms.katalon.core.keyword.builtin.CallTestCaseKeyword.callTestCase(CallTestCaseKeyword.groovy:81)
	at com.kms.katalon.core.keyword.builtin.CallTestCaseKeyword.execute(CallTestCaseKeyword.groovy:44)
	at com.kms.katalon.core.keyword.internal.KeywordExecutor.executeKeywordForPlatform(KeywordExecutor.groovy:74)
	at com.kms.katalon.core.keyword.BuiltinKeywords.callTestCase(BuiltinKeywords.groovy:334)
	at TC_002 Onboard.run(TC_002 Onboard:61)
	at com.kms.katalon.core.main.ScriptEngine.run(ScriptEngine.java:194)
	at com.kms.katalon.core.main.ScriptEngine.runScriptAsRawText(ScriptEngine.java:119)
	at com.kms.katalon.core.main.TestCaseExecutor.runScript(TestCaseExecutor.java:448)
	at com.kms.katalon.core.main.TestCaseExecutor.doExecute(TestCaseExecutor.java:439)
	at com.kms.katalon.core.main.TestCaseExecutor.processExecutionPhase(TestCaseExecutor.java:418)
	at com.kms.katalon.core.main.TestCaseExecutor.accessMainPhase(TestCaseExecutor.java:410)
	at com.kms.katalon.core.main.TestCaseExecutor.execute(TestCaseExecutor.java:285)
	at com.kms.katalon.core.common.CommonExecutor.accessTestCaseMainPhase(CommonExecutor.java:65)
	at com.kms.katalon.core.main.TestSuiteExecutor.accessTestSuiteMainPhase(TestSuiteExecutor.java:151)
	at com.kms.katalon.core.main.TestSuiteExecutor.execute(TestSuiteExecutor.java:106)
	at com.kms.katalon.core.main.TestCaseMain.startTestSuite(TestCaseMain.java:185)
	at com.kms.katalon.core.main.TestCaseMain$startTestSuite$0.call(Unknown Source)
	at TempTestSuite1669617967771.run(TempTestSuite1669617967771.groovy:36)
)
[[ATTACHMENT|/Users/pc/Katalon Studio/SpotLove_Stagging/Reports/20221128_114607/Smoke/20221128_114607/1669618065025.png]]

2022-11-28 11:47:45 - [MESSAGE][FAILED] - Unable to call Test Case 'Test Cases/Smoke/LookUp For Onboard/Tap to continue on Politics Screen' (Root cause: com.kms.katalon.core.exception.StepFailedException: Call Test Case 'Test Cases/Smoke/LookUp For Onboard/Tap to continue on Politics Screen' failed
	at com.kms.katalon.core.keyword.builtin.CallTestCaseKeyword$_callTestCase_closure1.doCall(CallTestCaseKeyword.groovy:63)
	at com.kms.katalon.core.keyword.builtin.CallTestCaseKeyword$_callTestCase_closure1.call(CallTestCaseKeyword.groovy)
	at com.kms.katalon.core.keyword.internal.KeywordMain.runKeyword(KeywordMain.groovy:74)
	at com.kms.katalon.core.keyword.builtin.CallTestCaseKeyword.callTestCase(CallTestCaseKeyword.groovy:81)
	at com.kms.katalon.core.keyword.builtin.CallTestCaseKeyword.execute(CallTestCaseKeyword.groovy:44)
	at com.kms.katalon.core.keyword.internal.KeywordExecutor.executeKeywordForPlatform(KeywordExecutor.groovy:74)
	at com.kms.katalon.core.keyword.BuiltinKeywords.callTestCase(BuiltinKeywords.groovy:334)
	at TC_002 Onboard.run(TC_002 Onboard:61)
	at com.kms.katalon.core.main.ScriptEngine.run(ScriptEngine.java:194)
	at com.kms.katalon.core.main.ScriptEngine.runScriptAsRawText(ScriptEngine.java:119)
	at com.kms.katalon.core.main.TestCaseExecutor.runScript(TestCaseExecutor.java:448)
	at com.kms.katalon.core.main.TestCaseExecutor.doExecute(TestCaseExecutor.java:439)
	at com.kms.katalon.core.main.TestCaseExecutor.processExecutionPhase(TestCaseExecutor.java:418)
	at com.kms.katalon.core.main.TestCaseExecutor.accessMainPhase(TestCaseExecutor.java:410)
	at com.kms.katalon.core.main.TestCaseExecutor.execute(TestCaseExecutor.java:285)
	at com.kms.katalon.core.common.CommonExecutor.accessTestCaseMainPhase(CommonExecutor.java:65)
	at com.kms.katalon.core.main.TestSuiteExecutor.accessTestSuiteMainPhase(TestSuiteExecutor.java:151)
	at com.kms.katalon.core.main.TestSuiteExecutor.execute(TestSuiteExecutor.java:106)
	at com.kms.katalon.core.main.TestCaseMain.startTestSuite(TestCaseMain.java:185)
	at com.kms.katalon.core.main.TestCaseMain$startTestSuite$0.call(Unknown Source)
	at TempTestSuite1669617967771.run(TempTestSuite1669617967771.groovy:36)
Caused by: com.kms.katalon.core.exception.StepFailedException: Object Object Repository/Smoke/Onboard/Permissions/While using the app (For Galery) not found
	at com.kms.katalon.core.keyword.internal.KeywordMain.stepFailed(KeywordMain.groovy:50)
	at com.kms.katalon.core.mobile.keyword.internal.MobileKeywordMain.stepFailed(MobileKeywordMain.groovy:40)
	at com.kms.katalon.core.mobile.keyword.builtin.TapKeyword$_tap_closure1.doCall(TapKeyword.groovy:79)
	at com.kms.katalon.core.mobile.keyword.builtin.TapKeyword$_tap_closure1.call(TapKeyword.groovy)
	at com.kms.katalon.core.mobile.keyword.internal.MobileKeywordMain.runKeyword(MobileKeywordMain.groovy:21)
	at com.kms.katalon.core.mobile.keyword.builtin.TapKeyword.tap(TapKeyword.groovy:84)
	at com.kms.katalon.core.mobile.keyword.builtin.TapKeyword.execute(TapKeyword.groovy:68)
	at com.kms.katalon.core.keyword.internal.KeywordExecutor.executeKeywordForPlatform(KeywordExecutor.groovy:74)
	at com.kms.katalon.core.mobile.keyword.MobileBuiltInKeywords.tap(MobileBuiltInKeywords.groovy:1476)
	at com.kms.katalon.core.mobile.keyword.MobileBuiltInKeywords$tap$0.call(Unknown Source)
	at Tap to continue on Politics Screen.run(Tap to continue on Politics Screen:29)
	at com.kms.katalon.core.main.ScriptEngine.run(ScriptEngine.java:194)
	at com.kms.katalon.core.main.ScriptEngine.runScriptAsRawText(ScriptEngine.java:119)
	at com.kms.katalon.core.main.TestCaseExecutor.runScript(TestCaseExecutor.java:448)
	at com.kms.katalon.core.main.TestCaseExecutor.doExecute(TestCaseExecutor.java:439)
	at com.kms.katalon.core.main.TestCaseExecutor.processExecutionPhase(TestCaseExecutor.java:418)
	at com.kms.katalon.core.main.TestCaseExecutor.accessMainPhase(TestCaseExecutor.java:410)
	at com.kms.katalon.core.main.TestCaseExecutor.execute(TestCaseExecutor.java:285)
	at com.kms.katalon.core.main.TestCaseMain.runTestCase(TestCaseMain.java:142)
	at com.kms.katalon.core.keyword.builtin.CallTestCaseKeyword$_callTestCase_closure1.doCall(CallTestCaseKeyword.groovy:59)
	... 20 more
)]]></system-out>
         <system-err><![CDATA[2022-11-28 11:46:16 - [TEST_CASE][FAILED] - Test Cases/Smoke/TC_002 Onboard: Test Cases/Smoke/TC_002 Onboard FAILED.
Reason:
com.kms.katalon.core.exception.StepFailedException: Call Test Case 'Test Cases/Smoke/LookUp For Onboard/Tap to continue on Politics Screen' failed
	at com.kms.katalon.core.keyword.builtin.CallTestCaseKeyword$_callTestCase_closure1.doCall(CallTestCaseKeyword.groovy:63)
	at com.kms.katalon.core.keyword.builtin.CallTestCaseKeyword$_callTestCase_closure1.call(CallTestCaseKeyword.groovy)
	at com.kms.katalon.core.keyword.internal.KeywordMain.runKeyword(KeywordMain.groovy:74)
	at com.kms.katalon.core.keyword.builtin.CallTestCaseKeyword.callTestCase(CallTestCaseKeyword.groovy:81)
	at com.kms.katalon.core.keyword.builtin.CallTestCaseKeyword.execute(CallTestCaseKeyword.groovy:44)
	at com.kms.katalon.core.keyword.internal.KeywordExecutor.executeKeywordForPlatform(KeywordExecutor.groovy:74)
	at com.kms.katalon.core.keyword.BuiltinKeywords.callTestCase(BuiltinKeywords.groovy:334)
	at TC_002 Onboard.run(TC_002 Onboard:61)
	at com.kms.katalon.core.main.ScriptEngine.run(ScriptEngine.java:194)
	at com.kms.katalon.core.main.ScriptEngine.runScriptAsRawText(ScriptEngine.java:119)
	at com.kms.katalon.core.main.TestCaseExecutor.runScript(TestCaseExecutor.java:448)
	at com.kms.katalon.core.main.TestCaseExecutor.doExecute(TestCaseExecutor.java:439)
	at com.kms.katalon.core.main.TestCaseExecutor.processExecutionPhase(TestCaseExecutor.java:418)
	at com.kms.katalon.core.main.TestCaseExecutor.accessMainPhase(TestCaseExecutor.java:410)
	at com.kms.katalon.core.main.TestCaseExecutor.execute(TestCaseExecutor.java:285)
	at com.kms.katalon.core.common.CommonExecutor.accessTestCaseMainPhase(CommonExecutor.java:65)
	at com.kms.katalon.core.main.TestSuiteExecutor.accessTestSuiteMainPhase(TestSuiteExecutor.java:151)
	at com.kms.katalon.core.main.TestSuiteExecutor.execute(TestSuiteExecutor.java:106)
	at com.kms.katalon.core.main.TestCaseMain.startTestSuite(TestCaseMain.java:185)
	at com.kms.katalon.core.main.TestCaseMain$startTestSuite$0.call(Unknown Source)
	at TempTestSuite1669617967771.run(TempTestSuite1669617967771.groovy:36)
Caused by: com.kms.katalon.core.exception.StepFailedException: Object Object Repository/Smoke/Onboard/Permissions/While using the app (For Galery) not found
	at com.kms.katalon.core.keyword.internal.KeywordMain.stepFailed(KeywordMain.groovy:50)
	at com.kms.katalon.core.mobile.keyword.internal.MobileKeywordMain.stepFailed(MobileKeywordMain.groovy:40)
	at com.kms.katalon.core.mobile.keyword.builtin.TapKeyword$_tap_closure1.doCall(TapKeyword.groovy:79)
	at com.kms.katalon.core.mobile.keyword.builtin.TapKeyword$_tap_closure1.call(TapKeyword.groovy)
	at com.kms.katalon.core.mobile.keyword.internal.MobileKeywordMain.runKeyword(MobileKeywordMain.groovy:21)
	at com.kms.katalon.core.mobile.keyword.builtin.TapKeyword.tap(TapKeyword.groovy:84)
	at com.kms.katalon.core.mobile.keyword.builtin.TapKeyword.execute(TapKeyword.groovy:68)
	at com.kms.katalon.core.keyword.internal.KeywordExecutor.executeKeywordForPlatform(KeywordExecutor.groovy:74)
	at com.kms.katalon.core.mobile.keyword.MobileBuiltInKeywords.tap(MobileBuiltInKeywords.groovy:1476)
	at com.kms.katalon.core.mobile.keyword.MobileBuiltInKeywords$tap$0.call(Unknown Source)
	at Tap to continue on Politics Screen.run(Tap to continue on Politics Screen:29)
	at com.kms.katalon.core.main.ScriptEngine.run(ScriptEngine.java:194)
	at com.kms.katalon.core.main.ScriptEngine.runScriptAsRawText(ScriptEngine.java:119)
	at com.kms.katalon.core.main.TestCaseExecutor.runScript(TestCaseExecutor.java:448)
	at com.kms.katalon.core.main.TestCaseExecutor.doExecute(TestCaseExecutor.java:439)
	at com.kms.katalon.core.main.TestCaseExecutor.processExecutionPhase(TestCaseExecutor.java:418)
	at com.kms.katalon.core.main.TestCaseExecutor.accessMainPhase(TestCaseExecutor.java:410)
	at com.kms.katalon.core.main.TestCaseExecutor.execute(TestCaseExecutor.java:285)
	at com.kms.katalon.core.main.TestCaseMain.runTestCase(TestCaseMain.java:142)
	at com.kms.katalon.core.keyword.builtin.CallTestCaseKeyword$_callTestCase_closure1.doCall(CallTestCaseKeyword.groovy:59)
	... 20 more]]></system-err>
      </testcase>
      <system-out><![CDATA[2022-11-28 11:46:16 - [TEST_SUITE][FAILED] - Smoke: Test Cases/Smoke/TC_002 Onboard FAILED.
Reason:
com.kms.katalon.core.exception.StepFailedException: Call Test Case 'Test Cases/Smoke/LookUp For Onboard/Tap to continue on Politics Screen' failed
	at com.kms.katalon.core.keyword.builtin.CallTestCaseKeyword$_callTestCase_closure1.doCall(CallTestCaseKeyword.groovy:63)
	at com.kms.katalon.core.keyword.builtin.CallTestCaseKeyword$_callTestCase_closure1.call(CallTestCaseKeyword.groovy)
	at com.kms.katalon.core.keyword.internal.KeywordMain.runKeyword(KeywordMain.groovy:74)
	at com.kms.katalon.core.keyword.builtin.CallTestCaseKeyword.callTestCase(CallTestCaseKeyword.groovy:81)
	at com.kms.katalon.core.keyword.builtin.CallTestCaseKeyword.execute(CallTestCaseKeyword.groovy:44)
	at com.kms.katalon.core.keyword.internal.KeywordExecutor.executeKeywordForPlatform(KeywordExecutor.groovy:74)
	at com.kms.katalon.core.keyword.BuiltinKeywords.callTestCase(BuiltinKeywords.groovy:334)
	at TC_002 Onboard.run(TC_002 Onboard:61)
	at com.kms.katalon.core.main.ScriptEngine.run(ScriptEngine.java:194)
	at com.kms.katalon.core.main.ScriptEngine.runScriptAsRawText(ScriptEngine.java:119)
	at com.kms.katalon.core.main.TestCaseExecutor.runScript(TestCaseExecutor.java:448)
	at com.kms.katalon.core.main.TestCaseExecutor.doExecute(TestCaseExecutor.java:439)
	at com.kms.katalon.core.main.TestCaseExecutor.processExecutionPhase(TestCaseExecutor.java:418)
	at com.kms.katalon.core.main.TestCaseExecutor.accessMainPhase(TestCaseExecutor.java:410)
	at com.kms.katalon.core.main.TestCaseExecutor.execute(TestCaseExecutor.java:285)
	at com.kms.katalon.core.common.CommonExecutor.accessTestCaseMainPhase(CommonExecutor.java:65)
	at com.kms.katalon.core.main.TestSuiteExecutor.accessTestSuiteMainPhase(TestSuiteExecutor.java:151)
	at com.kms.katalon.core.main.TestSuiteExecutor.execute(TestSuiteExecutor.java:106)
	at com.kms.katalon.core.main.TestCaseMain.startTestSuite(TestCaseMain.java:185)
	at com.kms.katalon.core.main.TestCaseMain$startTestSuite$0.call(Unknown Source)
	at TempTestSuite1669617967771.run(TempTestSuite1669617967771.groovy:36)
Caused by: com.kms.katalon.core.exception.StepFailedException: Object Object Repository/Smoke/Onboard/Permissions/While using the app (For Galery) not found
	at com.kms.katalon.core.keyword.internal.KeywordMain.stepFailed(KeywordMain.groovy:50)
	at com.kms.katalon.core.mobile.keyword.internal.MobileKeywordMain.stepFailed(MobileKeywordMain.groovy:40)
	at com.kms.katalon.core.mobile.keyword.builtin.TapKeyword$_tap_closure1.doCall(TapKeyword.groovy:79)
	at com.kms.katalon.core.mobile.keyword.builtin.TapKeyword$_tap_closure1.call(TapKeyword.groovy)
	at com.kms.katalon.core.mobile.keyword.internal.MobileKeywordMain.runKeyword(MobileKeywordMain.groovy:21)
	at com.kms.katalon.core.mobile.keyword.builtin.TapKeyword.tap(TapKeyword.groovy:84)
	at com.kms.katalon.core.mobile.keyword.builtin.TapKeyword.execute(TapKeyword.groovy:68)
	at com.kms.katalon.core.keyword.internal.KeywordExecutor.executeKeywordForPlatform(KeywordExecutor.groovy:74)
	at com.kms.katalon.core.mobile.keyword.MobileBuiltInKeywords.tap(MobileBuiltInKeywords.groovy:1476)
	at com.kms.katalon.core.mobile.keyword.MobileBuiltInKeywords$tap$0.call(Unknown Source)
	at Tap to continue on Politics Screen.run(Tap to continue on Politics Screen:29)
	at com.kms.katalon.core.main.ScriptEngine.run(ScriptEngine.java:194)
	at com.kms.katalon.core.main.ScriptEngine.runScriptAsRawText(ScriptEngine.java:119)
	at com.kms.katalon.core.main.TestCaseExecutor.runScript(TestCaseExecutor.java:448)
	at com.kms.katalon.core.main.TestCaseExecutor.doExecute(TestCaseExecutor.java:439)
	at com.kms.katalon.core.main.TestCaseExecutor.processExecutionPhase(TestCaseExecutor.java:418)
	at com.kms.katalon.core.main.TestCaseExecutor.accessMainPhase(TestCaseExecutor.java:410)
	at com.kms.katalon.core.main.TestCaseExecutor.execute(TestCaseExecutor.java:285)
	at com.kms.katalon.core.main.TestCaseMain.runTestCase(TestCaseMain.java:142)
	at com.kms.katalon.core.keyword.builtin.CallTestCaseKeyword$_callTestCase_closure1.doCall(CallTestCaseKeyword.groovy:59)
	... 20 more]]></system-out>
      <system-err><![CDATA[2022-11-28 11:46:16 - [TEST_SUITE][FAILED] - Smoke: Test Cases/Smoke/TC_002 Onboard FAILED.
Reason:
com.kms.katalon.core.exception.StepFailedException: Call Test Case 'Test Cases/Smoke/LookUp For Onboard/Tap to continue on Politics Screen' failed
	at com.kms.katalon.core.keyword.builtin.CallTestCaseKeyword$_callTestCase_closure1.doCall(CallTestCaseKeyword.groovy:63)
	at com.kms.katalon.core.keyword.builtin.CallTestCaseKeyword$_callTestCase_closure1.call(CallTestCaseKeyword.groovy)
	at com.kms.katalon.core.keyword.internal.KeywordMain.runKeyword(KeywordMain.groovy:74)
	at com.kms.katalon.core.keyword.builtin.CallTestCaseKeyword.callTestCase(CallTestCaseKeyword.groovy:81)
	at com.kms.katalon.core.keyword.builtin.CallTestCaseKeyword.execute(CallTestCaseKeyword.groovy:44)
	at com.kms.katalon.core.keyword.internal.KeywordExecutor.executeKeywordForPlatform(KeywordExecutor.groovy:74)
	at com.kms.katalon.core.keyword.BuiltinKeywords.callTestCase(BuiltinKeywords.groovy:334)
	at TC_002 Onboard.run(TC_002 Onboard:61)
	at com.kms.katalon.core.main.ScriptEngine.run(ScriptEngine.java:194)
	at com.kms.katalon.core.main.ScriptEngine.runScriptAsRawText(ScriptEngine.java:119)
	at com.kms.katalon.core.main.TestCaseExecutor.runScript(TestCaseExecutor.java:448)
	at com.kms.katalon.core.main.TestCaseExecutor.doExecute(TestCaseExecutor.java:439)
	at com.kms.katalon.core.main.TestCaseExecutor.processExecutionPhase(TestCaseExecutor.java:418)
	at com.kms.katalon.core.main.TestCaseExecutor.accessMainPhase(TestCaseExecutor.java:410)
	at com.kms.katalon.core.main.TestCaseExecutor.execute(TestCaseExecutor.java:285)
	at com.kms.katalon.core.common.CommonExecutor.accessTestCaseMainPhase(CommonExecutor.java:65)
	at com.kms.katalon.core.main.TestSuiteExecutor.accessTestSuiteMainPhase(TestSuiteExecutor.java:151)
	at com.kms.katalon.core.main.TestSuiteExecutor.execute(TestSuiteExecutor.java:106)
	at com.kms.katalon.core.main.TestCaseMain.startTestSuite(TestCaseMain.java:185)
	at com.kms.katalon.core.main.TestCaseMain$startTestSuite$0.call(Unknown Source)
	at TempTestSuite1669617967771.run(TempTestSuite1669617967771.groovy:36)
Caused by: com.kms.katalon.core.exception.StepFailedException: Object Object Repository/Smoke/Onboard/Permissions/While using the app (For Galery) not found
	at com.kms.katalon.core.keyword.internal.KeywordMain.stepFailed(KeywordMain.groovy:50)
	at com.kms.katalon.core.mobile.keyword.internal.MobileKeywordMain.stepFailed(MobileKeywordMain.groovy:40)
	at com.kms.katalon.core.mobile.keyword.builtin.TapKeyword$_tap_closure1.doCall(TapKeyword.groovy:79)
	at com.kms.katalon.core.mobile.keyword.builtin.TapKeyword$_tap_closure1.call(TapKeyword.groovy)
	at com.kms.katalon.core.mobile.keyword.internal.MobileKeywordMain.runKeyword(MobileKeywordMain.groovy:21)
	at com.kms.katalon.core.mobile.keyword.builtin.TapKeyword.tap(TapKeyword.groovy:84)
	at com.kms.katalon.core.mobile.keyword.builtin.TapKeyword.execute(TapKeyword.groovy:68)
	at com.kms.katalon.core.keyword.internal.KeywordExecutor.executeKeywordForPlatform(KeywordExecutor.groovy:74)
	at com.kms.katalon.core.mobile.keyword.MobileBuiltInKeywords.tap(MobileBuiltInKeywords.groovy:1476)
	at com.kms.katalon.core.mobile.keyword.MobileBuiltInKeywords$tap$0.call(Unknown Source)
	at Tap to continue on Politics Screen.run(Tap to continue on Politics Screen:29)
	at com.kms.katalon.core.main.ScriptEngine.run(ScriptEngine.java:194)
	at com.kms.katalon.core.main.ScriptEngine.runScriptAsRawText(ScriptEngine.java:119)
	at com.kms.katalon.core.main.TestCaseExecutor.runScript(TestCaseExecutor.java:448)
	at com.kms.katalon.core.main.TestCaseExecutor.doExecute(TestCaseExecutor.java:439)
	at com.kms.katalon.core.main.TestCaseExecutor.processExecutionPhase(TestCaseExecutor.java:418)
	at com.kms.katalon.core.main.TestCaseExecutor.accessMainPhase(TestCaseExecutor.java:410)
	at com.kms.katalon.core.main.TestCaseExecutor.execute(TestCaseExecutor.java:285)
	at com.kms.katalon.core.main.TestCaseMain.runTestCase(TestCaseMain.java:142)
	at com.kms.katalon.core.keyword.builtin.CallTestCaseKeyword$_callTestCase_closure1.doCall(CallTestCaseKeyword.groovy:59)
	... 20 more]]></system-err>
   </testsuite>
</testsuites>
