<?xml version="1.0" encoding="UTF-8"?>
<testsuites name="tyui" time="91.194" tests="2" failures="1" errors="0">
   <testsuite name="tyui" tests="2" failures="1" errors="0" time="91.194" skipped="0" timestamp="2023-02-03 19:43:27" hostname="pc - 192.168.1.13" id="Test Suites/tyui">
      <properties>
         <property name="deviceName" value="OnePlus GM1910 (Android 11)"/>
         <property name="devicePlatform" value=""/>
         <property name="logFolder" value="/Users/pc/git/SpotLove-Automation/Reports/20230203_194317/tyui/20230203_194318"/>
         <property name="logFiles" value="/Users/pc/git/SpotLove-Automation/Reports/20230203_194317/tyui/20230203_194318/execution0.log, /Users/pc/git/SpotLove-Automation/Reports/20230203_194317/tyui/20230203_194318/appium.log"/>
         <property name="attachments" value=""/>
         <property name="hostName" value="pc - 192.168.1.13"/>
         <property name="os" value="Mac OS X 64bit"/>
         <property name="appiumServerStatus" value="{&quot;value&quot;:{&quot;build&quot;:{&quot;version&quot;:&quot;1.22.3&quot;}},&quot;sessionId&quot;:null,&quot;status&quot;:0}"/>
         <property name="katalonVersion" value="8.5.5.208"/>
         <property name="deviceOS" value="Android"/>
         <property name="appiumVersion" value="1.22.3"/>
         <property name="deviceModel" value="GM1910"/>
         <property name="hostAddress" value="192.168.1.13"/>
         <property name="deviceManufacturer" value="OnePlus"/>
         <property name="deviceId" value="d84a7321"/>
         <property name="deviceName" value="OnePlus GM1910 (Android 11)"/>
         <property name="deviceOSVersion" value="11"/>
      </properties>
      <testcase name="Test Cases/Regression/LookUps/Sl-19 Vices" time="67.573" classname="Test Cases/Regression/LookUps/Sl-19 Vices" status="PASSED">
         <system-out><![CDATA[2023-02-03 19:43:27 - [TEST_CASE][PASSED] - Test Cases/Regression/LookUps/Sl-19 Vices: Test Cases/Regression/LookUps/Sl-19 Vices

2023-02-03 19:43:28 - [TEST_STEP][PASSED] - Start listener action : sampleBeforeTestCase: null

2023-02-03 19:43:28 - [TEST_STEP][PASSED] - println(testCaseContext.getTestCaseId()): null

2023-02-03 19:43:28 - [TEST_STEP][PASSED] - println(testCaseContext.getTestCaseVariables()): null

2023-02-03 19:43:28 - [TEST_STEP][PASSED] - startExistingApplication("com.spotlove.releaseproduction", STOP_ON_FAILURE): Starting app with application ID: 'com.spotlove.releaseproduction'

2023-02-03 19:43:28 - [MESSAGE][INFO] - User set preference: ['deviceId', 'd84a7321']

2023-02-03 19:43:31 - [MESSAGE][INFO] - Detected NodeJS location: "/usr/local/bin/node"

2023-02-03 19:43:32 - [MESSAGE][INFO] - Appium server started on port 64,551

2023-02-03 19:43:42 - [MESSAGE][INFO] - Failed to get OS statusbar's information using default method.

2023-02-03 19:43:43 - [MESSAGE][PASSED] - Starting app with application ID: 'com.spotlove.releaseproduction'

2023-02-03 19:43:43 - [TEST_STEP][PASSED] - if (waitForElementPresent(btn_back, 10)): null

2023-02-03 19:43:46 - [MESSAGE][PASSED] - Element 'Object Repository/Regression/SC-019 Vices/btn back' is present

2023-02-03 19:43:46 - [TEST_STEP][PASSED] - tap(btn_back, 10): Tapped on element 'Object Repository/Regression/SC-019 Vices/btn back'

2023-02-03 19:43:48 - [MESSAGE][PASSED] - Tapped on element 'Object Repository/Regression/SC-019 Vices/btn back'

2023-02-03 19:43:48 - [TEST_STEP][PASSED] - markPassed("User navigate back to the Education screen......!"): User navigate back to the Education screen......!

2023-02-03 19:43:48 - [MESSAGE][PASSED] - User navigate back to the Education screen......!

2023-02-03 19:43:48 - [TEST_STEP][PASSED] - delay(10): Delayed 10 second(s)

2023-02-03 19:43:58 - [MESSAGE][PASSED] - Delayed 10 second(s)

2023-02-03 19:43:58 - [TEST_STEP][PASSED] - if (waitForElementPresent(hat_icon, 20)): null

2023-02-03 19:43:59 - [MESSAGE][PASSED] - Element 'Object Repository/Regression/SC-018 Education/Hat Icon' is present

2023-02-03 19:43:59 - [TEST_STEP][PASSED] - markPassed("Hat icon found on Education screen......!"): Hat icon found on Education screen......!

2023-02-03 19:43:59 - [MESSAGE][PASSED] - Hat icon found on Education screen......!

2023-02-03 19:43:59 - [TEST_STEP][PASSED] - if (waitForElementPresent(btn_continue, 10)): null

2023-02-03 19:44:00 - [MESSAGE][PASSED] - Element 'Object Repository/Regression/SC-018 Education/btn continue' is present

2023-02-03 19:44:00 - [TEST_STEP][PASSED] - tap(btn_continue, 10): Tapped on element 'Object Repository/Regression/SC-018 Education/btn continue'

2023-02-03 19:44:04 - [MESSAGE][PASSED] - Tapped on element 'Object Repository/Regression/SC-018 Education/btn continue'

2023-02-03 19:44:04 - [TEST_STEP][PASSED] - markPassed("User navigate to the Vices Screen......!"): User navigate to the Vices Screen......!

2023-02-03 19:44:04 - [MESSAGE][PASSED] - User navigate to the Vices Screen......!

2023-02-03 19:44:04 - [TEST_STEP][PASSED] - if (waitForElementPresent(bottle_icon, 10)): null

2023-02-03 19:44:06 - [MESSAGE][PASSED] - Element 'Object Repository/Regression/SC-019 Vices/bottle icon' is present

2023-02-03 19:44:06 - [TEST_STEP][PASSED] - markPassed("Bottle icon found on Vices screen......!"): Bottle icon found on Vices screen......!

2023-02-03 19:44:06 - [MESSAGE][PASSED] - Bottle icon found on Vices screen......!

2023-02-03 19:44:06 - [TEST_STEP][PASSED] - if (waitForElementPresent(lbl_What, 10)): null

2023-02-03 19:44:07 - [MESSAGE][PASSED] - Element 'Object Repository/Regression/SC-019 Vices/Lbl text - What are your vices' is present

2023-02-03 19:44:07 - [TEST_STEP][PASSED] - markPassed("What are your vices? label text found......!"): What are your vices? label text found......!

2023-02-03 19:44:07 - [MESSAGE][PASSED] - What are your vices? label text found......!

2023-02-03 19:44:07 - [TEST_STEP][PASSED] - if (waitForElementPresent(btn_toggle_M, 10)): null

2023-02-03 19:44:09 - [MESSAGE][PASSED] - Element 'Object Repository/Regression/SC-019 Vices/btn_Marijuano_Switch - OFF' is present

2023-02-03 19:44:09 - [TEST_STEP][PASSED] - tap(btn_toggle_M, 10): Tapped on element 'Object Repository/Regression/SC-019 Vices/btn_Marijuano_Switch - OFF'

2023-02-03 19:44:10 - [MESSAGE][PASSED] - Tapped on element 'Object Repository/Regression/SC-019 Vices/btn_Marijuano_Switch - OFF'

2023-02-03 19:44:10 - [TEST_STEP][PASSED] - markPassed("Marijuana Toggle button On......!"): Marijuana Toggle button On......!

2023-02-03 19:44:10 - [MESSAGE][PASSED] - Marijuana Toggle button On......!

2023-02-03 19:44:10 - [TEST_STEP][PASSED] - if (waitForElementPresent(btn_toggle_S, 10)): null

2023-02-03 19:44:12 - [MESSAGE][PASSED] - Element 'Object Repository/Regression/SC-019 Vices/btn_Smoking_Switch - OFF' is present

2023-02-03 19:44:12 - [TEST_STEP][PASSED] - tap(btn_toggle_S, 10): Tapped on element 'Object Repository/Regression/SC-019 Vices/btn_Smoking_Switch - OFF'

2023-02-03 19:44:15 - [MESSAGE][PASSED] - Tapped on element 'Object Repository/Regression/SC-019 Vices/btn_Smoking_Switch - OFF'

2023-02-03 19:44:15 - [TEST_STEP][PASSED] - markPassed("Smoking Toggle button On......!"): Smoking Toggle button On......!

2023-02-03 19:44:15 - [MESSAGE][PASSED] - Smoking Toggle button On......!

2023-02-03 19:44:15 - [TEST_STEP][PASSED] - if (waitForElementPresent(btn_toggle_A, 10)): null

2023-02-03 19:44:16 - [MESSAGE][PASSED] - Element 'Object Repository/Regression/SC-019 Vices/btn_Alcohol_Switch - OFF' is present

2023-02-03 19:44:16 - [TEST_STEP][PASSED] - tap(btn_toggle_A, 10): Tapped on element 'Object Repository/Regression/SC-019 Vices/btn_Alcohol_Switch - OFF'

2023-02-03 19:44:17 - [MESSAGE][PASSED] - Tapped on element 'Object Repository/Regression/SC-019 Vices/btn_Alcohol_Switch - OFF'

2023-02-03 19:44:17 - [TEST_STEP][PASSED] - markPassed("Alcohol Toggle button On......!"): Alcohol Toggle button On......!

2023-02-03 19:44:17 - [MESSAGE][PASSED] - Alcohol Toggle button On......!

2023-02-03 19:44:17 - [TEST_STEP][PASSED] - com.spotlove.Utility.dating_Pref(A_random): com.spotlove.Utility.dating_Pref is PASSED

2023-02-03 19:44:24 - [MESSAGE][PASSED] - com.spotlove.Utility.dating_Pref is PASSED

2023-02-03 19:44:24 - [TEST_STEP][PASSED] - markPassed("Alcohol Toggle button On......!"): Alcohol Toggle button On......!

2023-02-03 19:44:24 - [MESSAGE][PASSED] - Alcohol Toggle button On......!

2023-02-03 19:44:24 - [TEST_STEP][PASSED] - com.spotlove.Utility.dating_Pref(S_random): com.spotlove.Utility.dating_Pref is PASSED

2023-02-03 19:44:28 - [MESSAGE][PASSED] - com.spotlove.Utility.dating_Pref is PASSED

2023-02-03 19:44:28 - [TEST_STEP][PASSED] - markPassed("Smoking Selected......!"): Smoking Selected......!

2023-02-03 19:44:28 - [MESSAGE][PASSED] - Smoking Selected......!

2023-02-03 19:44:28 - [TEST_STEP][PASSED] - com.spotlove.Utility.dating_Pref(M_random): com.spotlove.Utility.dating_Pref is PASSED

2023-02-03 19:44:32 - [MESSAGE][PASSED] - com.spotlove.Utility.dating_Pref is PASSED

2023-02-03 19:44:32 - [TEST_STEP][PASSED] - markPassed("Marijuana Selected......!"): Marijuana Selected......!

2023-02-03 19:44:32 - [MESSAGE][PASSED] - Marijuana Selected......!

2023-02-03 19:44:32 - [TEST_STEP][PASSED] - if (waitForElementPresent(btn_V_Continue, 10)): null

2023-02-03 19:44:33 - [MESSAGE][PASSED] - Element 'Object Repository/Regression/SC-019 Vices/btn Continue' is present

2023-02-03 19:44:33 - [TEST_STEP][PASSED] - tap(btn_V_Continue, 10): Tapped on element 'Object Repository/Regression/SC-019 Vices/btn Continue'

2023-02-03 19:44:34 - [MESSAGE][PASSED] - Tapped on element 'Object Repository/Regression/SC-019 Vices/btn Continue'

2023-02-03 19:44:34 - [TEST_STEP][PASSED] - markPassed("User navigate to the justice Screen.......!"): User navigate to the justice Screen.......!

2023-02-03 19:44:34 - [MESSAGE][PASSED] - User navigate to the justice Screen.......!

2023-02-03 19:44:34 - [TEST_STEP][PASSED] - if (waitForElementPresent(justice_icon, 10)): null

2023-02-03 19:44:35 - [MESSAGE][PASSED] - Element 'Object Repository/Regression/SC-020 Politics/justics Icon' is present

2023-02-03 19:44:35 - [TEST_STEP][PASSED] - markPassed("justice icon found on next Screen.......!"): justice icon found on next Screen.......!

2023-02-03 19:44:35 - [MESSAGE][PASSED] - justice icon found on next Screen.......!

2023-02-03 19:44:35 - [TEST_STEP][PASSED] - Start listener action : sampleAfterTestCase: null

2023-02-03 19:44:35 - [TEST_STEP][PASSED] - println(testCaseContext.getTestCaseId()): null

2023-02-03 19:44:35 - [TEST_STEP][PASSED] - println(testCaseContext.getTestCaseStatus()): null]]></system-out>
         <system-err><![CDATA[]]></system-err>
      </testcase>
      <testcase name="Test Cases/Regression/LookUps/SL-20 Politics" time="23.385" classname="Test Cases/Regression/LookUps/SL-20 Politics" status="FAILED">
         <failure type="FAILED" message="Test Cases/Regression/LookUps/SL-20 Politics FAILED.
Reason:
com.kms.katalon.core.exception.StepFailedException: Continue button is not working....:---:....!
	at com.kms.katalon.core.util.KeywordUtil.markFailed(KeywordUtil.java:19)
	at com.kms.katalon.core.util.KeywordUtil$markFailed$0.call(Unknown Source)
	at SL-20 Politics.run(SL-20 Politics:73)
	at com.kms.katalon.core.main.ScriptEngine.run(ScriptEngine.java:194)
	at com.kms.katalon.core.main.ScriptEngine.runScriptAsRawText(ScriptEngine.java:119)
	at com.kms.katalon.core.main.TestCaseExecutor.runScript(TestCaseExecutor.java:448)
	at com.kms.katalon.core.main.TestCaseExecutor.doExecute(TestCaseExecutor.java:439)
	at com.kms.katalon.core.main.TestCaseExecutor.processExecutionPhase(TestCaseExecutor.java:418)
	at com.kms.katalon.core.main.TestCaseExecutor.accessMainPhase(TestCaseExecutor.java:410)
	at com.kms.katalon.core.main.TestCaseExecutor.execute(TestCaseExecutor.java:285)
	at com.kms.katalon.core.common.CommonExecutor.accessTestCaseMainPhase(CommonExecutor.java:65)
	at com.kms.katalon.core.main.TestSuiteExecutor.accessTestSuiteMainPhase(TestSuiteExecutor.java:151)
	at com.kms.katalon.core.main.TestSuiteExecutor.execute(TestSuiteExecutor.java:106)
	at com.kms.katalon.core.main.TestCaseMain.startTestSuite(TestCaseMain.java:185)
	at com.kms.katalon.core.main.TestCaseMain$startTestSuite$0.call(Unknown Source)
	at TempTestSuite1675435398906.run(TempTestSuite1675435398906.groovy:36)
"/>
         <system-out><![CDATA[2023-02-03 19:44:35 - [TEST_CASE][FAILED] - Test Cases/Regression/LookUps/SL-20 Politics: Test Cases/Regression/LookUps/SL-20 Politics FAILED.
Reason:
com.kms.katalon.core.exception.StepFailedException: Continue button is not working....:---:....!
	at com.kms.katalon.core.util.KeywordUtil.markFailed(KeywordUtil.java:19)
	at com.kms.katalon.core.util.KeywordUtil$markFailed$0.call(Unknown Source)
	at SL-20 Politics.run(SL-20 Politics:73)
	at com.kms.katalon.core.main.ScriptEngine.run(ScriptEngine.java:194)
	at com.kms.katalon.core.main.ScriptEngine.runScriptAsRawText(ScriptEngine.java:119)
	at com.kms.katalon.core.main.TestCaseExecutor.runScript(TestCaseExecutor.java:448)
	at com.kms.katalon.core.main.TestCaseExecutor.doExecute(TestCaseExecutor.java:439)
	at com.kms.katalon.core.main.TestCaseExecutor.processExecutionPhase(TestCaseExecutor.java:418)
	at com.kms.katalon.core.main.TestCaseExecutor.accessMainPhase(TestCaseExecutor.java:410)
	at com.kms.katalon.core.main.TestCaseExecutor.execute(TestCaseExecutor.java:285)
	at com.kms.katalon.core.common.CommonExecutor.accessTestCaseMainPhase(CommonExecutor.java:65)
	at com.kms.katalon.core.main.TestSuiteExecutor.accessTestSuiteMainPhase(TestSuiteExecutor.java:151)
	at com.kms.katalon.core.main.TestSuiteExecutor.execute(TestSuiteExecutor.java:106)
	at com.kms.katalon.core.main.TestCaseMain.startTestSuite(TestCaseMain.java:185)
	at com.kms.katalon.core.main.TestCaseMain$startTestSuite$0.call(Unknown Source)
	at TempTestSuite1675435398906.run(TempTestSuite1675435398906.groovy:36)


2023-02-03 19:44:35 - [TEST_STEP][PASSED] - Start listener action : sampleBeforeTestCase: null

2023-02-03 19:44:35 - [TEST_STEP][PASSED] - println(testCaseContext.getTestCaseId()): null

2023-02-03 19:44:35 - [TEST_STEP][PASSED] - println(testCaseContext.getTestCaseVariables()): null

2023-02-03 19:44:35 - [TEST_STEP][PASSED] - if (waitForElementPresent(btn_back, 10)): null

2023-02-03 19:44:37 - [MESSAGE][PASSED] - Element 'Object Repository/Regression/SC-020 Politics/btn back' is present

2023-02-03 19:44:37 - [TEST_STEP][PASSED] - tap(btn_back, 10): Tapped on element 'Object Repository/Regression/SC-020 Politics/btn back'

2023-02-03 19:44:37 - [MESSAGE][PASSED] - Tapped on element 'Object Repository/Regression/SC-020 Politics/btn back'

2023-02-03 19:44:37 - [TEST_STEP][PASSED] - markPassed("User navigate back to the Vices screen......!"): User navigate back to the Vices screen......!

2023-02-03 19:44:37 - [MESSAGE][PASSED] - User navigate back to the Vices screen......!

2023-02-03 19:44:37 - [TEST_STEP][PASSED] - delay(10): Delayed 10 second(s)

2023-02-03 19:44:47 - [MESSAGE][PASSED] - Delayed 10 second(s)

2023-02-03 19:44:47 - [TEST_STEP][PASSED] - if (waitForElementPresent(bottle_icon, 20)): null

2023-02-03 19:44:48 - [MESSAGE][PASSED] - Element 'Object Repository/Regression/SC-019 Vices/bottle icon' is present

2023-02-03 19:44:48 - [TEST_STEP][PASSED] - markPassed("bottle icon found on Vices screen......!"): bottle icon found on Vices screen......!

2023-02-03 19:44:48 - [MESSAGE][PASSED] - bottle icon found on Vices screen......!

2023-02-03 19:44:48 - [TEST_STEP][PASSED] - if (waitForElementPresent(btn_continue, 10)): Object Object Repository/Regression/SC-019 Vices/btn Continue not found

2023-02-03 19:44:58 - [MESSAGE][WARNING] - Object Object Repository/Regression/SC-019 Vices/btn Continue not found

2023-02-03 19:44:58 - [TEST_STEP][FAILED] - else: Continue button is not working....:---:....!

2023-02-03 19:44:58 - [TEST_STEP][FAILED] - markFailed("Continue button is not working....:---:....!"): Continue button is not working....:---:....!

2023-02-03 19:44:58 - [MESSAGE][FAILED] - Continue button is not working....:---:....!

2023-02-03 19:44:58 - [TEST_STEP][PASSED] - Start listener action : sampleAfterTestCase: null

2023-02-03 19:44:58 - [TEST_STEP][PASSED] - println(testCaseContext.getTestCaseId()): null

2023-02-03 19:44:58 - [TEST_STEP][PASSED] - println(testCaseContext.getTestCaseStatus()): null]]></system-out>
         <system-err><![CDATA[2023-02-03 19:44:35 - [TEST_CASE][FAILED] - Test Cases/Regression/LookUps/SL-20 Politics: Test Cases/Regression/LookUps/SL-20 Politics FAILED.
Reason:
com.kms.katalon.core.exception.StepFailedException: Continue button is not working....:---:....!
	at com.kms.katalon.core.util.KeywordUtil.markFailed(KeywordUtil.java:19)
	at com.kms.katalon.core.util.KeywordUtil$markFailed$0.call(Unknown Source)
	at SL-20 Politics.run(SL-20 Politics:73)
	at com.kms.katalon.core.main.ScriptEngine.run(ScriptEngine.java:194)
	at com.kms.katalon.core.main.ScriptEngine.runScriptAsRawText(ScriptEngine.java:119)
	at com.kms.katalon.core.main.TestCaseExecutor.runScript(TestCaseExecutor.java:448)
	at com.kms.katalon.core.main.TestCaseExecutor.doExecute(TestCaseExecutor.java:439)
	at com.kms.katalon.core.main.TestCaseExecutor.processExecutionPhase(TestCaseExecutor.java:418)
	at com.kms.katalon.core.main.TestCaseExecutor.accessMainPhase(TestCaseExecutor.java:410)
	at com.kms.katalon.core.main.TestCaseExecutor.execute(TestCaseExecutor.java:285)
	at com.kms.katalon.core.common.CommonExecutor.accessTestCaseMainPhase(CommonExecutor.java:65)
	at com.kms.katalon.core.main.TestSuiteExecutor.accessTestSuiteMainPhase(TestSuiteExecutor.java:151)
	at com.kms.katalon.core.main.TestSuiteExecutor.execute(TestSuiteExecutor.java:106)
	at com.kms.katalon.core.main.TestCaseMain.startTestSuite(TestCaseMain.java:185)
	at com.kms.katalon.core.main.TestCaseMain$startTestSuite$0.call(Unknown Source)
	at TempTestSuite1675435398906.run(TempTestSuite1675435398906.groovy:36)]]></system-err>
      </testcase>
      <system-out><![CDATA[2023-02-03 19:43:27 - [TEST_SUITE][FAILED] - tyui: Test Cases/Regression/LookUps/SL-20 Politics FAILED.
Reason:
com.kms.katalon.core.exception.StepFailedException: Continue button is not working....:---:....!
	at com.kms.katalon.core.util.KeywordUtil.markFailed(KeywordUtil.java:19)
	at com.kms.katalon.core.util.KeywordUtil$markFailed$0.call(Unknown Source)
	at SL-20 Politics.run(SL-20 Politics:73)
	at com.kms.katalon.core.main.ScriptEngine.run(ScriptEngine.java:194)
	at com.kms.katalon.core.main.ScriptEngine.runScriptAsRawText(ScriptEngine.java:119)
	at com.kms.katalon.core.main.TestCaseExecutor.runScript(TestCaseExecutor.java:448)
	at com.kms.katalon.core.main.TestCaseExecutor.doExecute(TestCaseExecutor.java:439)
	at com.kms.katalon.core.main.TestCaseExecutor.processExecutionPhase(TestCaseExecutor.java:418)
	at com.kms.katalon.core.main.TestCaseExecutor.accessMainPhase(TestCaseExecutor.java:410)
	at com.kms.katalon.core.main.TestCaseExecutor.execute(TestCaseExecutor.java:285)
	at com.kms.katalon.core.common.CommonExecutor.accessTestCaseMainPhase(CommonExecutor.java:65)
	at com.kms.katalon.core.main.TestSuiteExecutor.accessTestSuiteMainPhase(TestSuiteExecutor.java:151)
	at com.kms.katalon.core.main.TestSuiteExecutor.execute(TestSuiteExecutor.java:106)
	at com.kms.katalon.core.main.TestCaseMain.startTestSuite(TestCaseMain.java:185)
	at com.kms.katalon.core.main.TestCaseMain$startTestSuite$0.call(Unknown Source)
	at TempTestSuite1675435398906.run(TempTestSuite1675435398906.groovy:36)]]></system-out>
      <system-err><![CDATA[2023-02-03 19:43:27 - [TEST_SUITE][FAILED] - tyui: Test Cases/Regression/LookUps/SL-20 Politics FAILED.
Reason:
com.kms.katalon.core.exception.StepFailedException: Continue button is not working....:---:....!
	at com.kms.katalon.core.util.KeywordUtil.markFailed(KeywordUtil.java:19)
	at com.kms.katalon.core.util.KeywordUtil$markFailed$0.call(Unknown Source)
	at SL-20 Politics.run(SL-20 Politics:73)
	at com.kms.katalon.core.main.ScriptEngine.run(ScriptEngine.java:194)
	at com.kms.katalon.core.main.ScriptEngine.runScriptAsRawText(ScriptEngine.java:119)
	at com.kms.katalon.core.main.TestCaseExecutor.runScript(TestCaseExecutor.java:448)
	at com.kms.katalon.core.main.TestCaseExecutor.doExecute(TestCaseExecutor.java:439)
	at com.kms.katalon.core.main.TestCaseExecutor.processExecutionPhase(TestCaseExecutor.java:418)
	at com.kms.katalon.core.main.TestCaseExecutor.accessMainPhase(TestCaseExecutor.java:410)
	at com.kms.katalon.core.main.TestCaseExecutor.execute(TestCaseExecutor.java:285)
	at com.kms.katalon.core.common.CommonExecutor.accessTestCaseMainPhase(CommonExecutor.java:65)
	at com.kms.katalon.core.main.TestSuiteExecutor.accessTestSuiteMainPhase(TestSuiteExecutor.java:151)
	at com.kms.katalon.core.main.TestSuiteExecutor.execute(TestSuiteExecutor.java:106)
	at com.kms.katalon.core.main.TestCaseMain.startTestSuite(TestCaseMain.java:185)
	at com.kms.katalon.core.main.TestCaseMain$startTestSuite$0.call(Unknown Source)
	at TempTestSuite1675435398906.run(TempTestSuite1675435398906.groovy:36)]]></system-err>
   </testsuite>
</testsuites>
