<?xml version="1.0" encoding="UTF-8"?>
<testsuites name="Testing SpotLove" time="541.295" tests="29" failures="1" errors="0">
   <testsuite name="Testing SpotLove" tests="29" failures="1" errors="0" time="541.295" skipped="0" timestamp="2022-04-20 13:46:37" hostname="Dev - DESKTOP-3CP89AN" id="Test Suites/Testing SpotLove">
      <properties>
         <property name="deviceName" value="samsung SM-M115F (Android 11)"/>
         <property name="devicePlatform" value=""/>
         <property name="logFolder" value="C:\\Users\\Dev\\Katalon Studio\\SpotLove_Stagging\\Reports\\20220420_134625\\Testing SpotLove\\20220420_134625"/>
         <property name="logFiles" value="C:\\Users\\Dev\\Katalon Studio\\SpotLove_Stagging\\Reports\\20220420_134625\\Testing SpotLove\\20220420_134625\\appium.log, C:\\Users\\Dev\\Katalon Studio\\SpotLove_Stagging\\Reports\\20220420_134625\\Testing SpotLove\\20220420_134625\\execution0.log"/>
         <property name="attachments" value="C:\\Users\\Dev\\Katalon Studio\\SpotLove_Stagging\\Reports\\20220420_134625\\Testing SpotLove\\20220420_134625\\1650444578393.png, C:\\Users\\Dev\\Katalon Studio\\SpotLove_Stagging\\Reports\\20220420_134625\\Testing SpotLove\\20220420_134625\\1650444756921.png, C:\\Users\\Dev\\Katalon Studio\\SpotLove_Stagging\\Reports\\20220420_134625\\Testing SpotLove\\20220420_134625\\1650444757999.png, C:\\Users\\Dev\\Katalon Studio\\SpotLove_Stagging\\Reports\\20220420_134625\\Testing SpotLove\\20220420_134625\\1650444765930.png, C:\\Users\\Dev\\Katalon Studio\\SpotLove_Stagging\\Reports\\20220420_134625\\Testing SpotLove\\20220420_134625\\1650444766942.png, C:\\Users\\Dev\\Katalon Studio\\SpotLove_Stagging\\Reports\\20220420_134625\\Testing SpotLove\\20220420_134625\\1650444785210.png, C:\\Users\\Dev\\Katalon Studio\\SpotLove_Stagging\\Reports\\20220420_134625\\Testing SpotLove\\20220420_134625\\1650444786240.png, C:\\Users\\Dev\\Katalon Studio\\SpotLove_Stagging\\Reports\\20220420_134625\\Testing SpotLove\\20220420_134625\\1650444820097.png, C:\\Users\\Dev\\Katalon Studio\\SpotLove_Stagging\\Reports\\20220420_134625\\Testing SpotLove\\20220420_134625\\1650444823111.png, C:\\Users\\Dev\\Katalon Studio\\SpotLove_Stagging\\Reports\\20220420_134625\\Testing SpotLove\\20220420_134625\\1650444915020.png, C:\\Users\\Dev\\Katalon Studio\\SpotLove_Stagging\\Reports\\20220420_134625\\Testing SpotLove\\20220420_134625\\1650444916027.png, C:\\Users\\Dev\\Katalon Studio\\SpotLove_Stagging\\Reports\\20220420_134625\\Testing SpotLove\\20220420_134625\\1650444924511.png, C:\\Users\\Dev\\Katalon Studio\\SpotLove_Stagging\\Reports\\20220420_134625\\Testing SpotLove\\20220420_134625\\1650444925523.png"/>
         <property name="hostName" value="Dev - DESKTOP-3CP89AN"/>
         <property name="os" value="Windows 10 64bit"/>
         <property name="appiumServerStatus" value="{&quot;value&quot;:{&quot;build&quot;:{&quot;version&quot;:&quot;1.22.3&quot;}},&quot;sessionId&quot;:null,&quot;status&quot;:0}"/>
         <property name="katalonVersion" value="8.2.5.208"/>
         <property name="deviceOS" value="Android"/>
         <property name="appiumVersion" value="1.22.3"/>
         <property name="deviceModel" value="SM-M115F"/>
         <property name="hostAddress" value="192.168.1.59"/>
         <property name="deviceManufacturer" value="samsung"/>
         <property name="deviceId" value="R9JN713GGNJ"/>
         <property name="deviceName" value="samsung SM-M115F (Android 11)"/>
         <property name="deviceOSVersion" value="11"/>
      </properties>
      <testcase name="Test Cases/testing/Use Phone Number screen" time="33.76" classname="Test Cases/testing/Use Phone Number screen" status="PASSED">
         <system-out><![CDATA[2022-04-20 13:46:38 - [TEST_CASE][PASSED] - Test Cases/testing/Use Phone Number screen: Test Cases/testing/Use Phone Number screen

2022-04-20 13:46:39 - [TEST_STEP][PASSED] - startExistingApplication("com.spotlove.releaseproduction", STOP_ON_FAILURE): Starting app with application ID: 'com.spotlove.releaseproduction'

2022-04-20 13:46:42 - [MESSAGE][INFO] - Appium server started on port 60,870

2022-04-20 13:46:58 - [MESSAGE][PASSED] - Starting app with application ID: 'com.spotlove.releaseproduction'

2022-04-20 13:46:58 - [TEST_STEP][PASSED] - checkElement(findTestObject("Use Phone Number Screen/SPOT"), 2): Element 'Object Repository/Use Phone Number Screen/SPOT' is checked

2022-04-20 13:47:08 - [MESSAGE][PASSED] - Element 'Object Repository/Use Phone Number Screen/SPOT' is checked

2022-04-20 13:47:08 - [TEST_STEP][PASSED] - checkElement(findTestObject("Use Phone Number Screen/heart icon"), 2): Element 'Object Repository/Use Phone Number Screen/heart icon' is checked

2022-04-20 13:47:08 - [MESSAGE][PASSED] - Element 'Object Repository/Use Phone Number Screen/heart icon' is checked

2022-04-20 13:47:08 - [TEST_STEP][PASSED] - checkElement(findTestObject("Use Phone Number Screen/LOVE label text"), 2): Element 'Object Repository/Use Phone Number Screen/LOVE label text' is checked

2022-04-20 13:47:09 - [MESSAGE][PASSED] - Element 'Object Repository/Use Phone Number Screen/LOVE label text' is checked

2022-04-20 13:47:09 - [TEST_STEP][PASSED] - checkElement(findTestObject("Use Phone Number Screen/AT FIRST SIGHT label text"), 2): Element 'Object Repository/Use Phone Number Screen/AT FIRST SIGHT label text' is checked

2022-04-20 13:47:10 - [MESSAGE][PASSED] - Element 'Object Repository/Use Phone Number Screen/AT FIRST SIGHT label text' is checked

2022-04-20 13:47:10 - [TEST_STEP][PASSED] - checkElement(findTestObject("Use Phone Number Screen/Privacy Policy label text"), 2): Element 'Object Repository/Use Phone Number Screen/Privacy Policy label text' is checked

2022-04-20 13:47:10 - [MESSAGE][PASSED] - Element 'Object Repository/Use Phone Number Screen/Privacy Policy label text' is checked

2022-04-20 13:47:10 - [TEST_STEP][PASSED] - checkElement(findTestObject("Use Phone Number Screen/MATCHMAKERS label text"), 2): Element 'Object Repository/Use Phone Number Screen/MATCHMAKERS label text' is checked

2022-04-20 13:47:11 - [MESSAGE][PASSED] - Element 'Object Repository/Use Phone Number Screen/MATCHMAKERS label text' is checked

2022-04-20 13:47:11 - [TEST_STEP][PASSED] - tap(findTestObject("Use Phone Number Screen/usePhoneNUmber"), 2): Tapped on element 'Object Repository/Use Phone Number Screen/usePhoneNUmber'

2022-04-20 13:47:12 - [MESSAGE][PASSED] - Tapped on element 'Object Repository/Use Phone Number Screen/usePhoneNUmber']]></system-out>
         <system-err><![CDATA[]]></system-err>
      </testcase>
      <testcase name="Test Cases/testing/Whats Your phone number" time="11.058" classname="Test Cases/testing/Whats Your phone number" status="PASSED">
         <system-out><![CDATA[2022-04-20 13:47:12 - [TEST_CASE][PASSED] - Test Cases/testing/Whats Your phone number: Test Cases/testing/Whats Your phone number

2022-04-20 13:47:12 - [TEST_STEP][PASSED] - checkElement(findTestObject("Whats Your Phone Number/YOUR DEETS label text"), 2): Element 'Object Repository/Whats Your Phone Number/YOUR DEETS label text' is checked

2022-04-20 13:47:13 - [MESSAGE][PASSED] - Element 'Object Repository/Whats Your Phone Number/YOUR DEETS label text' is checked

2022-04-20 13:47:13 - [TEST_STEP][PASSED] - checkElement(findTestObject("Whats Your Phone Number/Whats your  phone number label text"), 2): Element 'Object Repository/Whats Your Phone Number/Whats your  phone number label text' is checked

2022-04-20 13:47:14 - [MESSAGE][PASSED] - Element 'Object Repository/Whats Your Phone Number/Whats your  phone number label text' is checked

2022-04-20 13:47:14 - [TEST_STEP][PASSED] - checkElement(findTestObject("Whats Your Phone Number/We protect label text"), 2): Element 'Object Repository/Whats Your Phone Number/We protect label text' is checked

2022-04-20 13:47:15 - [MESSAGE][PASSED] - Element 'Object Repository/Whats Your Phone Number/We protect label text' is checked

2022-04-20 13:47:15 - [TEST_STEP][PASSED] - checkElement(findTestObject("Whats Your Phone Number/flag"), 2): Element 'Object Repository/Whats Your Phone Number/flag' is checked

2022-04-20 13:47:15 - [MESSAGE][PASSED] - Element 'Object Repository/Whats Your Phone Number/flag' is checked

2022-04-20 13:47:15 - [TEST_STEP][PASSED] - setText(findTestObject("Whats Your Phone Number/Enter country name"), "US", 2): Text 'US' has been set to element 'Object Repository/Whats Your Phone Number/Enter country name'

2022-04-20 13:47:17 - [MESSAGE][PASSED] - Text 'US' has been set to element 'Object Repository/Whats Your Phone Number/Enter country name'

2022-04-20 13:47:17 - [TEST_STEP][PASSED] - tap(findTestObject("Whats Your Phone Number/Selected Country"), 2): Tapped on element 'Object Repository/Whats Your Phone Number/Selected Country'

2022-04-20 13:47:19 - [MESSAGE][PASSED] - Tapped on element 'Object Repository/Whats Your Phone Number/Selected Country'

2022-04-20 13:47:19 - [TEST_STEP][PASSED] - setText(findTestObject("Whats Your Phone Number/Enter Phone Number"), "7078440251", 2): Text '7078440251' has been set to element 'Object Repository/Whats Your Phone Number/Enter Phone Number'

2022-04-20 13:47:21 - [MESSAGE][PASSED] - Text '7078440251' has been set to element 'Object Repository/Whats Your Phone Number/Enter Phone Number'

2022-04-20 13:47:21 - [TEST_STEP][PASSED] - checkElement(findTestObject("Whats Your Phone Number/We never share label text"), 2): Element 'Object Repository/Whats Your Phone Number/We never share label text' is checked

2022-04-20 13:47:22 - [MESSAGE][PASSED] - Element 'Object Repository/Whats Your Phone Number/We never share label text' is checked

2022-04-20 13:47:22 - [TEST_STEP][PASSED] - checkElement(findTestObject("Whats Your Phone Number/black lock icon"), 2): Element 'Object Repository/Whats Your Phone Number/black lock icon' is checked

2022-04-20 13:47:22 - [MESSAGE][PASSED] - Element 'Object Repository/Whats Your Phone Number/black lock icon' is checked

2022-04-20 13:47:22 - [TEST_STEP][PASSED] - tap(findTestObject("Whats Your Phone Number/Whats your phone forward (button)"), 2): Tapped on element 'Object Repository/Whats Your Phone Number/Whats your phone forward (button)'

2022-04-20 13:47:23 - [MESSAGE][PASSED] - Tapped on element 'Object Repository/Whats Your Phone Number/Whats your phone forward (button)']]></system-out>
         <system-err><![CDATA[]]></system-err>
      </testcase>
      <testcase name="Test Cases/testing/Verify phone Number" time="60.308" classname="Test Cases/testing/Verify phone Number" status="PASSED">
         <system-out><![CDATA[2022-04-20 13:47:23 - [TEST_CASE][PASSED] - Test Cases/testing/Verify phone Number: Test Cases/testing/Verify phone Number

2022-04-20 13:47:23 - [TEST_STEP][PASSED] - checkElement(findTestObject("Verify Your Number/YOUR DEETS label text"), 2): Element 'Object Repository/Verify Your Number/YOUR DEETS label text' is checked

2022-04-20 13:47:24 - [MESSAGE][PASSED] - Element 'Object Repository/Verify Your Number/YOUR DEETS label text' is checked

2022-04-20 13:47:24 - [TEST_STEP][PASSED] - checkElement(findTestObject("Verify Your Number/Verify your number label text"), 60): Element 'Object Repository/Verify Your Number/Verify your number label text' is checked

2022-04-20 13:48:23 - [MESSAGE][PASSED] - Element 'Object Repository/Verify Your Number/Verify your number label text' is checked]]></system-out>
         <system-err><![CDATA[]]></system-err>
      </testcase>
      <testcase name="Test Cases/testing/Create spotLove account" time="24.968" classname="Test Cases/testing/Create spotLove account" status="PASSED">
         <system-out><![CDATA[2022-04-20 13:48:23 - [TEST_CASE][PASSED] - Test Cases/testing/Create spotLove account: Test Cases/testing/Create spotLove account

2022-04-20 13:48:23 - [TEST_STEP][PASSED] - checkElement(findTestObject("Account Creation/Youre verified"), 30): Element 'Object Repository/Account Creation/Youre verified' is checked

2022-04-20 13:48:47 - [MESSAGE][PASSED] - Element 'Object Repository/Account Creation/Youre verified' is checked

2022-04-20 13:48:47 - [TEST_STEP][PASSED] - checkElement(findTestObject("Account Creation/create spot lve acc"), 2): Element 'Object Repository/Account Creation/create spot lve acc' is checked

2022-04-20 13:48:48 - [MESSAGE][PASSED] - Element 'Object Repository/Account Creation/create spot lve acc' is checked]]></system-out>
         <system-err><![CDATA[]]></system-err>
      </testcase>
      <testcase name="Test Cases/testing/Email verification" time="4.034" classname="Test Cases/testing/Email verification" status="PASSED">
         <system-out><![CDATA[2022-04-20 13:48:48 - [TEST_CASE][PASSED] - Test Cases/testing/Email verification: Test Cases/testing/Email verification

2022-04-20 13:48:48 - [TEST_STEP][PASSED] - checkElement(findTestObject("Whats Your Email Screen/YOUR DEETS label text"), 5): Element 'Object Repository/Whats Your Email Screen/YOUR DEETS label text' is checked

2022-04-20 13:48:49 - [MESSAGE][PASSED] - Element 'Object Repository/Whats Your Email Screen/YOUR DEETS label text' is checked

2022-04-20 13:48:49 - [TEST_STEP][PASSED] - checkElement(findTestObject("Whats Your Email Screen/Whats your email address label text"), 5): Element 'Object Repository/Whats Your Email Screen/Whats your email address label text' is checked

2022-04-20 13:48:50 - [MESSAGE][PASSED] - Element 'Object Repository/Whats Your Email Screen/Whats your email address label text' is checked

2022-04-20 13:48:50 - [TEST_STEP][PASSED] - checkElement(findTestObject("Whats Your Email Screen/We use this to recover label text"), 5): Element 'Object Repository/Whats Your Email Screen/We use this to recover label text' is checked

2022-04-20 13:48:50 - [MESSAGE][PASSED] - Element 'Object Repository/Whats Your Email Screen/We use this to recover label text' is checked

2022-04-20 13:48:50 - [TEST_STEP][PASSED] - setText(findTestObject("Whats Your Email Screen/Add recovery email (field)"), "Test@testing.com", 5): Text 'Test@testing.com' has been set to element 'Object Repository/Whats Your Email Screen/Add recovery email (field)'

2022-04-20 13:48:51 - [MESSAGE][PASSED] - Text 'Test@testing.com' has been set to element 'Object Repository/Whats Your Email Screen/Add recovery email (field)'

2022-04-20 13:48:51 - [TEST_STEP][PASSED] - tap(findTestObject("Whats Your Email Screen/Email Forword Button"), 5): Tapped on element 'Object Repository/Whats Your Email Screen/Email Forword Button'

2022-04-20 13:48:52 - [MESSAGE][PASSED] - Tapped on element 'Object Repository/Whats Your Email Screen/Email Forword Button']]></system-out>
         <system-err><![CDATA[]]></system-err>
      </testcase>
      <testcase name="Test Cases/testing/First Name Verfication" time="4.779" classname="Test Cases/testing/First Name Verfication" status="PASSED">
         <system-out><![CDATA[2022-04-20 13:48:52 - [TEST_CASE][PASSED] - Test Cases/testing/First Name Verfication: Test Cases/testing/First Name Verfication

2022-04-20 13:48:52 - [TEST_STEP][PASSED] - checkElement(findTestObject("First Name Screen/YOUR DEETS label text"), 5): Element 'Object Repository/First Name Screen/YOUR DEETS label text' is checked

2022-04-20 13:48:53 - [MESSAGE][PASSED] - Element 'Object Repository/First Name Screen/YOUR DEETS label text' is checked

2022-04-20 13:48:53 - [TEST_STEP][PASSED] - checkElement(findTestObject("First Name Screen/Whats your first name label text"), 5): Element 'Object Repository/First Name Screen/Whats your first name label text' is checked

2022-04-20 13:48:54 - [MESSAGE][PASSED] - Element 'Object Repository/First Name Screen/Whats your first name label text' is checked

2022-04-20 13:48:54 - [TEST_STEP][PASSED] - checkElement(findTestObject("First Name Screen/This will be shown on your profile"), 5): Element 'Object Repository/First Name Screen/This will be shown on your profile' is checked

2022-04-20 13:48:55 - [MESSAGE][PASSED] - Element 'Object Repository/First Name Screen/This will be shown on your profile' is checked

2022-04-20 13:48:55 - [TEST_STEP][PASSED] - checkElement(findTestObject("First Name Screen/You wont be able to change this later"), 5): Element 'Object Repository/First Name Screen/You wont be able to change this later' is checked

2022-04-20 13:48:55 - [MESSAGE][PASSED] - Element 'Object Repository/First Name Screen/You wont be able to change this later' is checked

2022-04-20 13:48:55 - [TEST_STEP][PASSED] - setText(findTestObject("First Name Screen/First Name"), "Test", 5): Text 'Test' has been set to element 'Object Repository/First Name Screen/First Name'

2022-04-20 13:48:56 - [MESSAGE][PASSED] - Text 'Test' has been set to element 'Object Repository/First Name Screen/First Name'

2022-04-20 13:48:56 - [TEST_STEP][PASSED] - tap(findTestObject("First Name Screen/First Name Forword Button"), 5): Tapped on element 'Object Repository/First Name Screen/First Name Forword Button'

2022-04-20 13:48:57 - [MESSAGE][PASSED] - Tapped on element 'Object Repository/First Name Screen/First Name Forword Button']]></system-out>
         <system-err><![CDATA[]]></system-err>
      </testcase>
      <testcase name="Test Cases/testing/DOB Verification" time="8.108" classname="Test Cases/testing/DOB Verification" status="PASSED">
         <system-out><![CDATA[2022-04-20 13:48:57 - [TEST_CASE][PASSED] - Test Cases/testing/DOB Verification: Test Cases/testing/DOB Verification

2022-04-20 13:48:57 - [TEST_STEP][PASSED] - checkElement(findTestObject("DOB/YOUR DEETS"), 5): Element 'Object Repository/DOB/YOUR DEETS' is checked

2022-04-20 13:48:58 - [MESSAGE][PASSED] - Element 'Object Repository/DOB/YOUR DEETS' is checked

2022-04-20 13:48:58 - [TEST_STEP][PASSED] - checkElement(findTestObject("DOB/Whens your birthday label text"), 5): Element 'Object Repository/DOB/Whens your birthday label text' is checked

2022-04-20 13:48:59 - [MESSAGE][PASSED] - Element 'Object Repository/DOB/Whens your birthday label text' is checked

2022-04-20 13:48:59 - [TEST_STEP][PASSED] - checkElement(findTestObject("DOB/We only show label text"), 5): Element 'Object Repository/DOB/We only show label text' is checked

2022-04-20 13:48:59 - [MESSAGE][PASSED] - Element 'Object Repository/DOB/We only show label text' is checked

2022-04-20 13:48:59 - [TEST_STEP][PASSED] - setText(findTestObject("DOB/Month"), "05", 5): Text '05' has been set to element 'Object Repository/DOB/Month'

2022-04-20 13:49:01 - [MESSAGE][PASSED] - Text '05' has been set to element 'Object Repository/DOB/Month'

2022-04-20 13:49:01 - [TEST_STEP][PASSED] - setText(findTestObject("DOB/Day"), "25", 5): Text '25' has been set to element 'Object Repository/DOB/Day'

2022-04-20 13:49:03 - [MESSAGE][PASSED] - Text '25' has been set to element 'Object Repository/DOB/Day'

2022-04-20 13:49:03 - [TEST_STEP][PASSED] - setText(findTestObject("DOB/Year"), "1995", 5): Text '1995' has been set to element 'Object Repository/DOB/Year'

2022-04-20 13:49:04 - [MESSAGE][PASSED] - Text '1995' has been set to element 'Object Repository/DOB/Year'

2022-04-20 13:49:04 - [TEST_STEP][PASSED] - tap(findTestObject("DOB/DOB Forword"), 5): Tapped on element 'Object Repository/DOB/DOB Forword'

2022-04-20 13:49:05 - [MESSAGE][PASSED] - Tapped on element 'Object Repository/DOB/DOB Forword']]></system-out>
         <system-err><![CDATA[]]></system-err>
      </testcase>
      <testcase name="Test Cases/testing/About You" time="2.452" classname="Test Cases/testing/About You" status="PASSED">
         <system-out><![CDATA[2022-04-20 13:49:05 - [TEST_CASE][PASSED] - Test Cases/testing/About You: Test Cases/testing/About You

2022-04-20 13:49:05 - [TEST_STEP][PASSED] - checkElement(findTestObject("About YOU/Heart Icon"), 5): Element 'Object Repository/About YOU/Heart Icon' is checked

2022-04-20 13:49:06 - [MESSAGE][PASSED] - Element 'Object Repository/About YOU/Heart Icon' is checked

2022-04-20 13:49:06 - [TEST_STEP][PASSED] - checkElement(findTestObject("About YOU/About You label text"), 5): Element 'Object Repository/About YOU/About You label text' is checked

2022-04-20 13:49:07 - [MESSAGE][PASSED] - Element 'Object Repository/About YOU/About You label text' is checked

2022-04-20 13:49:07 - [TEST_STEP][PASSED] - tap(findTestObject("About YOU/About forword Button"), 5): Tapped on element 'Object Repository/About YOU/About forword Button'

2022-04-20 13:49:07 - [MESSAGE][PASSED] - Tapped on element 'Object Repository/About YOU/About forword Button']]></system-out>
         <system-err><![CDATA[]]></system-err>
      </testcase>
      <testcase name="Test Cases/testing/Location Verification" time="40.049" classname="Test Cases/testing/Location Verification" status="PASSED">
         <system-out><![CDATA[2022-04-20 13:49:39 - [TEST_CASE][PASSED] - Test Cases/testing/Location Verification: Test Cases/testing/Location Verification

2022-04-20 13:49:39 - [TEST_STEP][PASSED] - checkElement(findTestObject("Location screen/ABOUT YOU label text"), 5): Element 'Object Repository/Location screen/ABOUT YOU label text' is checked

2022-04-20 13:50:10 - [MESSAGE][PASSED] - Element 'Object Repository/Location screen/ABOUT YOU label text' is checked

2022-04-20 13:50:10 - [TEST_STEP][PASSED] - checkElement(findTestObject("Location screen/So, do you label text"), 5): Element 'Object Repository/Location screen/So, do you label text' is checked

2022-04-20 13:50:13 - [MESSAGE][PASSED] - Element 'Object Repository/Location screen/So, do you label text' is checked

2022-04-20 13:50:13 - [TEST_STEP][PASSED] - checkElement(findTestObject("Location screen/Tell us where you live label text"), 5): Element 'Object Repository/Location screen/Tell us where you live label text' is checked

2022-04-20 13:50:13 - [MESSAGE][PASSED] - Element 'Object Repository/Location screen/Tell us where you live label text' is checked

2022-04-20 13:50:13 - [TEST_STEP][PASSED] - setText(findTestObject("Location screen/country field"), "US", 5): Text 'US' has been set to element 'Object Repository/Location screen/country field'

2022-04-20 13:50:14 - [MESSAGE][PASSED] - Text 'US' has been set to element 'Object Repository/Location screen/country field'

2022-04-20 13:50:14 - [TEST_STEP][PASSED] - setText(findTestObject("Location screen/State field"), "California", 5): Text 'California' has been set to element 'Object Repository/Location screen/State field'

2022-04-20 13:50:15 - [MESSAGE][PASSED] - Text 'California' has been set to element 'Object Repository/Location screen/State field'

2022-04-20 13:50:15 - [TEST_STEP][PASSED] - setText(findTestObject("Location screen/City Field"), "Los Angless", 5): Text 'Los Angless' has been set to element 'Object Repository/Location screen/City Field'

2022-04-20 13:50:17 - [MESSAGE][PASSED] - Text 'Los Angless' has been set to element 'Object Repository/Location screen/City Field'

2022-04-20 13:50:17 - [TEST_STEP][PASSED] - setText(findTestObject("Location screen/Zip Field"), "90001", 5): Text '90001' has been set to element 'Object Repository/Location screen/Zip Field'

2022-04-20 13:50:18 - [MESSAGE][PASSED] - Text '90001' has been set to element 'Object Repository/Location screen/Zip Field'

2022-04-20 13:50:18 - [TEST_STEP][PASSED] - tap(findTestObject("Location screen/loc Forword"), 5): Tapped on element 'Object Repository/Location screen/loc Forword'

2022-04-20 13:50:19 - [MESSAGE][PASSED] - Tapped on element 'Object Repository/Location screen/loc Forword']]></system-out>
         <system-err><![CDATA[]]></system-err>
      </testcase>
      <testcase name="Test Cases/testing/Brutal Honesty" time="3.931" classname="Test Cases/testing/Brutal Honesty" status="PASSED">
         <system-out><![CDATA[2022-04-20 13:50:19 - [TEST_CASE][PASSED] - Test Cases/testing/Brutal Honesty: Test Cases/testing/Brutal Honesty

2022-04-20 13:50:20 - [TEST_STEP][PASSED] - checkElement(findTestObject("Brutal Honesty/ABOUT YOU label text"), 5): Element 'Object Repository/Brutal Honesty/ABOUT YOU label text' is checked

2022-04-20 13:50:21 - [MESSAGE][PASSED] - Element 'Object Repository/Brutal Honesty/ABOUT YOU label text' is checked

2022-04-20 13:50:21 - [TEST_STEP][PASSED] - checkElement(findTestObject("Brutal Honesty/We want you to find label text"), 5): Element 'Object Repository/Brutal Honesty/We want you to find label text' is checked

2022-04-20 13:50:22 - [MESSAGE][PASSED] - Element 'Object Repository/Brutal Honesty/We want you to find label text' is checked

2022-04-20 13:50:22 - [TEST_STEP][PASSED] - tap(findTestObject("Brutal Honesty/Male Radio Button"), 5): Tapped on element 'Object Repository/Brutal Honesty/Male Radio Button'

2022-04-20 13:50:22 - [MESSAGE][PASSED] - Tapped on element 'Object Repository/Brutal Honesty/Male Radio Button'

2022-04-20 13:50:22 - [TEST_STEP][PASSED] - tap(findTestObject("Brutal Honesty/forword"), 5): Tapped on element 'Object Repository/Brutal Honesty/forword'

2022-04-20 13:50:23 - [MESSAGE][PASSED] - Tapped on element 'Object Repository/Brutal Honesty/forword']]></system-out>
         <system-err><![CDATA[]]></system-err>
      </testcase>
      <testcase name="Test Cases/testing/Black White Brown" time="7.988" classname="Test Cases/testing/Black White Brown" status="PASSED">
         <system-out><![CDATA[2022-04-20 13:50:23 - [TEST_CASE][PASSED] - Test Cases/testing/Black White Brown: Test Cases/testing/Black White Brown

2022-04-20 13:50:23 - [TEST_STEP][PASSED] - checkElement(findTestObject("Black White Brown/ABOUT YOU"), 5): Element 'Object Repository/Black White Brown/ABOUT YOU' is checked

2022-04-20 13:50:24 - [MESSAGE][PASSED] - Element 'Object Repository/Black White Brown/ABOUT YOU' is checked

2022-04-20 13:50:24 - [TEST_STEP][PASSED] - checkElement(findTestObject("Black White Brown/Black. White. Brown. Purple label text"), 10): Element 'Object Repository/Black White Brown/Black. White. Brown. Purple label text' is checked

2022-04-20 13:50:26 - [MESSAGE][PASSED] - Element 'Object Repository/Black White Brown/Black. White. Brown. Purple label text' is checked

2022-04-20 13:50:26 - [TEST_STEP][PASSED] - checkElement(findTestObject("Black White Brown/ETHNICITY label Text"), 5): Element 'Object Repository/Black White Brown/ETHNICITY label Text' is checked

2022-04-20 13:50:26 - [MESSAGE][PASSED] - Element 'Object Repository/Black White Brown/ETHNICITY label Text' is checked

2022-04-20 13:50:26 - [TEST_STEP][PASSED] - tap(findTestObject("Black White Brown/East Asian"), 5): Tapped on element 'Object Repository/Black White Brown/East Asian'

2022-04-20 13:50:27 - [MESSAGE][PASSED] - Tapped on element 'Object Repository/Black White Brown/East Asian'

2022-04-20 13:50:27 - [TEST_STEP][PASSED] - tap(findTestObject("Black White Brown/Multiracial"), 5): Tapped on element 'Object Repository/Black White Brown/Multiracial'

2022-04-20 13:50:28 - [MESSAGE][PASSED] - Tapped on element 'Object Repository/Black White Brown/Multiracial'

2022-04-20 13:50:28 - [TEST_STEP][PASSED] - tap(findTestObject("Black White Brown/hispanic Latino"), 5): Tapped on element 'Object Repository/Black White Brown/hispanic Latino'

2022-04-20 13:50:29 - [MESSAGE][PASSED] - Tapped on element 'Object Repository/Black White Brown/hispanic Latino'

2022-04-20 13:50:29 - [TEST_STEP][PASSED] - tap(findTestObject("Black White Brown/south Asian"), 5): Tapped on element 'Object Repository/Black White Brown/south Asian'

2022-04-20 13:50:30 - [MESSAGE][PASSED] - Tapped on element 'Object Repository/Black White Brown/south Asian'

2022-04-20 13:50:30 - [TEST_STEP][PASSED] - tap(findTestObject("Black White Brown/forword"), 5): Tapped on element 'Object Repository/Black White Brown/forword'

2022-04-20 13:50:31 - [MESSAGE][PASSED] - Tapped on element 'Object Repository/Black White Brown/forword']]></system-out>
         <system-err><![CDATA[]]></system-err>
      </testcase>
      <testcase name="Test Cases/testing/Religion" time="8.815" classname="Test Cases/testing/Religion" status="PASSED">
         <system-out><![CDATA[2022-04-20 13:50:31 - [TEST_CASE][PASSED] - Test Cases/testing/Religion: Test Cases/testing/Religion

2022-04-20 13:50:31 - [TEST_STEP][PASSED] - checkElement(findTestObject("Religion/ABOUT YOU"), 0): Element 'Object Repository/Religion/ABOUT YOU' is checked

2022-04-20 13:50:32 - [MESSAGE][WARNING] - Timeout '0' is invalid. Using default page load timeout: '30'

2022-04-20 13:50:32 - [MESSAGE][PASSED] - Element 'Object Repository/Religion/ABOUT YOU' is checked

2022-04-20 13:50:32 - [TEST_STEP][PASSED] - checkElement(findTestObject("Religion/Well find Lebel Text"), 0): Element 'Object Repository/Religion/Well find Lebel Text' is checked

2022-04-20 13:50:32 - [MESSAGE][WARNING] - Timeout '0' is invalid. Using default page load timeout: '30'

2022-04-20 13:50:34 - [MESSAGE][PASSED] - Element 'Object Repository/Religion/Well find Lebel Text' is checked

2022-04-20 13:50:34 - [TEST_STEP][PASSED] - tap(findTestObject("Religion/LDS Radio button"), 5): Tapped on element 'Object Repository/Religion/LDS Radio button'

2022-04-20 13:50:34 - [MESSAGE][PASSED] - Tapped on element 'Object Repository/Religion/LDS Radio button'

2022-04-20 13:50:34 - [TEST_STEP][PASSED] - tap(findTestObject("Religion/Christian Radio button"), 5): Tapped on element 'Object Repository/Religion/Christian Radio button'

2022-04-20 13:50:35 - [MESSAGE][PASSED] - Tapped on element 'Object Repository/Religion/Christian Radio button'

2022-04-20 13:50:35 - [TEST_STEP][PASSED] - tap(findTestObject("Religion/Spiritual Radio button"), 5): Tapped on element 'Object Repository/Religion/Spiritual Radio button'

2022-04-20 13:50:36 - [MESSAGE][PASSED] - Tapped on element 'Object Repository/Religion/Spiritual Radio button'

2022-04-20 13:50:36 - [TEST_STEP][PASSED] - tap(findTestObject("Religion/Muslim Radio button"), 5): Tapped on element 'Object Repository/Religion/Muslim Radio button'

2022-04-20 13:50:38 - [MESSAGE][PASSED] - Tapped on element 'Object Repository/Religion/Muslim Radio button'

2022-04-20 13:50:38 - [TEST_STEP][PASSED] - tap(findTestObject("Religion/Buddhist taoist Radio button"), 5): Tapped on element 'Object Repository/Religion/Buddhist taoist Radio button'

2022-04-20 13:50:39 - [MESSAGE][PASSED] - Tapped on element 'Object Repository/Religion/Buddhist taoist Radio button'

2022-04-20 13:50:39 - [TEST_STEP][PASSED] - tap(findTestObject("Religion/forword"), 5): Tapped on element 'Object Repository/Religion/forword'

2022-04-20 13:50:40 - [MESSAGE][PASSED] - Tapped on element 'Object Repository/Religion/forword']]></system-out>
         <system-err><![CDATA[]]></system-err>
      </testcase>
      <testcase name="Test Cases/testing/One Liner" time="5.358" classname="Test Cases/testing/One Liner" status="PASSED">
         <system-out><![CDATA[2022-04-20 13:50:40 - [TEST_CASE][PASSED] - Test Cases/testing/One Liner: Test Cases/testing/One Liner

2022-04-20 13:50:40 - [TEST_STEP][PASSED] - checkElement(findTestObject("One Liner/PROFILE"), 5): Element 'Object Repository/One Liner/PROFILE' is checked

2022-04-20 13:50:42 - [MESSAGE][PASSED] - Element 'Object Repository/One Liner/PROFILE' is checked

2022-04-20 13:50:42 - [TEST_STEP][PASSED] - checkElement(findTestObject("One Liner/Got a personal one-liner or catch phrase"), 5): Element 'Object Repository/One Liner/Got a personal one-liner or catch phrase' is checked

2022-04-20 13:50:43 - [MESSAGE][PASSED] - Element 'Object Repository/One Liner/Got a personal one-liner or catch phrase' is checked

2022-04-20 13:50:43 - [TEST_STEP][PASSED] - checkElement(findTestObject("One Liner/No pressure label text"), 5): Element 'Object Repository/One Liner/No pressure label text' is checked

2022-04-20 13:50:43 - [MESSAGE][PASSED] - Element 'Object Repository/One Liner/No pressure label text' is checked

2022-04-20 13:50:43 - [TEST_STEP][PASSED] - setText(findTestObject("One Liner/My catch phrase"), "This is only for testing purpose one Liner", 5): Text 'This is only for testing purpose one Liner' has been set to element 'Object Repository/One Liner/My catch phrase'

2022-04-20 13:50:44 - [MESSAGE][PASSED] - Text 'This is only for testing purpose one Liner' has been set to element 'Object Repository/One Liner/My catch phrase'

2022-04-20 13:50:44 - [TEST_STEP][PASSED] - tap(findTestObject("One Liner/forword"), 5): Tapped on element 'Object Repository/One Liner/forword'

2022-04-20 13:50:45 - [MESSAGE][PASSED] - Tapped on element 'Object Repository/One Liner/forword']]></system-out>
         <system-err><![CDATA[]]></system-err>
      </testcase>
      <testcase name="Test Cases/testing/Relationship Status" time="7.665" classname="Test Cases/testing/Relationship Status" status="PASSED">
         <system-out><![CDATA[2022-04-20 13:50:45 - [TEST_CASE][PASSED] - Test Cases/testing/Relationship Status: Test Cases/testing/Relationship Status

2022-04-20 13:50:46 - [TEST_STEP][PASSED] - checkElement(findTestObject("Relationship Status/ABOUT YOU"), 5): Element 'Object Repository/Relationship Status/ABOUT YOU' is checked

2022-04-20 13:50:48 - [MESSAGE][PASSED] - Element 'Object Repository/Relationship Status/ABOUT YOU' is checked

2022-04-20 13:50:48 - [TEST_STEP][PASSED] - checkElement(findTestObject("Relationship Status/Check one label Text"), 5): Element 'Object Repository/Relationship Status/Check one label Text' is checked

2022-04-20 13:50:49 - [MESSAGE][PASSED] - Element 'Object Repository/Relationship Status/Check one label Text' is checked

2022-04-20 13:50:49 - [TEST_STEP][PASSED] - tap(findTestObject("Relationship Status/Separated Radio button"), 5): Tapped on element 'Object Repository/Relationship Status/Separated Radio button'

2022-04-20 13:50:49 - [MESSAGE][PASSED] - Tapped on element 'Object Repository/Relationship Status/Separated Radio button'

2022-04-20 13:50:49 - [TEST_STEP][PASSED] - tap(findTestObject("Relationship Status/Divorce in Pogress Radio button"), 5): Tapped on element 'Object Repository/Relationship Status/Divorce in Pogress Radio button'

2022-04-20 13:50:51 - [MESSAGE][PASSED] - Tapped on element 'Object Repository/Relationship Status/Divorce in Pogress Radio button'

2022-04-20 13:50:51 - [TEST_STEP][PASSED] - tap(findTestObject("Relationship Status/Widowed Radio button"), 5): Tapped on element 'Object Repository/Relationship Status/Widowed Radio button'

2022-04-20 13:50:52 - [MESSAGE][PASSED] - Tapped on element 'Object Repository/Relationship Status/Widowed Radio button'

2022-04-20 13:50:52 - [TEST_STEP][PASSED] - tap(findTestObject("Relationship Status/Forword"), 5): Tapped on element 'Object Repository/Relationship Status/Forword'

2022-04-20 13:50:53 - [MESSAGE][PASSED] - Tapped on element 'Object Repository/Relationship Status/Forword']]></system-out>
         <system-err><![CDATA[]]></system-err>
      </testcase>
      <testcase name="Test Cases/testing/Family Plans" time="8.919" classname="Test Cases/testing/Family Plans" status="PASSED">
         <system-out><![CDATA[2022-04-20 13:50:53 - [TEST_CASE][PASSED] - Test Cases/testing/Family Plans: Test Cases/testing/Family Plans

2022-04-20 13:50:53 - [TEST_STEP][PASSED] - checkElement(findTestObject("Family Plain/ABOUT YOU"), 5): Element 'Object Repository/Family Plain/ABOUT YOU' is checked

2022-04-20 13:50:54 - [MESSAGE][PASSED] - Element 'Object Repository/Family Plain/ABOUT YOU' is checked

2022-04-20 13:50:54 - [TEST_STEP][PASSED] - checkElement(findTestObject("Family Plain/As long as label text"), 5): Element 'Object Repository/Family Plain/As long as label text' is checked

2022-04-20 13:50:56 - [MESSAGE][PASSED] - Element 'Object Repository/Family Plain/As long as label text' is checked

2022-04-20 13:50:56 - [TEST_STEP][PASSED] - tap(findTestObject("Family Plain/I dont want children Radio button"), 5): Tapped on element 'Object Repository/Family Plain/I dont want children Radio button'

2022-04-20 13:50:56 - [MESSAGE][PASSED] - Tapped on element 'Object Repository/Family Plain/I dont want children Radio button'

2022-04-20 13:50:56 - [TEST_STEP][PASSED] - tap(findTestObject("Family Plain/I dont have children Radio button"), 5): Tapped on element 'Object Repository/Family Plain/I dont have children Radio button'

2022-04-20 13:50:58 - [MESSAGE][PASSED] - Tapped on element 'Object Repository/Family Plain/I dont have children Radio button'

2022-04-20 13:50:58 - [TEST_STEP][PASSED] - tap(findTestObject("Family Plain/I want children Radio button"), 5): Tapped on element 'Object Repository/Family Plain/I want children Radio button'

2022-04-20 13:50:59 - [MESSAGE][PASSED] - Tapped on element 'Object Repository/Family Plain/I want children Radio button'

2022-04-20 13:50:59 - [TEST_STEP][PASSED] - tap(findTestObject("Family Plain/I m open to children Radio button"), 5): Tapped on element 'Object Repository/Family Plain/I m open to children Radio button'

2022-04-20 13:51:00 - [MESSAGE][PASSED] - Tapped on element 'Object Repository/Family Plain/I m open to children Radio button'

2022-04-20 13:51:00 - [TEST_STEP][PASSED] - tap(findTestObject("Family Plain/forword"), 5): Tapped on element 'Object Repository/Family Plain/forword'

2022-04-20 13:51:02 - [MESSAGE][PASSED] - Tapped on element 'Object Repository/Family Plain/forword']]></system-out>
         <system-err><![CDATA[]]></system-err>
      </testcase>
      <testcase name="Test Cases/testing/Education" time="8.896" classname="Test Cases/testing/Education" status="PASSED">
         <system-out><![CDATA[2022-04-20 13:51:02 - [TEST_CASE][PASSED] - Test Cases/testing/Education: Test Cases/testing/Education

2022-04-20 13:51:02 - [TEST_STEP][PASSED] - checkElement(findTestObject("Education/ABOUT YOU"), 5): Element 'Object Repository/Education/ABOUT YOU' is checked

2022-04-20 13:51:03 - [MESSAGE][PASSED] - Element 'Object Repository/Education/ABOUT YOU' is checked

2022-04-20 13:51:03 - [TEST_STEP][PASSED] - checkElement(findTestObject("Education/All we label text"), 5): Element 'Object Repository/Education/All we label text' is checked

2022-04-20 13:51:05 - [MESSAGE][PASSED] - Element 'Object Repository/Education/All we label text' is checked

2022-04-20 13:51:05 - [TEST_STEP][PASSED] - tap(findTestObject("Education/Graduate Professional Degree Radio button"), 5): Tapped on element 'Object Repository/Education/Graduate Professional Degree Radio button'

2022-04-20 13:51:06 - [MESSAGE][PASSED] - Tapped on element 'Object Repository/Education/Graduate Professional Degree Radio button'

2022-04-20 13:51:06 - [TEST_STEP][PASSED] - tap(findTestObject("Education/Some Collage Radio button"), 5): Tapped on element 'Object Repository/Education/Some Collage Radio button'

2022-04-20 13:51:07 - [MESSAGE][PASSED] - Tapped on element 'Object Repository/Education/Some Collage Radio button'

2022-04-20 13:51:07 - [TEST_STEP][PASSED] - tap(findTestObject("Education/HS Diploma Radio button"), 5): Tapped on element 'Object Repository/Education/HS Diploma Radio button'

2022-04-20 13:51:08 - [MESSAGE][PASSED] - Tapped on element 'Object Repository/Education/HS Diploma Radio button'

2022-04-20 13:51:08 - [TEST_STEP][PASSED] - tap(findTestObject("Education/Phd Doctoral Radio button"), 5): Tapped on element 'Object Repository/Education/Phd Doctoral Radio button'

2022-04-20 13:51:09 - [MESSAGE][PASSED] - Tapped on element 'Object Repository/Education/Phd Doctoral Radio button'

2022-04-20 13:51:09 - [TEST_STEP][PASSED] - tap(findTestObject("Education/Forword"), 5): Tapped on element 'Object Repository/Education/Forword'

2022-04-20 13:51:11 - [MESSAGE][PASSED] - Tapped on element 'Object Repository/Education/Forword']]></system-out>
         <system-err><![CDATA[]]></system-err>
      </testcase>
      <testcase name="Test Cases/testing/Vices" time="15.9" classname="Test Cases/testing/Vices" status="PASSED">
         <system-out><![CDATA[2022-04-20 13:51:11 - [TEST_CASE][PASSED] - Test Cases/testing/Vices: Test Cases/testing/Vices

2022-04-20 13:51:11 - [TEST_STEP][PASSED] - checkElement(findTestObject("VICES/ABOUT YOU"), 5): Element 'Object Repository/VICES/ABOUT YOU' is checked

2022-04-20 13:51:12 - [MESSAGE][PASSED] - Element 'Object Repository/VICES/ABOUT YOU' is checked

2022-04-20 13:51:12 - [TEST_STEP][PASSED] - checkElement(findTestObject("VICES/In our eyes label Text"), 5): Element 'Object Repository/VICES/In our eyes label Text' is checked

2022-04-20 13:51:14 - [MESSAGE][PASSED] - Element 'Object Repository/VICES/In our eyes label Text' is checked

2022-04-20 13:51:14 - [TEST_STEP][PASSED] - tap(findTestObject("VICES/Never AL Radio button"), 5): Tapped on element 'Object Repository/VICES/Never AL Radio button'

2022-04-20 13:51:15 - [MESSAGE][PASSED] - Tapped on element 'Object Repository/VICES/Never AL Radio button'

2022-04-20 13:51:15 - [TEST_STEP][PASSED] - tap(findTestObject("VICES/Socially Radio button"), 5): Tapped on element 'Object Repository/VICES/Socially Radio button'

2022-04-20 13:51:16 - [MESSAGE][PASSED] - Tapped on element 'Object Repository/VICES/Socially Radio button'

2022-04-20 13:51:16 - [TEST_STEP][PASSED] - tap(findTestObject("VICES/Socially AL Radio button"), 5): Tapped on element 'Object Repository/VICES/Socially AL Radio button'

2022-04-20 13:51:17 - [MESSAGE][PASSED] - Tapped on element 'Object Repository/VICES/Socially AL Radio button'

2022-04-20 13:51:17 - [TEST_STEP][PASSED] - tap(findTestObject("VICES/Often Mari Radio button"), 5): Tapped on element 'Object Repository/VICES/Often Mari Radio button'

2022-04-20 13:51:18 - [MESSAGE][PASSED] - Tapped on element 'Object Repository/VICES/Often Mari Radio button'

2022-04-20 13:51:18 - [TEST_STEP][PASSED] - tap(findTestObject("VICES/Socially Mari Radio button"), 5): Tapped on element 'Object Repository/VICES/Socially Mari Radio button'

2022-04-20 13:51:20 - [MESSAGE][PASSED] - Tapped on element 'Object Repository/VICES/Socially Mari Radio button'

2022-04-20 13:51:20 - [TEST_STEP][PASSED] - tap(findTestObject("VICES/Never Radio button"), 5): Tapped on element 'Object Repository/VICES/Never Radio button'

2022-04-20 13:51:21 - [MESSAGE][PASSED] - Tapped on element 'Object Repository/VICES/Never Radio button'

2022-04-20 13:51:21 - [TEST_STEP][PASSED] - tap(findTestObject("VICES/Often Radio button"), 5): Tapped on element 'Object Repository/VICES/Often Radio button'

2022-04-20 13:51:23 - [MESSAGE][PASSED] - Tapped on element 'Object Repository/VICES/Often Radio button'

2022-04-20 13:51:23 - [TEST_STEP][PASSED] - tap(findTestObject("VICES/Never Mari Radio button"), 5): Tapped on element 'Object Repository/VICES/Never Mari Radio button'

2022-04-20 13:51:24 - [MESSAGE][PASSED] - Tapped on element 'Object Repository/VICES/Never Mari Radio button'

2022-04-20 13:51:24 - [TEST_STEP][PASSED] - tap(findTestObject("VICES/Often AL Radio button"), 5): Tapped on element 'Object Repository/VICES/Often AL Radio button'

2022-04-20 13:51:25 - [MESSAGE][PASSED] - Tapped on element 'Object Repository/VICES/Often AL Radio button'

2022-04-20 13:51:25 - [TEST_STEP][PASSED] - tap(findTestObject("VICES/Forword"), 5): Tapped on element 'Object Repository/VICES/Forword'

2022-04-20 13:51:27 - [MESSAGE][PASSED] - Tapped on element 'Object Repository/VICES/Forword']]></system-out>
         <system-err><![CDATA[]]></system-err>
      </testcase>
      <testcase name="Test Cases/testing/politics" time="10.317" classname="Test Cases/testing/politics" status="PASSED">
         <system-out><![CDATA[2022-04-20 13:51:27 - [TEST_CASE][PASSED] - Test Cases/testing/politics: Test Cases/testing/politics

2022-04-20 13:51:27 - [TEST_STEP][PASSED] - checkElement(findTestObject("politices/ABOUT YOU"), 5): Element 'Object Repository/politices/ABOUT YOU' is checked

2022-04-20 13:51:29 - [MESSAGE][PASSED] - Element 'Object Repository/politices/ABOUT YOU' is checked

2022-04-20 13:51:29 - [TEST_STEP][PASSED] - checkElement(findTestObject("politices/We plead the fifth label text"), 5): Element 'Object Repository/politices/We plead the fifth label text' is checked

2022-04-20 13:51:30 - [MESSAGE][PASSED] - Element 'Object Repository/politices/We plead the fifth label text' is checked

2022-04-20 13:51:30 - [TEST_STEP][PASSED] - checkElement(findTestObject("politices/POLITICS label text"), 5): Element 'Object Repository/politices/POLITICS label text' is checked

2022-04-20 13:51:31 - [MESSAGE][PASSED] - Element 'Object Repository/politices/POLITICS label text' is checked

2022-04-20 13:51:31 - [TEST_STEP][PASSED] - tap(findTestObject("politices/Conservative"), 5): Tapped on element 'Object Repository/politices/Conservative'

2022-04-20 13:51:32 - [MESSAGE][PASSED] - Tapped on element 'Object Repository/politices/Conservative'

2022-04-20 13:51:32 - [TEST_STEP][PASSED] - tap(findTestObject("politices/Liberal"), 5): Tapped on element 'Object Repository/politices/Liberal'

2022-04-20 13:51:33 - [MESSAGE][PASSED] - Tapped on element 'Object Repository/politices/Liberal'

2022-04-20 13:51:33 - [TEST_STEP][PASSED] - tap(findTestObject("politices/Moderate"), 5): Tapped on element 'Object Repository/politices/Moderate'

2022-04-20 13:51:34 - [MESSAGE][PASSED] - Tapped on element 'Object Repository/politices/Moderate'

2022-04-20 13:51:34 - [TEST_STEP][PASSED] - tap(findTestObject("politices/Apolitical"), 5): Tapped on element 'Object Repository/politices/Apolitical'

2022-04-20 13:51:36 - [MESSAGE][PASSED] - Tapped on element 'Object Repository/politices/Apolitical'

2022-04-20 13:51:36 - [TEST_STEP][PASSED] - tap(findTestObject("politices/forword"), 0): Tapped on element 'Object Repository/politices/forword'

2022-04-20 13:51:36 - [MESSAGE][WARNING] - Timeout '0' is invalid. Using default page load timeout: '30'

2022-04-20 13:51:37 - [MESSAGE][PASSED] - Tapped on element 'Object Repository/politices/forword']]></system-out>
         <system-err><![CDATA[]]></system-err>
      </testcase>
      <testcase name="Test Cases/testing/Upload Picture" time="10.937" classname="Test Cases/testing/Upload Picture" status="PASSED">
         <system-out><![CDATA[2022-04-20 13:51:37 - [TEST_CASE][PASSED] - Test Cases/testing/Upload Picture: Test Cases/testing/Upload Picture

2022-04-20 13:51:37 - [TEST_STEP][PASSED] - checkElement(findTestObject("Upload Picture/ABOUT YOU"), 5): Element 'Object Repository/Upload Picture/ABOUT YOU' is checked

2022-04-20 13:51:39 - [MESSAGE][PASSED] - Element 'Object Repository/Upload Picture/ABOUT YOU' is checked

2022-04-20 13:51:39 - [TEST_STEP][PASSED] - checkElement(findTestObject("Upload Picture/Show us your best side label text"), 5): Element 'Object Repository/Upload Picture/Show us your best side label text' is checked

2022-04-20 13:51:42 - [MESSAGE][PASSED] - Element 'Object Repository/Upload Picture/Show us your best side label text' is checked

2022-04-20 13:51:42 - [TEST_STEP][PASSED] - tap(findTestObject("Upload Picture/Upload Picture Button"), 5): Tapped on element 'Object Repository/Upload Picture/Upload Picture Button'

2022-04-20 13:51:43 - [MESSAGE][PASSED] - Tapped on element 'Object Repository/Upload Picture/Upload Picture Button'

2022-04-20 13:51:43 - [TEST_STEP][PASSED] - tap(findTestObject("Upload Picture/Choose From Gallery Button"), 5): Tapped on element 'Object Repository/Upload Picture/Choose From Gallery Button'

2022-04-20 13:51:44 - [MESSAGE][PASSED] - Tapped on element 'Object Repository/Upload Picture/Choose From Gallery Button'

2022-04-20 13:51:44 - [TEST_STEP][PASSED] - tap(findTestObject("Upload Picture/Photo By Gallary"), 10): Tapped on element 'Object Repository/Upload Picture/Photo By Gallary'

2022-04-20 13:51:47 - [MESSAGE][PASSED] - Tapped on element 'Object Repository/Upload Picture/Photo By Gallary'

2022-04-20 13:51:47 - [TEST_STEP][PASSED] - tap(findTestObject("Upload Picture/forword button"), 5): Tapped on element 'Object Repository/Upload Picture/forword button'

2022-04-20 13:51:48 - [MESSAGE][PASSED] - Tapped on element 'Object Repository/Upload Picture/forword button']]></system-out>
         <system-err><![CDATA[]]></system-err>
      </testcase>
      <testcase name="Test Cases/testing/Partner Start Info" time="15.004" classname="Test Cases/testing/Partner Start Info" status="PASSED">
         <system-out><![CDATA[2022-04-20 13:51:48 - [TEST_CASE][PASSED] - Test Cases/testing/Partner Start Info: Test Cases/testing/Partner Start Info

2022-04-20 13:51:48 - [TEST_STEP][PASSED] - checkElement(findTestObject("Have Fun Time/Now for the fun part  label text"), 15): Element 'Object Repository/Have Fun Time/Now for the fun part  label text' is checked

2022-04-20 13:52:02 - [MESSAGE][PASSED] - Element 'Object Repository/Have Fun Time/Now for the fun part  label text' is checked

2022-04-20 13:52:02 - [TEST_STEP][PASSED] - tap(findTestObject("Have Fun Time/Forword"), 15): Tapped on element 'Object Repository/Have Fun Time/Forword'

2022-04-20 13:52:03 - [MESSAGE][PASSED] - Tapped on element 'Object Repository/Have Fun Time/Forword']]></system-out>
         <system-err><![CDATA[]]></system-err>
      </testcase>
      <testcase name="Test Cases/testing/Partner Gender" time="8.517" classname="Test Cases/testing/Partner Gender" status="PASSED">
         <system-out><![CDATA[2022-04-20 13:52:03 - [TEST_CASE][PASSED] - Test Cases/testing/Partner Gender: Test Cases/testing/Partner Gender

2022-04-20 13:52:03 - [TEST_STEP][PASSED] - checkElement(findTestObject("Partner Gender/YOUR MATCH"), 0): Element 'Object Repository/Partner Gender/YOUR MATCH' is checked

2022-04-20 13:52:03 - [MESSAGE][WARNING] - Timeout '0' is invalid. Using default page load timeout: '30'

2022-04-20 13:52:05 - [MESSAGE][PASSED] - Element 'Object Repository/Partner Gender/YOUR MATCH' is checked

2022-04-20 13:52:05 - [TEST_STEP][PASSED] - checkElement(findTestObject("Partner Gender/Choose on"), 0): Element 'Object Repository/Partner Gender/Choose on' is checked

2022-04-20 13:52:05 - [MESSAGE][WARNING] - Timeout '0' is invalid. Using default page load timeout: '30'

2022-04-20 13:52:06 - [MESSAGE][PASSED] - Element 'Object Repository/Partner Gender/Choose on' is checked

2022-04-20 13:52:06 - [TEST_STEP][PASSED] - tap(findTestObject("Partner Gender/Open to All"), 0): Tapped on element 'Object Repository/Partner Gender/Open to All'

2022-04-20 13:52:06 - [MESSAGE][WARNING] - Timeout '0' is invalid. Using default page load timeout: '30'

2022-04-20 13:52:06 - [MESSAGE][PASSED] - Tapped on element 'Object Repository/Partner Gender/Open to All'

2022-04-20 13:52:06 - [TEST_STEP][PASSED] - tap(findTestObject("Partner Gender/Female Checkbox"), 0): Tapped on element 'Object Repository/Partner Gender/Female Checkbox'

2022-04-20 13:52:06 - [MESSAGE][WARNING] - Timeout '0' is invalid. Using default page load timeout: '30'

2022-04-20 13:52:07 - [MESSAGE][PASSED] - Tapped on element 'Object Repository/Partner Gender/Female Checkbox'

2022-04-20 13:52:07 - [TEST_STEP][PASSED] - tap(findTestObject("Partner Gender/Male CheckBox"), 0): Tapped on element 'Object Repository/Partner Gender/Male CheckBox'

2022-04-20 13:52:07 - [MESSAGE][WARNING] - Timeout '0' is invalid. Using default page load timeout: '30'

2022-04-20 13:52:08 - [MESSAGE][PASSED] - Tapped on element 'Object Repository/Partner Gender/Male CheckBox'

2022-04-20 13:52:08 - [TEST_STEP][PASSED] - tap(findTestObject("Partner Gender/Non-Binary Checkbox"), 0): Tapped on element 'Object Repository/Partner Gender/Non-Binary Checkbox'

2022-04-20 13:52:08 - [MESSAGE][WARNING] - Timeout '0' is invalid. Using default page load timeout: '30'

2022-04-20 13:52:09 - [MESSAGE][PASSED] - Tapped on element 'Object Repository/Partner Gender/Non-Binary Checkbox'

2022-04-20 13:52:09 - [TEST_STEP][PASSED] - tap(findTestObject("Partner Gender/Open to All"), 0): Tapped on element 'Object Repository/Partner Gender/Open to All'

2022-04-20 13:52:09 - [MESSAGE][WARNING] - Timeout '0' is invalid. Using default page load timeout: '30'

2022-04-20 13:52:10 - [MESSAGE][PASSED] - Tapped on element 'Object Repository/Partner Gender/Open to All'

2022-04-20 13:52:10 - [TEST_STEP][PASSED] - tap(findTestObject("Partner Gender/forword"), 0): Tapped on element 'Object Repository/Partner Gender/forword'

2022-04-20 13:52:10 - [MESSAGE][WARNING] - Timeout '0' is invalid. Using default page load timeout: '30'

2022-04-20 13:52:11 - [MESSAGE][PASSED] - Tapped on element 'Object Repository/Partner Gender/forword']]></system-out>
         <system-err><![CDATA[]]></system-err>
      </testcase>
      <testcase name="Test Cases/testing/Partner ethnicity" time="10.331" classname="Test Cases/testing/Partner ethnicity" status="PASSED">
         <system-out><![CDATA[2022-04-20 13:52:11 - [TEST_CASE][PASSED] - Test Cases/testing/Partner ethnicity: Test Cases/testing/Partner ethnicity

2022-04-20 13:52:12 - [TEST_STEP][PASSED] - checkElement(findTestObject("Partner Ethnicity/YOUR MATCH"), 5): Element 'Object Repository/Partner Ethnicity/YOUR MATCH' is checked

2022-04-20 13:52:13 - [MESSAGE][PASSED] - Element 'Object Repository/Partner Ethnicity/YOUR MATCH' is checked

2022-04-20 13:52:13 - [TEST_STEP][PASSED] - checkElement(findTestObject("Partner Ethnicity/ETHNICITY label Text"), 5): Element 'Object Repository/Partner Ethnicity/ETHNICITY label Text' is checked

2022-04-20 13:52:14 - [MESSAGE][PASSED] - Element 'Object Repository/Partner Ethnicity/ETHNICITY label Text' is checked

2022-04-20 13:52:14 - [TEST_STEP][PASSED] - tap(findTestObject("Partner Ethnicity/Open To All"), 5): Tapped on element 'Object Repository/Partner Ethnicity/Open To All'

2022-04-20 13:52:14 - [MESSAGE][PASSED] - Tapped on element 'Object Repository/Partner Ethnicity/Open To All'

2022-04-20 13:52:14 - [TEST_STEP][PASSED] - tap(findTestObject("Partner Ethnicity/East Asian"), 5): Tapped on element 'Object Repository/Partner Ethnicity/East Asian'

2022-04-20 13:52:15 - [MESSAGE][PASSED] - Tapped on element 'Object Repository/Partner Ethnicity/East Asian'

2022-04-20 13:52:15 - [TEST_STEP][PASSED] - tap(findTestObject("Partner Ethnicity/Middle Eastern"), 5): Tapped on element 'Object Repository/Partner Ethnicity/Middle Eastern'

2022-04-20 13:52:16 - [MESSAGE][PASSED] - Tapped on element 'Object Repository/Partner Ethnicity/Middle Eastern'

2022-04-20 13:52:16 - [TEST_STEP][PASSED] - tap(findTestObject("Partner Ethnicity/Hispanic"), 5): Tapped on element 'Object Repository/Partner Ethnicity/Hispanic'

2022-04-20 13:52:17 - [MESSAGE][PASSED] - Tapped on element 'Object Repository/Partner Ethnicity/Hispanic'

2022-04-20 13:52:17 - [TEST_STEP][PASSED] - tap(findTestObject("Partner Ethnicity/Multiracial"), 5): Tapped on element 'Object Repository/Partner Ethnicity/Multiracial'

2022-04-20 13:52:18 - [MESSAGE][PASSED] - Tapped on element 'Object Repository/Partner Ethnicity/Multiracial'

2022-04-20 13:52:18 - [TEST_STEP][PASSED] - tap(findTestObject("Partner Ethnicity/White caucasian"), 5): Tapped on element 'Object Repository/Partner Ethnicity/White caucasian'

2022-04-20 13:52:19 - [MESSAGE][PASSED] - Tapped on element 'Object Repository/Partner Ethnicity/White caucasian'

2022-04-20 13:52:19 - [TEST_STEP][PASSED] - tap(findTestObject("Partner Ethnicity/Pacific Islander"), 5): Tapped on element 'Object Repository/Partner Ethnicity/Pacific Islander'

2022-04-20 13:52:20 - [MESSAGE][PASSED] - Tapped on element 'Object Repository/Partner Ethnicity/Pacific Islander'

2022-04-20 13:52:20 - [TEST_STEP][PASSED] - tap(findTestObject("Partner Ethnicity/South Asian"), 5): Tapped on element 'Object Repository/Partner Ethnicity/South Asian'

2022-04-20 13:52:21 - [MESSAGE][PASSED] - Tapped on element 'Object Repository/Partner Ethnicity/South Asian'

2022-04-20 13:52:21 - [TEST_STEP][PASSED] - tap(findTestObject("Partner Ethnicity/forword"), 5): Tapped on element 'Object Repository/Partner Ethnicity/forword'

2022-04-20 13:52:22 - [MESSAGE][PASSED] - Tapped on element 'Object Repository/Partner Ethnicity/forword']]></system-out>
         <system-err><![CDATA[]]></system-err>
      </testcase>
      <testcase name="Test Cases/testing/Partner Religion" time="33.835" classname="Test Cases/testing/Partner Religion" status="FAILED">
         <failure type="FAILED" message="Test Cases/testing/Partner Religion FAILED.
Reason:
com.kms.katalon.core.exception.StepFailedException: Object Object Repository/Partner Religion/The answer to not found
	at com.kms.katalon.core.mobile.helper.MobileElementCommonHelper.findElementWithCheck(MobileElementCommonHelper.java:159)
	at com.kms.katalon.core.mobile.helper.MobileElementCommonHelper.checkElement(MobileElementCommonHelper.java:165)
	at com.kms.katalon.core.mobile.keyword.builtin.CheckElementKeyword$_checkElement_closure1.doCall(CheckElementKeyword.groovy:70)
	at com.kms.katalon.core.mobile.keyword.builtin.CheckElementKeyword$_checkElement_closure1.call(CheckElementKeyword.groovy)
	at com.kms.katalon.core.mobile.keyword.internal.MobileKeywordMain.runKeyword(MobileKeywordMain.groovy:21)
	at com.kms.katalon.core.mobile.keyword.builtin.CheckElementKeyword.checkElement(CheckElementKeyword.groovy:71)
	at com.kms.katalon.core.mobile.keyword.builtin.CheckElementKeyword.execute(CheckElementKeyword.groovy:64)
	at com.kms.katalon.core.keyword.internal.KeywordExecutor.executeKeywordForPlatform(KeywordExecutor.groovy:74)
	at com.kms.katalon.core.mobile.keyword.MobileBuiltInKeywords.checkElement(MobileBuiltInKeywords.groovy:2297)
	at com.kms.katalon.core.mobile.keyword.MobileBuiltInKeywords$checkElement$0.call(Unknown Source)
	at Partner Religion.run(Partner Religion:22)
	at com.kms.katalon.core.main.ScriptEngine.run(ScriptEngine.java:194)
	at com.kms.katalon.core.main.ScriptEngine.runScriptAsRawText(ScriptEngine.java:119)
	at com.kms.katalon.core.main.TestCaseExecutor.runScript(TestCaseExecutor.java:442)
	at com.kms.katalon.core.main.TestCaseExecutor.doExecute(TestCaseExecutor.java:433)
	at com.kms.katalon.core.main.TestCaseExecutor.processExecutionPhase(TestCaseExecutor.java:412)
	at com.kms.katalon.core.main.TestCaseExecutor.accessMainPhase(TestCaseExecutor.java:404)
	at com.kms.katalon.core.main.TestCaseExecutor.execute(TestCaseExecutor.java:281)
	at com.kms.katalon.core.main.TestCaseExecutor.execute(TestCaseExecutor.java:363)
	at com.kms.katalon.core.main.TestCaseExecutor.execute(TestCaseExecutor.java:363)
	at com.kms.katalon.core.main.TestCaseExecutor.execute(TestCaseExecutor.java:363)
	at com.kms.katalon.core.main.TestSuiteExecutor.accessTestCaseMainPhase(TestSuiteExecutor.java:202)
	at com.kms.katalon.core.main.TestSuiteExecutor.accessTestSuiteMainPhase(TestSuiteExecutor.java:164)
	at com.kms.katalon.core.main.TestSuiteExecutor.execute(TestSuiteExecutor.java:105)
	at com.kms.katalon.core.main.TestCaseMain.startTestSuite(TestCaseMain.java:185)
	at com.kms.katalon.core.main.TestCaseMain$startTestSuite$0.call(Unknown Source)
	at TempTestSuite1650444385230.run(TempTestSuite1650444385230.groovy:36)
"/>
         <system-out><![CDATA[2022-04-20 13:53:07 - [TEST_CASE][FAILED] - Test Cases/testing/Partner Religion: Test Cases/testing/Partner Religion FAILED.
Reason:
com.kms.katalon.core.exception.StepFailedException: Object Object Repository/Partner Religion/The answer to not found
	at com.kms.katalon.core.mobile.helper.MobileElementCommonHelper.findElementWithCheck(MobileElementCommonHelper.java:159)
	at com.kms.katalon.core.mobile.helper.MobileElementCommonHelper.checkElement(MobileElementCommonHelper.java:165)
	at com.kms.katalon.core.mobile.keyword.builtin.CheckElementKeyword$_checkElement_closure1.doCall(CheckElementKeyword.groovy:70)
	at com.kms.katalon.core.mobile.keyword.builtin.CheckElementKeyword$_checkElement_closure1.call(CheckElementKeyword.groovy)
	at com.kms.katalon.core.mobile.keyword.internal.MobileKeywordMain.runKeyword(MobileKeywordMain.groovy:21)
	at com.kms.katalon.core.mobile.keyword.builtin.CheckElementKeyword.checkElement(CheckElementKeyword.groovy:71)
	at com.kms.katalon.core.mobile.keyword.builtin.CheckElementKeyword.execute(CheckElementKeyword.groovy:64)
	at com.kms.katalon.core.keyword.internal.KeywordExecutor.executeKeywordForPlatform(KeywordExecutor.groovy:74)
	at com.kms.katalon.core.mobile.keyword.MobileBuiltInKeywords.checkElement(MobileBuiltInKeywords.groovy:2297)
	at com.kms.katalon.core.mobile.keyword.MobileBuiltInKeywords$checkElement$0.call(Unknown Source)
	at Partner Religion.run(Partner Religion:22)
	at com.kms.katalon.core.main.ScriptEngine.run(ScriptEngine.java:194)
	at com.kms.katalon.core.main.ScriptEngine.runScriptAsRawText(ScriptEngine.java:119)
	at com.kms.katalon.core.main.TestCaseExecutor.runScript(TestCaseExecutor.java:442)
	at com.kms.katalon.core.main.TestCaseExecutor.doExecute(TestCaseExecutor.java:433)
	at com.kms.katalon.core.main.TestCaseExecutor.processExecutionPhase(TestCaseExecutor.java:412)
	at com.kms.katalon.core.main.TestCaseExecutor.accessMainPhase(TestCaseExecutor.java:404)
	at com.kms.katalon.core.main.TestCaseExecutor.execute(TestCaseExecutor.java:281)
	at com.kms.katalon.core.main.TestCaseExecutor.execute(TestCaseExecutor.java:363)
	at com.kms.katalon.core.main.TestCaseExecutor.execute(TestCaseExecutor.java:363)
	at com.kms.katalon.core.main.TestCaseExecutor.execute(TestCaseExecutor.java:363)
	at com.kms.katalon.core.main.TestSuiteExecutor.accessTestCaseMainPhase(TestSuiteExecutor.java:202)
	at com.kms.katalon.core.main.TestSuiteExecutor.accessTestSuiteMainPhase(TestSuiteExecutor.java:164)
	at com.kms.katalon.core.main.TestSuiteExecutor.execute(TestSuiteExecutor.java:105)
	at com.kms.katalon.core.main.TestCaseMain.startTestSuite(TestCaseMain.java:185)
	at com.kms.katalon.core.main.TestCaseMain$startTestSuite$0.call(Unknown Source)
	at TempTestSuite1650444385230.run(TempTestSuite1650444385230.groovy:36)


2022-04-20 13:53:07 - [TEST_STEP][PASSED] - checkElement(findTestObject("Partner Religion/YOUR MATCH"), 5): Element 'Object Repository/Partner Religion/YOUR MATCH' is checked

2022-04-20 13:53:09 - [MESSAGE][PASSED] - Element 'Object Repository/Partner Religion/YOUR MATCH' is checked

2022-04-20 13:53:09 - [TEST_STEP][FAILED] - checkElement(findTestObject("Partner Religion/The answer to"), 5): Failed to check element 'Object Repository/Partner Religion/The answer to' (Root cause: com.kms.katalon.core.exception.StepFailedException: Object Object Repository/Partner Religion/The answer to not found
	at com.kms.katalon.core.mobile.helper.MobileElementCommonHelper.findElementWithCheck(MobileElementCommonHelper.java:159)
	at com.kms.katalon.core.mobile.helper.MobileElementCommonHelper.checkElement(MobileElementCommonHelper.java:165)
	at com.kms.katalon.core.mobile.keyword.builtin.CheckElementKeyword$_checkElement_closure1.doCall(CheckElementKeyword.groovy:70)
	at com.kms.katalon.core.mobile.keyword.builtin.CheckElementKeyword$_checkElement_closure1.call(CheckElementKeyword.groovy)
	at com.kms.katalon.core.mobile.keyword.internal.MobileKeywordMain.runKeyword(MobileKeywordMain.groovy:21)
	at com.kms.katalon.core.mobile.keyword.builtin.CheckElementKeyword.checkElement(CheckElementKeyword.groovy:71)
	at com.kms.katalon.core.mobile.keyword.builtin.CheckElementKeyword.execute(CheckElementKeyword.groovy:64)
	at com.kms.katalon.core.keyword.internal.KeywordExecutor.executeKeywordForPlatform(KeywordExecutor.groovy:74)
	at com.kms.katalon.core.mobile.keyword.MobileBuiltInKeywords.checkElement(MobileBuiltInKeywords.groovy:2297)
	at com.kms.katalon.core.mobile.keyword.MobileBuiltInKeywords$checkElement$0.call(Unknown Source)
	at Partner Religion.run(Partner Religion:22)
	at com.kms.katalon.core.main.ScriptEngine.run(ScriptEngine.java:194)
	at com.kms.katalon.core.main.ScriptEngine.runScriptAsRawText(ScriptEngine.java:119)
	at com.kms.katalon.core.main.TestCaseExecutor.runScript(TestCaseExecutor.java:442)
	at com.kms.katalon.core.main.TestCaseExecutor.doExecute(TestCaseExecutor.java:433)
	at com.kms.katalon.core.main.TestCaseExecutor.processExecutionPhase(TestCaseExecutor.java:412)
	at com.kms.katalon.core.main.TestCaseExecutor.accessMainPhase(TestCaseExecutor.java:404)
	at com.kms.katalon.core.main.TestCaseExecutor.execute(TestCaseExecutor.java:281)
	at com.kms.katalon.core.main.TestCaseExecutor.execute(TestCaseExecutor.java:363)
	at com.kms.katalon.core.main.TestCaseExecutor.execute(TestCaseExecutor.java:363)
	at com.kms.katalon.core.main.TestCaseExecutor.execute(TestCaseExecutor.java:363)
	at com.kms.katalon.core.main.TestSuiteExecutor.accessTestCaseMainPhase(TestSuiteExecutor.java:202)
	at com.kms.katalon.core.main.TestSuiteExecutor.accessTestSuiteMainPhase(TestSuiteExecutor.java:164)
	at com.kms.katalon.core.main.TestSuiteExecutor.execute(TestSuiteExecutor.java:105)
	at com.kms.katalon.core.main.TestCaseMain.startTestSuite(TestCaseMain.java:185)
	at com.kms.katalon.core.main.TestCaseMain$startTestSuite$0.call(Unknown Source)
	at TempTestSuite1650444385230.run(TempTestSuite1650444385230.groovy:36)
)

2022-04-20 13:53:41 - [MESSAGE][FAILED] - Failed to check element 'Object Repository/Partner Religion/The answer to' (Root cause: com.kms.katalon.core.exception.StepFailedException: Object Object Repository/Partner Religion/The answer to not found
	at com.kms.katalon.core.mobile.helper.MobileElementCommonHelper.findElementWithCheck(MobileElementCommonHelper.java:159)
	at com.kms.katalon.core.mobile.helper.MobileElementCommonHelper.checkElement(MobileElementCommonHelper.java:165)
	at com.kms.katalon.core.mobile.keyword.builtin.CheckElementKeyword$_checkElement_closure1.doCall(CheckElementKeyword.groovy:70)
	at com.kms.katalon.core.mobile.keyword.builtin.CheckElementKeyword$_checkElement_closure1.call(CheckElementKeyword.groovy)
	at com.kms.katalon.core.mobile.keyword.internal.MobileKeywordMain.runKeyword(MobileKeywordMain.groovy:21)
	at com.kms.katalon.core.mobile.keyword.builtin.CheckElementKeyword.checkElement(CheckElementKeyword.groovy:71)
	at com.kms.katalon.core.mobile.keyword.builtin.CheckElementKeyword.execute(CheckElementKeyword.groovy:64)
	at com.kms.katalon.core.keyword.internal.KeywordExecutor.executeKeywordForPlatform(KeywordExecutor.groovy:74)
	at com.kms.katalon.core.mobile.keyword.MobileBuiltInKeywords.checkElement(MobileBuiltInKeywords.groovy:2297)
	at com.kms.katalon.core.mobile.keyword.MobileBuiltInKeywords$checkElement$0.call(Unknown Source)
	at Partner Religion.run(Partner Religion:22)
	at com.kms.katalon.core.main.ScriptEngine.run(ScriptEngine.java:194)
	at com.kms.katalon.core.main.ScriptEngine.runScriptAsRawText(ScriptEngine.java:119)
	at com.kms.katalon.core.main.TestCaseExecutor.runScript(TestCaseExecutor.java:442)
	at com.kms.katalon.core.main.TestCaseExecutor.doExecute(TestCaseExecutor.java:433)
	at com.kms.katalon.core.main.TestCaseExecutor.processExecutionPhase(TestCaseExecutor.java:412)
	at com.kms.katalon.core.main.TestCaseExecutor.accessMainPhase(TestCaseExecutor.java:404)
	at com.kms.katalon.core.main.TestCaseExecutor.execute(TestCaseExecutor.java:281)
	at com.kms.katalon.core.main.TestCaseExecutor.execute(TestCaseExecutor.java:363)
	at com.kms.katalon.core.main.TestCaseExecutor.execute(TestCaseExecutor.java:363)
	at com.kms.katalon.core.main.TestCaseExecutor.execute(TestCaseExecutor.java:363)
	at com.kms.katalon.core.main.TestSuiteExecutor.accessTestCaseMainPhase(TestSuiteExecutor.java:202)
	at com.kms.katalon.core.main.TestSuiteExecutor.accessTestSuiteMainPhase(TestSuiteExecutor.java:164)
	at com.kms.katalon.core.main.TestSuiteExecutor.execute(TestSuiteExecutor.java:105)
	at com.kms.katalon.core.main.TestCaseMain.startTestSuite(TestCaseMain.java:185)
	at com.kms.katalon.core.main.TestCaseMain$startTestSuite$0.call(Unknown Source)
	at TempTestSuite1650444385230.run(TempTestSuite1650444385230.groovy:36)
)
[[ATTACHMENT|C:\\Users\\Dev\\Katalon Studio\\SpotLove_Stagging\\Reports\\20220420_134625\\Testing SpotLove\\20220420_134625\\1650444820097.png]]]]></system-out>
         <system-err><![CDATA[2022-04-20 13:53:07 - [TEST_CASE][FAILED] - Test Cases/testing/Partner Religion: Test Cases/testing/Partner Religion FAILED.
Reason:
com.kms.katalon.core.exception.StepFailedException: Object Object Repository/Partner Religion/The answer to not found
	at com.kms.katalon.core.mobile.helper.MobileElementCommonHelper.findElementWithCheck(MobileElementCommonHelper.java:159)
	at com.kms.katalon.core.mobile.helper.MobileElementCommonHelper.checkElement(MobileElementCommonHelper.java:165)
	at com.kms.katalon.core.mobile.keyword.builtin.CheckElementKeyword$_checkElement_closure1.doCall(CheckElementKeyword.groovy:70)
	at com.kms.katalon.core.mobile.keyword.builtin.CheckElementKeyword$_checkElement_closure1.call(CheckElementKeyword.groovy)
	at com.kms.katalon.core.mobile.keyword.internal.MobileKeywordMain.runKeyword(MobileKeywordMain.groovy:21)
	at com.kms.katalon.core.mobile.keyword.builtin.CheckElementKeyword.checkElement(CheckElementKeyword.groovy:71)
	at com.kms.katalon.core.mobile.keyword.builtin.CheckElementKeyword.execute(CheckElementKeyword.groovy:64)
	at com.kms.katalon.core.keyword.internal.KeywordExecutor.executeKeywordForPlatform(KeywordExecutor.groovy:74)
	at com.kms.katalon.core.mobile.keyword.MobileBuiltInKeywords.checkElement(MobileBuiltInKeywords.groovy:2297)
	at com.kms.katalon.core.mobile.keyword.MobileBuiltInKeywords$checkElement$0.call(Unknown Source)
	at Partner Religion.run(Partner Religion:22)
	at com.kms.katalon.core.main.ScriptEngine.run(ScriptEngine.java:194)
	at com.kms.katalon.core.main.ScriptEngine.runScriptAsRawText(ScriptEngine.java:119)
	at com.kms.katalon.core.main.TestCaseExecutor.runScript(TestCaseExecutor.java:442)
	at com.kms.katalon.core.main.TestCaseExecutor.doExecute(TestCaseExecutor.java:433)
	at com.kms.katalon.core.main.TestCaseExecutor.processExecutionPhase(TestCaseExecutor.java:412)
	at com.kms.katalon.core.main.TestCaseExecutor.accessMainPhase(TestCaseExecutor.java:404)
	at com.kms.katalon.core.main.TestCaseExecutor.execute(TestCaseExecutor.java:281)
	at com.kms.katalon.core.main.TestCaseExecutor.execute(TestCaseExecutor.java:363)
	at com.kms.katalon.core.main.TestCaseExecutor.execute(TestCaseExecutor.java:363)
	at com.kms.katalon.core.main.TestCaseExecutor.execute(TestCaseExecutor.java:363)
	at com.kms.katalon.core.main.TestSuiteExecutor.accessTestCaseMainPhase(TestSuiteExecutor.java:202)
	at com.kms.katalon.core.main.TestSuiteExecutor.accessTestSuiteMainPhase(TestSuiteExecutor.java:164)
	at com.kms.katalon.core.main.TestSuiteExecutor.execute(TestSuiteExecutor.java:105)
	at com.kms.katalon.core.main.TestCaseMain.startTestSuite(TestCaseMain.java:185)
	at com.kms.katalon.core.main.TestCaseMain$startTestSuite$0.call(Unknown Source)
	at TempTestSuite1650444385230.run(TempTestSuite1650444385230.groovy:36)]]></system-err>
      </testcase>
      <testcase name="Test Cases/testing/Partner Marital Status" time="16.88" classname="Test Cases/testing/Partner Marital Status" status="PASSED">
         <system-out><![CDATA[2022-04-20 13:53:44 - [TEST_CASE][PASSED] - Test Cases/testing/Partner Marital Status: Test Cases/testing/Partner Marital Status

2022-04-20 13:53:44 - [TEST_STEP][PASSED] - checkElement(findTestObject("Partner Marital Status/YOUR MATCH"), 5): Element 'Object Repository/Partner Marital Status/YOUR MATCH' is checked

2022-04-20 13:53:44 - [MESSAGE][PASSED] - Element 'Object Repository/Partner Marital Status/YOUR MATCH' is checked

2022-04-20 13:53:44 - [TEST_STEP][PASSED] - checkElement(findTestObject("Partner Marital Status/Obviously your"), 5): Element 'Object Repository/Partner Marital Status/Obviously your' is checked

2022-04-20 13:53:52 - [MESSAGE][PASSED] - Element 'Object Repository/Partner Marital Status/Obviously your' is checked

2022-04-20 13:53:52 - [TEST_STEP][PASSED] - checkElement(findTestObject("Partner Marital Status/MARITAL STATUS label Text"), 5): Element 'Object Repository/Partner Marital Status/MARITAL STATUS label Text' is checked

2022-04-20 13:53:52 - [MESSAGE][PASSED] - Element 'Object Repository/Partner Marital Status/MARITAL STATUS label Text' is checked

2022-04-20 13:53:52 - [TEST_STEP][PASSED] - tap(findTestObject("Partner Marital Status/Open To All"), 5): Tapped on element 'Object Repository/Partner Marital Status/Open To All'

2022-04-20 13:53:53 - [MESSAGE][PASSED] - Tapped on element 'Object Repository/Partner Marital Status/Open To All'

2022-04-20 13:53:53 - [TEST_STEP][PASSED] - tap(findTestObject("Partner Marital Status/Never Married"), 5): Tapped on element 'Object Repository/Partner Marital Status/Never Married'

2022-04-20 13:53:54 - [MESSAGE][PASSED] - Tapped on element 'Object Repository/Partner Marital Status/Never Married'

2022-04-20 13:53:54 - [TEST_STEP][PASSED] - tap(findTestObject("Partner Marital Status/Divorced"), 5): Tapped on element 'Object Repository/Partner Marital Status/Divorced'

2022-04-20 13:53:55 - [MESSAGE][PASSED] - Tapped on element 'Object Repository/Partner Marital Status/Divorced'

2022-04-20 13:53:55 - [TEST_STEP][PASSED] - tap(findTestObject("Partner Marital Status/Separated"), 5): Tapped on element 'Object Repository/Partner Marital Status/Separated'

2022-04-20 13:53:56 - [MESSAGE][PASSED] - Tapped on element 'Object Repository/Partner Marital Status/Separated'

2022-04-20 13:53:56 - [TEST_STEP][PASSED] - tap(findTestObject("Partner Marital Status/divorce in Progress"), 5): Tapped on element 'Object Repository/Partner Marital Status/divorce in Progress'

2022-04-20 13:53:57 - [MESSAGE][PASSED] - Tapped on element 'Object Repository/Partner Marital Status/divorce in Progress'

2022-04-20 13:53:57 - [TEST_STEP][PASSED] - tap(findTestObject("Partner Marital Status/Widowed"), 5): Tapped on element 'Object Repository/Partner Marital Status/Widowed'

2022-04-20 13:53:58 - [MESSAGE][PASSED] - Tapped on element 'Object Repository/Partner Marital Status/Widowed'

2022-04-20 13:53:58 - [TEST_STEP][PASSED] - tap(findTestObject("Partner Marital Status/Open To All"), 5): Tapped on element 'Object Repository/Partner Marital Status/Open To All'

2022-04-20 13:53:59 - [MESSAGE][PASSED] - Tapped on element 'Object Repository/Partner Marital Status/Open To All'

2022-04-20 13:53:59 - [TEST_STEP][PASSED] - tap(findTestObject("Partner Marital Status/Forword"), 5): Tapped on element 'Object Repository/Partner Marital Status/Forword'

2022-04-20 13:54:01 - [MESSAGE][PASSED] - Tapped on element 'Object Repository/Partner Marital Status/Forword']]></system-out>
         <system-err><![CDATA[]]></system-err>
      </testcase>
      <testcase name="Test Cases/testing/partner Family Plan" time="34.324" classname="Test Cases/testing/partner Family Plan" status="PASSED">
         <system-out><![CDATA[2022-04-20 13:54:01 - [TEST_CASE][PASSED] - Test Cases/testing/partner Family Plan: Test Cases/testing/partner Family Plan

2022-04-20 13:54:01 - [TEST_STEP][PASSED] - checkElement(findTestObject("partner Family Plans/YOUR MATCH"), 0): Element 'Object Repository/partner Family Plans/YOUR MATCH' is checked

2022-04-20 13:54:01 - [MESSAGE][WARNING] - Timeout '0' is invalid. Using default page load timeout: '30'

2022-04-20 13:54:02 - [MESSAGE][PASSED] - Element 'Object Repository/partner Family Plans/YOUR MATCH' is checked

2022-04-20 13:54:02 - [TEST_STEP][PASSED] - checkElement(findTestObject("partner Family Plans/You can"), 0): Element 'Object Repository/partner Family Plans/You can' is checked

2022-04-20 13:54:02 - [MESSAGE][WARNING] - Timeout '0' is invalid. Using default page load timeout: '30'

2022-04-20 13:54:26 - [MESSAGE][PASSED] - Element 'Object Repository/partner Family Plans/You can' is checked

2022-04-20 13:54:26 - [TEST_STEP][PASSED] - checkElement(findTestObject("partner Family Plans/CHILDREN label Text"), 0): Element 'Object Repository/partner Family Plans/CHILDREN label Text' is checked

2022-04-20 13:54:26 - [MESSAGE][WARNING] - Timeout '0' is invalid. Using default page load timeout: '30'

2022-04-20 13:54:27 - [MESSAGE][PASSED] - Element 'Object Repository/partner Family Plans/CHILDREN label Text' is checked

2022-04-20 13:54:27 - [TEST_STEP][PASSED] - tap(findTestObject("partner Family Plans/Open To All"), 5): Tapped on element 'Object Repository/partner Family Plans/Open To All'

2022-04-20 13:54:27 - [MESSAGE][PASSED] - Tapped on element 'Object Repository/partner Family Plans/Open To All'

2022-04-20 13:54:27 - [TEST_STEP][PASSED] - tap(findTestObject("partner Family Plans/I have Children"), 5): Tapped on element 'Object Repository/partner Family Plans/I have Children'

2022-04-20 13:54:28 - [MESSAGE][PASSED] - Tapped on element 'Object Repository/partner Family Plans/I have Children'

2022-04-20 13:54:28 - [TEST_STEP][PASSED] - tap(findTestObject("partner Family Plans/I dont want Children"), 5): Tapped on element 'Object Repository/partner Family Plans/I dont want Children'

2022-04-20 13:54:29 - [MESSAGE][PASSED] - Tapped on element 'Object Repository/partner Family Plans/I dont want Children'

2022-04-20 13:54:29 - [TEST_STEP][PASSED] - tap(findTestObject("partner Family Plans/I want children"), 5): Tapped on element 'Object Repository/partner Family Plans/I want children'

2022-04-20 13:54:31 - [MESSAGE][PASSED] - Tapped on element 'Object Repository/partner Family Plans/I want children'

2022-04-20 13:54:31 - [TEST_STEP][PASSED] - tap(findTestObject("partner Family Plans/Open To All"), 5): Tapped on element 'Object Repository/partner Family Plans/Open To All'

2022-04-20 13:54:31 - [MESSAGE][PASSED] - Tapped on element 'Object Repository/partner Family Plans/Open To All'

2022-04-20 13:54:31 - [TEST_STEP][PASSED] - tap(findTestObject("partner Family Plans/I dont Have Children"), 5): Tapped on element 'Object Repository/partner Family Plans/I dont Have Children'

2022-04-20 13:54:33 - [MESSAGE][PASSED] - Tapped on element 'Object Repository/partner Family Plans/I dont Have Children'

2022-04-20 13:54:33 - [TEST_STEP][PASSED] - tap(findTestObject("partner Family Plans/I want children"), 5): Tapped on element 'Object Repository/partner Family Plans/I want children'

2022-04-20 13:54:33 - [MESSAGE][PASSED] - Tapped on element 'Object Repository/partner Family Plans/I want children'

2022-04-20 13:54:33 - [TEST_STEP][PASSED] - tap(findTestObject("partner Family Plans/I m open To children"), 5): Tapped on element 'Object Repository/partner Family Plans/I m open To children'

2022-04-20 13:54:34 - [MESSAGE][PASSED] - Tapped on element 'Object Repository/partner Family Plans/I m open To children'

2022-04-20 13:54:34 - [TEST_STEP][PASSED] - tap(findTestObject("partner Family Plans/forword"), 5): Tapped on element 'Object Repository/partner Family Plans/forword'

2022-04-20 13:54:35 - [MESSAGE][PASSED] - Tapped on element 'Object Repository/partner Family Plans/forword']]></system-out>
         <system-err><![CDATA[]]></system-err>
      </testcase>
      <testcase name="Test Cases/testing/Partner Education" time="11.465" classname="Test Cases/testing/Partner Education" status="PASSED">
         <system-out><![CDATA[2022-04-20 13:54:35 - [TEST_CASE][PASSED] - Test Cases/testing/Partner Education: Test Cases/testing/Partner Education

2022-04-20 13:54:35 - [TEST_STEP][PASSED] - checkElement(findTestObject("Partner Education/YOUR MATCH"), 5): Element 'Object Repository/Partner Education/YOUR MATCH' is checked

2022-04-20 13:54:37 - [MESSAGE][PASSED] - Element 'Object Repository/Partner Education/YOUR MATCH' is checked

2022-04-20 13:54:37 - [TEST_STEP][PASSED] - checkElement(findTestObject("Partner Education/Who gets an A in your book label text"), 5): Element 'Object Repository/Partner Education/Who gets an A in your book label text' is checked

2022-04-20 13:54:38 - [MESSAGE][PASSED] - Element 'Object Repository/Partner Education/Who gets an A in your book label text' is checked

2022-04-20 13:54:38 - [TEST_STEP][PASSED] - checkElement(findTestObject("Partner Education/EDUCATION label text"), 5): Element 'Object Repository/Partner Education/EDUCATION label text' is checked

2022-04-20 13:54:39 - [MESSAGE][PASSED] - Element 'Object Repository/Partner Education/EDUCATION label text' is checked

2022-04-20 13:54:39 - [TEST_STEP][PASSED] - tap(findTestObject("Partner Education/Open To All"), 5): Tapped on element 'Object Repository/Partner Education/Open To All'

2022-04-20 13:54:40 - [MESSAGE][PASSED] - Tapped on element 'Object Repository/Partner Education/Open To All'

2022-04-20 13:54:40 - [TEST_STEP][PASSED] - tap(findTestObject("Partner Education/PHD Doctor"), 5): Tapped on element 'Object Repository/Partner Education/PHD Doctor'

2022-04-20 13:54:41 - [MESSAGE][PASSED] - Tapped on element 'Object Repository/Partner Education/PHD Doctor'

2022-04-20 13:54:41 - [TEST_STEP][PASSED] - tap(findTestObject("Partner Education/Some College"), 5): Tapped on element 'Object Repository/Partner Education/Some College'

2022-04-20 13:54:42 - [MESSAGE][PASSED] - Tapped on element 'Object Repository/Partner Education/Some College'

2022-04-20 13:54:42 - [TEST_STEP][PASSED] - tap(findTestObject("Partner Education/HS Diploma CheckBox"), 5): Tapped on element 'Object Repository/Partner Education/HS Diploma CheckBox'

2022-04-20 13:54:43 - [MESSAGE][PASSED] - Tapped on element 'Object Repository/Partner Education/HS Diploma CheckBox'

2022-04-20 13:54:43 - [TEST_STEP][PASSED] - tap(findTestObject("Partner Education/PHD Doctor"), 5): Tapped on element 'Object Repository/Partner Education/PHD Doctor'

2022-04-20 13:54:44 - [MESSAGE][PASSED] - Tapped on element 'Object Repository/Partner Education/PHD Doctor'

2022-04-20 13:54:44 - [TEST_STEP][PASSED] - tap(findTestObject("Partner Education/Graduation Professtional Degree"), 5): Tapped on element 'Object Repository/Partner Education/Graduation Professtional Degree'

2022-04-20 13:54:45 - [MESSAGE][PASSED] - Tapped on element 'Object Repository/Partner Education/Graduation Professtional Degree'

2022-04-20 13:54:45 - [TEST_STEP][PASSED] - tap(findTestObject("Partner Education/forword"), 5): Tapped on element 'Object Repository/Partner Education/forword'

2022-04-20 13:54:46 - [MESSAGE][PASSED] - Tapped on element 'Object Repository/Partner Education/forword']]></system-out>
         <system-err><![CDATA[]]></system-err>
      </testcase>
      <testcase name="Test Cases/testing/Partner Vices" time="18.869" classname="Test Cases/testing/Partner Vices" status="PASSED">
         <system-out><![CDATA[2022-04-20 13:54:46 - [TEST_CASE][PASSED] - Test Cases/testing/Partner Vices: Test Cases/testing/Partner Vices

2022-04-20 13:54:47 - [TEST_STEP][PASSED] - checkElement(findTestObject("Partner Vices/YOUR MATCH"), 5): Element 'Object Repository/Partner Vices/YOUR MATCH' is checked

2022-04-20 13:54:47 - [MESSAGE][PASSED] - Element 'Object Repository/Partner Vices/YOUR MATCH' is checked

2022-04-20 13:54:47 - [TEST_STEP][PASSED] - checkElement(findTestObject("Partner Vices/No judgement here label text"), 5): Element 'Object Repository/Partner Vices/No judgement here label text' is checked

2022-04-20 13:54:49 - [MESSAGE][PASSED] - Element 'Object Repository/Partner Vices/No judgement here label text' is checked

2022-04-20 13:54:49 - [TEST_STEP][PASSED] - checkElement(findTestObject("Partner Vices/SMOKING Label Text"), 5): Element 'Object Repository/Partner Vices/SMOKING Label Text' is checked

2022-04-20 13:54:50 - [MESSAGE][PASSED] - Element 'Object Repository/Partner Vices/SMOKING Label Text' is checked

2022-04-20 13:54:50 - [TEST_STEP][PASSED] - tap(findTestObject("Partner Vices/Open To All SM"), 5): Tapped on element 'Object Repository/Partner Vices/Open To All SM'

2022-04-20 13:54:51 - [MESSAGE][PASSED] - Tapped on element 'Object Repository/Partner Vices/Open To All SM'

2022-04-20 13:54:51 - [TEST_STEP][PASSED] - tap(findTestObject("Partner Vices/Often Checkbox"), 5): Tapped on element 'Object Repository/Partner Vices/Often Checkbox'

2022-04-20 13:54:52 - [MESSAGE][PASSED] - Tapped on element 'Object Repository/Partner Vices/Often Checkbox'

2022-04-20 13:54:52 - [TEST_STEP][PASSED] - tap(findTestObject("Partner Vices/Never Checkbox"), 5): Tapped on element 'Object Repository/Partner Vices/Never Checkbox'

2022-04-20 13:54:53 - [MESSAGE][PASSED] - Tapped on element 'Object Repository/Partner Vices/Never Checkbox'

2022-04-20 13:54:53 - [TEST_STEP][PASSED] - tap(findTestObject("Partner Vices/socially Checkbox"), 5): Tapped on element 'Object Repository/Partner Vices/socially Checkbox'

2022-04-20 13:54:54 - [MESSAGE][PASSED] - Tapped on element 'Object Repository/Partner Vices/socially Checkbox'

2022-04-20 13:54:54 - [TEST_STEP][PASSED] - checkElement(findTestObject("Partner Vices/ALCOHOL label text"), 5): Element 'Object Repository/Partner Vices/ALCOHOL label text' is checked

2022-04-20 13:54:56 - [MESSAGE][PASSED] - Element 'Object Repository/Partner Vices/ALCOHOL label text' is checked

2022-04-20 13:54:56 - [TEST_STEP][PASSED] - tap(findTestObject("Partner Vices/Open to all AL"), 5): Tapped on element 'Object Repository/Partner Vices/Open to all AL'

2022-04-20 13:54:56 - [MESSAGE][PASSED] - Tapped on element 'Object Repository/Partner Vices/Open to all AL'

2022-04-20 13:54:56 - [TEST_STEP][PASSED] - tap(findTestObject("Partner Vices/Often checkbox AL"), 5): Tapped on element 'Object Repository/Partner Vices/Often checkbox AL'

2022-04-20 13:54:57 - [MESSAGE][PASSED] - Tapped on element 'Object Repository/Partner Vices/Often checkbox AL'

2022-04-20 13:54:57 - [TEST_STEP][PASSED] - tap(findTestObject("Partner Vices/Socially checkbox AL"), 5): Tapped on element 'Object Repository/Partner Vices/Socially checkbox AL'

2022-04-20 13:54:59 - [MESSAGE][PASSED] - Tapped on element 'Object Repository/Partner Vices/Socially checkbox AL'

2022-04-20 13:54:59 - [TEST_STEP][PASSED] - tap(findTestObject("Partner Vices/Never checkbox AL"), 5): Tapped on element 'Object Repository/Partner Vices/Never checkbox AL'

2022-04-20 13:54:59 - [MESSAGE][PASSED] - Tapped on element 'Object Repository/Partner Vices/Never checkbox AL'

2022-04-20 13:54:59 - [TEST_STEP][PASSED] - checkElement(findTestObject("Partner Vices/MARIJUANA"), 5): Element 'Object Repository/Partner Vices/MARIJUANA' is checked

2022-04-20 13:55:00 - [MESSAGE][PASSED] - Element 'Object Repository/Partner Vices/MARIJUANA' is checked

2022-04-20 13:55:00 - [TEST_STEP][PASSED] - tap(findTestObject("Partner Vices/open To All Mari"), 5): Tapped on element 'Object Repository/Partner Vices/open To All Mari'

2022-04-20 13:55:02 - [MESSAGE][PASSED] - Tapped on element 'Object Repository/Partner Vices/open To All Mari'

2022-04-20 13:55:02 - [TEST_STEP][PASSED] - tap(findTestObject("Partner Vices/Socially checkbox Mari"), 5): Tapped on element 'Object Repository/Partner Vices/Socially checkbox Mari'

2022-04-20 13:55:03 - [MESSAGE][PASSED] - Tapped on element 'Object Repository/Partner Vices/Socially checkbox Mari'

2022-04-20 13:55:03 - [TEST_STEP][PASSED] - tap(findTestObject("Partner Vices/Never checkbox Mari"), 5): Tapped on element 'Object Repository/Partner Vices/Never checkbox Mari'

2022-04-20 13:55:03 - [MESSAGE][PASSED] - Tapped on element 'Object Repository/Partner Vices/Never checkbox Mari'

2022-04-20 13:55:03 - [TEST_STEP][PASSED] - tap(findTestObject("Partner Vices/Ofter checkbox Mari"), 5): Tapped on element 'Object Repository/Partner Vices/Ofter checkbox Mari'

2022-04-20 13:55:04 - [MESSAGE][PASSED] - Tapped on element 'Object Repository/Partner Vices/Ofter checkbox Mari'

2022-04-20 13:55:04 - [TEST_STEP][PASSED] - tap(findTestObject("Partner Vices/forword"), 5): Tapped on element 'Object Repository/Partner Vices/forword'

2022-04-20 13:55:05 - [MESSAGE][PASSED] - Tapped on element 'Object Repository/Partner Vices/forword']]></system-out>
         <system-err><![CDATA[]]></system-err>
      </testcase>
      <testcase name="Test Cases/testing/Partner Politics" time="7.888" classname="Test Cases/testing/Partner Politics" status="PASSED">
         <system-out><![CDATA[2022-04-20 13:55:26 - [TEST_CASE][PASSED] - Test Cases/testing/Partner Politics: Test Cases/testing/Partner Politics

2022-04-20 13:55:26 - [TEST_STEP][PASSED] - checkElement(findTestObject("Partner Politices/YOUR MATCH"), 5): Element 'Object Repository/Partner Politices/YOUR MATCH' is checked

2022-04-20 13:55:27 - [MESSAGE][PASSED] - Element 'Object Repository/Partner Politices/YOUR MATCH' is checked

2022-04-20 13:55:27 - [TEST_STEP][PASSED] - checkElement(findTestObject("Partner Politices/You can always agree to disagree"), 5): Element 'Object Repository/Partner Politices/You can always agree to disagree' is checked

2022-04-20 13:55:27 - [MESSAGE][PASSED] - Element 'Object Repository/Partner Politices/You can always agree to disagree' is checked

2022-04-20 13:55:27 - [TEST_STEP][PASSED] - checkElement(findTestObject("Partner Politices/POLITICS label text"), 5): Element 'Object Repository/Partner Politices/POLITICS label text' is checked

2022-04-20 13:55:28 - [MESSAGE][PASSED] - Element 'Object Repository/Partner Politices/POLITICS label text' is checked

2022-04-20 13:55:28 - [TEST_STEP][PASSED] - tap(findTestObject("Partner Politices/open to all"), 5): Tapped on element 'Object Repository/Partner Politices/open to all'

2022-04-20 13:55:30 - [MESSAGE][PASSED] - Tapped on element 'Object Repository/Partner Politices/open to all'

2022-04-20 13:55:30 - [TEST_STEP][PASSED] - tap(findTestObject("Partner Politices/Moderate"), 5): Tapped on element 'Object Repository/Partner Politices/Moderate'

2022-04-20 13:55:31 - [MESSAGE][PASSED] - Tapped on element 'Object Repository/Partner Politices/Moderate'

2022-04-20 13:55:31 - [TEST_STEP][PASSED] - tap(findTestObject("Partner Politices/conservative"), 5): Tapped on element 'Object Repository/Partner Politices/conservative'

2022-04-20 13:55:32 - [MESSAGE][PASSED] - Tapped on element 'Object Repository/Partner Politices/conservative'

2022-04-20 13:55:32 - [TEST_STEP][PASSED] - tap(findTestObject("Partner Politices/Liberal"), 5): Tapped on element 'Object Repository/Partner Politices/Liberal'

2022-04-20 13:55:33 - [MESSAGE][PASSED] - Tapped on element 'Object Repository/Partner Politices/Liberal'

2022-04-20 13:55:33 - [TEST_STEP][PASSED] - tap(findTestObject("Partner Politices/forword"), 5): Tapped on element 'Object Repository/Partner Politices/forword'

2022-04-20 13:55:34 - [MESSAGE][PASSED] - Tapped on element 'Object Repository/Partner Politices/forword']]></system-out>
         <system-err><![CDATA[]]></system-err>
      </testcase>
      <testcase name="Test Cases/testing/completed App" time="4.587" classname="Test Cases/testing/completed App" status="PASSED">
         <system-out><![CDATA[2022-04-20 13:55:34 - [TEST_CASE][PASSED] - Test Cases/testing/completed App: Test Cases/testing/completed App

2022-04-20 13:55:34 - [TEST_STEP][PASSED] - checkElement(findTestObject("Completed App/CONGRATS"), 0): Element 'Object Repository/Completed App/CONGRATS' is checked

2022-04-20 13:55:34 - [MESSAGE][WARNING] - Timeout '0' is invalid. Using default page load timeout: '30'

2022-04-20 13:55:36 - [MESSAGE][PASSED] - Element 'Object Repository/Completed App/CONGRATS' is checked

2022-04-20 13:55:36 - [TEST_STEP][PASSED] - checkElement(findTestObject("Completed App/You are done"), 0): Element 'Object Repository/Completed App/You are done' is checked

2022-04-20 13:55:36 - [MESSAGE][WARNING] - Timeout '0' is invalid. Using default page load timeout: '30'

2022-04-20 13:55:37 - [MESSAGE][PASSED] - Element 'Object Repository/Completed App/You are done' is checked

2022-04-20 13:55:37 - [TEST_STEP][PASSED] - checkElement(findTestObject("Completed App/Or really label text"), 0): Element 'Object Repository/Completed App/Or really label text' is checked

2022-04-20 13:55:37 - [MESSAGE][WARNING] - Timeout '0' is invalid. Using default page load timeout: '30'

2022-04-20 13:55:38 - [MESSAGE][PASSED] - Element 'Object Repository/Completed App/Or really label text' is checked

2022-04-20 13:55:38 - [TEST_STEP][PASSED] - tap(findTestObject("Completed App/Lets See Whats next Button"), 0): Tapped on element 'Object Repository/Completed App/Lets See Whats next Button'

2022-04-20 13:55:38 - [MESSAGE][WARNING] - Timeout '0' is invalid. Using default page load timeout: '30'

2022-04-20 13:55:38 - [MESSAGE][PASSED] - Tapped on element 'Object Repository/Completed App/Lets See Whats next Button']]></system-out>
         <system-err><![CDATA[]]></system-err>
      </testcase>
      <system-out><![CDATA[2022-04-20 13:46:37 - [TEST_SUITE][FAILED] - Testing SpotLove: Test Cases/testing/Location Verification FAILED.
Reason:
com.kms.katalon.core.exception.StepFailedException: Object Object Repository/Location screen/ABOUT YOU label text not found
	at com.kms.katalon.core.mobile.helper.MobileElementCommonHelper.findElementWithCheck(MobileElementCommonHelper.java:159)
	at com.kms.katalon.core.mobile.helper.MobileElementCommonHelper.checkElement(MobileElementCommonHelper.java:165)
	at com.kms.katalon.core.mobile.keyword.builtin.CheckElementKeyword$_checkElement_closure1.doCall(CheckElementKeyword.groovy:70)
	at com.kms.katalon.core.mobile.keyword.builtin.CheckElementKeyword$_checkElement_closure1.call(CheckElementKeyword.groovy)
	at com.kms.katalon.core.mobile.keyword.internal.MobileKeywordMain.runKeyword(MobileKeywordMain.groovy:21)
	at com.kms.katalon.core.mobile.keyword.builtin.CheckElementKeyword.checkElement(CheckElementKeyword.groovy:71)
	at com.kms.katalon.core.mobile.keyword.builtin.CheckElementKeyword.execute(CheckElementKeyword.groovy:64)
	at com.kms.katalon.core.keyword.internal.KeywordExecutor.executeKeywordForPlatform(KeywordExecutor.groovy:74)
	at com.kms.katalon.core.mobile.keyword.MobileBuiltInKeywords.checkElement(MobileBuiltInKeywords.groovy:2297)
	at com.kms.katalon.core.mobile.keyword.MobileBuiltInKeywords$checkElement$0.call(Unknown Source)
	at Location Verification.run(Location Verification:20)
	at com.kms.katalon.core.main.ScriptEngine.run(ScriptEngine.java:194)
	at com.kms.katalon.core.main.ScriptEngine.runScriptAsRawText(ScriptEngine.java:119)
	at com.kms.katalon.core.main.TestCaseExecutor.runScript(TestCaseExecutor.java:442)
	at com.kms.katalon.core.main.TestCaseExecutor.doExecute(TestCaseExecutor.java:433)
	at com.kms.katalon.core.main.TestCaseExecutor.processExecutionPhase(TestCaseExecutor.java:412)
	at com.kms.katalon.core.main.TestCaseExecutor.accessMainPhase(TestCaseExecutor.java:404)
	at com.kms.katalon.core.main.TestCaseExecutor.execute(TestCaseExecutor.java:281)
	at com.kms.katalon.core.main.TestSuiteExecutor.accessTestCaseMainPhase(TestSuiteExecutor.java:202)
	at com.kms.katalon.core.main.TestSuiteExecutor.accessTestSuiteMainPhase(TestSuiteExecutor.java:164)
	at com.kms.katalon.core.main.TestSuiteExecutor.execute(TestSuiteExecutor.java:105)
	at com.kms.katalon.core.main.TestCaseMain.startTestSuite(TestCaseMain.java:185)
	at com.kms.katalon.core.main.TestCaseMain$startTestSuite$0.call(Unknown Source)
	at TempTestSuite1650444385230.run(TempTestSuite1650444385230.groovy:36)]]></system-out>
      <system-err><![CDATA[2022-04-20 13:46:37 - [TEST_SUITE][FAILED] - Testing SpotLove: Test Cases/testing/Location Verification FAILED.
Reason:
com.kms.katalon.core.exception.StepFailedException: Object Object Repository/Location screen/ABOUT YOU label text not found
	at com.kms.katalon.core.mobile.helper.MobileElementCommonHelper.findElementWithCheck(MobileElementCommonHelper.java:159)
	at com.kms.katalon.core.mobile.helper.MobileElementCommonHelper.checkElement(MobileElementCommonHelper.java:165)
	at com.kms.katalon.core.mobile.keyword.builtin.CheckElementKeyword$_checkElement_closure1.doCall(CheckElementKeyword.groovy:70)
	at com.kms.katalon.core.mobile.keyword.builtin.CheckElementKeyword$_checkElement_closure1.call(CheckElementKeyword.groovy)
	at com.kms.katalon.core.mobile.keyword.internal.MobileKeywordMain.runKeyword(MobileKeywordMain.groovy:21)
	at com.kms.katalon.core.mobile.keyword.builtin.CheckElementKeyword.checkElement(CheckElementKeyword.groovy:71)
	at com.kms.katalon.core.mobile.keyword.builtin.CheckElementKeyword.execute(CheckElementKeyword.groovy:64)
	at com.kms.katalon.core.keyword.internal.KeywordExecutor.executeKeywordForPlatform(KeywordExecutor.groovy:74)
	at com.kms.katalon.core.mobile.keyword.MobileBuiltInKeywords.checkElement(MobileBuiltInKeywords.groovy:2297)
	at com.kms.katalon.core.mobile.keyword.MobileBuiltInKeywords$checkElement$0.call(Unknown Source)
	at Location Verification.run(Location Verification:20)
	at com.kms.katalon.core.main.ScriptEngine.run(ScriptEngine.java:194)
	at com.kms.katalon.core.main.ScriptEngine.runScriptAsRawText(ScriptEngine.java:119)
	at com.kms.katalon.core.main.TestCaseExecutor.runScript(TestCaseExecutor.java:442)
	at com.kms.katalon.core.main.TestCaseExecutor.doExecute(TestCaseExecutor.java:433)
	at com.kms.katalon.core.main.TestCaseExecutor.processExecutionPhase(TestCaseExecutor.java:412)
	at com.kms.katalon.core.main.TestCaseExecutor.accessMainPhase(TestCaseExecutor.java:404)
	at com.kms.katalon.core.main.TestCaseExecutor.execute(TestCaseExecutor.java:281)
	at com.kms.katalon.core.main.TestSuiteExecutor.accessTestCaseMainPhase(TestSuiteExecutor.java:202)
	at com.kms.katalon.core.main.TestSuiteExecutor.accessTestSuiteMainPhase(TestSuiteExecutor.java:164)
	at com.kms.katalon.core.main.TestSuiteExecutor.execute(TestSuiteExecutor.java:105)
	at com.kms.katalon.core.main.TestCaseMain.startTestSuite(TestCaseMain.java:185)
	at com.kms.katalon.core.main.TestCaseMain$startTestSuite$0.call(Unknown Source)
	at TempTestSuite1650444385230.run(TempTestSuite1650444385230.groovy:36)]]></system-err>
   </testsuite>
</testsuites>
