<?xml version="1.0" encoding="UTF-8"?>
<testsuites name="Testing SpotLove" time="542.32" tests="29" failures="1" errors="0">
   <testsuite name="Testing SpotLove" tests="29" failures="1" errors="0" time="542.32" skipped="0" timestamp="2022-04-20 12:42:21" hostname="Dev - DESKTOP-3CP89AN" id="Test Suites/Testing SpotLove">
      <properties>
         <property name="deviceName" value="samsung SM-M115F (Android 11)"/>
         <property name="devicePlatform" value=""/>
         <property name="logFolder" value="C:\\Users\\Dev\\Katalon Studio\\SpotLove_Stagging\\Reports\\20220420_124216\\Testing SpotLove\\20220420_124216"/>
         <property name="logFiles" value="C:\\Users\\Dev\\Katalon Studio\\SpotLove_Stagging\\Reports\\20220420_124216\\Testing SpotLove\\20220420_124216\\appium.log, C:\\Users\\Dev\\Katalon Studio\\SpotLove_Stagging\\Reports\\20220420_124216\\Testing SpotLove\\20220420_124216\\execution0.log"/>
         <property name="attachments" value="C:\\Users\\Dev\\Katalon Studio\\SpotLove_Stagging\\Reports\\20220420_124216\\Testing SpotLove\\20220420_124216\\1650440769966.png, C:\\Users\\Dev\\Katalon Studio\\SpotLove_Stagging\\Reports\\20220420_124216\\Testing SpotLove\\20220420_124216\\1650441050563.png, C:\\Users\\Dev\\Katalon Studio\\SpotLove_Stagging\\Reports\\20220420_124216\\Testing SpotLove\\20220420_124216\\1650441051734.png, C:\\Users\\Dev\\Katalon Studio\\SpotLove_Stagging\\Reports\\20220420_124216\\Testing SpotLove\\20220420_124216\\1650441060499.png, C:\\Users\\Dev\\Katalon Studio\\SpotLove_Stagging\\Reports\\20220420_124216\\Testing SpotLove\\20220420_124216\\1650441064500.png, C:\\Users\\Dev\\Katalon Studio\\SpotLove_Stagging\\Reports\\20220420_124216\\Testing SpotLove\\20220420_124216\\1650441073065.png, C:\\Users\\Dev\\Katalon Studio\\SpotLove_Stagging\\Reports\\20220420_124216\\Testing SpotLove\\20220420_124216\\1650441074167.png, C:\\Users\\Dev\\Katalon Studio\\SpotLove_Stagging\\Reports\\20220420_124216\\Testing SpotLove\\20220420_124216\\1650441078895.png"/>
         <property name="hostName" value="Dev - DESKTOP-3CP89AN"/>
         <property name="os" value="Windows 10 64bit"/>
         <property name="appiumServerStatus" value="{&quot;value&quot;:{&quot;build&quot;:{&quot;version&quot;:&quot;1.22.3&quot;}},&quot;sessionId&quot;:null,&quot;status&quot;:0}"/>
         <property name="katalonVersion" value="8.2.5.208"/>
         <property name="deviceOS" value="Android"/>
         <property name="appiumVersion" value="1.22.3"/>
         <property name="deviceModel" value="SM-M115F"/>
         <property name="hostAddress" value="127.0.0.1"/>
         <property name="deviceManufacturer" value="samsung"/>
         <property name="deviceId" value="R9JN713GGNJ"/>
         <property name="deviceName" value="samsung SM-M115F (Android 11)"/>
         <property name="deviceOSVersion" value="11"/>
      </properties>
      <testcase name="Test Cases/testing/Use Phone Number screen" time="33.55" classname="Test Cases/testing/Use Phone Number screen" status="PASSED">
         <system-out><![CDATA[2022-04-20 12:42:21 - [TEST_CASE][PASSED] - Test Cases/testing/Use Phone Number screen: Test Cases/testing/Use Phone Number screen

2022-04-20 12:42:22 - [TEST_STEP][PASSED] - startExistingApplication("com.spotlove.releaseproduction", STOP_ON_FAILURE): Starting app with application ID: 'com.spotlove.releaseproduction'

2022-04-20 12:42:25 - [MESSAGE][INFO] - Appium server started on port 53,557

2022-04-20 12:42:42 - [MESSAGE][PASSED] - Starting app with application ID: 'com.spotlove.releaseproduction'

2022-04-20 12:42:42 - [TEST_STEP][PASSED] - checkElement(findTestObject("Use Phone Number Screen/SPOT"), 2): Element 'Object Repository/Use Phone Number Screen/SPOT' is checked

2022-04-20 12:42:51 - [MESSAGE][PASSED] - Element 'Object Repository/Use Phone Number Screen/SPOT' is checked

2022-04-20 12:42:51 - [TEST_STEP][PASSED] - checkElement(findTestObject("Use Phone Number Screen/heart icon"), 2): Element 'Object Repository/Use Phone Number Screen/heart icon' is checked

2022-04-20 12:42:52 - [MESSAGE][PASSED] - Element 'Object Repository/Use Phone Number Screen/heart icon' is checked

2022-04-20 12:42:52 - [TEST_STEP][PASSED] - checkElement(findTestObject("Use Phone Number Screen/LOVE label text"), 2): Element 'Object Repository/Use Phone Number Screen/LOVE label text' is checked

2022-04-20 12:42:53 - [MESSAGE][PASSED] - Element 'Object Repository/Use Phone Number Screen/LOVE label text' is checked

2022-04-20 12:42:53 - [TEST_STEP][PASSED] - checkElement(findTestObject("Use Phone Number Screen/AT FIRST SIGHT label text"), 2): Element 'Object Repository/Use Phone Number Screen/AT FIRST SIGHT label text' is checked

2022-04-20 12:42:53 - [MESSAGE][PASSED] - Element 'Object Repository/Use Phone Number Screen/AT FIRST SIGHT label text' is checked

2022-04-20 12:42:53 - [TEST_STEP][PASSED] - checkElement(findTestObject("Use Phone Number Screen/Privacy Policy label text"), 2): Element 'Object Repository/Use Phone Number Screen/Privacy Policy label text' is checked

2022-04-20 12:42:54 - [MESSAGE][PASSED] - Element 'Object Repository/Use Phone Number Screen/Privacy Policy label text' is checked

2022-04-20 12:42:54 - [TEST_STEP][PASSED] - checkElement(findTestObject("Use Phone Number Screen/MATCHMAKERS label text"), 2): Element 'Object Repository/Use Phone Number Screen/MATCHMAKERS label text' is checked

2022-04-20 12:42:54 - [MESSAGE][PASSED] - Element 'Object Repository/Use Phone Number Screen/MATCHMAKERS label text' is checked

2022-04-20 12:42:54 - [TEST_STEP][PASSED] - tap(findTestObject("Use Phone Number Screen/usePhoneNUmber"), 2): Tapped on element 'Object Repository/Use Phone Number Screen/usePhoneNUmber'

2022-04-20 12:42:55 - [MESSAGE][PASSED] - Tapped on element 'Object Repository/Use Phone Number Screen/usePhoneNUmber']]></system-out>
         <system-err><![CDATA[]]></system-err>
      </testcase>
      <testcase name="Test Cases/testing/Whats Your phone number" time="11.778" classname="Test Cases/testing/Whats Your phone number" status="PASSED">
         <system-out><![CDATA[2022-04-20 12:42:55 - [TEST_CASE][PASSED] - Test Cases/testing/Whats Your phone number: Test Cases/testing/Whats Your phone number

2022-04-20 12:42:55 - [TEST_STEP][PASSED] - checkElement(findTestObject("Whats Your Phone Number/YOUR DEETS label text"), 2): Element 'Object Repository/Whats Your Phone Number/YOUR DEETS label text' is checked

2022-04-20 12:42:57 - [MESSAGE][PASSED] - Element 'Object Repository/Whats Your Phone Number/YOUR DEETS label text' is checked

2022-04-20 12:42:57 - [TEST_STEP][PASSED] - checkElement(findTestObject("Whats Your Phone Number/Whats your  phone number label text"), 2): Element 'Object Repository/Whats Your Phone Number/Whats your  phone number label text' is checked

2022-04-20 12:42:57 - [MESSAGE][PASSED] - Element 'Object Repository/Whats Your Phone Number/Whats your  phone number label text' is checked

2022-04-20 12:42:57 - [TEST_STEP][PASSED] - checkElement(findTestObject("Whats Your Phone Number/We protect label text"), 2): Element 'Object Repository/Whats Your Phone Number/We protect label text' is checked

2022-04-20 12:42:58 - [MESSAGE][PASSED] - Element 'Object Repository/Whats Your Phone Number/We protect label text' is checked

2022-04-20 12:42:58 - [TEST_STEP][PASSED] - checkElement(findTestObject("Whats Your Phone Number/flag"), 2): Element 'Object Repository/Whats Your Phone Number/flag' is checked

2022-04-20 12:42:59 - [MESSAGE][PASSED] - Element 'Object Repository/Whats Your Phone Number/flag' is checked

2022-04-20 12:42:59 - [TEST_STEP][PASSED] - setText(findTestObject("Whats Your Phone Number/Enter country name"), "US", 2): Text 'US' has been set to element 'Object Repository/Whats Your Phone Number/Enter country name'

2022-04-20 12:43:01 - [MESSAGE][PASSED] - Text 'US' has been set to element 'Object Repository/Whats Your Phone Number/Enter country name'

2022-04-20 12:43:01 - [TEST_STEP][PASSED] - tap(findTestObject("Whats Your Phone Number/Selected Country"), 2): Tapped on element 'Object Repository/Whats Your Phone Number/Selected Country'

2022-04-20 12:43:03 - [MESSAGE][PASSED] - Tapped on element 'Object Repository/Whats Your Phone Number/Selected Country'

2022-04-20 12:43:03 - [TEST_STEP][PASSED] - setText(findTestObject("Whats Your Phone Number/Enter Phone Number"), "6505676563", 2): Text '6505676563' has been set to element 'Object Repository/Whats Your Phone Number/Enter Phone Number'

2022-04-20 12:43:05 - [MESSAGE][PASSED] - Text '6505676563' has been set to element 'Object Repository/Whats Your Phone Number/Enter Phone Number'

2022-04-20 12:43:05 - [TEST_STEP][PASSED] - checkElement(findTestObject("Whats Your Phone Number/We never share label text"), 2): Element 'Object Repository/Whats Your Phone Number/We never share label text' is checked

2022-04-20 12:43:06 - [MESSAGE][PASSED] - Element 'Object Repository/Whats Your Phone Number/We never share label text' is checked

2022-04-20 12:43:06 - [TEST_STEP][PASSED] - checkElement(findTestObject("Whats Your Phone Number/black lock icon"), 2): Element 'Object Repository/Whats Your Phone Number/black lock icon' is checked

2022-04-20 12:43:06 - [MESSAGE][PASSED] - Element 'Object Repository/Whats Your Phone Number/black lock icon' is checked

2022-04-20 12:43:06 - [TEST_STEP][PASSED] - tap(findTestObject("Whats Your Phone Number/Whats your phone forward (button)"), 2): Tapped on element 'Object Repository/Whats Your Phone Number/Whats your phone forward (button)'

2022-04-20 12:43:07 - [MESSAGE][PASSED] - Tapped on element 'Object Repository/Whats Your Phone Number/Whats your phone forward (button)']]></system-out>
         <system-err><![CDATA[]]></system-err>
      </testcase>
      <testcase name="Test Cases/testing/Verify phone Number" time="37.043" classname="Test Cases/testing/Verify phone Number" status="PASSED">
         <system-out><![CDATA[2022-04-20 12:43:07 - [TEST_CASE][PASSED] - Test Cases/testing/Verify phone Number: Test Cases/testing/Verify phone Number

2022-04-20 12:43:07 - [TEST_STEP][PASSED] - checkElement(findTestObject("Verify Your Number/YOUR DEETS label text"), 2): Element 'Object Repository/Verify Your Number/YOUR DEETS label text' is checked

2022-04-20 12:43:08 - [MESSAGE][PASSED] - Element 'Object Repository/Verify Your Number/YOUR DEETS label text' is checked

2022-04-20 12:43:08 - [TEST_STEP][PASSED] - checkElement(findTestObject("Verify Your Number/Verify your number label text"), 60): Element 'Object Repository/Verify Your Number/Verify your number label text' is checked

2022-04-20 12:43:44 - [MESSAGE][PASSED] - Element 'Object Repository/Verify Your Number/Verify your number label text' is checked]]></system-out>
         <system-err><![CDATA[]]></system-err>
      </testcase>
      <testcase name="Test Cases/testing/Create spotLove account" time="15.387" classname="Test Cases/testing/Create spotLove account" status="PASSED">
         <system-out><![CDATA[2022-04-20 12:43:44 - [TEST_CASE][PASSED] - Test Cases/testing/Create spotLove account: Test Cases/testing/Create spotLove account

2022-04-20 12:43:45 - [TEST_STEP][PASSED] - checkElement(findTestObject("Account Creation/Youre verified"), 30): Element 'Object Repository/Account Creation/Youre verified' is checked

2022-04-20 12:43:59 - [MESSAGE][PASSED] - Element 'Object Repository/Account Creation/Youre verified' is checked

2022-04-20 12:43:59 - [TEST_STEP][PASSED] - checkElement(findTestObject("Account Creation/create spot lve acc"), 2): Element 'Object Repository/Account Creation/create spot lve acc' is checked

2022-04-20 12:43:59 - [MESSAGE][PASSED] - Element 'Object Repository/Account Creation/create spot lve acc' is checked]]></system-out>
         <system-err><![CDATA[]]></system-err>
      </testcase>
      <testcase name="Test Cases/testing/Email verification" time="5.177" classname="Test Cases/testing/Email verification" status="PASSED">
         <system-out><![CDATA[2022-04-20 12:43:59 - [TEST_CASE][PASSED] - Test Cases/testing/Email verification: Test Cases/testing/Email verification

2022-04-20 12:44:00 - [TEST_STEP][PASSED] - checkElement(findTestObject("Whats Your Email Screen/YOUR DEETS label text"), 5): Element 'Object Repository/Whats Your Email Screen/YOUR DEETS label text' is checked

2022-04-20 12:44:01 - [MESSAGE][PASSED] - Element 'Object Repository/Whats Your Email Screen/YOUR DEETS label text' is checked

2022-04-20 12:44:01 - [TEST_STEP][PASSED] - checkElement(findTestObject("Whats Your Email Screen/Whats your email address label text"), 5): Element 'Object Repository/Whats Your Email Screen/Whats your email address label text' is checked

2022-04-20 12:44:02 - [MESSAGE][PASSED] - Element 'Object Repository/Whats Your Email Screen/Whats your email address label text' is checked

2022-04-20 12:44:02 - [TEST_STEP][PASSED] - checkElement(findTestObject("Whats Your Email Screen/We use this to recover label text"), 5): Element 'Object Repository/Whats Your Email Screen/We use this to recover label text' is checked

2022-04-20 12:44:02 - [MESSAGE][PASSED] - Element 'Object Repository/Whats Your Email Screen/We use this to recover label text' is checked

2022-04-20 12:44:02 - [TEST_STEP][PASSED] - setText(findTestObject("Whats Your Email Screen/Add recovery email (field)"), "Test@testing.com", 5): Text 'Test@testing.com' has been set to element 'Object Repository/Whats Your Email Screen/Add recovery email (field)'

2022-04-20 12:44:03 - [MESSAGE][PASSED] - Text 'Test@testing.com' has been set to element 'Object Repository/Whats Your Email Screen/Add recovery email (field)'

2022-04-20 12:44:03 - [TEST_STEP][PASSED] - tap(findTestObject("Whats Your Email Screen/Email Forword Button"), 5): Tapped on element 'Object Repository/Whats Your Email Screen/Email Forword Button'

2022-04-20 12:44:04 - [MESSAGE][PASSED] - Tapped on element 'Object Repository/Whats Your Email Screen/Email Forword Button']]></system-out>
         <system-err><![CDATA[]]></system-err>
      </testcase>
      <testcase name="Test Cases/testing/First Name Verfication" time="4.605" classname="Test Cases/testing/First Name Verfication" status="PASSED">
         <system-out><![CDATA[2022-04-20 12:44:04 - [TEST_CASE][PASSED] - Test Cases/testing/First Name Verfication: Test Cases/testing/First Name Verfication

2022-04-20 12:44:05 - [TEST_STEP][PASSED] - checkElement(findTestObject("First Name Screen/YOUR DEETS label text"), 5): Element 'Object Repository/First Name Screen/YOUR DEETS label text' is checked

2022-04-20 12:44:06 - [MESSAGE][PASSED] - Element 'Object Repository/First Name Screen/YOUR DEETS label text' is checked

2022-04-20 12:44:06 - [TEST_STEP][PASSED] - checkElement(findTestObject("First Name Screen/Whats your first name label text"), 5): Element 'Object Repository/First Name Screen/Whats your first name label text' is checked

2022-04-20 12:44:06 - [MESSAGE][PASSED] - Element 'Object Repository/First Name Screen/Whats your first name label text' is checked

2022-04-20 12:44:06 - [TEST_STEP][PASSED] - checkElement(findTestObject("First Name Screen/This will be shown on your profile"), 5): Element 'Object Repository/First Name Screen/This will be shown on your profile' is checked

2022-04-20 12:44:07 - [MESSAGE][PASSED] - Element 'Object Repository/First Name Screen/This will be shown on your profile' is checked

2022-04-20 12:44:07 - [TEST_STEP][PASSED] - checkElement(findTestObject("First Name Screen/You wont be able to change this later"), 5): Element 'Object Repository/First Name Screen/You wont be able to change this later' is checked

2022-04-20 12:44:07 - [MESSAGE][PASSED] - Element 'Object Repository/First Name Screen/You wont be able to change this later' is checked

2022-04-20 12:44:07 - [TEST_STEP][PASSED] - setText(findTestObject("First Name Screen/First Name"), "Test", 5): Text 'Test' has been set to element 'Object Repository/First Name Screen/First Name'

2022-04-20 12:44:08 - [MESSAGE][PASSED] - Text 'Test' has been set to element 'Object Repository/First Name Screen/First Name'

2022-04-20 12:44:08 - [TEST_STEP][PASSED] - tap(findTestObject("First Name Screen/First Name Forword Button"), 5): Tapped on element 'Object Repository/First Name Screen/First Name Forword Button'

2022-04-20 12:44:09 - [MESSAGE][PASSED] - Tapped on element 'Object Repository/First Name Screen/First Name Forword Button']]></system-out>
         <system-err><![CDATA[]]></system-err>
      </testcase>
      <testcase name="Test Cases/testing/DOB Verification" time="8.486" classname="Test Cases/testing/DOB Verification" status="PASSED">
         <system-out><![CDATA[2022-04-20 12:44:09 - [TEST_CASE][PASSED] - Test Cases/testing/DOB Verification: Test Cases/testing/DOB Verification

2022-04-20 12:44:09 - [TEST_STEP][PASSED] - checkElement(findTestObject("DOB/YOUR DEETS"), 5): Element 'Object Repository/DOB/YOUR DEETS' is checked

2022-04-20 12:44:11 - [MESSAGE][PASSED] - Element 'Object Repository/DOB/YOUR DEETS' is checked

2022-04-20 12:44:11 - [TEST_STEP][PASSED] - checkElement(findTestObject("DOB/Whens your birthday label text"), 5): Element 'Object Repository/DOB/Whens your birthday label text' is checked

2022-04-20 12:44:11 - [MESSAGE][PASSED] - Element 'Object Repository/DOB/Whens your birthday label text' is checked

2022-04-20 12:44:11 - [TEST_STEP][PASSED] - checkElement(findTestObject("DOB/We only show label text"), 5): Element 'Object Repository/DOB/We only show label text' is checked

2022-04-20 12:44:12 - [MESSAGE][PASSED] - Element 'Object Repository/DOB/We only show label text' is checked

2022-04-20 12:44:12 - [TEST_STEP][PASSED] - setText(findTestObject("DOB/Month"), "05", 5): Text '05' has been set to element 'Object Repository/DOB/Month'

2022-04-20 12:44:13 - [MESSAGE][PASSED] - Text '05' has been set to element 'Object Repository/DOB/Month'

2022-04-20 12:44:13 - [TEST_STEP][PASSED] - setText(findTestObject("DOB/Day"), "25", 5): Text '25' has been set to element 'Object Repository/DOB/Day'

2022-04-20 12:44:15 - [MESSAGE][PASSED] - Text '25' has been set to element 'Object Repository/DOB/Day'

2022-04-20 12:44:15 - [TEST_STEP][PASSED] - setText(findTestObject("DOB/Year"), "1995", 5): Text '1995' has been set to element 'Object Repository/DOB/Year'

2022-04-20 12:44:16 - [MESSAGE][PASSED] - Text '1995' has been set to element 'Object Repository/DOB/Year'

2022-04-20 12:44:16 - [TEST_STEP][PASSED] - tap(findTestObject("DOB/DOB Forword"), 5): Tapped on element 'Object Repository/DOB/DOB Forword'

2022-04-20 12:44:17 - [MESSAGE][PASSED] - Tapped on element 'Object Repository/DOB/DOB Forword']]></system-out>
         <system-err><![CDATA[]]></system-err>
      </testcase>
      <testcase name="Test Cases/testing/About You" time="2.453" classname="Test Cases/testing/About You" status="PASSED">
         <system-out><![CDATA[2022-04-20 12:44:17 - [TEST_CASE][PASSED] - Test Cases/testing/About You: Test Cases/testing/About You

2022-04-20 12:44:18 - [TEST_STEP][PASSED] - checkElement(findTestObject("About YOU/Heart Icon"), 5): Element 'Object Repository/About YOU/Heart Icon' is checked

2022-04-20 12:44:19 - [MESSAGE][PASSED] - Element 'Object Repository/About YOU/Heart Icon' is checked

2022-04-20 12:44:19 - [TEST_STEP][PASSED] - checkElement(findTestObject("About YOU/About You label text"), 5): Element 'Object Repository/About YOU/About You label text' is checked

2022-04-20 12:44:19 - [MESSAGE][PASSED] - Element 'Object Repository/About YOU/About You label text' is checked

2022-04-20 12:44:19 - [TEST_STEP][PASSED] - tap(findTestObject("About YOU/About forword Button"), 5): Tapped on element 'Object Repository/About YOU/About forword Button'

2022-04-20 12:44:20 - [MESSAGE][PASSED] - Tapped on element 'Object Repository/About YOU/About forword Button']]></system-out>
         <system-err><![CDATA[]]></system-err>
      </testcase>
      <testcase name="Test Cases/testing/Location Verification" time="12.723" classname="Test Cases/testing/Location Verification" status="PASSED">
         <system-out><![CDATA[2022-04-20 12:44:20 - [TEST_CASE][PASSED] - Test Cases/testing/Location Verification: Test Cases/testing/Location Verification

2022-04-20 12:44:20 - [TEST_STEP][PASSED] - checkElement(findTestObject("Location screen/ABOUT YOU label text"), 5): Element 'Object Repository/Location screen/ABOUT YOU label text' is checked

2022-04-20 12:44:23 - [MESSAGE][PASSED] - Element 'Object Repository/Location screen/ABOUT YOU label text' is checked

2022-04-20 12:44:23 - [TEST_STEP][PASSED] - checkElement(findTestObject("Location screen/So, do you label text"), 5): Element 'Object Repository/Location screen/So, do you label text' is checked

2022-04-20 12:44:26 - [MESSAGE][PASSED] - Element 'Object Repository/Location screen/So, do you label text' is checked

2022-04-20 12:44:26 - [TEST_STEP][PASSED] - checkElement(findTestObject("Location screen/Tell us where you live label text"), 5): Element 'Object Repository/Location screen/Tell us where you live label text' is checked

2022-04-20 12:44:26 - [MESSAGE][PASSED] - Element 'Object Repository/Location screen/Tell us where you live label text' is checked

2022-04-20 12:44:26 - [TEST_STEP][PASSED] - setText(findTestObject("Location screen/country field"), "US", 5): Text 'US' has been set to element 'Object Repository/Location screen/country field'

2022-04-20 12:44:27 - [MESSAGE][PASSED] - Text 'US' has been set to element 'Object Repository/Location screen/country field'

2022-04-20 12:44:27 - [TEST_STEP][PASSED] - setText(findTestObject("Location screen/State field"), "California", 5): Text 'California' has been set to element 'Object Repository/Location screen/State field'

2022-04-20 12:44:29 - [MESSAGE][PASSED] - Text 'California' has been set to element 'Object Repository/Location screen/State field'

2022-04-20 12:44:29 - [TEST_STEP][PASSED] - setText(findTestObject("Location screen/City Field"), "Los Angless", 5): Text 'Los Angless' has been set to element 'Object Repository/Location screen/City Field'

2022-04-20 12:44:30 - [MESSAGE][PASSED] - Text 'Los Angless' has been set to element 'Object Repository/Location screen/City Field'

2022-04-20 12:44:30 - [TEST_STEP][PASSED] - setText(findTestObject("Location screen/Zip Field"), "90001", 5): Text '90001' has been set to element 'Object Repository/Location screen/Zip Field'

2022-04-20 12:44:32 - [MESSAGE][PASSED] - Text '90001' has been set to element 'Object Repository/Location screen/Zip Field'

2022-04-20 12:44:32 - [TEST_STEP][PASSED] - tap(findTestObject("Location screen/loc Forword"), 5): Tapped on element 'Object Repository/Location screen/loc Forword'

2022-04-20 12:44:33 - [MESSAGE][PASSED] - Tapped on element 'Object Repository/Location screen/loc Forword']]></system-out>
         <system-err><![CDATA[]]></system-err>
      </testcase>
      <testcase name="Test Cases/testing/Brutal Honesty" time="65.693" classname="Test Cases/testing/Brutal Honesty" status="PASSED">
         <system-out><![CDATA[2022-04-20 12:44:33 - [TEST_CASE][PASSED] - Test Cases/testing/Brutal Honesty: Test Cases/testing/Brutal Honesty

2022-04-20 12:44:33 - [TEST_STEP][PASSED] - checkElement(findTestObject("Brutal Honesty/ABOUT YOU label text"), 5): Element 'Object Repository/Brutal Honesty/ABOUT YOU label text' is checked

2022-04-20 12:44:35 - [MESSAGE][PASSED] - Element 'Object Repository/Brutal Honesty/ABOUT YOU label text' is checked

2022-04-20 12:44:35 - [TEST_STEP][PASSED] - checkElement(findTestObject("Brutal Honesty/We want you to find label text"), 5): Element 'Object Repository/Brutal Honesty/We want you to find label text' is checked

2022-04-20 12:44:35 - [MESSAGE][PASSED] - Element 'Object Repository/Brutal Honesty/We want you to find label text' is checked

2022-04-20 12:44:35 - [TEST_STEP][PASSED] - tap(findTestObject("Brutal Honesty/Male Radio Button"), 5): Tapped on element 'Object Repository/Brutal Honesty/Male Radio Button'

2022-04-20 12:44:36 - [MESSAGE][PASSED] - Tapped on element 'Object Repository/Brutal Honesty/Male Radio Button'

2022-04-20 12:44:36 - [TEST_STEP][PASSED] - tapAndHold(findTestObject("Brutal Honesty/Slider Movable"), 30, 60): Tapped and held on element 'Object Repository/Brutal Honesty/Slider Movable' with duration 30

2022-04-20 12:45:08 - [MESSAGE][PASSED] - Tapped and held on element 'Object Repository/Brutal Honesty/Slider Movable' with duration 30

2022-04-20 12:45:08 - [TEST_STEP][PASSED] - delay(30, STOP_ON_FAILURE): Delayed 30 second(s)

2022-04-20 12:45:38 - [MESSAGE][PASSED] - Delayed 30 second(s)]]></system-out>
         <system-err><![CDATA[]]></system-err>
      </testcase>
      <testcase name="Test Cases/testing/Black White Brown" time="25.364" classname="Test Cases/testing/Black White Brown" status="PASSED">
         <system-out><![CDATA[2022-04-20 12:46:11 - [TEST_CASE][PASSED] - Test Cases/testing/Black White Brown: Test Cases/testing/Black White Brown

2022-04-20 12:46:11 - [TEST_STEP][PASSED] - checkElement(findTestObject("Black White Brown/ABOUT YOU"), 5): Element 'Object Repository/Black White Brown/ABOUT YOU' is checked

2022-04-20 12:46:26 - [MESSAGE][PASSED] - Element 'Object Repository/Black White Brown/ABOUT YOU' is checked

2022-04-20 12:46:26 - [TEST_STEP][PASSED] - checkElement(findTestObject("Black White Brown/Black. White. Brown. Purple label text"), 5): Element 'Object Repository/Black White Brown/Black. White. Brown. Purple label text' is checked

2022-04-20 12:46:30 - [MESSAGE][PASSED] - Element 'Object Repository/Black White Brown/Black. White. Brown. Purple label text' is checked

2022-04-20 12:46:30 - [TEST_STEP][PASSED] - checkElement(findTestObject("Black White Brown/ETHNICITY label Text"), 5): Element 'Object Repository/Black White Brown/ETHNICITY label Text' is checked

2022-04-20 12:46:31 - [MESSAGE][PASSED] - Element 'Object Repository/Black White Brown/ETHNICITY label Text' is checked

2022-04-20 12:46:31 - [TEST_STEP][PASSED] - tap(findTestObject("Black White Brown/East Asian"), 5): Tapped on element 'Object Repository/Black White Brown/East Asian'

2022-04-20 12:46:31 - [MESSAGE][PASSED] - Tapped on element 'Object Repository/Black White Brown/East Asian'

2022-04-20 12:46:31 - [TEST_STEP][PASSED] - tap(findTestObject("Black White Brown/Multiracial"), 5): Tapped on element 'Object Repository/Black White Brown/Multiracial'

2022-04-20 12:46:32 - [MESSAGE][PASSED] - Tapped on element 'Object Repository/Black White Brown/Multiracial'

2022-04-20 12:46:32 - [TEST_STEP][PASSED] - tap(findTestObject("Black White Brown/hispanic Latino"), 5): Tapped on element 'Object Repository/Black White Brown/hispanic Latino'

2022-04-20 12:46:34 - [MESSAGE][PASSED] - Tapped on element 'Object Repository/Black White Brown/hispanic Latino'

2022-04-20 12:46:34 - [TEST_STEP][PASSED] - tap(findTestObject("Black White Brown/south Asian"), 5): Tapped on element 'Object Repository/Black White Brown/south Asian'

2022-04-20 12:46:35 - [MESSAGE][PASSED] - Tapped on element 'Object Repository/Black White Brown/south Asian'

2022-04-20 12:46:35 - [TEST_STEP][PASSED] - tap(findTestObject("Black White Brown/forword"), 5): Tapped on element 'Object Repository/Black White Brown/forword'

2022-04-20 12:46:36 - [MESSAGE][PASSED] - Tapped on element 'Object Repository/Black White Brown/forword']]></system-out>
         <system-err><![CDATA[]]></system-err>
      </testcase>
      <testcase name="Test Cases/testing/Religion" time="9.178" classname="Test Cases/testing/Religion" status="PASSED">
         <system-out><![CDATA[2022-04-20 12:46:36 - [TEST_CASE][PASSED] - Test Cases/testing/Religion: Test Cases/testing/Religion

2022-04-20 12:46:36 - [TEST_STEP][PASSED] - checkElement(findTestObject("Religion/ABOUT YOU"), 0): Element 'Object Repository/Religion/ABOUT YOU' is checked

2022-04-20 12:46:36 - [MESSAGE][WARNING] - Timeout '0' is invalid. Using default page load timeout: '30'

2022-04-20 12:46:37 - [MESSAGE][PASSED] - Element 'Object Repository/Religion/ABOUT YOU' is checked

2022-04-20 12:46:37 - [TEST_STEP][PASSED] - checkElement(findTestObject("Religion/Well find Lebel Text"), 0): Element 'Object Repository/Religion/Well find Lebel Text' is checked

2022-04-20 12:46:37 - [MESSAGE][WARNING] - Timeout '0' is invalid. Using default page load timeout: '30'

2022-04-20 12:46:38 - [MESSAGE][PASSED] - Element 'Object Repository/Religion/Well find Lebel Text' is checked

2022-04-20 12:46:38 - [TEST_STEP][PASSED] - tap(findTestObject("Religion/LDS Radio button"), 5): Tapped on element 'Object Repository/Religion/LDS Radio button'

2022-04-20 12:46:39 - [MESSAGE][PASSED] - Tapped on element 'Object Repository/Religion/LDS Radio button'

2022-04-20 12:46:39 - [TEST_STEP][PASSED] - tap(findTestObject("Religion/Christian Radio button"), 5): Tapped on element 'Object Repository/Religion/Christian Radio button'

2022-04-20 12:46:40 - [MESSAGE][PASSED] - Tapped on element 'Object Repository/Religion/Christian Radio button'

2022-04-20 12:46:40 - [TEST_STEP][PASSED] - tap(findTestObject("Religion/Spiritual Radio button"), 5): Tapped on element 'Object Repository/Religion/Spiritual Radio button'

2022-04-20 12:46:41 - [MESSAGE][PASSED] - Tapped on element 'Object Repository/Religion/Spiritual Radio button'

2022-04-20 12:46:41 - [TEST_STEP][PASSED] - tap(findTestObject("Religion/Muslim Radio button"), 5): Tapped on element 'Object Repository/Religion/Muslim Radio button'

2022-04-20 12:46:43 - [MESSAGE][PASSED] - Tapped on element 'Object Repository/Religion/Muslim Radio button'

2022-04-20 12:46:43 - [TEST_STEP][PASSED] - tap(findTestObject("Religion/Buddhist taoist Radio button"), 5): Tapped on element 'Object Repository/Religion/Buddhist taoist Radio button'

2022-04-20 12:46:44 - [MESSAGE][PASSED] - Tapped on element 'Object Repository/Religion/Buddhist taoist Radio button'

2022-04-20 12:46:44 - [TEST_STEP][PASSED] - tap(findTestObject("Religion/forword"), 5): Tapped on element 'Object Repository/Religion/forword'

2022-04-20 12:46:45 - [MESSAGE][PASSED] - Tapped on element 'Object Repository/Religion/forword']]></system-out>
         <system-err><![CDATA[]]></system-err>
      </testcase>
      <testcase name="Test Cases/testing/One Liner" time="5.713" classname="Test Cases/testing/One Liner" status="PASSED">
         <system-out><![CDATA[2022-04-20 12:46:45 - [TEST_CASE][PASSED] - Test Cases/testing/One Liner: Test Cases/testing/One Liner

2022-04-20 12:46:45 - [TEST_STEP][PASSED] - checkElement(findTestObject("One Liner/PROFILE"), 5): Element 'Object Repository/One Liner/PROFILE' is checked

2022-04-20 12:46:47 - [MESSAGE][PASSED] - Element 'Object Repository/One Liner/PROFILE' is checked

2022-04-20 12:46:47 - [TEST_STEP][PASSED] - checkElement(findTestObject("One Liner/Got a personal one-liner or catch phrase"), 5): Element 'Object Repository/One Liner/Got a personal one-liner or catch phrase' is checked

2022-04-20 12:46:48 - [MESSAGE][PASSED] - Element 'Object Repository/One Liner/Got a personal one-liner or catch phrase' is checked

2022-04-20 12:46:48 - [TEST_STEP][PASSED] - checkElement(findTestObject("One Liner/No pressure label text"), 5): Element 'Object Repository/One Liner/No pressure label text' is checked

2022-04-20 12:46:49 - [MESSAGE][PASSED] - Element 'Object Repository/One Liner/No pressure label text' is checked

2022-04-20 12:46:49 - [TEST_STEP][PASSED] - setText(findTestObject("One Liner/My catch phrase"), "This is only for testing purpose one Liner", 5): Text 'This is only for testing purpose one Liner' has been set to element 'Object Repository/One Liner/My catch phrase'

2022-04-20 12:46:50 - [MESSAGE][PASSED] - Text 'This is only for testing purpose one Liner' has been set to element 'Object Repository/One Liner/My catch phrase'

2022-04-20 12:46:50 - [TEST_STEP][PASSED] - tap(findTestObject("One Liner/forword"), 5): Tapped on element 'Object Repository/One Liner/forword'

2022-04-20 12:46:51 - [MESSAGE][PASSED] - Tapped on element 'Object Repository/One Liner/forword']]></system-out>
         <system-err><![CDATA[]]></system-err>
      </testcase>
      <testcase name="Test Cases/testing/Relationship Status" time="7.668" classname="Test Cases/testing/Relationship Status" status="PASSED">
         <system-out><![CDATA[2022-04-20 12:46:51 - [TEST_CASE][PASSED] - Test Cases/testing/Relationship Status: Test Cases/testing/Relationship Status

2022-04-20 12:46:51 - [TEST_STEP][PASSED] - checkElement(findTestObject("Relationship Status/ABOUT YOU"), 5): Element 'Object Repository/Relationship Status/ABOUT YOU' is checked

2022-04-20 12:46:53 - [MESSAGE][PASSED] - Element 'Object Repository/Relationship Status/ABOUT YOU' is checked

2022-04-20 12:46:53 - [TEST_STEP][PASSED] - checkElement(findTestObject("Relationship Status/Check one label Text"), 5): Element 'Object Repository/Relationship Status/Check one label Text' is checked

2022-04-20 12:46:54 - [MESSAGE][PASSED] - Element 'Object Repository/Relationship Status/Check one label Text' is checked

2022-04-20 12:46:54 - [TEST_STEP][PASSED] - tap(findTestObject("Relationship Status/Separated Radio button"), 5): Tapped on element 'Object Repository/Relationship Status/Separated Radio button'

2022-04-20 12:46:55 - [MESSAGE][PASSED] - Tapped on element 'Object Repository/Relationship Status/Separated Radio button'

2022-04-20 12:46:55 - [TEST_STEP][PASSED] - tap(findTestObject("Relationship Status/Divorce in Pogress Radio button"), 5): Tapped on element 'Object Repository/Relationship Status/Divorce in Pogress Radio button'

2022-04-20 12:46:56 - [MESSAGE][PASSED] - Tapped on element 'Object Repository/Relationship Status/Divorce in Pogress Radio button'

2022-04-20 12:46:56 - [TEST_STEP][PASSED] - tap(findTestObject("Relationship Status/Widowed Radio button"), 5): Tapped on element 'Object Repository/Relationship Status/Widowed Radio button'

2022-04-20 12:46:57 - [MESSAGE][PASSED] - Tapped on element 'Object Repository/Relationship Status/Widowed Radio button'

2022-04-20 12:46:57 - [TEST_STEP][PASSED] - tap(findTestObject("Relationship Status/Forword"), 5): Tapped on element 'Object Repository/Relationship Status/Forword'

2022-04-20 12:46:58 - [MESSAGE][PASSED] - Tapped on element 'Object Repository/Relationship Status/Forword']]></system-out>
         <system-err><![CDATA[]]></system-err>
      </testcase>
      <testcase name="Test Cases/testing/Family Plans" time="8.835" classname="Test Cases/testing/Family Plans" status="PASSED">
         <system-out><![CDATA[2022-04-20 12:46:58 - [TEST_CASE][PASSED] - Test Cases/testing/Family Plans: Test Cases/testing/Family Plans

2022-04-20 12:46:59 - [TEST_STEP][PASSED] - checkElement(findTestObject("Family Plain/ABOUT YOU"), 5): Element 'Object Repository/Family Plain/ABOUT YOU' is checked

2022-04-20 12:47:01 - [MESSAGE][PASSED] - Element 'Object Repository/Family Plain/ABOUT YOU' is checked

2022-04-20 12:47:01 - [TEST_STEP][PASSED] - checkElement(findTestObject("Family Plain/As long as label text"), 5): Element 'Object Repository/Family Plain/As long as label text' is checked

2022-04-20 12:47:02 - [MESSAGE][PASSED] - Element 'Object Repository/Family Plain/As long as label text' is checked

2022-04-20 12:47:02 - [TEST_STEP][PASSED] - tap(findTestObject("Family Plain/I dont want children Radio button"), 5): Tapped on element 'Object Repository/Family Plain/I dont want children Radio button'

2022-04-20 12:47:03 - [MESSAGE][PASSED] - Tapped on element 'Object Repository/Family Plain/I dont want children Radio button'

2022-04-20 12:47:03 - [TEST_STEP][PASSED] - tap(findTestObject("Family Plain/I dont have children Radio button"), 5): Tapped on element 'Object Repository/Family Plain/I dont have children Radio button'

2022-04-20 12:47:04 - [MESSAGE][PASSED] - Tapped on element 'Object Repository/Family Plain/I dont have children Radio button'

2022-04-20 12:47:04 - [TEST_STEP][PASSED] - tap(findTestObject("Family Plain/I want children Radio button"), 5): Tapped on element 'Object Repository/Family Plain/I want children Radio button'

2022-04-20 12:47:05 - [MESSAGE][PASSED] - Tapped on element 'Object Repository/Family Plain/I want children Radio button'

2022-04-20 12:47:05 - [TEST_STEP][PASSED] - tap(findTestObject("Family Plain/I m open to children Radio button"), 5): Tapped on element 'Object Repository/Family Plain/I m open to children Radio button'

2022-04-20 12:47:06 - [MESSAGE][PASSED] - Tapped on element 'Object Repository/Family Plain/I m open to children Radio button'

2022-04-20 12:47:06 - [TEST_STEP][PASSED] - tap(findTestObject("Family Plain/forword"), 5): Tapped on element 'Object Repository/Family Plain/forword'

2022-04-20 12:47:07 - [MESSAGE][PASSED] - Tapped on element 'Object Repository/Family Plain/forword']]></system-out>
         <system-err><![CDATA[]]></system-err>
      </testcase>
      <testcase name="Test Cases/testing/Education" time="8.443" classname="Test Cases/testing/Education" status="PASSED">
         <system-out><![CDATA[2022-04-20 12:47:07 - [TEST_CASE][PASSED] - Test Cases/testing/Education: Test Cases/testing/Education

2022-04-20 12:47:08 - [TEST_STEP][PASSED] - checkElement(findTestObject("Education/ABOUT YOU"), 5): Element 'Object Repository/Education/ABOUT YOU' is checked

2022-04-20 12:47:08 - [MESSAGE][PASSED] - Element 'Object Repository/Education/ABOUT YOU' is checked

2022-04-20 12:47:08 - [TEST_STEP][PASSED] - checkElement(findTestObject("Education/All we label text"), 5): Element 'Object Repository/Education/All we label text' is checked

2022-04-20 12:47:10 - [MESSAGE][PASSED] - Element 'Object Repository/Education/All we label text' is checked

2022-04-20 12:47:10 - [TEST_STEP][PASSED] - tap(findTestObject("Education/Graduate Professional Degree Radio button"), 5): Tapped on element 'Object Repository/Education/Graduate Professional Degree Radio button'

2022-04-20 12:47:11 - [MESSAGE][PASSED] - Tapped on element 'Object Repository/Education/Graduate Professional Degree Radio button'

2022-04-20 12:47:11 - [TEST_STEP][PASSED] - tap(findTestObject("Education/Some Collage Radio button"), 5): Tapped on element 'Object Repository/Education/Some Collage Radio button'

2022-04-20 12:47:12 - [MESSAGE][PASSED] - Tapped on element 'Object Repository/Education/Some Collage Radio button'

2022-04-20 12:47:12 - [TEST_STEP][PASSED] - tap(findTestObject("Education/HS Diploma Radio button"), 5): Tapped on element 'Object Repository/Education/HS Diploma Radio button'

2022-04-20 12:47:13 - [MESSAGE][PASSED] - Tapped on element 'Object Repository/Education/HS Diploma Radio button'

2022-04-20 12:47:13 - [TEST_STEP][PASSED] - tap(findTestObject("Education/Phd Doctoral Radio button"), 5): Tapped on element 'Object Repository/Education/Phd Doctoral Radio button'

2022-04-20 12:47:15 - [MESSAGE][PASSED] - Tapped on element 'Object Repository/Education/Phd Doctoral Radio button'

2022-04-20 12:47:15 - [TEST_STEP][PASSED] - tap(findTestObject("Education/Forword"), 5): Tapped on element 'Object Repository/Education/Forword'

2022-04-20 12:47:16 - [MESSAGE][PASSED] - Tapped on element 'Object Repository/Education/Forword']]></system-out>
         <system-err><![CDATA[]]></system-err>
      </testcase>
      <testcase name="Test Cases/testing/Vices" time="15.528" classname="Test Cases/testing/Vices" status="PASSED">
         <system-out><![CDATA[2022-04-20 12:47:16 - [TEST_CASE][PASSED] - Test Cases/testing/Vices: Test Cases/testing/Vices

2022-04-20 12:47:16 - [TEST_STEP][PASSED] - checkElement(findTestObject("VICES/ABOUT YOU"), 5): Element 'Object Repository/VICES/ABOUT YOU' is checked

2022-04-20 12:47:17 - [MESSAGE][PASSED] - Element 'Object Repository/VICES/ABOUT YOU' is checked

2022-04-20 12:47:17 - [TEST_STEP][PASSED] - checkElement(findTestObject("VICES/In our eyes label Text"), 5): Element 'Object Repository/VICES/In our eyes label Text' is checked

2022-04-20 12:47:19 - [MESSAGE][PASSED] - Element 'Object Repository/VICES/In our eyes label Text' is checked

2022-04-20 12:47:19 - [TEST_STEP][PASSED] - tap(findTestObject("VICES/Never AL Radio button"), 5): Tapped on element 'Object Repository/VICES/Never AL Radio button'

2022-04-20 12:47:20 - [MESSAGE][PASSED] - Tapped on element 'Object Repository/VICES/Never AL Radio button'

2022-04-20 12:47:20 - [TEST_STEP][PASSED] - tap(findTestObject("VICES/Socially Radio button"), 5): Tapped on element 'Object Repository/VICES/Socially Radio button'

2022-04-20 12:47:21 - [MESSAGE][PASSED] - Tapped on element 'Object Repository/VICES/Socially Radio button'

2022-04-20 12:47:21 - [TEST_STEP][PASSED] - tap(findTestObject("VICES/Socially AL Radio button"), 5): Tapped on element 'Object Repository/VICES/Socially AL Radio button'

2022-04-20 12:47:22 - [MESSAGE][PASSED] - Tapped on element 'Object Repository/VICES/Socially AL Radio button'

2022-04-20 12:47:22 - [TEST_STEP][PASSED] - tap(findTestObject("VICES/Often Mari Radio button"), 5): Tapped on element 'Object Repository/VICES/Often Mari Radio button'

2022-04-20 12:47:23 - [MESSAGE][PASSED] - Tapped on element 'Object Repository/VICES/Often Mari Radio button'

2022-04-20 12:47:23 - [TEST_STEP][PASSED] - tap(findTestObject("VICES/Socially Mari Radio button"), 5): Tapped on element 'Object Repository/VICES/Socially Mari Radio button'

2022-04-20 12:47:24 - [MESSAGE][PASSED] - Tapped on element 'Object Repository/VICES/Socially Mari Radio button'

2022-04-20 12:47:24 - [TEST_STEP][PASSED] - tap(findTestObject("VICES/Never Radio button"), 5): Tapped on element 'Object Repository/VICES/Never Radio button'

2022-04-20 12:47:26 - [MESSAGE][PASSED] - Tapped on element 'Object Repository/VICES/Never Radio button'

2022-04-20 12:47:26 - [TEST_STEP][PASSED] - tap(findTestObject("VICES/Often Radio button"), 5): Tapped on element 'Object Repository/VICES/Often Radio button'

2022-04-20 12:47:27 - [MESSAGE][PASSED] - Tapped on element 'Object Repository/VICES/Often Radio button'

2022-04-20 12:47:27 - [TEST_STEP][PASSED] - tap(findTestObject("VICES/Never Mari Radio button"), 5): Tapped on element 'Object Repository/VICES/Never Mari Radio button'

2022-04-20 12:47:29 - [MESSAGE][PASSED] - Tapped on element 'Object Repository/VICES/Never Mari Radio button'

2022-04-20 12:47:29 - [TEST_STEP][PASSED] - tap(findTestObject("VICES/Often AL Radio button"), 5): Tapped on element 'Object Repository/VICES/Often AL Radio button'

2022-04-20 12:47:30 - [MESSAGE][PASSED] - Tapped on element 'Object Repository/VICES/Often AL Radio button'

2022-04-20 12:47:30 - [TEST_STEP][PASSED] - tap(findTestObject("VICES/Forword"), 5): Tapped on element 'Object Repository/VICES/Forword'

2022-04-20 12:47:31 - [MESSAGE][PASSED] - Tapped on element 'Object Repository/VICES/Forword']]></system-out>
         <system-err><![CDATA[]]></system-err>
      </testcase>
      <testcase name="Test Cases/testing/politics" time="10.264" classname="Test Cases/testing/politics" status="PASSED">
         <system-out><![CDATA[2022-04-20 12:47:31 - [TEST_CASE][PASSED] - Test Cases/testing/politics: Test Cases/testing/politics

2022-04-20 12:47:32 - [TEST_STEP][PASSED] - checkElement(findTestObject("politices/ABOUT YOU"), 5): Element 'Object Repository/politices/ABOUT YOU' is checked

2022-04-20 12:47:33 - [MESSAGE][PASSED] - Element 'Object Repository/politices/ABOUT YOU' is checked

2022-04-20 12:47:33 - [TEST_STEP][PASSED] - checkElement(findTestObject("politices/We plead the fifth label text"), 5): Element 'Object Repository/politices/We plead the fifth label text' is checked

2022-04-20 12:47:34 - [MESSAGE][PASSED] - Element 'Object Repository/politices/We plead the fifth label text' is checked

2022-04-20 12:47:34 - [TEST_STEP][PASSED] - checkElement(findTestObject("politices/POLITICS label text"), 5): Element 'Object Repository/politices/POLITICS label text' is checked

2022-04-20 12:47:35 - [MESSAGE][PASSED] - Element 'Object Repository/politices/POLITICS label text' is checked

2022-04-20 12:47:35 - [TEST_STEP][PASSED] - tap(findTestObject("politices/Conservative"), 5): Tapped on element 'Object Repository/politices/Conservative'

2022-04-20 12:47:36 - [MESSAGE][PASSED] - Tapped on element 'Object Repository/politices/Conservative'

2022-04-20 12:47:36 - [TEST_STEP][PASSED] - tap(findTestObject("politices/Liberal"), 5): Tapped on element 'Object Repository/politices/Liberal'

2022-04-20 12:47:38 - [MESSAGE][PASSED] - Tapped on element 'Object Repository/politices/Liberal'

2022-04-20 12:47:38 - [TEST_STEP][PASSED] - tap(findTestObject("politices/Moderate"), 5): Tapped on element 'Object Repository/politices/Moderate'

2022-04-20 12:47:39 - [MESSAGE][PASSED] - Tapped on element 'Object Repository/politices/Moderate'

2022-04-20 12:47:39 - [TEST_STEP][PASSED] - tap(findTestObject("politices/Apolitical"), 5): Tapped on element 'Object Repository/politices/Apolitical'

2022-04-20 12:47:40 - [MESSAGE][PASSED] - Tapped on element 'Object Repository/politices/Apolitical'

2022-04-20 12:47:40 - [TEST_STEP][PASSED] - tap(findTestObject("politices/forword"), 0): Tapped on element 'Object Repository/politices/forword'

2022-04-20 12:47:40 - [MESSAGE][WARNING] - Timeout '0' is invalid. Using default page load timeout: '30'

2022-04-20 12:47:42 - [MESSAGE][PASSED] - Tapped on element 'Object Repository/politices/forword']]></system-out>
         <system-err><![CDATA[]]></system-err>
      </testcase>
      <testcase name="Test Cases/testing/Upload Picture" time="12.322" classname="Test Cases/testing/Upload Picture" status="PASSED">
         <system-out><![CDATA[2022-04-20 12:47:42 - [TEST_CASE][PASSED] - Test Cases/testing/Upload Picture: Test Cases/testing/Upload Picture

2022-04-20 12:47:42 - [TEST_STEP][PASSED] - checkElement(findTestObject("Upload Picture/ABOUT YOU"), 5): Element 'Object Repository/Upload Picture/ABOUT YOU' is checked

2022-04-20 12:47:44 - [MESSAGE][PASSED] - Element 'Object Repository/Upload Picture/ABOUT YOU' is checked

2022-04-20 12:47:44 - [TEST_STEP][PASSED] - checkElement(findTestObject("Upload Picture/Show us your best side label text"), 5): Element 'Object Repository/Upload Picture/Show us your best side label text' is checked

2022-04-20 12:47:47 - [MESSAGE][PASSED] - Element 'Object Repository/Upload Picture/Show us your best side label text' is checked

2022-04-20 12:47:47 - [TEST_STEP][PASSED] - tap(findTestObject("Upload Picture/Upload Picture Button"), 5): Tapped on element 'Object Repository/Upload Picture/Upload Picture Button'

2022-04-20 12:47:48 - [MESSAGE][PASSED] - Tapped on element 'Object Repository/Upload Picture/Upload Picture Button'

2022-04-20 12:47:48 - [TEST_STEP][PASSED] - tap(findTestObject("Upload Picture/Choose From Gallery Button"), 5): Tapped on element 'Object Repository/Upload Picture/Choose From Gallery Button'

2022-04-20 12:47:49 - [MESSAGE][PASSED] - Tapped on element 'Object Repository/Upload Picture/Choose From Gallery Button'

2022-04-20 12:47:49 - [TEST_STEP][PASSED] - tap(findTestObject("Upload Picture/Photo By Gallary"), 0): Tapped on element 'Object Repository/Upload Picture/Photo By Gallary'

2022-04-20 12:47:49 - [MESSAGE][WARNING] - Timeout '0' is invalid. Using default page load timeout: '30'

2022-04-20 12:47:52 - [MESSAGE][PASSED] - Tapped on element 'Object Repository/Upload Picture/Photo By Gallary'

2022-04-20 12:47:52 - [TEST_STEP][PASSED] - tap(findTestObject("Upload Picture/forword button"), 5): Tapped on element 'Object Repository/Upload Picture/forword button'

2022-04-20 12:47:54 - [MESSAGE][PASSED] - Tapped on element 'Object Repository/Upload Picture/forword button']]></system-out>
         <system-err><![CDATA[]]></system-err>
      </testcase>
      <testcase name="Test Cases/testing/Partner Start Info" time="20.571" classname="Test Cases/testing/Partner Start Info" status="PASSED">
         <system-out><![CDATA[2022-04-20 12:47:54 - [TEST_CASE][PASSED] - Test Cases/testing/Partner Start Info: Test Cases/testing/Partner Start Info

2022-04-20 12:47:54 - [TEST_STEP][PASSED] - checkElement(findTestObject("Have Fun Time/Now for the fun part  label text"), 5): Element 'Object Repository/Have Fun Time/Now for the fun part  label text' is checked

2022-04-20 12:48:14 - [MESSAGE][PASSED] - Element 'Object Repository/Have Fun Time/Now for the fun part  label text' is checked

2022-04-20 12:48:14 - [TEST_STEP][PASSED] - tap(findTestObject("Have Fun Time/Forword"), 5): Tapped on element 'Object Repository/Have Fun Time/Forword'

2022-04-20 12:48:14 - [MESSAGE][PASSED] - Tapped on element 'Object Repository/Have Fun Time/Forword']]></system-out>
         <system-err><![CDATA[]]></system-err>
      </testcase>
      <testcase name="Test Cases/testing/Partner Gender" time="25.075" classname="Test Cases/testing/Partner Gender" status="PASSED">
         <system-out><![CDATA[2022-04-20 12:48:14 - [TEST_CASE][PASSED] - Test Cases/testing/Partner Gender: Test Cases/testing/Partner Gender

2022-04-20 12:48:15 - [TEST_STEP][PASSED] - startExistingApplication("com.spotlove.releaseproduction", STOP_ON_FAILURE): Starting app with application ID: 'com.spotlove.releaseproduction'

2022-04-20 12:48:29 - [MESSAGE][PASSED] - Starting app with application ID: 'com.spotlove.releaseproduction'

2022-04-20 12:48:29 - [TEST_STEP][PASSED] - checkElement(findTestObject("Partner Gender/YOUR MATCH"), 0): Element 'Object Repository/Partner Gender/YOUR MATCH' is checked

2022-04-20 12:48:29 - [MESSAGE][WARNING] - Timeout '0' is invalid. Using default page load timeout: '30'

2022-04-20 12:48:31 - [MESSAGE][PASSED] - Element 'Object Repository/Partner Gender/YOUR MATCH' is checked

2022-04-20 12:48:31 - [TEST_STEP][PASSED] - checkElement(findTestObject("Partner Gender/Choose on"), 0): Element 'Object Repository/Partner Gender/Choose on' is checked

2022-04-20 12:48:31 - [MESSAGE][WARNING] - Timeout '0' is invalid. Using default page load timeout: '30'

2022-04-20 12:48:32 - [MESSAGE][PASSED] - Element 'Object Repository/Partner Gender/Choose on' is checked

2022-04-20 12:48:32 - [TEST_STEP][PASSED] - tap(findTestObject("Partner Gender/Open to All"), 0): Tapped on element 'Object Repository/Partner Gender/Open to All'

2022-04-20 12:48:32 - [MESSAGE][WARNING] - Timeout '0' is invalid. Using default page load timeout: '30'

2022-04-20 12:48:33 - [MESSAGE][PASSED] - Tapped on element 'Object Repository/Partner Gender/Open to All'

2022-04-20 12:48:33 - [TEST_STEP][PASSED] - tap(findTestObject("Partner Gender/Female Checkbox"), 0): Tapped on element 'Object Repository/Partner Gender/Female Checkbox'

2022-04-20 12:48:33 - [MESSAGE][WARNING] - Timeout '0' is invalid. Using default page load timeout: '30'

2022-04-20 12:48:35 - [MESSAGE][PASSED] - Tapped on element 'Object Repository/Partner Gender/Female Checkbox'

2022-04-20 12:48:35 - [TEST_STEP][PASSED] - tap(findTestObject("Partner Gender/Male CheckBox"), 0): Tapped on element 'Object Repository/Partner Gender/Male CheckBox'

2022-04-20 12:48:35 - [MESSAGE][WARNING] - Timeout '0' is invalid. Using default page load timeout: '30'

2022-04-20 12:48:36 - [MESSAGE][PASSED] - Tapped on element 'Object Repository/Partner Gender/Male CheckBox'

2022-04-20 12:48:36 - [TEST_STEP][PASSED] - tap(findTestObject("Partner Gender/Non-Binary Checkbox"), 0): Tapped on element 'Object Repository/Partner Gender/Non-Binary Checkbox'

2022-04-20 12:48:36 - [MESSAGE][WARNING] - Timeout '0' is invalid. Using default page load timeout: '30'

2022-04-20 12:48:37 - [MESSAGE][PASSED] - Tapped on element 'Object Repository/Partner Gender/Non-Binary Checkbox'

2022-04-20 12:48:37 - [TEST_STEP][PASSED] - tap(findTestObject("Partner Gender/Open to All"), 0): Tapped on element 'Object Repository/Partner Gender/Open to All'

2022-04-20 12:48:37 - [MESSAGE][WARNING] - Timeout '0' is invalid. Using default page load timeout: '30'

2022-04-20 12:48:38 - [MESSAGE][PASSED] - Tapped on element 'Object Repository/Partner Gender/Open to All'

2022-04-20 12:48:38 - [TEST_STEP][PASSED] - tap(findTestObject("Partner Gender/forword"), 0): Tapped on element 'Object Repository/Partner Gender/forword'

2022-04-20 12:48:38 - [MESSAGE][WARNING] - Timeout '0' is invalid. Using default page load timeout: '30'

2022-04-20 12:48:40 - [MESSAGE][PASSED] - Tapped on element 'Object Repository/Partner Gender/forword']]></system-out>
         <system-err><![CDATA[]]></system-err>
      </testcase>
      <testcase name="Test Cases/testing/Partner ethnicity" time="12.386" classname="Test Cases/testing/Partner ethnicity" status="PASSED">
         <system-out><![CDATA[2022-04-20 12:48:40 - [TEST_CASE][PASSED] - Test Cases/testing/Partner ethnicity: Test Cases/testing/Partner ethnicity

2022-04-20 12:48:40 - [TEST_STEP][PASSED] - checkElement(findTestObject("Partner Ethnicity/YOUR MATCH"), 5): Element 'Object Repository/Partner Ethnicity/YOUR MATCH' is checked

2022-04-20 12:48:41 - [MESSAGE][PASSED] - Element 'Object Repository/Partner Ethnicity/YOUR MATCH' is checked

2022-04-20 12:48:41 - [TEST_STEP][PASSED] - checkElement(findTestObject("Partner Ethnicity/ETHNICITY label Text"), 5): Element 'Object Repository/Partner Ethnicity/ETHNICITY label Text' is checked

2022-04-20 12:48:42 - [MESSAGE][PASSED] - Element 'Object Repository/Partner Ethnicity/ETHNICITY label Text' is checked

2022-04-20 12:48:42 - [TEST_STEP][PASSED] - tap(findTestObject("Partner Ethnicity/Open To All"), 5): Tapped on element 'Object Repository/Partner Ethnicity/Open To All'

2022-04-20 12:48:43 - [MESSAGE][PASSED] - Tapped on element 'Object Repository/Partner Ethnicity/Open To All'

2022-04-20 12:48:43 - [TEST_STEP][PASSED] - tap(findTestObject("Partner Ethnicity/East Asian"), 5): Tapped on element 'Object Repository/Partner Ethnicity/East Asian'

2022-04-20 12:48:44 - [MESSAGE][PASSED] - Tapped on element 'Object Repository/Partner Ethnicity/East Asian'

2022-04-20 12:48:44 - [TEST_STEP][PASSED] - tap(findTestObject("Partner Ethnicity/Middle Eastern"), 5): Tapped on element 'Object Repository/Partner Ethnicity/Middle Eastern'

2022-04-20 12:48:45 - [MESSAGE][PASSED] - Tapped on element 'Object Repository/Partner Ethnicity/Middle Eastern'

2022-04-20 12:48:45 - [TEST_STEP][PASSED] - tap(findTestObject("Partner Ethnicity/Hispanic"), 5): Tapped on element 'Object Repository/Partner Ethnicity/Hispanic'

2022-04-20 12:48:46 - [MESSAGE][PASSED] - Tapped on element 'Object Repository/Partner Ethnicity/Hispanic'

2022-04-20 12:48:46 - [TEST_STEP][PASSED] - tap(findTestObject("Partner Ethnicity/Multiracial"), 5): Tapped on element 'Object Repository/Partner Ethnicity/Multiracial'

2022-04-20 12:48:47 - [MESSAGE][PASSED] - Tapped on element 'Object Repository/Partner Ethnicity/Multiracial'

2022-04-20 12:48:47 - [TEST_STEP][PASSED] - tap(findTestObject("Partner Ethnicity/White caucasian"), 5): Tapped on element 'Object Repository/Partner Ethnicity/White caucasian'

2022-04-20 12:48:49 - [MESSAGE][PASSED] - Tapped on element 'Object Repository/Partner Ethnicity/White caucasian'

2022-04-20 12:48:49 - [TEST_STEP][PASSED] - tap(findTestObject("Partner Ethnicity/Pacific Islander"), 5): Tapped on element 'Object Repository/Partner Ethnicity/Pacific Islander'

2022-04-20 12:48:50 - [MESSAGE][PASSED] - Tapped on element 'Object Repository/Partner Ethnicity/Pacific Islander'

2022-04-20 12:48:50 - [TEST_STEP][PASSED] - tap(findTestObject("Partner Ethnicity/South Asian"), 5): Tapped on element 'Object Repository/Partner Ethnicity/South Asian'

2022-04-20 12:48:51 - [MESSAGE][PASSED] - Tapped on element 'Object Repository/Partner Ethnicity/South Asian'

2022-04-20 12:48:51 - [TEST_STEP][PASSED] - tap(findTestObject("Partner Ethnicity/forword"), 5): Tapped on element 'Object Repository/Partner Ethnicity/forword'

2022-04-20 12:48:52 - [MESSAGE][PASSED] - Tapped on element 'Object Repository/Partner Ethnicity/forword']]></system-out>
         <system-err><![CDATA[]]></system-err>
      </testcase>
      <testcase name="Test Cases/testing/Partner Religion" time="26.797" classname="Test Cases/testing/Partner Religion" status="PASSED">
         <system-out><![CDATA[2022-04-20 12:48:52 - [TEST_CASE][PASSED] - Test Cases/testing/Partner Religion: Test Cases/testing/Partner Religion

2022-04-20 12:48:52 - [TEST_STEP][PASSED] - checkElement(findTestObject("Partner Religion/YOUR MATCH"), 5): Element 'Object Repository/Partner Religion/YOUR MATCH' is checked

2022-04-20 12:48:54 - [MESSAGE][PASSED] - Element 'Object Repository/Partner Religion/YOUR MATCH' is checked

2022-04-20 12:48:54 - [TEST_STEP][PASSED] - checkElement(findTestObject("Partner Religion/The answer to"), 5): Element 'Object Repository/Partner Religion/The answer to' is checked

2022-04-20 12:48:55 - [MESSAGE][PASSED] - Element 'Object Repository/Partner Religion/The answer to' is checked

2022-04-20 12:48:55 - [TEST_STEP][PASSED] - checkElement(findTestObject("Partner Religion/RELIGION label Text"), 5): Element 'Object Repository/Partner Religion/RELIGION label Text' is checked

2022-04-20 12:48:55 - [MESSAGE][PASSED] - Element 'Object Repository/Partner Religion/RELIGION label Text' is checked

2022-04-20 12:48:55 - [TEST_STEP][PASSED] - checkElement(findTestObject("Partner Religion/Open To All"), 5): Element 'Object Repository/Partner Religion/Open To All' is checked

2022-04-20 12:48:56 - [MESSAGE][PASSED] - Element 'Object Repository/Partner Religion/Open To All' is checked

2022-04-20 12:48:56 - [TEST_STEP][PASSED] - checkElement(findTestObject("Partner Religion/Hindu"), 5): Element 'Object Repository/Partner Religion/Hindu' is checked

2022-04-20 12:48:57 - [MESSAGE][PASSED] - Element 'Object Repository/Partner Religion/Hindu' is checked

2022-04-20 12:48:57 - [TEST_STEP][PASSED] - checkElement(findTestObject("Partner Religion/Buddhist"), 5): Element 'Object Repository/Partner Religion/Buddhist' is checked

2022-04-20 12:48:58 - [MESSAGE][PASSED] - Element 'Object Repository/Partner Religion/Buddhist' is checked

2022-04-20 12:48:58 - [TEST_STEP][PASSED] - checkElement(findTestObject("Partner Religion/LDS"), 5): Element 'Object Repository/Partner Religion/LDS' is checked

2022-04-20 12:49:00 - [MESSAGE][PASSED] - Element 'Object Repository/Partner Religion/LDS' is checked

2022-04-20 12:49:00 - [TEST_STEP][PASSED] - checkElement(findTestObject("Partner Religion/Muslim"), 5): Element 'Object Repository/Partner Religion/Muslim' is checked

2022-04-20 12:49:01 - [MESSAGE][PASSED] - Element 'Object Repository/Partner Religion/Muslim' is checked

2022-04-20 12:49:01 - [TEST_STEP][PASSED] - checkElement(findTestObject("Partner Religion/Sikh"), 5): Element 'Object Repository/Partner Religion/Sikh' is checked

2022-04-20 12:49:02 - [MESSAGE][PASSED] - Element 'Object Repository/Partner Religion/Sikh' is checked

2022-04-20 12:49:02 - [TEST_STEP][PASSED] - checkElement(findTestObject("Partner Religion/Spiritual"), 5): Element 'Object Repository/Partner Religion/Spiritual' is checked

2022-04-20 12:49:03 - [MESSAGE][PASSED] - Element 'Object Repository/Partner Religion/Spiritual' is checked

2022-04-20 12:49:03 - [TEST_STEP][PASSED] - checkElement(findTestObject("Partner Religion/Open To All"), 5): Element 'Object Repository/Partner Religion/Open To All' is checked

2022-04-20 12:49:18 - [MESSAGE][PASSED] - Element 'Object Repository/Partner Religion/Open To All' is checked

2022-04-20 12:49:18 - [TEST_STEP][PASSED] - checkElement(findTestObject("Partner Religion/Forword"), 5): Element 'Object Repository/Partner Religion/Forword' is checked

2022-04-20 12:49:19 - [MESSAGE][PASSED] - Element 'Object Repository/Partner Religion/Forword' is checked]]></system-out>
         <system-err><![CDATA[]]></system-err>
      </testcase>
      <testcase name="Test Cases/testing/Partner Marital Status" time="15.337" classname="Test Cases/testing/Partner Marital Status" status="PASSED">
         <system-out><![CDATA[2022-04-20 12:49:19 - [TEST_CASE][PASSED] - Test Cases/testing/Partner Marital Status: Test Cases/testing/Partner Marital Status

2022-04-20 12:49:21 - [TEST_STEP][PASSED] - checkElement(findTestObject("Partner Marital Status/YOUR MATCH"), 5): Element 'Object Repository/Partner Marital Status/YOUR MATCH' is checked

2022-04-20 12:49:21 - [MESSAGE][PASSED] - Element 'Object Repository/Partner Marital Status/YOUR MATCH' is checked

2022-04-20 12:49:21 - [TEST_STEP][PASSED] - checkElement(findTestObject("Partner Marital Status/Obviously your"), 5): Element 'Object Repository/Partner Marital Status/Obviously your' is checked

2022-04-20 12:49:25 - [MESSAGE][PASSED] - Element 'Object Repository/Partner Marital Status/Obviously your' is checked

2022-04-20 12:49:25 - [TEST_STEP][PASSED] - checkElement(findTestObject("Partner Marital Status/MARITAL STATUS label Text"), 5): Element 'Object Repository/Partner Marital Status/MARITAL STATUS label Text' is checked

2022-04-20 12:49:26 - [MESSAGE][PASSED] - Element 'Object Repository/Partner Marital Status/MARITAL STATUS label Text' is checked

2022-04-20 12:49:26 - [TEST_STEP][PASSED] - tap(findTestObject("Partner Marital Status/Open To All"), 5): Tapped on element 'Object Repository/Partner Marital Status/Open To All'

2022-04-20 12:49:27 - [MESSAGE][PASSED] - Tapped on element 'Object Repository/Partner Marital Status/Open To All'

2022-04-20 12:49:27 - [TEST_STEP][PASSED] - tap(findTestObject("Partner Marital Status/Never Married"), 5): Tapped on element 'Object Repository/Partner Marital Status/Never Married'

2022-04-20 12:49:28 - [MESSAGE][PASSED] - Tapped on element 'Object Repository/Partner Marital Status/Never Married'

2022-04-20 12:49:28 - [TEST_STEP][PASSED] - tap(findTestObject("Partner Marital Status/Divorced"), 5): Tapped on element 'Object Repository/Partner Marital Status/Divorced'

2022-04-20 12:49:29 - [MESSAGE][PASSED] - Tapped on element 'Object Repository/Partner Marital Status/Divorced'

2022-04-20 12:49:29 - [TEST_STEP][PASSED] - tap(findTestObject("Partner Marital Status/Separated"), 5): Tapped on element 'Object Repository/Partner Marital Status/Separated'

2022-04-20 12:49:30 - [MESSAGE][PASSED] - Tapped on element 'Object Repository/Partner Marital Status/Separated'

2022-04-20 12:49:30 - [TEST_STEP][PASSED] - tap(findTestObject("Partner Marital Status/divorce in Progress"), 5): Tapped on element 'Object Repository/Partner Marital Status/divorce in Progress'

2022-04-20 12:49:31 - [MESSAGE][PASSED] - Tapped on element 'Object Repository/Partner Marital Status/divorce in Progress'

2022-04-20 12:49:31 - [TEST_STEP][PASSED] - tap(findTestObject("Partner Marital Status/Widowed"), 5): Tapped on element 'Object Repository/Partner Marital Status/Widowed'

2022-04-20 12:49:32 - [MESSAGE][PASSED] - Tapped on element 'Object Repository/Partner Marital Status/Widowed'

2022-04-20 12:49:32 - [TEST_STEP][PASSED] - tap(findTestObject("Partner Marital Status/Open To All"), 5): Tapped on element 'Object Repository/Partner Marital Status/Open To All'

2022-04-20 12:49:33 - [MESSAGE][PASSED] - Tapped on element 'Object Repository/Partner Marital Status/Open To All'

2022-04-20 12:49:33 - [TEST_STEP][PASSED] - tap(findTestObject("Partner Marital Status/Forword"), 5): Tapped on element 'Object Repository/Partner Marital Status/Forword'

2022-04-20 12:49:34 - [MESSAGE][PASSED] - Tapped on element 'Object Repository/Partner Marital Status/Forword']]></system-out>
         <system-err><![CDATA[]]></system-err>
      </testcase>
      <testcase name="Test Cases/testing/partner Family Plan" time="34.282" classname="Test Cases/testing/partner Family Plan" status="PASSED">
         <system-out><![CDATA[2022-04-20 12:49:34 - [TEST_CASE][PASSED] - Test Cases/testing/partner Family Plan: Test Cases/testing/partner Family Plan

2022-04-20 12:49:35 - [TEST_STEP][PASSED] - checkElement(findTestObject("partner Family Plans/YOUR MATCH"), 0): Element 'Object Repository/partner Family Plans/YOUR MATCH' is checked

2022-04-20 12:49:35 - [MESSAGE][WARNING] - Timeout '0' is invalid. Using default page load timeout: '30'

2022-04-20 12:49:35 - [MESSAGE][PASSED] - Element 'Object Repository/partner Family Plans/YOUR MATCH' is checked

2022-04-20 12:49:35 - [TEST_STEP][PASSED] - checkElement(findTestObject("partner Family Plans/You can"), 0): Element 'Object Repository/partner Family Plans/You can' is checked

2022-04-20 12:49:35 - [MESSAGE][WARNING] - Timeout '0' is invalid. Using default page load timeout: '30'

2022-04-20 12:49:58 - [MESSAGE][PASSED] - Element 'Object Repository/partner Family Plans/You can' is checked

2022-04-20 12:49:58 - [TEST_STEP][PASSED] - checkElement(findTestObject("partner Family Plans/CHILDREN label Text"), 0): Element 'Object Repository/partner Family Plans/CHILDREN label Text' is checked

2022-04-20 12:49:59 - [MESSAGE][WARNING] - Timeout '0' is invalid. Using default page load timeout: '30'

2022-04-20 12:49:59 - [MESSAGE][PASSED] - Element 'Object Repository/partner Family Plans/CHILDREN label Text' is checked

2022-04-20 12:49:59 - [TEST_STEP][PASSED] - tap(findTestObject("partner Family Plans/Open To All"), 5): Tapped on element 'Object Repository/partner Family Plans/Open To All'

2022-04-20 12:50:00 - [MESSAGE][PASSED] - Tapped on element 'Object Repository/partner Family Plans/Open To All'

2022-04-20 12:50:00 - [TEST_STEP][PASSED] - tap(findTestObject("partner Family Plans/I have Children"), 5): Tapped on element 'Object Repository/partner Family Plans/I have Children'

2022-04-20 12:50:02 - [MESSAGE][PASSED] - Tapped on element 'Object Repository/partner Family Plans/I have Children'

2022-04-20 12:50:02 - [TEST_STEP][PASSED] - tap(findTestObject("partner Family Plans/I dont want Children"), 5): Tapped on element 'Object Repository/partner Family Plans/I dont want Children'

2022-04-20 12:50:03 - [MESSAGE][PASSED] - Tapped on element 'Object Repository/partner Family Plans/I dont want Children'

2022-04-20 12:50:03 - [TEST_STEP][PASSED] - tap(findTestObject("partner Family Plans/I want children"), 5): Tapped on element 'Object Repository/partner Family Plans/I want children'

2022-04-20 12:50:04 - [MESSAGE][PASSED] - Tapped on element 'Object Repository/partner Family Plans/I want children'

2022-04-20 12:50:04 - [TEST_STEP][PASSED] - tap(findTestObject("partner Family Plans/Open To All"), 5): Tapped on element 'Object Repository/partner Family Plans/Open To All'

2022-04-20 12:50:05 - [MESSAGE][PASSED] - Tapped on element 'Object Repository/partner Family Plans/Open To All'

2022-04-20 12:50:05 - [TEST_STEP][PASSED] - tap(findTestObject("partner Family Plans/I dont Have Children"), 5): Tapped on element 'Object Repository/partner Family Plans/I dont Have Children'

2022-04-20 12:50:06 - [MESSAGE][PASSED] - Tapped on element 'Object Repository/partner Family Plans/I dont Have Children'

2022-04-20 12:50:06 - [TEST_STEP][PASSED] - tap(findTestObject("partner Family Plans/I want children"), 5): Tapped on element 'Object Repository/partner Family Plans/I want children'

2022-04-20 12:50:07 - [MESSAGE][PASSED] - Tapped on element 'Object Repository/partner Family Plans/I want children'

2022-04-20 12:50:07 - [TEST_STEP][PASSED] - tap(findTestObject("partner Family Plans/I m open To children"), 5): Tapped on element 'Object Repository/partner Family Plans/I m open To children'

2022-04-20 12:50:08 - [MESSAGE][PASSED] - Tapped on element 'Object Repository/partner Family Plans/I m open To children'

2022-04-20 12:50:08 - [TEST_STEP][PASSED] - tap(findTestObject("partner Family Plans/forword"), 5): Tapped on element 'Object Repository/partner Family Plans/forword'

2022-04-20 12:50:08 - [MESSAGE][PASSED] - Tapped on element 'Object Repository/partner Family Plans/forword']]></system-out>
         <system-err><![CDATA[]]></system-err>
      </testcase>
      <testcase name="Test Cases/testing/Partner Education" time="11.706" classname="Test Cases/testing/Partner Education" status="PASSED">
         <system-out><![CDATA[2022-04-20 12:50:08 - [TEST_CASE][PASSED] - Test Cases/testing/Partner Education: Test Cases/testing/Partner Education

2022-04-20 12:50:09 - [TEST_STEP][PASSED] - checkElement(findTestObject("Partner Education/YOUR MATCH"), 5): Element 'Object Repository/Partner Education/YOUR MATCH' is checked

2022-04-20 12:50:12 - [MESSAGE][PASSED] - Element 'Object Repository/Partner Education/YOUR MATCH' is checked

2022-04-20 12:50:12 - [TEST_STEP][PASSED] - checkElement(findTestObject("Partner Education/Who gets an A in your book label text"), 5): Element 'Object Repository/Partner Education/Who gets an A in your book label text' is checked

2022-04-20 12:50:12 - [MESSAGE][PASSED] - Element 'Object Repository/Partner Education/Who gets an A in your book label text' is checked

2022-04-20 12:50:12 - [TEST_STEP][PASSED] - checkElement(findTestObject("Partner Education/EDUCATION label text"), 5): Element 'Object Repository/Partner Education/EDUCATION label text' is checked

2022-04-20 12:50:13 - [MESSAGE][PASSED] - Element 'Object Repository/Partner Education/EDUCATION label text' is checked

2022-04-20 12:50:13 - [TEST_STEP][PASSED] - checkElement(findTestObject("Partner Education/Open To All"), 5): Element 'Object Repository/Partner Education/Open To All' is checked

2022-04-20 12:50:14 - [MESSAGE][PASSED] - Element 'Object Repository/Partner Education/Open To All' is checked

2022-04-20 12:50:14 - [TEST_STEP][PASSED] - checkElement(findTestObject("Partner Education/PHD Doctor"), 5): Element 'Object Repository/Partner Education/PHD Doctor' is checked

2022-04-20 12:50:15 - [MESSAGE][PASSED] - Element 'Object Repository/Partner Education/PHD Doctor' is checked

2022-04-20 12:50:15 - [TEST_STEP][PASSED] - checkElement(findTestObject("Partner Education/Some College"), 5): Element 'Object Repository/Partner Education/Some College' is checked

2022-04-20 12:50:16 - [MESSAGE][PASSED] - Element 'Object Repository/Partner Education/Some College' is checked

2022-04-20 12:50:16 - [TEST_STEP][PASSED] - checkElement(findTestObject("Partner Education/HS Diploma CheckBox"), 5): Element 'Object Repository/Partner Education/HS Diploma CheckBox' is checked

2022-04-20 12:50:17 - [MESSAGE][PASSED] - Element 'Object Repository/Partner Education/HS Diploma CheckBox' is checked

2022-04-20 12:50:17 - [TEST_STEP][PASSED] - checkElement(findTestObject("Partner Education/PHD Doctor"), 5): Element 'Object Repository/Partner Education/PHD Doctor' is checked

2022-04-20 12:50:18 - [MESSAGE][PASSED] - Element 'Object Repository/Partner Education/PHD Doctor' is checked

2022-04-20 12:50:18 - [TEST_STEP][PASSED] - checkElement(findTestObject("Partner Education/Graduation Professtional Degree"), 5): Element 'Object Repository/Partner Education/Graduation Professtional Degree' is checked

2022-04-20 12:50:19 - [MESSAGE][PASSED] - Element 'Object Repository/Partner Education/Graduation Professtional Degree' is checked

2022-04-20 12:50:19 - [TEST_STEP][PASSED] - checkElement(findTestObject("Partner Education/forword"), 5): Element 'Object Repository/Partner Education/forword' is checked

2022-04-20 12:50:20 - [MESSAGE][PASSED] - Element 'Object Repository/Partner Education/forword' is checked]]></system-out>
         <system-err><![CDATA[]]></system-err>
      </testcase>
      <testcase name="Test Cases/testing/Partner Vices" time="20.345" classname="Test Cases/testing/Partner Vices" status="PASSED">
         <system-out><![CDATA[2022-04-20 12:50:20 - [TEST_CASE][PASSED] - Test Cases/testing/Partner Vices: Test Cases/testing/Partner Vices

2022-04-20 12:50:21 - [TEST_STEP][PASSED] - checkElement(findTestObject("Partner Vices/YOUR MATCH"), 5): Element 'Object Repository/Partner Vices/YOUR MATCH' is checked

2022-04-20 12:50:22 - [MESSAGE][PASSED] - Element 'Object Repository/Partner Vices/YOUR MATCH' is checked

2022-04-20 12:50:22 - [TEST_STEP][PASSED] - checkElement(findTestObject("Partner Vices/No judgement here label text"), 5): Element 'Object Repository/Partner Vices/No judgement here label text' is checked

2022-04-20 12:50:23 - [MESSAGE][PASSED] - Element 'Object Repository/Partner Vices/No judgement here label text' is checked

2022-04-20 12:50:23 - [TEST_STEP][PASSED] - checkElement(findTestObject("Partner Vices/SMOKING Label Text"), 5): Element 'Object Repository/Partner Vices/SMOKING Label Text' is checked

2022-04-20 12:50:24 - [MESSAGE][PASSED] - Element 'Object Repository/Partner Vices/SMOKING Label Text' is checked

2022-04-20 12:50:24 - [TEST_STEP][PASSED] - tap(findTestObject("Partner Vices/Open To All SM"), 5): Tapped on element 'Object Repository/Partner Vices/Open To All SM'

2022-04-20 12:50:24 - [MESSAGE][PASSED] - Tapped on element 'Object Repository/Partner Vices/Open To All SM'

2022-04-20 12:50:24 - [TEST_STEP][PASSED] - tap(findTestObject("Partner Vices/Often Checkbox"), 5): Tapped on element 'Object Repository/Partner Vices/Often Checkbox'

2022-04-20 12:50:26 - [MESSAGE][PASSED] - Tapped on element 'Object Repository/Partner Vices/Often Checkbox'

2022-04-20 12:50:26 - [TEST_STEP][PASSED] - tap(findTestObject("Partner Vices/Never Checkbox"), 5): Tapped on element 'Object Repository/Partner Vices/Never Checkbox'

2022-04-20 12:50:27 - [MESSAGE][PASSED] - Tapped on element 'Object Repository/Partner Vices/Never Checkbox'

2022-04-20 12:50:27 - [TEST_STEP][PASSED] - tap(findTestObject("Partner Vices/socially Checkbox"), 5): Tapped on element 'Object Repository/Partner Vices/socially Checkbox'

2022-04-20 12:50:28 - [MESSAGE][PASSED] - Tapped on element 'Object Repository/Partner Vices/socially Checkbox'

2022-04-20 12:50:28 - [TEST_STEP][PASSED] - checkElement(findTestObject("Partner Vices/ALCOHOL label text"), 5): Element 'Object Repository/Partner Vices/ALCOHOL label text' is checked

2022-04-20 12:50:29 - [MESSAGE][PASSED] - Element 'Object Repository/Partner Vices/ALCOHOL label text' is checked

2022-04-20 12:50:29 - [TEST_STEP][PASSED] - tap(findTestObject("Partner Vices/Open to all AL"), 5): Tapped on element 'Object Repository/Partner Vices/Open to all AL'

2022-04-20 12:50:30 - [MESSAGE][PASSED] - Tapped on element 'Object Repository/Partner Vices/Open to all AL'

2022-04-20 12:50:30 - [TEST_STEP][PASSED] - tap(findTestObject("Partner Vices/Often checkbox AL"), 5): Tapped on element 'Object Repository/Partner Vices/Often checkbox AL'

2022-04-20 12:50:31 - [MESSAGE][PASSED] - Tapped on element 'Object Repository/Partner Vices/Often checkbox AL'

2022-04-20 12:50:31 - [TEST_STEP][PASSED] - tap(findTestObject("Partner Vices/Socially checkbox AL"), 5): Tapped on element 'Object Repository/Partner Vices/Socially checkbox AL'

2022-04-20 12:50:32 - [MESSAGE][PASSED] - Tapped on element 'Object Repository/Partner Vices/Socially checkbox AL'

2022-04-20 12:50:32 - [TEST_STEP][PASSED] - tap(findTestObject("Partner Vices/Never checkbox AL"), 5): Tapped on element 'Object Repository/Partner Vices/Never checkbox AL'

2022-04-20 12:50:34 - [MESSAGE][PASSED] - Tapped on element 'Object Repository/Partner Vices/Never checkbox AL'

2022-04-20 12:50:34 - [TEST_STEP][PASSED] - checkElement(findTestObject("Partner Vices/MARIJUANA"), 5): Element 'Object Repository/Partner Vices/MARIJUANA' is checked

2022-04-20 12:50:35 - [MESSAGE][PASSED] - Element 'Object Repository/Partner Vices/MARIJUANA' is checked

2022-04-20 12:50:35 - [TEST_STEP][PASSED] - tap(findTestObject("Partner Vices/open To All Mari"), 5): Tapped on element 'Object Repository/Partner Vices/open To All Mari'

2022-04-20 12:50:36 - [MESSAGE][PASSED] - Tapped on element 'Object Repository/Partner Vices/open To All Mari'

2022-04-20 12:50:36 - [TEST_STEP][PASSED] - tap(findTestObject("Partner Vices/Socially checkbox Mari"), 5): Tapped on element 'Object Repository/Partner Vices/Socially checkbox Mari'

2022-04-20 12:50:37 - [MESSAGE][PASSED] - Tapped on element 'Object Repository/Partner Vices/Socially checkbox Mari'

2022-04-20 12:50:37 - [TEST_STEP][PASSED] - tap(findTestObject("Partner Vices/Never checkbox Mari"), 5): Tapped on element 'Object Repository/Partner Vices/Never checkbox Mari'

2022-04-20 12:50:38 - [MESSAGE][PASSED] - Tapped on element 'Object Repository/Partner Vices/Never checkbox Mari'

2022-04-20 12:50:38 - [TEST_STEP][PASSED] - tap(findTestObject("Partner Vices/Ofter checkbox Mari"), 5): Tapped on element 'Object Repository/Partner Vices/Ofter checkbox Mari'

2022-04-20 12:50:39 - [MESSAGE][PASSED] - Tapped on element 'Object Repository/Partner Vices/Ofter checkbox Mari'

2022-04-20 12:50:39 - [TEST_STEP][PASSED] - tap(findTestObject("Partner Vices/forword"), 5): Tapped on element 'Object Repository/Partner Vices/forword'

2022-04-20 12:50:41 - [MESSAGE][PASSED] - Tapped on element 'Object Repository/Partner Vices/forword']]></system-out>
         <system-err><![CDATA[]]></system-err>
      </testcase>
      <testcase name="Test Cases/testing/Partner Politics" time="4.525" classname="Test Cases/testing/Partner Politics" status="FAILED">
         <failure type="FAILED" message="Test Cases/testing/Partner Politics FAILED.
Reason:
com.kms.katalon.core.exception.StepFailedException: Failed to tap on element 'Object Repository/Partner Politices/open to all' (Root cause: org.openqa.selenium.InvalidElementStateException: Tap at [x=74.0, y=494.0] has failed
Build info: version: '3.141.59', revision: 'e82be7d358', time: '2018-11-14T08:25:53'
System info: host: 'DESKTOP-3CP89AN', ip: '192.168.1.59', os.name: 'Windows 10', os.arch: 'amd64', os.version: '10.0', java.version: '1.8.0_282'
Driver info: com.kms.katalon.core.appium.driver.SwipeableAndroidDriver
Capabilities {appActivity: .Settings, appPackage: com.android.settings, autoGrantPermissions: true, automationName: uiautomator2, chromedriverPort: 53558, databaseEnabled: false, desired: {appActivity: .Settings, appPackage: com.android.settings, autoGrantPermissions: true, automationName: uiautomator2, chromedriverPort: 53558, deviceName: samsung SM-M115F (Android 11), newCommandTimeout: 1800, platform: ANDROID, platformName: android, platformVersion: 11, systemPort: 8269, udid: R9JN713GGNJ}, deviceApiLevel: 30, deviceManufacturer: samsung, deviceModel: SM-M115F, deviceName: R9JN713GGNJ, deviceScreenDensity: 280, deviceScreenSize: 720x1560, deviceUDID: R9JN713GGNJ, javascriptEnabled: true, locationContextEnabled: false, networkConnectionEnabled: true, newCommandTimeout: 1800, pixelRatio: 1.75, platform: ANDROID, platformName: Android, platformVersion: 11, statBarHeight: 65, systemPort: 8269, takesScreenshot: true, udid: R9JN713GGNJ, viewportRect: {height: 1346, left: 0, top: 65, width: 720}, warnings: {}, webStorageEnabled: false}
Session ID: 559fffeb-cf11-40a4-9fa7-66cf511098f6
	at org.openqa.selenium.remote.http.W3CHttpResponseCodec.createException(W3CHttpResponseCodec.java:187)
	at org.openqa.selenium.remote.http.W3CHttpResponseCodec.decode(W3CHttpResponseCodec.java:122)
	at org.openqa.selenium.remote.http.W3CHttpResponseCodec.decode(W3CHttpResponseCodec.java:49)
	at org.openqa.selenium.remote.HttpCommandExecutor.execute(HttpCommandExecutor.java:158)
	at io.appium.java_client.remote.AppiumCommandExecutor.execute(AppiumCommandExecutor.java:239)
	at org.openqa.selenium.remote.RemoteWebDriver.execute(RemoteWebDriver.java:552)
	at io.appium.java_client.DefaultGenericMobileDriver.execute(DefaultGenericMobileDriver.java:42)
	at io.appium.java_client.AppiumDriver.execute(AppiumDriver.java:1)
	at io.appium.java_client.android.AndroidDriver.execute(AndroidDriver.java:1)
	at com.kms.katalon.core.appium.driver.SwipeableAndroidDriver.execute(SwipeableAndroidDriver.java:1)
	at io.appium.java_client.PerformsTouchActions.performTouchAction(PerformsTouchActions.java:41)
	at io.appium.java_client.TouchAction.perform(TouchAction.java:187)
	at com.kms.katalon.core.mobile.keyword.builtin.TapKeyword$_tap_closure1.doCall(TapKeyword.groovy:84)
	at com.kms.katalon.core.mobile.keyword.builtin.TapKeyword$_tap_closure1.call(TapKeyword.groovy)
	at com.kms.katalon.core.mobile.keyword.internal.MobileKeywordMain.runKeyword(MobileKeywordMain.groovy:21)
	at com.kms.katalon.core.mobile.keyword.builtin.TapKeyword.tap(TapKeyword.groovy:86)
	at com.kms.katalon.core.mobile.keyword.builtin.TapKeyword.execute(TapKeyword.groovy:68)
	at com.kms.katalon.core.keyword.internal.KeywordExecutor.executeKeywordForPlatform(KeywordExecutor.groovy:74)
	at com.kms.katalon.core.mobile.keyword.MobileBuiltInKeywords.tap(MobileBuiltInKeywords.groovy:1355)
	at com.kms.katalon.core.mobile.keyword.MobileBuiltInKeywords$tap$1.call(Unknown Source)
	at Partner Politics.run(Partner Politics:27)
	at com.kms.katalon.core.main.ScriptEngine.run(ScriptEngine.java:194)
	at com.kms.katalon.core.main.ScriptEngine.runScriptAsRawText(ScriptEngine.java:119)
	at com.kms.katalon.core.main.TestCaseExecutor.runScript(TestCaseExecutor.java:442)
	at com.kms.katalon.core.main.TestCaseExecutor.doExecute(TestCaseExecutor.java:433)
	at com.kms.katalon.core.main.TestCaseExecutor.processExecutionPhase(TestCaseExecutor.java:412)
	at com.kms.katalon.core.main.TestCaseExecutor.accessMainPhase(TestCaseExecutor.java:404)
	at com.kms.katalon.core.main.TestCaseExecutor.execute(TestCaseExecutor.java:281)
	at com.kms.katalon.core.main.TestCaseExecutor.execute(TestCaseExecutor.java:363)
	at com.kms.katalon.core.main.TestCaseExecutor.execute(TestCaseExecutor.java:363)
	at com.kms.katalon.core.main.TestCaseExecutor.execute(TestCaseExecutor.java:363)
	at com.kms.katalon.core.main.TestSuiteExecutor.accessTestCaseMainPhase(TestSuiteExecutor.java:202)
	at com.kms.katalon.core.main.TestSuiteExecutor.accessTestSuiteMainPhase(TestSuiteExecutor.java:164)
	at com.kms.katalon.core.main.TestSuiteExecutor.execute(TestSuiteExecutor.java:105)
	at com.kms.katalon.core.main.TestCaseMain.startTestSuite(TestCaseMain.java:185)
	at com.kms.katalon.core.main.TestCaseMain$startTestSuite$0.call(Unknown Source)
	at TempTestSuite1650440536320.run(TempTestSuite1650440536320.groovy:36)
)
	at com.kms.katalon.core.keyword.internal.KeywordMain.stepFailed(KeywordMain.groovy:50)
	at com.kms.katalon.core.mobile.keyword.internal.MobileKeywordMain.stepFailed(MobileKeywordMain.groovy:40)
	at com.kms.katalon.core.mobile.keyword.internal.MobileKeywordMain.runKeyword(MobileKeywordMain.groovy:23)
	at com.kms.katalon.core.mobile.keyword.builtin.TapKeyword.tap(TapKeyword.groovy:86)
	at com.kms.katalon.core.mobile.keyword.builtin.TapKeyword.execute(TapKeyword.groovy:68)
	at com.kms.katalon.core.keyword.internal.KeywordExecutor.executeKeywordForPlatform(KeywordExecutor.groovy:74)
	at com.kms.katalon.core.mobile.keyword.MobileBuiltInKeywords.tap(MobileBuiltInKeywords.groovy:1355)
	at com.kms.katalon.core.mobile.keyword.MobileBuiltInKeywords$tap$1.call(Unknown Source)
	at Partner Politics.run(Partner Politics:27)
	at com.kms.katalon.core.main.ScriptEngine.run(ScriptEngine.java:194)
	at com.kms.katalon.core.main.ScriptEngine.runScriptAsRawText(ScriptEngine.java:119)
	at com.kms.katalon.core.main.TestCaseExecutor.runScript(TestCaseExecutor.java:442)
	at com.kms.katalon.core.main.TestCaseExecutor.doExecute(TestCaseExecutor.java:433)
	at com.kms.katalon.core.main.TestCaseExecutor.processExecutionPhase(TestCaseExecutor.java:412)
	at com.kms.katalon.core.main.TestCaseExecutor.accessMainPhase(TestCaseExecutor.java:404)
	at com.kms.katalon.core.main.TestCaseExecutor.execute(TestCaseExecutor.java:281)
	at com.kms.katalon.core.main.TestCaseExecutor.execute(TestCaseExecutor.java:363)
	at com.kms.katalon.core.main.TestCaseExecutor.execute(TestCaseExecutor.java:363)
	at com.kms.katalon.core.main.TestCaseExecutor.execute(TestCaseExecutor.java:363)
	at com.kms.katalon.core.main.TestSuiteExecutor.accessTestCaseMainPhase(TestSuiteExecutor.java:202)
	at com.kms.katalon.core.main.TestSuiteExecutor.accessTestSuiteMainPhase(TestSuiteExecutor.java:164)
	at com.kms.katalon.core.main.TestSuiteExecutor.execute(TestSuiteExecutor.java:105)
	at com.kms.katalon.core.main.TestCaseMain.startTestSuite(TestCaseMain.java:185)
	at com.kms.katalon.core.main.TestCaseMain$startTestSuite$0.call(Unknown Source)
	at TempTestSuite1650440536320.run(TempTestSuite1650440536320.groovy:36)
Caused by: org.openqa.selenium.InvalidElementStateException: Tap at [x=74.0, y=494.0] has failed
Build info: version: '3.141.59', revision: 'e82be7d358', time: '2018-11-14T08:25:53'
System info: host: 'DESKTOP-3CP89AN', ip: '192.168.1.59', os.name: 'Windows 10', os.arch: 'amd64', os.version: '10.0', java.version: '1.8.0_282'
Driver info: com.kms.katalon.core.appium.driver.SwipeableAndroidDriver
Capabilities {appActivity: .Settings, appPackage: com.android.settings, autoGrantPermissions: true, automationName: uiautomator2, chromedriverPort: 53558, databaseEnabled: false, desired: {appActivity: .Settings, appPackage: com.android.settings, autoGrantPermissions: true, automationName: uiautomator2, chromedriverPort: 53558, deviceName: samsung SM-M115F (Android 11), newCommandTimeout: 1800, platform: ANDROID, platformName: android, platformVersion: 11, systemPort: 8269, udid: R9JN713GGNJ}, deviceApiLevel: 30, deviceManufacturer: samsung, deviceModel: SM-M115F, deviceName: R9JN713GGNJ, deviceScreenDensity: 280, deviceScreenSize: 720x1560, deviceUDID: R9JN713GGNJ, javascriptEnabled: true, locationContextEnabled: false, networkConnectionEnabled: true, newCommandTimeout: 1800, pixelRatio: 1.75, platform: ANDROID, platformName: Android, platformVersion: 11, statBarHeight: 65, systemPort: 8269, takesScreenshot: true, udid: R9JN713GGNJ, viewportRect: {height: 1346, left: 0, top: 65, width: 720}, warnings: {}, webStorageEnabled: false}
Session ID: 559fffeb-cf11-40a4-9fa7-66cf511098f6
	at org.openqa.selenium.remote.http.W3CHttpResponseCodec.createException(W3CHttpResponseCodec.java:187)
	at org.openqa.selenium.remote.http.W3CHttpResponseCodec.decode(W3CHttpResponseCodec.java:122)
	at org.openqa.selenium.remote.http.W3CHttpResponseCodec.decode(W3CHttpResponseCodec.java:49)
	at org.openqa.selenium.remote.HttpCommandExecutor.execute(HttpCommandExecutor.java:158)
	at io.appium.java_client.remote.AppiumCommandExecutor.execute(AppiumCommandExecutor.java:239)
	at org.openqa.selenium.remote.RemoteWebDriver.execute(RemoteWebDriver.java:552)
	at io.appium.java_client.DefaultGenericMobileDriver.execute(DefaultGenericMobileDriver.java:42)
	at io.appium.java_client.AppiumDriver.execute(AppiumDriver.java:1)
	at io.appium.java_client.android.AndroidDriver.execute(AndroidDriver.java:1)
	at com.kms.katalon.core.appium.driver.SwipeableAndroidDriver.execute(SwipeableAndroidDriver.java:1)
	at io.appium.java_client.PerformsTouchActions.performTouchAction(PerformsTouchActions.java:41)
	at io.appium.java_client.TouchAction.perform(TouchAction.java:187)
	at com.kms.katalon.core.mobile.keyword.builtin.TapKeyword$_tap_closure1.doCall(TapKeyword.groovy:84)
	at com.kms.katalon.core.mobile.keyword.builtin.TapKeyword$_tap_closure1.call(TapKeyword.groovy)
	at com.kms.katalon.core.mobile.keyword.internal.MobileKeywordMain.runKeyword(MobileKeywordMain.groovy:21)
	... 22 more
"/>
         <system-out><![CDATA[2022-04-20 12:51:15 - [TEST_CASE][FAILED] - Test Cases/testing/Partner Politics: Test Cases/testing/Partner Politics FAILED.
Reason:
com.kms.katalon.core.exception.StepFailedException: Failed to tap on element 'Object Repository/Partner Politices/open to all' (Root cause: org.openqa.selenium.InvalidElementStateException: Tap at [x=74.0, y=494.0] has failed
Build info: version: '3.141.59', revision: 'e82be7d358', time: '2018-11-14T08:25:53'
System info: host: 'DESKTOP-3CP89AN', ip: '192.168.1.59', os.name: 'Windows 10', os.arch: 'amd64', os.version: '10.0', java.version: '1.8.0_282'
Driver info: com.kms.katalon.core.appium.driver.SwipeableAndroidDriver
Capabilities {appActivity: .Settings, appPackage: com.android.settings, autoGrantPermissions: true, automationName: uiautomator2, chromedriverPort: 53558, databaseEnabled: false, desired: {appActivity: .Settings, appPackage: com.android.settings, autoGrantPermissions: true, automationName: uiautomator2, chromedriverPort: 53558, deviceName: samsung SM-M115F (Android 11), newCommandTimeout: 1800, platform: ANDROID, platformName: android, platformVersion: 11, systemPort: 8269, udid: R9JN713GGNJ}, deviceApiLevel: 30, deviceManufacturer: samsung, deviceModel: SM-M115F, deviceName: R9JN713GGNJ, deviceScreenDensity: 280, deviceScreenSize: 720x1560, deviceUDID: R9JN713GGNJ, javascriptEnabled: true, locationContextEnabled: false, networkConnectionEnabled: true, newCommandTimeout: 1800, pixelRatio: 1.75, platform: ANDROID, platformName: Android, platformVersion: 11, statBarHeight: 65, systemPort: 8269, takesScreenshot: true, udid: R9JN713GGNJ, viewportRect: {height: 1346, left: 0, top: 65, width: 720}, warnings: {}, webStorageEnabled: false}
Session ID: 559fffeb-cf11-40a4-9fa7-66cf511098f6
	at org.openqa.selenium.remote.http.W3CHttpResponseCodec.createException(W3CHttpResponseCodec.java:187)
	at org.openqa.selenium.remote.http.W3CHttpResponseCodec.decode(W3CHttpResponseCodec.java:122)
	at org.openqa.selenium.remote.http.W3CHttpResponseCodec.decode(W3CHttpResponseCodec.java:49)
	at org.openqa.selenium.remote.HttpCommandExecutor.execute(HttpCommandExecutor.java:158)
	at io.appium.java_client.remote.AppiumCommandExecutor.execute(AppiumCommandExecutor.java:239)
	at org.openqa.selenium.remote.RemoteWebDriver.execute(RemoteWebDriver.java:552)
	at io.appium.java_client.DefaultGenericMobileDriver.execute(DefaultGenericMobileDriver.java:42)
	at io.appium.java_client.AppiumDriver.execute(AppiumDriver.java:1)
	at io.appium.java_client.android.AndroidDriver.execute(AndroidDriver.java:1)
	at com.kms.katalon.core.appium.driver.SwipeableAndroidDriver.execute(SwipeableAndroidDriver.java:1)
	at io.appium.java_client.PerformsTouchActions.performTouchAction(PerformsTouchActions.java:41)
	at io.appium.java_client.TouchAction.perform(TouchAction.java:187)
	at com.kms.katalon.core.mobile.keyword.builtin.TapKeyword$_tap_closure1.doCall(TapKeyword.groovy:84)
	at com.kms.katalon.core.mobile.keyword.builtin.TapKeyword$_tap_closure1.call(TapKeyword.groovy)
	at com.kms.katalon.core.mobile.keyword.internal.MobileKeywordMain.runKeyword(MobileKeywordMain.groovy:21)
	at com.kms.katalon.core.mobile.keyword.builtin.TapKeyword.tap(TapKeyword.groovy:86)
	at com.kms.katalon.core.mobile.keyword.builtin.TapKeyword.execute(TapKeyword.groovy:68)
	at com.kms.katalon.core.keyword.internal.KeywordExecutor.executeKeywordForPlatform(KeywordExecutor.groovy:74)
	at com.kms.katalon.core.mobile.keyword.MobileBuiltInKeywords.tap(MobileBuiltInKeywords.groovy:1355)
	at com.kms.katalon.core.mobile.keyword.MobileBuiltInKeywords$tap$1.call(Unknown Source)
	at Partner Politics.run(Partner Politics:27)
	at com.kms.katalon.core.main.ScriptEngine.run(ScriptEngine.java:194)
	at com.kms.katalon.core.main.ScriptEngine.runScriptAsRawText(ScriptEngine.java:119)
	at com.kms.katalon.core.main.TestCaseExecutor.runScript(TestCaseExecutor.java:442)
	at com.kms.katalon.core.main.TestCaseExecutor.doExecute(TestCaseExecutor.java:433)
	at com.kms.katalon.core.main.TestCaseExecutor.processExecutionPhase(TestCaseExecutor.java:412)
	at com.kms.katalon.core.main.TestCaseExecutor.accessMainPhase(TestCaseExecutor.java:404)
	at com.kms.katalon.core.main.TestCaseExecutor.execute(TestCaseExecutor.java:281)
	at com.kms.katalon.core.main.TestCaseExecutor.execute(TestCaseExecutor.java:363)
	at com.kms.katalon.core.main.TestCaseExecutor.execute(TestCaseExecutor.java:363)
	at com.kms.katalon.core.main.TestCaseExecutor.execute(TestCaseExecutor.java:363)
	at com.kms.katalon.core.main.TestSuiteExecutor.accessTestCaseMainPhase(TestSuiteExecutor.java:202)
	at com.kms.katalon.core.main.TestSuiteExecutor.accessTestSuiteMainPhase(TestSuiteExecutor.java:164)
	at com.kms.katalon.core.main.TestSuiteExecutor.execute(TestSuiteExecutor.java:105)
	at com.kms.katalon.core.main.TestCaseMain.startTestSuite(TestCaseMain.java:185)
	at com.kms.katalon.core.main.TestCaseMain$startTestSuite$0.call(Unknown Source)
	at TempTestSuite1650440536320.run(TempTestSuite1650440536320.groovy:36)
)
	at com.kms.katalon.core.keyword.internal.KeywordMain.stepFailed(KeywordMain.groovy:50)
	at com.kms.katalon.core.mobile.keyword.internal.MobileKeywordMain.stepFailed(MobileKeywordMain.groovy:40)
	at com.kms.katalon.core.mobile.keyword.internal.MobileKeywordMain.runKeyword(MobileKeywordMain.groovy:23)
	at com.kms.katalon.core.mobile.keyword.builtin.TapKeyword.tap(TapKeyword.groovy:86)
	at com.kms.katalon.core.mobile.keyword.builtin.TapKeyword.execute(TapKeyword.groovy:68)
	at com.kms.katalon.core.keyword.internal.KeywordExecutor.executeKeywordForPlatform(KeywordExecutor.groovy:74)
	at com.kms.katalon.core.mobile.keyword.MobileBuiltInKeywords.tap(MobileBuiltInKeywords.groovy:1355)
	at com.kms.katalon.core.mobile.keyword.MobileBuiltInKeywords$tap$1.call(Unknown Source)
	at Partner Politics.run(Partner Politics:27)
	at com.kms.katalon.core.main.ScriptEngine.run(ScriptEngine.java:194)
	at com.kms.katalon.core.main.ScriptEngine.runScriptAsRawText(ScriptEngine.java:119)
	at com.kms.katalon.core.main.TestCaseExecutor.runScript(TestCaseExecutor.java:442)
	at com.kms.katalon.core.main.TestCaseExecutor.doExecute(TestCaseExecutor.java:433)
	at com.kms.katalon.core.main.TestCaseExecutor.processExecutionPhase(TestCaseExecutor.java:412)
	at com.kms.katalon.core.main.TestCaseExecutor.accessMainPhase(TestCaseExecutor.java:404)
	at com.kms.katalon.core.main.TestCaseExecutor.execute(TestCaseExecutor.java:281)
	at com.kms.katalon.core.main.TestCaseExecutor.execute(TestCaseExecutor.java:363)
	at com.kms.katalon.core.main.TestCaseExecutor.execute(TestCaseExecutor.java:363)
	at com.kms.katalon.core.main.TestCaseExecutor.execute(TestCaseExecutor.java:363)
	at com.kms.katalon.core.main.TestSuiteExecutor.accessTestCaseMainPhase(TestSuiteExecutor.java:202)
	at com.kms.katalon.core.main.TestSuiteExecutor.accessTestSuiteMainPhase(TestSuiteExecutor.java:164)
	at com.kms.katalon.core.main.TestSuiteExecutor.execute(TestSuiteExecutor.java:105)
	at com.kms.katalon.core.main.TestCaseMain.startTestSuite(TestCaseMain.java:185)
	at com.kms.katalon.core.main.TestCaseMain$startTestSuite$0.call(Unknown Source)
	at TempTestSuite1650440536320.run(TempTestSuite1650440536320.groovy:36)
Caused by: org.openqa.selenium.InvalidElementStateException: Tap at [x=74.0, y=494.0] has failed
Build info: version: '3.141.59', revision: 'e82be7d358', time: '2018-11-14T08:25:53'
System info: host: 'DESKTOP-3CP89AN', ip: '192.168.1.59', os.name: 'Windows 10', os.arch: 'amd64', os.version: '10.0', java.version: '1.8.0_282'
Driver info: com.kms.katalon.core.appium.driver.SwipeableAndroidDriver
Capabilities {appActivity: .Settings, appPackage: com.android.settings, autoGrantPermissions: true, automationName: uiautomator2, chromedriverPort: 53558, databaseEnabled: false, desired: {appActivity: .Settings, appPackage: com.android.settings, autoGrantPermissions: true, automationName: uiautomator2, chromedriverPort: 53558, deviceName: samsung SM-M115F (Android 11), newCommandTimeout: 1800, platform: ANDROID, platformName: android, platformVersion: 11, systemPort: 8269, udid: R9JN713GGNJ}, deviceApiLevel: 30, deviceManufacturer: samsung, deviceModel: SM-M115F, deviceName: R9JN713GGNJ, deviceScreenDensity: 280, deviceScreenSize: 720x1560, deviceUDID: R9JN713GGNJ, javascriptEnabled: true, locationContextEnabled: false, networkConnectionEnabled: true, newCommandTimeout: 1800, pixelRatio: 1.75, platform: ANDROID, platformName: Android, platformVersion: 11, statBarHeight: 65, systemPort: 8269, takesScreenshot: true, udid: R9JN713GGNJ, viewportRect: {height: 1346, left: 0, top: 65, width: 720}, warnings: {}, webStorageEnabled: false}
Session ID: 559fffeb-cf11-40a4-9fa7-66cf511098f6
	at org.openqa.selenium.remote.http.W3CHttpResponseCodec.createException(W3CHttpResponseCodec.java:187)
	at org.openqa.selenium.remote.http.W3CHttpResponseCodec.decode(W3CHttpResponseCodec.java:122)
	at org.openqa.selenium.remote.http.W3CHttpResponseCodec.decode(W3CHttpResponseCodec.java:49)
	at org.openqa.selenium.remote.HttpCommandExecutor.execute(HttpCommandExecutor.java:158)
	at io.appium.java_client.remote.AppiumCommandExecutor.execute(AppiumCommandExecutor.java:239)
	at org.openqa.selenium.remote.RemoteWebDriver.execute(RemoteWebDriver.java:552)
	at io.appium.java_client.DefaultGenericMobileDriver.execute(DefaultGenericMobileDriver.java:42)
	at io.appium.java_client.AppiumDriver.execute(AppiumDriver.java:1)
	at io.appium.java_client.android.AndroidDriver.execute(AndroidDriver.java:1)
	at com.kms.katalon.core.appium.driver.SwipeableAndroidDriver.execute(SwipeableAndroidDriver.java:1)
	at io.appium.java_client.PerformsTouchActions.performTouchAction(PerformsTouchActions.java:41)
	at io.appium.java_client.TouchAction.perform(TouchAction.java:187)
	at com.kms.katalon.core.mobile.keyword.builtin.TapKeyword$_tap_closure1.doCall(TapKeyword.groovy:84)
	at com.kms.katalon.core.mobile.keyword.builtin.TapKeyword$_tap_closure1.call(TapKeyword.groovy)
	at com.kms.katalon.core.mobile.keyword.internal.MobileKeywordMain.runKeyword(MobileKeywordMain.groovy:21)
	... 22 more


2022-04-20 12:51:15 - [TEST_STEP][PASSED] - checkElement(findTestObject("Partner Politices/YOUR MATCH"), 5): Element 'Object Repository/Partner Politices/YOUR MATCH' is checked

2022-04-20 12:51:16 - [MESSAGE][PASSED] - Element 'Object Repository/Partner Politices/YOUR MATCH' is checked

2022-04-20 12:51:16 - [TEST_STEP][PASSED] - checkElement(findTestObject("Partner Politices/You can always agree to disagree"), 5): Element 'Object Repository/Partner Politices/You can always agree to disagree' is checked

2022-04-20 12:51:17 - [MESSAGE][PASSED] - Element 'Object Repository/Partner Politices/You can always agree to disagree' is checked

2022-04-20 12:51:17 - [TEST_STEP][PASSED] - checkElement(findTestObject("Partner Politices/POLITICS label text"), 5): Element 'Object Repository/Partner Politices/POLITICS label text' is checked

2022-04-20 12:51:17 - [MESSAGE][PASSED] - Element 'Object Repository/Partner Politices/POLITICS label text' is checked

2022-04-20 12:51:17 - [TEST_STEP][FAILED] - tap(findTestObject("Partner Politices/open to all"), 5): Failed to tap on element 'Object Repository/Partner Politices/open to all' (Root cause: org.openqa.selenium.InvalidElementStateException: Tap at [x=74.0, y=494.0] has failed
Build info: version: '3.141.59', revision: 'e82be7d358', time: '2018-11-14T08:25:53'
System info: host: 'DESKTOP-3CP89AN', ip: '192.168.1.59', os.name: 'Windows 10', os.arch: 'amd64', os.version: '10.0', java.version: '1.8.0_282'
Driver info: com.kms.katalon.core.appium.driver.SwipeableAndroidDriver
Capabilities {appActivity: .Settings, appPackage: com.android.settings, autoGrantPermissions: true, automationName: uiautomator2, chromedriverPort: 53558, databaseEnabled: false, desired: {appActivity: .Settings, appPackage: com.android.settings, autoGrantPermissions: true, automationName: uiautomator2, chromedriverPort: 53558, deviceName: samsung SM-M115F (Android 11), newCommandTimeout: 1800, platform: ANDROID, platformName: android, platformVersion: 11, systemPort: 8269, udid: R9JN713GGNJ}, deviceApiLevel: 30, deviceManufacturer: samsung, deviceModel: SM-M115F, deviceName: R9JN713GGNJ, deviceScreenDensity: 280, deviceScreenSize: 720x1560, deviceUDID: R9JN713GGNJ, javascriptEnabled: true, locationContextEnabled: false, networkConnectionEnabled: true, newCommandTimeout: 1800, pixelRatio: 1.75, platform: ANDROID, platformName: Android, platformVersion: 11, statBarHeight: 65, systemPort: 8269, takesScreenshot: true, udid: R9JN713GGNJ, viewportRect: {height: 1346, left: 0, top: 65, width: 720}, warnings: {}, webStorageEnabled: false}
Session ID: 559fffeb-cf11-40a4-9fa7-66cf511098f6
	at org.openqa.selenium.remote.http.W3CHttpResponseCodec.createException(W3CHttpResponseCodec.java:187)
	at org.openqa.selenium.remote.http.W3CHttpResponseCodec.decode(W3CHttpResponseCodec.java:122)
	at org.openqa.selenium.remote.http.W3CHttpResponseCodec.decode(W3CHttpResponseCodec.java:49)
	at org.openqa.selenium.remote.HttpCommandExecutor.execute(HttpCommandExecutor.java:158)
	at io.appium.java_client.remote.AppiumCommandExecutor.execute(AppiumCommandExecutor.java:239)
	at org.openqa.selenium.remote.RemoteWebDriver.execute(RemoteWebDriver.java:552)
	at io.appium.java_client.DefaultGenericMobileDriver.execute(DefaultGenericMobileDriver.java:42)
	at io.appium.java_client.AppiumDriver.execute(AppiumDriver.java:1)
	at io.appium.java_client.android.AndroidDriver.execute(AndroidDriver.java:1)
	at com.kms.katalon.core.appium.driver.SwipeableAndroidDriver.execute(SwipeableAndroidDriver.java:1)
	at io.appium.java_client.PerformsTouchActions.performTouchAction(PerformsTouchActions.java:41)
	at io.appium.java_client.TouchAction.perform(TouchAction.java:187)
	at com.kms.katalon.core.mobile.keyword.builtin.TapKeyword$_tap_closure1.doCall(TapKeyword.groovy:84)
	at com.kms.katalon.core.mobile.keyword.builtin.TapKeyword$_tap_closure1.call(TapKeyword.groovy)
	at com.kms.katalon.core.mobile.keyword.internal.MobileKeywordMain.runKeyword(MobileKeywordMain.groovy:21)
	at com.kms.katalon.core.mobile.keyword.builtin.TapKeyword.tap(TapKeyword.groovy:86)
	at com.kms.katalon.core.mobile.keyword.builtin.TapKeyword.execute(TapKeyword.groovy:68)
	at com.kms.katalon.core.keyword.internal.KeywordExecutor.executeKeywordForPlatform(KeywordExecutor.groovy:74)
	at com.kms.katalon.core.mobile.keyword.MobileBuiltInKeywords.tap(MobileBuiltInKeywords.groovy:1355)
	at com.kms.katalon.core.mobile.keyword.MobileBuiltInKeywords$tap$1.call(Unknown Source)
	at Partner Politics.run(Partner Politics:27)
	at com.kms.katalon.core.main.ScriptEngine.run(ScriptEngine.java:194)
	at com.kms.katalon.core.main.ScriptEngine.runScriptAsRawText(ScriptEngine.java:119)
	at com.kms.katalon.core.main.TestCaseExecutor.runScript(TestCaseExecutor.java:442)
	at com.kms.katalon.core.main.TestCaseExecutor.doExecute(TestCaseExecutor.java:433)
	at com.kms.katalon.core.main.TestCaseExecutor.processExecutionPhase(TestCaseExecutor.java:412)
	at com.kms.katalon.core.main.TestCaseExecutor.accessMainPhase(TestCaseExecutor.java:404)
	at com.kms.katalon.core.main.TestCaseExecutor.execute(TestCaseExecutor.java:281)
	at com.kms.katalon.core.main.TestCaseExecutor.execute(TestCaseExecutor.java:363)
	at com.kms.katalon.core.main.TestCaseExecutor.execute(TestCaseExecutor.java:363)
	at com.kms.katalon.core.main.TestCaseExecutor.execute(TestCaseExecutor.java:363)
	at com.kms.katalon.core.main.TestSuiteExecutor.accessTestCaseMainPhase(TestSuiteExecutor.java:202)
	at com.kms.katalon.core.main.TestSuiteExecutor.accessTestSuiteMainPhase(TestSuiteExecutor.java:164)
	at com.kms.katalon.core.main.TestSuiteExecutor.execute(TestSuiteExecutor.java:105)
	at com.kms.katalon.core.main.TestCaseMain.startTestSuite(TestCaseMain.java:185)
	at com.kms.katalon.core.main.TestCaseMain$startTestSuite$0.call(Unknown Source)
	at TempTestSuite1650440536320.run(TempTestSuite1650440536320.groovy:36)
)

2022-04-20 12:51:19 - [MESSAGE][FAILED] - Failed to tap on element 'Object Repository/Partner Politices/open to all' (Root cause: org.openqa.selenium.InvalidElementStateException: Tap at [x=74.0, y=494.0] has failed
Build info: version: '3.141.59', revision: 'e82be7d358', time: '2018-11-14T08:25:53'
System info: host: 'DESKTOP-3CP89AN', ip: '192.168.1.59', os.name: 'Windows 10', os.arch: 'amd64', os.version: '10.0', java.version: '1.8.0_282'
Driver info: com.kms.katalon.core.appium.driver.SwipeableAndroidDriver
Capabilities {appActivity: .Settings, appPackage: com.android.settings, autoGrantPermissions: true, automationName: uiautomator2, chromedriverPort: 53558, databaseEnabled: false, desired: {appActivity: .Settings, appPackage: com.android.settings, autoGrantPermissions: true, automationName: uiautomator2, chromedriverPort: 53558, deviceName: samsung SM-M115F (Android 11), newCommandTimeout: 1800, platform: ANDROID, platformName: android, platformVersion: 11, systemPort: 8269, udid: R9JN713GGNJ}, deviceApiLevel: 30, deviceManufacturer: samsung, deviceModel: SM-M115F, deviceName: R9JN713GGNJ, deviceScreenDensity: 280, deviceScreenSize: 720x1560, deviceUDID: R9JN713GGNJ, javascriptEnabled: true, locationContextEnabled: false, networkConnectionEnabled: true, newCommandTimeout: 1800, pixelRatio: 1.75, platform: ANDROID, platformName: Android, platformVersion: 11, statBarHeight: 65, systemPort: 8269, takesScreenshot: true, udid: R9JN713GGNJ, viewportRect: {height: 1346, left: 0, top: 65, width: 720}, warnings: {}, webStorageEnabled: false}
Session ID: 559fffeb-cf11-40a4-9fa7-66cf511098f6
	at org.openqa.selenium.remote.http.W3CHttpResponseCodec.createException(W3CHttpResponseCodec.java:187)
	at org.openqa.selenium.remote.http.W3CHttpResponseCodec.decode(W3CHttpResponseCodec.java:122)
	at org.openqa.selenium.remote.http.W3CHttpResponseCodec.decode(W3CHttpResponseCodec.java:49)
	at org.openqa.selenium.remote.HttpCommandExecutor.execute(HttpCommandExecutor.java:158)
	at io.appium.java_client.remote.AppiumCommandExecutor.execute(AppiumCommandExecutor.java:239)
	at org.openqa.selenium.remote.RemoteWebDriver.execute(RemoteWebDriver.java:552)
	at io.appium.java_client.DefaultGenericMobileDriver.execute(DefaultGenericMobileDriver.java:42)
	at io.appium.java_client.AppiumDriver.execute(AppiumDriver.java:1)
	at io.appium.java_client.android.AndroidDriver.execute(AndroidDriver.java:1)
	at com.kms.katalon.core.appium.driver.SwipeableAndroidDriver.execute(SwipeableAndroidDriver.java:1)
	at io.appium.java_client.PerformsTouchActions.performTouchAction(PerformsTouchActions.java:41)
	at io.appium.java_client.TouchAction.perform(TouchAction.java:187)
	at com.kms.katalon.core.mobile.keyword.builtin.TapKeyword$_tap_closure1.doCall(TapKeyword.groovy:84)
	at com.kms.katalon.core.mobile.keyword.builtin.TapKeyword$_tap_closure1.call(TapKeyword.groovy)
	at com.kms.katalon.core.mobile.keyword.internal.MobileKeywordMain.runKeyword(MobileKeywordMain.groovy:21)
	at com.kms.katalon.core.mobile.keyword.builtin.TapKeyword.tap(TapKeyword.groovy:86)
	at com.kms.katalon.core.mobile.keyword.builtin.TapKeyword.execute(TapKeyword.groovy:68)
	at com.kms.katalon.core.keyword.internal.KeywordExecutor.executeKeywordForPlatform(KeywordExecutor.groovy:74)
	at com.kms.katalon.core.mobile.keyword.MobileBuiltInKeywords.tap(MobileBuiltInKeywords.groovy:1355)
	at com.kms.katalon.core.mobile.keyword.MobileBuiltInKeywords$tap$1.call(Unknown Source)
	at Partner Politics.run(Partner Politics:27)
	at com.kms.katalon.core.main.ScriptEngine.run(ScriptEngine.java:194)
	at com.kms.katalon.core.main.ScriptEngine.runScriptAsRawText(ScriptEngine.java:119)
	at com.kms.katalon.core.main.TestCaseExecutor.runScript(TestCaseExecutor.java:442)
	at com.kms.katalon.core.main.TestCaseExecutor.doExecute(TestCaseExecutor.java:433)
	at com.kms.katalon.core.main.TestCaseExecutor.processExecutionPhase(TestCaseExecutor.java:412)
	at com.kms.katalon.core.main.TestCaseExecutor.accessMainPhase(TestCaseExecutor.java:404)
	at com.kms.katalon.core.main.TestCaseExecutor.execute(TestCaseExecutor.java:281)
	at com.kms.katalon.core.main.TestCaseExecutor.execute(TestCaseExecutor.java:363)
	at com.kms.katalon.core.main.TestCaseExecutor.execute(TestCaseExecutor.java:363)
	at com.kms.katalon.core.main.TestCaseExecutor.execute(TestCaseExecutor.java:363)
	at com.kms.katalon.core.main.TestSuiteExecutor.accessTestCaseMainPhase(TestSuiteExecutor.java:202)
	at com.kms.katalon.core.main.TestSuiteExecutor.accessTestSuiteMainPhase(TestSuiteExecutor.java:164)
	at com.kms.katalon.core.main.TestSuiteExecutor.execute(TestSuiteExecutor.java:105)
	at com.kms.katalon.core.main.TestCaseMain.startTestSuite(TestCaseMain.java:185)
	at com.kms.katalon.core.main.TestCaseMain$startTestSuite$0.call(Unknown Source)
	at TempTestSuite1650440536320.run(TempTestSuite1650440536320.groovy:36)
)
[[ATTACHMENT|C:\\Users\\Dev\\Katalon Studio\\SpotLove_Stagging\\Reports\\20220420_124216\\Testing SpotLove\\20220420_124216\\1650441078895.png]]]]></system-out>
         <system-err><![CDATA[2022-04-20 12:51:15 - [TEST_CASE][FAILED] - Test Cases/testing/Partner Politics: Test Cases/testing/Partner Politics FAILED.
Reason:
com.kms.katalon.core.exception.StepFailedException: Failed to tap on element 'Object Repository/Partner Politices/open to all' (Root cause: org.openqa.selenium.InvalidElementStateException: Tap at [x=74.0, y=494.0] has failed
Build info: version: '3.141.59', revision: 'e82be7d358', time: '2018-11-14T08:25:53'
System info: host: 'DESKTOP-3CP89AN', ip: '192.168.1.59', os.name: 'Windows 10', os.arch: 'amd64', os.version: '10.0', java.version: '1.8.0_282'
Driver info: com.kms.katalon.core.appium.driver.SwipeableAndroidDriver
Capabilities {appActivity: .Settings, appPackage: com.android.settings, autoGrantPermissions: true, automationName: uiautomator2, chromedriverPort: 53558, databaseEnabled: false, desired: {appActivity: .Settings, appPackage: com.android.settings, autoGrantPermissions: true, automationName: uiautomator2, chromedriverPort: 53558, deviceName: samsung SM-M115F (Android 11), newCommandTimeout: 1800, platform: ANDROID, platformName: android, platformVersion: 11, systemPort: 8269, udid: R9JN713GGNJ}, deviceApiLevel: 30, deviceManufacturer: samsung, deviceModel: SM-M115F, deviceName: R9JN713GGNJ, deviceScreenDensity: 280, deviceScreenSize: 720x1560, deviceUDID: R9JN713GGNJ, javascriptEnabled: true, locationContextEnabled: false, networkConnectionEnabled: true, newCommandTimeout: 1800, pixelRatio: 1.75, platform: ANDROID, platformName: Android, platformVersion: 11, statBarHeight: 65, systemPort: 8269, takesScreenshot: true, udid: R9JN713GGNJ, viewportRect: {height: 1346, left: 0, top: 65, width: 720}, warnings: {}, webStorageEnabled: false}
Session ID: 559fffeb-cf11-40a4-9fa7-66cf511098f6
	at org.openqa.selenium.remote.http.W3CHttpResponseCodec.createException(W3CHttpResponseCodec.java:187)
	at org.openqa.selenium.remote.http.W3CHttpResponseCodec.decode(W3CHttpResponseCodec.java:122)
	at org.openqa.selenium.remote.http.W3CHttpResponseCodec.decode(W3CHttpResponseCodec.java:49)
	at org.openqa.selenium.remote.HttpCommandExecutor.execute(HttpCommandExecutor.java:158)
	at io.appium.java_client.remote.AppiumCommandExecutor.execute(AppiumCommandExecutor.java:239)
	at org.openqa.selenium.remote.RemoteWebDriver.execute(RemoteWebDriver.java:552)
	at io.appium.java_client.DefaultGenericMobileDriver.execute(DefaultGenericMobileDriver.java:42)
	at io.appium.java_client.AppiumDriver.execute(AppiumDriver.java:1)
	at io.appium.java_client.android.AndroidDriver.execute(AndroidDriver.java:1)
	at com.kms.katalon.core.appium.driver.SwipeableAndroidDriver.execute(SwipeableAndroidDriver.java:1)
	at io.appium.java_client.PerformsTouchActions.performTouchAction(PerformsTouchActions.java:41)
	at io.appium.java_client.TouchAction.perform(TouchAction.java:187)
	at com.kms.katalon.core.mobile.keyword.builtin.TapKeyword$_tap_closure1.doCall(TapKeyword.groovy:84)
	at com.kms.katalon.core.mobile.keyword.builtin.TapKeyword$_tap_closure1.call(TapKeyword.groovy)
	at com.kms.katalon.core.mobile.keyword.internal.MobileKeywordMain.runKeyword(MobileKeywordMain.groovy:21)
	at com.kms.katalon.core.mobile.keyword.builtin.TapKeyword.tap(TapKeyword.groovy:86)
	at com.kms.katalon.core.mobile.keyword.builtin.TapKeyword.execute(TapKeyword.groovy:68)
	at com.kms.katalon.core.keyword.internal.KeywordExecutor.executeKeywordForPlatform(KeywordExecutor.groovy:74)
	at com.kms.katalon.core.mobile.keyword.MobileBuiltInKeywords.tap(MobileBuiltInKeywords.groovy:1355)
	at com.kms.katalon.core.mobile.keyword.MobileBuiltInKeywords$tap$1.call(Unknown Source)
	at Partner Politics.run(Partner Politics:27)
	at com.kms.katalon.core.main.ScriptEngine.run(ScriptEngine.java:194)
	at com.kms.katalon.core.main.ScriptEngine.runScriptAsRawText(ScriptEngine.java:119)
	at com.kms.katalon.core.main.TestCaseExecutor.runScript(TestCaseExecutor.java:442)
	at com.kms.katalon.core.main.TestCaseExecutor.doExecute(TestCaseExecutor.java:433)
	at com.kms.katalon.core.main.TestCaseExecutor.processExecutionPhase(TestCaseExecutor.java:412)
	at com.kms.katalon.core.main.TestCaseExecutor.accessMainPhase(TestCaseExecutor.java:404)
	at com.kms.katalon.core.main.TestCaseExecutor.execute(TestCaseExecutor.java:281)
	at com.kms.katalon.core.main.TestCaseExecutor.execute(TestCaseExecutor.java:363)
	at com.kms.katalon.core.main.TestCaseExecutor.execute(TestCaseExecutor.java:363)
	at com.kms.katalon.core.main.TestCaseExecutor.execute(TestCaseExecutor.java:363)
	at com.kms.katalon.core.main.TestSuiteExecutor.accessTestCaseMainPhase(TestSuiteExecutor.java:202)
	at com.kms.katalon.core.main.TestSuiteExecutor.accessTestSuiteMainPhase(TestSuiteExecutor.java:164)
	at com.kms.katalon.core.main.TestSuiteExecutor.execute(TestSuiteExecutor.java:105)
	at com.kms.katalon.core.main.TestCaseMain.startTestSuite(TestCaseMain.java:185)
	at com.kms.katalon.core.main.TestCaseMain$startTestSuite$0.call(Unknown Source)
	at TempTestSuite1650440536320.run(TempTestSuite1650440536320.groovy:36)
)
	at com.kms.katalon.core.keyword.internal.KeywordMain.stepFailed(KeywordMain.groovy:50)
	at com.kms.katalon.core.mobile.keyword.internal.MobileKeywordMain.stepFailed(MobileKeywordMain.groovy:40)
	at com.kms.katalon.core.mobile.keyword.internal.MobileKeywordMain.runKeyword(MobileKeywordMain.groovy:23)
	at com.kms.katalon.core.mobile.keyword.builtin.TapKeyword.tap(TapKeyword.groovy:86)
	at com.kms.katalon.core.mobile.keyword.builtin.TapKeyword.execute(TapKeyword.groovy:68)
	at com.kms.katalon.core.keyword.internal.KeywordExecutor.executeKeywordForPlatform(KeywordExecutor.groovy:74)
	at com.kms.katalon.core.mobile.keyword.MobileBuiltInKeywords.tap(MobileBuiltInKeywords.groovy:1355)
	at com.kms.katalon.core.mobile.keyword.MobileBuiltInKeywords$tap$1.call(Unknown Source)
	at Partner Politics.run(Partner Politics:27)
	at com.kms.katalon.core.main.ScriptEngine.run(ScriptEngine.java:194)
	at com.kms.katalon.core.main.ScriptEngine.runScriptAsRawText(ScriptEngine.java:119)
	at com.kms.katalon.core.main.TestCaseExecutor.runScript(TestCaseExecutor.java:442)
	at com.kms.katalon.core.main.TestCaseExecutor.doExecute(TestCaseExecutor.java:433)
	at com.kms.katalon.core.main.TestCaseExecutor.processExecutionPhase(TestCaseExecutor.java:412)
	at com.kms.katalon.core.main.TestCaseExecutor.accessMainPhase(TestCaseExecutor.java:404)
	at com.kms.katalon.core.main.TestCaseExecutor.execute(TestCaseExecutor.java:281)
	at com.kms.katalon.core.main.TestCaseExecutor.execute(TestCaseExecutor.java:363)
	at com.kms.katalon.core.main.TestCaseExecutor.execute(TestCaseExecutor.java:363)
	at com.kms.katalon.core.main.TestCaseExecutor.execute(TestCaseExecutor.java:363)
	at com.kms.katalon.core.main.TestSuiteExecutor.accessTestCaseMainPhase(TestSuiteExecutor.java:202)
	at com.kms.katalon.core.main.TestSuiteExecutor.accessTestSuiteMainPhase(TestSuiteExecutor.java:164)
	at com.kms.katalon.core.main.TestSuiteExecutor.execute(TestSuiteExecutor.java:105)
	at com.kms.katalon.core.main.TestCaseMain.startTestSuite(TestCaseMain.java:185)
	at com.kms.katalon.core.main.TestCaseMain$startTestSuite$0.call(Unknown Source)
	at TempTestSuite1650440536320.run(TempTestSuite1650440536320.groovy:36)
Caused by: org.openqa.selenium.InvalidElementStateException: Tap at [x=74.0, y=494.0] has failed
Build info: version: '3.141.59', revision: 'e82be7d358', time: '2018-11-14T08:25:53'
System info: host: 'DESKTOP-3CP89AN', ip: '192.168.1.59', os.name: 'Windows 10', os.arch: 'amd64', os.version: '10.0', java.version: '1.8.0_282'
Driver info: com.kms.katalon.core.appium.driver.SwipeableAndroidDriver
Capabilities {appActivity: .Settings, appPackage: com.android.settings, autoGrantPermissions: true, automationName: uiautomator2, chromedriverPort: 53558, databaseEnabled: false, desired: {appActivity: .Settings, appPackage: com.android.settings, autoGrantPermissions: true, automationName: uiautomator2, chromedriverPort: 53558, deviceName: samsung SM-M115F (Android 11), newCommandTimeout: 1800, platform: ANDROID, platformName: android, platformVersion: 11, systemPort: 8269, udid: R9JN713GGNJ}, deviceApiLevel: 30, deviceManufacturer: samsung, deviceModel: SM-M115F, deviceName: R9JN713GGNJ, deviceScreenDensity: 280, deviceScreenSize: 720x1560, deviceUDID: R9JN713GGNJ, javascriptEnabled: true, locationContextEnabled: false, networkConnectionEnabled: true, newCommandTimeout: 1800, pixelRatio: 1.75, platform: ANDROID, platformName: Android, platformVersion: 11, statBarHeight: 65, systemPort: 8269, takesScreenshot: true, udid: R9JN713GGNJ, viewportRect: {height: 1346, left: 0, top: 65, width: 720}, warnings: {}, webStorageEnabled: false}
Session ID: 559fffeb-cf11-40a4-9fa7-66cf511098f6
	at org.openqa.selenium.remote.http.W3CHttpResponseCodec.createException(W3CHttpResponseCodec.java:187)
	at org.openqa.selenium.remote.http.W3CHttpResponseCodec.decode(W3CHttpResponseCodec.java:122)
	at org.openqa.selenium.remote.http.W3CHttpResponseCodec.decode(W3CHttpResponseCodec.java:49)
	at org.openqa.selenium.remote.HttpCommandExecutor.execute(HttpCommandExecutor.java:158)
	at io.appium.java_client.remote.AppiumCommandExecutor.execute(AppiumCommandExecutor.java:239)
	at org.openqa.selenium.remote.RemoteWebDriver.execute(RemoteWebDriver.java:552)
	at io.appium.java_client.DefaultGenericMobileDriver.execute(DefaultGenericMobileDriver.java:42)
	at io.appium.java_client.AppiumDriver.execute(AppiumDriver.java:1)
	at io.appium.java_client.android.AndroidDriver.execute(AndroidDriver.java:1)
	at com.kms.katalon.core.appium.driver.SwipeableAndroidDriver.execute(SwipeableAndroidDriver.java:1)
	at io.appium.java_client.PerformsTouchActions.performTouchAction(PerformsTouchActions.java:41)
	at io.appium.java_client.TouchAction.perform(TouchAction.java:187)
	at com.kms.katalon.core.mobile.keyword.builtin.TapKeyword$_tap_closure1.doCall(TapKeyword.groovy:84)
	at com.kms.katalon.core.mobile.keyword.builtin.TapKeyword$_tap_closure1.call(TapKeyword.groovy)
	at com.kms.katalon.core.mobile.keyword.internal.MobileKeywordMain.runKeyword(MobileKeywordMain.groovy:21)
	... 22 more]]></system-err>
      </testcase>
      <testcase name="Test Cases/testing/completed App" time="3.801" classname="Test Cases/testing/completed App" status="PASSED">
         <system-out><![CDATA[2022-04-20 12:51:19 - [TEST_CASE][PASSED] - Test Cases/testing/completed App: Test Cases/testing/completed App

2022-04-20 12:51:20 - [TEST_STEP][PASSED] - checkElement(findTestObject("Completed App/CONGRATS"), 0): Element 'Object Repository/Completed App/CONGRATS' is checked

2022-04-20 12:51:20 - [MESSAGE][WARNING] - Timeout '0' is invalid. Using default page load timeout: '30'

2022-04-20 12:51:21 - [MESSAGE][PASSED] - Element 'Object Repository/Completed App/CONGRATS' is checked

2022-04-20 12:51:21 - [TEST_STEP][PASSED] - checkElement(findTestObject("Completed App/You are done"), 0): Element 'Object Repository/Completed App/You are done' is checked

2022-04-20 12:51:21 - [MESSAGE][WARNING] - Timeout '0' is invalid. Using default page load timeout: '30'

2022-04-20 12:51:22 - [MESSAGE][PASSED] - Element 'Object Repository/Completed App/You are done' is checked

2022-04-20 12:51:22 - [TEST_STEP][PASSED] - checkElement(findTestObject("Completed App/Or really label text"), 0): Element 'Object Repository/Completed App/Or really label text' is checked

2022-04-20 12:51:22 - [MESSAGE][WARNING] - Timeout '0' is invalid. Using default page load timeout: '30'

2022-04-20 12:51:23 - [MESSAGE][PASSED] - Element 'Object Repository/Completed App/Or really label text' is checked

2022-04-20 12:51:23 - [TEST_STEP][PASSED] - tap(findTestObject("Completed App/Lets See Whats next Button"), 0): Tapped on element 'Object Repository/Completed App/Lets See Whats next Button'

2022-04-20 12:51:23 - [MESSAGE][WARNING] - Timeout '0' is invalid. Using default page load timeout: '30'

2022-04-20 12:51:23 - [MESSAGE][PASSED] - Tapped on element 'Object Repository/Completed App/Lets See Whats next Button']]></system-out>
         <system-err><![CDATA[]]></system-err>
      </testcase>
      <system-out><![CDATA[2022-04-20 12:42:21 - [TEST_SUITE][FAILED] - Testing SpotLove: Test Cases/testing/Black White Brown FAILED.
Reason:
com.kms.katalon.core.exception.StepFailedException: Object Object Repository/Black White Brown/Black. White. Brown. Purple label text not found
	at com.kms.katalon.core.mobile.helper.MobileElementCommonHelper.findElementWithCheck(MobileElementCommonHelper.java:159)
	at com.kms.katalon.core.mobile.helper.MobileElementCommonHelper.checkElement(MobileElementCommonHelper.java:165)
	at com.kms.katalon.core.mobile.keyword.builtin.CheckElementKeyword$_checkElement_closure1.doCall(CheckElementKeyword.groovy:70)
	at com.kms.katalon.core.mobile.keyword.builtin.CheckElementKeyword$_checkElement_closure1.call(CheckElementKeyword.groovy)
	at com.kms.katalon.core.mobile.keyword.internal.MobileKeywordMain.runKeyword(MobileKeywordMain.groovy:21)
	at com.kms.katalon.core.mobile.keyword.builtin.CheckElementKeyword.checkElement(CheckElementKeyword.groovy:71)
	at com.kms.katalon.core.mobile.keyword.builtin.CheckElementKeyword.execute(CheckElementKeyword.groovy:64)
	at com.kms.katalon.core.keyword.internal.KeywordExecutor.executeKeywordForPlatform(KeywordExecutor.groovy:74)
	at com.kms.katalon.core.mobile.keyword.MobileBuiltInKeywords.checkElement(MobileBuiltInKeywords.groovy:2297)
	at com.kms.katalon.core.mobile.keyword.MobileBuiltInKeywords$checkElement$0.call(Unknown Source)
	at Black White Brown.run(Black White Brown:22)
	at com.kms.katalon.core.main.ScriptEngine.run(ScriptEngine.java:194)
	at com.kms.katalon.core.main.ScriptEngine.runScriptAsRawText(ScriptEngine.java:119)
	at com.kms.katalon.core.main.TestCaseExecutor.runScript(TestCaseExecutor.java:442)
	at com.kms.katalon.core.main.TestCaseExecutor.doExecute(TestCaseExecutor.java:433)
	at com.kms.katalon.core.main.TestCaseExecutor.processExecutionPhase(TestCaseExecutor.java:412)
	at com.kms.katalon.core.main.TestCaseExecutor.accessMainPhase(TestCaseExecutor.java:404)
	at com.kms.katalon.core.main.TestCaseExecutor.execute(TestCaseExecutor.java:281)
	at com.kms.katalon.core.main.TestSuiteExecutor.accessTestCaseMainPhase(TestSuiteExecutor.java:202)
	at com.kms.katalon.core.main.TestSuiteExecutor.accessTestSuiteMainPhase(TestSuiteExecutor.java:164)
	at com.kms.katalon.core.main.TestSuiteExecutor.execute(TestSuiteExecutor.java:105)
	at com.kms.katalon.core.main.TestCaseMain.startTestSuite(TestCaseMain.java:185)
	at com.kms.katalon.core.main.TestCaseMain$startTestSuite$0.call(Unknown Source)
	at TempTestSuite1650440536320.run(TempTestSuite1650440536320.groovy:36)]]></system-out>
      <system-err><![CDATA[2022-04-20 12:42:21 - [TEST_SUITE][FAILED] - Testing SpotLove: Test Cases/testing/Black White Brown FAILED.
Reason:
com.kms.katalon.core.exception.StepFailedException: Object Object Repository/Black White Brown/Black. White. Brown. Purple label text not found
	at com.kms.katalon.core.mobile.helper.MobileElementCommonHelper.findElementWithCheck(MobileElementCommonHelper.java:159)
	at com.kms.katalon.core.mobile.helper.MobileElementCommonHelper.checkElement(MobileElementCommonHelper.java:165)
	at com.kms.katalon.core.mobile.keyword.builtin.CheckElementKeyword$_checkElement_closure1.doCall(CheckElementKeyword.groovy:70)
	at com.kms.katalon.core.mobile.keyword.builtin.CheckElementKeyword$_checkElement_closure1.call(CheckElementKeyword.groovy)
	at com.kms.katalon.core.mobile.keyword.internal.MobileKeywordMain.runKeyword(MobileKeywordMain.groovy:21)
	at com.kms.katalon.core.mobile.keyword.builtin.CheckElementKeyword.checkElement(CheckElementKeyword.groovy:71)
	at com.kms.katalon.core.mobile.keyword.builtin.CheckElementKeyword.execute(CheckElementKeyword.groovy:64)
	at com.kms.katalon.core.keyword.internal.KeywordExecutor.executeKeywordForPlatform(KeywordExecutor.groovy:74)
	at com.kms.katalon.core.mobile.keyword.MobileBuiltInKeywords.checkElement(MobileBuiltInKeywords.groovy:2297)
	at com.kms.katalon.core.mobile.keyword.MobileBuiltInKeywords$checkElement$0.call(Unknown Source)
	at Black White Brown.run(Black White Brown:22)
	at com.kms.katalon.core.main.ScriptEngine.run(ScriptEngine.java:194)
	at com.kms.katalon.core.main.ScriptEngine.runScriptAsRawText(ScriptEngine.java:119)
	at com.kms.katalon.core.main.TestCaseExecutor.runScript(TestCaseExecutor.java:442)
	at com.kms.katalon.core.main.TestCaseExecutor.doExecute(TestCaseExecutor.java:433)
	at com.kms.katalon.core.main.TestCaseExecutor.processExecutionPhase(TestCaseExecutor.java:412)
	at com.kms.katalon.core.main.TestCaseExecutor.accessMainPhase(TestCaseExecutor.java:404)
	at com.kms.katalon.core.main.TestCaseExecutor.execute(TestCaseExecutor.java:281)
	at com.kms.katalon.core.main.TestSuiteExecutor.accessTestCaseMainPhase(TestSuiteExecutor.java:202)
	at com.kms.katalon.core.main.TestSuiteExecutor.accessTestSuiteMainPhase(TestSuiteExecutor.java:164)
	at com.kms.katalon.core.main.TestSuiteExecutor.execute(TestSuiteExecutor.java:105)
	at com.kms.katalon.core.main.TestCaseMain.startTestSuite(TestCaseMain.java:185)
	at com.kms.katalon.core.main.TestCaseMain$startTestSuite$0.call(Unknown Source)
	at TempTestSuite1650440536320.run(TempTestSuite1650440536320.groovy:36)]]></system-err>
   </testsuite>
</testsuites>
