<?xml version="1.0" encoding="UTF-8"?>
<testsuites name="SpotLove Sanity" time="415.428" tests="21" failures="2" errors="0">
   <testsuite name="SpotLove Sanity" tests="21" failures="2" errors="0" time="415.428" skipped="0" timestamp="2022-06-29 16:06:50" hostname="pc - localhost" id="Test Suites/SpotLove Sanity">
      <properties>
         <property name="deviceName" value="samsung SM-A025F (Android 11)"/>
         <property name="devicePlatform" value=""/>
         <property name="logFolder" value="/Users/pc/Documents/Katalon Studio/SpotLove_Stagging/Reports/20220629_160642/SpotLove Sanity/20220629_160642"/>
         <property name="logFiles" value="/Users/pc/Documents/Katalon Studio/SpotLove_Stagging/Reports/20220629_160642/SpotLove Sanity/20220629_160642/execution0.log, /Users/pc/Documents/Katalon Studio/SpotLove_Stagging/Reports/20220629_160642/SpotLove Sanity/20220629_160642/appium.log"/>
         <property name="attachments" value="/Users/pc/Documents/Katalon Studio/SpotLove_Stagging/Reports/20220629_160642/SpotLove Sanity/20220629_160642/1656500911723.png, /Users/pc/Documents/Katalon Studio/SpotLove_Stagging/Reports/20220629_160642/SpotLove Sanity/20220629_160642/1656500995999.png, /Users/pc/Documents/Katalon Studio/SpotLove_Stagging/Reports/20220629_160642/SpotLove Sanity/20220629_160642/1656500997029.png, /Users/pc/Documents/Katalon Studio/SpotLove_Stagging/Reports/20220629_160642/SpotLove Sanity/20220629_160642/1656500998050.png, /Users/pc/Documents/Katalon Studio/SpotLove_Stagging/Reports/20220629_160642/SpotLove Sanity/20220629_160642/1656500999097.png"/>
         <property name="hostName" value="pc - localhost"/>
         <property name="os" value="Mac OS X 64bit"/>
         <property name="appiumServerStatus" value="{&quot;value&quot;:{&quot;build&quot;:{&quot;version&quot;:&quot;1.22.3&quot;}},&quot;sessionId&quot;:null,&quot;status&quot;:0}"/>
         <property name="katalonVersion" value="8.3.0.208"/>
         <property name="deviceOS" value="Android"/>
         <property name="appiumVersion" value="1.22.3"/>
         <property name="deviceModel" value="SM-A025F"/>
         <property name="hostAddress" value="127.0.0.1"/>
         <property name="deviceManufacturer" value="samsung"/>
         <property name="deviceId" value="R9JNC0DKDXJ"/>
         <property name="deviceName" value="samsung SM-A025F (Android 11)"/>
         <property name="deviceOSVersion" value="11"/>
      </properties>
      <testcase name="Test Cases/testing/intro 1" time="26.188" classname="Test Cases/testing/intro 1" status="PASSED">
         <system-out><![CDATA[2022-06-29 16:06:51 - [TEST_CASE][PASSED] - Test Cases/testing/intro 1: Test Cases/testing/intro 1

2022-06-29 16:06:51 - [TEST_STEP][PASSED] - startExistingApplication("com.spotlove.releaseproduction", STOP_ON_FAILURE): Starting app with application ID: 'com.spotlove.releaseproduction'

2022-06-29 16:06:51 - [MESSAGE][INFO] - User set preference: ['deviceId', '']

2022-06-29 16:06:51 - [MESSAGE][INFO] - Detected NodeJS location: "/usr/local/bin/node"

2022-06-29 16:06:53 - [MESSAGE][INFO] - Appium server started on port 50,842

2022-06-29 16:07:08 - [MESSAGE][PASSED] - Starting app with application ID: 'com.spotlove.releaseproduction'

2022-06-29 16:07:08 - [TEST_STEP][PASSED] - if (waitForElementPresent(hearticon, 30)): null

2022-06-29 16:07:15 - [MESSAGE][PASSED] - Element 'Object Repository/intro screens/Intro first/Heart icon' is present

2022-06-29 16:07:15 - [TEST_STEP][PASSED] - markPassed("PASSED: App is launched successfully"): PASSED: App is launched successfully

2022-06-29 16:07:15 - [MESSAGE][PASSED] - PASSED: App is launched successfully

2022-06-29 16:07:15 - [TEST_STEP][PASSED] - if (waitForElementPresent(Access, 30)): null

2022-06-29 16:07:15 - [MESSAGE][PASSED] - Element 'Object Repository/intro screens/Intro first/Access to label text' is present

2022-06-29 16:07:15 - [TEST_STEP][PASSED] - markPassed("PASSED: Access label text is present on the screen"): PASSED: Access label text is present on the screen

2022-06-29 16:07:15 - [MESSAGE][PASSED] - PASSED: Access label text is present on the screen

2022-06-29 16:07:15 - [TEST_STEP][PASSED] - if (waitForElementPresent(Matchmakers, 30)): null

2022-06-29 16:07:15 - [MESSAGE][PASSED] - Element 'Object Repository/intro screens/Intro first/Matchmakers label text' is present

2022-06-29 16:07:15 - [TEST_STEP][PASSED] - markPassed("PASSED: Matchmakers label text is present on the screen"): PASSED: Matchmakers label text is present on the screen

2022-06-29 16:07:15 - [MESSAGE][PASSED] - PASSED: Matchmakers label text is present on the screen

2022-06-29 16:07:15 - [TEST_STEP][PASSED] - if (waitForElementPresent(Berief_Labeltext, 30)): null

2022-06-29 16:07:16 - [MESSAGE][PASSED] - Element 'Object Repository/intro screens/Intro first/We have matchmakers that will help you find your perfect match label text' is present

2022-06-29 16:07:16 - [TEST_STEP][PASSED] - markPassed("PASSED: We have.... label text is present on the screen"): PASSED: We have.... label text is present on the screen

2022-06-29 16:07:16 - [MESSAGE][PASSED] - PASSED: We have.... label text is present on the screen

2022-06-29 16:07:16 - [TEST_STEP][PASSED] - if (waitForElementPresent(background, 30)): null

2022-06-29 16:07:16 - [MESSAGE][PASSED] - Element 'Object Repository/intro screens/Intro first/Background image' is present

2022-06-29 16:07:16 - [TEST_STEP][PASSED] - markPassed("PASSED: background Image is present on the screen"): PASSED: background Image is present on the screen

2022-06-29 16:07:16 - [MESSAGE][PASSED] - PASSED: background Image is present on the screen

2022-06-29 16:07:16 - [TEST_STEP][PASSED] - if (waitForElementPresent(continuebutton, 30)): null

2022-06-29 16:07:16 - [MESSAGE][PASSED] - Element 'Object Repository/intro screens/Intro first/Continue Button' is present

2022-06-29 16:07:16 - [TEST_STEP][PASSED] - tap(continuebutton, 30): Tapped on element 'Object Repository/intro screens/Intro first/Continue Button'

2022-06-29 16:07:17 - [MESSAGE][PASSED] - Tapped on element 'Object Repository/intro screens/Intro first/Continue Button'

2022-06-29 16:07:17 - [TEST_STEP][PASSED] - markPassed("Passed: continue button Element is present"): Passed: continue button Element is present

2022-06-29 16:07:17 - [MESSAGE][PASSED] - Passed: continue button Element is present]]></system-out>
         <system-err><![CDATA[]]></system-err>
      </testcase>
      <testcase name="Test Cases/testing/intro 2" time="2.303" classname="Test Cases/testing/intro 2" status="PASSED">
         <system-out><![CDATA[2022-06-29 16:07:17 - [TEST_CASE][PASSED] - Test Cases/testing/intro 2: Test Cases/testing/intro 2

2022-06-29 16:07:17 - [TEST_STEP][PASSED] - if (waitForElementPresent(hearticon, 30)): null

2022-06-29 16:07:18 - [MESSAGE][PASSED] - Element 'Object Repository/intro screens/Second intro/Heart icon' is present

2022-06-29 16:07:18 - [TEST_STEP][PASSED] - markPassed("PASSED: Heart icon is present in the screen"): PASSED: Heart icon is present in the screen

2022-06-29 16:07:18 - [MESSAGE][PASSED] - PASSED: Heart icon is present in the screen

2022-06-29 16:07:18 - [TEST_STEP][PASSED] - if (waitForElementPresent(Connect, 30)): null

2022-06-29 16:07:18 - [MESSAGE][PASSED] - Element 'Object Repository/intro screens/Second intro/Connect On Video label text' is present

2022-06-29 16:07:18 - [TEST_STEP][PASSED] - markPassed("PASSED: Connect label text is present on the screen"): PASSED: Connect label text is present on the screen

2022-06-29 16:07:18 - [MESSAGE][PASSED] - PASSED: Connect label text is present on the screen

2022-06-29 16:07:18 - [TEST_STEP][PASSED] - if (waitForElementPresent(Dates, 30)): null

2022-06-29 16:07:18 - [MESSAGE][PASSED] - Element 'Object Repository/intro screens/Second intro/Dates Label text' is present

2022-06-29 16:07:18 - [TEST_STEP][PASSED] - markPassed("PASSED: Dates label text is present on the screen"): PASSED: Dates label text is present on the screen

2022-06-29 16:07:18 - [MESSAGE][PASSED] - PASSED: Dates label text is present on the screen

2022-06-29 16:07:18 - [TEST_STEP][PASSED] - if (waitForElementPresent(We, 30)): null

2022-06-29 16:07:18 - [MESSAGE][PASSED] - Element 'Object Repository/intro screens/Second intro/We believe in connecting with people through video chat Label text' is present

2022-06-29 16:07:18 - [TEST_STEP][PASSED] - markPassed("PASSED: We.... label text is present on the screen"): PASSED: We.... label text is present on the screen

2022-06-29 16:07:18 - [MESSAGE][PASSED] - PASSED: We.... label text is present on the screen

2022-06-29 16:07:18 - [TEST_STEP][PASSED] - if (waitForElementPresent(background, 30)): null

2022-06-29 16:07:19 - [MESSAGE][PASSED] - Element 'Object Repository/intro screens/Second intro/Background Image' is present

2022-06-29 16:07:19 - [TEST_STEP][PASSED] - markPassed("PASSED: background Image is present on the screen"): PASSED: background Image is present on the screen

2022-06-29 16:07:19 - [MESSAGE][PASSED] - PASSED: background Image is present on the screen

2022-06-29 16:07:19 - [TEST_STEP][PASSED] - if (waitForElementPresent(Continuebutton, 30)): null

2022-06-29 16:07:19 - [MESSAGE][PASSED] - Element 'Object Repository/intro screens/Second intro/Continue button' is present

2022-06-29 16:07:19 - [TEST_STEP][PASSED] - tap(Continuebutton, 30): Tapped on element 'Object Repository/intro screens/Second intro/Continue button'

2022-06-29 16:07:19 - [MESSAGE][PASSED] - Tapped on element 'Object Repository/intro screens/Second intro/Continue button'

2022-06-29 16:07:19 - [TEST_STEP][PASSED] - markPassed("Passed: continue button Element is present"): Passed: continue button Element is present

2022-06-29 16:07:19 - [MESSAGE][PASSED] - Passed: continue button Element is present]]></system-out>
         <system-err><![CDATA[]]></system-err>
      </testcase>
      <testcase name="Test Cases/testing/intro 3" time="2.306" classname="Test Cases/testing/intro 3" status="PASSED">
         <system-out><![CDATA[2022-06-29 16:07:19 - [TEST_CASE][PASSED] - Test Cases/testing/intro 3: Test Cases/testing/intro 3

2022-06-29 16:07:19 - [TEST_STEP][PASSED] - if (waitForElementPresent(hearticon, 30)): null

2022-06-29 16:07:20 - [MESSAGE][PASSED] - Element 'Object Repository/intro screens/Third intro/Heart icon' is present

2022-06-29 16:07:20 - [TEST_STEP][PASSED] - markPassed("PASSED: Heart icon is present in the screen"): PASSED: Heart icon is present in the screen

2022-06-29 16:07:20 - [MESSAGE][PASSED] - PASSED: Heart icon is present in the screen

2022-06-29 16:07:20 - [TEST_STEP][PASSED] - if (waitForElementPresent(Meet_your, 30)): null

2022-06-29 16:07:20 - [MESSAGE][PASSED] - Element 'Object Repository/intro screens/Third intro/Meet Your label text' is present

2022-06-29 16:07:20 - [TEST_STEP][PASSED] - markPassed("PASSED: Meet your label text is present on the screen"): PASSED: Meet your label text is present on the screen

2022-06-29 16:07:20 - [MESSAGE][PASSED] - PASSED: Meet your label text is present on the screen

2022-06-29 16:07:20 - [TEST_STEP][PASSED] - if (waitForElementPresent(Soulmate, 30)): null

2022-06-29 16:07:21 - [MESSAGE][PASSED] - Element 'Object Repository/intro screens/Third intro/Soulmate label text' is present

2022-06-29 16:07:21 - [TEST_STEP][PASSED] - markPassed("PASSED: Soulmate label text is present on the screen"): PASSED: Soulmate label text is present on the screen

2022-06-29 16:07:21 - [MESSAGE][PASSED] - PASSED: Soulmate label text is present on the screen

2022-06-29 16:07:21 - [TEST_STEP][PASSED] - if (waitForElementPresent(Plenty, 30)): null

2022-06-29 16:07:21 - [MESSAGE][PASSED] - Element 'Object Repository/intro screens/Third intro/Plenty of opportunities to find the person that checks all your boxes label text' is present

2022-06-29 16:07:21 - [TEST_STEP][PASSED] - markPassed("PASSED: Plenty.... label text is present on the screen"): PASSED: Plenty.... label text is present on the screen

2022-06-29 16:07:21 - [MESSAGE][PASSED] - PASSED: Plenty.... label text is present on the screen

2022-06-29 16:07:21 - [TEST_STEP][PASSED] - if (waitForElementPresent(background, 30)): null

2022-06-29 16:07:21 - [MESSAGE][PASSED] - Element 'Object Repository/intro screens/Third intro/Background image' is present

2022-06-29 16:07:21 - [TEST_STEP][PASSED] - markPassed("PASSED: background Image is present on the screen"): PASSED: background Image is present on the screen

2022-06-29 16:07:21 - [MESSAGE][PASSED] - PASSED: background Image is present on the screen

2022-06-29 16:07:21 - [TEST_STEP][PASSED] - if (waitForElementPresent(Continuebutton, 30)): null

2022-06-29 16:07:21 - [MESSAGE][PASSED] - Element 'Object Repository/intro screens/Third intro/Continue Button' is present

2022-06-29 16:07:21 - [TEST_STEP][PASSED] - tap(Continuebutton, 30): Tapped on element 'Object Repository/intro screens/Third intro/Continue Button'

2022-06-29 16:07:21 - [MESSAGE][PASSED] - Tapped on element 'Object Repository/intro screens/Third intro/Continue Button'

2022-06-29 16:07:21 - [TEST_STEP][PASSED] - markPassed("Passed: continue button Element is present"): Passed: continue button Element is present

2022-06-29 16:07:21 - [MESSAGE][PASSED] - Passed: continue button Element is present]]></system-out>
         <system-err><![CDATA[]]></system-err>
      </testcase>
      <testcase name="Test Cases/testing/Use Phone Number screen" time="1.844" classname="Test Cases/testing/Use Phone Number screen" status="PASSED">
         <system-out><![CDATA[2022-06-29 16:07:21 - [TEST_CASE][PASSED] - Test Cases/testing/Use Phone Number screen: Test Cases/testing/Use Phone Number screen

2022-06-29 16:07:22 - [TEST_STEP][PASSED] - if (waitForElementPresent(logo, 30)): null

2022-06-29 16:07:23 - [MESSAGE][PASSED] - Element 'Object Repository/Select screen/logo' is present

2022-06-29 16:07:23 - [TEST_STEP][PASSED] - markPassed("PASSED: SignIn Screen launch successfully"): PASSED: SignIn Screen launch successfully

2022-06-29 16:07:23 - [MESSAGE][PASSED] - PASSED: SignIn Screen launch successfully

2022-06-29 16:07:23 - [TEST_STEP][PASSED] - if (waitForElementPresent(Spotlove, 30)): null

2022-06-29 16:07:23 - [MESSAGE][PASSED] - Element 'Object Repository/Select screen/Spot Love at First Sight Login or create an account label text' is present

2022-06-29 16:07:23 - [TEST_STEP][PASSED] - markPassed("PASSED: SpotLove At First Sight label text is present on the screen."): PASSED: SpotLove At First Sight label text is present on the screen.

2022-06-29 16:07:23 - [MESSAGE][PASSED] - PASSED: SpotLove At First Sight label text is present on the screen.

2022-06-29 16:07:23 - [TEST_STEP][PASSED] - if (waitForElementPresent(Continue, 30)): null

2022-06-29 16:07:23 - [MESSAGE][PASSED] - Element 'Object Repository/Select screen/Continue with Phone number' is present

2022-06-29 16:07:23 - [TEST_STEP][PASSED] - tap(Continue, 30): Tapped on element 'Object Repository/Select screen/Continue with Phone number'

2022-06-29 16:07:23 - [MESSAGE][PASSED] - Tapped on element 'Object Repository/Select screen/Continue with Phone number'

2022-06-29 16:07:23 - [TEST_STEP][PASSED] - markPassed("PASSED: Continue With phone is present on the screen."): PASSED: Continue With phone is present on the screen.

2022-06-29 16:07:23 - [MESSAGE][PASSED] - PASSED: Continue With phone is present on the screen.]]></system-out>
         <system-err><![CDATA[]]></system-err>
      </testcase>
      <testcase name="Test Cases/testing/Enter Phone Number" time="12.237" classname="Test Cases/testing/Enter Phone Number" status="PASSED">
         <system-out><![CDATA[2022-06-29 16:07:23 - [TEST_CASE][PASSED] - Test Cases/testing/Enter Phone Number: Test Cases/testing/Enter Phone Number

2022-06-29 16:07:24 - [TEST_STEP][PASSED] - if (waitForElementPresent(Back, 30)): null

2022-06-29 16:07:25 - [MESSAGE][PASSED] - Element 'Object Repository/SignIn To Spot.Love/Back Button' is present

2022-06-29 16:07:25 - [TEST_STEP][PASSED] - tap(Back, 30): Tapped on element 'Object Repository/SignIn To Spot.Love/Back Button'

2022-06-29 16:07:25 - [MESSAGE][PASSED] - Tapped on element 'Object Repository/SignIn To Spot.Love/Back Button'

2022-06-29 16:07:25 - [TEST_STEP][PASSED] - markPassed("PASSED: Continue With phone is present on the screen."): PASSED: Continue With phone is present on the screen.

2022-06-29 16:07:25 - [MESSAGE][PASSED] - PASSED: Continue With phone is present on the screen.

2022-06-29 16:07:25 - [TEST_STEP][PASSED] - if (waitForElementPresent(cntinue, 30)): null

2022-06-29 16:07:26 - [MESSAGE][PASSED] - Element 'Object Repository/Select screen/Continue with Phone number' is present

2022-06-29 16:07:26 - [TEST_STEP][PASSED] - tap(cntinue, 30): Tapped on element 'Object Repository/Select screen/Continue with Phone number'

2022-06-29 16:07:26 - [MESSAGE][PASSED] - Tapped on element 'Object Repository/Select screen/Continue with Phone number'

2022-06-29 16:07:26 - [TEST_STEP][PASSED] - markPassed("PASSED: Continue With phone is present on the screen."): PASSED: Continue With phone is present on the screen.

2022-06-29 16:07:26 - [MESSAGE][PASSED] - PASSED: Continue With phone is present on the screen.

2022-06-29 16:07:26 - [TEST_STEP][PASSED] - if (waitForElementPresent(logo, 30)): null

2022-06-29 16:07:28 - [MESSAGE][PASSED] - Element 'Object Repository/SignIn To Spot.Love/Spotlove Logo' is present

2022-06-29 16:07:28 - [TEST_STEP][PASSED] - markPassed("PASSED: SpotLove logo is present on the screen."): PASSED: SpotLove logo is present on the screen.

2022-06-29 16:07:28 - [MESSAGE][PASSED] - PASSED: SpotLove logo is present on the screen.

2022-06-29 16:07:28 - [TEST_STEP][PASSED] - if (waitForElementPresent(SignIn, 30)): null

2022-06-29 16:07:28 - [MESSAGE][PASSED] - Element 'Object Repository/SignIn To Spot.Love/Sign in to Spot.Love Label Text' is present

2022-06-29 16:07:28 - [TEST_STEP][PASSED] - markPassed("PASSED: signIn to spotlove. is present on the screen."): PASSED: signIn to spotlove. is present on the screen.

2022-06-29 16:07:28 - [MESSAGE][PASSED] - PASSED: signIn to spotlove. is present on the screen.

2022-06-29 16:07:28 - [TEST_STEP][PASSED] - if (waitForElementPresent(Continue, 30)): null

2022-06-29 16:07:28 - [MESSAGE][PASSED] - Element 'Object Repository/SignIn To Spot.Love/Continue with your phone number Label Text' is present

2022-06-29 16:07:28 - [TEST_STEP][PASSED] - markPassed("PASSED: Continue with... is present on the screen."): PASSED: Continue with... is present on the screen.

2022-06-29 16:07:28 - [MESSAGE][PASSED] - PASSED: Continue with... is present on the screen.

2022-06-29 16:07:28 - [TEST_STEP][PASSED] - if (waitForElementPresent(Country, 30)): null

2022-06-29 16:07:28 - [MESSAGE][PASSED] - Element 'Object Repository/SignIn To Spot.Love/Country dropdown' is present

2022-06-29 16:07:28 - [TEST_STEP][PASSED] - tap(Country, 30): Tapped on element 'Object Repository/SignIn To Spot.Love/Country dropdown'

2022-06-29 16:07:29 - [MESSAGE][PASSED] - Tapped on element 'Object Repository/SignIn To Spot.Love/Country dropdown'

2022-06-29 16:07:29 - [TEST_STEP][PASSED] - markPassed("PASSED: Country dropdown is present on the screen."): PASSED: Country dropdown is present on the screen.

2022-06-29 16:07:29 - [MESSAGE][PASSED] - PASSED: Country dropdown is present on the screen.

2022-06-29 16:07:29 - [TEST_STEP][PASSED] - if (waitForElementPresent(Search, 30)): null

2022-06-29 16:07:30 - [MESSAGE][PASSED] - Element 'Object Repository/SignIn To Spot.Love/Enter country name' is present

2022-06-29 16:07:30 - [TEST_STEP][PASSED] - setText(Search, "Pakistan", 30): Text 'Pakistan' has been set to element 'Object Repository/SignIn To Spot.Love/Enter country name'

2022-06-29 16:07:31 - [MESSAGE][PASSED] - Text 'Pakistan' has been set to element 'Object Repository/SignIn To Spot.Love/Enter country name'

2022-06-29 16:07:31 - [TEST_STEP][PASSED] - markPassed("PASSED: Search Country is present on the screen."): PASSED: Search Country is present on the screen.

2022-06-29 16:07:31 - [MESSAGE][PASSED] - PASSED: Search Country is present on the screen.

2022-06-29 16:07:31 - [TEST_STEP][PASSED] - if (waitForElementPresent(first_index, 30)): null

2022-06-29 16:07:32 - [MESSAGE][PASSED] - Element 'Object Repository/SignIn To Spot.Love/First Index of search bar' is present

2022-06-29 16:07:32 - [TEST_STEP][PASSED] - tap(first_index, 30): Tapped on element 'Object Repository/SignIn To Spot.Love/First Index of search bar'

2022-06-29 16:07:33 - [MESSAGE][PASSED] - Tapped on element 'Object Repository/SignIn To Spot.Love/First Index of search bar'

2022-06-29 16:07:33 - [TEST_STEP][PASSED] - markPassed("PASSED: Your Search in the first index Country is present on the screen."): PASSED: Your Search in the first index Country is present on the screen.

2022-06-29 16:07:33 - [MESSAGE][PASSED] - PASSED: Your Search in the first index Country is present on the screen.

2022-06-29 16:07:33 - [TEST_STEP][PASSED] - if (waitForElementPresent(phone, 30)): null

2022-06-29 16:07:33 - [MESSAGE][PASSED] - Element 'Object Repository/SignIn To Spot.Love/Enter Phone Number' is present

2022-06-29 16:07:33 - [TEST_STEP][PASSED] - setText(phone, "3044662898", 30): Text '3044662898' has been set to element 'Object Repository/SignIn To Spot.Love/Enter Phone Number'

2022-06-29 16:07:35 - [MESSAGE][PASSED] - Text '3044662898' has been set to element 'Object Repository/SignIn To Spot.Love/Enter Phone Number'

2022-06-29 16:07:35 - [TEST_STEP][PASSED] - markPassed("PASSED: Phone number enter successfully."): PASSED: Phone number enter successfully.

2022-06-29 16:07:35 - [MESSAGE][PASSED] - PASSED: Phone number enter successfully.

2022-06-29 16:07:35 - [TEST_STEP][PASSED] - if (waitForElementPresent(Continue_Button, 30)): null

2022-06-29 16:07:35 - [MESSAGE][PASSED] - Element 'Object Repository/SignIn To Spot.Love/Continue Button' is present

2022-06-29 16:07:35 - [TEST_STEP][PASSED] - tap(Continue_Button, 30): Tapped on element 'Object Repository/SignIn To Spot.Love/Continue Button'

2022-06-29 16:07:35 - [MESSAGE][PASSED] - Tapped on element 'Object Repository/SignIn To Spot.Love/Continue Button'

2022-06-29 16:07:35 - [TEST_STEP][PASSED] - markPassed("PASSED: Continue button."): PASSED: Continue button.

2022-06-29 16:07:35 - [MESSAGE][PASSED] - PASSED: Continue button.]]></system-out>
         <system-err><![CDATA[]]></system-err>
      </testcase>
      <testcase name="Test Cases/testing/OTP" time="45.746" classname="Test Cases/testing/OTP" status="PASSED">
         <system-out><![CDATA[2022-06-29 16:07:35 - [TEST_CASE][PASSED] - Test Cases/testing/OTP: Test Cases/testing/OTP

2022-06-29 16:07:36 - [TEST_STEP][PASSED] - if (waitForElementPresent(logo, 30)): null

2022-06-29 16:07:36 - [MESSAGE][PASSED] - Element 'Object Repository/OTP Verification/logo' is present

2022-06-29 16:07:36 - [TEST_STEP][PASSED] - markPassed("PASSED: SpotLove logo is present on the screen."): PASSED: SpotLove logo is present on the screen.

2022-06-29 16:07:36 - [MESSAGE][PASSED] - PASSED: SpotLove logo is present on the screen.

2022-06-29 16:07:36 - [TEST_STEP][PASSED] - if (waitForElementPresent(Enter, 30)): null

2022-06-29 16:08:02 - [MESSAGE][PASSED] - Element 'Object Repository/OTP Verification/Enter your verification code label text' is present

2022-06-29 16:08:02 - [TEST_STEP][PASSED] - markPassed("PASSED: Enter Your... label text is present on the screen."): PASSED: Enter Your... label text is present on the screen.

2022-06-29 16:08:02 - [MESSAGE][PASSED] - PASSED: Enter Your... label text is present on the screen.

2022-06-29 16:08:02 - [TEST_STEP][PASSED] - if (waitForElementPresent(We, 30)): null

2022-06-29 16:08:02 - [MESSAGE][PASSED] - Element 'Object Repository/OTP Verification/Weve sent a pin to label text' is present

2022-06-29 16:08:02 - [TEST_STEP][PASSED] - markPassed("PASSED: We have... label text is present on the screen."): PASSED: We have... label text is present on the screen.

2022-06-29 16:08:02 - [MESSAGE][PASSED] - PASSED: We have... label text is present on the screen.

2022-06-29 16:08:02 - [TEST_STEP][PASSED] - if (waitForElementPresent(Verify, 30)): null

2022-06-29 16:08:11 - [MESSAGE][PASSED] - Element 'Object Repository/OTP Verification/Verify' is present

2022-06-29 16:08:11 - [TEST_STEP][PASSED] - markPassed("PASSED: Verify Button is present on the screen."): PASSED: Verify Button is present on the screen.

2022-06-29 16:08:11 - [MESSAGE][PASSED] - PASSED: Verify Button is present on the screen.

2022-06-29 16:08:11 - [TEST_STEP][PASSED] - delay(10): Delayed 10 second(s)

2022-06-29 16:08:21 - [MESSAGE][PASSED] - Delayed 10 second(s)

2022-06-29 16:08:21 - [TEST_STEP][PASSED] - tap(Verify, 30): Tapped on element 'Object Repository/OTP Verification/Verify'

2022-06-29 16:08:21 - [MESSAGE][PASSED] - Tapped on element 'Object Repository/OTP Verification/Verify'

2022-06-29 16:08:21 - [TEST_STEP][PASSED] - markPassed("PASSED: Verify Button Pressed Successfully"): PASSED: Verify Button Pressed Successfully

2022-06-29 16:08:21 - [MESSAGE][PASSED] - PASSED: Verify Button Pressed Successfully]]></system-out>
         <system-err><![CDATA[]]></system-err>
      </testcase>
      <testcase name="Test Cases/testing/Welcome OnBoarding" time="5.391" classname="Test Cases/testing/Welcome OnBoarding" status="PASSED">
         <system-out><![CDATA[2022-06-29 16:08:21 - [TEST_CASE][PASSED] - Test Cases/testing/Welcome OnBoarding: Test Cases/testing/Welcome OnBoarding

2022-06-29 16:08:22 - [TEST_STEP][PASSED] - if (waitForElementPresent(logo, 30)): null

2022-06-29 16:08:25 - [MESSAGE][PASSED] - Element 'Object Repository/Onboarding_One/Logo' is present

2022-06-29 16:08:25 - [TEST_STEP][PASSED] - markPassed("PASSED: SpotLove logo is present on the screen."): PASSED: SpotLove logo is present on the screen.

2022-06-29 16:08:25 - [MESSAGE][PASSED] - PASSED: SpotLove logo is present on the screen.

2022-06-29 16:08:25 - [TEST_STEP][PASSED] - if (waitForElementPresent(welcome, 30)): null

2022-06-29 16:08:25 - [MESSAGE][PASSED] - Element 'Object Repository/Onboarding_One/Welcome to Spot.Love label text' is present

2022-06-29 16:08:25 - [TEST_STEP][PASSED] - markPassed("PASSED: Welcome... label text is present on the screen."): PASSED: Welcome... label text is present on the screen.

2022-06-29 16:08:25 - [MESSAGE][PASSED] - PASSED: Welcome... label text is present on the screen.

2022-06-29 16:08:25 - [TEST_STEP][PASSED] - if (waitForElementPresent(Please, 30)): null

2022-06-29 16:08:25 - [MESSAGE][PASSED] - Element 'Object Repository/Onboarding_One/Please follow these house rules label text' is present

2022-06-29 16:08:25 - [TEST_STEP][PASSED] - markPassed("PASSED: Please... label text is present on the screen."): PASSED: Please... label text is present on the screen.

2022-06-29 16:08:25 - [MESSAGE][PASSED] - PASSED: Please... label text is present on the screen.

2022-06-29 16:08:25 - [TEST_STEP][PASSED] - if (waitForElementPresent(Heart1, 30)): null

2022-06-29 16:08:25 - [MESSAGE][PASSED] - Element 'Object Repository/Onboarding_One/heart icon first' is present

2022-06-29 16:08:25 - [TEST_STEP][PASSED] - markPassed("PASSED: Heart Icon... is present on the screen."): PASSED: Heart Icon... is present on the screen.

2022-06-29 16:08:25 - [MESSAGE][PASSED] - PASSED: Heart Icon... is present on the screen.

2022-06-29 16:08:25 - [TEST_STEP][PASSED] - if (waitForElementPresent(Be, 30)): null

2022-06-29 16:08:25 - [MESSAGE][PASSED] - Element 'Object Repository/Onboarding_One/Be kind label text' is present

2022-06-29 16:08:25 - [TEST_STEP][PASSED] - markPassed("PASSED: Be Kind... label text is present on the screen."): PASSED: Be Kind... label text is present on the screen.

2022-06-29 16:08:25 - [MESSAGE][PASSED] - PASSED: Be Kind... label text is present on the screen.

2022-06-29 16:08:25 - [TEST_STEP][PASSED] - if (waitForElementPresent(Treat, 30)): null

2022-06-29 16:08:25 - [MESSAGE][PASSED] - Element 'Object Repository/Onboarding_One/Treat everyone with respect and kindness label text' is present

2022-06-29 16:08:25 - [TEST_STEP][PASSED] - markPassed("PASSED: Treat... label text is present on the screen."): PASSED: Treat... label text is present on the screen.

2022-06-29 16:08:25 - [MESSAGE][PASSED] - PASSED: Treat... label text is present on the screen.

2022-06-29 16:08:25 - [TEST_STEP][PASSED] - if (waitForElementPresent(Heart2, 30)): null

2022-06-29 16:08:25 - [MESSAGE][PASSED] - Element 'Object Repository/Onboarding_One/heart icon second' is present

2022-06-29 16:08:25 - [TEST_STEP][PASSED] - markPassed("PASSED: Heart Icon... is present on the screen."): PASSED: Heart Icon... is present on the screen.

2022-06-29 16:08:25 - [MESSAGE][PASSED] - PASSED: Heart Icon... is present on the screen.

2022-06-29 16:08:25 - [TEST_STEP][PASSED] - if (waitForElementPresent(Be_You, 30)): null

2022-06-29 16:08:26 - [MESSAGE][PASSED] - Element 'Object Repository/Onboarding_One/Be yourself label text' is present

2022-06-29 16:08:26 - [TEST_STEP][PASSED] - markPassed("PASSED: Be Your... label text is present on the screen."): PASSED: Be Your... label text is present on the screen.

2022-06-29 16:08:26 - [MESSAGE][PASSED] - PASSED: Be Your... label text is present on the screen.

2022-06-29 16:08:26 - [TEST_STEP][PASSED] - if (waitForElementPresent(Be_honest, 30)): null

2022-06-29 16:08:26 - [MESSAGE][PASSED] - Element 'Object Repository/Onboarding_One/Be honest about your age, phots, and bio label text' is present

2022-06-29 16:08:26 - [TEST_STEP][PASSED] - markPassed("PASSED: Be Honest... label text is present on the screen."): PASSED: Be Honest... label text is present on the screen.

2022-06-29 16:08:26 - [MESSAGE][PASSED] - PASSED: Be Honest... label text is present on the screen.

2022-06-29 16:08:26 - [TEST_STEP][PASSED] - if (waitForElementPresent(Heart3, 30)): null

2022-06-29 16:08:26 - [MESSAGE][PASSED] - Element 'Object Repository/Onboarding_One/heart icon third' is present

2022-06-29 16:08:26 - [TEST_STEP][PASSED] - markPassed("PASSED: Heart Icon... is present on the screen."): PASSED: Heart Icon... is present on the screen.

2022-06-29 16:08:26 - [MESSAGE][PASSED] - PASSED: Heart Icon... is present on the screen.

2022-06-29 16:08:26 - [TEST_STEP][PASSED] - if (waitForElementPresent(Be_Out, 30)): null

2022-06-29 16:08:26 - [MESSAGE][PASSED] - Element 'Object Repository/Onboarding_One/Be outspoken label text' is present

2022-06-29 16:08:26 - [TEST_STEP][PASSED] - markPassed("PASSED: Be Out... label text is present on the screen."): PASSED: Be Out... label text is present on the screen.

2022-06-29 16:08:26 - [MESSAGE][PASSED] - PASSED: Be Out... label text is present on the screen.

2022-06-29 16:08:26 - [TEST_STEP][PASSED] - if (waitForElementPresent(Always, 30)): null

2022-06-29 16:08:26 - [MESSAGE][PASSED] - Element 'Object Repository/Onboarding_One/Always report bad behavior label text' is present

2022-06-29 16:08:26 - [TEST_STEP][PASSED] - markPassed("PASSED: Always... label text is present on the screen."): PASSED: Always... label text is present on the screen.

2022-06-29 16:08:26 - [MESSAGE][PASSED] - PASSED: Always... label text is present on the screen.

2022-06-29 16:08:26 - [TEST_STEP][PASSED] - if (waitForElementPresent(Terms, 30)): null

2022-06-29 16:08:26 - [MESSAGE][PASSED] - Element 'Object Repository/Onboarding_One/View terms and Conditions' is present

2022-06-29 16:08:26 - [TEST_STEP][PASSED] - markPassed("PASSED: View Terms and Conditions are show on the screen"): PASSED: View Terms and Conditions are show on the screen

2022-06-29 16:08:26 - [MESSAGE][PASSED] - PASSED: View Terms and Conditions are show on the screen

2022-06-29 16:08:26 - [TEST_STEP][PASSED] - if (waitForElementPresent(Agree, 30)): null

2022-06-29 16:08:26 - [MESSAGE][PASSED] - Element 'Object Repository/Onboarding_One/I Agree Button' is present

2022-06-29 16:08:26 - [TEST_STEP][PASSED] - tap(Agree, 30): Tapped on element 'Object Repository/Onboarding_One/I Agree Button'

2022-06-29 16:08:27 - [MESSAGE][PASSED] - Tapped on element 'Object Repository/Onboarding_One/I Agree Button'

2022-06-29 16:08:27 - [TEST_STEP][PASSED] - markPassed("PASSED: I Agree Button ise show on the screen"): PASSED: I Agree Button ise show on the screen

2022-06-29 16:08:27 - [MESSAGE][PASSED] - PASSED: I Agree Button ise show on the screen]]></system-out>
         <system-err><![CDATA[]]></system-err>
      </testcase>
      <testcase name="Test Cases/testing/Referral Screen" time="1.865" classname="Test Cases/testing/Referral Screen" status="PASSED">
         <system-out><![CDATA[2022-06-29 16:08:27 - [TEST_CASE][PASSED] - Test Cases/testing/Referral Screen: Test Cases/testing/Referral Screen

2022-06-29 16:08:27 - [TEST_STEP][PASSED] - if (waitForElementPresent(Heart_Icon, 30)): null

2022-06-29 16:08:28 - [MESSAGE][PASSED] - Element 'Object Repository/Referral screen/heart Icon' is present

2022-06-29 16:08:28 - [TEST_STEP][PASSED] - markPassed("PASSED: Heart Icon is present on the screen"): PASSED: Heart Icon is present on the screen

2022-06-29 16:08:28 - [MESSAGE][PASSED] - PASSED: Heart Icon is present on the screen

2022-06-29 16:08:28 - [TEST_STEP][PASSED] - if (waitForElementPresent(Howdi, 30)): null

2022-06-29 16:08:28 - [MESSAGE][PASSED] - Element 'Object Repository/Referral screen/How did you hear about us label text' is present

2022-06-29 16:08:28 - [TEST_STEP][PASSED] - markPassed("PASSED: How did... label text is present on the screen"): PASSED: How did... label text is present on the screen

2022-06-29 16:08:28 - [MESSAGE][PASSED] - PASSED: How did... label text is present on the screen

2022-06-29 16:08:28 - [TEST_STEP][PASSED] - if (waitForElementPresent(dropdown, 30)): null

2022-06-29 16:08:28 - [MESSAGE][PASSED] - Element 'Object Repository/Referral screen/Referral dropdown' is present

2022-06-29 16:08:28 - [TEST_STEP][PASSED] - markPassed("PASSED: Dropdown menu is present on the screen"): PASSED: Dropdown menu is present on the screen

2022-06-29 16:08:28 - [MESSAGE][PASSED] - PASSED: Dropdown menu is present on the screen

2022-06-29 16:08:28 - [TEST_STEP][PASSED] - if (waitForElementPresent(Text_box, 30)): null

2022-06-29 16:08:28 - [MESSAGE][PASSED] - Element 'Object Repository/Referral screen/Referral Code text box' is present

2022-06-29 16:08:28 - [TEST_STEP][PASSED] - markPassed("PASSED: Do you... is present on the screen"): PASSED: Do you... is present on the screen

2022-06-29 16:08:28 - [MESSAGE][PASSED] - PASSED: Do you... is present on the screen

2022-06-29 16:08:28 - [TEST_STEP][PASSED] - if (waitForElementPresent(Continue, 30)): null

2022-06-29 16:08:28 - [MESSAGE][PASSED] - Element 'Object Repository/Referral screen/Continue button' is present

2022-06-29 16:08:28 - [TEST_STEP][PASSED] - tap(Continue, 30): Tapped on element 'Object Repository/Referral screen/Continue button'

2022-06-29 16:08:28 - [MESSAGE][PASSED] - Tapped on element 'Object Repository/Referral screen/Continue button'

2022-06-29 16:08:28 - [TEST_STEP][PASSED] - markPassed("PASSED: Continue Button is present on the screen"): PASSED: Continue Button is present on the screen

2022-06-29 16:08:28 - [MESSAGE][PASSED] - PASSED: Continue Button is present on the screen]]></system-out>
         <system-err><![CDATA[]]></system-err>
      </testcase>
      <testcase name="Test Cases/testing/First Name" time="4.386" classname="Test Cases/testing/First Name" status="PASSED">
         <system-out><![CDATA[2022-06-29 16:08:32 - [TEST_CASE][PASSED] - Test Cases/testing/First Name: Test Cases/testing/First Name

2022-06-29 16:08:32 - [TEST_STEP][PASSED] - if (waitForElementPresent(back, 30)): null

2022-06-29 16:08:32 - [MESSAGE][PASSED] - Element 'Object Repository/First name Screen/Back' is present

2022-06-29 16:08:32 - [TEST_STEP][PASSED] - tap(back, 30): Tapped on element 'Object Repository/First name Screen/Back'

2022-06-29 16:08:33 - [MESSAGE][PASSED] - Tapped on element 'Object Repository/First name Screen/Back'

2022-06-29 16:08:33 - [TEST_STEP][PASSED] - markPassed("PASSED: Back Button is present on the screen"): PASSED: Back Button is present on the screen

2022-06-29 16:08:33 - [MESSAGE][PASSED] - PASSED: Back Button is present on the screen

2022-06-29 16:08:33 - [TEST_STEP][PASSED] - if (waitForElementPresent(Previous_Continue, 30)): null

2022-06-29 16:08:33 - [MESSAGE][PASSED] - Element 'Object Repository/Referral screen/Continue button' is present

2022-06-29 16:08:33 - [TEST_STEP][PASSED] - tap(Previous_Continue, 30): Tapped on element 'Object Repository/Referral screen/Continue button'

2022-06-29 16:08:34 - [MESSAGE][PASSED] - Tapped on element 'Object Repository/Referral screen/Continue button'

2022-06-29 16:08:34 - [TEST_STEP][PASSED] - markPassed("PASSED: Continue Button is present on the screen"): PASSED: Continue Button is present on the screen

2022-06-29 16:08:34 - [MESSAGE][PASSED] - PASSED: Continue Button is present on the screen

2022-06-29 16:08:34 - [TEST_STEP][PASSED] - if (waitForElementPresent(card_icon, 30)): null

2022-06-29 16:08:34 - [MESSAGE][PASSED] - Element 'Object Repository/First name Screen/Card Icon' is present

2022-06-29 16:08:34 - [TEST_STEP][PASSED] - markPassed("PASSED: Card Icon is present on the screen"): PASSED: Card Icon is present on the screen

2022-06-29 16:08:34 - [MESSAGE][PASSED] - PASSED: Card Icon is present on the screen

2022-06-29 16:08:34 - [TEST_STEP][PASSED] - if (waitForElementPresent(What, 30)): null

2022-06-29 16:08:34 - [MESSAGE][PASSED] - Element 'Object Repository/First name Screen/What should we call you label text' is present

2022-06-29 16:08:34 - [TEST_STEP][PASSED] - markPassed("PASSED: What should... label text is present on the screen"): PASSED: What should... label text is present on the screen

2022-06-29 16:08:34 - [MESSAGE][PASSED] - PASSED: What should... label text is present on the screen

2022-06-29 16:08:34 - [TEST_STEP][PASSED] - if (waitForElementPresent(Tell_us, 30)): null

2022-06-29 16:08:34 - [MESSAGE][PASSED] - Element 'Object Repository/First name Screen/Tell us your first name label Text' is present

2022-06-29 16:08:34 - [TEST_STEP][PASSED] - markPassed("PASSED: Tell us... label text is present on the screen"): PASSED: Tell us... label text is present on the screen

2022-06-29 16:08:34 - [MESSAGE][PASSED] - PASSED: Tell us... label text is present on the screen

2022-06-29 16:08:34 - [TEST_STEP][PASSED] - if (waitForElementPresent(Name, 30)): null

2022-06-29 16:08:34 - [MESSAGE][PASSED] - Element 'Object Repository/First name Screen/Name text text box' is present

2022-06-29 16:08:34 - [TEST_STEP][PASSED] - setText(Name, "Pakistan", 30): Text 'Pakistan' has been set to element 'Object Repository/First name Screen/Name text text box'

2022-06-29 16:08:36 - [MESSAGE][PASSED] - Text 'Pakistan' has been set to element 'Object Repository/First name Screen/Name text text box'

2022-06-29 16:08:36 - [TEST_STEP][PASSED] - markPassed("PASSED: Name Enter s Successfully"): PASSED: Name Enter s Successfully

2022-06-29 16:08:36 - [MESSAGE][PASSED] - PASSED: Name Enter s Successfully

2022-06-29 16:08:36 - [TEST_STEP][PASSED] - if (waitForElementPresent(Continue, 30)): null

2022-06-29 16:08:36 - [MESSAGE][PASSED] - Element 'Object Repository/First name Screen/Continue Button' is present

2022-06-29 16:08:36 - [TEST_STEP][PASSED] - tap(Continue, 30): Tapped on element 'Object Repository/First name Screen/Continue Button'

2022-06-29 16:08:36 - [MESSAGE][PASSED] - Tapped on element 'Object Repository/First name Screen/Continue Button'

2022-06-29 16:08:36 - [TEST_STEP][PASSED] - markPassed("PASSED: Continue button is present on the screen"): PASSED: Continue button is present on the screen

2022-06-29 16:08:36 - [MESSAGE][PASSED] - PASSED: Continue button is present on the screen]]></system-out>
         <system-err><![CDATA[]]></system-err>
      </testcase>
      <testcase name="Test Cases/testing/Birthday" time="11.678" classname="Test Cases/testing/Birthday" status="PASSED">
         <system-out><![CDATA[2022-06-29 16:08:36 - [TEST_CASE][PASSED] - Test Cases/testing/Birthday: Test Cases/testing/Birthday

2022-06-29 16:08:37 - [TEST_STEP][PASSED] - if (waitForElementPresent(Back, 30)): null

2022-06-29 16:08:39 - [MESSAGE][PASSED] - Element 'Object Repository/DOB/Back' is present

2022-06-29 16:08:39 - [TEST_STEP][PASSED] - tap(Back, 30): Tapped on element 'Object Repository/DOB/Back'

2022-06-29 16:08:40 - [MESSAGE][PASSED] - Tapped on element 'Object Repository/DOB/Back'

2022-06-29 16:08:40 - [TEST_STEP][PASSED] - markPassed("PASSED: Back Button is present on the screen"): PASSED: Back Button is present on the screen

2022-06-29 16:08:40 - [MESSAGE][PASSED] - PASSED: Back Button is present on the screen

2022-06-29 16:08:40 - [TEST_STEP][PASSED] - if (waitForElementPresent(Pervious_Continue, 30)): null

2022-06-29 16:08:41 - [MESSAGE][PASSED] - Element 'Object Repository/First name Screen/Continue Button' is present

2022-06-29 16:08:41 - [TEST_STEP][PASSED] - tap(Pervious_Continue, 30): Tapped on element 'Object Repository/First name Screen/Continue Button'

2022-06-29 16:08:41 - [MESSAGE][PASSED] - Tapped on element 'Object Repository/First name Screen/Continue Button'

2022-06-29 16:08:41 - [TEST_STEP][PASSED] - markPassed("PASSED: Continue Button is present on the screen"): PASSED: Continue Button is present on the screen

2022-06-29 16:08:41 - [MESSAGE][PASSED] - PASSED: Continue Button is present on the screen

2022-06-29 16:08:41 - [TEST_STEP][PASSED] - if (waitForElementPresent(cake_icon, 30)): null

2022-06-29 16:08:42 - [MESSAGE][PASSED] - Element 'Object Repository/DOB/Cake icon' is present

2022-06-29 16:08:42 - [TEST_STEP][PASSED] - markPassed("PASSED: Card Icon is present on the screen"): PASSED: Card Icon is present on the screen

2022-06-29 16:08:42 - [MESSAGE][PASSED] - PASSED: Card Icon is present on the screen

2022-06-29 16:08:42 - [TEST_STEP][PASSED] - if (waitForElementPresent(Whatsyour, 30)): null

2022-06-29 16:08:44 - [MESSAGE][PASSED] - Element 'Object Repository/DOB/Whats your date of birth label Text' is present

2022-06-29 16:08:44 - [TEST_STEP][PASSED] - markPassed("PASSED: Whats your... label text is present on the screen"): PASSED: Whats your... label text is present on the screen

2022-06-29 16:08:44 - [MESSAGE][PASSED] - PASSED: Whats your... label text is present on the screen

2022-06-29 16:08:44 - [TEST_STEP][PASSED] - if (waitForElementPresent(Year, 30)): null

2022-06-29 16:08:45 - [MESSAGE][PASSED] - Element 'Object Repository/DOB/Year Picker' is present

2022-06-29 16:08:45 - [TEST_STEP][PASSED] - tap(Year, 30): Tapped on element 'Object Repository/DOB/Year Picker'

2022-06-29 16:08:45 - [MESSAGE][PASSED] - Tapped on element 'Object Repository/DOB/Year Picker'

2022-06-29 16:08:45 - [TEST_STEP][PASSED] - markPassed("PASSED: Year is present on the screen"): PASSED: Year is present on the screen

2022-06-29 16:08:45 - [MESSAGE][PASSED] - PASSED: Year is present on the screen

2022-06-29 16:08:45 - [TEST_STEP][PASSED] - if (waitForElementPresent(Continue, 30)): null

2022-06-29 16:08:46 - [MESSAGE][PASSED] - Element 'Object Repository/DOB/Continue Button' is present

2022-06-29 16:08:46 - [TEST_STEP][PASSED] - tap(Continue, 30): Tapped on element 'Object Repository/DOB/Continue Button'

2022-06-29 16:08:46 - [MESSAGE][PASSED] - Tapped on element 'Object Repository/DOB/Continue Button'

2022-06-29 16:08:46 - [TEST_STEP][PASSED] - markPassed("PASSED: Continue button is present on the screen"): PASSED: Continue button is present on the screen

2022-06-29 16:08:46 - [MESSAGE][PASSED] - PASSED: Continue button is present on the screen

2022-06-29 16:08:46 - [TEST_STEP][PASSED] - if (waitForElementPresent(Please, 30)): null

2022-06-29 16:08:48 - [MESSAGE][PASSED] - Element 'Object Repository/DOB/Please confirm your birthdate label text' is present

2022-06-29 16:08:48 - [TEST_STEP][PASSED] - markPassed("PASSED: Please Confirm... label text is present on the screen"): PASSED: Please Confirm... label text is present on the screen

2022-06-29 16:08:48 - [MESSAGE][PASSED] - PASSED: Please Confirm... label text is present on the screen

2022-06-29 16:08:48 - [TEST_STEP][PASSED] - if (waitForElementPresent(Thiscant, 30)): null

2022-06-29 16:08:48 - [MESSAGE][PASSED] - Element 'Object Repository/DOB/This cant be changed later label text' is present

2022-06-29 16:08:48 - [TEST_STEP][PASSED] - markPassed("PASSED: This cant... label text is present on the screen"): PASSED: This cant... label text is present on the screen

2022-06-29 16:08:48 - [MESSAGE][PASSED] - PASSED: This cant... label text is present on the screen

2022-06-29 16:08:48 - [TEST_STEP][PASSED] - if (waitForElementPresent(C_Continue, 30)): null

2022-06-29 16:08:48 - [MESSAGE][PASSED] - Element 'Object Repository/DOB/C_Continue' is present

2022-06-29 16:08:48 - [TEST_STEP][PASSED] - tap(C_Continue, 30): Tapped on element 'Object Repository/DOB/C_Continue'

2022-06-29 16:08:48 - [MESSAGE][PASSED] - Tapped on element 'Object Repository/DOB/C_Continue'

2022-06-29 16:08:48 - [TEST_STEP][PASSED] - markPassed("PASSED: C_Continue button present on the screen"): PASSED: C_Continue button present on the screen

2022-06-29 16:08:48 - [MESSAGE][PASSED] - PASSED: C_Continue button present on the screen]]></system-out>
         <system-err><![CDATA[]]></system-err>
      </testcase>
      <testcase name="Test Cases/testing/Identifications" time="6.201" classname="Test Cases/testing/Identifications" status="PASSED">
         <system-out><![CDATA[2022-06-29 16:08:48 - [TEST_CASE][PASSED] - Test Cases/testing/Identifications: Test Cases/testing/Identifications

2022-06-29 16:08:49 - [TEST_STEP][PASSED] - if (waitForElementPresent(Back, 30)): null

2022-06-29 16:08:50 - [MESSAGE][PASSED] - Element 'Object Repository/Identify/Back' is present

2022-06-29 16:08:50 - [TEST_STEP][PASSED] - markPassed("PASSED: Back button present on the screen"): PASSED: Back button present on the screen

2022-06-29 16:08:50 - [MESSAGE][PASSED] - PASSED: Back button present on the screen

2022-06-29 16:08:50 - [TEST_STEP][PASSED] - if (waitForElementPresent(Mirror_icon, 30)): null

2022-06-29 16:08:50 - [MESSAGE][PASSED] - Element 'Object Repository/Identify/Mirror Icon' is present

2022-06-29 16:08:50 - [TEST_STEP][PASSED] - markPassed("PASSED: Mirror Icon present on the screen"): PASSED: Mirror Icon present on the screen

2022-06-29 16:08:50 - [MESSAGE][PASSED] - PASSED: Mirror Icon present on the screen

2022-06-29 16:08:50 - [TEST_STEP][PASSED] - if (waitForElementPresent(How_do, 30)): null

2022-06-29 16:08:50 - [MESSAGE][PASSED] - Element 'Object Repository/Identify/How do you identify label text' is present

2022-06-29 16:08:50 - [TEST_STEP][PASSED] - markPassed("PASSED: How do... label text present on the screen"): PASSED: How do... label text present on the screen

2022-06-29 16:08:50 - [MESSAGE][PASSED] - PASSED: How do... label text present on the screen

2022-06-29 16:08:50 - [TEST_STEP][PASSED] - if (waitForElementPresent(Female_Chips, 30)): null

2022-06-29 16:08:50 - [MESSAGE][PASSED] - Element 'Object Repository/Identify/Female Chips' is present

2022-06-29 16:08:50 - [TEST_STEP][PASSED] - tap(Female_Chips, 30): Tapped on element 'Object Repository/Identify/Female Chips'

2022-06-29 16:08:51 - [MESSAGE][PASSED] - Tapped on element 'Object Repository/Identify/Female Chips'

2022-06-29 16:08:51 - [TEST_STEP][PASSED] - markPassed("PASSED: Female Chips button present on the screen"): PASSED: Female Chips button present on the screen

2022-06-29 16:08:51 - [MESSAGE][PASSED] - PASSED: Female Chips button present on the screen

2022-06-29 16:08:51 - [TEST_STEP][PASSED] - if (waitForElementPresent(Male_Chips, 30)): null

2022-06-29 16:08:51 - [MESSAGE][PASSED] - Element 'Object Repository/Identify/Male Chips' is present

2022-06-29 16:08:51 - [TEST_STEP][PASSED] - tap(Male_Chips, 30): Tapped on element 'Object Repository/Identify/Male Chips'

2022-06-29 16:08:51 - [MESSAGE][PASSED] - Tapped on element 'Object Repository/Identify/Male Chips'

2022-06-29 16:08:51 - [TEST_STEP][PASSED] - markPassed("PASSED: Male Chips button present on the screen"): PASSED: Male Chips button present on the screen

2022-06-29 16:08:51 - [MESSAGE][PASSED] - PASSED: Male Chips button present on the screen

2022-06-29 16:08:51 - [TEST_STEP][PASSED] - if (waitForElementPresent(NonBinary, 30)): null

2022-06-29 16:08:52 - [MESSAGE][PASSED] - Element 'Object Repository/Identify/Non-Binary Chips' is present

2022-06-29 16:08:52 - [TEST_STEP][PASSED] - tap(NonBinary, 30): Tapped on element 'Object Repository/Identify/Non-Binary Chips'

2022-06-29 16:08:52 - [MESSAGE][PASSED] - Tapped on element 'Object Repository/Identify/Non-Binary Chips'

2022-06-29 16:08:52 - [TEST_STEP][PASSED] - markPassed("PASSED: NonBinary Chips button present on the screen"): PASSED: NonBinary Chips button present on the screen

2022-06-29 16:08:52 - [MESSAGE][PASSED] - PASSED: NonBinary Chips button present on the screen

2022-06-29 16:08:52 - [TEST_STEP][PASSED] - if (waitForElementPresent(Male_Chips, 30)): null

2022-06-29 16:08:53 - [MESSAGE][PASSED] - Element 'Object Repository/Identify/Male Chips' is present

2022-06-29 16:08:53 - [TEST_STEP][PASSED] - tap(Male_Chips, 30): Tapped on element 'Object Repository/Identify/Male Chips'

2022-06-29 16:08:53 - [MESSAGE][PASSED] - Tapped on element 'Object Repository/Identify/Male Chips'

2022-06-29 16:08:53 - [TEST_STEP][PASSED] - markPassed("PASSED: Male Chips button present on the screen"): PASSED: Male Chips button present on the screen

2022-06-29 16:08:53 - [MESSAGE][PASSED] - PASSED: Male Chips button present on the screen

2022-06-29 16:08:53 - [TEST_STEP][PASSED] - if (waitForElementPresent(Male_Chips, 30)): null

2022-06-29 16:08:54 - [MESSAGE][PASSED] - Element 'Object Repository/Identify/Male Chips' is present

2022-06-29 16:08:54 - [TEST_STEP][PASSED] - tap(Continue, 30): Tapped on element 'Object Repository/Identify/Continue Button'

2022-06-29 16:08:54 - [MESSAGE][PASSED] - Tapped on element 'Object Repository/Identify/Continue Button'

2022-06-29 16:08:54 - [TEST_STEP][PASSED] - markPassed("PASSED: Continue button present on the screen"): PASSED: Continue button present on the screen

2022-06-29 16:08:54 - [MESSAGE][PASSED] - PASSED: Continue button present on the screen]]></system-out>
         <system-err><![CDATA[]]></system-err>
      </testcase>
      <testcase name="Test Cases/testing/Into" time="7.113" classname="Test Cases/testing/Into" status="PASSED">
         <system-out><![CDATA[2022-06-29 16:08:54 - [TEST_CASE][PASSED] - Test Cases/testing/Into: Test Cases/testing/Into

2022-06-29 16:08:55 - [TEST_STEP][PASSED] - if (waitForElementPresent(back, 30)): null

2022-06-29 16:08:56 - [MESSAGE][PASSED] - Element 'Object Repository/INTO/Back' is present

2022-06-29 16:08:56 - [TEST_STEP][PASSED] - markPassed("PASSED: Back button present on the screen"): PASSED: Back button present on the screen

2022-06-29 16:08:56 - [MESSAGE][PASSED] - PASSED: Back button present on the screen

2022-06-29 16:08:56 - [TEST_STEP][PASSED] - if (waitForElementPresent(Profile_icon, 30)): null

2022-06-29 16:08:56 - [MESSAGE][PASSED] - Element 'Object Repository/INTO/Profile icon' is present

2022-06-29 16:08:56 - [TEST_STEP][PASSED] - markPassed("PASSED: Profile icon present on the screen"): PASSED: Profile icon present on the screen

2022-06-29 16:08:56 - [MESSAGE][PASSED] - PASSED: Profile icon present on the screen

2022-06-29 16:08:56 - [TEST_STEP][PASSED] - if (waitForElementPresent(Who, 30)): null

2022-06-29 16:08:56 - [MESSAGE][PASSED] - Element 'Object Repository/INTO/Who are you into label text' is present

2022-06-29 16:08:56 - [TEST_STEP][PASSED] - markPassed("PASSED: Who are... label text present on the screen"): PASSED: Who are... label text present on the screen

2022-06-29 16:08:56 - [MESSAGE][PASSED] - PASSED: Who are... label text present on the screen

2022-06-29 16:08:56 - [TEST_STEP][PASSED] - if (waitForElementPresent(Women, 30)): null

2022-06-29 16:08:56 - [MESSAGE][PASSED] - Element 'Object Repository/INTO/Female Chips' is present

2022-06-29 16:08:56 - [TEST_STEP][PASSED] - tap(Women, 30): Tapped on element 'Object Repository/INTO/Female Chips'

2022-06-29 16:08:57 - [MESSAGE][PASSED] - Tapped on element 'Object Repository/INTO/Female Chips'

2022-06-29 16:08:57 - [TEST_STEP][PASSED] - markPassed("PASSED: Women Chips button present on the screen"): PASSED: Women Chips button present on the screen

2022-06-29 16:08:57 - [MESSAGE][PASSED] - PASSED: Women Chips button present on the screen

2022-06-29 16:08:57 - [TEST_STEP][PASSED] - if (waitForElementPresent(Men, 30)): null

2022-06-29 16:08:57 - [MESSAGE][PASSED] - Element 'Object Repository/INTO/Male Chips' is present

2022-06-29 16:08:57 - [TEST_STEP][PASSED] - tap(Men, 30): Tapped on element 'Object Repository/INTO/Male Chips'

2022-06-29 16:08:58 - [MESSAGE][PASSED] - Tapped on element 'Object Repository/INTO/Male Chips'

2022-06-29 16:08:58 - [TEST_STEP][PASSED] - markPassed("PASSED: Men Chips button present on the screen"): PASSED: Men Chips button present on the screen

2022-06-29 16:08:58 - [MESSAGE][PASSED] - PASSED: Men Chips button present on the screen

2022-06-29 16:08:58 - [TEST_STEP][PASSED] - if (waitForElementPresent(NonBinary, 30)): null

2022-06-29 16:08:58 - [MESSAGE][PASSED] - Element 'Object Repository/INTO/Non-Binary Chips' is present

2022-06-29 16:08:58 - [TEST_STEP][PASSED] - tap(NonBinary, 30): Tapped on element 'Object Repository/INTO/Non-Binary Chips'

2022-06-29 16:08:59 - [MESSAGE][PASSED] - Tapped on element 'Object Repository/INTO/Non-Binary Chips'

2022-06-29 16:08:59 - [TEST_STEP][PASSED] - markPassed("PASSED: NonBinary Chips button present on the screen"): PASSED: NonBinary Chips button present on the screen

2022-06-29 16:08:59 - [MESSAGE][PASSED] - PASSED: NonBinary Chips button present on the screen

2022-06-29 16:08:59 - [TEST_STEP][PASSED] - if (waitForElementPresent(Men, 30)): null

2022-06-29 16:08:59 - [MESSAGE][PASSED] - Element 'Object Repository/INTO/Male Chips' is present

2022-06-29 16:08:59 - [TEST_STEP][PASSED] - tap(Men, 30): Tapped on element 'Object Repository/INTO/Male Chips'

2022-06-29 16:08:59 - [MESSAGE][PASSED] - Tapped on element 'Object Repository/INTO/Male Chips'

2022-06-29 16:08:59 - [TEST_STEP][PASSED] - markPassed("PASSED: Men Chips button present on the screen"): PASSED: Men Chips button present on the screen

2022-06-29 16:08:59 - [MESSAGE][PASSED] - PASSED: Men Chips button present on the screen

2022-06-29 16:08:59 - [TEST_STEP][PASSED] - if (waitForElementPresent(Anything, 30)): null

2022-06-29 16:09:00 - [MESSAGE][PASSED] - Element 'Object Repository/INTO/Anything Really' is present

2022-06-29 16:09:00 - [TEST_STEP][PASSED] - tap(Anything, 30): Tapped on element 'Object Repository/INTO/Anything Really'

2022-06-29 16:09:01 - [MESSAGE][PASSED] - Tapped on element 'Object Repository/INTO/Anything Really'

2022-06-29 16:09:01 - [TEST_STEP][PASSED] - markPassed("PASSED: Anything Chips button present on the screen"): PASSED: Anything Chips button present on the screen

2022-06-29 16:09:01 - [MESSAGE][PASSED] - PASSED: Anything Chips button present on the screen

2022-06-29 16:09:01 - [TEST_STEP][PASSED] - if (waitForElementPresent(Continue, 30)): null

2022-06-29 16:09:01 - [MESSAGE][PASSED] - Element 'Object Repository/INTO/Continue Button' is present

2022-06-29 16:09:01 - [TEST_STEP][PASSED] - tap(Continue, 30): Tapped on element 'Object Repository/INTO/Continue Button'

2022-06-29 16:09:01 - [MESSAGE][PASSED] - Tapped on element 'Object Repository/INTO/Continue Button'

2022-06-29 16:09:01 - [TEST_STEP][PASSED] - markPassed("PASSED: Continue button present on the screen"): PASSED: Continue button present on the screen

2022-06-29 16:09:01 - [MESSAGE][PASSED] - PASSED: Continue button present on the screen]]></system-out>
         <system-err><![CDATA[]]></system-err>
      </testcase>
      <testcase name="Test Cases/testing/Height Scale" time="2.883" classname="Test Cases/testing/Height Scale" status="PASSED">
         <system-out><![CDATA[2022-06-29 16:09:01 - [TEST_CASE][PASSED] - Test Cases/testing/Height Scale: Test Cases/testing/Height Scale

2022-06-29 16:09:02 - [TEST_STEP][PASSED] - if (waitForElementPresent(Back, 30)): null

2022-06-29 16:09:03 - [MESSAGE][PASSED] - Element 'Object Repository/Height scale/Back' is present

2022-06-29 16:09:03 - [TEST_STEP][PASSED] - markPassed("PASSED: Back button present on the screen"): PASSED: Back button present on the screen

2022-06-29 16:09:03 - [MESSAGE][PASSED] - PASSED: Back button present on the screen

2022-06-29 16:09:03 - [TEST_STEP][PASSED] - if (waitForElementPresent(Scale_icon, 30)): null

2022-06-29 16:09:04 - [MESSAGE][PASSED] - Element 'Object Repository/Height scale/Scale icon' is present

2022-06-29 16:09:04 - [TEST_STEP][PASSED] - markPassed("PASSED: Scale icon present on the screen"): PASSED: Scale icon present on the screen

2022-06-29 16:09:04 - [MESSAGE][PASSED] - PASSED: Scale icon present on the screen

2022-06-29 16:09:04 - [TEST_STEP][PASSED] - if (waitForElementPresent(How, 30)): null

2022-06-29 16:09:04 - [MESSAGE][PASSED] - Element 'Object Repository/Height scale/How tall are you label text' is present

2022-06-29 16:09:04 - [TEST_STEP][PASSED] - markPassed("PASSED: How tall... label text present on the screen"): PASSED: How tall... label text present on the screen

2022-06-29 16:09:04 - [MESSAGE][PASSED] - PASSED: How tall... label text present on the screen

2022-06-29 16:09:04 - [TEST_STEP][PASSED] - if (waitForElementPresent(Continue, 30)): null

2022-06-29 16:09:04 - [MESSAGE][PASSED] - Element 'Object Repository/Height scale/Continue Button' is present

2022-06-29 16:09:04 - [TEST_STEP][PASSED] - tap(Continue, 30): Tapped on element 'Object Repository/Height scale/Continue Button'

2022-06-29 16:09:04 - [MESSAGE][PASSED] - Tapped on element 'Object Repository/Height scale/Continue Button'

2022-06-29 16:09:04 - [TEST_STEP][PASSED] - markPassed("PASSED: Continue Button present on the screen"): PASSED: Continue Button present on the screen

2022-06-29 16:09:04 - [MESSAGE][PASSED] - PASSED: Continue Button present on the screen]]></system-out>
         <system-err><![CDATA[]]></system-err>
      </testcase>
      <testcase name="Test Cases/testing/Ethnicity" time="12.302" classname="Test Cases/testing/Ethnicity" status="PASSED">
         <system-out><![CDATA[2022-06-29 16:09:04 - [TEST_CASE][PASSED] - Test Cases/testing/Ethnicity: Test Cases/testing/Ethnicity

2022-06-29 16:09:05 - [TEST_STEP][PASSED] - if (waitForElementPresent(Back, 30)): null

2022-06-29 16:09:06 - [MESSAGE][PASSED] - Element 'Object Repository/Ethnicity/Back' is present

2022-06-29 16:09:06 - [TEST_STEP][PASSED] - markPassed("PASSED: Back button present on the screen"): PASSED: Back button present on the screen

2022-06-29 16:09:06 - [MESSAGE][PASSED] - PASSED: Back button present on the screen

2022-06-29 16:09:06 - [TEST_STEP][PASSED] - if (waitForElementPresent(Megnifying_icon, 30)): null

2022-06-29 16:09:06 - [MESSAGE][PASSED] - Element 'Object Repository/Ethnicity/Megnifying icon' is present

2022-06-29 16:09:06 - [TEST_STEP][PASSED] - markPassed("PASSED: Megnifying icon present on the screen"): PASSED: Megnifying icon present on the screen

2022-06-29 16:09:06 - [MESSAGE][PASSED] - PASSED: Megnifying icon present on the screen

2022-06-29 16:09:06 - [TEST_STEP][PASSED] - if (waitForElementPresent(Whats, 30)): null

2022-06-29 16:09:07 - [MESSAGE][PASSED] - Element 'Object Repository/Ethnicity/Whats your ethnicity label text' is present

2022-06-29 16:09:07 - [TEST_STEP][PASSED] - markPassed("PASSED: Whats your... label text present on the screen"): PASSED: Whats your... label text present on the screen

2022-06-29 16:09:07 - [MESSAGE][PASSED] - PASSED: Whats your... label text present on the screen

2022-06-29 16:09:07 - [TEST_STEP][PASSED] - if (waitForElementPresent(other, 30)): null

2022-06-29 16:09:07 - [MESSAGE][PASSED] - Element 'Object Repository/Ethnicity/Other' is present

2022-06-29 16:09:07 - [TEST_STEP][PASSED] - tap(other, 30): Tapped on element 'Object Repository/Ethnicity/Other'

2022-06-29 16:09:07 - [MESSAGE][PASSED] - Tapped on element 'Object Repository/Ethnicity/Other'

2022-06-29 16:09:07 - [TEST_STEP][PASSED] - markPassed("PASSED: other Chips button present on the screen"): PASSED: other Chips button present on the screen

2022-06-29 16:09:07 - [MESSAGE][PASSED] - PASSED: other Chips button present on the screen

2022-06-29 16:09:07 - [TEST_STEP][PASSED] - if (waitForElementPresent(Hispanic, 30)): null

2022-06-29 16:09:08 - [MESSAGE][PASSED] - Element 'Object Repository/Ethnicity/Hispanic Latino' is present

2022-06-29 16:09:08 - [TEST_STEP][PASSED] - tap(Hispanic, 30): Tapped on element 'Object Repository/Ethnicity/Hispanic Latino'

2022-06-29 16:09:08 - [MESSAGE][PASSED] - Tapped on element 'Object Repository/Ethnicity/Hispanic Latino'

2022-06-29 16:09:08 - [TEST_STEP][PASSED] - markPassed("PASSED: Hispanic/Latino Chips button present on the screen"): PASSED: Hispanic/Latino Chips button present on the screen

2022-06-29 16:09:08 - [MESSAGE][PASSED] - PASSED: Hispanic/Latino Chips button present on the screen

2022-06-29 16:09:08 - [TEST_STEP][PASSED] - if (waitForElementPresent(East, 30)): null

2022-06-29 16:09:09 - [MESSAGE][PASSED] - Element 'Object Repository/Ethnicity/East Asian' is present

2022-06-29 16:09:09 - [TEST_STEP][PASSED] - tap(East, 30): Tapped on element 'Object Repository/Ethnicity/East Asian'

2022-06-29 16:09:09 - [MESSAGE][PASSED] - Tapped on element 'Object Repository/Ethnicity/East Asian'

2022-06-29 16:09:09 - [TEST_STEP][PASSED] - markPassed("PASSED: East Asian Chips button present on the screen"): PASSED: East Asian Chips button present on the screen

2022-06-29 16:09:09 - [MESSAGE][PASSED] - PASSED: East Asian Chips button present on the screen

2022-06-29 16:09:09 - [TEST_STEP][PASSED] - if (waitForElementPresent(Black, 30)): null

2022-06-29 16:09:10 - [MESSAGE][PASSED] - Element 'Object Repository/Ethnicity/Black African Descent' is present

2022-06-29 16:09:10 - [TEST_STEP][PASSED] - tap(Black, 30): Tapped on element 'Object Repository/Ethnicity/Black African Descent'

2022-06-29 16:09:10 - [MESSAGE][PASSED] - Tapped on element 'Object Repository/Ethnicity/Black African Descent'

2022-06-29 16:09:10 - [TEST_STEP][PASSED] - markPassed("PASSED: Black/African Descent Chips button present on the screen"): PASSED: Black/African Descent Chips button present on the screen

2022-06-29 16:09:10 - [MESSAGE][PASSED] - PASSED: Black/African Descent Chips button present on the screen

2022-06-29 16:09:10 - [TEST_STEP][PASSED] - if (waitForElementPresent(Pacific_Islander, 30)): null

2022-06-29 16:09:11 - [MESSAGE][PASSED] - Element 'Object Repository/Ethnicity/Pacific Islander' is present

2022-06-29 16:09:11 - [TEST_STEP][PASSED] - tap(Pacific_Islander, 30): Tapped on element 'Object Repository/Ethnicity/Pacific Islander'

2022-06-29 16:09:11 - [MESSAGE][PASSED] - Tapped on element 'Object Repository/Ethnicity/Pacific Islander'

2022-06-29 16:09:11 - [TEST_STEP][PASSED] - markPassed("PASSED: Pacific_Islander Chips button present on the screen"): PASSED: Pacific_Islander Chips button present on the screen

2022-06-29 16:09:11 - [MESSAGE][PASSED] - PASSED: Pacific_Islander Chips button present on the screen

2022-06-29 16:09:11 - [TEST_STEP][PASSED] - if (waitForElementPresent(White, 30)): null

2022-06-29 16:09:12 - [MESSAGE][PASSED] - Element 'Object Repository/Ethnicity/White Caucasian' is present

2022-06-29 16:09:12 - [TEST_STEP][PASSED] - tap(White, 30): Tapped on element 'Object Repository/Ethnicity/White Caucasian'

2022-06-29 16:09:12 - [MESSAGE][PASSED] - Tapped on element 'Object Repository/Ethnicity/White Caucasian'

2022-06-29 16:09:12 - [TEST_STEP][PASSED] - markPassed("PASSED: White/Caucasian Chips button present on the screen"): PASSED: White/Caucasian Chips button present on the screen

2022-06-29 16:09:12 - [MESSAGE][PASSED] - PASSED: White/Caucasian Chips button present on the screen

2022-06-29 16:09:12 - [TEST_STEP][PASSED] - if (waitForElementPresent(Middle, 30)): null

2022-06-29 16:09:13 - [MESSAGE][PASSED] - Element 'Object Repository/Ethnicity/Middle Eastern' is present

2022-06-29 16:09:13 - [TEST_STEP][PASSED] - tap(Middle, 30): Tapped on element 'Object Repository/Ethnicity/Middle Eastern'

2022-06-29 16:09:13 - [MESSAGE][PASSED] - Tapped on element 'Object Repository/Ethnicity/Middle Eastern'

2022-06-29 16:09:13 - [TEST_STEP][PASSED] - markPassed("PASSED: Middle Eastren Chips button present on the screen"): PASSED: Middle Eastren Chips button present on the screen

2022-06-29 16:09:13 - [MESSAGE][PASSED] - PASSED: Middle Eastren Chips button present on the screen

2022-06-29 16:09:13 - [TEST_STEP][PASSED] - if (waitForElementPresent(Native, 30)): null

2022-06-29 16:09:13 - [MESSAGE][PASSED] - Element 'Object Repository/Ethnicity/Native American' is present

2022-06-29 16:09:13 - [TEST_STEP][PASSED] - tap(Native, 30): Tapped on element 'Object Repository/Ethnicity/Native American'

2022-06-29 16:09:14 - [MESSAGE][PASSED] - Tapped on element 'Object Repository/Ethnicity/Native American'

2022-06-29 16:09:14 - [TEST_STEP][PASSED] - markPassed("PASSED: Native American Chips button present on the screen"): PASSED: Native American Chips button present on the screen

2022-06-29 16:09:14 - [MESSAGE][PASSED] - PASSED: Native American Chips button present on the screen

2022-06-29 16:09:14 - [TEST_STEP][PASSED] - if (waitForElementPresent(South, 30)): null

2022-06-29 16:09:14 - [MESSAGE][PASSED] - Element 'Object Repository/Ethnicity/South Asian' is present

2022-06-29 16:09:14 - [TEST_STEP][PASSED] - tap(South, 30): Tapped on element 'Object Repository/Ethnicity/South Asian'

2022-06-29 16:09:15 - [MESSAGE][PASSED] - Tapped on element 'Object Repository/Ethnicity/South Asian'

2022-06-29 16:09:15 - [TEST_STEP][PASSED] - markPassed("PASSED: South Asian Chips button present on the screen"): PASSED: South Asian Chips button present on the screen

2022-06-29 16:09:15 - [MESSAGE][PASSED] - PASSED: South Asian Chips button present on the screen

2022-06-29 16:09:15 - [TEST_STEP][PASSED] - if (waitForElementPresent(Prefer, 30)): null

2022-06-29 16:09:15 - [MESSAGE][PASSED] - Element 'Object Repository/Ethnicity/Perfer not to say' is present

2022-06-29 16:09:15 - [TEST_STEP][PASSED] - tap(Prefer, 30): Tapped on element 'Object Repository/Ethnicity/Perfer not to say'

2022-06-29 16:09:16 - [MESSAGE][PASSED] - Tapped on element 'Object Repository/Ethnicity/Perfer not to say'

2022-06-29 16:09:16 - [TEST_STEP][PASSED] - markPassed("PASSED: Prefer not to say Chips button present on the screen"): PASSED: Prefer not to say Chips button present on the screen

2022-06-29 16:09:16 - [MESSAGE][PASSED] - PASSED: Prefer not to say Chips button present on the screen

2022-06-29 16:09:16 - [TEST_STEP][PASSED] - if (waitForElementPresent(Continue, 30)): null

2022-06-29 16:09:16 - [MESSAGE][PASSED] - Element 'Object Repository/Ethnicity/Continue Button' is present

2022-06-29 16:09:16 - [TEST_STEP][PASSED] - tap(Continue, 30): Tapped on element 'Object Repository/Ethnicity/Continue Button'

2022-06-29 16:09:17 - [MESSAGE][PASSED] - Tapped on element 'Object Repository/Ethnicity/Continue Button'

2022-06-29 16:09:17 - [TEST_STEP][PASSED] - markPassed("PASSED: Continue button present on the screen"): PASSED: Continue button present on the screen

2022-06-29 16:09:17 - [MESSAGE][PASSED] - PASSED: Continue button present on the screen]]></system-out>
         <system-err><![CDATA[]]></system-err>
      </testcase>
      <testcase name="Test Cases/testing/Religion" time="12.695" classname="Test Cases/testing/Religion" status="PASSED">
         <system-out><![CDATA[2022-06-29 16:09:17 - [TEST_CASE][PASSED] - Test Cases/testing/Religion: Test Cases/testing/Religion

2022-06-29 16:09:17 - [TEST_STEP][PASSED] - if (waitForElementPresent(Back, 30)): null

2022-06-29 16:09:19 - [MESSAGE][PASSED] - Element 'Object Repository/Religion/Back' is present

2022-06-29 16:09:19 - [TEST_STEP][PASSED] - markPassed("PASSED: Back button present on the screen"): PASSED: Back button present on the screen

2022-06-29 16:09:19 - [MESSAGE][PASSED] - PASSED: Back button present on the screen

2022-06-29 16:09:19 - [TEST_STEP][PASSED] - if (waitForElementPresent(Book, 30)): null

2022-06-29 16:09:19 - [MESSAGE][PASSED] - Element 'Object Repository/Religion/Book Icon' is present

2022-06-29 16:09:19 - [TEST_STEP][PASSED] - markPassed("PASSED: Book icon present on the screen"): PASSED: Book icon present on the screen

2022-06-29 16:09:19 - [MESSAGE][PASSED] - PASSED: Book icon present on the screen

2022-06-29 16:09:19 - [TEST_STEP][PASSED] - if (waitForElementPresent(What, 30)): null

2022-06-29 16:09:19 - [MESSAGE][PASSED] - Element 'Object Repository/Religion/Whats your religion label text' is present

2022-06-29 16:09:19 - [TEST_STEP][PASSED] - markPassed("PASSED: Whats your... label text present on the screen"): PASSED: Whats your... label text present on the screen

2022-06-29 16:09:19 - [MESSAGE][PASSED] - PASSED: Whats your... label text present on the screen

2022-06-29 16:09:19 - [TEST_STEP][PASSED] - if (waitForElementPresent(Sikh, 30)): null

2022-06-29 16:09:19 - [MESSAGE][PASSED] - Element 'Object Repository/Religion/Sikh' is present

2022-06-29 16:09:19 - [TEST_STEP][PASSED] - tap(Sikh, 30): Tapped on element 'Object Repository/Religion/Sikh'

2022-06-29 16:09:20 - [MESSAGE][PASSED] - Tapped on element 'Object Repository/Religion/Sikh'

2022-06-29 16:09:20 - [TEST_STEP][PASSED] - markPassed("PASSED: Sikh Chips button present on the screen"): PASSED: Sikh Chips button present on the screen

2022-06-29 16:09:20 - [MESSAGE][PASSED] - PASSED: Sikh Chips button present on the screen

2022-06-29 16:09:20 - [TEST_STEP][PASSED] - if (waitForElementPresent(Hindu, 30)): null

2022-06-29 16:09:20 - [MESSAGE][PASSED] - Element 'Object Repository/Religion/hindu' is present

2022-06-29 16:09:20 - [TEST_STEP][PASSED] - tap(Hindu, 30): Tapped on element 'Object Repository/Religion/hindu'

2022-06-29 16:09:20 - [MESSAGE][PASSED] - Tapped on element 'Object Repository/Religion/hindu'

2022-06-29 16:09:20 - [TEST_STEP][PASSED] - markPassed("PASSED: Hindu Chips button present on the screen"): PASSED: Hindu Chips button present on the screen

2022-06-29 16:09:20 - [MESSAGE][PASSED] - PASSED: Hindu Chips button present on the screen

2022-06-29 16:09:20 - [TEST_STEP][PASSED] - if (waitForElementPresent(Atheist, 30)): null

2022-06-29 16:09:21 - [MESSAGE][PASSED] - Element 'Object Repository/Religion/Atheist' is present

2022-06-29 16:09:21 - [TEST_STEP][PASSED] - tap(Atheist, 30): Tapped on element 'Object Repository/Religion/Atheist'

2022-06-29 16:09:21 - [MESSAGE][PASSED] - Tapped on element 'Object Repository/Religion/Atheist'

2022-06-29 16:09:21 - [TEST_STEP][PASSED] - markPassed("PASSED: Atheist Chips button present on the screen"): PASSED: Atheist Chips button present on the screen

2022-06-29 16:09:21 - [MESSAGE][PASSED] - PASSED: Atheist Chips button present on the screen

2022-06-29 16:09:21 - [TEST_STEP][PASSED] - if (waitForElementPresent(Spiritual, 30)): null

2022-06-29 16:09:22 - [MESSAGE][PASSED] - Element 'Object Repository/Religion/Spiritual' is present

2022-06-29 16:09:22 - [TEST_STEP][PASSED] - tap(Spiritual, 30): Tapped on element 'Object Repository/Religion/Spiritual'

2022-06-29 16:09:22 - [MESSAGE][PASSED] - Tapped on element 'Object Repository/Religion/Spiritual'

2022-06-29 16:09:22 - [TEST_STEP][PASSED] - markPassed("PASSED: Spiritual Chips button present on the screen"): PASSED: Spiritual Chips button present on the screen

2022-06-29 16:09:22 - [MESSAGE][PASSED] - PASSED: Spiritual Chips button present on the screen

2022-06-29 16:09:22 - [TEST_STEP][PASSED] - if (waitForElementPresent(Christian, 30)): null

2022-06-29 16:09:23 - [MESSAGE][PASSED] - Element 'Object Repository/Religion/Christian' is present

2022-06-29 16:09:23 - [TEST_STEP][PASSED] - tap(Christian, 30): Tapped on element 'Object Repository/Religion/Christian'

2022-06-29 16:09:23 - [MESSAGE][PASSED] - Tapped on element 'Object Repository/Religion/Christian'

2022-06-29 16:09:23 - [TEST_STEP][PASSED] - markPassed("PASSED: Christian Chips button present on the screen"): PASSED: Christian Chips button present on the screen

2022-06-29 16:09:23 - [MESSAGE][PASSED] - PASSED: Christian Chips button present on the screen

2022-06-29 16:09:23 - [TEST_STEP][PASSED] - if (waitForElementPresent(Agnostic, 30)): null

2022-06-29 16:09:24 - [MESSAGE][PASSED] - Element 'Object Repository/Religion/Agnostic' is present

2022-06-29 16:09:24 - [TEST_STEP][PASSED] - tap(Agnostic, 30): Tapped on element 'Object Repository/Religion/Agnostic'

2022-06-29 16:09:24 - [MESSAGE][PASSED] - Tapped on element 'Object Repository/Religion/Agnostic'

2022-06-29 16:09:24 - [TEST_STEP][PASSED] - markPassed("PASSED: Agnostic Chips button present on the screen"): PASSED: Agnostic Chips button present on the screen

2022-06-29 16:09:24 - [MESSAGE][PASSED] - PASSED: Agnostic Chips button present on the screen

2022-06-29 16:09:24 - [TEST_STEP][PASSED] - if (waitForElementPresent(Buddhist, 30)): null

2022-06-29 16:09:25 - [MESSAGE][PASSED] - Element 'Object Repository/Religion/Buddhist Taoist' is present

2022-06-29 16:09:25 - [TEST_STEP][PASSED] - tap(Buddhist, 30): Tapped on element 'Object Repository/Religion/Buddhist Taoist'

2022-06-29 16:09:25 - [MESSAGE][PASSED] - Tapped on element 'Object Repository/Religion/Buddhist Taoist'

2022-06-29 16:09:25 - [TEST_STEP][PASSED] - markPassed("PASSED: Buddhist/Taosit Chips button present on the screen"): PASSED: Buddhist/Taosit Chips button present on the screen

2022-06-29 16:09:25 - [MESSAGE][PASSED] - PASSED: Buddhist/Taosit Chips button present on the screen

2022-06-29 16:09:25 - [TEST_STEP][PASSED] - if (waitForElementPresent(Jewish, 30)): null

2022-06-29 16:09:26 - [MESSAGE][PASSED] - Element 'Object Repository/Religion/Jewish' is present

2022-06-29 16:09:26 - [TEST_STEP][PASSED] - tap(Jewish, 30): Tapped on element 'Object Repository/Religion/Jewish'

2022-06-29 16:09:26 - [MESSAGE][PASSED] - Tapped on element 'Object Repository/Religion/Jewish'

2022-06-29 16:09:26 - [TEST_STEP][PASSED] - markPassed("PASSED: Jewish Chips button present on the screen"): PASSED: Jewish Chips button present on the screen

2022-06-29 16:09:26 - [MESSAGE][PASSED] - PASSED: Jewish Chips button present on the screen

2022-06-29 16:09:26 - [TEST_STEP][PASSED] - if (waitForElementPresent(Catholic, 30)): null

2022-06-29 16:09:27 - [MESSAGE][PASSED] - Element 'Object Repository/Religion/Catholic' is present

2022-06-29 16:09:27 - [TEST_STEP][PASSED] - tap(Catholic, 30): Tapped on element 'Object Repository/Religion/Catholic'

2022-06-29 16:09:27 - [MESSAGE][PASSED] - Tapped on element 'Object Repository/Religion/Catholic'

2022-06-29 16:09:27 - [TEST_STEP][PASSED] - markPassed("PASSED: Catholic Chips button present on the screen"): PASSED: Catholic Chips button present on the screen

2022-06-29 16:09:27 - [MESSAGE][PASSED] - PASSED: Catholic Chips button present on the screen

2022-06-29 16:09:27 - [TEST_STEP][PASSED] - if (waitForElementPresent(Muslim, 30)): null

2022-06-29 16:09:28 - [MESSAGE][PASSED] - Element 'Object Repository/Religion/Muslim' is present

2022-06-29 16:09:28 - [TEST_STEP][PASSED] - tap(Muslim, 30): Tapped on element 'Object Repository/Religion/Muslim'

2022-06-29 16:09:28 - [MESSAGE][PASSED] - Tapped on element 'Object Repository/Religion/Muslim'

2022-06-29 16:09:28 - [TEST_STEP][PASSED] - markPassed("PASSED: Muslim Chips button present on the screen"): PASSED: Muslim Chips button present on the screen

2022-06-29 16:09:28 - [MESSAGE][PASSED] - PASSED: Muslim Chips button present on the screen

2022-06-29 16:09:28 - [TEST_STEP][PASSED] - if (waitForElementPresent(Continue, 30)): null

2022-06-29 16:09:29 - [MESSAGE][PASSED] - Element 'Object Repository/Religion/continue Button' is present

2022-06-29 16:09:29 - [TEST_STEP][PASSED] - tap(Continue, 30): Tapped on element 'Object Repository/Religion/continue Button'

2022-06-29 16:09:29 - [MESSAGE][PASSED] - Tapped on element 'Object Repository/Religion/continue Button'

2022-06-29 16:09:29 - [TEST_STEP][PASSED] - markPassed("PASSED: Continue button present on the screen"): PASSED: Continue button present on the screen

2022-06-29 16:09:29 - [MESSAGE][PASSED] - PASSED: Continue button present on the screen]]></system-out>
         <system-err><![CDATA[]]></system-err>
      </testcase>
      <testcase name="Test Cases/testing/Relationship" time="7.894" classname="Test Cases/testing/Relationship" status="PASSED">
         <system-out><![CDATA[2022-06-29 16:09:29 - [TEST_CASE][PASSED] - Test Cases/testing/Relationship: Test Cases/testing/Relationship

2022-06-29 16:09:30 - [TEST_STEP][PASSED] - if (waitForElementPresent(Back, 30)): null

2022-06-29 16:09:32 - [MESSAGE][PASSED] - Element 'Object Repository/Relationship/Back' is present

2022-06-29 16:09:32 - [TEST_STEP][PASSED] - markPassed("PASSED: Back button present on the screen"): PASSED: Back button present on the screen

2022-06-29 16:09:32 - [MESSAGE][PASSED] - PASSED: Back button present on the screen

2022-06-29 16:09:32 - [TEST_STEP][PASSED] - if (waitForElementPresent(Heart_Icon, 30)): null

2022-06-29 16:09:32 - [MESSAGE][PASSED] - Element 'Object Repository/Relationship/Heart icon' is present

2022-06-29 16:09:32 - [TEST_STEP][PASSED] - markPassed("PASSED: Heart Icon present on the screen"): PASSED: Heart Icon present on the screen

2022-06-29 16:09:32 - [MESSAGE][PASSED] - PASSED: Heart Icon present on the screen

2022-06-29 16:09:32 - [TEST_STEP][PASSED] - if (waitForElementPresent(Whats, 30)): null

2022-06-29 16:09:32 - [MESSAGE][PASSED] - Element 'Object Repository/Relationship/Whats your relationship status label text' is present

2022-06-29 16:09:32 - [TEST_STEP][PASSED] - markPassed("PASSED: Whats your... label text present on the screen"): PASSED: Whats your... label text present on the screen

2022-06-29 16:09:32 - [MESSAGE][PASSED] - PASSED: Whats your... label text present on the screen

2022-06-29 16:09:32 - [TEST_STEP][PASSED] - if (waitForElementPresent(Never, 30)): null

2022-06-29 16:09:32 - [MESSAGE][PASSED] - Element 'Object Repository/Relationship/Never Married' is present

2022-06-29 16:09:32 - [TEST_STEP][PASSED] - tap(Never, 30): Tapped on element 'Object Repository/Relationship/Never Married'

2022-06-29 16:09:32 - [MESSAGE][PASSED] - Tapped on element 'Object Repository/Relationship/Never Married'

2022-06-29 16:09:32 - [TEST_STEP][PASSED] - markPassed("PASSED: Never Married Chips button present on the screen"): PASSED: Never Married Chips button present on the screen

2022-06-29 16:09:32 - [MESSAGE][PASSED] - PASSED: Never Married Chips button present on the screen

2022-06-29 16:09:32 - [TEST_STEP][PASSED] - if (waitForElementPresent(Separated, 30)): null

2022-06-29 16:09:33 - [MESSAGE][PASSED] - Element 'Object Repository/Relationship/Separated' is present

2022-06-29 16:09:33 - [TEST_STEP][PASSED] - tap(Separated, 30): Tapped on element 'Object Repository/Relationship/Separated'

2022-06-29 16:09:33 - [MESSAGE][PASSED] - Tapped on element 'Object Repository/Relationship/Separated'

2022-06-29 16:09:33 - [TEST_STEP][PASSED] - markPassed("PASSED: Separated Chips button present on the screen"): PASSED: Separated Chips button present on the screen

2022-06-29 16:09:33 - [MESSAGE][PASSED] - PASSED: Separated Chips button present on the screen

2022-06-29 16:09:33 - [TEST_STEP][PASSED] - if (waitForElementPresent(Divorced, 30)): null

2022-06-29 16:09:34 - [MESSAGE][PASSED] - Element 'Object Repository/Relationship/Divorced' is present

2022-06-29 16:09:34 - [TEST_STEP][PASSED] - tap(Divorced, 30): Tapped on element 'Object Repository/Relationship/Divorced'

2022-06-29 16:09:34 - [MESSAGE][PASSED] - Tapped on element 'Object Repository/Relationship/Divorced'

2022-06-29 16:09:34 - [TEST_STEP][PASSED] - markPassed("PASSED: Divorced Chips button present on the screen"): PASSED: Divorced Chips button present on the screen

2022-06-29 16:09:34 - [MESSAGE][PASSED] - PASSED: Divorced Chips button present on the screen

2022-06-29 16:09:34 - [TEST_STEP][PASSED] - if (waitForElementPresent(Widowed, 30)): null

2022-06-29 16:09:35 - [MESSAGE][PASSED] - Element 'Object Repository/Relationship/Widowed' is present

2022-06-29 16:09:35 - [TEST_STEP][PASSED] - tap(Widowed, 30): Tapped on element 'Object Repository/Relationship/Widowed'

2022-06-29 16:09:35 - [MESSAGE][PASSED] - Tapped on element 'Object Repository/Relationship/Widowed'

2022-06-29 16:09:35 - [TEST_STEP][PASSED] - markPassed("PASSED: Widowed Chips button present on the screen"): PASSED: Widowed Chips button present on the screen

2022-06-29 16:09:35 - [MESSAGE][PASSED] - PASSED: Widowed Chips button present on the screen

2022-06-29 16:09:35 - [TEST_STEP][PASSED] - if (waitForElementPresent(D_inProgress, 30)): null

2022-06-29 16:09:36 - [MESSAGE][PASSED] - Element 'Object Repository/Relationship/Divorce in Progress' is present

2022-06-29 16:09:36 - [TEST_STEP][PASSED] - tap(D_inProgress, 30): Tapped on element 'Object Repository/Relationship/Divorce in Progress'

2022-06-29 16:09:36 - [MESSAGE][PASSED] - Tapped on element 'Object Repository/Relationship/Divorce in Progress'

2022-06-29 16:09:36 - [TEST_STEP][PASSED] - markPassed("PASSED: Divorce in Progress Chips button present on the screen"): PASSED: Divorce in Progress Chips button present on the screen

2022-06-29 16:09:36 - [MESSAGE][PASSED] - PASSED: Divorce in Progress Chips button present on the screen

2022-06-29 16:09:36 - [TEST_STEP][PASSED] - if (waitForElementPresent(Continue, 30)): null

2022-06-29 16:09:37 - [MESSAGE][PASSED] - Element 'Object Repository/Relationship/Continue Button' is present

2022-06-29 16:09:37 - [TEST_STEP][PASSED] - tap(Continue, 30): Tapped on element 'Object Repository/Relationship/Continue Button'

2022-06-29 16:09:37 - [MESSAGE][PASSED] - Tapped on element 'Object Repository/Relationship/Continue Button'

2022-06-29 16:09:37 - [TEST_STEP][PASSED] - markPassed("PASSED: Continue button present on the screen"): PASSED: Continue button present on the screen

2022-06-29 16:09:37 - [MESSAGE][PASSED] - PASSED: Continue button present on the screen]]></system-out>
         <system-err><![CDATA[]]></system-err>
      </testcase>
      <testcase name="Test Cases/testing/Family Plan" time="9.004" classname="Test Cases/testing/Family Plan" status="PASSED">
         <system-out><![CDATA[2022-06-29 16:09:37 - [TEST_CASE][PASSED] - Test Cases/testing/Family Plan: Test Cases/testing/Family Plan

2022-06-29 16:09:38 - [TEST_STEP][PASSED] - if (waitForElementPresent(Back, 30)): null

2022-06-29 16:09:39 - [MESSAGE][PASSED] - Element 'Object Repository/Family plan/Back' is present

2022-06-29 16:09:39 - [TEST_STEP][PASSED] - markPassed("PASSED: Back button present on the screen"): PASSED: Back button present on the screen

2022-06-29 16:09:39 - [MESSAGE][PASSED] - PASSED: Back button present on the screen

2022-06-29 16:09:39 - [TEST_STEP][PASSED] - if (waitForElementPresent(Smile_Icon, 30)): null

2022-06-29 16:09:40 - [MESSAGE][PASSED] - Element 'Object Repository/Family plan/Face icon' is present

2022-06-29 16:09:40 - [TEST_STEP][PASSED] - markPassed("PASSED: Smile Icon present on the screen"): PASSED: Smile Icon present on the screen

2022-06-29 16:09:40 - [MESSAGE][PASSED] - PASSED: Smile Icon present on the screen

2022-06-29 16:09:40 - [TEST_STEP][PASSED] - if (waitForElementPresent(Whats, 30)): null

2022-06-29 16:09:40 - [MESSAGE][PASSED] - Element 'Object Repository/Family plan/What are your thoughts on children label text' is present

2022-06-29 16:09:40 - [TEST_STEP][PASSED] - markPassed("PASSED: Whats are... label text present on the screen"): PASSED: Whats are... label text present on the screen

2022-06-29 16:09:40 - [MESSAGE][PASSED] - PASSED: Whats are... label text present on the screen

2022-06-29 16:09:40 - [TEST_STEP][PASSED] - if (waitForElementPresent(Do, 30)): null

2022-06-29 16:09:40 - [MESSAGE][PASSED] - Element 'Object Repository/Family plan/Do you have children label text' is present

2022-06-29 16:09:40 - [TEST_STEP][PASSED] - tap(Do, 30): Tapped on element 'Object Repository/Family plan/Do you have children label text'

2022-06-29 16:09:40 - [MESSAGE][PASSED] - Tapped on element 'Object Repository/Family plan/Do you have children label text'

2022-06-29 16:09:40 - [TEST_STEP][PASSED] - markPassed("PASSED: Do you... label text present on the screen"): PASSED: Do you... label text present on the screen

2022-06-29 16:09:40 - [MESSAGE][PASSED] - PASSED: Do you... label text present on the screen

2022-06-29 16:09:40 - [TEST_STEP][PASSED] - if (waitForElementPresent(I_dont, 30)): null

2022-06-29 16:09:41 - [MESSAGE][PASSED] - Element 'Object Repository/Family plan/I dont have Children chips' is present

2022-06-29 16:09:41 - [TEST_STEP][PASSED] - tap(I_dont, 30): Tapped on element 'Object Repository/Family plan/I dont have Children chips'

2022-06-29 16:09:41 - [MESSAGE][PASSED] - Tapped on element 'Object Repository/Family plan/I dont have Children chips'

2022-06-29 16:09:41 - [TEST_STEP][PASSED] - markPassed("PASSED: I dont have Children Chips button present on the screen"): PASSED: I dont have Children Chips button present on the screen

2022-06-29 16:09:41 - [MESSAGE][PASSED] - PASSED: I dont have Children Chips button present on the screen

2022-06-29 16:09:41 - [TEST_STEP][PASSED] - if (waitForElementPresent(I_have, 30)): null

2022-06-29 16:09:41 - [MESSAGE][PASSED] - Element 'Object Repository/Family plan/I have Children Chips' is present

2022-06-29 16:09:41 - [TEST_STEP][PASSED] - tap(I_have, 30): Tapped on element 'Object Repository/Family plan/I have Children Chips'

2022-06-29 16:09:42 - [MESSAGE][PASSED] - Tapped on element 'Object Repository/Family plan/I have Children Chips'

2022-06-29 16:09:42 - [TEST_STEP][PASSED] - markPassed("PASSED: I have Children Chips button present on the screen"): PASSED: I have Children Chips button present on the screen

2022-06-29 16:09:42 - [MESSAGE][PASSED] - PASSED: I have Children Chips button present on the screen

2022-06-29 16:09:42 - [TEST_STEP][PASSED] - if (waitForElementPresent(What_are, 30)): null

2022-06-29 16:09:42 - [MESSAGE][PASSED] - Element 'Object Repository/Family plan/What are your family plans label text' is present

2022-06-29 16:09:42 - [TEST_STEP][PASSED] - tap(What_are, 30): Tapped on element 'Object Repository/Family plan/What are your family plans label text'

2022-06-29 16:09:43 - [MESSAGE][PASSED] - Tapped on element 'Object Repository/Family plan/What are your family plans label text'

2022-06-29 16:09:43 - [TEST_STEP][PASSED] - markPassed("PASSED: What are Your Family plans label text present on the screen"): PASSED: What are Your Family plans label text present on the screen

2022-06-29 16:09:43 - [MESSAGE][PASSED] - PASSED: What are Your Family plans label text present on the screen

2022-06-29 16:09:43 - [TEST_STEP][PASSED] - if (waitForElementPresent(I_dont_have, 30)): null

2022-06-29 16:09:43 - [MESSAGE][PASSED] - Element 'Object Repository/Family plan/I dont want Children chips' is present

2022-06-29 16:09:43 - [TEST_STEP][PASSED] - tap(I_dont_have, 30): Tapped on element 'Object Repository/Family plan/I dont want Children chips'

2022-06-29 16:09:43 - [MESSAGE][PASSED] - Tapped on element 'Object Repository/Family plan/I dont want Children chips'

2022-06-29 16:09:43 - [TEST_STEP][PASSED] - markPassed("PASSED:  I dont want children Chips button present on the screen"): PASSED:  I dont want children Chips button present on the screen

2022-06-29 16:09:43 - [MESSAGE][PASSED] - PASSED:  I dont want children Chips button present on the screen

2022-06-29 16:09:43 - [TEST_STEP][PASSED] - if (waitForElementPresent(Open_to, 30)): null

2022-06-29 16:09:44 - [MESSAGE][PASSED] - Element 'Object Repository/Family plan/I m open to Children' is present

2022-06-29 16:09:44 - [TEST_STEP][PASSED] - tap(Open_to, 30): Tapped on element 'Object Repository/Family plan/I m open to Children'

2022-06-29 16:09:44 - [MESSAGE][PASSED] - Tapped on element 'Object Repository/Family plan/I m open to Children'

2022-06-29 16:09:44 - [TEST_STEP][PASSED] - markPassed("PASSED: I m open to children Chips button present on the screen"): PASSED: I m open to children Chips button present on the screen

2022-06-29 16:09:44 - [MESSAGE][PASSED] - PASSED: I m open to children Chips button present on the screen

2022-06-29 16:09:44 - [TEST_STEP][PASSED] - if (waitForElementPresent(Want_children, 30)): null

2022-06-29 16:09:45 - [MESSAGE][PASSED] - Element 'Object Repository/Family plan/I want Children Chips' is present

2022-06-29 16:09:45 - [TEST_STEP][PASSED] - tap(Want_children, 30): Tapped on element 'Object Repository/Family plan/I want Children Chips'

2022-06-29 16:09:45 - [MESSAGE][PASSED] - Tapped on element 'Object Repository/Family plan/I want Children Chips'

2022-06-29 16:09:45 - [TEST_STEP][PASSED] - markPassed("PASSED: I want Children Chips button present on the screen"): PASSED: I want Children Chips button present on the screen

2022-06-29 16:09:45 - [MESSAGE][PASSED] - PASSED: I want Children Chips button present on the screen

2022-06-29 16:09:45 - [TEST_STEP][PASSED] - if (waitForElementPresent(Continue, 30)): null

2022-06-29 16:09:46 - [MESSAGE][PASSED] - Element 'Object Repository/Family plan/Continue Button' is present

2022-06-29 16:09:46 - [TEST_STEP][PASSED] - tap(Continue, 30): Tapped on element 'Object Repository/Family plan/Continue Button'

2022-06-29 16:09:46 - [MESSAGE][PASSED] - Tapped on element 'Object Repository/Family plan/Continue Button'

2022-06-29 16:09:46 - [TEST_STEP][PASSED] - markPassed("PASSED: Continue button present on the screen"): PASSED: Continue button present on the screen

2022-06-29 16:09:46 - [MESSAGE][PASSED] - PASSED: Continue button present on the screen]]></system-out>
         <system-err><![CDATA[]]></system-err>
      </testcase>
      <testcase name="Test Cases/testing/Education" time="8.682" classname="Test Cases/testing/Education" status="PASSED">
         <system-out><![CDATA[2022-06-29 16:09:46 - [TEST_CASE][PASSED] - Test Cases/testing/Education: Test Cases/testing/Education

2022-06-29 16:09:47 - [TEST_STEP][PASSED] - if (waitForElementPresent(Back, 30)): null

2022-06-29 16:09:49 - [MESSAGE][PASSED] - Element 'Object Repository/Education/Back Button' is present

2022-06-29 16:09:49 - [TEST_STEP][PASSED] - markPassed("PASSED: Back button present on the screen"): PASSED: Back button present on the screen

2022-06-29 16:09:49 - [MESSAGE][PASSED] - PASSED: Back button present on the screen

2022-06-29 16:09:49 - [TEST_STEP][PASSED] - if (waitForElementPresent(Edu_hut_Icon, 30)): null

2022-06-29 16:09:49 - [MESSAGE][PASSED] - Element 'Object Repository/Education/Hat icon' is present

2022-06-29 16:09:49 - [TEST_STEP][PASSED] - markPassed("PASSED: Hat Icon present on the screen"): PASSED: Hat Icon present on the screen

2022-06-29 16:09:49 - [MESSAGE][PASSED] - PASSED: Hat Icon present on the screen

2022-06-29 16:09:49 - [TEST_STEP][PASSED] - if (waitForElementPresent(Whats, 30)): null

2022-06-29 16:09:49 - [MESSAGE][PASSED] - Element 'Object Repository/Education/Whats your education background label text' is present

2022-06-29 16:09:49 - [TEST_STEP][PASSED] - markPassed("PASSED: Whats your... label text present on the screen"): PASSED: Whats your... label text present on the screen

2022-06-29 16:09:49 - [MESSAGE][PASSED] - PASSED: Whats your... label text present on the screen

2022-06-29 16:09:49 - [TEST_STEP][PASSED] - if (waitForElementPresent(Some, 30)): null

2022-06-29 16:09:50 - [MESSAGE][PASSED] - Element 'Object Repository/Education/Some college Chips' is present

2022-06-29 16:09:50 - [TEST_STEP][PASSED] - tap(Some, 30): Tapped on element 'Object Repository/Education/Some college Chips'

2022-06-29 16:09:50 - [MESSAGE][PASSED] - Tapped on element 'Object Repository/Education/Some college Chips'

2022-06-29 16:09:50 - [TEST_STEP][PASSED] - markPassed("PASSED: Some College Chips button present on the screen"): PASSED: Some College Chips button present on the screen

2022-06-29 16:09:50 - [MESSAGE][PASSED] - PASSED: Some College Chips button present on the screen

2022-06-29 16:09:50 - [TEST_STEP][PASSED] - if (waitForElementPresent(PHD, 30)): null

2022-06-29 16:09:51 - [MESSAGE][PASSED] - Element 'Object Repository/Education/Phd Doctoral Chips' is present

2022-06-29 16:09:51 - [TEST_STEP][PASSED] - tap(PHD, 30): Tapped on element 'Object Repository/Education/Phd Doctoral Chips'

2022-06-29 16:09:51 - [MESSAGE][PASSED] - Tapped on element 'Object Repository/Education/Phd Doctoral Chips'

2022-06-29 16:09:51 - [TEST_STEP][PASSED] - markPassed("PASSED: PHD/Doctoral Chips button present on the screen"): PASSED: PHD/Doctoral Chips button present on the screen

2022-06-29 16:09:51 - [MESSAGE][PASSED] - PASSED: PHD/Doctoral Chips button present on the screen

2022-06-29 16:09:51 - [TEST_STEP][PASSED] - if (waitForElementPresent(High, 30)): null

2022-06-29 16:09:52 - [MESSAGE][PASSED] - Element 'Object Repository/Education/HS Diploma Chips' is present

2022-06-29 16:09:52 - [TEST_STEP][PASSED] - tap(High, 30): Tapped on element 'Object Repository/Education/HS Diploma Chips'

2022-06-29 16:09:52 - [MESSAGE][PASSED] - Tapped on element 'Object Repository/Education/HS Diploma Chips'

2022-06-29 16:09:52 - [TEST_STEP][PASSED] - markPassed("PASSED: High School Diploma Chips button present on the screen"): PASSED: High School Diploma Chips button present on the screen

2022-06-29 16:09:52 - [MESSAGE][PASSED] - PASSED: High School Diploma Chips button present on the screen

2022-06-29 16:09:52 - [TEST_STEP][PASSED] - if (waitForElementPresent(College, 30)): null

2022-06-29 16:09:53 - [MESSAGE][PASSED] - Element 'Object Repository/Education/College Degree Chips' is present

2022-06-29 16:09:53 - [TEST_STEP][PASSED] - tap(College, 30): Tapped on element 'Object Repository/Education/College Degree Chips'

2022-06-29 16:09:53 - [MESSAGE][PASSED] - Tapped on element 'Object Repository/Education/College Degree Chips'

2022-06-29 16:09:53 - [TEST_STEP][PASSED] - markPassed("PASSED: College Degree Chips button present on the screen"): PASSED: College Degree Chips button present on the screen

2022-06-29 16:09:53 - [MESSAGE][PASSED] - PASSED: College Degree Chips button present on the screen

2022-06-29 16:09:53 - [TEST_STEP][PASSED] - if (waitForElementPresent(Graduate, 30)): null

2022-06-29 16:09:54 - [MESSAGE][PASSED] - Element 'Object Repository/Education/Graduate Professtional Degree Chips' is present

2022-06-29 16:09:54 - [TEST_STEP][PASSED] - tap(Graduate, 30): Tapped on element 'Object Repository/Education/Graduate Professtional Degree Chips'

2022-06-29 16:09:54 - [MESSAGE][PASSED] - Tapped on element 'Object Repository/Education/Graduate Professtional Degree Chips'

2022-06-29 16:09:54 - [TEST_STEP][PASSED] - markPassed("PASSED: Graduate Professional Degree Chips button present on the screen"): PASSED: Graduate Professional Degree Chips button present on the screen

2022-06-29 16:09:54 - [MESSAGE][PASSED] - PASSED: Graduate Professional Degree Chips button present on the screen

2022-06-29 16:09:54 - [TEST_STEP][PASSED] - if (waitForElementPresent(Continue, 30)): null

2022-06-29 16:09:55 - [MESSAGE][PASSED] - Element 'Object Repository/Education/Continue' is present

2022-06-29 16:09:55 - [TEST_STEP][PASSED] - tap(Continue, 30): Tapped on element 'Object Repository/Education/Continue'

2022-06-29 16:09:55 - [MESSAGE][PASSED] - Tapped on element 'Object Repository/Education/Continue'

2022-06-29 16:09:55 - [TEST_STEP][PASSED] - markPassed("PASSED: Continue button present on the screen"): PASSED: Continue button present on the screen

2022-06-29 16:09:55 - [MESSAGE][PASSED] - PASSED: Continue button present on the screen]]></system-out>
         <system-err><![CDATA[]]></system-err>
      </testcase>
      <testcase name="Test Cases/testing/Vices" time="1.032" classname="Test Cases/testing/Vices" status="FAILED">
         <failure type="FAILED" message="Test Cases/testing/Vices FAILED.
Reason:
com.kms.katalon.core.exception.StepFailedException: Failed to wait for element ''{0}'' present (Root cause: java.lang.IllegalArgumentException: Object is null
	at com.kms.katalon.core.helper.KeywordHelper.checkTestObjectParameter(KeywordHelper.java:33)
	at com.kms.katalon.core.mobile.keyword.builtin.WaitForElementPresentKeyword$_waitForElementPresent_closure1.doCall(WaitForElementPresentKeyword.groovy:70)
	at com.kms.katalon.core.mobile.keyword.builtin.WaitForElementPresentKeyword$_waitForElementPresent_closure1.call(WaitForElementPresentKeyword.groovy)
	at com.kms.katalon.core.mobile.keyword.internal.MobileKeywordMain.runKeyword(MobileKeywordMain.groovy:21)
	at com.kms.katalon.core.mobile.keyword.builtin.WaitForElementPresentKeyword.waitForElementPresent(WaitForElementPresentKeyword.groovy:80)
	at com.kms.katalon.core.mobile.keyword.builtin.WaitForElementPresentKeyword.execute(WaitForElementPresentKeyword.groovy:64)
	at com.kms.katalon.core.keyword.internal.KeywordExecutor.executeKeywordForPlatform(KeywordExecutor.groovy:74)
	at com.kms.katalon.core.mobile.keyword.MobileBuiltInKeywords.waitForElementPresent(MobileBuiltInKeywords.groovy:1689)
	at com.kms.katalon.core.mobile.keyword.MobileBuiltInKeywords$waitForElementPresent$0.call(Unknown Source)
	at Vices.run(Vices:21)
	at com.kms.katalon.core.main.ScriptEngine.run(ScriptEngine.java:194)
	at com.kms.katalon.core.main.ScriptEngine.runScriptAsRawText(ScriptEngine.java:119)
	at com.kms.katalon.core.main.TestCaseExecutor.runScript(TestCaseExecutor.java:445)
	at com.kms.katalon.core.main.TestCaseExecutor.doExecute(TestCaseExecutor.java:436)
	at com.kms.katalon.core.main.TestCaseExecutor.processExecutionPhase(TestCaseExecutor.java:415)
	at com.kms.katalon.core.main.TestCaseExecutor.accessMainPhase(TestCaseExecutor.java:407)
	at com.kms.katalon.core.main.TestCaseExecutor.execute(TestCaseExecutor.java:284)
	at com.kms.katalon.core.main.TestCaseExecutor.execute(TestCaseExecutor.java:366)
	at com.kms.katalon.core.main.TestCaseExecutor.execute(TestCaseExecutor.java:366)
	at com.kms.katalon.core.main.TestCaseExecutor.execute(TestCaseExecutor.java:366)
	at com.kms.katalon.core.common.CommonExecutor.accessTestCaseMainPhase(CommonExecutor.java:65)
	at com.kms.katalon.core.main.TestSuiteExecutor.accessTestSuiteMainPhase(TestSuiteExecutor.java:144)
	at com.kms.katalon.core.main.TestSuiteExecutor.execute(TestSuiteExecutor.java:106)
	at com.kms.katalon.core.main.TestCaseMain.startTestSuite(TestCaseMain.java:185)
	at com.kms.katalon.core.main.TestCaseMain$startTestSuite$0.call(Unknown Source)
	at TempTestSuite1656500802037.run(TempTestSuite1656500802037.groovy:36)
)
	at com.kms.katalon.core.keyword.internal.KeywordMain.stepFailed(KeywordMain.groovy:50)
	at com.kms.katalon.core.mobile.keyword.internal.MobileKeywordMain.stepFailed(MobileKeywordMain.groovy:40)
	at com.kms.katalon.core.mobile.keyword.internal.MobileKeywordMain.runKeyword(MobileKeywordMain.groovy:23)
	at com.kms.katalon.core.mobile.keyword.builtin.WaitForElementPresentKeyword.waitForElementPresent(WaitForElementPresentKeyword.groovy:80)
	at com.kms.katalon.core.mobile.keyword.builtin.WaitForElementPresentKeyword.execute(WaitForElementPresentKeyword.groovy:64)
	at com.kms.katalon.core.keyword.internal.KeywordExecutor.executeKeywordForPlatform(KeywordExecutor.groovy:74)
	at com.kms.katalon.core.mobile.keyword.MobileBuiltInKeywords.waitForElementPresent(MobileBuiltInKeywords.groovy:1689)
	at com.kms.katalon.core.mobile.keyword.MobileBuiltInKeywords$waitForElementPresent$0.call(Unknown Source)
	at Vices.run(Vices:21)
	at com.kms.katalon.core.main.ScriptEngine.run(ScriptEngine.java:194)
	at com.kms.katalon.core.main.ScriptEngine.runScriptAsRawText(ScriptEngine.java:119)
	at com.kms.katalon.core.main.TestCaseExecutor.runScript(TestCaseExecutor.java:445)
	at com.kms.katalon.core.main.TestCaseExecutor.doExecute(TestCaseExecutor.java:436)
	at com.kms.katalon.core.main.TestCaseExecutor.processExecutionPhase(TestCaseExecutor.java:415)
	at com.kms.katalon.core.main.TestCaseExecutor.accessMainPhase(TestCaseExecutor.java:407)
	at com.kms.katalon.core.main.TestCaseExecutor.execute(TestCaseExecutor.java:284)
	at com.kms.katalon.core.main.TestCaseExecutor.execute(TestCaseExecutor.java:366)
	at com.kms.katalon.core.main.TestCaseExecutor.execute(TestCaseExecutor.java:366)
	at com.kms.katalon.core.main.TestCaseExecutor.execute(TestCaseExecutor.java:366)
	at com.kms.katalon.core.common.CommonExecutor.accessTestCaseMainPhase(CommonExecutor.java:65)
	at com.kms.katalon.core.main.TestSuiteExecutor.accessTestSuiteMainPhase(TestSuiteExecutor.java:144)
	at com.kms.katalon.core.main.TestSuiteExecutor.execute(TestSuiteExecutor.java:106)
	at com.kms.katalon.core.main.TestCaseMain.startTestSuite(TestCaseMain.java:185)
	at com.kms.katalon.core.main.TestCaseMain$startTestSuite$0.call(Unknown Source)
	at TempTestSuite1656500802037.run(TempTestSuite1656500802037.groovy:36)
Caused by: java.lang.IllegalArgumentException: Object is null
	at com.kms.katalon.core.helper.KeywordHelper.checkTestObjectParameter(KeywordHelper.java:33)
	at com.kms.katalon.core.mobile.keyword.builtin.WaitForElementPresentKeyword$_waitForElementPresent_closure1.doCall(WaitForElementPresentKeyword.groovy:70)
	at com.kms.katalon.core.mobile.keyword.builtin.WaitForElementPresentKeyword$_waitForElementPresent_closure1.call(WaitForElementPresentKeyword.groovy)
	at com.kms.katalon.core.mobile.keyword.internal.MobileKeywordMain.runKeyword(MobileKeywordMain.groovy:21)
	... 22 more
"/>
         <system-out><![CDATA[2022-06-29 16:09:58 - [TEST_CASE][FAILED] - Test Cases/testing/Vices: Test Cases/testing/Vices FAILED.
Reason:
com.kms.katalon.core.exception.StepFailedException: Failed to wait for element ''{0}'' present (Root cause: java.lang.IllegalArgumentException: Object is null
	at com.kms.katalon.core.helper.KeywordHelper.checkTestObjectParameter(KeywordHelper.java:33)
	at com.kms.katalon.core.mobile.keyword.builtin.WaitForElementPresentKeyword$_waitForElementPresent_closure1.doCall(WaitForElementPresentKeyword.groovy:70)
	at com.kms.katalon.core.mobile.keyword.builtin.WaitForElementPresentKeyword$_waitForElementPresent_closure1.call(WaitForElementPresentKeyword.groovy)
	at com.kms.katalon.core.mobile.keyword.internal.MobileKeywordMain.runKeyword(MobileKeywordMain.groovy:21)
	at com.kms.katalon.core.mobile.keyword.builtin.WaitForElementPresentKeyword.waitForElementPresent(WaitForElementPresentKeyword.groovy:80)
	at com.kms.katalon.core.mobile.keyword.builtin.WaitForElementPresentKeyword.execute(WaitForElementPresentKeyword.groovy:64)
	at com.kms.katalon.core.keyword.internal.KeywordExecutor.executeKeywordForPlatform(KeywordExecutor.groovy:74)
	at com.kms.katalon.core.mobile.keyword.MobileBuiltInKeywords.waitForElementPresent(MobileBuiltInKeywords.groovy:1689)
	at com.kms.katalon.core.mobile.keyword.MobileBuiltInKeywords$waitForElementPresent$0.call(Unknown Source)
	at Vices.run(Vices:21)
	at com.kms.katalon.core.main.ScriptEngine.run(ScriptEngine.java:194)
	at com.kms.katalon.core.main.ScriptEngine.runScriptAsRawText(ScriptEngine.java:119)
	at com.kms.katalon.core.main.TestCaseExecutor.runScript(TestCaseExecutor.java:445)
	at com.kms.katalon.core.main.TestCaseExecutor.doExecute(TestCaseExecutor.java:436)
	at com.kms.katalon.core.main.TestCaseExecutor.processExecutionPhase(TestCaseExecutor.java:415)
	at com.kms.katalon.core.main.TestCaseExecutor.accessMainPhase(TestCaseExecutor.java:407)
	at com.kms.katalon.core.main.TestCaseExecutor.execute(TestCaseExecutor.java:284)
	at com.kms.katalon.core.main.TestCaseExecutor.execute(TestCaseExecutor.java:366)
	at com.kms.katalon.core.main.TestCaseExecutor.execute(TestCaseExecutor.java:366)
	at com.kms.katalon.core.main.TestCaseExecutor.execute(TestCaseExecutor.java:366)
	at com.kms.katalon.core.common.CommonExecutor.accessTestCaseMainPhase(CommonExecutor.java:65)
	at com.kms.katalon.core.main.TestSuiteExecutor.accessTestSuiteMainPhase(TestSuiteExecutor.java:144)
	at com.kms.katalon.core.main.TestSuiteExecutor.execute(TestSuiteExecutor.java:106)
	at com.kms.katalon.core.main.TestCaseMain.startTestSuite(TestCaseMain.java:185)
	at com.kms.katalon.core.main.TestCaseMain$startTestSuite$0.call(Unknown Source)
	at TempTestSuite1656500802037.run(TempTestSuite1656500802037.groovy:36)
)
	at com.kms.katalon.core.keyword.internal.KeywordMain.stepFailed(KeywordMain.groovy:50)
	at com.kms.katalon.core.mobile.keyword.internal.MobileKeywordMain.stepFailed(MobileKeywordMain.groovy:40)
	at com.kms.katalon.core.mobile.keyword.internal.MobileKeywordMain.runKeyword(MobileKeywordMain.groovy:23)
	at com.kms.katalon.core.mobile.keyword.builtin.WaitForElementPresentKeyword.waitForElementPresent(WaitForElementPresentKeyword.groovy:80)
	at com.kms.katalon.core.mobile.keyword.builtin.WaitForElementPresentKeyword.execute(WaitForElementPresentKeyword.groovy:64)
	at com.kms.katalon.core.keyword.internal.KeywordExecutor.executeKeywordForPlatform(KeywordExecutor.groovy:74)
	at com.kms.katalon.core.mobile.keyword.MobileBuiltInKeywords.waitForElementPresent(MobileBuiltInKeywords.groovy:1689)
	at com.kms.katalon.core.mobile.keyword.MobileBuiltInKeywords$waitForElementPresent$0.call(Unknown Source)
	at Vices.run(Vices:21)
	at com.kms.katalon.core.main.ScriptEngine.run(ScriptEngine.java:194)
	at com.kms.katalon.core.main.ScriptEngine.runScriptAsRawText(ScriptEngine.java:119)
	at com.kms.katalon.core.main.TestCaseExecutor.runScript(TestCaseExecutor.java:445)
	at com.kms.katalon.core.main.TestCaseExecutor.doExecute(TestCaseExecutor.java:436)
	at com.kms.katalon.core.main.TestCaseExecutor.processExecutionPhase(TestCaseExecutor.java:415)
	at com.kms.katalon.core.main.TestCaseExecutor.accessMainPhase(TestCaseExecutor.java:407)
	at com.kms.katalon.core.main.TestCaseExecutor.execute(TestCaseExecutor.java:284)
	at com.kms.katalon.core.main.TestCaseExecutor.execute(TestCaseExecutor.java:366)
	at com.kms.katalon.core.main.TestCaseExecutor.execute(TestCaseExecutor.java:366)
	at com.kms.katalon.core.main.TestCaseExecutor.execute(TestCaseExecutor.java:366)
	at com.kms.katalon.core.common.CommonExecutor.accessTestCaseMainPhase(CommonExecutor.java:65)
	at com.kms.katalon.core.main.TestSuiteExecutor.accessTestSuiteMainPhase(TestSuiteExecutor.java:144)
	at com.kms.katalon.core.main.TestSuiteExecutor.execute(TestSuiteExecutor.java:106)
	at com.kms.katalon.core.main.TestCaseMain.startTestSuite(TestCaseMain.java:185)
	at com.kms.katalon.core.main.TestCaseMain$startTestSuite$0.call(Unknown Source)
	at TempTestSuite1656500802037.run(TempTestSuite1656500802037.groovy:36)
Caused by: java.lang.IllegalArgumentException: Object is null
	at com.kms.katalon.core.helper.KeywordHelper.checkTestObjectParameter(KeywordHelper.java:33)
	at com.kms.katalon.core.mobile.keyword.builtin.WaitForElementPresentKeyword$_waitForElementPresent_closure1.doCall(WaitForElementPresentKeyword.groovy:70)
	at com.kms.katalon.core.mobile.keyword.builtin.WaitForElementPresentKeyword$_waitForElementPresent_closure1.call(WaitForElementPresentKeyword.groovy)
	at com.kms.katalon.core.mobile.keyword.internal.MobileKeywordMain.runKeyword(MobileKeywordMain.groovy:21)
	... 22 more


2022-06-29 16:09:59 - [TEST_STEP][FAILED] - if (waitForElementPresent(Back, 30)): Failed to wait for element ''{0}'' present (Root cause: java.lang.IllegalArgumentException: Object is null
	at com.kms.katalon.core.helper.KeywordHelper.checkTestObjectParameter(KeywordHelper.java:33)
	at com.kms.katalon.core.mobile.keyword.builtin.WaitForElementPresentKeyword$_waitForElementPresent_closure1.doCall(WaitForElementPresentKeyword.groovy:70)
	at com.kms.katalon.core.mobile.keyword.builtin.WaitForElementPresentKeyword$_waitForElementPresent_closure1.call(WaitForElementPresentKeyword.groovy)
	at com.kms.katalon.core.mobile.keyword.internal.MobileKeywordMain.runKeyword(MobileKeywordMain.groovy:21)
	at com.kms.katalon.core.mobile.keyword.builtin.WaitForElementPresentKeyword.waitForElementPresent(WaitForElementPresentKeyword.groovy:80)
	at com.kms.katalon.core.mobile.keyword.builtin.WaitForElementPresentKeyword.execute(WaitForElementPresentKeyword.groovy:64)
	at com.kms.katalon.core.keyword.internal.KeywordExecutor.executeKeywordForPlatform(KeywordExecutor.groovy:74)
	at com.kms.katalon.core.mobile.keyword.MobileBuiltInKeywords.waitForElementPresent(MobileBuiltInKeywords.groovy:1689)
	at com.kms.katalon.core.mobile.keyword.MobileBuiltInKeywords$waitForElementPresent$0.call(Unknown Source)
	at Vices.run(Vices:21)
	at com.kms.katalon.core.main.ScriptEngine.run(ScriptEngine.java:194)
	at com.kms.katalon.core.main.ScriptEngine.runScriptAsRawText(ScriptEngine.java:119)
	at com.kms.katalon.core.main.TestCaseExecutor.runScript(TestCaseExecutor.java:445)
	at com.kms.katalon.core.main.TestCaseExecutor.doExecute(TestCaseExecutor.java:436)
	at com.kms.katalon.core.main.TestCaseExecutor.processExecutionPhase(TestCaseExecutor.java:415)
	at com.kms.katalon.core.main.TestCaseExecutor.accessMainPhase(TestCaseExecutor.java:407)
	at com.kms.katalon.core.main.TestCaseExecutor.execute(TestCaseExecutor.java:284)
	at com.kms.katalon.core.main.TestCaseExecutor.execute(TestCaseExecutor.java:366)
	at com.kms.katalon.core.main.TestCaseExecutor.execute(TestCaseExecutor.java:366)
	at com.kms.katalon.core.main.TestCaseExecutor.execute(TestCaseExecutor.java:366)
	at com.kms.katalon.core.common.CommonExecutor.accessTestCaseMainPhase(CommonExecutor.java:65)
	at com.kms.katalon.core.main.TestSuiteExecutor.accessTestSuiteMainPhase(TestSuiteExecutor.java:144)
	at com.kms.katalon.core.main.TestSuiteExecutor.execute(TestSuiteExecutor.java:106)
	at com.kms.katalon.core.main.TestCaseMain.startTestSuite(TestCaseMain.java:185)
	at com.kms.katalon.core.main.TestCaseMain$startTestSuite$0.call(Unknown Source)
	at TempTestSuite1656500802037.run(TempTestSuite1656500802037.groovy:36)
)

2022-06-29 16:09:59 - [MESSAGE][WARNING] - Test object with id 'Object Repository/' does not exist

2022-06-29 16:09:59 - [MESSAGE][FAILED] - Failed to wait for element ''{0}'' present (Root cause: java.lang.IllegalArgumentException: Object is null
	at com.kms.katalon.core.helper.KeywordHelper.checkTestObjectParameter(KeywordHelper.java:33)
	at com.kms.katalon.core.mobile.keyword.builtin.WaitForElementPresentKeyword$_waitForElementPresent_closure1.doCall(WaitForElementPresentKeyword.groovy:70)
	at com.kms.katalon.core.mobile.keyword.builtin.WaitForElementPresentKeyword$_waitForElementPresent_closure1.call(WaitForElementPresentKeyword.groovy)
	at com.kms.katalon.core.mobile.keyword.internal.MobileKeywordMain.runKeyword(MobileKeywordMain.groovy:21)
	at com.kms.katalon.core.mobile.keyword.builtin.WaitForElementPresentKeyword.waitForElementPresent(WaitForElementPresentKeyword.groovy:80)
	at com.kms.katalon.core.mobile.keyword.builtin.WaitForElementPresentKeyword.execute(WaitForElementPresentKeyword.groovy:64)
	at com.kms.katalon.core.keyword.internal.KeywordExecutor.executeKeywordForPlatform(KeywordExecutor.groovy:74)
	at com.kms.katalon.core.mobile.keyword.MobileBuiltInKeywords.waitForElementPresent(MobileBuiltInKeywords.groovy:1689)
	at com.kms.katalon.core.mobile.keyword.MobileBuiltInKeywords$waitForElementPresent$0.call(Unknown Source)
	at Vices.run(Vices:21)
	at com.kms.katalon.core.main.ScriptEngine.run(ScriptEngine.java:194)
	at com.kms.katalon.core.main.ScriptEngine.runScriptAsRawText(ScriptEngine.java:119)
	at com.kms.katalon.core.main.TestCaseExecutor.runScript(TestCaseExecutor.java:445)
	at com.kms.katalon.core.main.TestCaseExecutor.doExecute(TestCaseExecutor.java:436)
	at com.kms.katalon.core.main.TestCaseExecutor.processExecutionPhase(TestCaseExecutor.java:415)
	at com.kms.katalon.core.main.TestCaseExecutor.accessMainPhase(TestCaseExecutor.java:407)
	at com.kms.katalon.core.main.TestCaseExecutor.execute(TestCaseExecutor.java:284)
	at com.kms.katalon.core.main.TestCaseExecutor.execute(TestCaseExecutor.java:366)
	at com.kms.katalon.core.main.TestCaseExecutor.execute(TestCaseExecutor.java:366)
	at com.kms.katalon.core.main.TestCaseExecutor.execute(TestCaseExecutor.java:366)
	at com.kms.katalon.core.common.CommonExecutor.accessTestCaseMainPhase(CommonExecutor.java:65)
	at com.kms.katalon.core.main.TestSuiteExecutor.accessTestSuiteMainPhase(TestSuiteExecutor.java:144)
	at com.kms.katalon.core.main.TestSuiteExecutor.execute(TestSuiteExecutor.java:106)
	at com.kms.katalon.core.main.TestCaseMain.startTestSuite(TestCaseMain.java:185)
	at com.kms.katalon.core.main.TestCaseMain$startTestSuite$0.call(Unknown Source)
	at TempTestSuite1656500802037.run(TempTestSuite1656500802037.groovy:36)
)
[[ATTACHMENT|/Users/pc/Documents/Katalon Studio/SpotLove_Stagging/Reports/20220629_160642/SpotLove Sanity/20220629_160642/1656500999097.png]]]]></system-out>
         <system-err><![CDATA[2022-06-29 16:09:58 - [TEST_CASE][FAILED] - Test Cases/testing/Vices: Test Cases/testing/Vices FAILED.
Reason:
com.kms.katalon.core.exception.StepFailedException: Failed to wait for element ''{0}'' present (Root cause: java.lang.IllegalArgumentException: Object is null
	at com.kms.katalon.core.helper.KeywordHelper.checkTestObjectParameter(KeywordHelper.java:33)
	at com.kms.katalon.core.mobile.keyword.builtin.WaitForElementPresentKeyword$_waitForElementPresent_closure1.doCall(WaitForElementPresentKeyword.groovy:70)
	at com.kms.katalon.core.mobile.keyword.builtin.WaitForElementPresentKeyword$_waitForElementPresent_closure1.call(WaitForElementPresentKeyword.groovy)
	at com.kms.katalon.core.mobile.keyword.internal.MobileKeywordMain.runKeyword(MobileKeywordMain.groovy:21)
	at com.kms.katalon.core.mobile.keyword.builtin.WaitForElementPresentKeyword.waitForElementPresent(WaitForElementPresentKeyword.groovy:80)
	at com.kms.katalon.core.mobile.keyword.builtin.WaitForElementPresentKeyword.execute(WaitForElementPresentKeyword.groovy:64)
	at com.kms.katalon.core.keyword.internal.KeywordExecutor.executeKeywordForPlatform(KeywordExecutor.groovy:74)
	at com.kms.katalon.core.mobile.keyword.MobileBuiltInKeywords.waitForElementPresent(MobileBuiltInKeywords.groovy:1689)
	at com.kms.katalon.core.mobile.keyword.MobileBuiltInKeywords$waitForElementPresent$0.call(Unknown Source)
	at Vices.run(Vices:21)
	at com.kms.katalon.core.main.ScriptEngine.run(ScriptEngine.java:194)
	at com.kms.katalon.core.main.ScriptEngine.runScriptAsRawText(ScriptEngine.java:119)
	at com.kms.katalon.core.main.TestCaseExecutor.runScript(TestCaseExecutor.java:445)
	at com.kms.katalon.core.main.TestCaseExecutor.doExecute(TestCaseExecutor.java:436)
	at com.kms.katalon.core.main.TestCaseExecutor.processExecutionPhase(TestCaseExecutor.java:415)
	at com.kms.katalon.core.main.TestCaseExecutor.accessMainPhase(TestCaseExecutor.java:407)
	at com.kms.katalon.core.main.TestCaseExecutor.execute(TestCaseExecutor.java:284)
	at com.kms.katalon.core.main.TestCaseExecutor.execute(TestCaseExecutor.java:366)
	at com.kms.katalon.core.main.TestCaseExecutor.execute(TestCaseExecutor.java:366)
	at com.kms.katalon.core.main.TestCaseExecutor.execute(TestCaseExecutor.java:366)
	at com.kms.katalon.core.common.CommonExecutor.accessTestCaseMainPhase(CommonExecutor.java:65)
	at com.kms.katalon.core.main.TestSuiteExecutor.accessTestSuiteMainPhase(TestSuiteExecutor.java:144)
	at com.kms.katalon.core.main.TestSuiteExecutor.execute(TestSuiteExecutor.java:106)
	at com.kms.katalon.core.main.TestCaseMain.startTestSuite(TestCaseMain.java:185)
	at com.kms.katalon.core.main.TestCaseMain$startTestSuite$0.call(Unknown Source)
	at TempTestSuite1656500802037.run(TempTestSuite1656500802037.groovy:36)
)
	at com.kms.katalon.core.keyword.internal.KeywordMain.stepFailed(KeywordMain.groovy:50)
	at com.kms.katalon.core.mobile.keyword.internal.MobileKeywordMain.stepFailed(MobileKeywordMain.groovy:40)
	at com.kms.katalon.core.mobile.keyword.internal.MobileKeywordMain.runKeyword(MobileKeywordMain.groovy:23)
	at com.kms.katalon.core.mobile.keyword.builtin.WaitForElementPresentKeyword.waitForElementPresent(WaitForElementPresentKeyword.groovy:80)
	at com.kms.katalon.core.mobile.keyword.builtin.WaitForElementPresentKeyword.execute(WaitForElementPresentKeyword.groovy:64)
	at com.kms.katalon.core.keyword.internal.KeywordExecutor.executeKeywordForPlatform(KeywordExecutor.groovy:74)
	at com.kms.katalon.core.mobile.keyword.MobileBuiltInKeywords.waitForElementPresent(MobileBuiltInKeywords.groovy:1689)
	at com.kms.katalon.core.mobile.keyword.MobileBuiltInKeywords$waitForElementPresent$0.call(Unknown Source)
	at Vices.run(Vices:21)
	at com.kms.katalon.core.main.ScriptEngine.run(ScriptEngine.java:194)
	at com.kms.katalon.core.main.ScriptEngine.runScriptAsRawText(ScriptEngine.java:119)
	at com.kms.katalon.core.main.TestCaseExecutor.runScript(TestCaseExecutor.java:445)
	at com.kms.katalon.core.main.TestCaseExecutor.doExecute(TestCaseExecutor.java:436)
	at com.kms.katalon.core.main.TestCaseExecutor.processExecutionPhase(TestCaseExecutor.java:415)
	at com.kms.katalon.core.main.TestCaseExecutor.accessMainPhase(TestCaseExecutor.java:407)
	at com.kms.katalon.core.main.TestCaseExecutor.execute(TestCaseExecutor.java:284)
	at com.kms.katalon.core.main.TestCaseExecutor.execute(TestCaseExecutor.java:366)
	at com.kms.katalon.core.main.TestCaseExecutor.execute(TestCaseExecutor.java:366)
	at com.kms.katalon.core.main.TestCaseExecutor.execute(TestCaseExecutor.java:366)
	at com.kms.katalon.core.common.CommonExecutor.accessTestCaseMainPhase(CommonExecutor.java:65)
	at com.kms.katalon.core.main.TestSuiteExecutor.accessTestSuiteMainPhase(TestSuiteExecutor.java:144)
	at com.kms.katalon.core.main.TestSuiteExecutor.execute(TestSuiteExecutor.java:106)
	at com.kms.katalon.core.main.TestCaseMain.startTestSuite(TestCaseMain.java:185)
	at com.kms.katalon.core.main.TestCaseMain$startTestSuite$0.call(Unknown Source)
	at TempTestSuite1656500802037.run(TempTestSuite1656500802037.groovy:36)
Caused by: java.lang.IllegalArgumentException: Object is null
	at com.kms.katalon.core.helper.KeywordHelper.checkTestObjectParameter(KeywordHelper.java:33)
	at com.kms.katalon.core.mobile.keyword.builtin.WaitForElementPresentKeyword$_waitForElementPresent_closure1.doCall(WaitForElementPresentKeyword.groovy:70)
	at com.kms.katalon.core.mobile.keyword.builtin.WaitForElementPresentKeyword$_waitForElementPresent_closure1.call(WaitForElementPresentKeyword.groovy)
	at com.kms.katalon.core.mobile.keyword.internal.MobileKeywordMain.runKeyword(MobileKeywordMain.groovy:21)
	... 22 more]]></system-err>
      </testcase>
      <testcase name="Test Cases/testing/Politices" time="11.59" classname="Test Cases/testing/Politices" status="PASSED">
         <system-out><![CDATA[2022-06-29 16:10:30 - [TEST_CASE][PASSED] - Test Cases/testing/Politices: Test Cases/testing/Politices

2022-06-29 16:10:30 - [TEST_STEP][PASSED] - if (waitForElementPresent(Back, 30)): null

2022-06-29 16:10:37 - [MESSAGE][PASSED] - Element 'Object Repository/Politics/Back' is present

2022-06-29 16:10:37 - [TEST_STEP][PASSED] - markPassed("PASSED: Back button present on the screen"): PASSED: Back button present on the screen

2022-06-29 16:10:37 - [MESSAGE][PASSED] - PASSED: Back button present on the screen

2022-06-29 16:10:37 - [TEST_STEP][PASSED] - if (waitForElementPresent(Politice_Home, 30)): null

2022-06-29 16:10:37 - [MESSAGE][PASSED] - Element 'Object Repository/Politics/Hut Icon' is present

2022-06-29 16:10:37 - [TEST_STEP][PASSED] - markPassed("PASSED: Politice Icon present on the screen"): PASSED: Politice Icon present on the screen

2022-06-29 16:10:37 - [MESSAGE][PASSED] - PASSED: Politice Icon present on the screen

2022-06-29 16:10:37 - [TEST_STEP][PASSED] - if (waitForElementPresent(What, 30)): null

2022-06-29 16:10:37 - [MESSAGE][PASSED] - Element 'Object Repository/Politics/What are your political views label text' is present

2022-06-29 16:10:37 - [TEST_STEP][PASSED] - markPassed("PASSED: What are... label text present on the screen"): PASSED: What are... label text present on the screen

2022-06-29 16:10:37 - [MESSAGE][PASSED] - PASSED: What are... label text present on the screen

2022-06-29 16:10:37 - [TEST_STEP][PASSED] - if (waitForElementPresent(Liberal, 30)): null

2022-06-29 16:10:37 - [MESSAGE][PASSED] - Element 'Object Repository/Politics/Liberal Chips' is present

2022-06-29 16:10:37 - [TEST_STEP][PASSED] - tap(Liberal, 30): Tapped on element 'Object Repository/Politics/Liberal Chips'

2022-06-29 16:10:38 - [MESSAGE][PASSED] - Tapped on element 'Object Repository/Politics/Liberal Chips'

2022-06-29 16:10:38 - [TEST_STEP][PASSED] - markPassed("PASSED: Liberal Chips button present on the screen"): PASSED: Liberal Chips button present on the screen

2022-06-29 16:10:38 - [MESSAGE][PASSED] - PASSED: Liberal Chips button present on the screen

2022-06-29 16:10:38 - [TEST_STEP][PASSED] - if (waitForElementPresent(Conservative, 30)): null

2022-06-29 16:10:38 - [MESSAGE][PASSED] - Element 'Object Repository/Politics/Conservative Chips' is present

2022-06-29 16:10:38 - [TEST_STEP][PASSED] - tap(Conservative, 30): Tapped on element 'Object Repository/Politics/Conservative Chips'

2022-06-29 16:10:38 - [MESSAGE][PASSED] - Tapped on element 'Object Repository/Politics/Conservative Chips'

2022-06-29 16:10:38 - [TEST_STEP][PASSED] - markPassed("PASSED: Conservative Chips button present on the screen"): PASSED: Conservative Chips button present on the screen

2022-06-29 16:10:38 - [MESSAGE][PASSED] - PASSED: Conservative Chips button present on the screen

2022-06-29 16:10:38 - [TEST_STEP][PASSED] - if (waitForElementPresent(Moderate, 30)): null

2022-06-29 16:10:39 - [MESSAGE][PASSED] - Element 'Object Repository/Politics/Moderate Chips' is present

2022-06-29 16:10:39 - [TEST_STEP][PASSED] - tap(Moderate, 30): Tapped on element 'Object Repository/Politics/Moderate Chips'

2022-06-29 16:10:39 - [MESSAGE][PASSED] - Tapped on element 'Object Repository/Politics/Moderate Chips'

2022-06-29 16:10:39 - [TEST_STEP][PASSED] - markPassed("PASSED: Moderate Chips button present on the screen"): PASSED: Moderate Chips button present on the screen

2022-06-29 16:10:39 - [MESSAGE][PASSED] - PASSED: Moderate Chips button present on the screen

2022-06-29 16:10:39 - [TEST_STEP][PASSED] - if (waitForElementPresent(Apolitical, 30)): null

2022-06-29 16:10:40 - [MESSAGE][PASSED] - Element 'Object Repository/Politics/Apolitical Chips' is present

2022-06-29 16:10:40 - [TEST_STEP][PASSED] - tap(Apolitical, 30): Tapped on element 'Object Repository/Politics/Apolitical Chips'

2022-06-29 16:10:40 - [MESSAGE][PASSED] - Tapped on element 'Object Repository/Politics/Apolitical Chips'

2022-06-29 16:10:40 - [TEST_STEP][PASSED] - markPassed("PASSED: Apolitical Chips button present on the screen"): PASSED: Apolitical Chips button present on the screen

2022-06-29 16:10:40 - [MESSAGE][PASSED] - PASSED: Apolitical Chips button present on the screen

2022-06-29 16:10:40 - [TEST_STEP][PASSED] - if (waitForElementPresent(Continue, 30)): null

2022-06-29 16:10:41 - [MESSAGE][PASSED] - Element 'Object Repository/Politics/Continue Button' is present

2022-06-29 16:10:41 - [TEST_STEP][PASSED] - tap(Continue, 30): Tapped on element 'Object Repository/Politics/Continue Button'

2022-06-29 16:10:41 - [MESSAGE][PASSED] - Tapped on element 'Object Repository/Politics/Continue Button'

2022-06-29 16:10:41 - [TEST_STEP][PASSED] - markPassed("PASSED: Continue Chips button present on the screen"): PASSED: Continue Chips button present on the screen

2022-06-29 16:10:41 - [MESSAGE][PASSED] - PASSED: Continue Chips button present on the screen]]></system-out>
         <system-err><![CDATA[]]></system-err>
      </testcase>
      <testcase name="Test Cases/testing/Gallery" time="32.304" classname="Test Cases/testing/Gallery" status="FAILED">
         <failure type="FAILED" message="Test Cases/testing/Gallery FAILED.
Reason:
com.kms.katalon.core.exception.StepFailedException: FAILED: Open Camera Button is not present on the screen
	at com.kms.katalon.core.util.KeywordUtil.markFailed(KeywordUtil.java:19)
	at com.kms.katalon.core.util.KeywordUtil$markFailed$0.call(Unknown Source)
	at Gallery.run(Gallery:90)
	at com.kms.katalon.core.main.ScriptEngine.run(ScriptEngine.java:194)
	at com.kms.katalon.core.main.ScriptEngine.runScriptAsRawText(ScriptEngine.java:119)
	at com.kms.katalon.core.main.TestCaseExecutor.runScript(TestCaseExecutor.java:445)
	at com.kms.katalon.core.main.TestCaseExecutor.doExecute(TestCaseExecutor.java:436)
	at com.kms.katalon.core.main.TestCaseExecutor.processExecutionPhase(TestCaseExecutor.java:415)
	at com.kms.katalon.core.main.TestCaseExecutor.accessMainPhase(TestCaseExecutor.java:407)
	at com.kms.katalon.core.main.TestCaseExecutor.execute(TestCaseExecutor.java:284)
	at com.kms.katalon.core.main.TestCaseExecutor.execute(TestCaseExecutor.java:366)
	at com.kms.katalon.core.main.TestCaseExecutor.execute(TestCaseExecutor.java:366)
	at com.kms.katalon.core.main.TestCaseExecutor.execute(TestCaseExecutor.java:366)
	at com.kms.katalon.core.common.CommonExecutor.accessTestCaseMainPhase(CommonExecutor.java:65)
	at com.kms.katalon.core.main.TestSuiteExecutor.accessTestSuiteMainPhase(TestSuiteExecutor.java:144)
	at com.kms.katalon.core.main.TestSuiteExecutor.execute(TestSuiteExecutor.java:106)
	at com.kms.katalon.core.main.TestCaseMain.startTestSuite(TestCaseMain.java:185)
	at com.kms.katalon.core.main.TestCaseMain$startTestSuite$0.call(Unknown Source)
	at TempTestSuite1656500802037.run(TempTestSuite1656500802037.groovy:36)
"/>
         <system-out><![CDATA[2022-06-29 16:13:13 - [TEST_CASE][FAILED] - Test Cases/testing/Gallery: Test Cases/testing/Gallery FAILED.
Reason:
com.kms.katalon.core.exception.StepFailedException: FAILED: Open Camera Button is not present on the screen
	at com.kms.katalon.core.util.KeywordUtil.markFailed(KeywordUtil.java:19)
	at com.kms.katalon.core.util.KeywordUtil$markFailed$0.call(Unknown Source)
	at Gallery.run(Gallery:90)
	at com.kms.katalon.core.main.ScriptEngine.run(ScriptEngine.java:194)
	at com.kms.katalon.core.main.ScriptEngine.runScriptAsRawText(ScriptEngine.java:119)
	at com.kms.katalon.core.main.TestCaseExecutor.runScript(TestCaseExecutor.java:445)
	at com.kms.katalon.core.main.TestCaseExecutor.doExecute(TestCaseExecutor.java:436)
	at com.kms.katalon.core.main.TestCaseExecutor.processExecutionPhase(TestCaseExecutor.java:415)
	at com.kms.katalon.core.main.TestCaseExecutor.accessMainPhase(TestCaseExecutor.java:407)
	at com.kms.katalon.core.main.TestCaseExecutor.execute(TestCaseExecutor.java:284)
	at com.kms.katalon.core.main.TestCaseExecutor.execute(TestCaseExecutor.java:366)
	at com.kms.katalon.core.main.TestCaseExecutor.execute(TestCaseExecutor.java:366)
	at com.kms.katalon.core.main.TestCaseExecutor.execute(TestCaseExecutor.java:366)
	at com.kms.katalon.core.common.CommonExecutor.accessTestCaseMainPhase(CommonExecutor.java:65)
	at com.kms.katalon.core.main.TestSuiteExecutor.accessTestSuiteMainPhase(TestSuiteExecutor.java:144)
	at com.kms.katalon.core.main.TestSuiteExecutor.execute(TestSuiteExecutor.java:106)
	at com.kms.katalon.core.main.TestCaseMain.startTestSuite(TestCaseMain.java:185)
	at com.kms.katalon.core.main.TestCaseMain$startTestSuite$0.call(Unknown Source)
	at TempTestSuite1656500802037.run(TempTestSuite1656500802037.groovy:36)


2022-06-29 16:13:14 - [TEST_STEP][PASSED] - if (waitForElementPresent(Gallery_Icon, 30)): null

2022-06-29 16:13:14 - [MESSAGE][PASSED] - Element 'Object Repository/Gallery screen/Gallery Icon' is present

2022-06-29 16:13:14 - [TEST_STEP][PASSED] - markPassed("PASSED: Gallery Icon present on the screen"): PASSED: Gallery Icon present on the screen

2022-06-29 16:13:14 - [MESSAGE][PASSED] - PASSED: Gallery Icon present on the screen

2022-06-29 16:13:14 - [TEST_STEP][PASSED] - if (waitForElementPresent(Add, 30)): null

2022-06-29 16:13:14 - [MESSAGE][PASSED] - Element 'Object Repository/Gallery screen/Add profile photos label text' is present

2022-06-29 16:13:14 - [TEST_STEP][PASSED] - markPassed("PASSED: Add Profile... label text present on the screen"): PASSED: Add Profile... label text present on the screen

2022-06-29 16:13:14 - [MESSAGE][PASSED] - PASSED: Add Profile... label text present on the screen

2022-06-29 16:13:14 - [TEST_STEP][PASSED] - if (waitForElementPresent(Add1, 30)): null

2022-06-29 16:13:15 - [MESSAGE][PASSED] - Element 'Object Repository/Gallery screen/Add 3 photos to continue label text' is present

2022-06-29 16:13:15 - [TEST_STEP][PASSED] - markPassed("PASSED: Add 3 Profile... label text present on the screen"): PASSED: Add 3 Profile... label text present on the screen

2022-06-29 16:13:15 - [MESSAGE][PASSED] - PASSED: Add 3 Profile... label text present on the screen

2022-06-29 16:13:15 - [TEST_STEP][PASSED] - if (waitForElementPresent(Main, 30)): null

2022-06-29 16:13:15 - [MESSAGE][PASSED] - Element 'Object Repository/Gallery screen/MAIN PHOTO label text' is present

2022-06-29 16:13:15 - [TEST_STEP][PASSED] - markPassed("PASSED: Main Photo label text present on the screen"): PASSED: Main Photo label text present on the screen

2022-06-29 16:13:15 - [MESSAGE][PASSED] - PASSED: Main Photo label text present on the screen

2022-06-29 16:13:15 - [TEST_STEP][PASSED] - if (waitForElementPresent(Pic_Picker, 30)): null

2022-06-29 16:13:15 - [MESSAGE][PASSED] - Element 'Object Repository/Gallery screen/Pic picker block' is present

2022-06-29 16:13:15 - [TEST_STEP][PASSED] - tap(Pic_Picker, 30): Tapped on element 'Object Repository/Gallery screen/Pic picker block'

2022-06-29 16:13:15 - [MESSAGE][PASSED] - Tapped on element 'Object Repository/Gallery screen/Pic picker block'

2022-06-29 16:13:15 - [TEST_STEP][PASSED] - markPassed("PASSED: Pic Picker Button present on the screen"): PASSED: Pic Picker Button present on the screen

2022-06-29 16:13:15 - [MESSAGE][PASSED] - PASSED: Pic Picker Button present on the screen

2022-06-29 16:13:15 - [TEST_STEP][PASSED] - if (waitForElementPresent(Open_Camera, 30)): Object Object Repository/Gallery screen/Open Camera button not found

2022-06-29 16:13:46 - [MESSAGE][WARNING] - Object Object Repository/Gallery screen/Open Camera button not found

2022-06-29 16:13:46 - [TEST_STEP][FAILED] - else: FAILED: Open Camera Button is not present on the screen

2022-06-29 16:13:46 - [TEST_STEP][FAILED] - markFailed("FAILED: Open Camera Button is not present on the screen"): FAILED: Open Camera Button is not present on the screen

2022-06-29 16:13:46 - [MESSAGE][FAILED] - FAILED: Open Camera Button is not present on the screen]]></system-out>
         <system-err><![CDATA[2022-06-29 16:13:13 - [TEST_CASE][FAILED] - Test Cases/testing/Gallery: Test Cases/testing/Gallery FAILED.
Reason:
com.kms.katalon.core.exception.StepFailedException: FAILED: Open Camera Button is not present on the screen
	at com.kms.katalon.core.util.KeywordUtil.markFailed(KeywordUtil.java:19)
	at com.kms.katalon.core.util.KeywordUtil$markFailed$0.call(Unknown Source)
	at Gallery.run(Gallery:90)
	at com.kms.katalon.core.main.ScriptEngine.run(ScriptEngine.java:194)
	at com.kms.katalon.core.main.ScriptEngine.runScriptAsRawText(ScriptEngine.java:119)
	at com.kms.katalon.core.main.TestCaseExecutor.runScript(TestCaseExecutor.java:445)
	at com.kms.katalon.core.main.TestCaseExecutor.doExecute(TestCaseExecutor.java:436)
	at com.kms.katalon.core.main.TestCaseExecutor.processExecutionPhase(TestCaseExecutor.java:415)
	at com.kms.katalon.core.main.TestCaseExecutor.accessMainPhase(TestCaseExecutor.java:407)
	at com.kms.katalon.core.main.TestCaseExecutor.execute(TestCaseExecutor.java:284)
	at com.kms.katalon.core.main.TestCaseExecutor.execute(TestCaseExecutor.java:366)
	at com.kms.katalon.core.main.TestCaseExecutor.execute(TestCaseExecutor.java:366)
	at com.kms.katalon.core.main.TestCaseExecutor.execute(TestCaseExecutor.java:366)
	at com.kms.katalon.core.common.CommonExecutor.accessTestCaseMainPhase(CommonExecutor.java:65)
	at com.kms.katalon.core.main.TestSuiteExecutor.accessTestSuiteMainPhase(TestSuiteExecutor.java:144)
	at com.kms.katalon.core.main.TestSuiteExecutor.execute(TestSuiteExecutor.java:106)
	at com.kms.katalon.core.main.TestCaseMain.startTestSuite(TestCaseMain.java:185)
	at com.kms.katalon.core.main.TestCaseMain$startTestSuite$0.call(Unknown Source)
	at TempTestSuite1656500802037.run(TempTestSuite1656500802037.groovy:36)]]></system-err>
      </testcase>
      <system-out><![CDATA[2022-06-29 16:06:50 - [TEST_SUITE][FAILED] - SpotLove Sanity: Test Cases/testing/First Name FAILED.
Reason:
com.kms.katalon.core.exception.StepFailedException: Failed to wait for element present (Root cause: org.openqa.selenium.StaleElementReferenceException: androidx.test.uiautomator.StaleObjectException
For documentation on this error, please visit: https://www.seleniumhq.org/exceptions/stale_element_reference.html
Build info: version: '3.141.59', revision: 'e82be7d358', time: '2018-11-14T08:25:53'
System info: host: 'Hamza-PC.local', ip: '169.254.211.22', os.name: 'Mac OS X', os.arch: 'x86_64', os.version: '10.16', java.version: '1.8.0_275'
Driver info: com.kms.katalon.core.appium.driver.SwipeableAndroidDriver
Capabilities {appActivity: .Settings, appPackage: com.android.settings, autoGrantPermissions: true, automationName: uiautomator2, chromedriverPort: 50843, databaseEnabled: false, desired: {appActivity: .Settings, appPackage: com.android.settings, autoGrantPermissions: true, automationName: uiautomator2, chromedriverPort: 50843, deviceId: , deviceName: samsung SM-A025F (Android 11), newCommandTimeout: 1800, platform: ANDROID, platformName: android, platformVersion: 11, systemPort: 8203, udid: R9JNC0DKDXJ}, deviceApiLevel: 30, deviceId: , deviceManufacturer: samsung, deviceModel: SM-A025F, deviceName: R9JNC0DKDXJ, deviceScreenDensity: 280, deviceScreenSize: 720x1600, deviceUDID: R9JNC0DKDXJ, javascriptEnabled: true, locationContextEnabled: false, networkConnectionEnabled: true, newCommandTimeout: 1800, pixelRatio: 1.75, platform: ANDROID, platformName: Android, platformVersion: 11, statBarHeight: 45, systemPort: 8203, takesScreenshot: true, udid: R9JNC0DKDXJ, viewportRect: {height: 1426, left: 0, top: 45, width: 720}, warnings: {}, webStorageEnabled: false}
Session ID: 047dcd0c-29e0-4cf5-bacc-7c0d625ada47
	at org.openqa.selenium.remote.http.W3CHttpResponseCodec.createException(W3CHttpResponseCodec.java:187)
	at org.openqa.selenium.remote.http.W3CHttpResponseCodec.decode(W3CHttpResponseCodec.java:122)
	at org.openqa.selenium.remote.http.W3CHttpResponseCodec.decode(W3CHttpResponseCodec.java:49)
	at org.openqa.selenium.remote.HttpCommandExecutor.execute(HttpCommandExecutor.java:158)
	at io.appium.java_client.remote.AppiumCommandExecutor.execute(AppiumCommandExecutor.java:239)
	at org.openqa.selenium.remote.RemoteWebDriver.execute(RemoteWebDriver.java:552)
	at io.appium.java_client.DefaultGenericMobileDriver.execute(DefaultGenericMobileDriver.java:42)
	at io.appium.java_client.AppiumDriver.execute(AppiumDriver.java:1)
	at io.appium.java_client.android.AndroidDriver.execute(AndroidDriver.java:1)
	at com.kms.katalon.core.appium.driver.SwipeableAndroidDriver.execute(SwipeableAndroidDriver.java:1)
	at org.openqa.selenium.remote.RemoteWebElement.execute(RemoteWebElement.java:285)
	at io.appium.java_client.DefaultGenericMobileElement.execute(DefaultGenericMobileElement.java:45)
	at io.appium.java_client.MobileElement.execute(MobileElement.java:1)
	at io.appium.java_client.android.AndroidElement.execute(AndroidElement.java:1)
	at org.openqa.selenium.remote.RemoteWebElement.getLocation(RemoteWebElement.java:337)
	at org.openqa.selenium.WebElement$getLocation.call(Unknown Source)
	at com.kms.katalon.core.mobile.keyword.internal.MobileAbstractKeyword.findElement(MobileAbstractKeyword.groovy:86)
	at com.kms.katalon.core.mobile.keyword.builtin.WaitForElementPresentKeyword.access$1(WaitForElementPresentKeyword.groovy)
	at com.kms.katalon.core.mobile.keyword.builtin.WaitForElementPresentKeyword$_waitForElementPresent_closure1.doCall(WaitForElementPresentKeyword.groovy:72)
	at com.kms.katalon.core.mobile.keyword.builtin.WaitForElementPresentKeyword$_waitForElementPresent_closure1.call(WaitForElementPresentKeyword.groovy)
	at com.kms.katalon.core.mobile.keyword.internal.MobileKeywordMain.runKeyword(MobileKeywordMain.groovy:21)
	at com.kms.katalon.core.mobile.keyword.builtin.WaitForElementPresentKeyword.waitForElementPresent(WaitForElementPresentKeyword.groovy:80)
	at com.kms.katalon.core.mobile.keyword.builtin.WaitForElementPresentKeyword.execute(WaitForElementPresentKeyword.groovy:64)
	at com.kms.katalon.core.keyword.internal.KeywordExecutor.executeKeywordForPlatform(KeywordExecutor.groovy:74)
	at com.kms.katalon.core.mobile.keyword.MobileBuiltInKeywords.waitForElementPresent(MobileBuiltInKeywords.groovy:1689)
	at com.kms.katalon.core.mobile.keyword.MobileBuiltInKeywords$waitForElementPresent$0.call(Unknown Source)
	at First Name.run(First Name:26)
	at com.kms.katalon.core.main.ScriptEngine.run(ScriptEngine.java:194)
	at com.kms.katalon.core.main.ScriptEngine.runScriptAsRawText(ScriptEngine.java:119)
	at com.kms.katalon.core.main.TestCaseExecutor.runScript(TestCaseExecutor.java:445)
	at com.kms.katalon.core.main.TestCaseExecutor.doExecute(TestCaseExecutor.java:436)
	at com.kms.katalon.core.main.TestCaseExecutor.processExecutionPhase(TestCaseExecutor.java:415)
	at com.kms.katalon.core.main.TestCaseExecutor.accessMainPhase(TestCaseExecutor.java:407)
	at com.kms.katalon.core.main.TestCaseExecutor.execute(TestCaseExecutor.java:284)
	at com.kms.katalon.core.common.CommonExecutor.accessTestCaseMainPhase(CommonExecutor.java:65)
	at com.kms.katalon.core.main.TestSuiteExecutor.accessTestSuiteMainPhase(TestSuiteExecutor.java:144)
	at com.kms.katalon.core.main.TestSuiteExecutor.execute(TestSuiteExecutor.java:106)
	at com.kms.katalon.core.main.TestCaseMain.startTestSuite(TestCaseMain.java:185)
	at com.kms.katalon.core.main.TestCaseMain$startTestSuite$0.call(Unknown Source)
	at TempTestSuite1656500802037.run(TempTestSuite1656500802037.groovy:36)
)
	at com.kms.katalon.core.keyword.internal.KeywordMain.stepFailed(KeywordMain.groovy:50)
	at com.kms.katalon.core.mobile.keyword.internal.MobileKeywordMain.stepFailed(MobileKeywordMain.groovy:40)
	at com.kms.katalon.core.mobile.keyword.internal.MobileKeywordMain.runKeyword(MobileKeywordMain.groovy:23)
	at com.kms.katalon.core.mobile.keyword.builtin.WaitForElementPresentKeyword.waitForElementPresent(WaitForElementPresentKeyword.groovy:80)
	at com.kms.katalon.core.mobile.keyword.builtin.WaitForElementPresentKeyword.execute(WaitForElementPresentKeyword.groovy:64)
	at com.kms.katalon.core.keyword.internal.KeywordExecutor.executeKeywordForPlatform(KeywordExecutor.groovy:74)
	at com.kms.katalon.core.mobile.keyword.MobileBuiltInKeywords.waitForElementPresent(MobileBuiltInKeywords.groovy:1689)
	at com.kms.katalon.core.mobile.keyword.MobileBuiltInKeywords$waitForElementPresent$0.call(Unknown Source)
	at First Name.run(First Name:26)
	at com.kms.katalon.core.main.ScriptEngine.run(ScriptEngine.java:194)
	at com.kms.katalon.core.main.ScriptEngine.runScriptAsRawText(ScriptEngine.java:119)
	at com.kms.katalon.core.main.TestCaseExecutor.runScript(TestCaseExecutor.java:445)
	at com.kms.katalon.core.main.TestCaseExecutor.doExecute(TestCaseExecutor.java:436)
	at com.kms.katalon.core.main.TestCaseExecutor.processExecutionPhase(TestCaseExecutor.java:415)
	at com.kms.katalon.core.main.TestCaseExecutor.accessMainPhase(TestCaseExecutor.java:407)
	at com.kms.katalon.core.main.TestCaseExecutor.execute(TestCaseExecutor.java:284)
	at com.kms.katalon.core.common.CommonExecutor.accessTestCaseMainPhase(CommonExecutor.java:65)
	at com.kms.katalon.core.main.TestSuiteExecutor.accessTestSuiteMainPhase(TestSuiteExecutor.java:144)
	at com.kms.katalon.core.main.TestSuiteExecutor.execute(TestSuiteExecutor.java:106)
	at com.kms.katalon.core.main.TestCaseMain.startTestSuite(TestCaseMain.java:185)
	at com.kms.katalon.core.main.TestCaseMain$startTestSuite$0.call(Unknown Source)
	at TempTestSuite1656500802037.run(TempTestSuite1656500802037.groovy:36)
Caused by: org.openqa.selenium.StaleElementReferenceException: androidx.test.uiautomator.StaleObjectException
For documentation on this error, please visit: https://www.seleniumhq.org/exceptions/stale_element_reference.html
Build info: version: '3.141.59', revision: 'e82be7d358', time: '2018-11-14T08:25:53'
System info: host: 'Hamza-PC.local', ip: '169.254.211.22', os.name: 'Mac OS X', os.arch: 'x86_64', os.version: '10.16', java.version: '1.8.0_275'
Driver info: com.kms.katalon.core.appium.driver.SwipeableAndroidDriver
Capabilities {appActivity: .Settings, appPackage: com.android.settings, autoGrantPermissions: true, automationName: uiautomator2, chromedriverPort: 50843, databaseEnabled: false, desired: {appActivity: .Settings, appPackage: com.android.settings, autoGrantPermissions: true, automationName: uiautomator2, chromedriverPort: 50843, deviceId: , deviceName: samsung SM-A025F (Android 11), newCommandTimeout: 1800, platform: ANDROID, platformName: android, platformVersion: 11, systemPort: 8203, udid: R9JNC0DKDXJ}, deviceApiLevel: 30, deviceId: , deviceManufacturer: samsung, deviceModel: SM-A025F, deviceName: R9JNC0DKDXJ, deviceScreenDensity: 280, deviceScreenSize: 720x1600, deviceUDID: R9JNC0DKDXJ, javascriptEnabled: true, locationContextEnabled: false, networkConnectionEnabled: true, newCommandTimeout: 1800, pixelRatio: 1.75, platform: ANDROID, platformName: Android, platformVersion: 11, statBarHeight: 45, systemPort: 8203, takesScreenshot: true, udid: R9JNC0DKDXJ, viewportRect: {height: 1426, left: 0, top: 45, width: 720}, warnings: {}, webStorageEnabled: false}
Session ID: 047dcd0c-29e0-4cf5-bacc-7c0d625ada47
	at org.openqa.selenium.remote.http.W3CHttpResponseCodec.createException(W3CHttpResponseCodec.java:187)
	at org.openqa.selenium.remote.http.W3CHttpResponseCodec.decode(W3CHttpResponseCodec.java:122)
	at org.openqa.selenium.remote.http.W3CHttpResponseCodec.decode(W3CHttpResponseCodec.java:49)
	at org.openqa.selenium.remote.HttpCommandExecutor.execute(HttpCommandExecutor.java:158)
	at io.appium.java_client.remote.AppiumCommandExecutor.execute(AppiumCommandExecutor.java:239)
	at org.openqa.selenium.remote.RemoteWebDriver.execute(RemoteWebDriver.java:552)
	at io.appium.java_client.DefaultGenericMobileDriver.execute(DefaultGenericMobileDriver.java:42)
	at io.appium.java_client.AppiumDriver.execute(AppiumDriver.java:1)
	at io.appium.java_client.android.AndroidDriver.execute(AndroidDriver.java:1)
	at com.kms.katalon.core.appium.driver.SwipeableAndroidDriver.execute(SwipeableAndroidDriver.java:1)
	at org.openqa.selenium.remote.RemoteWebElement.execute(RemoteWebElement.java:285)
	at io.appium.java_client.DefaultGenericMobileElement.execute(DefaultGenericMobileElement.java:45)
	at io.appium.java_client.MobileElement.execute(MobileElement.java:1)
	at io.appium.java_client.android.AndroidElement.execute(AndroidElement.java:1)
	at org.openqa.selenium.remote.RemoteWebElement.getLocation(RemoteWebElement.java:337)
	at org.openqa.selenium.WebElement$getLocation.call(Unknown Source)
	at com.kms.katalon.core.mobile.keyword.internal.MobileAbstractKeyword.findElement(MobileAbstractKeyword.groovy:86)
	at com.kms.katalon.core.mobile.keyword.builtin.WaitForElementPresentKeyword.access$1(WaitForElementPresentKeyword.groovy)
	at com.kms.katalon.core.mobile.keyword.builtin.WaitForElementPresentKeyword$_waitForElementPresent_closure1.doCall(WaitForElementPresentKeyword.groovy:72)
	at com.kms.katalon.core.mobile.keyword.builtin.WaitForElementPresentKeyword$_waitForElementPresent_closure1.call(WaitForElementPresentKeyword.groovy)
	at com.kms.katalon.core.mobile.keyword.internal.MobileKeywordMain.runKeyword(MobileKeywordMain.groovy:21)
	... 19 more]]></system-out>
      <system-err><![CDATA[2022-06-29 16:06:50 - [TEST_SUITE][FAILED] - SpotLove Sanity: Test Cases/testing/First Name FAILED.
Reason:
com.kms.katalon.core.exception.StepFailedException: Failed to wait for element present (Root cause: org.openqa.selenium.StaleElementReferenceException: androidx.test.uiautomator.StaleObjectException
For documentation on this error, please visit: https://www.seleniumhq.org/exceptions/stale_element_reference.html
Build info: version: '3.141.59', revision: 'e82be7d358', time: '2018-11-14T08:25:53'
System info: host: 'Hamza-PC.local', ip: '169.254.211.22', os.name: 'Mac OS X', os.arch: 'x86_64', os.version: '10.16', java.version: '1.8.0_275'
Driver info: com.kms.katalon.core.appium.driver.SwipeableAndroidDriver
Capabilities {appActivity: .Settings, appPackage: com.android.settings, autoGrantPermissions: true, automationName: uiautomator2, chromedriverPort: 50843, databaseEnabled: false, desired: {appActivity: .Settings, appPackage: com.android.settings, autoGrantPermissions: true, automationName: uiautomator2, chromedriverPort: 50843, deviceId: , deviceName: samsung SM-A025F (Android 11), newCommandTimeout: 1800, platform: ANDROID, platformName: android, platformVersion: 11, systemPort: 8203, udid: R9JNC0DKDXJ}, deviceApiLevel: 30, deviceId: , deviceManufacturer: samsung, deviceModel: SM-A025F, deviceName: R9JNC0DKDXJ, deviceScreenDensity: 280, deviceScreenSize: 720x1600, deviceUDID: R9JNC0DKDXJ, javascriptEnabled: true, locationContextEnabled: false, networkConnectionEnabled: true, newCommandTimeout: 1800, pixelRatio: 1.75, platform: ANDROID, platformName: Android, platformVersion: 11, statBarHeight: 45, systemPort: 8203, takesScreenshot: true, udid: R9JNC0DKDXJ, viewportRect: {height: 1426, left: 0, top: 45, width: 720}, warnings: {}, webStorageEnabled: false}
Session ID: 047dcd0c-29e0-4cf5-bacc-7c0d625ada47
	at org.openqa.selenium.remote.http.W3CHttpResponseCodec.createException(W3CHttpResponseCodec.java:187)
	at org.openqa.selenium.remote.http.W3CHttpResponseCodec.decode(W3CHttpResponseCodec.java:122)
	at org.openqa.selenium.remote.http.W3CHttpResponseCodec.decode(W3CHttpResponseCodec.java:49)
	at org.openqa.selenium.remote.HttpCommandExecutor.execute(HttpCommandExecutor.java:158)
	at io.appium.java_client.remote.AppiumCommandExecutor.execute(AppiumCommandExecutor.java:239)
	at org.openqa.selenium.remote.RemoteWebDriver.execute(RemoteWebDriver.java:552)
	at io.appium.java_client.DefaultGenericMobileDriver.execute(DefaultGenericMobileDriver.java:42)
	at io.appium.java_client.AppiumDriver.execute(AppiumDriver.java:1)
	at io.appium.java_client.android.AndroidDriver.execute(AndroidDriver.java:1)
	at com.kms.katalon.core.appium.driver.SwipeableAndroidDriver.execute(SwipeableAndroidDriver.java:1)
	at org.openqa.selenium.remote.RemoteWebElement.execute(RemoteWebElement.java:285)
	at io.appium.java_client.DefaultGenericMobileElement.execute(DefaultGenericMobileElement.java:45)
	at io.appium.java_client.MobileElement.execute(MobileElement.java:1)
	at io.appium.java_client.android.AndroidElement.execute(AndroidElement.java:1)
	at org.openqa.selenium.remote.RemoteWebElement.getLocation(RemoteWebElement.java:337)
	at org.openqa.selenium.WebElement$getLocation.call(Unknown Source)
	at com.kms.katalon.core.mobile.keyword.internal.MobileAbstractKeyword.findElement(MobileAbstractKeyword.groovy:86)
	at com.kms.katalon.core.mobile.keyword.builtin.WaitForElementPresentKeyword.access$1(WaitForElementPresentKeyword.groovy)
	at com.kms.katalon.core.mobile.keyword.builtin.WaitForElementPresentKeyword$_waitForElementPresent_closure1.doCall(WaitForElementPresentKeyword.groovy:72)
	at com.kms.katalon.core.mobile.keyword.builtin.WaitForElementPresentKeyword$_waitForElementPresent_closure1.call(WaitForElementPresentKeyword.groovy)
	at com.kms.katalon.core.mobile.keyword.internal.MobileKeywordMain.runKeyword(MobileKeywordMain.groovy:21)
	at com.kms.katalon.core.mobile.keyword.builtin.WaitForElementPresentKeyword.waitForElementPresent(WaitForElementPresentKeyword.groovy:80)
	at com.kms.katalon.core.mobile.keyword.builtin.WaitForElementPresentKeyword.execute(WaitForElementPresentKeyword.groovy:64)
	at com.kms.katalon.core.keyword.internal.KeywordExecutor.executeKeywordForPlatform(KeywordExecutor.groovy:74)
	at com.kms.katalon.core.mobile.keyword.MobileBuiltInKeywords.waitForElementPresent(MobileBuiltInKeywords.groovy:1689)
	at com.kms.katalon.core.mobile.keyword.MobileBuiltInKeywords$waitForElementPresent$0.call(Unknown Source)
	at First Name.run(First Name:26)
	at com.kms.katalon.core.main.ScriptEngine.run(ScriptEngine.java:194)
	at com.kms.katalon.core.main.ScriptEngine.runScriptAsRawText(ScriptEngine.java:119)
	at com.kms.katalon.core.main.TestCaseExecutor.runScript(TestCaseExecutor.java:445)
	at com.kms.katalon.core.main.TestCaseExecutor.doExecute(TestCaseExecutor.java:436)
	at com.kms.katalon.core.main.TestCaseExecutor.processExecutionPhase(TestCaseExecutor.java:415)
	at com.kms.katalon.core.main.TestCaseExecutor.accessMainPhase(TestCaseExecutor.java:407)
	at com.kms.katalon.core.main.TestCaseExecutor.execute(TestCaseExecutor.java:284)
	at com.kms.katalon.core.common.CommonExecutor.accessTestCaseMainPhase(CommonExecutor.java:65)
	at com.kms.katalon.core.main.TestSuiteExecutor.accessTestSuiteMainPhase(TestSuiteExecutor.java:144)
	at com.kms.katalon.core.main.TestSuiteExecutor.execute(TestSuiteExecutor.java:106)
	at com.kms.katalon.core.main.TestCaseMain.startTestSuite(TestCaseMain.java:185)
	at com.kms.katalon.core.main.TestCaseMain$startTestSuite$0.call(Unknown Source)
	at TempTestSuite1656500802037.run(TempTestSuite1656500802037.groovy:36)
)
	at com.kms.katalon.core.keyword.internal.KeywordMain.stepFailed(KeywordMain.groovy:50)
	at com.kms.katalon.core.mobile.keyword.internal.MobileKeywordMain.stepFailed(MobileKeywordMain.groovy:40)
	at com.kms.katalon.core.mobile.keyword.internal.MobileKeywordMain.runKeyword(MobileKeywordMain.groovy:23)
	at com.kms.katalon.core.mobile.keyword.builtin.WaitForElementPresentKeyword.waitForElementPresent(WaitForElementPresentKeyword.groovy:80)
	at com.kms.katalon.core.mobile.keyword.builtin.WaitForElementPresentKeyword.execute(WaitForElementPresentKeyword.groovy:64)
	at com.kms.katalon.core.keyword.internal.KeywordExecutor.executeKeywordForPlatform(KeywordExecutor.groovy:74)
	at com.kms.katalon.core.mobile.keyword.MobileBuiltInKeywords.waitForElementPresent(MobileBuiltInKeywords.groovy:1689)
	at com.kms.katalon.core.mobile.keyword.MobileBuiltInKeywords$waitForElementPresent$0.call(Unknown Source)
	at First Name.run(First Name:26)
	at com.kms.katalon.core.main.ScriptEngine.run(ScriptEngine.java:194)
	at com.kms.katalon.core.main.ScriptEngine.runScriptAsRawText(ScriptEngine.java:119)
	at com.kms.katalon.core.main.TestCaseExecutor.runScript(TestCaseExecutor.java:445)
	at com.kms.katalon.core.main.TestCaseExecutor.doExecute(TestCaseExecutor.java:436)
	at com.kms.katalon.core.main.TestCaseExecutor.processExecutionPhase(TestCaseExecutor.java:415)
	at com.kms.katalon.core.main.TestCaseExecutor.accessMainPhase(TestCaseExecutor.java:407)
	at com.kms.katalon.core.main.TestCaseExecutor.execute(TestCaseExecutor.java:284)
	at com.kms.katalon.core.common.CommonExecutor.accessTestCaseMainPhase(CommonExecutor.java:65)
	at com.kms.katalon.core.main.TestSuiteExecutor.accessTestSuiteMainPhase(TestSuiteExecutor.java:144)
	at com.kms.katalon.core.main.TestSuiteExecutor.execute(TestSuiteExecutor.java:106)
	at com.kms.katalon.core.main.TestCaseMain.startTestSuite(TestCaseMain.java:185)
	at com.kms.katalon.core.main.TestCaseMain$startTestSuite$0.call(Unknown Source)
	at TempTestSuite1656500802037.run(TempTestSuite1656500802037.groovy:36)
Caused by: org.openqa.selenium.StaleElementReferenceException: androidx.test.uiautomator.StaleObjectException
For documentation on this error, please visit: https://www.seleniumhq.org/exceptions/stale_element_reference.html
Build info: version: '3.141.59', revision: 'e82be7d358', time: '2018-11-14T08:25:53'
System info: host: 'Hamza-PC.local', ip: '169.254.211.22', os.name: 'Mac OS X', os.arch: 'x86_64', os.version: '10.16', java.version: '1.8.0_275'
Driver info: com.kms.katalon.core.appium.driver.SwipeableAndroidDriver
Capabilities {appActivity: .Settings, appPackage: com.android.settings, autoGrantPermissions: true, automationName: uiautomator2, chromedriverPort: 50843, databaseEnabled: false, desired: {appActivity: .Settings, appPackage: com.android.settings, autoGrantPermissions: true, automationName: uiautomator2, chromedriverPort: 50843, deviceId: , deviceName: samsung SM-A025F (Android 11), newCommandTimeout: 1800, platform: ANDROID, platformName: android, platformVersion: 11, systemPort: 8203, udid: R9JNC0DKDXJ}, deviceApiLevel: 30, deviceId: , deviceManufacturer: samsung, deviceModel: SM-A025F, deviceName: R9JNC0DKDXJ, deviceScreenDensity: 280, deviceScreenSize: 720x1600, deviceUDID: R9JNC0DKDXJ, javascriptEnabled: true, locationContextEnabled: false, networkConnectionEnabled: true, newCommandTimeout: 1800, pixelRatio: 1.75, platform: ANDROID, platformName: Android, platformVersion: 11, statBarHeight: 45, systemPort: 8203, takesScreenshot: true, udid: R9JNC0DKDXJ, viewportRect: {height: 1426, left: 0, top: 45, width: 720}, warnings: {}, webStorageEnabled: false}
Session ID: 047dcd0c-29e0-4cf5-bacc-7c0d625ada47
	at org.openqa.selenium.remote.http.W3CHttpResponseCodec.createException(W3CHttpResponseCodec.java:187)
	at org.openqa.selenium.remote.http.W3CHttpResponseCodec.decode(W3CHttpResponseCodec.java:122)
	at org.openqa.selenium.remote.http.W3CHttpResponseCodec.decode(W3CHttpResponseCodec.java:49)
	at org.openqa.selenium.remote.HttpCommandExecutor.execute(HttpCommandExecutor.java:158)
	at io.appium.java_client.remote.AppiumCommandExecutor.execute(AppiumCommandExecutor.java:239)
	at org.openqa.selenium.remote.RemoteWebDriver.execute(RemoteWebDriver.java:552)
	at io.appium.java_client.DefaultGenericMobileDriver.execute(DefaultGenericMobileDriver.java:42)
	at io.appium.java_client.AppiumDriver.execute(AppiumDriver.java:1)
	at io.appium.java_client.android.AndroidDriver.execute(AndroidDriver.java:1)
	at com.kms.katalon.core.appium.driver.SwipeableAndroidDriver.execute(SwipeableAndroidDriver.java:1)
	at org.openqa.selenium.remote.RemoteWebElement.execute(RemoteWebElement.java:285)
	at io.appium.java_client.DefaultGenericMobileElement.execute(DefaultGenericMobileElement.java:45)
	at io.appium.java_client.MobileElement.execute(MobileElement.java:1)
	at io.appium.java_client.android.AndroidElement.execute(AndroidElement.java:1)
	at org.openqa.selenium.remote.RemoteWebElement.getLocation(RemoteWebElement.java:337)
	at org.openqa.selenium.WebElement$getLocation.call(Unknown Source)
	at com.kms.katalon.core.mobile.keyword.internal.MobileAbstractKeyword.findElement(MobileAbstractKeyword.groovy:86)
	at com.kms.katalon.core.mobile.keyword.builtin.WaitForElementPresentKeyword.access$1(WaitForElementPresentKeyword.groovy)
	at com.kms.katalon.core.mobile.keyword.builtin.WaitForElementPresentKeyword$_waitForElementPresent_closure1.doCall(WaitForElementPresentKeyword.groovy:72)
	at com.kms.katalon.core.mobile.keyword.builtin.WaitForElementPresentKeyword$_waitForElementPresent_closure1.call(WaitForElementPresentKeyword.groovy)
	at com.kms.katalon.core.mobile.keyword.internal.MobileKeywordMain.runKeyword(MobileKeywordMain.groovy:21)
	... 19 more]]></system-err>
   </testsuite>
</testsuites>
