<?xml version="1.0" encoding="UTF-8"?>
<testsuites name="SpotLove Sanity" time="863.934" tests="35" failures="3" errors="0">
   <testsuite name="SpotLove Sanity" tests="35" failures="3" errors="0" time="863.934" skipped="0" timestamp="2022-04-21 15:01:11" hostname="Dev - DESKTOP-3CP89AN" id="Test Suites/SpotLove Sanity">
      <properties>
         <property name="deviceName" value="samsung SM-M115F (Android 11)"/>
         <property name="devicePlatform" value=""/>
         <property name="logFolder" value="C:\\Users\\Dev\\Katalon Studio\\SpotLove_Stagging\\Reports\\20220421_150050\\SpotLove Sanity\\20220421_150050"/>
         <property name="logFiles" value="C:\\Users\\Dev\\Katalon Studio\\SpotLove_Stagging\\Reports\\20220421_150050\\SpotLove Sanity\\20220421_150050\\appium.log, C:\\Users\\Dev\\Katalon Studio\\SpotLove_Stagging\\Reports\\20220421_150050\\SpotLove Sanity\\20220421_150050\\execution0.log"/>
         <property name="attachments" value="C:\\Users\\Dev\\Katalon Studio\\SpotLove_Stagging\\Reports\\20220421_150050\\SpotLove Sanity\\20220421_150050\\1650535549005.png, C:\\Users\\Dev\\Katalon Studio\\SpotLove_Stagging\\Reports\\20220421_150050\\SpotLove Sanity\\20220421_150050\\1650535723266.png, C:\\Users\\Dev\\Katalon Studio\\SpotLove_Stagging\\Reports\\20220421_150050\\SpotLove Sanity\\20220421_150050\\1650535791429.png, C:\\Users\\Dev\\Katalon Studio\\SpotLove_Stagging\\Reports\\20220421_150050\\SpotLove Sanity\\20220421_150050\\1650535800707.png, C:\\Users\\Dev\\Katalon Studio\\SpotLove_Stagging\\Reports\\20220421_150050\\SpotLove Sanity\\20220421_150050\\1650535832854.png, C:\\Users\\Dev\\Katalon Studio\\SpotLove_Stagging\\Reports\\20220421_150050\\SpotLove Sanity\\20220421_150050\\1650535864606.png, C:\\Users\\Dev\\Katalon Studio\\SpotLove_Stagging\\Reports\\20220421_150050\\SpotLove Sanity\\20220421_150050\\1650535896552.png, C:\\Users\\Dev\\Katalon Studio\\SpotLove_Stagging\\Reports\\20220421_150050\\SpotLove Sanity\\20220421_150050\\1650535928424.png, C:\\Users\\Dev\\Katalon Studio\\SpotLove_Stagging\\Reports\\20220421_150050\\SpotLove Sanity\\20220421_150050\\1650535960115.png, C:\\Users\\Dev\\Katalon Studio\\SpotLove_Stagging\\Reports\\20220421_150050\\SpotLove Sanity\\20220421_150050\\1650535991435.png, C:\\Users\\Dev\\Katalon Studio\\SpotLove_Stagging\\Reports\\20220421_150050\\SpotLove Sanity\\20220421_150050\\1650536023103.png, C:\\Users\\Dev\\Katalon Studio\\SpotLove_Stagging\\Reports\\20220421_150050\\SpotLove Sanity\\20220421_150050\\1650536024007.png, C:\\Users\\Dev\\Katalon Studio\\SpotLove_Stagging\\Reports\\20220421_150050\\SpotLove Sanity\\20220421_150050\\1650536055190.png, C:\\Users\\Dev\\Katalon Studio\\SpotLove_Stagging\\Reports\\20220421_150050\\SpotLove Sanity\\20220421_150050\\1650536058474.png, C:\\Users\\Dev\\Katalon Studio\\SpotLove_Stagging\\Reports\\20220421_150050\\SpotLove Sanity\\20220421_150050\\1650536092051.png, C:\\Users\\Dev\\Katalon Studio\\SpotLove_Stagging\\Reports\\20220421_150050\\SpotLove Sanity\\20220421_150050\\1650536095391.png, C:\\Users\\Dev\\Katalon Studio\\SpotLove_Stagging\\Reports\\20220421_150050\\SpotLove Sanity\\20220421_150050\\1650536128934.png, C:\\Users\\Dev\\Katalon Studio\\SpotLove_Stagging\\Reports\\20220421_150050\\SpotLove Sanity\\20220421_150050\\1650536132293.png"/>
         <property name="hostName" value="Dev - DESKTOP-3CP89AN"/>
         <property name="os" value="Windows 10 64bit"/>
         <property name="appiumServerStatus" value="{&quot;value&quot;:{&quot;build&quot;:{&quot;version&quot;:&quot;1.22.3&quot;}},&quot;sessionId&quot;:null,&quot;status&quot;:0}"/>
         <property name="katalonVersion" value="8.2.5.208"/>
         <property name="deviceOS" value="Android"/>
         <property name="appiumVersion" value="1.22.3"/>
         <property name="deviceModel" value="SM-M115F"/>
         <property name="hostAddress" value="192.168.88.93"/>
         <property name="deviceManufacturer" value="samsung"/>
         <property name="deviceId" value="R9JN713GGNJ"/>
         <property name="deviceName" value="samsung SM-M115F (Android 11)"/>
         <property name="deviceOSVersion" value="11"/>
      </properties>
      <testcase name="Test Cases/testing/Use Phone Number screen" time="33.322" classname="Test Cases/testing/Use Phone Number screen" status="PASSED">
         <system-out><![CDATA[2022-04-21 15:01:12 - [TEST_CASE][PASSED] - Test Cases/testing/Use Phone Number screen: Test Cases/testing/Use Phone Number screen

2022-04-21 15:01:12 - [TEST_STEP][PASSED] - startExistingApplication("com.spotlove.releaseproduction", STOP_ON_FAILURE): Starting app with application ID: 'com.spotlove.releaseproduction'

2022-04-21 15:01:15 - [MESSAGE][INFO] - Appium server started on port 62,327

2022-04-21 15:01:34 - [MESSAGE][PASSED] - Starting app with application ID: 'com.spotlove.releaseproduction'

2022-04-21 15:01:34 - [TEST_STEP][PASSED] - checkElement(findTestObject("Use Phone Number Screen/SPOT"), 15): Element 'Object Repository/Use Phone Number Screen/SPOT' is checked

2022-04-21 15:01:41 - [MESSAGE][PASSED] - Element 'Object Repository/Use Phone Number Screen/SPOT' is checked

2022-04-21 15:01:41 - [TEST_STEP][PASSED] - checkElement(findTestObject("Use Phone Number Screen/heart icon"), 15): Element 'Object Repository/Use Phone Number Screen/heart icon' is checked

2022-04-21 15:01:42 - [MESSAGE][PASSED] - Element 'Object Repository/Use Phone Number Screen/heart icon' is checked

2022-04-21 15:01:42 - [TEST_STEP][PASSED] - checkElement(findTestObject("Use Phone Number Screen/LOVE label text"), 15): Element 'Object Repository/Use Phone Number Screen/LOVE label text' is checked

2022-04-21 15:01:42 - [MESSAGE][PASSED] - Element 'Object Repository/Use Phone Number Screen/LOVE label text' is checked

2022-04-21 15:01:42 - [TEST_STEP][PASSED] - checkElement(findTestObject("Use Phone Number Screen/AT FIRST SIGHT label text"), 15): Element 'Object Repository/Use Phone Number Screen/AT FIRST SIGHT label text' is checked

2022-04-21 15:01:43 - [MESSAGE][PASSED] - Element 'Object Repository/Use Phone Number Screen/AT FIRST SIGHT label text' is checked

2022-04-21 15:01:43 - [TEST_STEP][PASSED] - checkElement(findTestObject("Use Phone Number Screen/Privacy Policy label text"), 15): Element 'Object Repository/Use Phone Number Screen/Privacy Policy label text' is checked

2022-04-21 15:01:44 - [MESSAGE][PASSED] - Element 'Object Repository/Use Phone Number Screen/Privacy Policy label text' is checked

2022-04-21 15:01:44 - [TEST_STEP][PASSED] - checkElement(findTestObject("Use Phone Number Screen/MATCHMAKERS label text"), 15): Element 'Object Repository/Use Phone Number Screen/MATCHMAKERS label text' is checked

2022-04-21 15:01:44 - [MESSAGE][PASSED] - Element 'Object Repository/Use Phone Number Screen/MATCHMAKERS label text' is checked

2022-04-21 15:01:44 - [TEST_STEP][PASSED] - tap(findTestObject("Use Phone Number Screen/usePhoneNUmber"), 15): Tapped on element 'Object Repository/Use Phone Number Screen/usePhoneNUmber'

2022-04-21 15:01:45 - [MESSAGE][PASSED] - Tapped on element 'Object Repository/Use Phone Number Screen/usePhoneNUmber']]></system-out>
         <system-err><![CDATA[]]></system-err>
      </testcase>
      <testcase name="Test Cases/testing/Whats Your phone number" time="11.141" classname="Test Cases/testing/Whats Your phone number" status="PASSED">
         <system-out><![CDATA[2022-04-21 15:01:45 - [TEST_CASE][PASSED] - Test Cases/testing/Whats Your phone number: Test Cases/testing/Whats Your phone number

2022-04-21 15:01:46 - [TEST_STEP][PASSED] - checkElement(findTestObject("Whats Your Phone Number/YOUR DEETS label text"), 15): Element 'Object Repository/Whats Your Phone Number/YOUR DEETS label text' is checked

2022-04-21 15:01:47 - [MESSAGE][PASSED] - Element 'Object Repository/Whats Your Phone Number/YOUR DEETS label text' is checked

2022-04-21 15:01:47 - [TEST_STEP][PASSED] - checkElement(findTestObject("Whats Your Phone Number/Whats your  phone number label text"), 15): Element 'Object Repository/Whats Your Phone Number/Whats your  phone number label text' is checked

2022-04-21 15:01:48 - [MESSAGE][PASSED] - Element 'Object Repository/Whats Your Phone Number/Whats your  phone number label text' is checked

2022-04-21 15:01:48 - [TEST_STEP][PASSED] - checkElement(findTestObject("Whats Your Phone Number/We protect label text"), 15): Element 'Object Repository/Whats Your Phone Number/We protect label text' is checked

2022-04-21 15:01:48 - [MESSAGE][PASSED] - Element 'Object Repository/Whats Your Phone Number/We protect label text' is checked

2022-04-21 15:01:48 - [TEST_STEP][PASSED] - checkElement(findTestObject("Whats Your Phone Number/flag"), 15): Element 'Object Repository/Whats Your Phone Number/flag' is checked

2022-04-21 15:01:49 - [MESSAGE][PASSED] - Element 'Object Repository/Whats Your Phone Number/flag' is checked

2022-04-21 15:01:49 - [TEST_STEP][PASSED] - setText(findTestObject("Whats Your Phone Number/Enter country name"), "US", 15): Text 'US' has been set to element 'Object Repository/Whats Your Phone Number/Enter country name'

2022-04-21 15:01:51 - [MESSAGE][PASSED] - Text 'US' has been set to element 'Object Repository/Whats Your Phone Number/Enter country name'

2022-04-21 15:01:51 - [TEST_STEP][PASSED] - tap(findTestObject("Whats Your Phone Number/Selected Country"), 15): Tapped on element 'Object Repository/Whats Your Phone Number/Selected Country'

2022-04-21 15:01:53 - [MESSAGE][PASSED] - Tapped on element 'Object Repository/Whats Your Phone Number/Selected Country'

2022-04-21 15:01:53 - [TEST_STEP][PASSED] - setText(findTestObject("Whats Your Phone Number/Enter Phone Number"), "3045082162", 15): Text '3045082162' has been set to element 'Object Repository/Whats Your Phone Number/Enter Phone Number'

2022-04-21 15:01:54 - [MESSAGE][PASSED] - Text '3045082162' has been set to element 'Object Repository/Whats Your Phone Number/Enter Phone Number'

2022-04-21 15:01:54 - [TEST_STEP][PASSED] - checkElement(findTestObject("Whats Your Phone Number/We never share label text"), 15): Element 'Object Repository/Whats Your Phone Number/We never share label text' is checked

2022-04-21 15:01:55 - [MESSAGE][PASSED] - Element 'Object Repository/Whats Your Phone Number/We never share label text' is checked

2022-04-21 15:01:55 - [TEST_STEP][PASSED] - checkElement(findTestObject("Whats Your Phone Number/black lock icon"), 15): Element 'Object Repository/Whats Your Phone Number/black lock icon' is checked

2022-04-21 15:01:56 - [MESSAGE][PASSED] - Element 'Object Repository/Whats Your Phone Number/black lock icon' is checked

2022-04-21 15:01:56 - [TEST_STEP][PASSED] - tap(findTestObject("Whats Your Phone Number/Whats your phone forward (button)"), 15): Tapped on element 'Object Repository/Whats Your Phone Number/Whats your phone forward (button)'

2022-04-21 15:01:56 - [MESSAGE][PASSED] - Tapped on element 'Object Repository/Whats Your Phone Number/Whats your phone forward (button)']]></system-out>
         <system-err><![CDATA[]]></system-err>
      </testcase>
      <testcase name="Test Cases/testing/Verify phone Number" time="37.774" classname="Test Cases/testing/Verify phone Number" status="PASSED">
         <system-out><![CDATA[2022-04-21 15:01:56 - [TEST_CASE][PASSED] - Test Cases/testing/Verify phone Number: Test Cases/testing/Verify phone Number

2022-04-21 15:01:57 - [TEST_STEP][PASSED] - checkElement(findTestObject("Verify Your Number/YOUR DEETS label text"), 15): Element 'Object Repository/Verify Your Number/YOUR DEETS label text' is checked

2022-04-21 15:01:57 - [MESSAGE][PASSED] - Element 'Object Repository/Verify Your Number/YOUR DEETS label text' is checked

2022-04-21 15:01:57 - [TEST_STEP][PASSED] - checkElement(findTestObject("Verify Your Number/Verify your number label text"), 60): Element 'Object Repository/Verify Your Number/Verify your number label text' is checked

2022-04-21 15:02:34 - [MESSAGE][PASSED] - Element 'Object Repository/Verify Your Number/Verify your number label text' is checked]]></system-out>
         <system-err><![CDATA[]]></system-err>
      </testcase>
      <testcase name="Test Cases/testing/Create spotLove account" time="19.402" classname="Test Cases/testing/Create spotLove account" status="PASSED">
         <system-out><![CDATA[2022-04-21 15:02:34 - [TEST_CASE][PASSED] - Test Cases/testing/Create spotLove account: Test Cases/testing/Create spotLove account

2022-04-21 15:02:35 - [TEST_STEP][PASSED] - checkElement(findTestObject("Account Creation/Youre verified"), 30): Element 'Object Repository/Account Creation/Youre verified' is checked

2022-04-21 15:02:53 - [MESSAGE][PASSED] - Element 'Object Repository/Account Creation/Youre verified' is checked

2022-04-21 15:02:53 - [TEST_STEP][PASSED] - checkElement(findTestObject("Account Creation/create spot lve acc"), 15): Element 'Object Repository/Account Creation/create spot lve acc' is checked

2022-04-21 15:02:53 - [MESSAGE][PASSED] - Element 'Object Repository/Account Creation/create spot lve acc' is checked]]></system-out>
         <system-err><![CDATA[]]></system-err>
      </testcase>
      <testcase name="Test Cases/testing/Email verification" time="4.148" classname="Test Cases/testing/Email verification" status="PASSED">
         <system-out><![CDATA[2022-04-21 15:02:53 - [TEST_CASE][PASSED] - Test Cases/testing/Email verification: Test Cases/testing/Email verification

2022-04-21 15:02:54 - [TEST_STEP][PASSED] - checkElement(findTestObject("Whats Your Email Screen/YOUR DEETS label text"), 15): Element 'Object Repository/Whats Your Email Screen/YOUR DEETS label text' is checked

2022-04-21 15:02:55 - [MESSAGE][PASSED] - Element 'Object Repository/Whats Your Email Screen/YOUR DEETS label text' is checked

2022-04-21 15:02:55 - [TEST_STEP][PASSED] - checkElement(findTestObject("Whats Your Email Screen/Whats your email address label text"), 15): Element 'Object Repository/Whats Your Email Screen/Whats your email address label text' is checked

2022-04-21 15:02:55 - [MESSAGE][PASSED] - Element 'Object Repository/Whats Your Email Screen/Whats your email address label text' is checked

2022-04-21 15:02:55 - [TEST_STEP][PASSED] - checkElement(findTestObject("Whats Your Email Screen/We use this to recover label text"), 15): Element 'Object Repository/Whats Your Email Screen/We use this to recover label text' is checked

2022-04-21 15:02:56 - [MESSAGE][PASSED] - Element 'Object Repository/Whats Your Email Screen/We use this to recover label text' is checked

2022-04-21 15:02:56 - [TEST_STEP][PASSED] - setText(findTestObject("Whats Your Email Screen/Add recovery email (field)"), "Test@testing.com", 15): Text 'Test@testing.com' has been set to element 'Object Repository/Whats Your Email Screen/Add recovery email (field)'

2022-04-21 15:02:57 - [MESSAGE][PASSED] - Text 'Test@testing.com' has been set to element 'Object Repository/Whats Your Email Screen/Add recovery email (field)'

2022-04-21 15:02:57 - [TEST_STEP][PASSED] - tap(findTestObject("Whats Your Email Screen/Email Forword Button"), 15): Tapped on element 'Object Repository/Whats Your Email Screen/Email Forword Button'

2022-04-21 15:02:58 - [MESSAGE][PASSED] - Tapped on element 'Object Repository/Whats Your Email Screen/Email Forword Button']]></system-out>
         <system-err><![CDATA[]]></system-err>
      </testcase>
      <testcase name="Test Cases/testing/First Name Verfication" time="6.434" classname="Test Cases/testing/First Name Verfication" status="PASSED">
         <system-out><![CDATA[2022-04-21 15:02:58 - [TEST_CASE][PASSED] - Test Cases/testing/First Name Verfication: Test Cases/testing/First Name Verfication

2022-04-21 15:02:58 - [TEST_STEP][PASSED] - checkElement(findTestObject("First Name Screen/YOUR DEETS label text"), 15): Element 'Object Repository/First Name Screen/YOUR DEETS label text' is checked

2022-04-21 15:02:59 - [MESSAGE][PASSED] - Element 'Object Repository/First Name Screen/YOUR DEETS label text' is checked

2022-04-21 15:02:59 - [TEST_STEP][PASSED] - checkElement(findTestObject("First Name Screen/Whats your first name label text"), 15): Element 'Object Repository/First Name Screen/Whats your first name label text' is checked

2022-04-21 15:03:00 - [MESSAGE][PASSED] - Element 'Object Repository/First Name Screen/Whats your first name label text' is checked

2022-04-21 15:03:00 - [TEST_STEP][PASSED] - checkElement(findTestObject("First Name Screen/This will be shown on your profile"), 15): Element 'Object Repository/First Name Screen/This will be shown on your profile' is checked

2022-04-21 15:03:01 - [MESSAGE][PASSED] - Element 'Object Repository/First Name Screen/This will be shown on your profile' is checked

2022-04-21 15:03:01 - [TEST_STEP][PASSED] - checkElement(findTestObject("First Name Screen/You wont be able to change this later"), 15): Element 'Object Repository/First Name Screen/You wont be able to change this later' is checked

2022-04-21 15:03:02 - [MESSAGE][PASSED] - Element 'Object Repository/First Name Screen/You wont be able to change this later' is checked

2022-04-21 15:03:02 - [TEST_STEP][PASSED] - setText(findTestObject("First Name Screen/First Name"), "Test", 15): Text 'Test' has been set to element 'Object Repository/First Name Screen/First Name'

2022-04-21 15:03:03 - [MESSAGE][PASSED] - Text 'Test' has been set to element 'Object Repository/First Name Screen/First Name'

2022-04-21 15:03:03 - [TEST_STEP][PASSED] - tap(findTestObject("First Name Screen/First Name Forword Button"), 15): Tapped on element 'Object Repository/First Name Screen/First Name Forword Button'

2022-04-21 15:03:04 - [MESSAGE][PASSED] - Tapped on element 'Object Repository/First Name Screen/First Name Forword Button']]></system-out>
         <system-err><![CDATA[]]></system-err>
      </testcase>
      <testcase name="Test Cases/testing/DOB Verification" time="9.44" classname="Test Cases/testing/DOB Verification" status="PASSED">
         <system-out><![CDATA[2022-04-21 15:03:04 - [TEST_CASE][PASSED] - Test Cases/testing/DOB Verification: Test Cases/testing/DOB Verification

2022-04-21 15:03:05 - [TEST_STEP][PASSED] - checkElement(findTestObject("DOB/YOUR DEETS"), 15): Element 'Object Repository/DOB/YOUR DEETS' is checked

2022-04-21 15:03:06 - [MESSAGE][PASSED] - Element 'Object Repository/DOB/YOUR DEETS' is checked

2022-04-21 15:03:06 - [TEST_STEP][PASSED] - checkElement(findTestObject("DOB/Whens your birthday label text"), 15): Element 'Object Repository/DOB/Whens your birthday label text' is checked

2022-04-21 15:03:07 - [MESSAGE][PASSED] - Element 'Object Repository/DOB/Whens your birthday label text' is checked

2022-04-21 15:03:07 - [TEST_STEP][PASSED] - checkElement(findTestObject("DOB/We only show label text"), 15): Element 'Object Repository/DOB/We only show label text' is checked

2022-04-21 15:03:07 - [MESSAGE][PASSED] - Element 'Object Repository/DOB/We only show label text' is checked

2022-04-21 15:03:07 - [TEST_STEP][PASSED] - setText(findTestObject("DOB/Month"), "05", 15): Text '05' has been set to element 'Object Repository/DOB/Month'

2022-04-21 15:03:08 - [MESSAGE][PASSED] - Text '05' has been set to element 'Object Repository/DOB/Month'

2022-04-21 15:03:08 - [TEST_STEP][PASSED] - setText(findTestObject("DOB/Day"), "25", 15): Text '25' has been set to element 'Object Repository/DOB/Day'

2022-04-21 15:03:11 - [MESSAGE][PASSED] - Text '25' has been set to element 'Object Repository/DOB/Day'

2022-04-21 15:03:11 - [TEST_STEP][PASSED] - setText(findTestObject("DOB/Year"), "1995", 15): Text '1995' has been set to element 'Object Repository/DOB/Year'

2022-04-21 15:03:12 - [MESSAGE][PASSED] - Text '1995' has been set to element 'Object Repository/DOB/Year'

2022-04-21 15:03:12 - [TEST_STEP][PASSED] - tap(findTestObject("DOB/DOB Forword"), 15): Tapped on element 'Object Repository/DOB/DOB Forword'

2022-04-21 15:03:13 - [MESSAGE][PASSED] - Tapped on element 'Object Repository/DOB/DOB Forword']]></system-out>
         <system-err><![CDATA[]]></system-err>
      </testcase>
      <testcase name="Test Cases/testing/About You" time="2.493" classname="Test Cases/testing/About You" status="PASSED">
         <system-out><![CDATA[2022-04-21 15:03:13 - [TEST_CASE][PASSED] - Test Cases/testing/About You: Test Cases/testing/About You

2022-04-21 15:03:14 - [TEST_STEP][PASSED] - checkElement(findTestObject("About YOU/Heart Icon"), 15): Element 'Object Repository/About YOU/Heart Icon' is checked

2022-04-21 15:03:15 - [MESSAGE][PASSED] - Element 'Object Repository/About YOU/Heart Icon' is checked

2022-04-21 15:03:15 - [TEST_STEP][PASSED] - checkElement(findTestObject("About YOU/About You label text"), 15): Element 'Object Repository/About YOU/About You label text' is checked

2022-04-21 15:03:15 - [MESSAGE][PASSED] - Element 'Object Repository/About YOU/About You label text' is checked

2022-04-21 15:03:15 - [TEST_STEP][PASSED] - tap(findTestObject("About YOU/About forword Button"), 15): Tapped on element 'Object Repository/About YOU/About forword Button'

2022-04-21 15:03:16 - [MESSAGE][PASSED] - Tapped on element 'Object Repository/About YOU/About forword Button']]></system-out>
         <system-err><![CDATA[]]></system-err>
      </testcase>
      <testcase name="Test Cases/testing/Location Verification" time="11.843" classname="Test Cases/testing/Location Verification" status="PASSED">
         <system-out><![CDATA[2022-04-21 15:03:16 - [TEST_CASE][PASSED] - Test Cases/testing/Location Verification: Test Cases/testing/Location Verification

2022-04-21 15:03:16 - [TEST_STEP][PASSED] - checkElement(findTestObject("Location screen/ABOUT YOU label text"), 15): Element 'Object Repository/Location screen/ABOUT YOU label text' is checked

2022-04-21 15:03:18 - [MESSAGE][PASSED] - Element 'Object Repository/Location screen/ABOUT YOU label text' is checked

2022-04-21 15:03:18 - [TEST_STEP][PASSED] - checkElement(findTestObject("Location screen/So, do you label text"), 15): Element 'Object Repository/Location screen/So, do you label text' is checked

2022-04-21 15:03:21 - [MESSAGE][PASSED] - Element 'Object Repository/Location screen/So, do you label text' is checked

2022-04-21 15:03:21 - [TEST_STEP][PASSED] - checkElement(findTestObject("Location screen/Tell us where you live label text"), 15): Element 'Object Repository/Location screen/Tell us where you live label text' is checked

2022-04-21 15:03:22 - [MESSAGE][PASSED] - Element 'Object Repository/Location screen/Tell us where you live label text' is checked

2022-04-21 15:03:22 - [TEST_STEP][PASSED] - setText(findTestObject("Location screen/country field"), "US", 15): Text 'US' has been set to element 'Object Repository/Location screen/country field'

2022-04-21 15:03:23 - [MESSAGE][PASSED] - Text 'US' has been set to element 'Object Repository/Location screen/country field'

2022-04-21 15:03:23 - [TEST_STEP][PASSED] - setText(findTestObject("Location screen/State field"), "California", 15): Text 'California' has been set to element 'Object Repository/Location screen/State field'

2022-04-21 15:03:24 - [MESSAGE][PASSED] - Text 'California' has been set to element 'Object Repository/Location screen/State field'

2022-04-21 15:03:24 - [TEST_STEP][PASSED] - setText(findTestObject("Location screen/City Field"), "Los Angless", 15): Text 'Los Angless' has been set to element 'Object Repository/Location screen/City Field'

2022-04-21 15:03:26 - [MESSAGE][PASSED] - Text 'Los Angless' has been set to element 'Object Repository/Location screen/City Field'

2022-04-21 15:03:26 - [TEST_STEP][PASSED] - setText(findTestObject("Location screen/Zip Field"), "90001", 15): Text '90001' has been set to element 'Object Repository/Location screen/Zip Field'

2022-04-21 15:03:27 - [MESSAGE][PASSED] - Text '90001' has been set to element 'Object Repository/Location screen/Zip Field'

2022-04-21 15:03:27 - [TEST_STEP][PASSED] - tap(findTestObject("Location screen/loc Forword"), 15): Tapped on element 'Object Repository/Location screen/loc Forword'

2022-04-21 15:03:28 - [MESSAGE][PASSED] - Tapped on element 'Object Repository/Location screen/loc Forword']]></system-out>
         <system-err><![CDATA[]]></system-err>
      </testcase>
      <testcase name="Test Cases/testing/Brutal Honesty" time="4.333" classname="Test Cases/testing/Brutal Honesty" status="PASSED">
         <system-out><![CDATA[2022-04-21 15:03:28 - [TEST_CASE][PASSED] - Test Cases/testing/Brutal Honesty: Test Cases/testing/Brutal Honesty

2022-04-21 15:03:28 - [TEST_STEP][PASSED] - checkElement(findTestObject("Brutal Honesty/ABOUT YOU label text"), 15): Element 'Object Repository/Brutal Honesty/ABOUT YOU label text' is checked

2022-04-21 15:03:30 - [MESSAGE][PASSED] - Element 'Object Repository/Brutal Honesty/ABOUT YOU label text' is checked

2022-04-21 15:03:30 - [TEST_STEP][PASSED] - checkElement(findTestObject("Brutal Honesty/We want you to find label text"), 15): Element 'Object Repository/Brutal Honesty/We want you to find label text' is checked

2022-04-21 15:03:31 - [MESSAGE][PASSED] - Element 'Object Repository/Brutal Honesty/We want you to find label text' is checked

2022-04-21 15:03:31 - [TEST_STEP][PASSED] - tap(findTestObject("Brutal Honesty/Male Radio Button"), 15): Tapped on element 'Object Repository/Brutal Honesty/Male Radio Button'

2022-04-21 15:03:31 - [MESSAGE][PASSED] - Tapped on element 'Object Repository/Brutal Honesty/Male Radio Button'

2022-04-21 15:03:31 - [TEST_STEP][PASSED] - tap(findTestObject("Brutal Honesty/forword"), 15): Tapped on element 'Object Repository/Brutal Honesty/forword'

2022-04-21 15:03:32 - [MESSAGE][PASSED] - Tapped on element 'Object Repository/Brutal Honesty/forword']]></system-out>
         <system-err><![CDATA[]]></system-err>
      </testcase>
      <testcase name="Test Cases/testing/Black White Brown" time="8.33" classname="Test Cases/testing/Black White Brown" status="PASSED">
         <system-out><![CDATA[2022-04-21 15:03:32 - [TEST_CASE][PASSED] - Test Cases/testing/Black White Brown: Test Cases/testing/Black White Brown

2022-04-21 15:03:33 - [TEST_STEP][PASSED] - checkElement(findTestObject("Black White Brown/ABOUT YOU"), 15): Element 'Object Repository/Black White Brown/ABOUT YOU' is checked

2022-04-21 15:03:34 - [MESSAGE][PASSED] - Element 'Object Repository/Black White Brown/ABOUT YOU' is checked

2022-04-21 15:03:34 - [TEST_STEP][PASSED] - checkElement(findTestObject("Black White Brown/Black. White. Brown. Purple label text"), 15): Element 'Object Repository/Black White Brown/Black. White. Brown. Purple label text' is checked

2022-04-21 15:03:35 - [MESSAGE][PASSED] - Element 'Object Repository/Black White Brown/Black. White. Brown. Purple label text' is checked

2022-04-21 15:03:35 - [TEST_STEP][PASSED] - checkElement(findTestObject("Black White Brown/ETHNICITY label Text"), 15): Element 'Object Repository/Black White Brown/ETHNICITY label Text' is checked

2022-04-21 15:03:35 - [MESSAGE][PASSED] - Element 'Object Repository/Black White Brown/ETHNICITY label Text' is checked

2022-04-21 15:03:35 - [TEST_STEP][PASSED] - tap(findTestObject("Black White Brown/East Asian"), 15): Tapped on element 'Object Repository/Black White Brown/East Asian'

2022-04-21 15:03:36 - [MESSAGE][PASSED] - Tapped on element 'Object Repository/Black White Brown/East Asian'

2022-04-21 15:03:36 - [TEST_STEP][PASSED] - tap(findTestObject("Black White Brown/Multiracial"), 15): Tapped on element 'Object Repository/Black White Brown/Multiracial'

2022-04-21 15:03:37 - [MESSAGE][PASSED] - Tapped on element 'Object Repository/Black White Brown/Multiracial'

2022-04-21 15:03:37 - [TEST_STEP][PASSED] - tap(findTestObject("Black White Brown/hispanic Latino"), 15): Tapped on element 'Object Repository/Black White Brown/hispanic Latino'

2022-04-21 15:03:38 - [MESSAGE][PASSED] - Tapped on element 'Object Repository/Black White Brown/hispanic Latino'

2022-04-21 15:03:38 - [TEST_STEP][PASSED] - tap(findTestObject("Black White Brown/south Asian"), 15): Tapped on element 'Object Repository/Black White Brown/south Asian'

2022-04-21 15:03:39 - [MESSAGE][PASSED] - Tapped on element 'Object Repository/Black White Brown/south Asian'

2022-04-21 15:03:39 - [TEST_STEP][PASSED] - tap(findTestObject("Black White Brown/forword"), 15): Tapped on element 'Object Repository/Black White Brown/forword'

2022-04-21 15:03:41 - [MESSAGE][PASSED] - Tapped on element 'Object Repository/Black White Brown/forword']]></system-out>
         <system-err><![CDATA[]]></system-err>
      </testcase>
      <testcase name="Test Cases/testing/Religion" time="8.89" classname="Test Cases/testing/Religion" status="PASSED">
         <system-out><![CDATA[2022-04-21 15:03:41 - [TEST_CASE][PASSED] - Test Cases/testing/Religion: Test Cases/testing/Religion

2022-04-21 15:03:41 - [TEST_STEP][PASSED] - checkElement(findTestObject("Religion/ABOUT YOU"), 15): Element 'Object Repository/Religion/ABOUT YOU' is checked

2022-04-21 15:03:42 - [MESSAGE][PASSED] - Element 'Object Repository/Religion/ABOUT YOU' is checked

2022-04-21 15:03:42 - [TEST_STEP][PASSED] - checkElement(findTestObject("Religion/Well find Lebel Text"), 15): Element 'Object Repository/Religion/Well find Lebel Text' is checked

2022-04-21 15:03:43 - [MESSAGE][PASSED] - Element 'Object Repository/Religion/Well find Lebel Text' is checked

2022-04-21 15:03:43 - [TEST_STEP][PASSED] - tap(findTestObject("Religion/LDS Radio button"), 15): Tapped on element 'Object Repository/Religion/LDS Radio button'

2022-04-21 15:03:44 - [MESSAGE][PASSED] - Tapped on element 'Object Repository/Religion/LDS Radio button'

2022-04-21 15:03:44 - [TEST_STEP][PASSED] - tap(findTestObject("Religion/Christian Radio button"), 15): Tapped on element 'Object Repository/Religion/Christian Radio button'

2022-04-21 15:03:45 - [MESSAGE][PASSED] - Tapped on element 'Object Repository/Religion/Christian Radio button'

2022-04-21 15:03:45 - [TEST_STEP][PASSED] - tap(findTestObject("Religion/Spiritual Radio button"), 15): Tapped on element 'Object Repository/Religion/Spiritual Radio button'

2022-04-21 15:03:46 - [MESSAGE][PASSED] - Tapped on element 'Object Repository/Religion/Spiritual Radio button'

2022-04-21 15:03:46 - [TEST_STEP][PASSED] - tap(findTestObject("Religion/Muslim Radio button"), 15): Tapped on element 'Object Repository/Religion/Muslim Radio button'

2022-04-21 15:03:47 - [MESSAGE][PASSED] - Tapped on element 'Object Repository/Religion/Muslim Radio button'

2022-04-21 15:03:47 - [TEST_STEP][PASSED] - tap(findTestObject("Religion/Buddhist taoist Radio button"), 15): Tapped on element 'Object Repository/Religion/Buddhist taoist Radio button'

2022-04-21 15:03:48 - [MESSAGE][PASSED] - Tapped on element 'Object Repository/Religion/Buddhist taoist Radio button'

2022-04-21 15:03:48 - [TEST_STEP][PASSED] - tap(findTestObject("Religion/forword"), 15): Tapped on element 'Object Repository/Religion/forword'

2022-04-21 15:03:49 - [MESSAGE][PASSED] - Tapped on element 'Object Repository/Religion/forword']]></system-out>
         <system-err><![CDATA[]]></system-err>
      </testcase>
      <testcase name="Test Cases/testing/One Liner" time="5.223" classname="Test Cases/testing/One Liner" status="PASSED">
         <system-out><![CDATA[2022-04-21 15:03:49 - [TEST_CASE][PASSED] - Test Cases/testing/One Liner: Test Cases/testing/One Liner

2022-04-21 15:03:50 - [TEST_STEP][PASSED] - checkElement(findTestObject("One Liner/PROFILE"), 15): Element 'Object Repository/One Liner/PROFILE' is checked

2022-04-21 15:03:51 - [MESSAGE][PASSED] - Element 'Object Repository/One Liner/PROFILE' is checked

2022-04-21 15:03:51 - [TEST_STEP][PASSED] - checkElement(findTestObject("One Liner/Got a personal one-liner or catch phrase"), 15): Element 'Object Repository/One Liner/Got a personal one-liner or catch phrase' is checked

2022-04-21 15:03:52 - [MESSAGE][PASSED] - Element 'Object Repository/One Liner/Got a personal one-liner or catch phrase' is checked

2022-04-21 15:03:52 - [TEST_STEP][PASSED] - checkElement(findTestObject("One Liner/No pressure label text"), 15): Element 'Object Repository/One Liner/No pressure label text' is checked

2022-04-21 15:03:53 - [MESSAGE][PASSED] - Element 'Object Repository/One Liner/No pressure label text' is checked

2022-04-21 15:03:53 - [TEST_STEP][PASSED] - setText(findTestObject("One Liner/My catch phrase"), "This is only for testing purpose one Liner", 15): Text 'This is only for testing purpose one Liner' has been set to element 'Object Repository/One Liner/My catch phrase'

2022-04-21 15:03:54 - [MESSAGE][PASSED] - Text 'This is only for testing purpose one Liner' has been set to element 'Object Repository/One Liner/My catch phrase'

2022-04-21 15:03:54 - [TEST_STEP][PASSED] - tap(findTestObject("One Liner/forword"), 15): Tapped on element 'Object Repository/One Liner/forword'

2022-04-21 15:03:55 - [MESSAGE][PASSED] - Tapped on element 'Object Repository/One Liner/forword']]></system-out>
         <system-err><![CDATA[]]></system-err>
      </testcase>
      <testcase name="Test Cases/testing/Relationship Status" time="8.264" classname="Test Cases/testing/Relationship Status" status="PASSED">
         <system-out><![CDATA[2022-04-21 15:03:55 - [TEST_CASE][PASSED] - Test Cases/testing/Relationship Status: Test Cases/testing/Relationship Status

2022-04-21 15:03:55 - [TEST_STEP][PASSED] - checkElement(findTestObject("Relationship Status/ABOUT YOU"), 15): Element 'Object Repository/Relationship Status/ABOUT YOU' is checked

2022-04-21 15:03:57 - [MESSAGE][PASSED] - Element 'Object Repository/Relationship Status/ABOUT YOU' is checked

2022-04-21 15:03:57 - [TEST_STEP][PASSED] - checkElement(findTestObject("Relationship Status/Check one label Text"), 15): Element 'Object Repository/Relationship Status/Check one label Text' is checked

2022-04-21 15:03:58 - [MESSAGE][PASSED] - Element 'Object Repository/Relationship Status/Check one label Text' is checked

2022-04-21 15:03:58 - [TEST_STEP][PASSED] - tap(findTestObject("Relationship Status/Separated Radio button"), 5): Tapped on element 'Object Repository/Relationship Status/Separated Radio button'

2022-04-21 15:03:59 - [MESSAGE][PASSED] - Tapped on element 'Object Repository/Relationship Status/Separated Radio button'

2022-04-21 15:03:59 - [TEST_STEP][PASSED] - tap(findTestObject("Relationship Status/Divorce in Pogress Radio button"), 15): Tapped on element 'Object Repository/Relationship Status/Divorce in Pogress Radio button'

2022-04-21 15:04:00 - [MESSAGE][PASSED] - Tapped on element 'Object Repository/Relationship Status/Divorce in Pogress Radio button'

2022-04-21 15:04:00 - [TEST_STEP][PASSED] - tap(findTestObject("Relationship Status/Widowed Radio button"), 15): Tapped on element 'Object Repository/Relationship Status/Widowed Radio button'

2022-04-21 15:04:02 - [MESSAGE][PASSED] - Tapped on element 'Object Repository/Relationship Status/Widowed Radio button'

2022-04-21 15:04:02 - [TEST_STEP][PASSED] - tap(findTestObject("Relationship Status/Forword"), 15): Tapped on element 'Object Repository/Relationship Status/Forword'

2022-04-21 15:04:03 - [MESSAGE][PASSED] - Tapped on element 'Object Repository/Relationship Status/Forword']]></system-out>
         <system-err><![CDATA[]]></system-err>
      </testcase>
      <testcase name="Test Cases/testing/Family Plans" time="8.778" classname="Test Cases/testing/Family Plans" status="PASSED">
         <system-out><![CDATA[2022-04-21 15:04:03 - [TEST_CASE][PASSED] - Test Cases/testing/Family Plans: Test Cases/testing/Family Plans

2022-04-21 15:04:03 - [TEST_STEP][PASSED] - checkElement(findTestObject("Family Plain/ABOUT YOU"), 15): Element 'Object Repository/Family Plain/ABOUT YOU' is checked

2022-04-21 15:04:05 - [MESSAGE][PASSED] - Element 'Object Repository/Family Plain/ABOUT YOU' is checked

2022-04-21 15:04:05 - [TEST_STEP][PASSED] - checkElement(findTestObject("Family Plain/As long as label text"), 15): Element 'Object Repository/Family Plain/As long as label text' is checked

2022-04-21 15:04:06 - [MESSAGE][PASSED] - Element 'Object Repository/Family Plain/As long as label text' is checked

2022-04-21 15:04:06 - [TEST_STEP][PASSED] - tap(findTestObject("Family Plain/I dont want children Radio button"), 15): Tapped on element 'Object Repository/Family Plain/I dont want children Radio button'

2022-04-21 15:04:07 - [MESSAGE][PASSED] - Tapped on element 'Object Repository/Family Plain/I dont want children Radio button'

2022-04-21 15:04:07 - [TEST_STEP][PASSED] - tap(findTestObject("Family Plain/I dont have children Radio button"), 15): Tapped on element 'Object Repository/Family Plain/I dont have children Radio button'

2022-04-21 15:04:08 - [MESSAGE][PASSED] - Tapped on element 'Object Repository/Family Plain/I dont have children Radio button'

2022-04-21 15:04:08 - [TEST_STEP][PASSED] - tap(findTestObject("Family Plain/I want children Radio button"), 15): Tapped on element 'Object Repository/Family Plain/I want children Radio button'

2022-04-21 15:04:09 - [MESSAGE][PASSED] - Tapped on element 'Object Repository/Family Plain/I want children Radio button'

2022-04-21 15:04:09 - [TEST_STEP][PASSED] - tap(findTestObject("Family Plain/I m open to children Radio button"), 15): Tapped on element 'Object Repository/Family Plain/I m open to children Radio button'

2022-04-21 15:04:10 - [MESSAGE][PASSED] - Tapped on element 'Object Repository/Family Plain/I m open to children Radio button'

2022-04-21 15:04:10 - [TEST_STEP][PASSED] - tap(findTestObject("Family Plain/forword"), 15): Tapped on element 'Object Repository/Family Plain/forword'

2022-04-21 15:04:12 - [MESSAGE][PASSED] - Tapped on element 'Object Repository/Family Plain/forword']]></system-out>
         <system-err><![CDATA[]]></system-err>
      </testcase>
      <testcase name="Test Cases/testing/Education" time="8.629" classname="Test Cases/testing/Education" status="PASSED">
         <system-out><![CDATA[2022-04-21 15:04:12 - [TEST_CASE][PASSED] - Test Cases/testing/Education: Test Cases/testing/Education

2022-04-21 15:04:12 - [TEST_STEP][PASSED] - checkElement(findTestObject("Education/ABOUT YOU"), 15): Element 'Object Repository/Education/ABOUT YOU' is checked

2022-04-21 15:04:14 - [MESSAGE][PASSED] - Element 'Object Repository/Education/ABOUT YOU' is checked

2022-04-21 15:04:14 - [TEST_STEP][PASSED] - checkElement(findTestObject("Education/All we label text"), 15): Element 'Object Repository/Education/All we label text' is checked

2022-04-21 15:04:15 - [MESSAGE][PASSED] - Element 'Object Repository/Education/All we label text' is checked

2022-04-21 15:04:15 - [TEST_STEP][PASSED] - tap(findTestObject("Education/Graduate Professional Degree Radio button"), 15): Tapped on element 'Object Repository/Education/Graduate Professional Degree Radio button'

2022-04-21 15:04:15 - [MESSAGE][PASSED] - Tapped on element 'Object Repository/Education/Graduate Professional Degree Radio button'

2022-04-21 15:04:15 - [TEST_STEP][PASSED] - tap(findTestObject("Education/Some Collage Radio button"), 15): Tapped on element 'Object Repository/Education/Some Collage Radio button'

2022-04-21 15:04:17 - [MESSAGE][PASSED] - Tapped on element 'Object Repository/Education/Some Collage Radio button'

2022-04-21 15:04:17 - [TEST_STEP][PASSED] - tap(findTestObject("Education/HS Diploma Radio button"), 15): Tapped on element 'Object Repository/Education/HS Diploma Radio button'

2022-04-21 15:04:18 - [MESSAGE][PASSED] - Tapped on element 'Object Repository/Education/HS Diploma Radio button'

2022-04-21 15:04:18 - [TEST_STEP][PASSED] - tap(findTestObject("Education/Phd Doctoral Radio button"), 15): Tapped on element 'Object Repository/Education/Phd Doctoral Radio button'

2022-04-21 15:04:19 - [MESSAGE][PASSED] - Tapped on element 'Object Repository/Education/Phd Doctoral Radio button'

2022-04-21 15:04:19 - [TEST_STEP][PASSED] - tap(findTestObject("Education/Forword"), 15): Tapped on element 'Object Repository/Education/Forword'

2022-04-21 15:04:20 - [MESSAGE][PASSED] - Tapped on element 'Object Repository/Education/Forword']]></system-out>
         <system-err><![CDATA[]]></system-err>
      </testcase>
      <testcase name="Test Cases/testing/Vices" time="15.433" classname="Test Cases/testing/Vices" status="PASSED">
         <system-out><![CDATA[2022-04-21 15:04:20 - [TEST_CASE][PASSED] - Test Cases/testing/Vices: Test Cases/testing/Vices

2022-04-21 15:04:21 - [TEST_STEP][PASSED] - checkElement(findTestObject("VICES/ABOUT YOU"), 15): Element 'Object Repository/VICES/ABOUT YOU' is checked

2022-04-21 15:04:22 - [MESSAGE][PASSED] - Element 'Object Repository/VICES/ABOUT YOU' is checked

2022-04-21 15:04:22 - [TEST_STEP][PASSED] - checkElement(findTestObject("VICES/In our eyes label Text"), 15): Element 'Object Repository/VICES/In our eyes label Text' is checked

2022-04-21 15:04:23 - [MESSAGE][PASSED] - Element 'Object Repository/VICES/In our eyes label Text' is checked

2022-04-21 15:04:23 - [TEST_STEP][PASSED] - tap(findTestObject("VICES/Never AL Radio button"), 15): Tapped on element 'Object Repository/VICES/Never AL Radio button'

2022-04-21 15:04:24 - [MESSAGE][PASSED] - Tapped on element 'Object Repository/VICES/Never AL Radio button'

2022-04-21 15:04:24 - [TEST_STEP][PASSED] - tap(findTestObject("VICES/Socially Radio button"), 15): Tapped on element 'Object Repository/VICES/Socially Radio button'

2022-04-21 15:04:26 - [MESSAGE][PASSED] - Tapped on element 'Object Repository/VICES/Socially Radio button'

2022-04-21 15:04:26 - [TEST_STEP][PASSED] - tap(findTestObject("VICES/Socially AL Radio button"), 15): Tapped on element 'Object Repository/VICES/Socially AL Radio button'

2022-04-21 15:04:26 - [MESSAGE][PASSED] - Tapped on element 'Object Repository/VICES/Socially AL Radio button'

2022-04-21 15:04:26 - [TEST_STEP][PASSED] - tap(findTestObject("VICES/Often Mari Radio button"), 15): Tapped on element 'Object Repository/VICES/Often Mari Radio button'

2022-04-21 15:04:28 - [MESSAGE][PASSED] - Tapped on element 'Object Repository/VICES/Often Mari Radio button'

2022-04-21 15:04:28 - [TEST_STEP][PASSED] - tap(findTestObject("VICES/Socially Mari Radio button"), 15): Tapped on element 'Object Repository/VICES/Socially Mari Radio button'

2022-04-21 15:04:29 - [MESSAGE][PASSED] - Tapped on element 'Object Repository/VICES/Socially Mari Radio button'

2022-04-21 15:04:29 - [TEST_STEP][PASSED] - tap(findTestObject("VICES/Never Radio button"), 15): Tapped on element 'Object Repository/VICES/Never Radio button'

2022-04-21 15:04:30 - [MESSAGE][PASSED] - Tapped on element 'Object Repository/VICES/Never Radio button'

2022-04-21 15:04:30 - [TEST_STEP][PASSED] - tap(findTestObject("VICES/Often Radio button"), 15): Tapped on element 'Object Repository/VICES/Often Radio button'

2022-04-21 15:04:32 - [MESSAGE][PASSED] - Tapped on element 'Object Repository/VICES/Often Radio button'

2022-04-21 15:04:32 - [TEST_STEP][PASSED] - tap(findTestObject("VICES/Never Mari Radio button"), 15): Tapped on element 'Object Repository/VICES/Never Mari Radio button'

2022-04-21 15:04:33 - [MESSAGE][PASSED] - Tapped on element 'Object Repository/VICES/Never Mari Radio button'

2022-04-21 15:04:33 - [TEST_STEP][PASSED] - tap(findTestObject("VICES/Often AL Radio button"), 15): Tapped on element 'Object Repository/VICES/Often AL Radio button'

2022-04-21 15:04:34 - [MESSAGE][PASSED] - Tapped on element 'Object Repository/VICES/Often AL Radio button'

2022-04-21 15:04:34 - [TEST_STEP][PASSED] - tap(findTestObject("VICES/Forword"), 15): Tapped on element 'Object Repository/VICES/Forword'

2022-04-21 15:04:36 - [MESSAGE][PASSED] - Tapped on element 'Object Repository/VICES/Forword']]></system-out>
         <system-err><![CDATA[]]></system-err>
      </testcase>
      <testcase name="Test Cases/testing/politics" time="10.515" classname="Test Cases/testing/politics" status="PASSED">
         <system-out><![CDATA[2022-04-21 15:04:36 - [TEST_CASE][PASSED] - Test Cases/testing/politics: Test Cases/testing/politics

2022-04-21 15:04:36 - [TEST_STEP][PASSED] - checkElement(findTestObject("politices/ABOUT YOU"), 15): Element 'Object Repository/politices/ABOUT YOU' is checked

2022-04-21 15:04:38 - [MESSAGE][PASSED] - Element 'Object Repository/politices/ABOUT YOU' is checked

2022-04-21 15:04:38 - [TEST_STEP][PASSED] - checkElement(findTestObject("politices/We plead the fifth label text"), 15): Element 'Object Repository/politices/We plead the fifth label text' is checked

2022-04-21 15:04:39 - [MESSAGE][PASSED] - Element 'Object Repository/politices/We plead the fifth label text' is checked

2022-04-21 15:04:39 - [TEST_STEP][PASSED] - checkElement(findTestObject("politices/POLITICS label text"), 15): Element 'Object Repository/politices/POLITICS label text' is checked

2022-04-21 15:04:40 - [MESSAGE][PASSED] - Element 'Object Repository/politices/POLITICS label text' is checked

2022-04-21 15:04:40 - [TEST_STEP][PASSED] - tap(findTestObject("politices/Conservative"), 15): Tapped on element 'Object Repository/politices/Conservative'

2022-04-21 15:04:41 - [MESSAGE][PASSED] - Tapped on element 'Object Repository/politices/Conservative'

2022-04-21 15:04:41 - [TEST_STEP][PASSED] - tap(findTestObject("politices/Liberal"), 15): Tapped on element 'Object Repository/politices/Liberal'

2022-04-21 15:04:42 - [MESSAGE][PASSED] - Tapped on element 'Object Repository/politices/Liberal'

2022-04-21 15:04:42 - [TEST_STEP][PASSED] - tap(findTestObject("politices/Moderate"), 15): Tapped on element 'Object Repository/politices/Moderate'

2022-04-21 15:04:43 - [MESSAGE][PASSED] - Tapped on element 'Object Repository/politices/Moderate'

2022-04-21 15:04:43 - [TEST_STEP][PASSED] - tap(findTestObject("politices/Apolitical"), 15): Tapped on element 'Object Repository/politices/Apolitical'

2022-04-21 15:04:45 - [MESSAGE][PASSED] - Tapped on element 'Object Repository/politices/Apolitical'

2022-04-21 15:04:45 - [TEST_STEP][PASSED] - tap(findTestObject("politices/forword"), 15): Tapped on element 'Object Repository/politices/forword'

2022-04-21 15:04:46 - [MESSAGE][PASSED] - Tapped on element 'Object Repository/politices/forword']]></system-out>
         <system-err><![CDATA[]]></system-err>
      </testcase>
      <testcase name="Test Cases/testing/Upload Picture" time="30.86" classname="Test Cases/testing/Upload Picture" status="PASSED">
         <system-out><![CDATA[2022-04-21 15:04:46 - [TEST_CASE][PASSED] - Test Cases/testing/Upload Picture: Test Cases/testing/Upload Picture

2022-04-21 15:04:47 - [TEST_STEP][PASSED] - checkElement(findTestObject("Upload Picture/ABOUT YOU"), 15): Element 'Object Repository/Upload Picture/ABOUT YOU' is checked

2022-04-21 15:04:49 - [MESSAGE][PASSED] - Element 'Object Repository/Upload Picture/ABOUT YOU' is checked

2022-04-21 15:04:49 - [TEST_STEP][PASSED] - checkElement(findTestObject("Upload Picture/Show us your best side label text"), 15): Element 'Object Repository/Upload Picture/Show us your best side label text' is checked

2022-04-21 15:04:50 - [MESSAGE][PASSED] - Element 'Object Repository/Upload Picture/Show us your best side label text' is checked

2022-04-21 15:04:50 - [TEST_STEP][PASSED] - tap(findTestObject("Upload Picture/Upload Picture Button"), 15): Tapped on element 'Object Repository/Upload Picture/Upload Picture Button'

2022-04-21 15:04:51 - [MESSAGE][PASSED] - Tapped on element 'Object Repository/Upload Picture/Upload Picture Button'

2022-04-21 15:04:51 - [TEST_STEP][PASSED] - tap(findTestObject("Upload Picture/Choose From Gallery Button"), 15): Tapped on element 'Object Repository/Upload Picture/Choose From Gallery Button'

2022-04-21 15:04:52 - [MESSAGE][PASSED] - Tapped on element 'Object Repository/Upload Picture/Choose From Gallery Button'

2022-04-21 15:04:52 - [TEST_STEP][PASSED] - tap(findTestObject("Upload Picture/Photo By Gallary"), 15): Tapped on element 'Object Repository/Upload Picture/Photo By Gallary'

2022-04-21 15:05:01 - [MESSAGE][PASSED] - Tapped on element 'Object Repository/Upload Picture/Photo By Gallary'

2022-04-21 15:05:01 - [TEST_STEP][PASSED] - delay(15, STOP_ON_FAILURE): Delayed 15 second(s)

2022-04-21 15:05:16 - [MESSAGE][PASSED] - Delayed 15 second(s)

2022-04-21 15:05:16 - [TEST_STEP][PASSED] - tap(findTestObject("Upload Picture/forword button"), 15): Tapped on element 'Object Repository/Upload Picture/forword button'

2022-04-21 15:05:17 - [MESSAGE][PASSED] - Tapped on element 'Object Repository/Upload Picture/forword button']]></system-out>
         <system-err><![CDATA[]]></system-err>
      </testcase>
      <testcase name="Test Cases/testing/Partner Start Info" time="11.272" classname="Test Cases/testing/Partner Start Info" status="PASSED">
         <system-out><![CDATA[2022-04-21 15:05:50 - [TEST_CASE][PASSED] - Test Cases/testing/Partner Start Info: Test Cases/testing/Partner Start Info

2022-04-21 15:05:50 - [TEST_STEP][PASSED] - checkElement(findTestObject("Have Fun Time/Now for the fun part  label text"), 15): Element 'Object Repository/Have Fun Time/Now for the fun part  label text' is checked

2022-04-21 15:06:00 - [MESSAGE][PASSED] - Element 'Object Repository/Have Fun Time/Now for the fun part  label text' is checked

2022-04-21 15:06:00 - [TEST_STEP][PASSED] - tap(findTestObject("Have Fun Time/Forword"), 15): Tapped on element 'Object Repository/Have Fun Time/Forword'

2022-04-21 15:06:01 - [MESSAGE][PASSED] - Tapped on element 'Object Repository/Have Fun Time/Forword']]></system-out>
         <system-err><![CDATA[]]></system-err>
      </testcase>
      <testcase name="Test Cases/testing/Partner Gender" time="9.781" classname="Test Cases/testing/Partner Gender" status="PASSED">
         <system-out><![CDATA[2022-04-21 15:06:01 - [TEST_CASE][PASSED] - Test Cases/testing/Partner Gender: Test Cases/testing/Partner Gender

2022-04-21 15:06:01 - [TEST_STEP][PASSED] - checkElement(findTestObject("Partner Gender/YOUR MATCH"), 15): Element 'Object Repository/Partner Gender/YOUR MATCH' is checked

2022-04-21 15:06:03 - [MESSAGE][PASSED] - Element 'Object Repository/Partner Gender/YOUR MATCH' is checked

2022-04-21 15:06:03 - [TEST_STEP][PASSED] - checkElement(findTestObject("Partner Gender/Choose on"), 15): Element 'Object Repository/Partner Gender/Choose on' is checked

2022-04-21 15:06:04 - [MESSAGE][PASSED] - Element 'Object Repository/Partner Gender/Choose on' is checked

2022-04-21 15:06:04 - [TEST_STEP][PASSED] - tap(findTestObject("Partner Gender/Open to All"), 15): Tapped on element 'Object Repository/Partner Gender/Open to All'

2022-04-21 15:06:05 - [MESSAGE][PASSED] - Tapped on element 'Object Repository/Partner Gender/Open to All'

2022-04-21 15:06:05 - [TEST_STEP][PASSED] - tap(findTestObject("Partner Gender/Female Checkbox"), 15): Tapped on element 'Object Repository/Partner Gender/Female Checkbox'

2022-04-21 15:06:06 - [MESSAGE][PASSED] - Tapped on element 'Object Repository/Partner Gender/Female Checkbox'

2022-04-21 15:06:06 - [TEST_STEP][PASSED] - tap(findTestObject("Partner Gender/Male CheckBox"), 15): Tapped on element 'Object Repository/Partner Gender/Male CheckBox'

2022-04-21 15:06:07 - [MESSAGE][PASSED] - Tapped on element 'Object Repository/Partner Gender/Male CheckBox'

2022-04-21 15:06:07 - [TEST_STEP][PASSED] - tap(findTestObject("Partner Gender/Non-Binary Checkbox"), 15): Tapped on element 'Object Repository/Partner Gender/Non-Binary Checkbox'

2022-04-21 15:06:08 - [MESSAGE][PASSED] - Tapped on element 'Object Repository/Partner Gender/Non-Binary Checkbox'

2022-04-21 15:06:08 - [TEST_STEP][PASSED] - tap(findTestObject("Partner Gender/Open to All"), 15): Tapped on element 'Object Repository/Partner Gender/Open to All'

2022-04-21 15:06:10 - [MESSAGE][PASSED] - Tapped on element 'Object Repository/Partner Gender/Open to All'

2022-04-21 15:06:10 - [TEST_STEP][PASSED] - tap(findTestObject("Partner Gender/forword"), 15): Tapped on element 'Object Repository/Partner Gender/forword'

2022-04-21 15:06:11 - [MESSAGE][PASSED] - Tapped on element 'Object Repository/Partner Gender/forword']]></system-out>
         <system-err><![CDATA[]]></system-err>
      </testcase>
      <testcase name="Test Cases/testing/Partner ethnicity" time="12.042" classname="Test Cases/testing/Partner ethnicity" status="PASSED">
         <system-out><![CDATA[2022-04-21 15:06:11 - [TEST_CASE][PASSED] - Test Cases/testing/Partner ethnicity: Test Cases/testing/Partner ethnicity

2022-04-21 15:06:11 - [TEST_STEP][PASSED] - checkElement(findTestObject("Partner Ethnicity/YOUR MATCH"), 15): Element 'Object Repository/Partner Ethnicity/YOUR MATCH' is checked

2022-04-21 15:06:13 - [MESSAGE][PASSED] - Element 'Object Repository/Partner Ethnicity/YOUR MATCH' is checked

2022-04-21 15:06:13 - [TEST_STEP][PASSED] - checkElement(findTestObject("Partner Ethnicity/ETHNICITY label Text"), 15): Element 'Object Repository/Partner Ethnicity/ETHNICITY label Text' is checked

2022-04-21 15:06:13 - [MESSAGE][PASSED] - Element 'Object Repository/Partner Ethnicity/ETHNICITY label Text' is checked

2022-04-21 15:06:13 - [TEST_STEP][PASSED] - tap(findTestObject("Partner Ethnicity/Open To All"), 15): Tapped on element 'Object Repository/Partner Ethnicity/Open To All'

2022-04-21 15:06:14 - [MESSAGE][PASSED] - Tapped on element 'Object Repository/Partner Ethnicity/Open To All'

2022-04-21 15:06:14 - [TEST_STEP][PASSED] - tap(findTestObject("Partner Ethnicity/East Asian"), 15): Tapped on element 'Object Repository/Partner Ethnicity/East Asian'

2022-04-21 15:06:15 - [MESSAGE][PASSED] - Tapped on element 'Object Repository/Partner Ethnicity/East Asian'

2022-04-21 15:06:15 - [TEST_STEP][PASSED] - tap(findTestObject("Partner Ethnicity/Middle Eastern"), 15): Tapped on element 'Object Repository/Partner Ethnicity/Middle Eastern'

2022-04-21 15:06:16 - [MESSAGE][PASSED] - Tapped on element 'Object Repository/Partner Ethnicity/Middle Eastern'

2022-04-21 15:06:16 - [TEST_STEP][PASSED] - tap(findTestObject("Partner Ethnicity/Hispanic"), 15): Tapped on element 'Object Repository/Partner Ethnicity/Hispanic'

2022-04-21 15:06:17 - [MESSAGE][PASSED] - Tapped on element 'Object Repository/Partner Ethnicity/Hispanic'

2022-04-21 15:06:17 - [TEST_STEP][PASSED] - tap(findTestObject("Partner Ethnicity/Multiracial"), 15): Tapped on element 'Object Repository/Partner Ethnicity/Multiracial'

2022-04-21 15:06:19 - [MESSAGE][PASSED] - Tapped on element 'Object Repository/Partner Ethnicity/Multiracial'

2022-04-21 15:06:19 - [TEST_STEP][PASSED] - tap(findTestObject("Partner Ethnicity/White caucasian"), 15): Tapped on element 'Object Repository/Partner Ethnicity/White caucasian'

2022-04-21 15:06:20 - [MESSAGE][PASSED] - Tapped on element 'Object Repository/Partner Ethnicity/White caucasian'

2022-04-21 15:06:20 - [TEST_STEP][PASSED] - tap(findTestObject("Partner Ethnicity/Pacific Islander"), 15): Tapped on element 'Object Repository/Partner Ethnicity/Pacific Islander'

2022-04-21 15:06:21 - [MESSAGE][PASSED] - Tapped on element 'Object Repository/Partner Ethnicity/Pacific Islander'

2022-04-21 15:06:21 - [TEST_STEP][PASSED] - tap(findTestObject("Partner Ethnicity/South Asian"), 15): Tapped on element 'Object Repository/Partner Ethnicity/South Asian'

2022-04-21 15:06:22 - [MESSAGE][PASSED] - Tapped on element 'Object Repository/Partner Ethnicity/South Asian'

2022-04-21 15:06:22 - [TEST_STEP][PASSED] - tap(findTestObject("Partner Ethnicity/forword"), 15): Tapped on element 'Object Repository/Partner Ethnicity/forword'

2022-04-21 15:06:23 - [MESSAGE][PASSED] - Tapped on element 'Object Repository/Partner Ethnicity/forword']]></system-out>
         <system-err><![CDATA[]]></system-err>
      </testcase>
      <testcase name="Test Cases/testing/Partner Religion" time="11.008" classname="Test Cases/testing/Partner Religion" status="PASSED">
         <system-out><![CDATA[2022-04-21 15:06:23 - [TEST_CASE][PASSED] - Test Cases/testing/Partner Religion: Test Cases/testing/Partner Religion

2022-04-21 15:06:23 - [TEST_STEP][PASSED] - checkElement(findTestObject("Partner Religion/YOUR MATCH"), 15): Element 'Object Repository/Partner Religion/YOUR MATCH' is checked

2022-04-21 15:06:25 - [MESSAGE][PASSED] - Element 'Object Repository/Partner Religion/YOUR MATCH' is checked

2022-04-21 15:06:25 - [TEST_STEP][PASSED] - checkElement(findTestObject("Partner Religion/The answer to"), 15): Element 'Object Repository/Partner Religion/The answer to' is checked

2022-04-21 15:06:25 - [MESSAGE][PASSED] - Element 'Object Repository/Partner Religion/The answer to' is checked

2022-04-21 15:06:25 - [TEST_STEP][PASSED] - checkElement(findTestObject("Partner Religion/RELIGION label Text"), 15): Element 'Object Repository/Partner Religion/RELIGION label Text' is checked

2022-04-21 15:06:26 - [MESSAGE][PASSED] - Element 'Object Repository/Partner Religion/RELIGION label Text' is checked

2022-04-21 15:06:26 - [TEST_STEP][PASSED] - tap(findTestObject("Partner Religion/Open To All"), 15): Tapped on element 'Object Repository/Partner Religion/Open To All'

2022-04-21 15:06:26 - [MESSAGE][PASSED] - Tapped on element 'Object Repository/Partner Religion/Open To All'

2022-04-21 15:06:26 - [TEST_STEP][PASSED] - tap(findTestObject("Partner Religion/Hindu"), 15): Tapped on element 'Object Repository/Partner Religion/Hindu'

2022-04-21 15:06:28 - [MESSAGE][PASSED] - Tapped on element 'Object Repository/Partner Religion/Hindu'

2022-04-21 15:06:28 - [TEST_STEP][PASSED] - tap(findTestObject("Partner Religion/Buddhist"), 15): Tapped on element 'Object Repository/Partner Religion/Buddhist'

2022-04-21 15:06:29 - [MESSAGE][PASSED] - Tapped on element 'Object Repository/Partner Religion/Buddhist'

2022-04-21 15:06:29 - [TEST_STEP][PASSED] - tap(findTestObject("Partner Religion/LDS"), 15): Tapped on element 'Object Repository/Partner Religion/LDS'

2022-04-21 15:06:30 - [MESSAGE][PASSED] - Tapped on element 'Object Repository/Partner Religion/LDS'

2022-04-21 15:06:30 - [TEST_STEP][PASSED] - tap(findTestObject("Partner Religion/Muslim"), 15): Tapped on element 'Object Repository/Partner Religion/Muslim'

2022-04-21 15:06:31 - [MESSAGE][PASSED] - Tapped on element 'Object Repository/Partner Religion/Muslim'

2022-04-21 15:06:31 - [TEST_STEP][PASSED] - tap(findTestObject("Partner Religion/Sikh"), 15): Tapped on element 'Object Repository/Partner Religion/Sikh'

2022-04-21 15:06:32 - [MESSAGE][PASSED] - Tapped on element 'Object Repository/Partner Religion/Sikh'

2022-04-21 15:06:32 - [TEST_STEP][PASSED] - tap(findTestObject("Partner Religion/Spiritual"), 15): Tapped on element 'Object Repository/Partner Religion/Spiritual'

2022-04-21 15:06:33 - [MESSAGE][PASSED] - Tapped on element 'Object Repository/Partner Religion/Spiritual'

2022-04-21 15:06:33 - [TEST_STEP][PASSED] - tap(findTestObject("Partner Religion/Forword"), 15): Tapped on element 'Object Repository/Partner Religion/Forword'

2022-04-21 15:06:34 - [MESSAGE][PASSED] - Tapped on element 'Object Repository/Partner Religion/Forword']]></system-out>
         <system-err><![CDATA[]]></system-err>
      </testcase>
      <testcase name="Test Cases/testing/Partner Marital Status" time="10.347" classname="Test Cases/testing/Partner Marital Status" status="PASSED">
         <system-out><![CDATA[2022-04-21 15:06:34 - [TEST_CASE][PASSED] - Test Cases/testing/Partner Marital Status: Test Cases/testing/Partner Marital Status

2022-04-21 15:06:34 - [TEST_STEP][PASSED] - checkElement(findTestObject("Partner Marital Status/YOUR MATCH"), 15): Element 'Object Repository/Partner Marital Status/YOUR MATCH' is checked

2022-04-21 15:06:36 - [MESSAGE][PASSED] - Element 'Object Repository/Partner Marital Status/YOUR MATCH' is checked

2022-04-21 15:06:36 - [TEST_STEP][PASSED] - checkElement(findTestObject("Partner Marital Status/Obviously your"), 15): Element 'Object Repository/Partner Marital Status/Obviously your' is checked

2022-04-21 15:06:36 - [MESSAGE][PASSED] - Element 'Object Repository/Partner Marital Status/Obviously your' is checked

2022-04-21 15:06:36 - [TEST_STEP][PASSED] - checkElement(findTestObject("Partner Marital Status/MARITAL STATUS label Text"), 15): Element 'Object Repository/Partner Marital Status/MARITAL STATUS label Text' is checked

2022-04-21 15:06:37 - [MESSAGE][PASSED] - Element 'Object Repository/Partner Marital Status/MARITAL STATUS label Text' is checked

2022-04-21 15:06:37 - [TEST_STEP][PASSED] - tap(findTestObject("Partner Religion/Open To All"), 15): Tapped on element 'Object Repository/Partner Religion/Open To All'

2022-04-21 15:06:38 - [MESSAGE][PASSED] - Tapped on element 'Object Repository/Partner Religion/Open To All'

2022-04-21 15:06:38 - [TEST_STEP][PASSED] - tap(findTestObject("Partner Marital Status/Never Married"), 15): Tapped on element 'Object Repository/Partner Marital Status/Never Married'

2022-04-21 15:06:39 - [MESSAGE][PASSED] - Tapped on element 'Object Repository/Partner Marital Status/Never Married'

2022-04-21 15:06:39 - [TEST_STEP][PASSED] - tap(findTestObject("Partner Marital Status/Divorced"), 15): Tapped on element 'Object Repository/Partner Marital Status/Divorced'

2022-04-21 15:06:40 - [MESSAGE][PASSED] - Tapped on element 'Object Repository/Partner Marital Status/Divorced'

2022-04-21 15:06:40 - [TEST_STEP][PASSED] - tap(findTestObject("Partner Marital Status/Separated"), 15): Tapped on element 'Object Repository/Partner Marital Status/Separated'

2022-04-21 15:06:41 - [MESSAGE][PASSED] - Tapped on element 'Object Repository/Partner Marital Status/Separated'

2022-04-21 15:06:41 - [TEST_STEP][PASSED] - tap(findTestObject("Partner Marital Status/divorce in Progress"), 15): Tapped on element 'Object Repository/Partner Marital Status/divorce in Progress'

2022-04-21 15:06:42 - [MESSAGE][PASSED] - Tapped on element 'Object Repository/Partner Marital Status/divorce in Progress'

2022-04-21 15:06:42 - [TEST_STEP][PASSED] - tap(findTestObject("Partner Marital Status/Widowed"), 15): Tapped on element 'Object Repository/Partner Marital Status/Widowed'

2022-04-21 15:06:43 - [MESSAGE][PASSED] - Tapped on element 'Object Repository/Partner Marital Status/Widowed'

2022-04-21 15:06:43 - [TEST_STEP][PASSED] - tap(findTestObject("Partner Marital Status/Forword"), 15): Tapped on element 'Object Repository/Partner Marital Status/Forword'

2022-04-21 15:06:44 - [MESSAGE][PASSED] - Tapped on element 'Object Repository/Partner Marital Status/Forword']]></system-out>
         <system-err><![CDATA[]]></system-err>
      </testcase>
      <testcase name="Test Cases/testing/partner Family Plan" time="11.751" classname="Test Cases/testing/partner Family Plan" status="PASSED">
         <system-out><![CDATA[2022-04-21 15:06:44 - [TEST_CASE][PASSED] - Test Cases/testing/partner Family Plan: Test Cases/testing/partner Family Plan

2022-04-21 15:06:45 - [TEST_STEP][PASSED] - checkElement(findTestObject("partner Family Plans/YOUR MATCH"), 15): Element 'Object Repository/partner Family Plans/YOUR MATCH' is checked

2022-04-21 15:06:45 - [MESSAGE][PASSED] - Element 'Object Repository/partner Family Plans/YOUR MATCH' is checked

2022-04-21 15:06:45 - [TEST_STEP][PASSED] - checkElement(findTestObject("partner Family Plans/You can"), 15): Element 'Object Repository/partner Family Plans/You can' is checked

2022-04-21 15:06:47 - [MESSAGE][PASSED] - Element 'Object Repository/partner Family Plans/You can' is checked

2022-04-21 15:06:47 - [TEST_STEP][PASSED] - checkElement(findTestObject("partner Family Plans/CHILDREN label Text"), 15): Element 'Object Repository/partner Family Plans/CHILDREN label Text' is checked

2022-04-21 15:06:48 - [MESSAGE][PASSED] - Element 'Object Repository/partner Family Plans/CHILDREN label Text' is checked

2022-04-21 15:06:48 - [TEST_STEP][PASSED] - tap(findTestObject("partner Family Plans/Open To All"), 15): Tapped on element 'Object Repository/partner Family Plans/Open To All'

2022-04-21 15:06:48 - [MESSAGE][PASSED] - Tapped on element 'Object Repository/partner Family Plans/Open To All'

2022-04-21 15:06:48 - [TEST_STEP][PASSED] - tap(findTestObject("partner Family Plans/I have Children"), 15): Tapped on element 'Object Repository/partner Family Plans/I have Children'

2022-04-21 15:06:49 - [MESSAGE][PASSED] - Tapped on element 'Object Repository/partner Family Plans/I have Children'

2022-04-21 15:06:49 - [TEST_STEP][PASSED] - tap(findTestObject("partner Family Plans/I dont want Children"), 15): Tapped on element 'Object Repository/partner Family Plans/I dont want Children'

2022-04-21 15:06:50 - [MESSAGE][PASSED] - Tapped on element 'Object Repository/partner Family Plans/I dont want Children'

2022-04-21 15:06:50 - [TEST_STEP][PASSED] - tap(findTestObject("partner Family Plans/I want children"), 15): Tapped on element 'Object Repository/partner Family Plans/I want children'

2022-04-21 15:06:51 - [MESSAGE][PASSED] - Tapped on element 'Object Repository/partner Family Plans/I want children'

2022-04-21 15:06:51 - [TEST_STEP][PASSED] - tap(findTestObject("partner Family Plans/Open To All"), 15): Tapped on element 'Object Repository/partner Family Plans/Open To All'

2022-04-21 15:06:52 - [MESSAGE][PASSED] - Tapped on element 'Object Repository/partner Family Plans/Open To All'

2022-04-21 15:06:52 - [TEST_STEP][PASSED] - tap(findTestObject("partner Family Plans/I dont Have Children"), 15): Tapped on element 'Object Repository/partner Family Plans/I dont Have Children'

2022-04-21 15:06:53 - [MESSAGE][PASSED] - Tapped on element 'Object Repository/partner Family Plans/I dont Have Children'

2022-04-21 15:06:53 - [TEST_STEP][PASSED] - tap(findTestObject("partner Family Plans/I want children"), 15): Tapped on element 'Object Repository/partner Family Plans/I want children'

2022-04-21 15:06:54 - [MESSAGE][PASSED] - Tapped on element 'Object Repository/partner Family Plans/I want children'

2022-04-21 15:06:54 - [TEST_STEP][PASSED] - tap(findTestObject("partner Family Plans/I m open To children"), 15): Tapped on element 'Object Repository/partner Family Plans/I m open To children'

2022-04-21 15:06:55 - [MESSAGE][PASSED] - Tapped on element 'Object Repository/partner Family Plans/I m open To children'

2022-04-21 15:06:55 - [TEST_STEP][PASSED] - tap(findTestObject("partner Family Plans/forword"), 15): Tapped on element 'Object Repository/partner Family Plans/forword'

2022-04-21 15:06:56 - [MESSAGE][PASSED] - Tapped on element 'Object Repository/partner Family Plans/forword']]></system-out>
         <system-err><![CDATA[]]></system-err>
      </testcase>
      <testcase name="Test Cases/testing/Partner Education" time="12.245" classname="Test Cases/testing/Partner Education" status="PASSED">
         <system-out><![CDATA[2022-04-21 15:06:56 - [TEST_CASE][PASSED] - Test Cases/testing/Partner Education: Test Cases/testing/Partner Education

2022-04-21 15:06:56 - [TEST_STEP][PASSED] - checkElement(findTestObject("Partner Education/YOUR MATCH"), 15): Element 'Object Repository/Partner Education/YOUR MATCH' is checked

2022-04-21 15:06:58 - [MESSAGE][PASSED] - Element 'Object Repository/Partner Education/YOUR MATCH' is checked

2022-04-21 15:06:58 - [TEST_STEP][PASSED] - checkElement(findTestObject("Partner Education/Who gets an A in your book label text"), 15): Element 'Object Repository/Partner Education/Who gets an A in your book label text' is checked

2022-04-21 15:06:59 - [MESSAGE][PASSED] - Element 'Object Repository/Partner Education/Who gets an A in your book label text' is checked

2022-04-21 15:06:59 - [TEST_STEP][PASSED] - checkElement(findTestObject("Partner Education/EDUCATION label text"), 15): Element 'Object Repository/Partner Education/EDUCATION label text' is checked

2022-04-21 15:07:01 - [MESSAGE][PASSED] - Element 'Object Repository/Partner Education/EDUCATION label text' is checked

2022-04-21 15:07:01 - [TEST_STEP][PASSED] - tap(findTestObject("Partner Education/Open To All"), 15): Tapped on element 'Object Repository/Partner Education/Open To All'

2022-04-21 15:07:02 - [MESSAGE][PASSED] - Tapped on element 'Object Repository/Partner Education/Open To All'

2022-04-21 15:07:02 - [TEST_STEP][PASSED] - tap(findTestObject("Partner Education/PHD Doctor"), 15): Tapped on element 'Object Repository/Partner Education/PHD Doctor'

2022-04-21 15:07:03 - [MESSAGE][PASSED] - Tapped on element 'Object Repository/Partner Education/PHD Doctor'

2022-04-21 15:07:03 - [TEST_STEP][PASSED] - tap(findTestObject("Partner Education/Some College"), 15): Tapped on element 'Object Repository/Partner Education/Some College'

2022-04-21 15:07:04 - [MESSAGE][PASSED] - Tapped on element 'Object Repository/Partner Education/Some College'

2022-04-21 15:07:04 - [TEST_STEP][PASSED] - tap(findTestObject("Partner Education/HS Diploma CheckBox"), 15): Tapped on element 'Object Repository/Partner Education/HS Diploma CheckBox'

2022-04-21 15:07:05 - [MESSAGE][PASSED] - Tapped on element 'Object Repository/Partner Education/HS Diploma CheckBox'

2022-04-21 15:07:05 - [TEST_STEP][PASSED] - tap(findTestObject("Partner Education/PHD Doctor"), 15): Tapped on element 'Object Repository/Partner Education/PHD Doctor'

2022-04-21 15:07:06 - [MESSAGE][PASSED] - Tapped on element 'Object Repository/Partner Education/PHD Doctor'

2022-04-21 15:07:06 - [TEST_STEP][PASSED] - tap(findTestObject("Partner Education/Graduation Professtional Degree"), 15): Tapped on element 'Object Repository/Partner Education/Graduation Professtional Degree'

2022-04-21 15:07:07 - [MESSAGE][PASSED] - Tapped on element 'Object Repository/Partner Education/Graduation Professtional Degree'

2022-04-21 15:07:07 - [TEST_STEP][PASSED] - tap(findTestObject("Partner Education/forword"), 15): Tapped on element 'Object Repository/Partner Education/forword'

2022-04-21 15:07:08 - [MESSAGE][PASSED] - Tapped on element 'Object Repository/Partner Education/forword']]></system-out>
         <system-err><![CDATA[]]></system-err>
      </testcase>
      <testcase name="Test Cases/testing/Partner Vices" time="20.318" classname="Test Cases/testing/Partner Vices" status="PASSED">
         <system-out><![CDATA[2022-04-21 15:07:08 - [TEST_CASE][PASSED] - Test Cases/testing/Partner Vices: Test Cases/testing/Partner Vices

2022-04-21 15:07:09 - [TEST_STEP][PASSED] - checkElement(findTestObject("Partner Vices/YOUR MATCH"), 15): Element 'Object Repository/Partner Vices/YOUR MATCH' is checked

2022-04-21 15:07:09 - [MESSAGE][PASSED] - Element 'Object Repository/Partner Vices/YOUR MATCH' is checked

2022-04-21 15:07:09 - [TEST_STEP][PASSED] - checkElement(findTestObject("Partner Vices/No judgement here label text"), 15): Element 'Object Repository/Partner Vices/No judgement here label text' is checked

2022-04-21 15:07:11 - [MESSAGE][PASSED] - Element 'Object Repository/Partner Vices/No judgement here label text' is checked

2022-04-21 15:07:11 - [TEST_STEP][PASSED] - checkElement(findTestObject("Partner Vices/SMOKING Label Text"), 15): Element 'Object Repository/Partner Vices/SMOKING Label Text' is checked

2022-04-21 15:07:12 - [MESSAGE][PASSED] - Element 'Object Repository/Partner Vices/SMOKING Label Text' is checked

2022-04-21 15:07:12 - [TEST_STEP][PASSED] - tap(findTestObject("Partner Vices/Open To All SM"), 15): Tapped on element 'Object Repository/Partner Vices/Open To All SM'

2022-04-21 15:07:12 - [MESSAGE][PASSED] - Tapped on element 'Object Repository/Partner Vices/Open To All SM'

2022-04-21 15:07:12 - [TEST_STEP][PASSED] - tap(findTestObject("Partner Vices/Often Checkbox"), 15): Tapped on element 'Object Repository/Partner Vices/Often Checkbox'

2022-04-21 15:07:13 - [MESSAGE][PASSED] - Tapped on element 'Object Repository/Partner Vices/Often Checkbox'

2022-04-21 15:07:13 - [TEST_STEP][PASSED] - tap(findTestObject("Partner Vices/Never Checkbox"), 15): Tapped on element 'Object Repository/Partner Vices/Never Checkbox'

2022-04-21 15:07:14 - [MESSAGE][PASSED] - Tapped on element 'Object Repository/Partner Vices/Never Checkbox'

2022-04-21 15:07:14 - [TEST_STEP][PASSED] - tap(findTestObject("Partner Vices/socially Checkbox"), 15): Tapped on element 'Object Repository/Partner Vices/socially Checkbox'

2022-04-21 15:07:16 - [MESSAGE][PASSED] - Tapped on element 'Object Repository/Partner Vices/socially Checkbox'

2022-04-21 15:07:16 - [TEST_STEP][PASSED] - checkElement(findTestObject("Partner Vices/ALCOHOL label text"), 15): Element 'Object Repository/Partner Vices/ALCOHOL label text' is checked

2022-04-21 15:07:17 - [MESSAGE][PASSED] - Element 'Object Repository/Partner Vices/ALCOHOL label text' is checked

2022-04-21 15:07:17 - [TEST_STEP][PASSED] - tap(findTestObject("Partner Vices/Open to all AL"), 15): Tapped on element 'Object Repository/Partner Vices/Open to all AL'

2022-04-21 15:07:18 - [MESSAGE][PASSED] - Tapped on element 'Object Repository/Partner Vices/Open to all AL'

2022-04-21 15:07:18 - [TEST_STEP][PASSED] - tap(findTestObject("Partner Vices/Often checkbox AL"), 15): Tapped on element 'Object Repository/Partner Vices/Often checkbox AL'

2022-04-21 15:07:19 - [MESSAGE][PASSED] - Tapped on element 'Object Repository/Partner Vices/Often checkbox AL'

2022-04-21 15:07:19 - [TEST_STEP][PASSED] - tap(findTestObject("Partner Vices/Socially checkbox AL"), 15): Tapped on element 'Object Repository/Partner Vices/Socially checkbox AL'

2022-04-21 15:07:20 - [MESSAGE][PASSED] - Tapped on element 'Object Repository/Partner Vices/Socially checkbox AL'

2022-04-21 15:07:20 - [TEST_STEP][PASSED] - tap(findTestObject("Partner Vices/Never checkbox AL"), 15): Tapped on element 'Object Repository/Partner Vices/Never checkbox AL'

2022-04-21 15:07:21 - [MESSAGE][PASSED] - Tapped on element 'Object Repository/Partner Vices/Never checkbox AL'

2022-04-21 15:07:21 - [TEST_STEP][PASSED] - checkElement(findTestObject("Partner Vices/MARIJUANA"), 15): Element 'Object Repository/Partner Vices/MARIJUANA' is checked

2022-04-21 15:07:23 - [MESSAGE][PASSED] - Element 'Object Repository/Partner Vices/MARIJUANA' is checked

2022-04-21 15:07:23 - [TEST_STEP][PASSED] - tap(findTestObject("Partner Vices/open To All Mari"), 15): Tapped on element 'Object Repository/Partner Vices/open To All Mari'

2022-04-21 15:07:23 - [MESSAGE][PASSED] - Tapped on element 'Object Repository/Partner Vices/open To All Mari'

2022-04-21 15:07:23 - [TEST_STEP][PASSED] - tap(findTestObject("Partner Vices/Socially checkbox Mari"), 15): Tapped on element 'Object Repository/Partner Vices/Socially checkbox Mari'

2022-04-21 15:07:25 - [MESSAGE][PASSED] - Tapped on element 'Object Repository/Partner Vices/Socially checkbox Mari'

2022-04-21 15:07:25 - [TEST_STEP][PASSED] - tap(findTestObject("Partner Vices/Never checkbox Mari"), 15): Tapped on element 'Object Repository/Partner Vices/Never checkbox Mari'

2022-04-21 15:07:26 - [MESSAGE][PASSED] - Tapped on element 'Object Repository/Partner Vices/Never checkbox Mari'

2022-04-21 15:07:26 - [TEST_STEP][PASSED] - tap(findTestObject("Partner Vices/Ofter checkbox Mari"), 15): Tapped on element 'Object Repository/Partner Vices/Ofter checkbox Mari'

2022-04-21 15:07:27 - [MESSAGE][PASSED] - Tapped on element 'Object Repository/Partner Vices/Ofter checkbox Mari'

2022-04-21 15:07:27 - [TEST_STEP][PASSED] - tap(findTestObject("Partner Vices/forword"), 15): Tapped on element 'Object Repository/Partner Vices/forword'

2022-04-21 15:07:28 - [MESSAGE][PASSED] - Tapped on element 'Object Repository/Partner Vices/forword']]></system-out>
         <system-err><![CDATA[]]></system-err>
      </testcase>
      <testcase name="Test Cases/testing/Partner Politics" time="7.026" classname="Test Cases/testing/Partner Politics" status="PASSED">
         <system-out><![CDATA[2022-04-21 15:07:28 - [TEST_CASE][PASSED] - Test Cases/testing/Partner Politics: Test Cases/testing/Partner Politics

2022-04-21 15:07:29 - [TEST_STEP][PASSED] - checkElement(findTestObject("Partner Politices/YOUR MATCH"), 15): Element 'Object Repository/Partner Politices/YOUR MATCH' is checked

2022-04-21 15:07:30 - [MESSAGE][PASSED] - Element 'Object Repository/Partner Politices/YOUR MATCH' is checked

2022-04-21 15:07:30 - [TEST_STEP][PASSED] - checkElement(findTestObject("Partner Politices/You can always agree to disagree"), 15): Element 'Object Repository/Partner Politices/You can always agree to disagree' is checked

2022-04-21 15:07:31 - [MESSAGE][PASSED] - Element 'Object Repository/Partner Politices/You can always agree to disagree' is checked

2022-04-21 15:07:31 - [TEST_STEP][PASSED] - checkElement(findTestObject("Partner Politices/POLITICS label text"), 15): Element 'Object Repository/Partner Politices/POLITICS label text' is checked

2022-04-21 15:07:32 - [MESSAGE][PASSED] - Element 'Object Repository/Partner Politices/POLITICS label text' is checked

2022-04-21 15:07:32 - [TEST_STEP][PASSED] - tap(findTestObject("Partner Politices/Moderate"), 15): Tapped on element 'Object Repository/Partner Politices/Moderate'

2022-04-21 15:07:33 - [MESSAGE][PASSED] - Tapped on element 'Object Repository/Partner Politices/Moderate'

2022-04-21 15:07:33 - [TEST_STEP][PASSED] - tap(findTestObject("Partner Politices/conservative"), 15): Tapped on element 'Object Repository/Partner Politices/conservative'

2022-04-21 15:07:34 - [MESSAGE][PASSED] - Tapped on element 'Object Repository/Partner Politices/conservative'

2022-04-21 15:07:34 - [TEST_STEP][PASSED] - tap(findTestObject("Partner Politices/Liberal"), 15): Tapped on element 'Object Repository/Partner Politices/Liberal'

2022-04-21 15:07:35 - [MESSAGE][PASSED] - Tapped on element 'Object Repository/Partner Politices/Liberal'

2022-04-21 15:07:35 - [TEST_STEP][PASSED] - tap(findTestObject("Partner Politices/forword"), 15): Tapped on element 'Object Repository/Partner Politices/forword'

2022-04-21 15:07:35 - [MESSAGE][PASSED] - Tapped on element 'Object Repository/Partner Politices/forword']]></system-out>
         <system-err><![CDATA[]]></system-err>
      </testcase>
      <testcase name="Test Cases/testing/completed App" time="3.953" classname="Test Cases/testing/completed App" status="PASSED">
         <system-out><![CDATA[2022-04-21 15:07:35 - [TEST_CASE][PASSED] - Test Cases/testing/completed App: Test Cases/testing/completed App

2022-04-21 15:07:36 - [TEST_STEP][PASSED] - checkElement(findTestObject("Completed App/CONGRATS"), 15): Element 'Object Repository/Completed App/CONGRATS' is checked

2022-04-21 15:07:37 - [MESSAGE][PASSED] - Element 'Object Repository/Completed App/CONGRATS' is checked

2022-04-21 15:07:37 - [TEST_STEP][PASSED] - checkElement(findTestObject("Completed App/You are done"), 15): Element 'Object Repository/Completed App/You are done' is checked

2022-04-21 15:07:38 - [MESSAGE][PASSED] - Element 'Object Repository/Completed App/You are done' is checked

2022-04-21 15:07:38 - [TEST_STEP][PASSED] - checkElement(findTestObject("Completed App/Or really label text"), 15): Element 'Object Repository/Completed App/Or really label text' is checked

2022-04-21 15:07:39 - [MESSAGE][PASSED] - Element 'Object Repository/Completed App/Or really label text' is checked

2022-04-21 15:07:39 - [TEST_STEP][PASSED] - tap(findTestObject("Completed App/Lets See Whats next Button"), 15): Tapped on element 'Object Repository/Completed App/Lets See Whats next Button'

2022-04-21 15:07:39 - [MESSAGE][PASSED] - Tapped on element 'Object Repository/Completed App/Lets See Whats next Button']]></system-out>
         <system-err><![CDATA[]]></system-err>
      </testcase>
      <testcase name="Test Cases/testing/Matches Tab" time="11.981" classname="Test Cases/testing/Matches Tab" status="PASSED">
         <system-out><![CDATA[2022-04-21 15:08:44 - [TEST_CASE][PASSED] - Test Cases/testing/Matches Tab: Test Cases/testing/Matches Tab

2022-04-21 15:08:44 - [TEST_STEP][PASSED] - checkElement(findTestObject("Matches Tab/THE MEETING SPOT"), 15): Element 'Object Repository/Matches Tab/THE MEETING SPOT' is checked

2022-04-21 15:08:46 - [MESSAGE][PASSED] - Element 'Object Repository/Matches Tab/THE MEETING SPOT' is checked

2022-04-21 15:08:46 - [TEST_STEP][PASSED] - tap(findTestObject("Matches Tab/profile Button"), 15): Tapped on element 'Object Repository/Matches Tab/profile Button'

2022-04-21 15:08:47 - [MESSAGE][PASSED] - Tapped on element 'Object Repository/Matches Tab/profile Button'

2022-04-21 15:08:47 - [TEST_STEP][PASSED] - tap(findTestObject("Settings/Back Button"), 15): Tapped on element 'Object Repository/Settings/Back Button'

2022-04-21 15:08:49 - [MESSAGE][PASSED] - Tapped on element 'Object Repository/Settings/Back Button'

2022-04-21 15:08:49 - [TEST_STEP][PASSED] - checkElement(findTestObject("Matches Tab/Centered Spot Love with Heart icon"), 15): Element 'Object Repository/Matches Tab/Centered Spot Love with Heart icon' is checked

2022-04-21 15:08:52 - [MESSAGE][PASSED] - Element 'Object Repository/Matches Tab/Centered Spot Love with Heart icon' is checked

2022-04-21 15:08:52 - [TEST_STEP][PASSED] - checkElement(findTestObject("Matches Tab/Good things label Text"), 15): Element 'Object Repository/Matches Tab/Good things label Text' is checked

2022-04-21 15:08:52 - [MESSAGE][PASSED] - Element 'Object Repository/Matches Tab/Good things label Text' is checked

2022-04-21 15:08:52 - [TEST_STEP][PASSED] - tap(findTestObject("Matches Tab/profile Button"), 15): Tapped on element 'Object Repository/Matches Tab/profile Button'

2022-04-21 15:08:53 - [MESSAGE][PASSED] - Tapped on element 'Object Repository/Matches Tab/profile Button'

2022-04-21 15:08:53 - [TEST_STEP][PASSED] - tap(findTestObject("Settings/Back Button"), 15): Tapped on element 'Object Repository/Settings/Back Button'

2022-04-21 15:08:56 - [MESSAGE][PASSED] - Tapped on element 'Object Repository/Settings/Back Button']]></system-out>
         <system-err><![CDATA[]]></system-err>
      </testcase>
      <testcase name="Test Cases/testing/Liked Me Tab" time="25.352" classname="Test Cases/testing/Liked Me Tab" status="PASSED">
         <system-out><![CDATA[2022-04-21 15:08:56 - [TEST_CASE][PASSED] - Test Cases/testing/Liked Me Tab: Test Cases/testing/Liked Me Tab

2022-04-21 15:08:56 - [TEST_STEP][PASSED] - tap(findTestObject("Liked Me Tab/Liked Me Tab"), 15): Tapped on element 'Object Repository/Liked Me Tab/Liked Me Tab'

2022-04-21 15:08:58 - [MESSAGE][PASSED] - Tapped on element 'Object Repository/Liked Me Tab/Liked Me Tab'

2022-04-21 15:08:58 - [TEST_STEP][PASSED] - checkElement(findTestObject("Liked Me Tab/SPOTTED LIKING YOU label text"), 15): Element 'Object Repository/Liked Me Tab/SPOTTED LIKING YOU label text' is checked

2022-04-21 15:09:01 - [MESSAGE][PASSED] - Element 'Object Repository/Liked Me Tab/SPOTTED LIKING YOU label text' is checked

2022-04-21 15:09:01 - [TEST_STEP][PASSED] - checkElement(findTestObject("Liked Me Tab/profile Button"), 15): Element 'Object Repository/Liked Me Tab/profile Button' is checked

2022-04-21 15:09:02 - [MESSAGE][PASSED] - Element 'Object Repository/Liked Me Tab/profile Button' is checked

2022-04-21 15:09:02 - [TEST_STEP][PASSED] - checkElement(findTestObject("Liked Me Tab/Centered Spotlove with heart icon"), 15): Element 'Object Repository/Liked Me Tab/Centered Spotlove with heart icon' is checked

2022-04-21 15:09:04 - [MESSAGE][PASSED] - Element 'Object Repository/Liked Me Tab/Centered Spotlove with heart icon' is checked

2022-04-21 15:09:04 - [TEST_STEP][PASSED] - checkElement(findTestObject("Liked Me Tab/Finding the right person label Text"), 15): Element 'Object Repository/Liked Me Tab/Finding the right person label Text' is checked

2022-04-21 15:09:17 - [MESSAGE][PASSED] - Element 'Object Repository/Liked Me Tab/Finding the right person label Text' is checked

2022-04-21 15:09:17 - [TEST_STEP][PASSED] - tap(findTestObject("Liked Me Tab/profile Button"), 15): Tapped on element 'Object Repository/Liked Me Tab/profile Button'

2022-04-21 15:09:19 - [MESSAGE][PASSED] - Tapped on element 'Object Repository/Liked Me Tab/profile Button'

2022-04-21 15:09:19 - [TEST_STEP][PASSED] - tap(findTestObject("Settings/Back Button"), 15): Tapped on element 'Object Repository/Settings/Back Button'

2022-04-21 15:09:21 - [MESSAGE][PASSED] - Tapped on element 'Object Repository/Settings/Back Button']]></system-out>
         <system-err><![CDATA[]]></system-err>
      </testcase>
      <testcase name="Test Cases/testing/Mutual Matches Tab" time="13.011" classname="Test Cases/testing/Mutual Matches Tab" status="PASSED">
         <system-out><![CDATA[2022-04-21 15:09:21 - [TEST_CASE][PASSED] - Test Cases/testing/Mutual Matches Tab: Test Cases/testing/Mutual Matches Tab

2022-04-21 15:09:22 - [TEST_STEP][PASSED] - tap(findTestObject("Mutual Matches Tab/Mutual Tab"), 15): Tapped on element 'Object Repository/Mutual Matches Tab/Mutual Tab'

2022-04-21 15:09:24 - [MESSAGE][PASSED] - Tapped on element 'Object Repository/Mutual Matches Tab/Mutual Tab'

2022-04-21 15:09:24 - [TEST_STEP][PASSED] - tap(findTestObject("Mutual Matches Tab/Profile Button"), 15): Tapped on element 'Object Repository/Mutual Matches Tab/Profile Button'

2022-04-21 15:09:26 - [MESSAGE][PASSED] - Tapped on element 'Object Repository/Mutual Matches Tab/Profile Button'

2022-04-21 15:09:26 - [TEST_STEP][PASSED] - tap(findTestObject("Settings/Back Button"), 15): Tapped on element 'Object Repository/Settings/Back Button'

2022-04-21 15:09:32 - [MESSAGE][PASSED] - Tapped on element 'Object Repository/Settings/Back Button'

2022-04-21 15:09:32 - [TEST_STEP][PASSED] - checkElement(findTestObject("Mutual Matches Tab/THE FEELING IS MUTUAL label text"), 15): Element 'Object Repository/Mutual Matches Tab/THE FEELING IS MUTUAL label text' is checked

2022-04-21 15:09:34 - [MESSAGE][PASSED] - Element 'Object Repository/Mutual Matches Tab/THE FEELING IS MUTUAL label text' is checked]]></system-out>
         <system-err><![CDATA[]]></system-err>
      </testcase>
      <testcase name="Test Cases/testing/Settings" time="31.616" classname="Test Cases/testing/Settings" status="FAILED">
         <failure type="FAILED" message="Test Cases/testing/Settings FAILED.
Reason:
com.kms.katalon.core.exception.StepFailedException: Object Object Repository/Settings/Back Button not found
	at com.kms.katalon.core.mobile.helper.MobileElementCommonHelper.findElementWithCheck(MobileElementCommonHelper.java:159)
	at com.kms.katalon.core.mobile.helper.MobileElementCommonHelper.checkElement(MobileElementCommonHelper.java:165)
	at com.kms.katalon.core.mobile.keyword.builtin.CheckElementKeyword$_checkElement_closure1.doCall(CheckElementKeyword.groovy:70)
	at com.kms.katalon.core.mobile.keyword.builtin.CheckElementKeyword$_checkElement_closure1.call(CheckElementKeyword.groovy)
	at com.kms.katalon.core.mobile.keyword.internal.MobileKeywordMain.runKeyword(MobileKeywordMain.groovy:21)
	at com.kms.katalon.core.mobile.keyword.builtin.CheckElementKeyword.checkElement(CheckElementKeyword.groovy:71)
	at com.kms.katalon.core.mobile.keyword.builtin.CheckElementKeyword.execute(CheckElementKeyword.groovy:64)
	at com.kms.katalon.core.keyword.internal.KeywordExecutor.executeKeywordForPlatform(KeywordExecutor.groovy:74)
	at com.kms.katalon.core.mobile.keyword.MobileBuiltInKeywords.checkElement(MobileBuiltInKeywords.groovy:2297)
	at com.kms.katalon.core.mobile.keyword.MobileBuiltInKeywords$checkElement$0.call(Unknown Source)
	at Settings.run(Settings:20)
	at com.kms.katalon.core.main.ScriptEngine.run(ScriptEngine.java:194)
	at com.kms.katalon.core.main.ScriptEngine.runScriptAsRawText(ScriptEngine.java:119)
	at com.kms.katalon.core.main.TestCaseExecutor.runScript(TestCaseExecutor.java:442)
	at com.kms.katalon.core.main.TestCaseExecutor.doExecute(TestCaseExecutor.java:433)
	at com.kms.katalon.core.main.TestCaseExecutor.processExecutionPhase(TestCaseExecutor.java:412)
	at com.kms.katalon.core.main.TestCaseExecutor.accessMainPhase(TestCaseExecutor.java:404)
	at com.kms.katalon.core.main.TestCaseExecutor.execute(TestCaseExecutor.java:281)
	at com.kms.katalon.core.main.TestCaseExecutor.execute(TestCaseExecutor.java:363)
	at com.kms.katalon.core.main.TestCaseExecutor.execute(TestCaseExecutor.java:363)
	at com.kms.katalon.core.main.TestCaseExecutor.execute(TestCaseExecutor.java:363)
	at com.kms.katalon.core.main.TestSuiteExecutor.accessTestCaseMainPhase(TestSuiteExecutor.java:202)
	at com.kms.katalon.core.main.TestSuiteExecutor.accessTestSuiteMainPhase(TestSuiteExecutor.java:164)
	at com.kms.katalon.core.main.TestSuiteExecutor.execute(TestSuiteExecutor.java:105)
	at com.kms.katalon.core.main.TestCaseMain.startTestSuite(TestCaseMain.java:185)
	at com.kms.katalon.core.main.TestCaseMain$startTestSuite$0.call(Unknown Source)
	at TempTestSuite1650535250507.run(TempTestSuite1650535250507.groovy:36)
"/>
         <system-out><![CDATA[2022-04-21 15:10:34 - [TEST_CASE][FAILED] - Test Cases/testing/Settings: Test Cases/testing/Settings FAILED.
Reason:
com.kms.katalon.core.exception.StepFailedException: Object Object Repository/Settings/Back Button not found
	at com.kms.katalon.core.mobile.helper.MobileElementCommonHelper.findElementWithCheck(MobileElementCommonHelper.java:159)
	at com.kms.katalon.core.mobile.helper.MobileElementCommonHelper.checkElement(MobileElementCommonHelper.java:165)
	at com.kms.katalon.core.mobile.keyword.builtin.CheckElementKeyword$_checkElement_closure1.doCall(CheckElementKeyword.groovy:70)
	at com.kms.katalon.core.mobile.keyword.builtin.CheckElementKeyword$_checkElement_closure1.call(CheckElementKeyword.groovy)
	at com.kms.katalon.core.mobile.keyword.internal.MobileKeywordMain.runKeyword(MobileKeywordMain.groovy:21)
	at com.kms.katalon.core.mobile.keyword.builtin.CheckElementKeyword.checkElement(CheckElementKeyword.groovy:71)
	at com.kms.katalon.core.mobile.keyword.builtin.CheckElementKeyword.execute(CheckElementKeyword.groovy:64)
	at com.kms.katalon.core.keyword.internal.KeywordExecutor.executeKeywordForPlatform(KeywordExecutor.groovy:74)
	at com.kms.katalon.core.mobile.keyword.MobileBuiltInKeywords.checkElement(MobileBuiltInKeywords.groovy:2297)
	at com.kms.katalon.core.mobile.keyword.MobileBuiltInKeywords$checkElement$0.call(Unknown Source)
	at Settings.run(Settings:20)
	at com.kms.katalon.core.main.ScriptEngine.run(ScriptEngine.java:194)
	at com.kms.katalon.core.main.ScriptEngine.runScriptAsRawText(ScriptEngine.java:119)
	at com.kms.katalon.core.main.TestCaseExecutor.runScript(TestCaseExecutor.java:442)
	at com.kms.katalon.core.main.TestCaseExecutor.doExecute(TestCaseExecutor.java:433)
	at com.kms.katalon.core.main.TestCaseExecutor.processExecutionPhase(TestCaseExecutor.java:412)
	at com.kms.katalon.core.main.TestCaseExecutor.accessMainPhase(TestCaseExecutor.java:404)
	at com.kms.katalon.core.main.TestCaseExecutor.execute(TestCaseExecutor.java:281)
	at com.kms.katalon.core.main.TestCaseExecutor.execute(TestCaseExecutor.java:363)
	at com.kms.katalon.core.main.TestCaseExecutor.execute(TestCaseExecutor.java:363)
	at com.kms.katalon.core.main.TestCaseExecutor.execute(TestCaseExecutor.java:363)
	at com.kms.katalon.core.main.TestSuiteExecutor.accessTestCaseMainPhase(TestSuiteExecutor.java:202)
	at com.kms.katalon.core.main.TestSuiteExecutor.accessTestSuiteMainPhase(TestSuiteExecutor.java:164)
	at com.kms.katalon.core.main.TestSuiteExecutor.execute(TestSuiteExecutor.java:105)
	at com.kms.katalon.core.main.TestCaseMain.startTestSuite(TestCaseMain.java:185)
	at com.kms.katalon.core.main.TestCaseMain$startTestSuite$0.call(Unknown Source)
	at TempTestSuite1650535250507.run(TempTestSuite1650535250507.groovy:36)


2022-04-21 15:10:34 - [TEST_STEP][FAILED] - checkElement(findTestObject("Settings/Back Button"), 15): Failed to check element 'Object Repository/Settings/Back Button' (Root cause: com.kms.katalon.core.exception.StepFailedException: Object Object Repository/Settings/Back Button not found
	at com.kms.katalon.core.mobile.helper.MobileElementCommonHelper.findElementWithCheck(MobileElementCommonHelper.java:159)
	at com.kms.katalon.core.mobile.helper.MobileElementCommonHelper.checkElement(MobileElementCommonHelper.java:165)
	at com.kms.katalon.core.mobile.keyword.builtin.CheckElementKeyword$_checkElement_closure1.doCall(CheckElementKeyword.groovy:70)
	at com.kms.katalon.core.mobile.keyword.builtin.CheckElementKeyword$_checkElement_closure1.call(CheckElementKeyword.groovy)
	at com.kms.katalon.core.mobile.keyword.internal.MobileKeywordMain.runKeyword(MobileKeywordMain.groovy:21)
	at com.kms.katalon.core.mobile.keyword.builtin.CheckElementKeyword.checkElement(CheckElementKeyword.groovy:71)
	at com.kms.katalon.core.mobile.keyword.builtin.CheckElementKeyword.execute(CheckElementKeyword.groovy:64)
	at com.kms.katalon.core.keyword.internal.KeywordExecutor.executeKeywordForPlatform(KeywordExecutor.groovy:74)
	at com.kms.katalon.core.mobile.keyword.MobileBuiltInKeywords.checkElement(MobileBuiltInKeywords.groovy:2297)
	at com.kms.katalon.core.mobile.keyword.MobileBuiltInKeywords$checkElement$0.call(Unknown Source)
	at Settings.run(Settings:20)
	at com.kms.katalon.core.main.ScriptEngine.run(ScriptEngine.java:194)
	at com.kms.katalon.core.main.ScriptEngine.runScriptAsRawText(ScriptEngine.java:119)
	at com.kms.katalon.core.main.TestCaseExecutor.runScript(TestCaseExecutor.java:442)
	at com.kms.katalon.core.main.TestCaseExecutor.doExecute(TestCaseExecutor.java:433)
	at com.kms.katalon.core.main.TestCaseExecutor.processExecutionPhase(TestCaseExecutor.java:412)
	at com.kms.katalon.core.main.TestCaseExecutor.accessMainPhase(TestCaseExecutor.java:404)
	at com.kms.katalon.core.main.TestCaseExecutor.execute(TestCaseExecutor.java:281)
	at com.kms.katalon.core.main.TestCaseExecutor.execute(TestCaseExecutor.java:363)
	at com.kms.katalon.core.main.TestCaseExecutor.execute(TestCaseExecutor.java:363)
	at com.kms.katalon.core.main.TestCaseExecutor.execute(TestCaseExecutor.java:363)
	at com.kms.katalon.core.main.TestSuiteExecutor.accessTestCaseMainPhase(TestSuiteExecutor.java:202)
	at com.kms.katalon.core.main.TestSuiteExecutor.accessTestSuiteMainPhase(TestSuiteExecutor.java:164)
	at com.kms.katalon.core.main.TestSuiteExecutor.execute(TestSuiteExecutor.java:105)
	at com.kms.katalon.core.main.TestCaseMain.startTestSuite(TestCaseMain.java:185)
	at com.kms.katalon.core.main.TestCaseMain$startTestSuite$0.call(Unknown Source)
	at TempTestSuite1650535250507.run(TempTestSuite1650535250507.groovy:36)
)

2022-04-21 15:11:05 - [MESSAGE][FAILED] - Failed to check element 'Object Repository/Settings/Back Button' (Root cause: com.kms.katalon.core.exception.StepFailedException: Object Object Repository/Settings/Back Button not found
	at com.kms.katalon.core.mobile.helper.MobileElementCommonHelper.findElementWithCheck(MobileElementCommonHelper.java:159)
	at com.kms.katalon.core.mobile.helper.MobileElementCommonHelper.checkElement(MobileElementCommonHelper.java:165)
	at com.kms.katalon.core.mobile.keyword.builtin.CheckElementKeyword$_checkElement_closure1.doCall(CheckElementKeyword.groovy:70)
	at com.kms.katalon.core.mobile.keyword.builtin.CheckElementKeyword$_checkElement_closure1.call(CheckElementKeyword.groovy)
	at com.kms.katalon.core.mobile.keyword.internal.MobileKeywordMain.runKeyword(MobileKeywordMain.groovy:21)
	at com.kms.katalon.core.mobile.keyword.builtin.CheckElementKeyword.checkElement(CheckElementKeyword.groovy:71)
	at com.kms.katalon.core.mobile.keyword.builtin.CheckElementKeyword.execute(CheckElementKeyword.groovy:64)
	at com.kms.katalon.core.keyword.internal.KeywordExecutor.executeKeywordForPlatform(KeywordExecutor.groovy:74)
	at com.kms.katalon.core.mobile.keyword.MobileBuiltInKeywords.checkElement(MobileBuiltInKeywords.groovy:2297)
	at com.kms.katalon.core.mobile.keyword.MobileBuiltInKeywords$checkElement$0.call(Unknown Source)
	at Settings.run(Settings:20)
	at com.kms.katalon.core.main.ScriptEngine.run(ScriptEngine.java:194)
	at com.kms.katalon.core.main.ScriptEngine.runScriptAsRawText(ScriptEngine.java:119)
	at com.kms.katalon.core.main.TestCaseExecutor.runScript(TestCaseExecutor.java:442)
	at com.kms.katalon.core.main.TestCaseExecutor.doExecute(TestCaseExecutor.java:433)
	at com.kms.katalon.core.main.TestCaseExecutor.processExecutionPhase(TestCaseExecutor.java:412)
	at com.kms.katalon.core.main.TestCaseExecutor.accessMainPhase(TestCaseExecutor.java:404)
	at com.kms.katalon.core.main.TestCaseExecutor.execute(TestCaseExecutor.java:281)
	at com.kms.katalon.core.main.TestCaseExecutor.execute(TestCaseExecutor.java:363)
	at com.kms.katalon.core.main.TestCaseExecutor.execute(TestCaseExecutor.java:363)
	at com.kms.katalon.core.main.TestCaseExecutor.execute(TestCaseExecutor.java:363)
	at com.kms.katalon.core.main.TestSuiteExecutor.accessTestCaseMainPhase(TestSuiteExecutor.java:202)
	at com.kms.katalon.core.main.TestSuiteExecutor.accessTestSuiteMainPhase(TestSuiteExecutor.java:164)
	at com.kms.katalon.core.main.TestSuiteExecutor.execute(TestSuiteExecutor.java:105)
	at com.kms.katalon.core.main.TestCaseMain.startTestSuite(TestCaseMain.java:185)
	at com.kms.katalon.core.main.TestCaseMain$startTestSuite$0.call(Unknown Source)
	at TempTestSuite1650535250507.run(TempTestSuite1650535250507.groovy:36)
)
[[ATTACHMENT|C:\\Users\\Dev\\Katalon Studio\\SpotLove_Stagging\\Reports\\20220421_150050\\SpotLove Sanity\\20220421_150050\\1650535864606.png]]]]></system-out>
         <system-err><![CDATA[2022-04-21 15:10:34 - [TEST_CASE][FAILED] - Test Cases/testing/Settings: Test Cases/testing/Settings FAILED.
Reason:
com.kms.katalon.core.exception.StepFailedException: Object Object Repository/Settings/Back Button not found
	at com.kms.katalon.core.mobile.helper.MobileElementCommonHelper.findElementWithCheck(MobileElementCommonHelper.java:159)
	at com.kms.katalon.core.mobile.helper.MobileElementCommonHelper.checkElement(MobileElementCommonHelper.java:165)
	at com.kms.katalon.core.mobile.keyword.builtin.CheckElementKeyword$_checkElement_closure1.doCall(CheckElementKeyword.groovy:70)
	at com.kms.katalon.core.mobile.keyword.builtin.CheckElementKeyword$_checkElement_closure1.call(CheckElementKeyword.groovy)
	at com.kms.katalon.core.mobile.keyword.internal.MobileKeywordMain.runKeyword(MobileKeywordMain.groovy:21)
	at com.kms.katalon.core.mobile.keyword.builtin.CheckElementKeyword.checkElement(CheckElementKeyword.groovy:71)
	at com.kms.katalon.core.mobile.keyword.builtin.CheckElementKeyword.execute(CheckElementKeyword.groovy:64)
	at com.kms.katalon.core.keyword.internal.KeywordExecutor.executeKeywordForPlatform(KeywordExecutor.groovy:74)
	at com.kms.katalon.core.mobile.keyword.MobileBuiltInKeywords.checkElement(MobileBuiltInKeywords.groovy:2297)
	at com.kms.katalon.core.mobile.keyword.MobileBuiltInKeywords$checkElement$0.call(Unknown Source)
	at Settings.run(Settings:20)
	at com.kms.katalon.core.main.ScriptEngine.run(ScriptEngine.java:194)
	at com.kms.katalon.core.main.ScriptEngine.runScriptAsRawText(ScriptEngine.java:119)
	at com.kms.katalon.core.main.TestCaseExecutor.runScript(TestCaseExecutor.java:442)
	at com.kms.katalon.core.main.TestCaseExecutor.doExecute(TestCaseExecutor.java:433)
	at com.kms.katalon.core.main.TestCaseExecutor.processExecutionPhase(TestCaseExecutor.java:412)
	at com.kms.katalon.core.main.TestCaseExecutor.accessMainPhase(TestCaseExecutor.java:404)
	at com.kms.katalon.core.main.TestCaseExecutor.execute(TestCaseExecutor.java:281)
	at com.kms.katalon.core.main.TestCaseExecutor.execute(TestCaseExecutor.java:363)
	at com.kms.katalon.core.main.TestCaseExecutor.execute(TestCaseExecutor.java:363)
	at com.kms.katalon.core.main.TestCaseExecutor.execute(TestCaseExecutor.java:363)
	at com.kms.katalon.core.main.TestSuiteExecutor.accessTestCaseMainPhase(TestSuiteExecutor.java:202)
	at com.kms.katalon.core.main.TestSuiteExecutor.accessTestSuiteMainPhase(TestSuiteExecutor.java:164)
	at com.kms.katalon.core.main.TestSuiteExecutor.execute(TestSuiteExecutor.java:105)
	at com.kms.katalon.core.main.TestCaseMain.startTestSuite(TestCaseMain.java:185)
	at com.kms.katalon.core.main.TestCaseMain$startTestSuite$0.call(Unknown Source)
	at TempTestSuite1650535250507.run(TempTestSuite1650535250507.groovy:36)]]></system-err>
      </testcase>
      <testcase name="Test Cases/testing/login" time="31.139" classname="Test Cases/testing/login" status="FAILED">
         <failure type="FAILED" message="Test Cases/testing/login FAILED.
Reason:
com.kms.katalon.core.exception.StepFailedException: Object Object Repository/Use Phone Number Screen/SPOT not found
	at com.kms.katalon.core.mobile.helper.MobileElementCommonHelper.findElementWithCheck(MobileElementCommonHelper.java:159)
	at com.kms.katalon.core.mobile.helper.MobileElementCommonHelper.checkElement(MobileElementCommonHelper.java:165)
	at com.kms.katalon.core.mobile.keyword.builtin.CheckElementKeyword$_checkElement_closure1.doCall(CheckElementKeyword.groovy:70)
	at com.kms.katalon.core.mobile.keyword.builtin.CheckElementKeyword$_checkElement_closure1.call(CheckElementKeyword.groovy)
	at com.kms.katalon.core.mobile.keyword.internal.MobileKeywordMain.runKeyword(MobileKeywordMain.groovy:21)
	at com.kms.katalon.core.mobile.keyword.builtin.CheckElementKeyword.checkElement(CheckElementKeyword.groovy:71)
	at com.kms.katalon.core.mobile.keyword.builtin.CheckElementKeyword.execute(CheckElementKeyword.groovy:64)
	at com.kms.katalon.core.keyword.internal.KeywordExecutor.executeKeywordForPlatform(KeywordExecutor.groovy:74)
	at com.kms.katalon.core.mobile.keyword.MobileBuiltInKeywords.checkElement(MobileBuiltInKeywords.groovy:2297)
	at com.kms.katalon.core.mobile.keyword.MobileBuiltInKeywords$checkElement$0.call(Unknown Source)
	at login.run(login:20)
	at com.kms.katalon.core.main.ScriptEngine.run(ScriptEngine.java:194)
	at com.kms.katalon.core.main.ScriptEngine.runScriptAsRawText(ScriptEngine.java:119)
	at com.kms.katalon.core.main.TestCaseExecutor.runScript(TestCaseExecutor.java:442)
	at com.kms.katalon.core.main.TestCaseExecutor.doExecute(TestCaseExecutor.java:433)
	at com.kms.katalon.core.main.TestCaseExecutor.processExecutionPhase(TestCaseExecutor.java:412)
	at com.kms.katalon.core.main.TestCaseExecutor.accessMainPhase(TestCaseExecutor.java:404)
	at com.kms.katalon.core.main.TestCaseExecutor.execute(TestCaseExecutor.java:281)
	at com.kms.katalon.core.main.TestCaseExecutor.execute(TestCaseExecutor.java:363)
	at com.kms.katalon.core.main.TestCaseExecutor.execute(TestCaseExecutor.java:363)
	at com.kms.katalon.core.main.TestCaseExecutor.execute(TestCaseExecutor.java:363)
	at com.kms.katalon.core.main.TestSuiteExecutor.accessTestCaseMainPhase(TestSuiteExecutor.java:202)
	at com.kms.katalon.core.main.TestSuiteExecutor.accessTestSuiteMainPhase(TestSuiteExecutor.java:164)
	at com.kms.katalon.core.main.TestSuiteExecutor.execute(TestSuiteExecutor.java:105)
	at com.kms.katalon.core.main.TestCaseMain.startTestSuite(TestCaseMain.java:185)
	at com.kms.katalon.core.main.TestCaseMain$startTestSuite$0.call(Unknown Source)
	at TempTestSuite1650535250507.run(TempTestSuite1650535250507.groovy:36)
"/>
         <system-out><![CDATA[2022-04-21 15:12:41 - [TEST_CASE][FAILED] - Test Cases/testing/login: Test Cases/testing/login FAILED.
Reason:
com.kms.katalon.core.exception.StepFailedException: Object Object Repository/Use Phone Number Screen/SPOT not found
	at com.kms.katalon.core.mobile.helper.MobileElementCommonHelper.findElementWithCheck(MobileElementCommonHelper.java:159)
	at com.kms.katalon.core.mobile.helper.MobileElementCommonHelper.checkElement(MobileElementCommonHelper.java:165)
	at com.kms.katalon.core.mobile.keyword.builtin.CheckElementKeyword$_checkElement_closure1.doCall(CheckElementKeyword.groovy:70)
	at com.kms.katalon.core.mobile.keyword.builtin.CheckElementKeyword$_checkElement_closure1.call(CheckElementKeyword.groovy)
	at com.kms.katalon.core.mobile.keyword.internal.MobileKeywordMain.runKeyword(MobileKeywordMain.groovy:21)
	at com.kms.katalon.core.mobile.keyword.builtin.CheckElementKeyword.checkElement(CheckElementKeyword.groovy:71)
	at com.kms.katalon.core.mobile.keyword.builtin.CheckElementKeyword.execute(CheckElementKeyword.groovy:64)
	at com.kms.katalon.core.keyword.internal.KeywordExecutor.executeKeywordForPlatform(KeywordExecutor.groovy:74)
	at com.kms.katalon.core.mobile.keyword.MobileBuiltInKeywords.checkElement(MobileBuiltInKeywords.groovy:2297)
	at com.kms.katalon.core.mobile.keyword.MobileBuiltInKeywords$checkElement$0.call(Unknown Source)
	at login.run(login:20)
	at com.kms.katalon.core.main.ScriptEngine.run(ScriptEngine.java:194)
	at com.kms.katalon.core.main.ScriptEngine.runScriptAsRawText(ScriptEngine.java:119)
	at com.kms.katalon.core.main.TestCaseExecutor.runScript(TestCaseExecutor.java:442)
	at com.kms.katalon.core.main.TestCaseExecutor.doExecute(TestCaseExecutor.java:433)
	at com.kms.katalon.core.main.TestCaseExecutor.processExecutionPhase(TestCaseExecutor.java:412)
	at com.kms.katalon.core.main.TestCaseExecutor.accessMainPhase(TestCaseExecutor.java:404)
	at com.kms.katalon.core.main.TestCaseExecutor.execute(TestCaseExecutor.java:281)
	at com.kms.katalon.core.main.TestCaseExecutor.execute(TestCaseExecutor.java:363)
	at com.kms.katalon.core.main.TestCaseExecutor.execute(TestCaseExecutor.java:363)
	at com.kms.katalon.core.main.TestCaseExecutor.execute(TestCaseExecutor.java:363)
	at com.kms.katalon.core.main.TestSuiteExecutor.accessTestCaseMainPhase(TestSuiteExecutor.java:202)
	at com.kms.katalon.core.main.TestSuiteExecutor.accessTestSuiteMainPhase(TestSuiteExecutor.java:164)
	at com.kms.katalon.core.main.TestSuiteExecutor.execute(TestSuiteExecutor.java:105)
	at com.kms.katalon.core.main.TestCaseMain.startTestSuite(TestCaseMain.java:185)
	at com.kms.katalon.core.main.TestCaseMain$startTestSuite$0.call(Unknown Source)
	at TempTestSuite1650535250507.run(TempTestSuite1650535250507.groovy:36)


2022-04-21 15:12:41 - [TEST_STEP][FAILED] - checkElement(findTestObject("Use Phone Number Screen/SPOT"), 15): Failed to check element 'Object Repository/Use Phone Number Screen/SPOT' (Root cause: com.kms.katalon.core.exception.StepFailedException: Object Object Repository/Use Phone Number Screen/SPOT not found
	at com.kms.katalon.core.mobile.helper.MobileElementCommonHelper.findElementWithCheck(MobileElementCommonHelper.java:159)
	at com.kms.katalon.core.mobile.helper.MobileElementCommonHelper.checkElement(MobileElementCommonHelper.java:165)
	at com.kms.katalon.core.mobile.keyword.builtin.CheckElementKeyword$_checkElement_closure1.doCall(CheckElementKeyword.groovy:70)
	at com.kms.katalon.core.mobile.keyword.builtin.CheckElementKeyword$_checkElement_closure1.call(CheckElementKeyword.groovy)
	at com.kms.katalon.core.mobile.keyword.internal.MobileKeywordMain.runKeyword(MobileKeywordMain.groovy:21)
	at com.kms.katalon.core.mobile.keyword.builtin.CheckElementKeyword.checkElement(CheckElementKeyword.groovy:71)
	at com.kms.katalon.core.mobile.keyword.builtin.CheckElementKeyword.execute(CheckElementKeyword.groovy:64)
	at com.kms.katalon.core.keyword.internal.KeywordExecutor.executeKeywordForPlatform(KeywordExecutor.groovy:74)
	at com.kms.katalon.core.mobile.keyword.MobileBuiltInKeywords.checkElement(MobileBuiltInKeywords.groovy:2297)
	at com.kms.katalon.core.mobile.keyword.MobileBuiltInKeywords$checkElement$0.call(Unknown Source)
	at login.run(login:20)
	at com.kms.katalon.core.main.ScriptEngine.run(ScriptEngine.java:194)
	at com.kms.katalon.core.main.ScriptEngine.runScriptAsRawText(ScriptEngine.java:119)
	at com.kms.katalon.core.main.TestCaseExecutor.runScript(TestCaseExecutor.java:442)
	at com.kms.katalon.core.main.TestCaseExecutor.doExecute(TestCaseExecutor.java:433)
	at com.kms.katalon.core.main.TestCaseExecutor.processExecutionPhase(TestCaseExecutor.java:412)
	at com.kms.katalon.core.main.TestCaseExecutor.accessMainPhase(TestCaseExecutor.java:404)
	at com.kms.katalon.core.main.TestCaseExecutor.execute(TestCaseExecutor.java:281)
	at com.kms.katalon.core.main.TestCaseExecutor.execute(TestCaseExecutor.java:363)
	at com.kms.katalon.core.main.TestCaseExecutor.execute(TestCaseExecutor.java:363)
	at com.kms.katalon.core.main.TestCaseExecutor.execute(TestCaseExecutor.java:363)
	at com.kms.katalon.core.main.TestSuiteExecutor.accessTestCaseMainPhase(TestSuiteExecutor.java:202)
	at com.kms.katalon.core.main.TestSuiteExecutor.accessTestSuiteMainPhase(TestSuiteExecutor.java:164)
	at com.kms.katalon.core.main.TestSuiteExecutor.execute(TestSuiteExecutor.java:105)
	at com.kms.katalon.core.main.TestCaseMain.startTestSuite(TestCaseMain.java:185)
	at com.kms.katalon.core.main.TestCaseMain$startTestSuite$0.call(Unknown Source)
	at TempTestSuite1650535250507.run(TempTestSuite1650535250507.groovy:36)
)

2022-04-21 15:13:12 - [MESSAGE][FAILED] - Failed to check element 'Object Repository/Use Phone Number Screen/SPOT' (Root cause: com.kms.katalon.core.exception.StepFailedException: Object Object Repository/Use Phone Number Screen/SPOT not found
	at com.kms.katalon.core.mobile.helper.MobileElementCommonHelper.findElementWithCheck(MobileElementCommonHelper.java:159)
	at com.kms.katalon.core.mobile.helper.MobileElementCommonHelper.checkElement(MobileElementCommonHelper.java:165)
	at com.kms.katalon.core.mobile.keyword.builtin.CheckElementKeyword$_checkElement_closure1.doCall(CheckElementKeyword.groovy:70)
	at com.kms.katalon.core.mobile.keyword.builtin.CheckElementKeyword$_checkElement_closure1.call(CheckElementKeyword.groovy)
	at com.kms.katalon.core.mobile.keyword.internal.MobileKeywordMain.runKeyword(MobileKeywordMain.groovy:21)
	at com.kms.katalon.core.mobile.keyword.builtin.CheckElementKeyword.checkElement(CheckElementKeyword.groovy:71)
	at com.kms.katalon.core.mobile.keyword.builtin.CheckElementKeyword.execute(CheckElementKeyword.groovy:64)
	at com.kms.katalon.core.keyword.internal.KeywordExecutor.executeKeywordForPlatform(KeywordExecutor.groovy:74)
	at com.kms.katalon.core.mobile.keyword.MobileBuiltInKeywords.checkElement(MobileBuiltInKeywords.groovy:2297)
	at com.kms.katalon.core.mobile.keyword.MobileBuiltInKeywords$checkElement$0.call(Unknown Source)
	at login.run(login:20)
	at com.kms.katalon.core.main.ScriptEngine.run(ScriptEngine.java:194)
	at com.kms.katalon.core.main.ScriptEngine.runScriptAsRawText(ScriptEngine.java:119)
	at com.kms.katalon.core.main.TestCaseExecutor.runScript(TestCaseExecutor.java:442)
	at com.kms.katalon.core.main.TestCaseExecutor.doExecute(TestCaseExecutor.java:433)
	at com.kms.katalon.core.main.TestCaseExecutor.processExecutionPhase(TestCaseExecutor.java:412)
	at com.kms.katalon.core.main.TestCaseExecutor.accessMainPhase(TestCaseExecutor.java:404)
	at com.kms.katalon.core.main.TestCaseExecutor.execute(TestCaseExecutor.java:281)
	at com.kms.katalon.core.main.TestCaseExecutor.execute(TestCaseExecutor.java:363)
	at com.kms.katalon.core.main.TestCaseExecutor.execute(TestCaseExecutor.java:363)
	at com.kms.katalon.core.main.TestCaseExecutor.execute(TestCaseExecutor.java:363)
	at com.kms.katalon.core.main.TestSuiteExecutor.accessTestCaseMainPhase(TestSuiteExecutor.java:202)
	at com.kms.katalon.core.main.TestSuiteExecutor.accessTestSuiteMainPhase(TestSuiteExecutor.java:164)
	at com.kms.katalon.core.main.TestSuiteExecutor.execute(TestSuiteExecutor.java:105)
	at com.kms.katalon.core.main.TestCaseMain.startTestSuite(TestCaseMain.java:185)
	at com.kms.katalon.core.main.TestCaseMain$startTestSuite$0.call(Unknown Source)
	at TempTestSuite1650535250507.run(TempTestSuite1650535250507.groovy:36)
)
[[ATTACHMENT|C:\\Users\\Dev\\Katalon Studio\\SpotLove_Stagging\\Reports\\20220421_150050\\SpotLove Sanity\\20220421_150050\\1650535991435.png]]]]></system-out>
         <system-err><![CDATA[2022-04-21 15:12:41 - [TEST_CASE][FAILED] - Test Cases/testing/login: Test Cases/testing/login FAILED.
Reason:
com.kms.katalon.core.exception.StepFailedException: Object Object Repository/Use Phone Number Screen/SPOT not found
	at com.kms.katalon.core.mobile.helper.MobileElementCommonHelper.findElementWithCheck(MobileElementCommonHelper.java:159)
	at com.kms.katalon.core.mobile.helper.MobileElementCommonHelper.checkElement(MobileElementCommonHelper.java:165)
	at com.kms.katalon.core.mobile.keyword.builtin.CheckElementKeyword$_checkElement_closure1.doCall(CheckElementKeyword.groovy:70)
	at com.kms.katalon.core.mobile.keyword.builtin.CheckElementKeyword$_checkElement_closure1.call(CheckElementKeyword.groovy)
	at com.kms.katalon.core.mobile.keyword.internal.MobileKeywordMain.runKeyword(MobileKeywordMain.groovy:21)
	at com.kms.katalon.core.mobile.keyword.builtin.CheckElementKeyword.checkElement(CheckElementKeyword.groovy:71)
	at com.kms.katalon.core.mobile.keyword.builtin.CheckElementKeyword.execute(CheckElementKeyword.groovy:64)
	at com.kms.katalon.core.keyword.internal.KeywordExecutor.executeKeywordForPlatform(KeywordExecutor.groovy:74)
	at com.kms.katalon.core.mobile.keyword.MobileBuiltInKeywords.checkElement(MobileBuiltInKeywords.groovy:2297)
	at com.kms.katalon.core.mobile.keyword.MobileBuiltInKeywords$checkElement$0.call(Unknown Source)
	at login.run(login:20)
	at com.kms.katalon.core.main.ScriptEngine.run(ScriptEngine.java:194)
	at com.kms.katalon.core.main.ScriptEngine.runScriptAsRawText(ScriptEngine.java:119)
	at com.kms.katalon.core.main.TestCaseExecutor.runScript(TestCaseExecutor.java:442)
	at com.kms.katalon.core.main.TestCaseExecutor.doExecute(TestCaseExecutor.java:433)
	at com.kms.katalon.core.main.TestCaseExecutor.processExecutionPhase(TestCaseExecutor.java:412)
	at com.kms.katalon.core.main.TestCaseExecutor.accessMainPhase(TestCaseExecutor.java:404)
	at com.kms.katalon.core.main.TestCaseExecutor.execute(TestCaseExecutor.java:281)
	at com.kms.katalon.core.main.TestCaseExecutor.execute(TestCaseExecutor.java:363)
	at com.kms.katalon.core.main.TestCaseExecutor.execute(TestCaseExecutor.java:363)
	at com.kms.katalon.core.main.TestCaseExecutor.execute(TestCaseExecutor.java:363)
	at com.kms.katalon.core.main.TestSuiteExecutor.accessTestCaseMainPhase(TestSuiteExecutor.java:202)
	at com.kms.katalon.core.main.TestSuiteExecutor.accessTestSuiteMainPhase(TestSuiteExecutor.java:164)
	at com.kms.katalon.core.main.TestSuiteExecutor.execute(TestSuiteExecutor.java:105)
	at com.kms.katalon.core.main.TestCaseMain.startTestSuite(TestCaseMain.java:185)
	at com.kms.katalon.core.main.TestCaseMain$startTestSuite$0.call(Unknown Source)
	at TempTestSuite1650535250507.run(TempTestSuite1650535250507.groovy:36)]]></system-err>
      </testcase>
      <testcase name="Test Cases/testing/Permission required" time="36.993" classname="Test Cases/testing/Permission required" status="FAILED">
         <failure type="FAILED" message="Test Cases/testing/Permission required FAILED.
Reason:
com.kms.katalon.core.exception.StepFailedException: Object Object Repository/Permission Required/OK button not found
	at com.kms.katalon.core.keyword.internal.KeywordMain.stepFailed(KeywordMain.groovy:50)
	at com.kms.katalon.core.mobile.keyword.internal.MobileKeywordMain.stepFailed(MobileKeywordMain.groovy:40)
	at com.kms.katalon.core.mobile.keyword.builtin.TapKeyword$_tap_closure1.doCall(TapKeyword.groovy:79)
	at com.kms.katalon.core.mobile.keyword.builtin.TapKeyword$_tap_closure1.call(TapKeyword.groovy)
	at com.kms.katalon.core.mobile.keyword.internal.MobileKeywordMain.runKeyword(MobileKeywordMain.groovy:21)
	at com.kms.katalon.core.mobile.keyword.builtin.TapKeyword.tap(TapKeyword.groovy:86)
	at com.kms.katalon.core.mobile.keyword.builtin.TapKeyword.execute(TapKeyword.groovy:68)
	at com.kms.katalon.core.keyword.internal.KeywordExecutor.executeKeywordForPlatform(KeywordExecutor.groovy:74)
	at com.kms.katalon.core.mobile.keyword.MobileBuiltInKeywords.tap(MobileBuiltInKeywords.groovy:1355)
	at com.kms.katalon.core.mobile.keyword.MobileBuiltInKeywords$tap$1.call(Unknown Source)
	at Permission required.run(Permission required:20)
	at com.kms.katalon.core.main.ScriptEngine.run(ScriptEngine.java:194)
	at com.kms.katalon.core.main.ScriptEngine.runScriptAsRawText(ScriptEngine.java:119)
	at com.kms.katalon.core.main.TestCaseExecutor.runScript(TestCaseExecutor.java:442)
	at com.kms.katalon.core.main.TestCaseExecutor.doExecute(TestCaseExecutor.java:433)
	at com.kms.katalon.core.main.TestCaseExecutor.processExecutionPhase(TestCaseExecutor.java:412)
	at com.kms.katalon.core.main.TestCaseExecutor.accessMainPhase(TestCaseExecutor.java:404)
	at com.kms.katalon.core.main.TestCaseExecutor.execute(TestCaseExecutor.java:281)
	at com.kms.katalon.core.main.TestCaseExecutor.execute(TestCaseExecutor.java:363)
	at com.kms.katalon.core.main.TestCaseExecutor.execute(TestCaseExecutor.java:363)
	at com.kms.katalon.core.main.TestCaseExecutor.execute(TestCaseExecutor.java:363)
	at com.kms.katalon.core.main.TestSuiteExecutor.accessTestCaseMainPhase(TestSuiteExecutor.java:202)
	at com.kms.katalon.core.main.TestSuiteExecutor.accessTestSuiteMainPhase(TestSuiteExecutor.java:164)
	at com.kms.katalon.core.main.TestSuiteExecutor.execute(TestSuiteExecutor.java:105)
	at com.kms.katalon.core.main.TestCaseMain.startTestSuite(TestCaseMain.java:185)
	at com.kms.katalon.core.main.TestCaseMain$startTestSuite$0.call(Unknown Source)
	at TempTestSuite1650535250507.run(TempTestSuite1650535250507.groovy:36)
"/>
         <system-out><![CDATA[2022-04-21 15:14:58 - [TEST_CASE][FAILED] - Test Cases/testing/Permission required: Test Cases/testing/Permission required FAILED.
Reason:
com.kms.katalon.core.exception.StepFailedException: Object Object Repository/Permission Required/OK button not found
	at com.kms.katalon.core.keyword.internal.KeywordMain.stepFailed(KeywordMain.groovy:50)
	at com.kms.katalon.core.mobile.keyword.internal.MobileKeywordMain.stepFailed(MobileKeywordMain.groovy:40)
	at com.kms.katalon.core.mobile.keyword.builtin.TapKeyword$_tap_closure1.doCall(TapKeyword.groovy:79)
	at com.kms.katalon.core.mobile.keyword.builtin.TapKeyword$_tap_closure1.call(TapKeyword.groovy)
	at com.kms.katalon.core.mobile.keyword.internal.MobileKeywordMain.runKeyword(MobileKeywordMain.groovy:21)
	at com.kms.katalon.core.mobile.keyword.builtin.TapKeyword.tap(TapKeyword.groovy:86)
	at com.kms.katalon.core.mobile.keyword.builtin.TapKeyword.execute(TapKeyword.groovy:68)
	at com.kms.katalon.core.keyword.internal.KeywordExecutor.executeKeywordForPlatform(KeywordExecutor.groovy:74)
	at com.kms.katalon.core.mobile.keyword.MobileBuiltInKeywords.tap(MobileBuiltInKeywords.groovy:1355)
	at com.kms.katalon.core.mobile.keyword.MobileBuiltInKeywords$tap$1.call(Unknown Source)
	at Permission required.run(Permission required:20)
	at com.kms.katalon.core.main.ScriptEngine.run(ScriptEngine.java:194)
	at com.kms.katalon.core.main.ScriptEngine.runScriptAsRawText(ScriptEngine.java:119)
	at com.kms.katalon.core.main.TestCaseExecutor.runScript(TestCaseExecutor.java:442)
	at com.kms.katalon.core.main.TestCaseExecutor.doExecute(TestCaseExecutor.java:433)
	at com.kms.katalon.core.main.TestCaseExecutor.processExecutionPhase(TestCaseExecutor.java:412)
	at com.kms.katalon.core.main.TestCaseExecutor.accessMainPhase(TestCaseExecutor.java:404)
	at com.kms.katalon.core.main.TestCaseExecutor.execute(TestCaseExecutor.java:281)
	at com.kms.katalon.core.main.TestCaseExecutor.execute(TestCaseExecutor.java:363)
	at com.kms.katalon.core.main.TestCaseExecutor.execute(TestCaseExecutor.java:363)
	at com.kms.katalon.core.main.TestCaseExecutor.execute(TestCaseExecutor.java:363)
	at com.kms.katalon.core.main.TestSuiteExecutor.accessTestCaseMainPhase(TestSuiteExecutor.java:202)
	at com.kms.katalon.core.main.TestSuiteExecutor.accessTestSuiteMainPhase(TestSuiteExecutor.java:164)
	at com.kms.katalon.core.main.TestSuiteExecutor.execute(TestSuiteExecutor.java:105)
	at com.kms.katalon.core.main.TestCaseMain.startTestSuite(TestCaseMain.java:185)
	at com.kms.katalon.core.main.TestCaseMain$startTestSuite$0.call(Unknown Source)
	at TempTestSuite1650535250507.run(TempTestSuite1650535250507.groovy:36)


2022-04-21 15:14:58 - [TEST_STEP][FAILED] - tap(findTestObject("Permission Required/OK button"), 0): Failed to tap on element 'Object Repository/Permission Required/OK button' (Root cause: com.kms.katalon.core.exception.StepFailedException: Object Object Repository/Permission Required/OK button not found
	at com.kms.katalon.core.keyword.internal.KeywordMain.stepFailed(KeywordMain.groovy:50)
	at com.kms.katalon.core.mobile.keyword.internal.MobileKeywordMain.stepFailed(MobileKeywordMain.groovy:40)
	at com.kms.katalon.core.mobile.keyword.builtin.TapKeyword$_tap_closure1.doCall(TapKeyword.groovy:79)
	at com.kms.katalon.core.mobile.keyword.builtin.TapKeyword$_tap_closure1.call(TapKeyword.groovy)
	at com.kms.katalon.core.mobile.keyword.internal.MobileKeywordMain.runKeyword(MobileKeywordMain.groovy:21)
	at com.kms.katalon.core.mobile.keyword.builtin.TapKeyword.tap(TapKeyword.groovy:86)
	at com.kms.katalon.core.mobile.keyword.builtin.TapKeyword.execute(TapKeyword.groovy:68)
	at com.kms.katalon.core.keyword.internal.KeywordExecutor.executeKeywordForPlatform(KeywordExecutor.groovy:74)
	at com.kms.katalon.core.mobile.keyword.MobileBuiltInKeywords.tap(MobileBuiltInKeywords.groovy:1355)
	at com.kms.katalon.core.mobile.keyword.MobileBuiltInKeywords$tap$1.call(Unknown Source)
	at Permission required.run(Permission required:20)
	at com.kms.katalon.core.main.ScriptEngine.run(ScriptEngine.java:194)
	at com.kms.katalon.core.main.ScriptEngine.runScriptAsRawText(ScriptEngine.java:119)
	at com.kms.katalon.core.main.TestCaseExecutor.runScript(TestCaseExecutor.java:442)
	at com.kms.katalon.core.main.TestCaseExecutor.doExecute(TestCaseExecutor.java:433)
	at com.kms.katalon.core.main.TestCaseExecutor.processExecutionPhase(TestCaseExecutor.java:412)
	at com.kms.katalon.core.main.TestCaseExecutor.accessMainPhase(TestCaseExecutor.java:404)
	at com.kms.katalon.core.main.TestCaseExecutor.execute(TestCaseExecutor.java:281)
	at com.kms.katalon.core.main.TestCaseExecutor.execute(TestCaseExecutor.java:363)
	at com.kms.katalon.core.main.TestCaseExecutor.execute(TestCaseExecutor.java:363)
	at com.kms.katalon.core.main.TestCaseExecutor.execute(TestCaseExecutor.java:363)
	at com.kms.katalon.core.main.TestSuiteExecutor.accessTestCaseMainPhase(TestSuiteExecutor.java:202)
	at com.kms.katalon.core.main.TestSuiteExecutor.accessTestSuiteMainPhase(TestSuiteExecutor.java:164)
	at com.kms.katalon.core.main.TestSuiteExecutor.execute(TestSuiteExecutor.java:105)
	at com.kms.katalon.core.main.TestCaseMain.startTestSuite(TestCaseMain.java:185)
	at com.kms.katalon.core.main.TestCaseMain$startTestSuite$0.call(Unknown Source)
	at TempTestSuite1650535250507.run(TempTestSuite1650535250507.groovy:36)
)

2022-04-21 15:14:58 - [MESSAGE][WARNING] - Timeout '0' is invalid. Using default page load timeout: '30'

2022-04-21 15:15:32 - [MESSAGE][FAILED] - Object Object Repository/Permission Required/OK button not found
[[ATTACHMENT|C:\\Users\\Dev\\Katalon Studio\\SpotLove_Stagging\\Reports\\20220421_150050\\SpotLove Sanity\\20220421_150050\\1650536128934.png]]

2022-04-21 15:15:35 - [MESSAGE][FAILED] - Failed to tap on element 'Object Repository/Permission Required/OK button' (Root cause: com.kms.katalon.core.exception.StepFailedException: Object Object Repository/Permission Required/OK button not found
	at com.kms.katalon.core.keyword.internal.KeywordMain.stepFailed(KeywordMain.groovy:50)
	at com.kms.katalon.core.mobile.keyword.internal.MobileKeywordMain.stepFailed(MobileKeywordMain.groovy:40)
	at com.kms.katalon.core.mobile.keyword.builtin.TapKeyword$_tap_closure1.doCall(TapKeyword.groovy:79)
	at com.kms.katalon.core.mobile.keyword.builtin.TapKeyword$_tap_closure1.call(TapKeyword.groovy)
	at com.kms.katalon.core.mobile.keyword.internal.MobileKeywordMain.runKeyword(MobileKeywordMain.groovy:21)
	at com.kms.katalon.core.mobile.keyword.builtin.TapKeyword.tap(TapKeyword.groovy:86)
	at com.kms.katalon.core.mobile.keyword.builtin.TapKeyword.execute(TapKeyword.groovy:68)
	at com.kms.katalon.core.keyword.internal.KeywordExecutor.executeKeywordForPlatform(KeywordExecutor.groovy:74)
	at com.kms.katalon.core.mobile.keyword.MobileBuiltInKeywords.tap(MobileBuiltInKeywords.groovy:1355)
	at com.kms.katalon.core.mobile.keyword.MobileBuiltInKeywords$tap$1.call(Unknown Source)
	at Permission required.run(Permission required:20)
	at com.kms.katalon.core.main.ScriptEngine.run(ScriptEngine.java:194)
	at com.kms.katalon.core.main.ScriptEngine.runScriptAsRawText(ScriptEngine.java:119)
	at com.kms.katalon.core.main.TestCaseExecutor.runScript(TestCaseExecutor.java:442)
	at com.kms.katalon.core.main.TestCaseExecutor.doExecute(TestCaseExecutor.java:433)
	at com.kms.katalon.core.main.TestCaseExecutor.processExecutionPhase(TestCaseExecutor.java:412)
	at com.kms.katalon.core.main.TestCaseExecutor.accessMainPhase(TestCaseExecutor.java:404)
	at com.kms.katalon.core.main.TestCaseExecutor.execute(TestCaseExecutor.java:281)
	at com.kms.katalon.core.main.TestCaseExecutor.execute(TestCaseExecutor.java:363)
	at com.kms.katalon.core.main.TestCaseExecutor.execute(TestCaseExecutor.java:363)
	at com.kms.katalon.core.main.TestCaseExecutor.execute(TestCaseExecutor.java:363)
	at com.kms.katalon.core.main.TestSuiteExecutor.accessTestCaseMainPhase(TestSuiteExecutor.java:202)
	at com.kms.katalon.core.main.TestSuiteExecutor.accessTestSuiteMainPhase(TestSuiteExecutor.java:164)
	at com.kms.katalon.core.main.TestSuiteExecutor.execute(TestSuiteExecutor.java:105)
	at com.kms.katalon.core.main.TestCaseMain.startTestSuite(TestCaseMain.java:185)
	at com.kms.katalon.core.main.TestCaseMain$startTestSuite$0.call(Unknown Source)
	at TempTestSuite1650535250507.run(TempTestSuite1650535250507.groovy:36)
)
[[ATTACHMENT|C:\\Users\\Dev\\Katalon Studio\\SpotLove_Stagging\\Reports\\20220421_150050\\SpotLove Sanity\\20220421_150050\\1650536132293.png]]]]></system-out>
         <system-err><![CDATA[2022-04-21 15:14:58 - [TEST_CASE][FAILED] - Test Cases/testing/Permission required: Test Cases/testing/Permission required FAILED.
Reason:
com.kms.katalon.core.exception.StepFailedException: Object Object Repository/Permission Required/OK button not found
	at com.kms.katalon.core.keyword.internal.KeywordMain.stepFailed(KeywordMain.groovy:50)
	at com.kms.katalon.core.mobile.keyword.internal.MobileKeywordMain.stepFailed(MobileKeywordMain.groovy:40)
	at com.kms.katalon.core.mobile.keyword.builtin.TapKeyword$_tap_closure1.doCall(TapKeyword.groovy:79)
	at com.kms.katalon.core.mobile.keyword.builtin.TapKeyword$_tap_closure1.call(TapKeyword.groovy)
	at com.kms.katalon.core.mobile.keyword.internal.MobileKeywordMain.runKeyword(MobileKeywordMain.groovy:21)
	at com.kms.katalon.core.mobile.keyword.builtin.TapKeyword.tap(TapKeyword.groovy:86)
	at com.kms.katalon.core.mobile.keyword.builtin.TapKeyword.execute(TapKeyword.groovy:68)
	at com.kms.katalon.core.keyword.internal.KeywordExecutor.executeKeywordForPlatform(KeywordExecutor.groovy:74)
	at com.kms.katalon.core.mobile.keyword.MobileBuiltInKeywords.tap(MobileBuiltInKeywords.groovy:1355)
	at com.kms.katalon.core.mobile.keyword.MobileBuiltInKeywords$tap$1.call(Unknown Source)
	at Permission required.run(Permission required:20)
	at com.kms.katalon.core.main.ScriptEngine.run(ScriptEngine.java:194)
	at com.kms.katalon.core.main.ScriptEngine.runScriptAsRawText(ScriptEngine.java:119)
	at com.kms.katalon.core.main.TestCaseExecutor.runScript(TestCaseExecutor.java:442)
	at com.kms.katalon.core.main.TestCaseExecutor.doExecute(TestCaseExecutor.java:433)
	at com.kms.katalon.core.main.TestCaseExecutor.processExecutionPhase(TestCaseExecutor.java:412)
	at com.kms.katalon.core.main.TestCaseExecutor.accessMainPhase(TestCaseExecutor.java:404)
	at com.kms.katalon.core.main.TestCaseExecutor.execute(TestCaseExecutor.java:281)
	at com.kms.katalon.core.main.TestCaseExecutor.execute(TestCaseExecutor.java:363)
	at com.kms.katalon.core.main.TestCaseExecutor.execute(TestCaseExecutor.java:363)
	at com.kms.katalon.core.main.TestCaseExecutor.execute(TestCaseExecutor.java:363)
	at com.kms.katalon.core.main.TestSuiteExecutor.accessTestCaseMainPhase(TestSuiteExecutor.java:202)
	at com.kms.katalon.core.main.TestSuiteExecutor.accessTestSuiteMainPhase(TestSuiteExecutor.java:164)
	at com.kms.katalon.core.main.TestSuiteExecutor.execute(TestSuiteExecutor.java:105)
	at com.kms.katalon.core.main.TestCaseMain.startTestSuite(TestCaseMain.java:185)
	at com.kms.katalon.core.main.TestCaseMain$startTestSuite$0.call(Unknown Source)
	at TempTestSuite1650535250507.run(TempTestSuite1650535250507.groovy:36)]]></system-err>
      </testcase>
      <system-out><![CDATA[2022-04-21 15:01:11 - [TEST_SUITE][FAILED] - SpotLove Sanity: Test Cases/testing/Partner Start Info FAILED.
Reason:
com.kms.katalon.core.exception.StepFailedException: Object Object Repository/Have Fun Time/Now for the fun part  label text not found
	at com.kms.katalon.core.mobile.helper.MobileElementCommonHelper.findElementWithCheck(MobileElementCommonHelper.java:159)
	at com.kms.katalon.core.mobile.helper.MobileElementCommonHelper.checkElement(MobileElementCommonHelper.java:165)
	at com.kms.katalon.core.mobile.keyword.builtin.CheckElementKeyword$_checkElement_closure1.doCall(CheckElementKeyword.groovy:70)
	at com.kms.katalon.core.mobile.keyword.builtin.CheckElementKeyword$_checkElement_closure1.call(CheckElementKeyword.groovy)
	at com.kms.katalon.core.mobile.keyword.internal.MobileKeywordMain.runKeyword(MobileKeywordMain.groovy:21)
	at com.kms.katalon.core.mobile.keyword.builtin.CheckElementKeyword.checkElement(CheckElementKeyword.groovy:71)
	at com.kms.katalon.core.mobile.keyword.builtin.CheckElementKeyword.execute(CheckElementKeyword.groovy:64)
	at com.kms.katalon.core.keyword.internal.KeywordExecutor.executeKeywordForPlatform(KeywordExecutor.groovy:74)
	at com.kms.katalon.core.mobile.keyword.MobileBuiltInKeywords.checkElement(MobileBuiltInKeywords.groovy:2297)
	at com.kms.katalon.core.mobile.keyword.MobileBuiltInKeywords$checkElement$0.call(Unknown Source)
	at Partner Start Info.run(Partner Start Info:20)
	at com.kms.katalon.core.main.ScriptEngine.run(ScriptEngine.java:194)
	at com.kms.katalon.core.main.ScriptEngine.runScriptAsRawText(ScriptEngine.java:119)
	at com.kms.katalon.core.main.TestCaseExecutor.runScript(TestCaseExecutor.java:442)
	at com.kms.katalon.core.main.TestCaseExecutor.doExecute(TestCaseExecutor.java:433)
	at com.kms.katalon.core.main.TestCaseExecutor.processExecutionPhase(TestCaseExecutor.java:412)
	at com.kms.katalon.core.main.TestCaseExecutor.accessMainPhase(TestCaseExecutor.java:404)
	at com.kms.katalon.core.main.TestCaseExecutor.execute(TestCaseExecutor.java:281)
	at com.kms.katalon.core.main.TestSuiteExecutor.accessTestCaseMainPhase(TestSuiteExecutor.java:202)
	at com.kms.katalon.core.main.TestSuiteExecutor.accessTestSuiteMainPhase(TestSuiteExecutor.java:164)
	at com.kms.katalon.core.main.TestSuiteExecutor.execute(TestSuiteExecutor.java:105)
	at com.kms.katalon.core.main.TestCaseMain.startTestSuite(TestCaseMain.java:185)
	at com.kms.katalon.core.main.TestCaseMain$startTestSuite$0.call(Unknown Source)
	at TempTestSuite1650535250507.run(TempTestSuite1650535250507.groovy:36)]]></system-out>
      <system-err><![CDATA[2022-04-21 15:01:11 - [TEST_SUITE][FAILED] - SpotLove Sanity: Test Cases/testing/Partner Start Info FAILED.
Reason:
com.kms.katalon.core.exception.StepFailedException: Object Object Repository/Have Fun Time/Now for the fun part  label text not found
	at com.kms.katalon.core.mobile.helper.MobileElementCommonHelper.findElementWithCheck(MobileElementCommonHelper.java:159)
	at com.kms.katalon.core.mobile.helper.MobileElementCommonHelper.checkElement(MobileElementCommonHelper.java:165)
	at com.kms.katalon.core.mobile.keyword.builtin.CheckElementKeyword$_checkElement_closure1.doCall(CheckElementKeyword.groovy:70)
	at com.kms.katalon.core.mobile.keyword.builtin.CheckElementKeyword$_checkElement_closure1.call(CheckElementKeyword.groovy)
	at com.kms.katalon.core.mobile.keyword.internal.MobileKeywordMain.runKeyword(MobileKeywordMain.groovy:21)
	at com.kms.katalon.core.mobile.keyword.builtin.CheckElementKeyword.checkElement(CheckElementKeyword.groovy:71)
	at com.kms.katalon.core.mobile.keyword.builtin.CheckElementKeyword.execute(CheckElementKeyword.groovy:64)
	at com.kms.katalon.core.keyword.internal.KeywordExecutor.executeKeywordForPlatform(KeywordExecutor.groovy:74)
	at com.kms.katalon.core.mobile.keyword.MobileBuiltInKeywords.checkElement(MobileBuiltInKeywords.groovy:2297)
	at com.kms.katalon.core.mobile.keyword.MobileBuiltInKeywords$checkElement$0.call(Unknown Source)
	at Partner Start Info.run(Partner Start Info:20)
	at com.kms.katalon.core.main.ScriptEngine.run(ScriptEngine.java:194)
	at com.kms.katalon.core.main.ScriptEngine.runScriptAsRawText(ScriptEngine.java:119)
	at com.kms.katalon.core.main.TestCaseExecutor.runScript(TestCaseExecutor.java:442)
	at com.kms.katalon.core.main.TestCaseExecutor.doExecute(TestCaseExecutor.java:433)
	at com.kms.katalon.core.main.TestCaseExecutor.processExecutionPhase(TestCaseExecutor.java:412)
	at com.kms.katalon.core.main.TestCaseExecutor.accessMainPhase(TestCaseExecutor.java:404)
	at com.kms.katalon.core.main.TestCaseExecutor.execute(TestCaseExecutor.java:281)
	at com.kms.katalon.core.main.TestSuiteExecutor.accessTestCaseMainPhase(TestSuiteExecutor.java:202)
	at com.kms.katalon.core.main.TestSuiteExecutor.accessTestSuiteMainPhase(TestSuiteExecutor.java:164)
	at com.kms.katalon.core.main.TestSuiteExecutor.execute(TestSuiteExecutor.java:105)
	at com.kms.katalon.core.main.TestCaseMain.startTestSuite(TestCaseMain.java:185)
	at com.kms.katalon.core.main.TestCaseMain$startTestSuite$0.call(Unknown Source)
	at TempTestSuite1650535250507.run(TempTestSuite1650535250507.groovy:36)]]></system-err>
   </testsuite>
</testsuites>
